Log file open, 04/18/17 18:27:21
LogInit:Display: Running engine for game: Cursed_Blade
LogPlatformFile: Not using cached read wrapper
LogInit:Display: RandInit(-826738955) SRandInit(-826738955).
LogTaskGraph: Started task graph with 5 named threads and 7 total threads with 1 sets of task threads.
LogStats: Stats thread started at 0.103100
LogPluginManager: Loaded Plugin Paper2D, From C:/Program Files (x86)/Epic Games/4.14/Engine/Plugins/2D/Paper2D/Paper2D.uplugin
LogPluginManager: Loaded Plugin LightPropagationVolume, From C:/Program Files (x86)/Epic Games/4.14/Engine/Plugins/Blendables/LightPropagationVolume/LightPropagationVolume.uplugin
LogPluginManager: Loaded Plugin BlankPlugin, From C:/Program Files (x86)/Epic Games/4.14/Engine/Plugins/Developer/BlankPlugin/BlankPlugin.uplugin
LogPluginManager: Loaded Plugin CodeLiteSourceCodeAccess, From C:/Program Files (x86)/Epic Games/4.14/Engine/Plugins/Developer/CodeLiteSourceCodeAccess/CodeLiteSourceCodeAccess.uplugin
LogPluginManager: Loaded Plugin GitSourceControl, From C:/Program Files (x86)/Epic Games/4.14/Engine/Plugins/Developer/GitSourceControl/GitSourceControl.uplugin
LogPluginManager: Loaded Plugin KDevelopSourceCodeAccess, From C:/Program Files (x86)/Epic Games/4.14/Engine/Plugins/Developer/KDevelopSourceCodeAccess/KDevelopSourceCodeAccess.uplugin
LogPluginManager: Loaded Plugin NullSourceCodeAccess, From C:/Program Files (x86)/Epic Games/4.14/Engine/Plugins/Developer/NullSourceCodeAccess/NullSourceCodeAccess.uplugin
LogPluginManager: Loaded Plugin OneSkyLocalizationService, From C:/Program Files (x86)/Epic Games/4.14/Engine/Plugins/Developer/OneSkyLocalizationService/OneSkyLocalizationService.uplugin
LogPluginManager: Loaded Plugin PerforceSourceControl, From C:/Program Files (x86)/Epic Games/4.14/Engine/Plugins/Developer/PerforceSourceControl/PerforceSourceControl.uplugin
LogPluginManager: Loaded Plugin SubversionSourceControl, From C:/Program Files (x86)/Epic Games/4.14/Engine/Plugins/Developer/SubversionSourceControl/SubversionSourceControl.uplugin
LogPluginManager: Loaded Plugin UObjectPlugin, From C:/Program Files (x86)/Epic Games/4.14/Engine/Plugins/Developer/UObjectPlugin/UObjectPlugin.uplugin
LogPluginManager: Loaded Plugin VisualStudioSourceCodeAccess, From C:/Program Files (x86)/Epic Games/4.14/Engine/Plugins/Developer/VisualStudioSourceCodeAccess/VisualStudioSourceCodeAccess.uplugin
LogPluginManager: Loaded Plugin XCodeSourceCodeAccess, From C:/Program Files (x86)/Epic Games/4.14/Engine/Plugins/Developer/XCodeSourceCodeAccess/XCodeSourceCodeAccess.uplugin
LogPluginManager: Loaded Plugin AudioCapture, From C:/Program Files (x86)/Epic Games/4.14/Engine/Plugins/Editor/AudioCapture/AudioCapture.uplugin
LogPluginManager: Loaded Plugin EpicSurvey, From C:/Program Files (x86)/Epic Games/4.14/Engine/Plugins/Editor/EpicSurvey/EpicSurvey.uplugin
LogPluginManager: Loaded Plugin MacGraphicsSwitching, From C:/Program Files (x86)/Epic Games/4.14/Engine/Plugins/Editor/MacGraphicsSwitching/MacGraphicsSwitching.uplugin
LogPluginManager: Loaded Plugin MobileLauncherProfileWizard, From C:/Program Files (x86)/Epic Games/4.14/Engine/Plugins/Editor/MobileLauncherProfileWizard/MobileLauncherProfileWizard.uplugin
LogPluginManager: Loaded Plugin PluginBrowser, From C:/Program Files (x86)/Epic Games/4.14/Engine/Plugins/Editor/PluginBrowser/PluginBrowser.uplugin
LogPluginManager: Loaded Plugin SpeedTreeImporter, From C:/Program Files (x86)/Epic Games/4.14/Engine/Plugins/Editor/SpeedTreeImporter/SpeedTreeImporter.uplugin
LogPluginManager: Loaded Plugin SuperSearchEditor, From C:/Program Files (x86)/Epic Games/4.14/Engine/Plugins/Editor/SuperSearchEditor/SuperSearchEditor.uplugin
LogPluginManager: Loaded Plugin AlembicImporter, From C:/Program Files (x86)/Epic Games/4.14/Engine/Plugins/Experimental/AlembicImporter/AlembicImporter.uplugin
LogPluginManager: Loaded Plugin BlueprintStats, From C:/Program Files (x86)/Epic Games/4.14/Engine/Plugins/Experimental/BlueprintStats/BlueprintStats.uplugin
LogPluginManager: Loaded Plugin CharacterAI, From C:/Program Files (x86)/Epic Games/4.14/Engine/Plugins/Experimental/CharacterAI/CharacterAI.uplugin
LogPluginManager: Loaded Plugin CodeEditor, From C:/Program Files (x86)/Epic Games/4.14/Engine/Plugins/Experimental/CodeEditor/CodeEditor.uplugin
LogPluginManager: Loaded Plugin CodeView, From C:/Program Files (x86)/Epic Games/4.14/Engine/Plugins/Experimental/CodeView/CodeView.uplugin
LogPluginManager: Loaded Plugin HTML5Networking, From C:/Program Files (x86)/Epic Games/4.14/Engine/Plugins/Experimental/HTML5Networking/HTML5Networking.uplugin
LogPluginManager: Loaded Plugin OSVR, From C:/Program Files (x86)/Epic Games/4.14/Engine/Plugins/Experimental/OSVR/OSVR.uplugin
LogPluginManager: Loaded Plugin Phya, From C:/Program Files (x86)/Epic Games/4.14/Engine/Plugins/Experimental/Phya/Phya.uplugin
LogPluginManager: Loaded Plugin SignificanceManager, From C:/Program Files (x86)/Epic Games/4.14/Engine/Plugins/Experimental/SignificanceManager/SignificanceManager.uplugin
LogPluginManager: Loaded Plugin SimpleHMD, From C:/Program Files (x86)/Epic Games/4.14/Engine/Plugins/Experimental/SimpleHMD/SimpleHMD.uplugin
LogPluginManager: Loaded Plugin StereoPanorama, From C:/Program Files (x86)/Epic Games/4.14/Engine/Plugins/Experimental/StereoPanorama/StereoPanorama.uplugin
LogPluginManager: Loaded Plugin StructBox, From C:/Program Files (x86)/Epic Games/4.14/Engine/Plugins/Experimental/StructBox/StructBox.uplugin
LogPluginManager: Loaded Plugin AndroidMedia, From C:/Program Files (x86)/Epic Games/4.14/Engine/Plugins/Media/AndroidMedia/AndroidMedia.uplugin
LogPluginManager: Loaded Plugin AvfMedia, From C:/Program Files (x86)/Epic Games/4.14/Engine/Plugins/Media/AvfMedia/AvfMedia.uplugin
LogPluginManager: Loaded Plugin MediaPlayerEditor, From C:/Program Files (x86)/Epic Games/4.14/Engine/Plugins/Media/MediaPlayerEditor/MediaPlayerEditor.uplugin
LogPluginManager: Loaded Plugin WmfMedia, From C:/Program Files (x86)/Epic Games/4.14/Engine/Plugins/Media/WmfMedia/WmfMedia.uplugin
LogPluginManager: Loaded Plugin MessagingDebugger, From C:/Program Files (x86)/Epic Games/4.14/Engine/Plugins/Messaging/MessagingDebugger/MessagingDebugger.uplugin
LogPluginManager: Loaded Plugin TcpMessaging, From C:/Program Files (x86)/Epic Games/4.14/Engine/Plugins/Messaging/TcpMessaging/TcpMessaging.uplugin
LogPluginManager: Loaded Plugin UdpMessaging, From C:/Program Files (x86)/Epic Games/4.14/Engine/Plugins/Messaging/UdpMessaging/UdpMessaging.uplugin
LogPluginManager: Loaded Plugin LevelSequenceEditor, From C:/Program Files (x86)/Epic Games/4.14/Engine/Plugins/MovieScene/LevelSequenceEditor/LevelSequenceEditor.uplugin
LogPluginManager: Loaded Plugin MatineeToLevelSequence, From C:/Program Files (x86)/Epic Games/4.14/Engine/Plugins/MovieScene/MatineeToLevelSequence/MatineeToLevelSequence.uplugin
LogPluginManager: Loaded Plugin NetcodeUnitTest, From C:/Program Files (x86)/Epic Games/4.14/Engine/Plugins/NetcodeUnitTest/NetcodeUnitTest/NetcodeUnitTest.uplugin
LogPluginManager: Loaded Plugin NUTUnrealEngine4, From C:/Program Files (x86)/Epic Games/4.14/Engine/Plugins/NetcodeUnitTest/NUTUnrealEngine4/NUTUnrealEngine4.uplugin
LogPluginManager: Loaded Plugin OnlineSubsystemGameCircle, From C:/Program Files (x86)/Epic Games/4.14/Engine/Plugins/Online/Android/OnlineSubsystemGameCircle/OnlineSubsystemGameCircle.uplugin
LogPluginManager: Loaded Plugin OnlineSubsystemGooglePlay, From C:/Program Files (x86)/Epic Games/4.14/Engine/Plugins/Online/Android/OnlineSubsystemGooglePlay/OnlineSubsystemGooglePlay.uplugin
LogPluginManager: Loaded Plugin OnlineSubsystemIOS, From C:/Program Files (x86)/Epic Games/4.14/Engine/Plugins/Online/IOS/OnlineSubsystemIOS/OnlineSubsystemIOS.uplugin
LogPluginManager: Loaded Plugin OnlineFramework, From C:/Program Files (x86)/Epic Games/4.14/Engine/Plugins/Online/OnlineFramework/OnlineFramework.uplugin
LogPluginManager: Loaded Plugin OnlineSubsystem, From C:/Program Files (x86)/Epic Games/4.14/Engine/Plugins/Online/OnlineSubsystem/OnlineSubsystem.uplugin
LogPluginManager: Loaded Plugin OnlineSubsystemAmazon, From C:/Program Files (x86)/Epic Games/4.14/Engine/Plugins/Online/OnlineSubsystemAmazon/OnlineSubsystemAmazon.uplugin
LogPluginManager: Loaded Plugin OnlineSubsystemFacebook, From C:/Program Files (x86)/Epic Games/4.14/Engine/Plugins/Online/OnlineSubsystemFacebook/OnlineSubsystemFacebook.uplugin
LogPluginManager: Loaded Plugin OnlineSubsystemNull, From C:/Program Files (x86)/Epic Games/4.14/Engine/Plugins/Online/OnlineSubsystemNull/OnlineSubsystemNull.uplugin
LogPluginManager: Loaded Plugin OnlineSubsystemOculus, From C:/Program Files (x86)/Epic Games/4.14/Engine/Plugins/Online/OnlineSubsystemOculus/OnlineSubsystemOculus.uplugin
LogPluginManager: Loaded Plugin OnlineSubsystemSteam, From C:/Program Files (x86)/Epic Games/4.14/Engine/Plugins/Online/OnlineSubsystemSteam/OnlineSubsystemSteam.uplugin
LogPluginManager: Loaded Plugin OnlineSubsystemUtils, From C:/Program Files (x86)/Epic Games/4.14/Engine/Plugins/Online/OnlineSubsystemUtils/OnlineSubsystemUtils.uplugin
LogPluginManager: Loaded Plugin IOSTapJoy, From C:/Program Files (x86)/Epic Games/4.14/Engine/Plugins/Runtime/Advertising/IOSTapJoy/IOSTapJoy.uplugin
LogPluginManager: Loaded Plugin AnalyticsBlueprintLibrary, From C:/Program Files (x86)/Epic Games/4.14/Engine/Plugins/Runtime/Analytics/AnalyticsBlueprintLibrary/AnalyticsBlueprintLibrary.uplugin
LogPluginManager: Loaded Plugin AnalyticsMulticast, From C:/Program Files (x86)/Epic Games/4.14/Engine/Plugins/Runtime/Analytics/AnalyticsMulticast/AnalyticsMulticast.uplugin
LogPluginManager: Loaded Plugin Apsalar, From C:/Program Files (x86)/Epic Games/4.14/Engine/Plugins/Runtime/Analytics/Apsalar/Apsalar.uplugin
LogPluginManager: Loaded Plugin FileLogging, From C:/Program Files (x86)/Epic Games/4.14/Engine/Plugins/Runtime/Analytics/FileLogging/FileLogging.uplugin
LogPluginManager: Loaded Plugin Flurry, From C:/Program Files (x86)/Epic Games/4.14/Engine/Plugins/Runtime/Analytics/Flurry/Flurry.uplugin
LogPluginManager: Loaded Plugin AndroidDeviceProfileSelector, From C:/Program Files (x86)/Epic Games/4.14/Engine/Plugins/Runtime/AndroidDeviceProfileSelector/AndroidDeviceProfileSelector.uplugin
LogPluginManager: Loaded Plugin AndroidMoviePlayer, From C:/Program Files (x86)/Epic Games/4.14/Engine/Plugins/Runtime/AndroidMoviePlayer/AndroidMoviePlayer.uplugin
LogPluginManager: Loaded Plugin AppleMoviePlayer, From C:/Program Files (x86)/Epic Games/4.14/Engine/Plugins/Runtime/AppleMoviePlayer/AppleMoviePlayer.uplugin
LogPluginManager: Loaded Plugin ArchVisCharacter, From C:/Program Files (x86)/Epic Games/4.14/Engine/Plugins/Runtime/ArchVisCharacter/ArchVisCharacter.uplugin
LogPluginManager: Loaded Plugin CableComponent, From C:/Program Files (x86)/Epic Games/4.14/Engine/Plugins/Runtime/CableComponent/CableComponent.uplugin
LogPluginManager: Loaded Plugin CustomMeshComponent, From C:/Program Files (x86)/Epic Games/4.14/Engine/Plugins/Runtime/CustomMeshComponent/CustomMeshComponent.uplugin
LogPluginManager: Loaded Plugin ExampleDeviceProfileSelector, From C:/Program Files (x86)/Epic Games/4.14/Engine/Plugins/Runtime/ExampleDeviceProfileSelector/ExampleDeviceProfileSelector.uplugin
LogPluginManager: Loaded Plugin GearVR, From C:/Program Files (x86)/Epic Games/4.14/Engine/Plugins/Runtime/GearVR/GearVR.uplugin
LogPluginManager: Loaded Plugin GoogleVRController, From C:/Program Files (x86)/Epic Games/4.14/Engine/Plugins/Runtime/GoogleVR/GoogleVRController/GoogleVRController.uplugin
LogPluginManager: Loaded Plugin GoogleVRHMD, From C:/Program Files (x86)/Epic Games/4.14/Engine/Plugins/Runtime/GoogleVR/GoogleVRHMD/GoogleVRHMD.uplugin
LogPluginManager: Loaded Plugin IOSDeviceProfileSelector, From C:/Program Files (x86)/Epic Games/4.14/Engine/Plugins/Runtime/IOSDeviceProfileSelector/IOSDeviceProfileSelector.uplugin
LogPluginManager: Loaded Plugin LeapMotion, From C:/Program Files (x86)/Epic Games/4.14/Engine/Plugins/Runtime/LeapMotion/LeapMotion.uplugin
LogPluginManager: Loaded Plugin LinuxDeviceProfileSelector, From C:/Program Files (x86)/Epic Games/4.14/Engine/Plugins/Runtime/LinuxDeviceProfileSelector/LinuxDeviceProfileSelector.uplugin
LogPluginManager: Loaded Plugin MIDIDevice, From C:/Program Files (x86)/Epic Games/4.14/Engine/Plugins/Runtime/MIDIDevice/MIDIDevice.uplugin
LogPluginManager: Loaded Plugin MobilePatchingUtils, From C:/Program Files (x86)/Epic Games/4.14/Engine/Plugins/Runtime/MobilePatchingUtils/MobilePatchingUtils.uplugin
LogPluginManager: Loaded Plugin Ansel, From C:/Program Files (x86)/Epic Games/4.14/Engine/Plugins/Runtime/Nvidia/Ansel/Ansel.uplugin
LogPluginManager: Loaded Plugin OculusAudio, From C:/Program Files (x86)/Epic Games/4.14/Engine/Plugins/Runtime/OculusAudio/OculusAudio.uplugin
LogPluginManager: Loaded Plugin OculusInput, From C:/Program Files (x86)/Epic Games/4.14/Engine/Plugins/Runtime/OculusInput/OculusInput.uplugin
LogPluginManager: Loaded Plugin OculusLibrary, From C:/Program Files (x86)/Epic Games/4.14/Engine/Plugins/Runtime/OculusLibrary/OculusLibrary.uplugin
LogPluginManager: Loaded Plugin OculusRift, From C:/Program Files (x86)/Epic Games/4.14/Engine/Plugins/Runtime/OculusRift/OculusRift.uplugin
LogPluginManager: Loaded Plugin Oodle, From C:/Program Files (x86)/Epic Games/4.14/Engine/Plugins/Runtime/PacketHandlers/CompressionComponents/Oodle/Oodle.uplugin
LogPluginManager: Loaded Plugin ProceduralMeshComponent, From C:/Program Files (x86)/Epic Games/4.14/Engine/Plugins/Runtime/ProceduralMeshComponent/ProceduralMeshComponent.uplugin
LogPluginManager: Loaded Plugin SoundMod, From C:/Program Files (x86)/Epic Games/4.14/Engine/Plugins/Runtime/SoundMod/SoundMod.uplugin
LogPluginManager: Loaded Plugin SoundVisualizations, From C:/Program Files (x86)/Epic Games/4.14/Engine/Plugins/Runtime/SoundVisualizations/SoundVisualizations.uplugin
LogPluginManager: Loaded Plugin SteamController, From C:/Program Files (x86)/Epic Games/4.14/Engine/Plugins/Runtime/Steam/SteamController/SteamController.uplugin
LogPluginManager: Loaded Plugin SteamVR, From C:/Program Files (x86)/Epic Games/4.14/Engine/Plugins/Runtime/Steam/SteamVR/SteamVR.uplugin
LogPluginManager: Loaded Plugin WebBrowserWidget, From C:/Program Files (x86)/Epic Games/4.14/Engine/Plugins/Runtime/WebBrowserWidget/WebBrowserWidget.uplugin
LogPluginManager: Loaded Plugin WindowsDeviceProfileSelector, From C:/Program Files (x86)/Epic Games/4.14/Engine/Plugins/Runtime/WindowsDeviceProfileSelector/WindowsDeviceProfileSelector.uplugin
LogPluginManager: Loaded Plugin WindowsMoviePlayer, From C:/Program Files (x86)/Epic Games/4.14/Engine/Plugins/Runtime/WindowsMoviePlayer/WindowsMoviePlayer.uplugin
LogPluginManager: Loaded Plugin ScriptPlugin, From C:/Program Files (x86)/Epic Games/4.14/Engine/Plugins/ScriptPlugin/ScriptPlugin.uplugin
LogPluginManager: Loaded Plugin SlateRemote, From C:/Program Files (x86)/Epic Games/4.14/Engine/Plugins/Slate/SlateRemote/SlateRemote.uplugin
LogPluginManager: Loaded Plugin EditorTests, From C:/Program Files (x86)/Epic Games/4.14/Engine/Plugins/Tests/EditorTests/EditorTests.uplugin
LogPluginManager: Loaded Plugin FbxAutomationTestBuilder, From C:/Program Files (x86)/Epic Games/4.14/Engine/Plugins/Tests/FbxAutomationTestBuilder/FbxAutomationTestBuilder.uplugin
LogPluginManager: Loaded Plugin FunctionalTestingEditor, From C:/Program Files (x86)/Epic Games/4.14/Engine/Plugins/Tests/FunctionalTestingEditor/FunctionalTestingEditor.uplugin
LogPluginManager: Loaded Plugin RuntimeTests, From C:/Program Files (x86)/Epic Games/4.14/Engine/Plugins/Tests/RuntimeTests/RuntimeTests.uplugin
LogPluginManager: Loaded Plugin ScreenshotTools, From C:/Program Files (x86)/Epic Games/4.14/Engine/Plugins/Tests/ScreenshotTools/ScreenshotTools.uplugin
LogInit: Using libcurl 7.47.1
LogInit:  - built for x86_64-pc-win32
LogInit:  - supports SSL with OpenSSL/1.0.2g
LogInit:  - supports HTTP deflate (compression) using libz 1.2.8
LogInit:  - other features:
LogInit:      CURL_VERSION_SSL
LogInit:      CURL_VERSION_LIBZ
LogInit:      CURL_VERSION_IPV6
LogInit:      CURL_VERSION_ASYNCHDNS
LogInit:      CURL_VERSION_LARGEFILE
LogInit:      CURL_VERSION_IDN
LogInit:  CurlRequestOptions (configurable via config and command line):
LogInit:  - bVerifyPeer = false  - Libcurl will NOT verify peer certificate
LogInit:  - bUseHttpProxy = false  - Libcurl will NOT use HTTP proxy
LogInit:  - bDontReuseConnections = false  - Libcurl will reuse connections
LogInit:  - CertBundlePath = nullptr  - Libcurl will use whatever was configured at build time.
LogInit: Build: ++UE4+Release-4.14-CL-3249277
LogInit: Engine Version: 4.14.3-3249277+++UE4+Release-4.14
LogInit: Compatible Engine Version: 4.14.0-3195953+++UE4+Release-4.14
LogInit: Net CL: 3195953
LogDevObjectVersion: Number of dev versions registered: 13
LogDevObjectVersion:   Dev-Blueprints (B0D832E4-1F89-4F0D-ACCF-7EB736FD4AA2): 7
LogDevObjectVersion:   Dev-Build (E1C64328-A22C-4D53-A36C-8E866417BD8C): 0
LogDevObjectVersion:   Dev-Core (375EC13C-06E4-48FB-B500-84F0262A717E): 1
LogDevObjectVersion:   Dev-Editor (E4B068ED-F494-42E9-A231-DA0B2E46BB41): 8
LogDevObjectVersion:   Dev-Framework (CFFC743F-43B0-4480-9391-14DF171D2073): 17
LogDevObjectVersion:   Dev-Mobile (B02B49B5-BB20-44E9-A304-32B752E40360): 0
LogDevObjectVersion:   Dev-Networking (A4E4105C-59A1-49B5-A7C5-40C4547EDFEE): 0
LogDevObjectVersion:   Dev-Online (39C831C9-5AE6-47DC-9A44-9C173E1C8E7C): 0
LogDevObjectVersion:   Dev-Physics (78F01B33-EBEA-4F98-B9B4-84EACCB95AA2): 0
LogDevObjectVersion:   Dev-Platform (6631380F-2D4D-43E0-8009-CF276956A95A): 0
LogDevObjectVersion:   Dev-Rendering (12F88B9F-8875-4AFC-A67C-D90C383ABD29): 12
LogDevObjectVersion:   Dev-Sequencer (7B5AE74C-D270-4C10-A958-57980B212A5A): 1
LogDevObjectVersion:   Dev-VR (D7296918-1DD6-4BDD-9DE2-64A83CC13884): 0
LogInit: Compiled (64-bit): Jan  6 2017 10:49:43
LogInit: Compiled with Visual C++: 19.00.23026.00
LogInit: Build Configuration: Development
LogInit: Branch Name: ++UE4+Release-4.14
LogInit: Command line: 
LogInit: Base directory: C:/Program Files (x86)/Epic Games/4.14/Engine/Binaries/Win64/
LogInit: Installed Engine Build: 1
LogInit: Presizing for max 8388607 objects, including 0 objects not considered by GC, pre-allocating 0 bytes for permanent pool.
LogInit: Object subsystem initialized
[2017.04.18-22.27.22:010][  0]LogInit: Selected Device Profile: [Windows]
[2017.04.18-22.27.22:010][  0]LogInit: Applying CVar settings loaded from the selected device profile: [Windows]
[2017.04.18-22.27.22:028][  0]LogInit: Computer: STEVEN-DESKTOP
[2017.04.18-22.27.22:028][  0]LogInit: User: Steven
[2017.04.18-22.27.22:028][  0]LogInit: CPU Page size=65536, Cores=3
[2017.04.18-22.27.22:028][  0]LogInit: High frequency timer resolution =3.433380 MHz
[2017.04.18-22.27.22:028][  0]LogMemory: Memory total: Physical=8.0GB (8GB approx)
[2017.04.18-22.27.22:028][  0]LogMemory: Platform Memory Stats for Windows
[2017.04.18-22.27.22:028][  0]LogMemory: Process Physical Memory: 264.43 MB used, 264.43 MB peak
[2017.04.18-22.27.22:028][  0]LogMemory: Process Virtual Memory: 262.38 MB used, 262.38 MB peak
[2017.04.18-22.27.22:028][  0]LogMemory: Physical Memory: 4789.53 MB used,  3384.59 MB free, 8174.11 MB total
[2017.04.18-22.27.22:028][  0]LogMemory: Virtual Memory: 661.57 MB used,  3384.59 MB free, 134217728.00 MB total
[2017.04.18-22.27.22:074][  0]LogTextLocalizationManager: No specific translations for ('en-US') exist, so ('en') translations will be used.
[2017.04.18-22.27.23:230][  0]LogD3D11RHI: D3D11 adapters:
[2017.04.18-22.27.23:823][  0]LogD3D11RHI:    0. 'NVIDIA GeForce GTX 750 Ti' (Feature Level 11_0)
[2017.04.18-22.27.23:823][  0]LogD3D11RHI:       2017/0/4087 MB DedicatedVideo/DedicatedSystem/SharedSystem, Outputs:3, VendorId:0x10de
[2017.04.18-22.27.23:827][  0]LogD3D11RHI:    1. 'Microsoft Basic Render Driver' (Feature Level 11_0)
[2017.04.18-22.27.23:827][  0]LogD3D11RHI:       0/0/4087 MB DedicatedVideo/DedicatedSystem/SharedSystem, Outputs:0, VendorId:0x1414
[2017.04.18-22.27.23:827][  0]LogD3D11RHI: Chosen D3D11 Adapter: 0
[2017.04.18-22.27.23:836][  0]LogD3D11RHI: Creating new Direct3DDevice
[2017.04.18-22.27.23:836][  0]LogD3D11RHI:     GPU DeviceId: 0x1380 (for the marketing name, search the web for "GPU Device Id")
[2017.04.18-22.27.23:836][  0]LogWindows: EnumDisplayDevices:
[2017.04.18-22.27.23:837][  0]LogWindows:    0. 'NVIDIA GeForce GTX 750 Ti' (P:1 D:1)
[2017.04.18-22.27.23:837][  0]LogWindows:    1. 'NVIDIA GeForce GTX 750 Ti' (P:0 D:1)
[2017.04.18-22.27.23:837][  0]LogWindows:    2. 'NVIDIA GeForce GTX 750 Ti' (P:0 D:1)
[2017.04.18-22.27.23:838][  0]LogWindows:    3. 'NVIDIA GeForce GTX 750 Ti' (P:0 D:0)
[2017.04.18-22.27.23:838][  0]LogWindows: DebugString: FoundDriverCount:4 
[2017.04.18-22.27.23:838][  0]LogD3D11RHI:     Adapter Name: NVIDIA GeForce GTX 750 Ti
[2017.04.18-22.27.23:838][  0]LogD3D11RHI:   Driver Version: 381.65 (internal:22.21.13.8165, unified:381.65)
[2017.04.18-22.27.23:838][  0]LogD3D11RHI:      Driver Date: 3-31-2017
[2017.04.18-22.27.23:838][  0]LogRHI: Texture pool is 1361 MB (70% of 1945 MB)
[2017.04.18-22.27.24:421][  0]LogD3D11RHI: Async texture creation enabled
[2017.04.18-22.27.24:687][  0]LogD3D11RHI: GPU Timing Frequency: 1000.000000 (Debug: 2 1)
[2017.04.18-22.27.24:689][  0]LogShaderCompilers: Guid format shader working directory is -42 characters bigger than the processId version (D:/Steven/OneDrive - umich.edu/CIS/CIS 488/Github Repository/TheCursedBlade/Cursed_Blade/Intermediate/Shaders/WorkingDirectory/11096/).
[2017.04.18-22.27.24:689][  0]LogShaderCompilers: Cleaned the shader compiler working directory 'C:/Users/Steven/AppData/Local/Temp/UnrealShaderWorkingDir/642E3A204C86B67561BCEB98387D1C25/'.
[2017.04.18-22.27.24:689][  0]LogShaderCompilers:Display: Using Local Shader Compiler.
[2017.04.18-22.27.26:716][  0]LogTemp:Display: Loaded TP AllDesktopTargetPlatform
[2017.04.18-22.27.26:885][  0]LogTemp:Display: Loaded TP MacClientTargetPlatform
[2017.04.18-22.27.27:060][  0]LogTemp:Display: Loaded TP MacNoEditorTargetPlatform
[2017.04.18-22.27.27:231][  0]LogTemp:Display: Loaded TP MacServerTargetPlatform
[2017.04.18-22.27.27:395][  0]LogTemp:Display: Loaded TP MacTargetPlatform
[2017.04.18-22.27.27:552][  0]LogTemp:Display: Loaded TP WindowsClientTargetPlatform
[2017.04.18-22.27.27:706][  0]LogTemp:Display: Loaded TP WindowsNoEditorTargetPlatform
[2017.04.18-22.27.27:860][  0]LogTemp:Display: Loaded TP WindowsServerTargetPlatform
[2017.04.18-22.27.27:997][  0]LogTemp:Display: Loaded TP WindowsTargetPlatform
[2017.04.18-22.27.28:148][  0]LogTemp:Display: Loaded TP AndroidTargetPlatform
[2017.04.18-22.27.28:303][  0]LogTemp:Display: Loaded TP Android_ASTCTargetPlatform
[2017.04.18-22.27.28:453][  0]LogTemp:Display: Loaded TP Android_ATCTargetPlatform
[2017.04.18-22.27.28:604][  0]LogTemp:Display: Loaded TP Android_DXTTargetPlatform
[2017.04.18-22.27.28:754][  0]LogTemp:Display: Loaded TP Android_ETC1TargetPlatform
[2017.04.18-22.27.28:911][  0]LogTemp:Display: Loaded TP Android_ETC2TargetPlatform
[2017.04.18-22.27.29:222][  0]LogTemp:Display: Loaded TP Android_MultiTargetPlatform
[2017.04.18-22.27.29:222][  0]LogTemp:Display: Loaded TP Android_PVRTCTargetPlatform
[2017.04.18-22.27.29:349][  0]LogTemp:Display: Loaded TP HTML5TargetPlatform
[2017.04.18-22.27.29:572][  0]LogTemp:Display: Loaded TP IOSTargetPlatform
[2017.04.18-22.27.29:643][  0]LogTemp:Display: Loaded TP TVOSTargetPlatform
[2017.04.18-22.27.29:792][  0]LogTemp:Display: Loaded TP LinuxClientTargetPlatform
[2017.04.18-22.27.29:942][  0]LogTemp:Display: Loaded TP LinuxNoEditorTargetPlatform
[2017.04.18-22.27.30:095][  0]LogTemp:Display: Loaded TP LinuxServerTargetPlatform
[2017.04.18-22.27.30:246][  0]LogTemp:Display: Loaded TP LinuxTargetPlatform
[2017.04.18-22.27.30:246][  0]LogTargetPlatformManager:Display: Building Assets For Windows
[2017.04.18-22.27.31:153][  0]LogDerivedDataCache:Display: Max Cache Size: 512 MB
[2017.04.18-22.27.31:246][  0]LogDerivedDataCache: Loaded boot cache 0.09s 50MB C:/Users/Steven/AppData/Local/UnrealEngine/4.14/DerivedDataCache/Boot.ddc.
[2017.04.18-22.27.31:246][  0]LogDerivedDataCache:Display: Loaded Boot cache: C:/Users/Steven/AppData/Local/UnrealEngine/4.14/DerivedDataCache/Boot.ddc
[2017.04.18-22.27.31:246][  0]LogDerivedDataCache: FDerivedDataBackendGraph:  Pak pak cache file D:/Steven/OneDrive - umich.edu/CIS/CIS 488/Github Repository/TheCursedBlade/Cursed_Blade/DerivedDataCache/DDC.ddp not found, will not use a pak cache.
[2017.04.18-22.27.31:246][  0]LogDerivedDataCache: Unable to find inner node Pak for hierarchical cache Hierarchy.
[2017.04.18-22.27.31:247][  0]LogDerivedDataCache: FDerivedDataBackendGraph:  CompressedPak pak cache file D:/Steven/OneDrive - umich.edu/CIS/CIS 488/Github Repository/TheCursedBlade/Cursed_Blade/DerivedDataCache/Compressed.ddp not found, will not use a pak cache.
[2017.04.18-22.27.31:247][  0]LogDerivedDataCache: Unable to find inner node CompressedPak for hierarchical cache Hierarchy.
[2017.04.18-22.27.31:267][  0]LogDerivedDataCache:Display: Pak cache opened for reading ../../../Engine/DerivedDataCache/Compressed.ddp.
[2017.04.18-22.27.31:281][  0]LogDerivedDataCache: Using Local data cache path C:/Users/Steven/AppData/Local/UnrealEngine/Common/DerivedDataCache: Writable
[2017.04.18-22.27.31:674][  0]LogInit: Selected Device Profile: [Windows]
[2017.04.18-22.27.31:678][  0]LogContentStreaming: Texture pool size is 0.00 MB
[2017.04.18-22.27.32:082][  0]LogMeshUtilities: Using QuadricMeshReduction for automatic static mesh reduction
[2017.04.18-22.27.32:202][  0]LogSimplygon: Simplygon DLL not present - disabling.
[2017.04.18-22.27.32:338][  0]LogMeshUtilities: Using SimplygonSwarm for distributed automatic mesh merging
[2017.04.18-22.27.32:338][  0]LogMeshUtilities: No automatic skeletal mesh reduction module available
[2017.04.18-22.27.32:338][  0]LogMeshUtilities: No automatic mesh merging module available
[2017.04.18-22.27.33:286][  0]LogNetVersion: GetLocalNetworkVersion: CL: 3195953, ProjectName: cursed_blade, ProjectVersion: , EngineNetworkVersion: 2, GameNetworkVersion: 0, NetworkChecksum: 3550933385
[2017.04.18-22.27.33:372][  0]LogAssetRegistry: FAssetRegistry took 0.0216 seconds to start up
[2017.04.18-22.27.33:488][  0]LogPackageLocalizationCache: Processed 3 localized package path(s) for 2 prioritized culture(s) in 0.064176 seconds
[2017.04.18-22.27.33:497][  0]LogUObjectArray: 31946 objects as part of root set at end of initial load.
[2017.04.18-22.27.33:497][  0]LogUObjectAllocator: 6935848 out of 0 bytes used by permanent object pool.
[2017.04.18-22.27.33:497][  0]LogUObjectArray: CloseDisregardForGC: 0/0 objects in disregard for GC pool
[2017.04.18-22.27.33:657][  0]LogInit: WinSock: version 1.1 (2.2), MaxSocks=32767, MaxUdp=65467
[2017.04.18-22.27.35:625][  0]LogSlate: Using Freetype 2.6.0
[2017.04.18-22.27.35:627][  0]LogSlate: SlateFontCache - WITH_FREETYPE: 1, WITH_HARFBUZZ: 1
[2017.04.18-22.27.35:627][  0]LogSlate: SlateFontCache - WITH_FREETYPE: 1, WITH_HARFBUZZ: 1
[2017.04.18-22.27.37:342][  0]LogTcpMessaging: Initializing TcpMessaging bridge
[2017.04.18-22.27.37:417][  0]LogUdpMessaging: Initializing bridge on interface 0.0.0.0:0 to multicast group 230.0.0.1:6666.
[2017.04.18-22.27.38:139][  0]LogMaterial: Uniform references updated for custom material expression Custom.
[2017.04.18-22.27.39:123][  0]SourceControl: Info Source control is disabled
[2017.04.18-22.27.39:126][  0]SourceControl: Info Source control is disabled
[2017.04.18-22.27.39:262][  0]SourceControl: Info Source control is disabled
[2017.04.18-22.27.39:407][  0]SourceControl: Info Source control is disabled
[2017.04.18-22.27.42:864][  0]LogEngine: Initializing Engine...
[2017.04.18-22.27.42:865][  0]LogHMD: Failed to initialize OpenVR with code 110
[2017.04.18-22.27.43:393][  0]LogAIModule: Creating AISystem for world Untitled
[2017.04.18-22.27.43:429][  0]LogInit: XAudio2 using 'Headphones (Ausdom M06 Stereo)' : 2 channels at 44.1 kHz using 16 bits per sample (channel mask 0x3)
[2017.04.18-22.27.43:447][  0]LogInit: FAudioDevice initialized.
[2017.04.18-22.27.43:501][  0]LogDerivedDataCache: Saved boot cache 0.05s 50MB C:/Users/Steven/AppData/Local/UnrealEngine/4.14/DerivedDataCache/Boot.ddc.
[2017.04.18-22.27.43:514][  0]LogInit: Texture streaming: Enabled
[2017.04.18-22.27.43:951][  0]LogInit: Transaction tracking system initialized
[2017.04.18-22.27.44:908][  0]BlueprintLog: New page: Editor Load
[2017.04.18-22.27.47:238][  0]LocalizationService: Info Localization service is disabled
[2017.04.18-22.27.48:985][  0]LogConsoleResponse:Display: 
[2017.04.18-22.27.49:248][  0]LogCook:Display: Max memory allowance for cook 16384mb min free memory 0mb
[2017.04.18-22.27.49:248][  0]LogCook:Display: Mobile HDR setting 1
[2017.04.18-22.27.49:890][  0]LogFileCache: Scanning file cache for directory 'D:/Steven/OneDrive - umich.edu/CIS/CIS 488/Github Repository/TheCursedBlade/Cursed_Blade/Content/' took 0.09s
[2017.04.18-22.27.52:118][  0]SourceControl: Info Source control is disabled
[2017.04.18-22.27.52:118][  0]Cmd: MAP LOAD FILE="D:/Steven/OneDrive - umich.edu/CIS/CIS 488/Github Repository/TheCursedBlade/Cursed_Blade/Content/Levels/MainMenuLevel.umap" TEMPLATE=0 SHOWPROGRESS=1 FEATURELEVEL=3
[2017.04.18-22.27.52:119][  0]LightingResults: New page: Lighting Build
[2017.04.18-22.27.52:244][  0]MapCheck: New page: Map Check
[2017.04.18-22.27.52:244][  0]LightingResults: New page: Lighting Build
[2017.04.18-22.27.53:197][  0]LogAIModule: Creating AISystem for world MainMenuLevel
[2017.04.18-22.27.53:207][  0]LogEditorServer: Finished looking for orphan Actors (0.000 secs)
[2017.04.18-22.27.53:208][  0]Cmd: MAP CHECKDEP NOCLEARLOG
[2017.04.18-22.27.53:493][  0]MapCheck: Info Map check complete: 0 Error(s), 0 Warning(s), took 285.347ms to complete.
[2017.04.18-22.27.53:494][  0]LogFileHelpers: Loading map 'MainMenuLevel' took 1.376
[2017.04.18-22.27.53:796][  0]LogCollectionManager: Loaded 0 collections in 0.003505 seconds
[2017.04.18-22.27.53:997][  0]LogFileCache: Scanning file cache for directory 'D:/Steven/OneDrive - umich.edu/CIS/CIS 488/Github Repository/TheCursedBlade/Cursed_Blade/Saved/Collections/' took 0.01s
[2017.04.18-22.27.53:997][  0]LogFileCache: Scanning file cache for directory 'D:/Steven/OneDrive - umich.edu/CIS/CIS 488/Github Repository/TheCursedBlade/Cursed_Blade/Content/Developers/Steven/Collections/' took 0.01s
[2017.04.18-22.27.53:997][  0]LogFileCache: Scanning file cache for directory 'D:/Steven/OneDrive - umich.edu/CIS/CIS 488/Github Repository/TheCursedBlade/Cursed_Blade/Content/Collections/' took 0.01s
[2017.04.18-22.27.53:997][  0]LogCollectionManager: Rebuilt the GUID cache for 0 collections in 0.000002 seconds
[2017.04.18-22.27.54:012][  0]LogContentBrowser: Native class hierarchy populated in 0.0147 seconds. Added 2190 classes and 428 folders.
[2017.04.18-22.27.54:143][  0]LogStats: UGameplayTagsManager::ConstructGameplayTagTree: Construct from data asset -  0.000 s
[2017.04.18-22.27.54:144][  0]LogStats: UGameplayTagsManager::ConstructGameplayTagTree: GameplayTagTreeChangedEvent.Broadcast -  0.000 s
[2017.04.18-22.27.54:145][  0]LogContentBrowser: Native class hierarchy updated for 'GameplayTags' in 0.0011 seconds. Added 13 classes and 0 folders.
[2017.04.18-22.27.54:324][  0]LogContentBrowser: Native class hierarchy updated for 'WidgetCarousel' in 0.0010 seconds. Added 0 classes and 0 folders.
[2017.04.18-22.27.54:466][  0]LogContentBrowser: Native class hierarchy updated for 'AddContentDialog' in 0.0010 seconds. Added 0 classes and 0 folders.
[2017.04.18-22.27.54:598][  0]LogContentBrowser: Native class hierarchy updated for 'SceneOutliner' in 0.0011 seconds. Added 1 classes and 2 folders.
[2017.04.18-22.27.54:679][  0]LogCrashTracker: Crashtracker disabled due to settings.
[2017.04.18-22.27.54:687][  0]LogUObjectGlobals:Warning: Failed to find object 'Class None.'
[2017.04.18-22.27.54:846][  0]LogContentBrowser: Native class hierarchy updated for 'HierarchicalLODOutliner' in 0.0012 seconds. Added 1 classes and 2 folders.
[2017.04.18-22.27.54:847][  0]LogLoad: (Engine Initialization) Total time: 36.41 seconds
[2017.04.18-22.27.54:847][  0]LogLoad: (Engine Initialization) Total Blueprint compile time: 0.41 seconds
[2017.04.18-22.27.54:847][  0]LogExternalProfiler: Found external profiler: VSPerf
[2017.04.18-22.27.54:847][  0]LogExternalProfiler: Using external profiler: VSPerf
[2017.04.18-22.27.54:857][  0]LogWindowsTextInputMethodSystem:Display: IME system now deactivated.
[2017.04.18-22.27.54:858][  0]LogOcInput: OculusInput pre-init called
[2017.04.18-22.27.54:880][  0]LogContentStreaming: Texture pool size now 1000 MB
[2017.04.18-22.27.55:111][  0]LogRenderer: Reallocating scene render targets to support 1028x576 NumSamples 1 (Frame:2).
[2017.04.18-22.27.55:308][  3]LogAssetRegistry: Asset discovery search completed in 21.9579 seconds
[2017.04.18-22.27.55:309][  3]LogCollectionManager: Rebuilt the object cache for 0 collections in 0.000001 seconds (found 0 objects)
[2017.04.18-22.27.55:309][  3]LogCollectionManager: Fixed up redirectors for 0 collections in 0.000018 seconds (updated 0 objects)
[2017.04.18-22.28.17:799][831]LogSlate: Only BGRA pngs, bmps or icos are supported in by External Image Picker
[2017.04.18-22.28.17:965][842]LogTemp:Display: Executing iPhonePackager certificates Engine -bundlename com.YourCompany.CursedBlade

[2017.04.18-22.28.17:966][842]LogTemp:Display: CWD: C:\Program Files (x86)\Epic Games\4.14\Engine\Binaries\DotNet\IOS

[2017.04.18-22.28.17:966][842]LogTemp:Display: Initial Dir: C:\Program Files (x86)\Epic Games\4.14

[2017.04.18-22.28.17:966][842]LogTemp:Display: Env CWD: C:\Program Files (x86)\Epic Games\4.14\Engine\Binaries\DotNet\IOS

[2017.04.18-22.28.17:974][843]LogTemp:Display: BranchPath = STEVEN-DESKTOP/C/Program Files (x86)/Epic Games/4.14/Engine/Binaries --- GameBranchPath = STEVEN-DESKTOP/C/Program Files (x86)/Epic Games/4.14/Engine/Binaries

[2017.04.18-22.28.18:041][851]LogTemp:Display: IPP ERROR: Application exception: System.IO.DirectoryNotFoundException: Could not find a part of the path 'C:\Users\Steven\AppData\Local\Apple Computer\MobileDevice\Provisioning Profiles'.

[2017.04.18-22.28.18:041][851]LogTemp:Display:    at System.IO.__Error.WinIOError(Int32 errorCode, String maybeFullPath)

[2017.04.18-22.28.18:041][851]LogTemp:Display:    at System.IO.FileSystemEnumerableIterator`1.CommonInit()

[2017.04.18-22.28.18:041][851]LogTemp:Display:    at System.IO.Directory.EnumerateFiles(String path, String searchPattern)

[2017.04.18-22.28.18:041][851]LogTemp:Display:    at iPhonePackager.CodeSignatureBuilder.FindProvisions(String CFBundleIdentifier)

[2017.04.18-22.28.18:041][851]LogTemp:Display:    at iPhonePackager.Program.Main(String[] args)

[2017.04.18-22.32.14:660][ 71]LogTemp: Repeting last play command: Selected Viewport
[2017.04.18-22.32.14:684][ 71]LogBlueprintUserMessages: Early PlayInEditor Detection: Level '/Game/Levels/MainMenuLevel.MainMenuLevel:PersistentLevel' has LevelScriptBlueprint '/Game/Levels/MainMenuLevel.MainMenuLevel:PersistentLevel.MainMenuLevel' with GeneratedClass '/Game/Levels/MainMenuLevel.MainMenuLevel_C' with ClassGeneratedBy '/Game/Levels/MainMenuLevel.MainMenuLevel:PersistentLevel.MainMenuLevel'
[2017.04.18-22.32.14:684][ 71]LogPlayLevel: PlayLevel: No blueprints needed recompiling
[2017.04.18-22.32.14:684][ 71]PIE: New page: PIE session: MainMenuLevel (Apr 18, 2017, 2:32:14 PM)
[2017.04.18-22.32.14:684][ 71]LogPlayLevel: Creating play world package: /Game/Levels/UEDPIE_0_MainMenuLevel
[2017.04.18-22.32.14:692][ 71]LogPlayLevel: PIE: StaticDuplicateObject took: (0.008195s)
[2017.04.18-22.32.14:693][ 71]LogAIModule: Creating AISystem for world MainMenuLevel
[2017.04.18-22.32.14:693][ 71]LogPlayLevel: PIE: World Init took: (0.000840s)
[2017.04.18-22.32.14:694][ 71]LogPlayLevel: PIE: Created PIE world by copying editor world from /Game/Levels/MainMenuLevel.MainMenuLevel to /Game/Levels/UEDPIE_0_MainMenuLevel.MainMenuLevel (0.009294s)
[2017.04.18-22.32.14:744][ 71]LogInit: XAudio2 using 'Headphones (Ausdom M06 Stereo)' : 2 channels at 44.1 kHz using 16 bits per sample (channel mask 0x3)
[2017.04.18-22.32.14:754][ 71]LogInit: FAudioDevice initialized.
[2017.04.18-22.32.14:815][ 71]LogLoad: Game class is 'myGame_C'
[2017.04.18-22.32.14:818][ 71]LogWorld: Bringing World /Game/Levels/UEDPIE_0_MainMenuLevel.MainMenuLevel up for play (max tick rate 0) at 2017.04.18-18.32.14
[2017.04.18-22.32.14:819][ 71]LogWorld: Bringing up level for play took: 0.002157
[2017.04.18-22.32.14:929][ 71]LogContentBrowser: Native class hierarchy updated for 'MovieSceneCapture' in 0.0011 seconds. Added 11 classes and 0 folders.
[2017.04.18-22.32.14:934][ 71]PIE: Info Play in editor start time for /Game/Levels/UEDPIE_0_MainMenuLevel -0.407
[2017.04.18-22.32.14:935][ 71]LogBlueprintUserMessages: Late PlayInEditor Detection: Level '/Game/Levels/MainMenuLevel.MainMenuLevel:PersistentLevel' has LevelScriptBlueprint '/Game/Levels/MainMenuLevel.MainMenuLevel:PersistentLevel.MainMenuLevel' with GeneratedClass '/Game/Levels/MainMenuLevel.MainMenuLevel_C' with ClassGeneratedBy '/Game/Levels/MainMenuLevel.MainMenuLevel:PersistentLevel.MainMenuLevel'
[2017.04.18-22.32.17:953][427]LogBlueprintUserMessages: Early EndPlayMap Detection: Level '/Game/Levels/MainMenuLevel.MainMenuLevel:PersistentLevel' has LevelScriptBlueprint '/Game/Levels/MainMenuLevel.MainMenuLevel:PersistentLevel.MainMenuLevel' with GeneratedClass '/Game/Levels/MainMenuLevel.MainMenuLevel_C' with ClassGeneratedBy '/Game/Levels/MainMenuLevel.MainMenuLevel:PersistentLevel.MainMenuLevel'
[2017.04.18-22.32.17:993][427]LogBlueprintUserMessages: Late EndPlayMap Detection: Level '/Game/Levels/MainMenuLevel.MainMenuLevel:PersistentLevel' has LevelScriptBlueprint '/Game/Levels/MainMenuLevel.MainMenuLevel:PersistentLevel.MainMenuLevel' with GeneratedClass '/Game/Levels/MainMenuLevel.MainMenuLevel_C' with ClassGeneratedBy '/Game/Levels/MainMenuLevel.MainMenuLevel:PersistentLevel.MainMenuLevel'
[2017.04.18-22.32.42:021][879]LogTemp: Repeting last play command: Selected Viewport
[2017.04.18-22.32.42:046][879]LogBlueprintUserMessages: Early PlayInEditor Detection: Level '/Game/Levels/MainMenuLevel.MainMenuLevel:PersistentLevel' has LevelScriptBlueprint '/Game/Levels/MainMenuLevel.MainMenuLevel:PersistentLevel.MainMenuLevel' with GeneratedClass '/Game/Levels/MainMenuLevel.MainMenuLevel_C' with ClassGeneratedBy '/Game/Levels/MainMenuLevel.MainMenuLevel:PersistentLevel.MainMenuLevel'
[2017.04.18-22.32.42:047][879]LogPlayLevel: PlayLevel: No blueprints needed recompiling
[2017.04.18-22.32.42:047][879]PIE: New page: PIE session: MainMenuLevel (Apr 18, 2017, 2:32:42 PM)
[2017.04.18-22.32.42:047][879]LogPlayLevel: Creating play world package: /Game/Levels/UEDPIE_0_MainMenuLevel
[2017.04.18-22.32.42:054][879]LogPlayLevel: PIE: StaticDuplicateObject took: (0.007433s)
[2017.04.18-22.32.42:055][879]LogAIModule: Creating AISystem for world MainMenuLevel
[2017.04.18-22.32.42:055][879]LogPlayLevel: PIE: World Init took: (0.000820s)
[2017.04.18-22.32.42:055][879]LogPlayLevel: PIE: Created PIE world by copying editor world from /Game/Levels/MainMenuLevel.MainMenuLevel to /Game/Levels/UEDPIE_0_MainMenuLevel.MainMenuLevel (0.008501s)
[2017.04.18-22.32.42:096][879]LogInit: XAudio2 using 'Headphones (Ausdom M06 Stereo)' : 2 channels at 44.1 kHz using 16 bits per sample (channel mask 0x3)
[2017.04.18-22.32.42:105][879]LogInit: FAudioDevice initialized.
[2017.04.18-22.32.42:139][879]LogLoad: Game class is 'myGame_C'
[2017.04.18-22.32.42:141][879]LogWorld: Bringing World /Game/Levels/UEDPIE_0_MainMenuLevel.MainMenuLevel up for play (max tick rate 0) at 2017.04.18-18.32.42
[2017.04.18-22.32.42:142][879]LogWorld: Bringing up level for play took: 0.001670
[2017.04.18-22.32.42:145][879]PIE: Info Play in editor start time for /Game/Levels/UEDPIE_0_MainMenuLevel 0.803
[2017.04.18-22.32.42:145][879]LogBlueprintUserMessages: Late PlayInEditor Detection: Level '/Game/Levels/MainMenuLevel.MainMenuLevel:PersistentLevel' has LevelScriptBlueprint '/Game/Levels/MainMenuLevel.MainMenuLevel:PersistentLevel.MainMenuLevel' with GeneratedClass '/Game/Levels/MainMenuLevel.MainMenuLevel_C' with ClassGeneratedBy '/Game/Levels/MainMenuLevel.MainMenuLevel:PersistentLevel.MainMenuLevel'
[2017.04.18-22.32.48:550][646]LogBlueprintUserMessages: Early EndPlayMap Detection: Level '/Game/Levels/MainMenuLevel.MainMenuLevel:PersistentLevel' has LevelScriptBlueprint '/Game/Levels/MainMenuLevel.MainMenuLevel:PersistentLevel.MainMenuLevel' with GeneratedClass '/Game/Levels/MainMenuLevel.MainMenuLevel_C' with ClassGeneratedBy '/Game/Levels/MainMenuLevel.MainMenuLevel:PersistentLevel.MainMenuLevel'
[2017.04.18-22.32.48:585][646]LogBlueprintUserMessages: Late EndPlayMap Detection: Level '/Game/Levels/MainMenuLevel.MainMenuLevel:PersistentLevel' has LevelScriptBlueprint '/Game/Levels/MainMenuLevel.MainMenuLevel:PersistentLevel.MainMenuLevel' with GeneratedClass '/Game/Levels/MainMenuLevel.MainMenuLevel_C' with ClassGeneratedBy '/Game/Levels/MainMenuLevel.MainMenuLevel:PersistentLevel.MainMenuLevel'
[2017.04.18-22.35.10:817][326]LogContentBrowser: Native class hierarchy updated for 'BlueprintGraph' in 0.0018 seconds. Added 111 classes and 0 folders.
[2017.04.18-22.39.45:962][181]LogFileHelpers: Editor autosave (incl. sublevels) for '/Game/Levels/MainMenuLevel' took 0.039
[2017.04.18-22.39.45:965][181]OBJ SavePackage: Generating thumbnails for [0] asset(s) in package [/Game/Menus/MainMenu] ([1] browsable assets)...
[2017.04.18-22.39.45:965][181]OBJ SavePackage: Finished generating thumbnails for package [/Game/Menus/MainMenu]
[2017.04.18-22.39.46:010][181]LogSavePackage: Save=37.26ms
[2017.04.18-22.39.46:010][181]LogSavePackage: Moving 'D:/Steven/OneDrive - umich.edu/CIS/CIS 488/Github Repository/TheCursedBlade/Cursed_Blade/Saved/MainMenu_Auto143E65F9640AAF953D91136AFBE76A916.tmp' to 'D:/Steven/OneDrive - umich.edu/CIS/CIS 488/Github Repository/TheCursedBlade/Cursed_Blade/Saved/Autosaves/Game/Menus/MainMenu_Auto1.uasset'
[2017.04.18-22.39.46:016][181]LogSavePackage:Display: Finished SavePackage D:/Steven/OneDrive - umich.edu/CIS/CIS 488/Github Repository/TheCursedBlade/Cursed_Blade/Saved/Autosaves/Game/Menus/MainMenu_Auto1.uasset
[2017.04.18-22.39.46:016][181]LogFileHelpers: Auto-saving content packages took 0.053
[2017.04.18-22.42.13:907][365]BlueprintLog: New page: Compile MainMenu
[2017.04.18-22.42.15:796][570]LogTemp: Repeting last play command: Selected Viewport
[2017.04.18-22.42.15:825][570]LogBlueprintUserMessages: Early PlayInEditor Detection: Level '/Game/Levels/MainMenuLevel.MainMenuLevel:PersistentLevel' has LevelScriptBlueprint '/Game/Levels/MainMenuLevel.MainMenuLevel:PersistentLevel.MainMenuLevel' with GeneratedClass '/Game/Levels/MainMenuLevel.MainMenuLevel_C' with ClassGeneratedBy '/Game/Levels/MainMenuLevel.MainMenuLevel:PersistentLevel.MainMenuLevel'
[2017.04.18-22.42.15:825][570]LogPlayLevel: PlayLevel: No blueprints needed recompiling
[2017.04.18-22.42.15:825][570]PIE: New page: PIE session: MainMenuLevel (Apr 18, 2017, 2:42:15 PM)
[2017.04.18-22.42.15:826][570]LogPlayLevel: Creating play world package: /Game/Levels/UEDPIE_0_MainMenuLevel
[2017.04.18-22.42.15:833][570]LogPlayLevel: PIE: StaticDuplicateObject took: (0.007549s)
[2017.04.18-22.42.15:834][570]LogAIModule: Creating AISystem for world MainMenuLevel
[2017.04.18-22.42.15:834][570]LogPlayLevel: PIE: World Init took: (0.000987s)
[2017.04.18-22.42.15:834][570]LogPlayLevel: PIE: Created PIE world by copying editor world from /Game/Levels/MainMenuLevel.MainMenuLevel to /Game/Levels/UEDPIE_0_MainMenuLevel.MainMenuLevel (0.008783s)
[2017.04.18-22.42.15:889][570]LogInit: XAudio2 using 'Headphones (Ausdom M06 Stereo)' : 2 channels at 44.1 kHz using 16 bits per sample (channel mask 0x3)
[2017.04.18-22.42.15:901][570]LogInit: FAudioDevice initialized.
[2017.04.18-22.42.16:019][570]LogLoad: Game class is 'myGame_C'
[2017.04.18-22.42.16:022][570]LogWorld: Bringing World /Game/Levels/UEDPIE_0_MainMenuLevel.MainMenuLevel up for play (max tick rate 0) at 2017.04.18-18.42.16
[2017.04.18-22.42.16:023][570]LogWorld: Bringing up level for play took: 0.002093
[2017.04.18-22.42.16:030][570]PIE: Info Play in editor start time for /Game/Levels/UEDPIE_0_MainMenuLevel 0.689
[2017.04.18-22.42.16:031][570]LogBlueprintUserMessages: Late PlayInEditor Detection: Level '/Game/Levels/MainMenuLevel.MainMenuLevel:PersistentLevel' has LevelScriptBlueprint '/Game/Levels/MainMenuLevel.MainMenuLevel:PersistentLevel.MainMenuLevel' with GeneratedClass '/Game/Levels/MainMenuLevel.MainMenuLevel_C' with ClassGeneratedBy '/Game/Levels/MainMenuLevel.MainMenuLevel:PersistentLevel.MainMenuLevel'
[2017.04.18-22.42.16:049][570]LogRenderer: Reallocating scene render targets to support 1292x756 NumSamples 1 (Frame:27080).
[2017.04.18-22.42.19:375][890]LogBlueprintUserMessages: [MainMenu_C_1] up
[2017.04.18-22.42.20:823][ 33]LogBlueprintUserMessages: [MainMenu_C_1] up
[2017.04.18-22.42.22:464][201]LogBlueprintUserMessages: [MainMenu_C_1] down
[2017.04.18-22.42.22:664][221]LogBlueprintUserMessages: [MainMenu_C_1] down
[2017.04.18-22.42.24:988][459]LogBlueprintUserMessages: Early EndPlayMap Detection: Level '/Game/Levels/MainMenuLevel.MainMenuLevel:PersistentLevel' has LevelScriptBlueprint '/Game/Levels/MainMenuLevel.MainMenuLevel:PersistentLevel.MainMenuLevel' with GeneratedClass '/Game/Levels/MainMenuLevel.MainMenuLevel_C' with ClassGeneratedBy '/Game/Levels/MainMenuLevel.MainMenuLevel:PersistentLevel.MainMenuLevel'
[2017.04.18-22.42.25:057][459]LogBlueprintUserMessages: Late EndPlayMap Detection: Level '/Game/Levels/MainMenuLevel.MainMenuLevel:PersistentLevel' has LevelScriptBlueprint '/Game/Levels/MainMenuLevel.MainMenuLevel:PersistentLevel.MainMenuLevel' with GeneratedClass '/Game/Levels/MainMenuLevel.MainMenuLevel_C' with ClassGeneratedBy '/Game/Levels/MainMenuLevel.MainMenuLevel:PersistentLevel.MainMenuLevel'
[2017.04.18-22.42.28:063][803]Cmd: OBJ SAVEPACKAGE PACKAGE="/Game/Menus/MainMenu" FILE="D:/Steven/OneDrive - umich.edu/CIS/CIS 488/Github Repository/TheCursedBlade/Cursed_Blade/Content/Menus/MainMenu.uasset" SILENT=true
[2017.04.18-22.42.28:114][803]LogSavePackage: Save=44.77ms
[2017.04.18-22.42.28:114][803]LogSavePackage: Moving 'D:/Steven/OneDrive - umich.edu/CIS/CIS 488/Github Repository/TheCursedBlade/Cursed_Blade/Saved/MainMenu360B93184B2794A659AB1CA90CB3497A.tmp' to 'D:/Steven/OneDrive - umich.edu/CIS/CIS 488/Github Repository/TheCursedBlade/Cursed_Blade/Content/Menus/MainMenu.uasset'
[2017.04.18-22.42.28:124][803]LogSavePackage:Display: Finished SavePackage D:/Steven/OneDrive - umich.edu/CIS/CIS 488/Github Repository/TheCursedBlade/Cursed_Blade/Content/Menus/MainMenu.uasset
[2017.04.18-22.44.36:174][594]BlueprintLog: New page: Compile MainMenu
[2017.04.18-22.44.37:956][783]Cmd: OBJ SAVEPACKAGE PACKAGE="/Game/Menus/MainMenu" FILE="D:/Steven/OneDrive - umich.edu/CIS/CIS 488/Github Repository/TheCursedBlade/Cursed_Blade/Content/Menus/MainMenu.uasset" SILENT=true
[2017.04.18-22.44.38:003][783]LogSavePackage: Save=42.02ms
[2017.04.18-22.44.38:003][783]LogSavePackage: Moving 'D:/Steven/OneDrive - umich.edu/CIS/CIS 488/Github Repository/TheCursedBlade/Cursed_Blade/Saved/MainMenu92DC5A264D87927BB5BD57A16635A2C3.tmp' to 'D:/Steven/OneDrive - umich.edu/CIS/CIS 488/Github Repository/TheCursedBlade/Cursed_Blade/Content/Menus/MainMenu.uasset'
[2017.04.18-22.44.38:012][783]LogSavePackage:Display: Finished SavePackage D:/Steven/OneDrive - umich.edu/CIS/CIS 488/Github Repository/TheCursedBlade/Cursed_Blade/Content/Menus/MainMenu.uasset
[2017.04.18-22.47.12:144][144]Cmd: OBJ SAVEPACKAGE PACKAGE="/Game/Menus/MainMenu" FILE="D:/Steven/OneDrive - umich.edu/CIS/CIS 488/Github Repository/TheCursedBlade/Cursed_Blade/Content/Menus/MainMenu.uasset" SILENT=true
[2017.04.18-22.47.12:198][144]LogSavePackage: Save=46.26ms
[2017.04.18-22.47.12:198][144]LogSavePackage: Moving 'D:/Steven/OneDrive - umich.edu/CIS/CIS 488/Github Repository/TheCursedBlade/Cursed_Blade/Saved/MainMenu1287610E4D0F966B36E530B3EEC64D64.tmp' to 'D:/Steven/OneDrive - umich.edu/CIS/CIS 488/Github Repository/TheCursedBlade/Cursed_Blade/Content/Menus/MainMenu.uasset'
[2017.04.18-22.47.12:207][144]LogSavePackage:Display: Finished SavePackage D:/Steven/OneDrive - umich.edu/CIS/CIS 488/Github Repository/TheCursedBlade/Cursed_Blade/Content/Menus/MainMenu.uasset
[2017.04.18-22.51.15:402][673]BlueprintLog: New page: Compile MainMenu
[2017.04.18-22.51.16:375][764]Cmd: OBJ SAVEPACKAGE PACKAGE="/Game/Menus/MainMenu" FILE="D:/Steven/OneDrive - umich.edu/CIS/CIS 488/Github Repository/TheCursedBlade/Cursed_Blade/Content/Menus/MainMenu.uasset" SILENT=true
[2017.04.18-22.51.16:428][764]LogSavePackage: Save=47.60ms
[2017.04.18-22.51.16:428][764]LogSavePackage: Moving 'D:/Steven/OneDrive - umich.edu/CIS/CIS 488/Github Repository/TheCursedBlade/Cursed_Blade/Saved/MainMenu20F01474491E5AE08C59509C6D12944D.tmp' to 'D:/Steven/OneDrive - umich.edu/CIS/CIS 488/Github Repository/TheCursedBlade/Cursed_Blade/Content/Menus/MainMenu.uasset'
[2017.04.18-22.51.16:437][764]LogSavePackage:Display: Finished SavePackage D:/Steven/OneDrive - umich.edu/CIS/CIS 488/Github Repository/TheCursedBlade/Cursed_Blade/Content/Menus/MainMenu.uasset
[2017.04.18-22.51.29:335][861]LogTemp: Repeting last play command: Selected Viewport
[2017.04.18-22.51.29:367][861]LogBlueprintUserMessages: Early PlayInEditor Detection: Level '/Game/Levels/MainMenuLevel.MainMenuLevel:PersistentLevel' has LevelScriptBlueprint '/Game/Levels/MainMenuLevel.MainMenuLevel:PersistentLevel.MainMenuLevel' with GeneratedClass '/Game/Levels/MainMenuLevel.MainMenuLevel_C' with ClassGeneratedBy '/Game/Levels/MainMenuLevel.MainMenuLevel:PersistentLevel.MainMenuLevel'
[2017.04.18-22.51.29:367][861]LogPlayLevel: PlayLevel: No blueprints needed recompiling
[2017.04.18-22.51.29:367][861]PIE: New page: PIE session: MainMenuLevel (Apr 18, 2017, 2:51:29 PM)
[2017.04.18-22.51.29:368][861]LogPlayLevel: Creating play world package: /Game/Levels/UEDPIE_0_MainMenuLevel
[2017.04.18-22.51.29:376][861]LogPlayLevel: PIE: StaticDuplicateObject took: (0.008193s)
[2017.04.18-22.51.29:376][861]LogAIModule: Creating AISystem for world MainMenuLevel
[2017.04.18-22.51.29:377][861]LogPlayLevel: PIE: World Init took: (0.000785s)
[2017.04.18-22.51.29:377][861]LogPlayLevel: PIE: Created PIE world by copying editor world from /Game/Levels/MainMenuLevel.MainMenuLevel to /Game/Levels/UEDPIE_0_MainMenuLevel.MainMenuLevel (0.009191s)
[2017.04.18-22.51.29:432][861]LogInit: XAudio2 using 'Headphones (Ausdom M06 Stereo)' : 2 channels at 44.1 kHz using 16 bits per sample (channel mask 0x3)
[2017.04.18-22.51.29:445][861]LogInit: FAudioDevice initialized.
[2017.04.18-22.51.29:561][861]LogLoad: Game class is 'myGame_C'
[2017.04.18-22.51.29:564][861]LogWorld: Bringing World /Game/Levels/UEDPIE_0_MainMenuLevel.MainMenuLevel up for play (max tick rate 0) at 2017.04.18-18.51.29
[2017.04.18-22.51.29:564][861]LogWorld: Bringing up level for play took: 0.001814
[2017.04.18-22.51.29:572][861]PIE: Info Play in editor start time for /Game/Levels/UEDPIE_0_MainMenuLevel 0.23
[2017.04.18-22.51.29:572][861]LogBlueprintUserMessages: Late PlayInEditor Detection: Level '/Game/Levels/MainMenuLevel.MainMenuLevel:PersistentLevel' has LevelScriptBlueprint '/Game/Levels/MainMenuLevel.MainMenuLevel:PersistentLevel.MainMenuLevel' with GeneratedClass '/Game/Levels/MainMenuLevel.MainMenuLevel_C' with ClassGeneratedBy '/Game/Levels/MainMenuLevel.MainMenuLevel:PersistentLevel.MainMenuLevel'
[2017.04.18-22.51.32:923][154]LogBlueprintUserMessages: [MainMenu_C_1] 1
[2017.04.18-22.51.33:129][172]LogBlueprintUserMessages: [MainMenu_C_1] 2
[2017.04.18-22.51.34:996][343]LogBlueprintUserMessages: [MainMenu_C_1] 1
[2017.04.18-22.51.35:823][418]LogBlueprintUserMessages: [MainMenu_C_1] 0
[2017.04.18-22.51.36:851][511]LogBlueprintUserMessages: [MainMenu_C_1] 1
[2017.04.18-22.51.37:053][528]LogBlueprintUserMessages: [MainMenu_C_1] 2
[2017.04.18-22.51.38:367][647]LogBlueprintUserMessages: Early EndPlayMap Detection: Level '/Game/Levels/MainMenuLevel.MainMenuLevel:PersistentLevel' has LevelScriptBlueprint '/Game/Levels/MainMenuLevel.MainMenuLevel:PersistentLevel.MainMenuLevel' with GeneratedClass '/Game/Levels/MainMenuLevel.MainMenuLevel_C' with ClassGeneratedBy '/Game/Levels/MainMenuLevel.MainMenuLevel:PersistentLevel.MainMenuLevel'
[2017.04.18-22.51.38:427][647]LogBlueprintUserMessages: Late EndPlayMap Detection: Level '/Game/Levels/MainMenuLevel.MainMenuLevel:PersistentLevel' has LevelScriptBlueprint '/Game/Levels/MainMenuLevel.MainMenuLevel:PersistentLevel.MainMenuLevel' with GeneratedClass '/Game/Levels/MainMenuLevel.MainMenuLevel_C' with ClassGeneratedBy '/Game/Levels/MainMenuLevel.MainMenuLevel:PersistentLevel.MainMenuLevel'
[2017.04.18-22.53.35:202][541]LogTemp: Repeting last play command: Selected Viewport
[2017.04.18-22.53.35:230][541]LogBlueprintUserMessages: Early PlayInEditor Detection: Level '/Game/Levels/MainMenuLevel.MainMenuLevel:PersistentLevel' has LevelScriptBlueprint '/Game/Levels/MainMenuLevel.MainMenuLevel:PersistentLevel.MainMenuLevel' with GeneratedClass '/Game/Levels/MainMenuLevel.MainMenuLevel_C' with ClassGeneratedBy '/Game/Levels/MainMenuLevel.MainMenuLevel:PersistentLevel.MainMenuLevel'
[2017.04.18-22.53.35:230][541]BlueprintLog: New page: Pre-Play auto-recompile
[2017.04.18-22.53.35:230][541]LogPlayLevel: [PlayLevel] Compiling MainMenu before play...
[2017.04.18-22.53.35:383][541]LogPlayLevel: PlayLevel: Blueprint regeneration took 153 ms (1 blueprints)
[2017.04.18-22.53.35:383][541]PIE: New page: PIE session: MainMenuLevel (Apr 18, 2017, 2:53:35 PM)
[2017.04.18-22.53.35:383][541]LogPlayLevel: Creating play world package: /Game/Levels/UEDPIE_0_MainMenuLevel
[2017.04.18-22.53.35:391][541]LogPlayLevel: PIE: StaticDuplicateObject took: (0.007291s)
[2017.04.18-22.53.35:391][541]LogAIModule: Creating AISystem for world MainMenuLevel
[2017.04.18-22.53.35:391][541]LogPlayLevel: PIE: World Init took: (0.000808s)
[2017.04.18-22.53.35:391][541]LogPlayLevel: PIE: Created PIE world by copying editor world from /Game/Levels/MainMenuLevel.MainMenuLevel to /Game/Levels/UEDPIE_0_MainMenuLevel.MainMenuLevel (0.008302s)
[2017.04.18-22.53.35:443][541]LogInit: XAudio2 using 'Headphones (Ausdom M06 Stereo)' : 2 channels at 44.1 kHz using 16 bits per sample (channel mask 0x3)
[2017.04.18-22.53.35:453][541]LogInit: FAudioDevice initialized.
[2017.04.18-22.53.35:567][541]LogLoad: Game class is 'myGame_C'
[2017.04.18-22.53.35:570][541]LogWorld: Bringing World /Game/Levels/UEDPIE_0_MainMenuLevel.MainMenuLevel up for play (max tick rate 0) at 2017.04.18-18.53.35
[2017.04.18-22.53.35:571][541]LogWorld: Bringing up level for play took: 0.001674
[2017.04.18-22.53.35:578][541]PIE: Info Play in editor start time for /Game/Levels/UEDPIE_0_MainMenuLevel 0.236
[2017.04.18-22.53.35:579][541]LogBlueprintUserMessages: Late PlayInEditor Detection: Level '/Game/Levels/MainMenuLevel.MainMenuLevel:PersistentLevel' has LevelScriptBlueprint '/Game/Levels/MainMenuLevel.MainMenuLevel:PersistentLevel.MainMenuLevel' with GeneratedClass '/Game/Levels/MainMenuLevel.MainMenuLevel_C' with ClassGeneratedBy '/Game/Levels/MainMenuLevel.MainMenuLevel:PersistentLevel.MainMenuLevel'
[2017.04.18-22.53.39:834][897]LogBlueprintUserMessages: Early EndPlayMap Detection: Level '/Game/Levels/MainMenuLevel.MainMenuLevel:PersistentLevel' has LevelScriptBlueprint '/Game/Levels/MainMenuLevel.MainMenuLevel:PersistentLevel.MainMenuLevel' with GeneratedClass '/Game/Levels/MainMenuLevel.MainMenuLevel_C' with ClassGeneratedBy '/Game/Levels/MainMenuLevel.MainMenuLevel:PersistentLevel.MainMenuLevel'
[2017.04.18-22.53.39:868][897]LogBlueprintUserMessages: Late EndPlayMap Detection: Level '/Game/Levels/MainMenuLevel.MainMenuLevel:PersistentLevel' has LevelScriptBlueprint '/Game/Levels/MainMenuLevel.MainMenuLevel:PersistentLevel.MainMenuLevel' with GeneratedClass '/Game/Levels/MainMenuLevel.MainMenuLevel_C' with ClassGeneratedBy '/Game/Levels/MainMenuLevel.MainMenuLevel:PersistentLevel.MainMenuLevel'
[2017.04.18-22.53.44:141][172]Cmd: OBJ SAVEPACKAGE PACKAGE="/Game/Menus/MainMenu" FILE="D:/Steven/OneDrive - umich.edu/CIS/CIS 488/Github Repository/TheCursedBlade/Cursed_Blade/Content/Menus/MainMenu.uasset" SILENT=true
[2017.04.18-22.53.44:200][172]LogSavePackage: Save=50.23ms
[2017.04.18-22.53.44:200][172]LogSavePackage: Moving 'D:/Steven/OneDrive - umich.edu/CIS/CIS 488/Github Repository/TheCursedBlade/Cursed_Blade/Saved/MainMenuFC1F789E456FF6A6EA05E4B33776F0DA.tmp' to 'D:/Steven/OneDrive - umich.edu/CIS/CIS 488/Github Repository/TheCursedBlade/Cursed_Blade/Content/Menus/MainMenu.uasset'
[2017.04.18-22.53.44:209][172]LogSavePackage:Display: Finished SavePackage D:/Steven/OneDrive - umich.edu/CIS/CIS 488/Github Repository/TheCursedBlade/Cursed_Blade/Content/Menus/MainMenu.uasset
[2017.04.18-22.54.29:469][746]LogFileHelpers: Editor autosave (incl. sublevels) for '/Game/Levels/MainMenuLevel' took 0.026
[2017.04.18-22.54.29:472][746]OBJ SavePackage: Generating thumbnails for [0] asset(s) in package [/Game/Menus/MainMenu] ([1] browsable assets)...
[2017.04.18-22.54.29:472][746]OBJ SavePackage: Finished generating thumbnails for package [/Game/Menus/MainMenu]
[2017.04.18-22.54.29:528][746]LogSavePackage: Save=50.96ms
[2017.04.18-22.54.29:528][746]LogSavePackage: Moving 'D:/Steven/OneDrive - umich.edu/CIS/CIS 488/Github Repository/TheCursedBlade/Cursed_Blade/Saved/MainMenu_Auto2CBA687A641918F8A508A8A9C2C60ABFE.tmp' to 'D:/Steven/OneDrive - umich.edu/CIS/CIS 488/Github Repository/TheCursedBlade/Cursed_Blade/Saved/Autosaves/Game/Menus/MainMenu_Auto2.uasset'
[2017.04.18-22.54.29:534][746]LogSavePackage:Display: Finished SavePackage D:/Steven/OneDrive - umich.edu/CIS/CIS 488/Github Repository/TheCursedBlade/Cursed_Blade/Saved/Autosaves/Game/Menus/MainMenu_Auto2.uasset
[2017.04.18-22.54.29:534][746]LogFileHelpers: Auto-saving content packages took 0.064
[2017.04.18-22.55.35:460][499]BlueprintLog: New page: Compile MainMenu
[2017.04.18-22.55.36:058][532]Cmd: OBJ SAVEPACKAGE PACKAGE="/Game/Menus/MainMenu" FILE="D:/Steven/OneDrive - umich.edu/CIS/CIS 488/Github Repository/TheCursedBlade/Cursed_Blade/Content/Menus/MainMenu.uasset" SILENT=true
[2017.04.18-22.55.36:121][532]LogSavePackage: Save=57.08ms
[2017.04.18-22.55.36:121][532]LogSavePackage: Moving 'D:/Steven/OneDrive - umich.edu/CIS/CIS 488/Github Repository/TheCursedBlade/Cursed_Blade/Saved/MainMenuA80CBC5F445D4CA52E7DACA0D6A68378.tmp' to 'D:/Steven/OneDrive - umich.edu/CIS/CIS 488/Github Repository/TheCursedBlade/Cursed_Blade/Content/Menus/MainMenu.uasset'
[2017.04.18-22.55.36:131][532]LogSavePackage:Display: Finished SavePackage D:/Steven/OneDrive - umich.edu/CIS/CIS 488/Github Repository/TheCursedBlade/Cursed_Blade/Content/Menus/MainMenu.uasset
[2017.04.18-22.59.11:352][ 13]BlueprintLog: New page: Compile MainMenu
[2017.04.18-22.59.12:082][ 61]Cmd: OBJ SAVEPACKAGE PACKAGE="/Game/Menus/MainMenu" FILE="D:/Steven/OneDrive - umich.edu/CIS/CIS 488/Github Repository/TheCursedBlade/Cursed_Blade/Content/Menus/MainMenu.uasset" SILENT=true
[2017.04.18-22.59.12:156][ 61]LogSavePackage: Save=65.60ms
[2017.04.18-22.59.12:156][ 61]LogSavePackage: Moving 'D:/Steven/OneDrive - umich.edu/CIS/CIS 488/Github Repository/TheCursedBlade/Cursed_Blade/Saved/MainMenu4C61040C425AE8381A8508BB4372B074.tmp' to 'D:/Steven/OneDrive - umich.edu/CIS/CIS 488/Github Repository/TheCursedBlade/Cursed_Blade/Content/Menus/MainMenu.uasset'
[2017.04.18-22.59.12:165][ 61]LogSavePackage:Display: Finished SavePackage D:/Steven/OneDrive - umich.edu/CIS/CIS 488/Github Repository/TheCursedBlade/Cursed_Blade/Content/Menus/MainMenu.uasset
[2017.04.18-22.59.12:994][137]LogTemp: Repeting last play command: Selected Viewport
[2017.04.18-22.59.13:027][137]LogBlueprintUserMessages: Early PlayInEditor Detection: Level '/Game/Levels/MainMenuLevel.MainMenuLevel:PersistentLevel' has LevelScriptBlueprint '/Game/Levels/MainMenuLevel.MainMenuLevel:PersistentLevel.MainMenuLevel' with GeneratedClass '/Game/Levels/MainMenuLevel.MainMenuLevel_C' with ClassGeneratedBy '/Game/Levels/MainMenuLevel.MainMenuLevel:PersistentLevel.MainMenuLevel'
[2017.04.18-22.59.13:027][137]LogPlayLevel: PlayLevel: No blueprints needed recompiling
[2017.04.18-22.59.13:027][137]PIE: New page: PIE session: MainMenuLevel (Apr 18, 2017, 2:59:13 PM)
[2017.04.18-22.59.13:027][137]LogPlayLevel: Creating play world package: /Game/Levels/UEDPIE_0_MainMenuLevel
[2017.04.18-22.59.13:036][137]LogPlayLevel: PIE: StaticDuplicateObject took: (0.008696s)
[2017.04.18-22.59.13:037][137]LogAIModule: Creating AISystem for world MainMenuLevel
[2017.04.18-22.59.13:037][137]LogPlayLevel: PIE: World Init took: (0.000945s)
[2017.04.18-22.59.13:037][137]LogPlayLevel: PIE: Created PIE world by copying editor world from /Game/Levels/MainMenuLevel.MainMenuLevel to /Game/Levels/UEDPIE_0_MainMenuLevel.MainMenuLevel (0.009880s)
[2017.04.18-22.59.13:095][137]LogInit: XAudio2 using 'Headphones (Ausdom M06 Stereo)' : 2 channels at 44.1 kHz using 16 bits per sample (channel mask 0x3)
[2017.04.18-22.59.13:106][137]LogInit: FAudioDevice initialized.
[2017.04.18-22.59.13:221][137]LogLoad: Game class is 'myGame_C'
[2017.04.18-22.59.13:224][137]LogWorld: Bringing World /Game/Levels/UEDPIE_0_MainMenuLevel.MainMenuLevel up for play (max tick rate 0) at 2017.04.18-18.59.13
[2017.04.18-22.59.13:224][137]LogWorld: Bringing up level for play took: 0.001790
[2017.04.18-22.59.13:233][137]PIE: Info Play in editor start time for /Game/Levels/UEDPIE_0_MainMenuLevel -0.11
[2017.04.18-22.59.13:233][137]LogBlueprintUserMessages: Late PlayInEditor Detection: Level '/Game/Levels/MainMenuLevel.MainMenuLevel:PersistentLevel' has LevelScriptBlueprint '/Game/Levels/MainMenuLevel.MainMenuLevel:PersistentLevel.MainMenuLevel' with GeneratedClass '/Game/Levels/MainMenuLevel.MainMenuLevel_C' with ClassGeneratedBy '/Game/Levels/MainMenuLevel.MainMenuLevel:PersistentLevel.MainMenuLevel'
[2017.04.18-22.59.50:331][556]LogBlueprintUserMessages: Early EndPlayMap Detection: Level '/Game/Levels/MainMenuLevel.MainMenuLevel:PersistentLevel' has LevelScriptBlueprint '/Game/Levels/MainMenuLevel.MainMenuLevel:PersistentLevel.MainMenuLevel' with GeneratedClass '/Game/Levels/MainMenuLevel.MainMenuLevel_C' with ClassGeneratedBy '/Game/Levels/MainMenuLevel.MainMenuLevel:PersistentLevel.MainMenuLevel'
[2017.04.18-22.59.50:362][556]LogBlueprintUserMessages: Late EndPlayMap Detection: Level '/Game/Levels/MainMenuLevel.MainMenuLevel:PersistentLevel' has LevelScriptBlueprint '/Game/Levels/MainMenuLevel.MainMenuLevel:PersistentLevel.MainMenuLevel' with GeneratedClass '/Game/Levels/MainMenuLevel.MainMenuLevel_C' with ClassGeneratedBy '/Game/Levels/MainMenuLevel.MainMenuLevel:PersistentLevel.MainMenuLevel'
[2017.04.18-23.00.01:696][452]BlueprintLog: New page: Compile MainMenu
[2017.04.18-23.00.02:353][490]Cmd: OBJ SAVEPACKAGE PACKAGE="/Game/Menus/MainMenu" FILE="D:/Steven/OneDrive - umich.edu/CIS/CIS 488/Github Repository/TheCursedBlade/Cursed_Blade/Content/Menus/MainMenu.uasset" SILENT=true
[2017.04.18-23.00.02:424][490]LogSavePackage: Save=65.14ms
[2017.04.18-23.00.02:424][490]LogSavePackage: Moving 'D:/Steven/OneDrive - umich.edu/CIS/CIS 488/Github Repository/TheCursedBlade/Cursed_Blade/Saved/MainMenuE42FBAB44686A5504A514691788E9B9A.tmp' to 'D:/Steven/OneDrive - umich.edu/CIS/CIS 488/Github Repository/TheCursedBlade/Cursed_Blade/Content/Menus/MainMenu.uasset'
[2017.04.18-23.00.02:434][490]LogSavePackage:Display: Finished SavePackage D:/Steven/OneDrive - umich.edu/CIS/CIS 488/Github Repository/TheCursedBlade/Cursed_Blade/Content/Menus/MainMenu.uasset
[2017.04.18-23.00.03:357][572]LogTemp: Repeting last play command: Selected Viewport
[2017.04.18-23.00.03:387][572]LogBlueprintUserMessages: Early PlayInEditor Detection: Level '/Game/Levels/MainMenuLevel.MainMenuLevel:PersistentLevel' has LevelScriptBlueprint '/Game/Levels/MainMenuLevel.MainMenuLevel:PersistentLevel.MainMenuLevel' with GeneratedClass '/Game/Levels/MainMenuLevel.MainMenuLevel_C' with ClassGeneratedBy '/Game/Levels/MainMenuLevel.MainMenuLevel:PersistentLevel.MainMenuLevel'
[2017.04.18-23.00.03:387][572]LogPlayLevel: PlayLevel: No blueprints needed recompiling
[2017.04.18-23.00.03:387][572]PIE: New page: PIE session: MainMenuLevel (Apr 18, 2017, 3:00:03 PM)
[2017.04.18-23.00.03:387][572]LogPlayLevel: Creating play world package: /Game/Levels/UEDPIE_0_MainMenuLevel
[2017.04.18-23.00.03:395][572]LogPlayLevel: PIE: StaticDuplicateObject took: (0.007670s)
[2017.04.18-23.00.03:396][572]LogAIModule: Creating AISystem for world MainMenuLevel
[2017.04.18-23.00.03:396][572]LogPlayLevel: PIE: World Init took: (0.001330s)
[2017.04.18-23.00.03:397][572]LogPlayLevel: PIE: Created PIE world by copying editor world from /Game/Levels/MainMenuLevel.MainMenuLevel to /Game/Levels/UEDPIE_0_MainMenuLevel.MainMenuLevel (0.009409s)
[2017.04.18-23.00.03:457][572]LogInit: XAudio2 using 'Headphones (Ausdom M06 Stereo)' : 2 channels at 44.1 kHz using 16 bits per sample (channel mask 0x3)
[2017.04.18-23.00.03:467][572]LogInit: FAudioDevice initialized.
[2017.04.18-23.00.03:594][572]LogLoad: Game class is 'myGame_C'
[2017.04.18-23.00.03:598][572]LogWorld: Bringing World /Game/Levels/UEDPIE_0_MainMenuLevel.MainMenuLevel up for play (max tick rate 0) at 2017.04.18-19.00.03
[2017.04.18-23.00.03:598][572]LogWorld: Bringing up level for play took: 0.002149
[2017.04.18-23.00.03:607][572]PIE: Info Play in editor start time for /Game/Levels/UEDPIE_0_MainMenuLevel 0.265
[2017.04.18-23.00.03:607][572]LogBlueprintUserMessages: Late PlayInEditor Detection: Level '/Game/Levels/MainMenuLevel.MainMenuLevel:PersistentLevel' has LevelScriptBlueprint '/Game/Levels/MainMenuLevel.MainMenuLevel:PersistentLevel.MainMenuLevel' with GeneratedClass '/Game/Levels/MainMenuLevel.MainMenuLevel_C' with ClassGeneratedBy '/Game/Levels/MainMenuLevel.MainMenuLevel:PersistentLevel.MainMenuLevel'
[2017.04.18-23.00.15:752][249]LogBlueprintUserMessages: Early EndPlayMap Detection: Level '/Game/Levels/MainMenuLevel.MainMenuLevel:PersistentLevel' has LevelScriptBlueprint '/Game/Levels/MainMenuLevel.MainMenuLevel:PersistentLevel.MainMenuLevel' with GeneratedClass '/Game/Levels/MainMenuLevel.MainMenuLevel_C' with ClassGeneratedBy '/Game/Levels/MainMenuLevel.MainMenuLevel:PersistentLevel.MainMenuLevel'
[2017.04.18-23.00.15:786][249]LogBlueprintUserMessages: Late EndPlayMap Detection: Level '/Game/Levels/MainMenuLevel.MainMenuLevel:PersistentLevel' has LevelScriptBlueprint '/Game/Levels/MainMenuLevel.MainMenuLevel:PersistentLevel.MainMenuLevel' with GeneratedClass '/Game/Levels/MainMenuLevel.MainMenuLevel_C' with ClassGeneratedBy '/Game/Levels/MainMenuLevel.MainMenuLevel:PersistentLevel.MainMenuLevel'
[2017.04.18-23.00.25:030][919]BlueprintLog: New page: Compile MainMenu
[2017.04.18-23.00.25:926][984]LogTemp: Repeting last play command: Selected Viewport
[2017.04.18-23.00.25:956][984]LogBlueprintUserMessages: Early PlayInEditor Detection: Level '/Game/Levels/MainMenuLevel.MainMenuLevel:PersistentLevel' has LevelScriptBlueprint '/Game/Levels/MainMenuLevel.MainMenuLevel:PersistentLevel.MainMenuLevel' with GeneratedClass '/Game/Levels/MainMenuLevel.MainMenuLevel_C' with ClassGeneratedBy '/Game/Levels/MainMenuLevel.MainMenuLevel:PersistentLevel.MainMenuLevel'
[2017.04.18-23.00.25:956][984]LogPlayLevel: PlayLevel: No blueprints needed recompiling
[2017.04.18-23.00.25:956][984]PIE: New page: PIE session: MainMenuLevel (Apr 18, 2017, 3:00:25 PM)
[2017.04.18-23.00.25:956][984]LogPlayLevel: Creating play world package: /Game/Levels/UEDPIE_0_MainMenuLevel
[2017.04.18-23.00.25:964][984]LogPlayLevel: PIE: StaticDuplicateObject took: (0.007198s)
[2017.04.18-23.00.25:964][984]LogAIModule: Creating AISystem for world MainMenuLevel
[2017.04.18-23.00.25:964][984]LogPlayLevel: PIE: World Init took: (0.000714s)
[2017.04.18-23.00.25:964][984]LogPlayLevel: PIE: Created PIE world by copying editor world from /Game/Levels/MainMenuLevel.MainMenuLevel to /Game/Levels/UEDPIE_0_MainMenuLevel.MainMenuLevel (0.008124s)
[2017.04.18-23.00.26:018][984]LogInit: XAudio2 using 'Headphones (Ausdom M06 Stereo)' : 2 channels at 44.1 kHz using 16 bits per sample (channel mask 0x3)
[2017.04.18-23.00.26:030][984]LogInit: FAudioDevice initialized.
[2017.04.18-23.00.26:151][984]LogLoad: Game class is 'myGame_C'
[2017.04.18-23.00.26:153][984]LogWorld: Bringing World /Game/Levels/UEDPIE_0_MainMenuLevel.MainMenuLevel up for play (max tick rate 0) at 2017.04.18-19.00.26
[2017.04.18-23.00.26:154][984]LogWorld: Bringing up level for play took: 0.001639
[2017.04.18-23.00.26:162][984]PIE: Info Play in editor start time for /Game/Levels/UEDPIE_0_MainMenuLevel 0.82
[2017.04.18-23.00.26:163][984]LogBlueprintUserMessages: Late PlayInEditor Detection: Level '/Game/Levels/MainMenuLevel.MainMenuLevel:PersistentLevel' has LevelScriptBlueprint '/Game/Levels/MainMenuLevel.MainMenuLevel:PersistentLevel.MainMenuLevel' with GeneratedClass '/Game/Levels/MainMenuLevel.MainMenuLevel_C' with ClassGeneratedBy '/Game/Levels/MainMenuLevel.MainMenuLevel:PersistentLevel.MainMenuLevel'
[2017.04.18-23.00.32:322][402]LogBlueprintUserMessages: Early EndPlayMap Detection: Level '/Game/Levels/MainMenuLevel.MainMenuLevel:PersistentLevel' has LevelScriptBlueprint '/Game/Levels/MainMenuLevel.MainMenuLevel:PersistentLevel.MainMenuLevel' with GeneratedClass '/Game/Levels/MainMenuLevel.MainMenuLevel_C' with ClassGeneratedBy '/Game/Levels/MainMenuLevel.MainMenuLevel:PersistentLevel.MainMenuLevel'
[2017.04.18-23.00.32:354][402]LogBlueprintUserMessages: Late EndPlayMap Detection: Level '/Game/Levels/MainMenuLevel.MainMenuLevel:PersistentLevel' has LevelScriptBlueprint '/Game/Levels/MainMenuLevel.MainMenuLevel:PersistentLevel.MainMenuLevel' with GeneratedClass '/Game/Levels/MainMenuLevel.MainMenuLevel_C' with ClassGeneratedBy '/Game/Levels/MainMenuLevel.MainMenuLevel:PersistentLevel.MainMenuLevel'
[2017.04.18-23.00.38:746][945]BlueprintLog: New page: Compile MainMenu
[2017.04.18-23.00.39:314][973]Cmd: OBJ SAVEPACKAGE PACKAGE="/Game/Menus/MainMenu" FILE="D:/Steven/OneDrive - umich.edu/CIS/CIS 488/Github Repository/TheCursedBlade/Cursed_Blade/Content/Menus/MainMenu.uasset" SILENT=true
[2017.04.18-23.00.39:380][973]LogSavePackage: Save=60.76ms
[2017.04.18-23.00.39:380][973]LogSavePackage: Moving 'D:/Steven/OneDrive - umich.edu/CIS/CIS 488/Github Repository/TheCursedBlade/Cursed_Blade/Saved/MainMenu9A5DEC1F4732C8E8330118AA16E9A5E1.tmp' to 'D:/Steven/OneDrive - umich.edu/CIS/CIS 488/Github Repository/TheCursedBlade/Cursed_Blade/Content/Menus/MainMenu.uasset'
[2017.04.18-23.00.39:389][973]LogSavePackage:Display: Finished SavePackage D:/Steven/OneDrive - umich.edu/CIS/CIS 488/Github Repository/TheCursedBlade/Cursed_Blade/Content/Menus/MainMenu.uasset
[2017.04.18-23.00.40:026][ 24]LogTemp: Repeting last play command: Selected Viewport
[2017.04.18-23.00.40:056][ 24]LogBlueprintUserMessages: Early PlayInEditor Detection: Level '/Game/Levels/MainMenuLevel.MainMenuLevel:PersistentLevel' has LevelScriptBlueprint '/Game/Levels/MainMenuLevel.MainMenuLevel:PersistentLevel.MainMenuLevel' with GeneratedClass '/Game/Levels/MainMenuLevel.MainMenuLevel_C' with ClassGeneratedBy '/Game/Levels/MainMenuLevel.MainMenuLevel:PersistentLevel.MainMenuLevel'
[2017.04.18-23.00.40:056][ 24]LogPlayLevel: PlayLevel: No blueprints needed recompiling
[2017.04.18-23.00.40:056][ 24]PIE: New page: PIE session: MainMenuLevel (Apr 18, 2017, 3:00:40 PM)
[2017.04.18-23.00.40:056][ 24]LogPlayLevel: Creating play world package: /Game/Levels/UEDPIE_0_MainMenuLevel
[2017.04.18-23.00.40:064][ 24]LogPlayLevel: PIE: StaticDuplicateObject took: (0.007347s)
[2017.04.18-23.00.40:064][ 24]LogAIModule: Creating AISystem for world MainMenuLevel
[2017.04.18-23.00.40:065][ 24]LogPlayLevel: PIE: World Init took: (0.000761s)
[2017.04.18-23.00.40:065][ 24]LogPlayLevel: PIE: Created PIE world by copying editor world from /Game/Levels/MainMenuLevel.MainMenuLevel to /Game/Levels/UEDPIE_0_MainMenuLevel.MainMenuLevel (0.008334s)
[2017.04.18-23.00.40:123][ 24]LogInit: XAudio2 using 'Headphones (Ausdom M06 Stereo)' : 2 channels at 44.1 kHz using 16 bits per sample (channel mask 0x3)
[2017.04.18-23.00.40:134][ 24]LogInit: FAudioDevice initialized.
[2017.04.18-23.00.40:252][ 24]LogLoad: Game class is 'myGame_C'
[2017.04.18-23.00.40:255][ 24]LogWorld: Bringing World /Game/Levels/UEDPIE_0_MainMenuLevel.MainMenuLevel up for play (max tick rate 0) at 2017.04.18-19.00.40
[2017.04.18-23.00.40:255][ 24]LogWorld: Bringing up level for play took: 0.001790
[2017.04.18-23.00.40:264][ 24]PIE: Info Play in editor start time for /Game/Levels/UEDPIE_0_MainMenuLevel 0.922
[2017.04.18-23.00.40:264][ 24]LogBlueprintUserMessages: Late PlayInEditor Detection: Level '/Game/Levels/MainMenuLevel.MainMenuLevel:PersistentLevel' has LevelScriptBlueprint '/Game/Levels/MainMenuLevel.MainMenuLevel:PersistentLevel.MainMenuLevel' with GeneratedClass '/Game/Levels/MainMenuLevel.MainMenuLevel_C' with ClassGeneratedBy '/Game/Levels/MainMenuLevel.MainMenuLevel:PersistentLevel.MainMenuLevel'
[2017.04.18-23.00.50:147][695]LogBlueprintUserMessages: Early EndPlayMap Detection: Level '/Game/Levels/MainMenuLevel.MainMenuLevel:PersistentLevel' has LevelScriptBlueprint '/Game/Levels/MainMenuLevel.MainMenuLevel:PersistentLevel.MainMenuLevel' with GeneratedClass '/Game/Levels/MainMenuLevel.MainMenuLevel_C' with ClassGeneratedBy '/Game/Levels/MainMenuLevel.MainMenuLevel:PersistentLevel.MainMenuLevel'
[2017.04.18-23.00.50:179][695]LogBlueprintUserMessages: Late EndPlayMap Detection: Level '/Game/Levels/MainMenuLevel.MainMenuLevel:PersistentLevel' has LevelScriptBlueprint '/Game/Levels/MainMenuLevel.MainMenuLevel:PersistentLevel.MainMenuLevel' with GeneratedClass '/Game/Levels/MainMenuLevel.MainMenuLevel_C' with ClassGeneratedBy '/Game/Levels/MainMenuLevel.MainMenuLevel:PersistentLevel.MainMenuLevel'
[2017.04.18-23.05.14:527][834]BlueprintLog: New page: Compile MainMenu
[2017.04.18-23.05.17:137][883]Cmd: OBJ SAVEPACKAGE PACKAGE="/Game/Menus/MainMenu" FILE="D:/Steven/OneDrive - umich.edu/CIS/CIS 488/Github Repository/TheCursedBlade/Cursed_Blade/Content/Menus/MainMenu.uasset" SILENT=true
[2017.04.18-23.05.17:214][883]LogSavePackage: Save=68.90ms
[2017.04.18-23.05.17:214][883]LogSavePackage: Moving 'D:/Steven/OneDrive - umich.edu/CIS/CIS 488/Github Repository/TheCursedBlade/Cursed_Blade/Saved/MainMenu3C0752304437E1F18B5ABA909D627600.tmp' to 'D:/Steven/OneDrive - umich.edu/CIS/CIS 488/Github Repository/TheCursedBlade/Cursed_Blade/Content/Menus/MainMenu.uasset'
[2017.04.18-23.05.17:224][883]LogSavePackage:Display: Finished SavePackage D:/Steven/OneDrive - umich.edu/CIS/CIS 488/Github Repository/TheCursedBlade/Cursed_Blade/Content/Menus/MainMenu.uasset
[2017.04.18-23.05.19:270][ 77]LogTemp: Repeting last play command: Selected Viewport
[2017.04.18-23.05.19:309][ 77]LogBlueprintUserMessages: Early PlayInEditor Detection: Level '/Game/Levels/MainMenuLevel.MainMenuLevel:PersistentLevel' has LevelScriptBlueprint '/Game/Levels/MainMenuLevel.MainMenuLevel:PersistentLevel.MainMenuLevel' with GeneratedClass '/Game/Levels/MainMenuLevel.MainMenuLevel_C' with ClassGeneratedBy '/Game/Levels/MainMenuLevel.MainMenuLevel:PersistentLevel.MainMenuLevel'
[2017.04.18-23.05.19:309][ 77]LogPlayLevel: PlayLevel: No blueprints needed recompiling
[2017.04.18-23.05.19:309][ 77]PIE: New page: PIE session: MainMenuLevel (Apr 18, 2017, 3:05:19 PM)
[2017.04.18-23.05.19:309][ 77]LogPlayLevel: Creating play world package: /Game/Levels/UEDPIE_0_MainMenuLevel
[2017.04.18-23.05.19:316][ 77]LogPlayLevel: PIE: StaticDuplicateObject took: (0.007184s)
[2017.04.18-23.05.19:317][ 77]LogAIModule: Creating AISystem for world MainMenuLevel
[2017.04.18-23.05.19:317][ 77]LogPlayLevel: PIE: World Init took: (0.001276s)
[2017.04.18-23.05.19:318][ 77]LogPlayLevel: PIE: Created PIE world by copying editor world from /Game/Levels/MainMenuLevel.MainMenuLevel to /Game/Levels/UEDPIE_0_MainMenuLevel.MainMenuLevel (0.008793s)
[2017.04.18-23.05.19:383][ 77]LogInit: XAudio2 using 'Headphones (Ausdom M06 Stereo)' : 2 channels at 44.1 kHz using 16 bits per sample (channel mask 0x3)
[2017.04.18-23.05.19:394][ 77]LogInit: FAudioDevice initialized.
[2017.04.18-23.05.19:522][ 77]LogLoad: Game class is 'myGame_C'
[2017.04.18-23.05.19:525][ 77]LogWorld: Bringing World /Game/Levels/UEDPIE_0_MainMenuLevel.MainMenuLevel up for play (max tick rate 0) at 2017.04.18-19.05.19
[2017.04.18-23.05.19:525][ 77]LogWorld: Bringing up level for play took: 0.001823
[2017.04.18-23.05.19:536][ 77]PIE: Info Play in editor start time for /Game/Levels/UEDPIE_0_MainMenuLevel 0.194
[2017.04.18-23.05.19:536][ 77]LogBlueprintUserMessages: Late PlayInEditor Detection: Level '/Game/Levels/MainMenuLevel.MainMenuLevel:PersistentLevel' has LevelScriptBlueprint '/Game/Levels/MainMenuLevel.MainMenuLevel:PersistentLevel.MainMenuLevel' with GeneratedClass '/Game/Levels/MainMenuLevel.MainMenuLevel_C' with ClassGeneratedBy '/Game/Levels/MainMenuLevel.MainMenuLevel:PersistentLevel.MainMenuLevel'
[2017.04.18-23.05.29:723][553]LogBlueprintUserMessages: Early EndPlayMap Detection: Level '/Game/Levels/MainMenuLevel.MainMenuLevel:PersistentLevel' has LevelScriptBlueprint '/Game/Levels/MainMenuLevel.MainMenuLevel:PersistentLevel.MainMenuLevel' with GeneratedClass '/Game/Levels/MainMenuLevel.MainMenuLevel_C' with ClassGeneratedBy '/Game/Levels/MainMenuLevel.MainMenuLevel:PersistentLevel.MainMenuLevel'
[2017.04.18-23.05.29:785][553]LogBlueprintUserMessages: Late EndPlayMap Detection: Level '/Game/Levels/MainMenuLevel.MainMenuLevel:PersistentLevel' has LevelScriptBlueprint '/Game/Levels/MainMenuLevel.MainMenuLevel:PersistentLevel.MainMenuLevel' with GeneratedClass '/Game/Levels/MainMenuLevel.MainMenuLevel_C' with ClassGeneratedBy '/Game/Levels/MainMenuLevel.MainMenuLevel:PersistentLevel.MainMenuLevel'
[2017.04.18-23.05.54:232][935]LogTemp: Repeting last play command: Selected Viewport
[2017.04.18-23.05.54:260][935]LogBlueprintUserMessages: Early PlayInEditor Detection: Level '/Game/Levels/MainMenuLevel.MainMenuLevel:PersistentLevel' has LevelScriptBlueprint '/Game/Levels/MainMenuLevel.MainMenuLevel:PersistentLevel.MainMenuLevel' with GeneratedClass '/Game/Levels/MainMenuLevel.MainMenuLevel_C' with ClassGeneratedBy '/Game/Levels/MainMenuLevel.MainMenuLevel:PersistentLevel.MainMenuLevel'
[2017.04.18-23.05.54:260][935]LogPlayLevel: PlayLevel: No blueprints needed recompiling
[2017.04.18-23.05.54:260][935]PIE: New page: PIE session: MainMenuLevel (Apr 18, 2017, 3:05:54 PM)
[2017.04.18-23.05.54:260][935]LogPlayLevel: Creating play world package: /Game/Levels/UEDPIE_0_MainMenuLevel
[2017.04.18-23.05.54:267][935]LogPlayLevel: PIE: StaticDuplicateObject took: (0.006647s)
[2017.04.18-23.05.54:267][935]LogAIModule: Creating AISystem for world MainMenuLevel
[2017.04.18-23.05.54:267][935]LogPlayLevel: PIE: World Init took: (0.000771s)
[2017.04.18-23.05.54:268][935]LogPlayLevel: PIE: Created PIE world by copying editor world from /Game/Levels/MainMenuLevel.MainMenuLevel to /Game/Levels/UEDPIE_0_MainMenuLevel.MainMenuLevel (0.007659s)
[2017.04.18-23.05.54:323][935]LogInit: XAudio2 using 'Headphones (Ausdom M06 Stereo)' : 2 channels at 44.1 kHz using 16 bits per sample (channel mask 0x3)
[2017.04.18-23.05.54:332][935]LogInit: FAudioDevice initialized.
[2017.04.18-23.05.54:449][935]LogLoad: Game class is 'myGame_C'
[2017.04.18-23.05.54:451][935]LogWorld: Bringing World /Game/Levels/UEDPIE_0_MainMenuLevel.MainMenuLevel up for play (max tick rate 0) at 2017.04.18-19.05.54
[2017.04.18-23.05.54:452][935]LogWorld: Bringing up level for play took: 0.001490
[2017.04.18-23.05.54:460][935]PIE: Info Play in editor start time for /Game/Levels/UEDPIE_0_MainMenuLevel 1.118
[2017.04.18-23.05.54:461][935]LogBlueprintUserMessages: Late PlayInEditor Detection: Level '/Game/Levels/MainMenuLevel.MainMenuLevel:PersistentLevel' has LevelScriptBlueprint '/Game/Levels/MainMenuLevel.MainMenuLevel:PersistentLevel.MainMenuLevel' with GeneratedClass '/Game/Levels/MainMenuLevel.MainMenuLevel_C' with ClassGeneratedBy '/Game/Levels/MainMenuLevel.MainMenuLevel:PersistentLevel.MainMenuLevel'
[2017.04.18-23.06.05:081][495]LogNet: Browse: /Game/Levels/TombLevel
[2017.04.18-23.06.05:081][495]LogLoad: LoadMap: /Game/Levels/TombLevel
[2017.04.18-23.06.05:114][495]Cmd: MEM
[2017.04.18-23.06.05:142][495]LogMemory: Platform Memory Stats for Windows
[2017.04.18-23.06.05:142][495]LogMemory: Process Physical Memory: 1140.37 MB used, 1660.74 MB peak
[2017.04.18-23.06.05:142][495]LogMemory: Process Virtual Memory: 2302.06 MB used, 2363.16 MB peak
[2017.04.18-23.06.05:142][495]LogMemory: Physical Memory: 4917.28 MB used,  3256.83 MB free, 8174.11 MB total
[2017.04.18-23.06.05:142][495]LogMemory: Virtual Memory: 3146.14 MB used,  3256.83 MB free, 134217728.00 MB total
[2017.04.18-23.06.05:142][495]LogMemory: 
[2017.04.18-23.06.05:142][495]Allocator Stats for TBB: (not implemented)
[2017.04.18-23.06.06:079][495]LogPackageName:Warning: String asset reference "Exo_Deco01.SM.Mesh.WoodenBarrel_Intact" is in short form, which is unsupported and -- even if valid -- resolving it will be really slow. Please consider resaving package in order to speed-up loading.
[2017.04.18-23.06.06:445][495]LogPackageName: SearchForPackageOnDisk took   0.365s, but failed to resolve Exo_Deco01.
[2017.04.18-23.06.06:445][495]LogPackageName:Warning: String asset reference "Exo_Deco01.SM.Mesh.WoodenBarrel_Intact" could not be resolved.
[2017.04.18-23.06.06:490][495]LogPackageName:Warning: String asset reference "Env_Ice_Rocky.Mesh.Env_Ice_NordHeed01" is in short form, which is unsupported and -- even if valid -- resolving it will be really slow. Please consider resaving package in order to speed-up loading.
[2017.04.18-23.06.06:941][495]LogPackageName: SearchForPackageOnDisk took   0.450s, but failed to resolve Env_Ice_Rocky.
[2017.04.18-23.06.06:941][495]LogPackageName:Warning: String asset reference "Env_Ice_Rocky.Mesh.Env_Ice_NordHeed01" could not be resolved.
[2017.04.18-23.06.07:144][495]LogPackageName:Warning: String asset reference "Env_Ice_Rocky.Mesh.Env_Ice_MelancholicTroll01" is in short form, which is unsupported and -- even if valid -- resolving it will be really slow. Please consider resaving package in order to speed-up loading.
[2017.04.18-23.06.07:514][495]LogPackageName: SearchForPackageOnDisk took   0.370s, but failed to resolve Env_Ice_Rocky.
[2017.04.18-23.06.07:514][495]LogPackageName:Warning: String asset reference "Env_Ice_Rocky.Mesh.Env_Ice_MelancholicTroll01" could not be resolved.
[2017.04.18-23.06.07:545][495]LogPackageName:Warning: String asset reference "Env_Ice_RuinedWalls001" is in short form, which is unsupported and -- even if valid -- resolving it will be really slow. Please consider resaving package in order to speed-up loading.
[2017.04.18-23.06.07:858][495]LogPackageName: SearchForPackageOnDisk took   0.313s, but failed to resolve Env_Ice_RuinedWalls001.
[2017.04.18-23.06.07:858][495]LogPackageName:Warning: String asset reference "Env_Ice_RuinedWalls001" could not be resolved.
[2017.04.18-23.06.09:246][495]LogStats: FPlatformStackWalk::StackWalkAndDump -  0.035 s
[2017.04.18-23.06.09:246][495]LogOutputDevice:Error: === Handled ensure: ===
[2017.04.18-23.06.09:246][495]LogOutputDevice:Error: 
[2017.04.18-23.06.09:246][495]LogOutputDevice:Error: Ensure condition failed: IsObjectValidForDatabase(AssetObject) [File:D:\Build\++UE4+Release-4.14+Compile\Sync\Engine\Source\Editor\BlueprintGraph\Private\BlueprintActionDatabase.cpp] [Line: 1263]
[2017.04.18-23.06.09:246][495]LogOutputDevice:Error: 
[2017.04.18-23.06.09:246][495]LogOutputDevice:Error: Stack: 
[2017.04.18-23.06.09:246][495]LogOutputDevice:Error: UE4Editor-Core.dll
[2017.04.18-23.06.09:246][495]LogOutputDevice:Error: UE4Editor-Core.dll
[2017.04.18-23.06.09:246][495]LogOutputDevice:Error: UE4Editor-Core.dll
[2017.04.18-23.06.09:246][495]LogOutputDevice:Error: UE4Editor-BlueprintGraph.dll
[2017.04.18-23.06.09:246][495]LogOutputDevice:Error: UE4Editor-BlueprintGraph.dll
[2017.04.18-23.06.09:246][495]LogOutputDevice:Error: UE4Editor-CoreUObject.dll
[2017.04.18-23.06.09:246][495]LogOutputDevice:Error: UE4Editor-CoreUObject.dll
[2017.04.18-23.06.09:246][495]LogOutputDevice:Error: UE4Editor-CoreUObject.dll
[2017.04.18-23.06.09:246][495]LogOutputDevice:Error: UE4Editor-CoreUObject.dll
[2017.04.18-23.06.09:246][495]LogOutputDevice:Error: UE4Editor-Engine.dll
[2017.04.18-23.06.09:246][495]LogOutputDevice:Error: UE4Editor-Engine.dll
[2017.04.18-23.06.09:246][495]LogOutputDevice:Error: UE4Editor-Engine.dll
[2017.04.18-23.06.09:246][495]LogOutputDevice:Error: UE4Editor-UnrealEd.dll
[2017.04.18-23.06.09:246][495]LogOutputDevice:Error: UE4Editor-UnrealEd.dll
[2017.04.18-23.06.09:246][495]LogOutputDevice:Error: UE4Editor.exe
[2017.04.18-23.06.09:246][495]LogOutputDevice:Error: UE4Editor.exe
[2017.04.18-23.06.09:246][495]LogOutputDevice:Error: UE4Editor.exe
[2017.04.18-23.06.09:246][495]LogOutputDevice:Error: UE4Editor.exe
[2017.04.18-23.06.09:246][495]LogOutputDevice:Error: UE4Editor.exe
[2017.04.18-23.06.09:246][495]LogOutputDevice:Error: KERNEL32.DLL
[2017.04.18-23.06.09:246][495]LogOutputDevice:Error: ntdll.dll
[2017.04.18-23.06.09:246][495]LogOutputDevice:Error: 
[2017.04.18-23.06.09:252][495]LogStats:                SubmitErrorReport -  0.000 s
