Log file open, 04/22/17 21:15:41
LogInit:Display: Running engine for game: Cursed_Blade
LogPlatformFile: Not using cached read wrapper
LogInit:Display: RandInit(-1072512838) SRandInit(-1072512837).
LogTaskGraph: Started task graph with 5 named threads and 6 total threads with 1 sets of task threads.
LogStats: Stats thread started at 2.979024
LogPluginManager: Loaded Plugin Paper2D, From C:/Program Files/Epic Games/UE_4.14/Engine/Plugins/2D/Paper2D/Paper2D.uplugin
LogPluginManager: Loaded Plugin LightPropagationVolume, From C:/Program Files/Epic Games/UE_4.14/Engine/Plugins/Blendables/LightPropagationVolume/LightPropagationVolume.uplugin
LogPluginManager: Loaded Plugin BlankPlugin, From C:/Program Files/Epic Games/UE_4.14/Engine/Plugins/Developer/BlankPlugin/BlankPlugin.uplugin
LogPluginManager: Loaded Plugin CodeLiteSourceCodeAccess, From C:/Program Files/Epic Games/UE_4.14/Engine/Plugins/Developer/CodeLiteSourceCodeAccess/CodeLiteSourceCodeAccess.uplugin
LogPluginManager: Loaded Plugin GitSourceControl, From C:/Program Files/Epic Games/UE_4.14/Engine/Plugins/Developer/GitSourceControl/GitSourceControl.uplugin
LogPluginManager: Loaded Plugin KDevelopSourceCodeAccess, From C:/Program Files/Epic Games/UE_4.14/Engine/Plugins/Developer/KDevelopSourceCodeAccess/KDevelopSourceCodeAccess.uplugin
LogPluginManager: Loaded Plugin NullSourceCodeAccess, From C:/Program Files/Epic Games/UE_4.14/Engine/Plugins/Developer/NullSourceCodeAccess/NullSourceCodeAccess.uplugin
LogPluginManager: Loaded Plugin OneSkyLocalizationService, From C:/Program Files/Epic Games/UE_4.14/Engine/Plugins/Developer/OneSkyLocalizationService/OneSkyLocalizationService.uplugin
LogPluginManager: Loaded Plugin PerforceSourceControl, From C:/Program Files/Epic Games/UE_4.14/Engine/Plugins/Developer/PerforceSourceControl/PerforceSourceControl.uplugin
LogPluginManager: Loaded Plugin SubversionSourceControl, From C:/Program Files/Epic Games/UE_4.14/Engine/Plugins/Developer/SubversionSourceControl/SubversionSourceControl.uplugin
LogPluginManager: Loaded Plugin UObjectPlugin, From C:/Program Files/Epic Games/UE_4.14/Engine/Plugins/Developer/UObjectPlugin/UObjectPlugin.uplugin
LogPluginManager: Loaded Plugin VisualStudioSourceCodeAccess, From C:/Program Files/Epic Games/UE_4.14/Engine/Plugins/Developer/VisualStudioSourceCodeAccess/VisualStudioSourceCodeAccess.uplugin
LogPluginManager: Loaded Plugin XCodeSourceCodeAccess, From C:/Program Files/Epic Games/UE_4.14/Engine/Plugins/Developer/XCodeSourceCodeAccess/XCodeSourceCodeAccess.uplugin
LogPluginManager: Loaded Plugin AudioCapture, From C:/Program Files/Epic Games/UE_4.14/Engine/Plugins/Editor/AudioCapture/AudioCapture.uplugin
LogPluginManager: Loaded Plugin EpicSurvey, From C:/Program Files/Epic Games/UE_4.14/Engine/Plugins/Editor/EpicSurvey/EpicSurvey.uplugin
LogPluginManager: Loaded Plugin MacGraphicsSwitching, From C:/Program Files/Epic Games/UE_4.14/Engine/Plugins/Editor/MacGraphicsSwitching/MacGraphicsSwitching.uplugin
LogPluginManager: Loaded Plugin MobileLauncherProfileWizard, From C:/Program Files/Epic Games/UE_4.14/Engine/Plugins/Editor/MobileLauncherProfileWizard/MobileLauncherProfileWizard.uplugin
LogPluginManager: Loaded Plugin PluginBrowser, From C:/Program Files/Epic Games/UE_4.14/Engine/Plugins/Editor/PluginBrowser/PluginBrowser.uplugin
LogPluginManager: Loaded Plugin SpeedTreeImporter, From C:/Program Files/Epic Games/UE_4.14/Engine/Plugins/Editor/SpeedTreeImporter/SpeedTreeImporter.uplugin
LogPluginManager: Loaded Plugin SuperSearchEditor, From C:/Program Files/Epic Games/UE_4.14/Engine/Plugins/Editor/SuperSearchEditor/SuperSearchEditor.uplugin
LogPluginManager: Loaded Plugin AlembicImporter, From C:/Program Files/Epic Games/UE_4.14/Engine/Plugins/Experimental/AlembicImporter/AlembicImporter.uplugin
LogPluginManager: Loaded Plugin BlueprintStats, From C:/Program Files/Epic Games/UE_4.14/Engine/Plugins/Experimental/BlueprintStats/BlueprintStats.uplugin
LogPluginManager: Loaded Plugin CharacterAI, From C:/Program Files/Epic Games/UE_4.14/Engine/Plugins/Experimental/CharacterAI/CharacterAI.uplugin
LogPluginManager: Loaded Plugin CodeEditor, From C:/Program Files/Epic Games/UE_4.14/Engine/Plugins/Experimental/CodeEditor/CodeEditor.uplugin
LogPluginManager: Loaded Plugin CodeView, From C:/Program Files/Epic Games/UE_4.14/Engine/Plugins/Experimental/CodeView/CodeView.uplugin
LogPluginManager: Loaded Plugin HTML5Networking, From C:/Program Files/Epic Games/UE_4.14/Engine/Plugins/Experimental/HTML5Networking/HTML5Networking.uplugin
LogPluginManager: Loaded Plugin OSVR, From C:/Program Files/Epic Games/UE_4.14/Engine/Plugins/Experimental/OSVR/OSVR.uplugin
LogPluginManager: Loaded Plugin Phya, From C:/Program Files/Epic Games/UE_4.14/Engine/Plugins/Experimental/Phya/Phya.uplugin
LogPluginManager: Loaded Plugin SignificanceManager, From C:/Program Files/Epic Games/UE_4.14/Engine/Plugins/Experimental/SignificanceManager/SignificanceManager.uplugin
LogPluginManager: Loaded Plugin SimpleHMD, From C:/Program Files/Epic Games/UE_4.14/Engine/Plugins/Experimental/SimpleHMD/SimpleHMD.uplugin
LogPluginManager: Loaded Plugin StereoPanorama, From C:/Program Files/Epic Games/UE_4.14/Engine/Plugins/Experimental/StereoPanorama/StereoPanorama.uplugin
LogPluginManager: Loaded Plugin StructBox, From C:/Program Files/Epic Games/UE_4.14/Engine/Plugins/Experimental/StructBox/StructBox.uplugin
LogPluginManager: Loaded Plugin AndroidMedia, From C:/Program Files/Epic Games/UE_4.14/Engine/Plugins/Media/AndroidMedia/AndroidMedia.uplugin
LogPluginManager: Loaded Plugin AvfMedia, From C:/Program Files/Epic Games/UE_4.14/Engine/Plugins/Media/AvfMedia/AvfMedia.uplugin
LogPluginManager: Loaded Plugin MediaPlayerEditor, From C:/Program Files/Epic Games/UE_4.14/Engine/Plugins/Media/MediaPlayerEditor/MediaPlayerEditor.uplugin
LogPluginManager: Loaded Plugin WmfMedia, From C:/Program Files/Epic Games/UE_4.14/Engine/Plugins/Media/WmfMedia/WmfMedia.uplugin
LogPluginManager: Loaded Plugin MessagingDebugger, From C:/Program Files/Epic Games/UE_4.14/Engine/Plugins/Messaging/MessagingDebugger/MessagingDebugger.uplugin
LogPluginManager: Loaded Plugin TcpMessaging, From C:/Program Files/Epic Games/UE_4.14/Engine/Plugins/Messaging/TcpMessaging/TcpMessaging.uplugin
LogPluginManager: Loaded Plugin UdpMessaging, From C:/Program Files/Epic Games/UE_4.14/Engine/Plugins/Messaging/UdpMessaging/UdpMessaging.uplugin
LogPluginManager: Loaded Plugin LevelSequenceEditor, From C:/Program Files/Epic Games/UE_4.14/Engine/Plugins/MovieScene/LevelSequenceEditor/LevelSequenceEditor.uplugin
LogPluginManager: Loaded Plugin MatineeToLevelSequence, From C:/Program Files/Epic Games/UE_4.14/Engine/Plugins/MovieScene/MatineeToLevelSequence/MatineeToLevelSequence.uplugin
LogPluginManager: Loaded Plugin NetcodeUnitTest, From C:/Program Files/Epic Games/UE_4.14/Engine/Plugins/NetcodeUnitTest/NetcodeUnitTest/NetcodeUnitTest.uplugin
LogPluginManager: Loaded Plugin NUTUnrealEngine4, From C:/Program Files/Epic Games/UE_4.14/Engine/Plugins/NetcodeUnitTest/NUTUnrealEngine4/NUTUnrealEngine4.uplugin
LogPluginManager: Loaded Plugin OnlineSubsystemGameCircle, From C:/Program Files/Epic Games/UE_4.14/Engine/Plugins/Online/Android/OnlineSubsystemGameCircle/OnlineSubsystemGameCircle.uplugin
LogPluginManager: Loaded Plugin OnlineSubsystemGooglePlay, From C:/Program Files/Epic Games/UE_4.14/Engine/Plugins/Online/Android/OnlineSubsystemGooglePlay/OnlineSubsystemGooglePlay.uplugin
LogPluginManager: Loaded Plugin OnlineSubsystemIOS, From C:/Program Files/Epic Games/UE_4.14/Engine/Plugins/Online/IOS/OnlineSubsystemIOS/OnlineSubsystemIOS.uplugin
LogPluginManager: Loaded Plugin OnlineFramework, From C:/Program Files/Epic Games/UE_4.14/Engine/Plugins/Online/OnlineFramework/OnlineFramework.uplugin
LogPluginManager: Loaded Plugin OnlineSubsystem, From C:/Program Files/Epic Games/UE_4.14/Engine/Plugins/Online/OnlineSubsystem/OnlineSubsystem.uplugin
LogPluginManager: Loaded Plugin OnlineSubsystemAmazon, From C:/Program Files/Epic Games/UE_4.14/Engine/Plugins/Online/OnlineSubsystemAmazon/OnlineSubsystemAmazon.uplugin
LogPluginManager: Loaded Plugin OnlineSubsystemFacebook, From C:/Program Files/Epic Games/UE_4.14/Engine/Plugins/Online/OnlineSubsystemFacebook/OnlineSubsystemFacebook.uplugin
LogPluginManager: Loaded Plugin OnlineSubsystemNull, From C:/Program Files/Epic Games/UE_4.14/Engine/Plugins/Online/OnlineSubsystemNull/OnlineSubsystemNull.uplugin
LogPluginManager: Loaded Plugin OnlineSubsystemOculus, From C:/Program Files/Epic Games/UE_4.14/Engine/Plugins/Online/OnlineSubsystemOculus/OnlineSubsystemOculus.uplugin
LogPluginManager: Loaded Plugin OnlineSubsystemSteam, From C:/Program Files/Epic Games/UE_4.14/Engine/Plugins/Online/OnlineSubsystemSteam/OnlineSubsystemSteam.uplugin
LogPluginManager: Loaded Plugin OnlineSubsystemUtils, From C:/Program Files/Epic Games/UE_4.14/Engine/Plugins/Online/OnlineSubsystemUtils/OnlineSubsystemUtils.uplugin
LogPluginManager: Loaded Plugin IOSTapJoy, From C:/Program Files/Epic Games/UE_4.14/Engine/Plugins/Runtime/Advertising/IOSTapJoy/IOSTapJoy.uplugin
LogPluginManager: Loaded Plugin AnalyticsBlueprintLibrary, From C:/Program Files/Epic Games/UE_4.14/Engine/Plugins/Runtime/Analytics/AnalyticsBlueprintLibrary/AnalyticsBlueprintLibrary.uplugin
LogPluginManager: Loaded Plugin AnalyticsMulticast, From C:/Program Files/Epic Games/UE_4.14/Engine/Plugins/Runtime/Analytics/AnalyticsMulticast/AnalyticsMulticast.uplugin
LogPluginManager: Loaded Plugin Apsalar, From C:/Program Files/Epic Games/UE_4.14/Engine/Plugins/Runtime/Analytics/Apsalar/Apsalar.uplugin
LogPluginManager: Loaded Plugin FileLogging, From C:/Program Files/Epic Games/UE_4.14/Engine/Plugins/Runtime/Analytics/FileLogging/FileLogging.uplugin
LogPluginManager: Loaded Plugin Flurry, From C:/Program Files/Epic Games/UE_4.14/Engine/Plugins/Runtime/Analytics/Flurry/Flurry.uplugin
LogPluginManager: Loaded Plugin AndroidDeviceProfileSelector, From C:/Program Files/Epic Games/UE_4.14/Engine/Plugins/Runtime/AndroidDeviceProfileSelector/AndroidDeviceProfileSelector.uplugin
LogPluginManager: Loaded Plugin AndroidMoviePlayer, From C:/Program Files/Epic Games/UE_4.14/Engine/Plugins/Runtime/AndroidMoviePlayer/AndroidMoviePlayer.uplugin
LogPluginManager: Loaded Plugin AppleMoviePlayer, From C:/Program Files/Epic Games/UE_4.14/Engine/Plugins/Runtime/AppleMoviePlayer/AppleMoviePlayer.uplugin
LogPluginManager: Loaded Plugin ArchVisCharacter, From C:/Program Files/Epic Games/UE_4.14/Engine/Plugins/Runtime/ArchVisCharacter/ArchVisCharacter.uplugin
LogPluginManager: Loaded Plugin CableComponent, From C:/Program Files/Epic Games/UE_4.14/Engine/Plugins/Runtime/CableComponent/CableComponent.uplugin
LogPluginManager: Loaded Plugin CustomMeshComponent, From C:/Program Files/Epic Games/UE_4.14/Engine/Plugins/Runtime/CustomMeshComponent/CustomMeshComponent.uplugin
LogPluginManager: Loaded Plugin ExampleDeviceProfileSelector, From C:/Program Files/Epic Games/UE_4.14/Engine/Plugins/Runtime/ExampleDeviceProfileSelector/ExampleDeviceProfileSelector.uplugin
LogPluginManager: Loaded Plugin GearVR, From C:/Program Files/Epic Games/UE_4.14/Engine/Plugins/Runtime/GearVR/GearVR.uplugin
LogPluginManager: Loaded Plugin GoogleVRController, From C:/Program Files/Epic Games/UE_4.14/Engine/Plugins/Runtime/GoogleVR/GoogleVRController/GoogleVRController.uplugin
LogPluginManager: Loaded Plugin GoogleVRHMD, From C:/Program Files/Epic Games/UE_4.14/Engine/Plugins/Runtime/GoogleVR/GoogleVRHMD/GoogleVRHMD.uplugin
LogPluginManager: Loaded Plugin IOSDeviceProfileSelector, From C:/Program Files/Epic Games/UE_4.14/Engine/Plugins/Runtime/IOSDeviceProfileSelector/IOSDeviceProfileSelector.uplugin
LogPluginManager: Loaded Plugin LeapMotion, From C:/Program Files/Epic Games/UE_4.14/Engine/Plugins/Runtime/LeapMotion/LeapMotion.uplugin
LogPluginManager: Loaded Plugin LinuxDeviceProfileSelector, From C:/Program Files/Epic Games/UE_4.14/Engine/Plugins/Runtime/LinuxDeviceProfileSelector/LinuxDeviceProfileSelector.uplugin
LogPluginManager: Loaded Plugin MIDIDevice, From C:/Program Files/Epic Games/UE_4.14/Engine/Plugins/Runtime/MIDIDevice/MIDIDevice.uplugin
LogPluginManager: Loaded Plugin MobilePatchingUtils, From C:/Program Files/Epic Games/UE_4.14/Engine/Plugins/Runtime/MobilePatchingUtils/MobilePatchingUtils.uplugin
LogPluginManager: Loaded Plugin Ansel, From C:/Program Files/Epic Games/UE_4.14/Engine/Plugins/Runtime/Nvidia/Ansel/Ansel.uplugin
LogPluginManager: Loaded Plugin OculusAudio, From C:/Program Files/Epic Games/UE_4.14/Engine/Plugins/Runtime/OculusAudio/OculusAudio.uplugin
LogPluginManager: Loaded Plugin OculusInput, From C:/Program Files/Epic Games/UE_4.14/Engine/Plugins/Runtime/OculusInput/OculusInput.uplugin
LogPluginManager: Loaded Plugin OculusLibrary, From C:/Program Files/Epic Games/UE_4.14/Engine/Plugins/Runtime/OculusLibrary/OculusLibrary.uplugin
LogPluginManager: Loaded Plugin OculusRift, From C:/Program Files/Epic Games/UE_4.14/Engine/Plugins/Runtime/OculusRift/OculusRift.uplugin
LogPluginManager: Loaded Plugin Oodle, From C:/Program Files/Epic Games/UE_4.14/Engine/Plugins/Runtime/PacketHandlers/CompressionComponents/Oodle/Oodle.uplugin
LogPluginManager: Loaded Plugin ProceduralMeshComponent, From C:/Program Files/Epic Games/UE_4.14/Engine/Plugins/Runtime/ProceduralMeshComponent/ProceduralMeshComponent.uplugin
LogPluginManager: Loaded Plugin SoundMod, From C:/Program Files/Epic Games/UE_4.14/Engine/Plugins/Runtime/SoundMod/SoundMod.uplugin
LogPluginManager: Loaded Plugin SoundVisualizations, From C:/Program Files/Epic Games/UE_4.14/Engine/Plugins/Runtime/SoundVisualizations/SoundVisualizations.uplugin
LogPluginManager: Loaded Plugin SteamController, From C:/Program Files/Epic Games/UE_4.14/Engine/Plugins/Runtime/Steam/SteamController/SteamController.uplugin
LogPluginManager: Loaded Plugin SteamVR, From C:/Program Files/Epic Games/UE_4.14/Engine/Plugins/Runtime/Steam/SteamVR/SteamVR.uplugin
LogPluginManager: Loaded Plugin WebBrowserWidget, From C:/Program Files/Epic Games/UE_4.14/Engine/Plugins/Runtime/WebBrowserWidget/WebBrowserWidget.uplugin
LogPluginManager: Loaded Plugin WindowsDeviceProfileSelector, From C:/Program Files/Epic Games/UE_4.14/Engine/Plugins/Runtime/WindowsDeviceProfileSelector/WindowsDeviceProfileSelector.uplugin
LogPluginManager: Loaded Plugin WindowsMoviePlayer, From C:/Program Files/Epic Games/UE_4.14/Engine/Plugins/Runtime/WindowsMoviePlayer/WindowsMoviePlayer.uplugin
LogPluginManager: Loaded Plugin ScriptPlugin, From C:/Program Files/Epic Games/UE_4.14/Engine/Plugins/ScriptPlugin/ScriptPlugin.uplugin
LogPluginManager: Loaded Plugin SlateRemote, From C:/Program Files/Epic Games/UE_4.14/Engine/Plugins/Slate/SlateRemote/SlateRemote.uplugin
LogPluginManager: Loaded Plugin EditorTests, From C:/Program Files/Epic Games/UE_4.14/Engine/Plugins/Tests/EditorTests/EditorTests.uplugin
LogPluginManager: Loaded Plugin FbxAutomationTestBuilder, From C:/Program Files/Epic Games/UE_4.14/Engine/Plugins/Tests/FbxAutomationTestBuilder/FbxAutomationTestBuilder.uplugin
LogPluginManager: Loaded Plugin FunctionalTestingEditor, From C:/Program Files/Epic Games/UE_4.14/Engine/Plugins/Tests/FunctionalTestingEditor/FunctionalTestingEditor.uplugin
LogPluginManager: Loaded Plugin RuntimeTests, From C:/Program Files/Epic Games/UE_4.14/Engine/Plugins/Tests/RuntimeTests/RuntimeTests.uplugin
LogPluginManager: Loaded Plugin ScreenshotTools, From C:/Program Files/Epic Games/UE_4.14/Engine/Plugins/Tests/ScreenshotTools/ScreenshotTools.uplugin
LogInit: Using libcurl 7.47.1
LogInit:  - built for x86_64-pc-win32
LogInit:  - supports SSL with OpenSSL/1.0.2g
LogInit:  - supports HTTP deflate (compression) using libz 1.2.8
LogInit:  - other features:
LogInit:      CURL_VERSION_SSL
LogInit:      CURL_VERSION_LIBZ
LogInit:      CURL_VERSION_IPV6
LogInit:      CURL_VERSION_ASYNCHDNS
LogInit:      CURL_VERSION_LARGEFILE
LogInit:      CURL_VERSION_IDN
LogInit:  CurlRequestOptions (configurable via config and command line):
LogInit:  - bVerifyPeer = false  - Libcurl will NOT verify peer certificate
LogInit:  - bUseHttpProxy = false  - Libcurl will NOT use HTTP proxy
LogInit:  - bDontReuseConnections = false  - Libcurl will reuse connections
LogInit:  - CertBundlePath = nullptr  - Libcurl will use whatever was configured at build time.
LogInit: Build: ++UE4+Release-4.14-CL-3249277
LogInit: Engine Version: 4.14.3-3249277+++UE4+Release-4.14
LogInit: Compatible Engine Version: 4.14.0-3195953+++UE4+Release-4.14
LogInit: Net CL: 3195953
LogDevObjectVersion: Number of dev versions registered: 13
LogDevObjectVersion:   Dev-Blueprints (B0D832E4-1F89-4F0D-ACCF-7EB736FD4AA2): 7
LogDevObjectVersion:   Dev-Build (E1C64328-A22C-4D53-A36C-8E866417BD8C): 0
LogDevObjectVersion:   Dev-Core (375EC13C-06E4-48FB-B500-84F0262A717E): 1
LogDevObjectVersion:   Dev-Editor (E4B068ED-F494-42E9-A231-DA0B2E46BB41): 8
LogDevObjectVersion:   Dev-Framework (CFFC743F-43B0-4480-9391-14DF171D2073): 17
LogDevObjectVersion:   Dev-Mobile (B02B49B5-BB20-44E9-A304-32B752E40360): 0
LogDevObjectVersion:   Dev-Networking (A4E4105C-59A1-49B5-A7C5-40C4547EDFEE): 0
LogDevObjectVersion:   Dev-Online (39C831C9-5AE6-47DC-9A44-9C173E1C8E7C): 0
LogDevObjectVersion:   Dev-Physics (78F01B33-EBEA-4F98-B9B4-84EACCB95AA2): 0
LogDevObjectVersion:   Dev-Platform (6631380F-2D4D-43E0-8009-CF276956A95A): 0
LogDevObjectVersion:   Dev-Rendering (12F88B9F-8875-4AFC-A67C-D90C383ABD29): 12
LogDevObjectVersion:   Dev-Sequencer (7B5AE74C-D270-4C10-A958-57980B212A5A): 1
LogDevObjectVersion:   Dev-VR (D7296918-1DD6-4BDD-9DE2-64A83CC13884): 0
LogInit: Compiled (64-bit): Jan  6 2017 10:49:43
LogInit: Compiled with Visual C++: 19.00.23026.00
LogInit: Build Configuration: Development
LogInit: Branch Name: ++UE4+Release-4.14
LogInit: Command line: 
LogInit: Base directory: C:/Program Files/Epic Games/UE_4.14/Engine/Binaries/Win64/
LogInit: Installed Engine Build: 1
LogInit: Presizing for max 8388607 objects, including 0 objects not considered by GC, pre-allocating 0 bytes for permanent pool.
LogInit: Object subsystem initialized
[2017.04.23-01.15.45:248][  0]LogInit: Selected Device Profile: [Windows]
[2017.04.23-01.15.45:248][  0]LogInit: Applying CVar settings loaded from the selected device profile: [Windows]
[2017.04.23-01.15.45:476][  0]LogInit: Computer: BADTZ-MARU
[2017.04.23-01.15.45:476][  0]LogInit: User: Luis
[2017.04.23-01.15.45:476][  0]LogInit: CPU Page size=65536, Cores=2
[2017.04.23-01.15.45:476][  0]LogInit: High frequency timer resolution =2.240909 MHz
[2017.04.23-01.15.45:476][  0]LogMemory: Memory total: Physical=7.9GB (8GB approx)
[2017.04.23-01.15.45:476][  0]LogMemory: Platform Memory Stats for Windows
[2017.04.23-01.15.45:476][  0]LogMemory: Process Physical Memory: 264.55 MB used, 264.55 MB peak
[2017.04.23-01.15.45:476][  0]LogMemory: Process Virtual Memory: 263.00 MB used, 263.00 MB peak
[2017.04.23-01.15.45:476][  0]LogMemory: Physical Memory: 4239.75 MB used,  3884.09 MB free, 8123.84 MB total
[2017.04.23-01.15.45:476][  0]LogMemory: Virtual Memory: 675.37 MB used,  3884.09 MB free, 134217728.00 MB total
[2017.04.23-01.15.47:953][  0]LogTextLocalizationManager: No specific translations for ('en-US') exist, so ('en') translations will be used.
[2017.04.23-01.15.59:404][  0]LogD3D11RHI: D3D11 adapters:
[2017.04.23-01.15.59:464][  0]LogD3D11RHI:    0. 'Intel(R) HD Graphics Family' (Feature Level 11_0)
[2017.04.23-01.15.59:464][  0]LogD3D11RHI:       112/0/2048 MB DedicatedVideo/DedicatedSystem/SharedSystem, Outputs:1, VendorId:0x8086
[2017.04.23-01.15.59:477][  0]LogD3D11RHI:    1. 'Microsoft Basic Render Driver' (Feature Level 11_0)
[2017.04.23-01.15.59:477][  0]LogD3D11RHI:       0/0/4061 MB DedicatedVideo/DedicatedSystem/SharedSystem, Outputs:0, VendorId:0x1414
[2017.04.23-01.15.59:477][  0]LogD3D11RHI: Chosen D3D11 Adapter: 0
[2017.04.23-01.15.59:487][  0]LogD3D11RHI: Creating new Direct3DDevice
[2017.04.23-01.15.59:488][  0]LogD3D11RHI:     GPU DeviceId: 0xa16 (for the marketing name, search the web for "GPU Device Id")
[2017.04.23-01.15.59:488][  0]LogWindows: EnumDisplayDevices:
[2017.04.23-01.15.59:488][  0]LogWindows:    0. 'Intel(R) HD Graphics Family' (P:1 D:1)
[2017.04.23-01.15.59:490][  0]LogWindows:    1. 'Intel(R) HD Graphics Family' (P:0 D:0)
[2017.04.23-01.15.59:491][  0]LogWindows:    2. 'Intel(R) HD Graphics Family' (P:0 D:0)
[2017.04.23-01.15.59:492][  0]LogWindows: DebugString: FoundDriverCount:3 
[2017.04.23-01.15.59:492][  0]LogD3D11RHI:     Adapter Name: Intel(R) HD Graphics Family
[2017.04.23-01.15.59:492][  0]LogD3D11RHI:   Driver Version: 20.19.15.4531 (internal:20.19.15.4531, unified:20.19.15.4531)
[2017.04.23-01.15.59:492][  0]LogD3D11RHI:      Driver Date: 9-29-2016
[2017.04.23-01.15.59:492][  0]LogRHI: Texture pool is 795 MB (70% of 1136 MB)
[2017.04.23-01.15.59:559][  0]LogD3D11RHI: Async texture creation enabled
[2017.04.23-01.15.59:933][  0]LogD3D11RHI: GPU Timing Frequency: 12.500000 (Debug: 2 0)
[2017.04.23-01.16.00:038][  0]LogShaderCompilers: Guid format shader working directory is -20 characters bigger than the processId version (../../../../../../Users/Luis/Desktop/TheCursedBlade/Cursed_Blade/Intermediate/Shaders/WorkingDirectory/18084/).
[2017.04.23-01.16.00:038][  0]LogShaderCompilers: Cleaned the shader compiler working directory 'C:/Users/Luis/AppData/Local/Temp/UnrealShaderWorkingDir/E48C583C414E9460B1C812A81E6FF019/'.
[2017.04.23-01.16.00:051][  0]LogShaderCompilers:Display: Using Local Shader Compiler.
[2017.04.23-01.16.17:167][  0]LogTemp:Display: Loaded TP AllDesktopTargetPlatform
[2017.04.23-01.16.17:599][  0]LogTemp:Display: Loaded TP MacClientTargetPlatform
[2017.04.23-01.16.17:998][  0]LogTemp:Display: Loaded TP MacNoEditorTargetPlatform
[2017.04.23-01.16.18:404][  0]LogTemp:Display: Loaded TP MacServerTargetPlatform
[2017.04.23-01.16.18:877][  0]LogTemp:Display: Loaded TP MacTargetPlatform
[2017.04.23-01.16.19:290][  0]LogTemp:Display: Loaded TP WindowsClientTargetPlatform
[2017.04.23-01.16.19:703][  0]LogTemp:Display: Loaded TP WindowsNoEditorTargetPlatform
[2017.04.23-01.16.20:105][  0]LogTemp:Display: Loaded TP WindowsServerTargetPlatform
[2017.04.23-01.16.20:492][  0]LogTemp:Display: Loaded TP WindowsTargetPlatform
[2017.04.23-01.16.20:974][  0]LogTemp:Display: Loaded TP AndroidTargetPlatform
[2017.04.23-01.16.21:431][  0]LogTemp:Display: Loaded TP Android_ASTCTargetPlatform
[2017.04.23-01.16.21:850][  0]LogTemp:Display: Loaded TP Android_ATCTargetPlatform
[2017.04.23-01.16.22:297][  0]LogTemp:Display: Loaded TP Android_DXTTargetPlatform
[2017.04.23-01.16.22:743][  0]LogTemp:Display: Loaded TP Android_ETC1TargetPlatform
[2017.04.23-01.16.23:155][  0]LogTemp:Display: Loaded TP Android_ETC2TargetPlatform
[2017.04.23-01.16.24:029][  0]LogTemp:Display: Loaded TP Android_MultiTargetPlatform
[2017.04.23-01.16.24:029][  0]LogTemp:Display: Loaded TP Android_PVRTCTargetPlatform
[2017.04.23-01.16.24:430][  0]LogTemp:Display: Loaded TP HTML5TargetPlatform
[2017.04.23-01.16.25:264][  0]LogTemp:Display: Loaded TP IOSTargetPlatform
[2017.04.23-01.16.25:517][  0]LogTemp:Display: Loaded TP TVOSTargetPlatform
[2017.04.23-01.16.25:967][  0]LogTemp:Display: Loaded TP LinuxClientTargetPlatform
[2017.04.23-01.16.26:366][  0]LogTemp:Display: Loaded TP LinuxNoEditorTargetPlatform
[2017.04.23-01.16.26:782][  0]LogTemp:Display: Loaded TP LinuxServerTargetPlatform
[2017.04.23-01.16.27:351][  0]LogTemp:Display: Loaded TP LinuxTargetPlatform
[2017.04.23-01.16.27:363][  0]LogTargetPlatformManager:Display: Building Assets For Windows
[2017.04.23-01.16.33:114][  0]LogDerivedDataCache:Display: Max Cache Size: 512 MB
[2017.04.23-01.16.33:849][  0]LogDerivedDataCache: Loaded boot cache 0.73s 50MB C:/Users/Luis/AppData/Local/UnrealEngine/4.14/DerivedDataCache/Boot.ddc.
[2017.04.23-01.16.33:849][  0]LogDerivedDataCache:Display: Loaded Boot cache: C:/Users/Luis/AppData/Local/UnrealEngine/4.14/DerivedDataCache/Boot.ddc
[2017.04.23-01.16.33:849][  0]LogDerivedDataCache: FDerivedDataBackendGraph:  Pak pak cache file ../../../../../../Users/Luis/Desktop/TheCursedBlade/Cursed_Blade/DerivedDataCache/DDC.ddp not found, will not use a pak cache.
[2017.04.23-01.16.33:849][  0]LogDerivedDataCache: Unable to find inner node Pak for hierarchical cache Hierarchy.
[2017.04.23-01.16.33:850][  0]LogDerivedDataCache: FDerivedDataBackendGraph:  CompressedPak pak cache file ../../../../../../Users/Luis/Desktop/TheCursedBlade/Cursed_Blade/DerivedDataCache/Compressed.ddp not found, will not use a pak cache.
[2017.04.23-01.16.33:850][  0]LogDerivedDataCache: Unable to find inner node CompressedPak for hierarchical cache Hierarchy.
[2017.04.23-01.16.33:968][  0]LogDerivedDataCache:Display: Pak cache opened for reading ../../../Engine/DerivedDataCache/Compressed.ddp.
[2017.04.23-01.16.34:006][  0]LogDerivedDataCache: Using Local data cache path C:/Users/Luis/AppData/Local/UnrealEngine/Common/DerivedDataCache: Writable
[2017.04.23-01.16.51:360][  0]LogInit: Selected Device Profile: [Windows]
[2017.04.23-01.16.51:756][  0]LogContentStreaming: Texture pool size is 0.00 MB
[2017.04.23-01.16.54:160][  0]LogMeshUtilities: Using QuadricMeshReduction for automatic static mesh reduction
[2017.04.23-01.16.54:712][  0]LogSimplygon: Simplygon DLL not present - disabling.
[2017.04.23-01.16.55:163][  0]LogMeshUtilities: Using SimplygonSwarm for distributed automatic mesh merging
[2017.04.23-01.16.55:163][  0]LogMeshUtilities: No automatic skeletal mesh reduction module available
[2017.04.23-01.16.55:163][  0]LogMeshUtilities: No automatic mesh merging module available
[2017.04.23-01.17.07:260][  0]LogNetVersion: GetLocalNetworkVersion: CL: 3195953, ProjectName: cursed_blade, ProjectVersion: , EngineNetworkVersion: 2, GameNetworkVersion: 0, NetworkChecksum: 3550933385
[2017.04.23-01.17.07:863][  0]LogAssetRegistry: FAssetRegistry took 0.0270 seconds to start up
[2017.04.23-01.17.08:777][  0]LogPackageLocalizationCache: Processed 3 localized package path(s) for 2 prioritized culture(s) in 0.604734 seconds
[2017.04.23-01.17.08:802][  0]LogUObjectArray: 31946 objects as part of root set at end of initial load.
[2017.04.23-01.17.08:802][  0]LogUObjectAllocator: 6935840 out of 0 bytes used by permanent object pool.
[2017.04.23-01.17.08:802][  0]LogUObjectArray: CloseDisregardForGC: 0/0 objects in disregard for GC pool
[2017.04.23-01.17.09:837][  0]LogInit: WinSock: version 1.1 (2.2), MaxSocks=32767, MaxUdp=65467
[2017.04.23-01.17.19:140][  0]LogSlate: Using Freetype 2.6.0
[2017.04.23-01.17.19:273][  0]LogSlate: SlateFontCache - WITH_FREETYPE: 1, WITH_HARFBUZZ: 1
[2017.04.23-01.17.19:280][  0]LogSlate: SlateFontCache - WITH_FREETYPE: 1, WITH_HARFBUZZ: 1
[2017.04.23-01.18.00:073][  0]LogTcpMessaging: Initializing TcpMessaging bridge
[2017.04.23-01.18.00:377][  0]LogUdpMessaging: Initializing bridge on interface 0.0.0.0:0 to multicast group 230.0.0.1:6666.
[2017.04.23-01.18.04:079][  0]LogMaterial: Uniform references updated for custom material expression Custom.
[2017.04.23-01.18.07:989][  0]SourceControl: Info Source control is disabled
[2017.04.23-01.18.08:019][  0]SourceControl: Info Source control is disabled
[2017.04.23-01.18.08:507][  0]SourceControl: Info Source control is disabled
[2017.04.23-01.18.08:959][  0]SourceControl: Info Source control is disabled
[2017.04.23-01.18.22:761][  0]LogEngine: Initializing Engine...
[2017.04.23-01.18.22:814][  0]LogHMD: Failed to initialize OpenVR with code 110
[2017.04.23-01.18.25:906][  0]LogAIModule: Creating AISystem for world Untitled
[2017.04.23-01.18.26:419][  0]LogInit: XAudio2 using 'Speakers / HP (IDT High Definition Audio CODEC)' : 2 channels at 48 kHz using 16 bits per sample (channel mask 0x3)
[2017.04.23-01.18.26:735][  0]LogInit: FAudioDevice initialized.
[2017.04.23-01.18.26:821][  0]LogDerivedDataCache: Saved boot cache 0.06s 50MB C:/Users/Luis/AppData/Local/UnrealEngine/4.14/DerivedDataCache/Boot.ddc.
[2017.04.23-01.18.26:843][  0]LogInit: Texture streaming: Enabled
[2017.04.23-01.18.29:637][  0]LogInit: Transaction tracking system initialized
[2017.04.23-01.18.33:396][  0]BlueprintLog: New page: Editor Load
[2017.04.23-01.18.48:656][  0]LocalizationService: Info Localization service is disabled
[2017.04.23-01.19.01:132][  0]LogConsoleResponse:Display: 
[2017.04.23-01.19.05:980][  0]LogFileCache: Scanning file cache for directory 'C:/Users/Luis/Desktop/TheCursedBlade/Cursed_Blade/Content/' took 0.10s
[2017.04.23-01.19.05:980][  0]LogCook:Display: Max memory allowance for cook 16384mb min free memory 0mb
[2017.04.23-01.19.06:000][  0]LogCook:Display: Mobile HDR setting 1
[2017.04.23-01.19.19:192][  0]SourceControl: Info Source control is disabled
[2017.04.23-01.19.20:010][  0]Cmd: MAP LOAD FILE="../../../../../../Users/Luis/Desktop/TheCursedBlade/Cursed_Blade/Content/Levels/MainMenuLevel.umap" TEMPLATE=0 SHOWPROGRESS=1 FEATURELEVEL=3
[2017.04.23-01.19.20:366][  0]LightingResults: New page: Lighting Build
[2017.04.23-01.19.21:304][  0]MapCheck: New page: Map Check
[2017.04.23-01.19.21:305][  0]LightingResults: New page: Lighting Build
[2017.04.23-01.19.34:960][  0]LogAIModule: Creating AISystem for world MainMenuLevel
[2017.04.23-01.19.37:246][  0]LogEditorServer: Finished looking for orphan Actors (0.006 secs)
[2017.04.23-01.19.37:453][  0]Cmd: MAP CHECKDEP NOCLEARLOG
[2017.04.23-01.19.38:078][  0]MapCheck: Info Map check complete: 0 Error(s), 0 Warning(s), took 621.278ms to complete.
[2017.04.23-01.19.38:079][  0]LogFileHelpers: Loading map 'MainMenuLevel' took 18.338
[2017.04.23-01.19.39:455][  0]LogWindowsTextInputMethodSystem:Display: IME system now deactivated.
[2017.04.23-01.19.39:456][  0]LogWindowsTextInputMethodSystem:Display: IME system now deactivated.
[2017.04.23-01.19.41:230][  0]LogCollectionManager: Loaded 0 collections in 0.007030 seconds
[2017.04.23-01.19.42:190][  0]LogFileCache: Scanning file cache for directory 'C:/Users/Luis/Desktop/TheCursedBlade/Cursed_Blade/Saved/Collections/' took 0.01s
[2017.04.23-01.19.42:190][  0]LogFileCache: Scanning file cache for directory 'C:/Users/Luis/Desktop/TheCursedBlade/Cursed_Blade/Content/Developers/Luis/Collections/' took 0.01s
[2017.04.23-01.19.42:190][  0]LogFileCache: Scanning file cache for directory 'C:/Users/Luis/Desktop/TheCursedBlade/Cursed_Blade/Content/Collections/' took 0.01s
[2017.04.23-01.19.42:190][  0]LogCollectionManager: Rebuilt the GUID cache for 0 collections in 0.000005 seconds
[2017.04.23-01.19.42:225][  0]LogContentBrowser: Native class hierarchy populated in 0.0336 seconds. Added 2190 classes and 428 folders.
[2017.04.23-01.19.43:141][  0]LogStats: UGameplayTagsManager::ConstructGameplayTagTree: Construct from data asset -  0.000 s
[2017.04.23-01.19.43:141][  0]LogStats: UGameplayTagsManager::ConstructGameplayTagTree: GameplayTagTreeChangedEvent.Broadcast -  0.000 s
[2017.04.23-01.19.43:145][  0]LogContentBrowser: Native class hierarchy updated for 'GameplayTags' in 0.0033 seconds. Added 13 classes and 0 folders.
[2017.04.23-01.19.44:449][  0]LogContentBrowser: Native class hierarchy updated for 'WidgetCarousel' in 0.0030 seconds. Added 0 classes and 0 folders.
[2017.04.23-01.19.47:891][  0]LogContentBrowser: Native class hierarchy updated for 'AddContentDialog' in 0.0015 seconds. Added 0 classes and 0 folders.
[2017.04.23-01.19.48:353][  0]LogContentBrowser: Native class hierarchy updated for 'SceneOutliner' in 0.0029 seconds. Added 1 classes and 2 folders.
[2017.04.23-01.19.49:295][  0]LogCrashTracker: Crashtracker disabled due to settings.
[2017.04.23-01.19.49:695][  0]LogUObjectGlobals:Warning: Failed to find object 'Class None.'
[2017.04.23-01.19.50:277][  0]LogContentBrowser: Native class hierarchy updated for 'HierarchicalLODOutliner' in 0.0016 seconds. Added 1 classes and 2 folders.
[2017.04.23-01.19.50:277][  0]LogLoad: (Engine Initialization) Total time: 265.77 seconds
[2017.04.23-01.19.50:277][  0]LogLoad: (Engine Initialization) Total Blueprint compile time: 3.05 seconds
[2017.04.23-01.19.50:277][  0]LogExternalProfiler: Found external profiler: VSPerf
[2017.04.23-01.19.50:277][  0]LogExternalProfiler: Using external profiler: VSPerf
[2017.04.23-01.19.50:379][  0]LogOcInput: OculusInput pre-init called
[2017.04.23-01.19.51:535][  0]LogContentStreaming: Texture pool size now 3000 MB
[2017.04.23-01.19.53:541][  0]LogRenderer: Reallocating scene render targets to support 964x436 NumSamples 1 (Frame:2).
[2017.04.23-01.19.57:421][ 10]LogAssetRegistry: Asset discovery search completed in 169.5818 seconds
[2017.04.23-01.19.57:436][ 10]LogCollectionManager: Rebuilt the object cache for 0 collections in 0.000001 seconds (found 0 objects)
[2017.04.23-01.19.57:436][ 10]LogCollectionManager: Fixed up redirectors for 0 collections in 0.001479 seconds (updated 0 objects)
[2017.04.23-01.21.45:675][395]LogPackageName:Warning: String asset reference "Env_Ice_Rocky.Mesh.Env_Ice_NordHeed01" is in short form, which is unsupported and -- even if valid -- resolving it will be really slow. Please consider resaving package in order to speed-up loading.
[2017.04.23-01.21.46:584][395]LogPackageName: SearchForPackageOnDisk took   0.910s, but failed to resolve Env_Ice_Rocky.
[2017.04.23-01.21.46:585][395]LogPackageName:Warning: String asset reference "Env_Ice_Rocky.Mesh.Env_Ice_NordHeed01" could not be resolved.
[2017.04.23-01.21.46:657][395]LogPackageName:Warning: String asset reference "Env_Ice_Rocky.Mesh.Env_Ice_MelancholicTroll01" is in short form, which is unsupported and -- even if valid -- resolving it will be really slow. Please consider resaving package in order to speed-up loading.
[2017.04.23-01.21.47:422][395]LogPackageName: SearchForPackageOnDisk took   0.766s, but failed to resolve Env_Ice_Rocky.
[2017.04.23-01.21.47:422][395]LogPackageName:Warning: String asset reference "Env_Ice_Rocky.Mesh.Env_Ice_MelancholicTroll01" could not be resolved.
[2017.04.23-01.21.49:483][395]LogPackageName:Warning: String asset reference "Env_Ice_RuinedWalls001" is in short form, which is unsupported and -- even if valid -- resolving it will be really slow. Please consider resaving package in order to speed-up loading.
[2017.04.23-01.21.50:255][395]LogPackageName: SearchForPackageOnDisk took   0.772s, but failed to resolve Env_Ice_RuinedWalls001.
[2017.04.23-01.21.50:255][395]LogPackageName:Warning: String asset reference "Env_Ice_RuinedWalls001" could not be resolved.
[2017.04.23-01.21.51:162][395]LogPackageName:Warning: String asset reference "Exo_Deco01.SM.Mesh.WoodenBarrel_Intact" is in short form, which is unsupported and -- even if valid -- resolving it will be really slow. Please consider resaving package in order to speed-up loading.
[2017.04.23-01.21.51:910][395]LogPackageName: SearchForPackageOnDisk took   0.748s, but failed to resolve Exo_Deco01.
[2017.04.23-01.21.51:910][395]LogPackageName:Warning: String asset reference "Exo_Deco01.SM.Mesh.WoodenBarrel_Intact" could not be resolved.
[2017.04.23-01.22.13:752][395]LogAIModule: Creating AISystem for world TombLevel
[2017.04.23-01.22.14:667][395]Cmd: MAP LOAD FILE="../../../../../../Users/Luis/Desktop/TheCursedBlade/Cursed_Blade/Content/Levels/TombLevel.umap" TEMPLATE=0 SHOWPROGRESS=1 FEATURELEVEL=3
[2017.04.23-01.22.14:671][395]LightingResults: New page: Lighting Build
[2017.04.23-01.22.14:673][395]LoadErrors: New page: Loading map: TombLevel.umap
[2017.04.23-01.22.14:817][395]MapCheck: New page: Map Check
[2017.04.23-01.22.14:817][395]LightingResults: New page: Lighting Build
[2017.04.23-01.22.15:352][395]LogEditorServer: Finished looking for orphan Actors (0.000 secs)
[2017.04.23-01.22.15:523][395]Cmd: MAP CHECKDEP NOCLEARLOG
[2017.04.23-01.22.16:313][395]MapCheck: Info Map check complete: 0 Error(s), 0 Warning(s), took 789.966ms to complete.
[2017.04.23-01.22.16:315][395]LogFileHelpers: Loading map 'TombLevel' took 1.689
[2017.04.23-01.22.42:986][650]LogContentBrowser: Native class hierarchy updated for 'BlueprintGraph' in 0.0042 seconds. Added 111 classes and 0 folders.
[2017.04.23-01.22.56:499][749]LogRenderer: Reallocating scene render targets to support 964x540 NumSamples 1 (Frame:2459).
[2017.04.23-01.24.28:148][246]BlueprintLog: New page: Compile PickupBox
[2017.04.23-01.24.38:695][434]LogTemp: Repeting last play command: New Editor Window (PIE)
[2017.04.23-01.24.38:818][434]LogBlueprintUserMessages: Early PlayInEditor Detection: Level '/Game/Levels/TombLevel.TombLevel:PersistentLevel' has LevelScriptBlueprint '/Game/Levels/TombLevel.TombLevel:PersistentLevel.TombLevel' with GeneratedClass '/Game/Levels/TombLevel.TombLevel_C' with ClassGeneratedBy '/Game/Levels/TombLevel.TombLevel:PersistentLevel.TombLevel'
[2017.04.23-01.24.38:849][434]LogPlayLevel: PlayLevel: No blueprints needed recompiling
[2017.04.23-01.24.38:940][434]PIE: New page: PIE session: TombLevel (Apr 22, 2017, 5:24:38 PM)
[2017.04.23-01.24.38:953][434]LogPlayLevel: Creating play world package: /Game/Levels/UEDPIE_0_TombLevel
[2017.04.23-01.24.39:418][434]LogPlayLevel: PIE: StaticDuplicateObject took: (0.464298s)
[2017.04.23-01.24.39:419][434]LogAIModule: Creating AISystem for world TombLevel
[2017.04.23-01.24.39:435][434]LogPlayLevel: PIE: World Init took: (0.017098s)
[2017.04.23-01.24.39:451][434]LogPlayLevel: PIE: Created PIE world by copying editor world from /Game/Levels/TombLevel.TombLevel to /Game/Levels/UEDPIE_0_TombLevel.TombLevel (0.497275s)
[2017.04.23-01.24.39:602][434]LogInit: XAudio2 using 'Speakers / HP (IDT High Definition Audio CODEC)' : 2 channels at 48 kHz using 16 bits per sample (channel mask 0x3)
[2017.04.23-01.24.39:830][434]LogInit: FAudioDevice initialized.
[2017.04.23-01.24.40:090][434]LogLoad: Game class is 'myGame_C'
[2017.04.23-01.24.40:321][434]LogWorld: Bringing World /Game/Levels/UEDPIE_0_TombLevel.TombLevel up for play (max tick rate 0) at 2017.04.22-21.24.40
[2017.04.23-01.24.40:610][434]LogWorld: Bringing up level for play took: 0.407079
[2017.04.23-01.24.41:638][434]LogContentBrowser: Native class hierarchy updated for 'MovieSceneCapture' in 0.0034 seconds. Added 11 classes and 0 folders.
[2017.04.23-01.24.41:870][434]PIE: Info Play in editor start time for /Game/Levels/UEDPIE_0_TombLevel 3.891
[2017.04.23-01.24.41:872][434]LogBlueprintUserMessages: Late PlayInEditor Detection: Level '/Game/Levels/TombLevel.TombLevel:PersistentLevel' has LevelScriptBlueprint '/Game/Levels/TombLevel.TombLevel:PersistentLevel.TombLevel' with GeneratedClass '/Game/Levels/TombLevel.TombLevel_C' with ClassGeneratedBy '/Game/Levels/TombLevel.TombLevel:PersistentLevel.TombLevel'
[2017.04.23-01.24.58:617][723]LogBlueprintUserMessages: [PickupBox_16] Picked Up Orb
[2017.04.23-01.25.05:186][808]LogBlueprintUserMessages: Early EndPlayMap Detection: Level '/Game/Levels/TombLevel.TombLevel:PersistentLevel' has LevelScriptBlueprint '/Game/Levels/TombLevel.TombLevel:PersistentLevel.TombLevel' with GeneratedClass '/Game/Levels/TombLevel.TombLevel_C' with ClassGeneratedBy '/Game/Levels/TombLevel.TombLevel:PersistentLevel.TombLevel'
[2017.04.23-01.25.05:630][808]LogBlueprintUserMessages: Late EndPlayMap Detection: Level '/Game/Levels/TombLevel.TombLevel:PersistentLevel' has LevelScriptBlueprint '/Game/Levels/TombLevel.TombLevel:PersistentLevel.TombLevel' with GeneratedClass '/Game/Levels/TombLevel.TombLevel_C' with ClassGeneratedBy '/Game/Levels/TombLevel.TombLevel:PersistentLevel.TombLevel'
[2017.04.23-01.25.36:482][ 66]Cmd: OBJ SAVEPACKAGE PACKAGE="/Game/Levels/TombLevel" FILE="../../../../../../Users/Luis/Desktop/TheCursedBlade/Cursed_Blade/Content/Levels/TombLevel.umap" SILENT=true AUTOSAVING=false KEEPDIRTY=false
[2017.04.23-01.25.56:730][ 66]LogSavePackage: Save=19815.90ms
[2017.04.23-01.25.56:730][ 66]LogSavePackage: Moving '../../../../../../Users/Luis/Desktop/TheCursedBlade/Cursed_Blade/Saved/TombLevel0E63EAD74E3A607B17FBF08D21107D4E.tmp' to '../../../../../../Users/Luis/Desktop/TheCursedBlade/Cursed_Blade/Content/Levels/TombLevel.umap'
[2017.04.23-01.25.56:937][ 66]LogSavePackage:Display: Finished SavePackage ../../../../../../Users/Luis/Desktop/TheCursedBlade/Cursed_Blade/Content/Levels/TombLevel.umap
[2017.04.23-01.26.43:264][658]Cmd: OBJ SAVEPACKAGE PACKAGE="/Game/ItemPickup/RedPickupOrb" FILE="../../../../../../Users/Luis/Desktop/TheCursedBlade/Cursed_Blade/Content/ItemPickup/RedPickupOrb.uasset" SILENT=true
[2017.04.23-01.26.43:420][658]LogSavePackage: Save=123.68ms
[2017.04.23-01.26.43:420][658]LogSavePackage: Moving '../../../../../../Users/Luis/Desktop/TheCursedBlade/Cursed_Blade/Saved/RedPickupOrb980FC7C341DDB754169348BDF3F0BE41.tmp' to '../../../../../../Users/Luis/Desktop/TheCursedBlade/Cursed_Blade/Content/ItemPickup/RedPickupOrb.uasset'
[2017.04.23-01.26.43:493][658]LogSavePackage:Display: Finished SavePackage ../../../../../../Users/Luis/Desktop/TheCursedBlade/Cursed_Blade/Content/ItemPickup/RedPickupOrb.uasset
[2017.04.23-01.26.56:314][858]LogRenderer: Reallocating scene render targets to support 1144x708 NumSamples 1 (Frame:4712).
[2017.04.23-01.33.47:987][250]LogD3D11RHI: Timed out while waiting for GPU to catch up. (0.5 s)
[2017.04.23-01.35.37:713][694]LogFileHelpers: Editor autosave (incl. sublevels) for '/Game/Levels/TombLevel' took 0.120
[2017.04.23-01.35.37:727][694]OBJ SavePackage: Generating thumbnails for [1] asset(s) in package [/Game/ItemPickup/PickupBox] ([1] browsable assets)...
[2017.04.23-01.35.37:875][694]OBJ SavePackage:     Rendered thumbnail for [Blueprint /Game/ItemPickup/PickupBox.PickupBox]
[2017.04.23-01.35.37:875][694]OBJ SavePackage: Finished generating thumbnails for package [/Game/ItemPickup/PickupBox]
[2017.04.23-01.35.38:081][694]LogSavePackage: Save=99.84ms
[2017.04.23-01.35.38:081][694]LogSavePackage: Moving '../../../../../../Users/Luis/Desktop/TheCursedBlade/Cursed_Blade/Saved/PickupBox_Auto1C76185D3463BEF53B5233FBED687148C.tmp' to '../../../../../../Users/Luis/Desktop/TheCursedBlade/Cursed_Blade/Saved/Autosaves/Game/ItemPickup/PickupBox_Auto1.uasset'
[2017.04.23-01.35.38:107][694]LogSavePackage:Display: Finished SavePackage ../../../../../../Users/Luis/Desktop/TheCursedBlade/Cursed_Blade/Saved/Autosaves/Game/ItemPickup/PickupBox_Auto1.uasset
[2017.04.23-01.35.38:174][694]LogSavePackage: Save=29.96ms
[2017.04.23-01.35.38:174][694]LogSavePackage: Moving '../../../../../../Users/Luis/Desktop/TheCursedBlade/Cursed_Blade/Saved/PickupOrb2_Auto1C59C5B9A4CD2263003A081B0AACB3D35.tmp' to '../../../../../../Users/Luis/Desktop/TheCursedBlade/Cursed_Blade/Saved/Autosaves/Game/ItemPickup/PickupOrb2_Auto1.uasset'
[2017.04.23-01.35.38:195][694]LogSavePackage:Display: Finished SavePackage ../../../../../../Users/Luis/Desktop/TheCursedBlade/Cursed_Blade/Saved/Autosaves/Game/ItemPickup/PickupOrb2_Auto1.uasset
[2017.04.23-01.35.38:201][694]OBJ SavePackage: Generating thumbnails for [1] asset(s) in package [/Game/ItemPickup/RedPickupOrb] ([1] browsable assets)...
[2017.04.23-01.35.38:343][694]OBJ SavePackage:     Rendered thumbnail for [StaticMesh /Game/ItemPickup/RedPickupOrb.RedPickupOrb]
[2017.04.23-01.35.38:343][694]OBJ SavePackage: Finished generating thumbnails for package [/Game/ItemPickup/RedPickupOrb]
[2017.04.23-01.35.38:503][694]LogSavePackage: Save=67.11ms
[2017.04.23-01.35.38:503][694]LogSavePackage: Moving '../../../../../../Users/Luis/Desktop/TheCursedBlade/Cursed_Blade/Saved/RedPickupOrb_Auto1096BFEC74FA171C1E0D66FA243F237A1.tmp' to '../../../../../../Users/Luis/Desktop/TheCursedBlade/Cursed_Blade/Saved/Autosaves/Game/ItemPickup/RedPickupOrb_Auto1.uasset'
[2017.04.23-01.35.38:522][694]LogSavePackage:Display: Finished SavePackage ../../../../../../Users/Luis/Desktop/TheCursedBlade/Cursed_Blade/Saved/Autosaves/Game/ItemPickup/RedPickupOrb_Auto1.uasset
[2017.04.23-01.35.38:522][694]LogFileHelpers: Auto-saving content packages took 0.808
[2017.04.23-01.54.11:793][962]Cmd: OBJ SAVEPACKAGE PACKAGE="/Game/ItemPickup/RedPickupOrb" FILE="../../../../../../Users/Luis/Desktop/TheCursedBlade/Cursed_Blade/Content/ItemPickup/RedPickupOrb.uasset" SILENT=true
[2017.04.23-01.54.11:954][962]LogSavePackage: Save=69.40ms
[2017.04.23-01.54.11:954][962]LogSavePackage: Moving '../../../../../../Users/Luis/Desktop/TheCursedBlade/Cursed_Blade/Saved/RedPickupOrb7C3A23E646BE778FF668E0A14B289573.tmp' to '../../../../../../Users/Luis/Desktop/TheCursedBlade/Cursed_Blade/Content/ItemPickup/RedPickupOrb.uasset'
[2017.04.23-01.54.12:014][962]LogSavePackage:Display: Finished SavePackage ../../../../../../Users/Luis/Desktop/TheCursedBlade/Cursed_Blade/Content/ItemPickup/RedPickupOrb.uasset
[2017.04.23-02.10.36:669][322]LogMetaData: Removing '/Game/ItemPickup/RedPickupItem1.SKEL_RedPickupItem1_C' ref from Metadata '/Game/ItemPickup/RedPickuItem1.PackageMetaData'
[2017.04.23-02.10.36:670][322]LogMetaData: Removing '/Game/ItemPickup/RedPickupItem1.RedPickupItem1_C' ref from Metadata '/Game/ItemPickup/RedPickuItem1.PackageMetaData'
[2017.04.23-02.10.36:738][322]Cmd: OBJ SAVEPACKAGE PACKAGE="/Game/ItemPickup/RedPickupItem1" FILE="../../../../../../Users/Luis/Desktop/TheCursedBlade/Cursed_Blade/Content/ItemPickup/RedPickupItem1.uasset" SILENT=true
[2017.04.23-02.10.36:853][322]LogSavePackage: Save=84.67ms
[2017.04.23-02.10.36:853][322]LogSavePackage: Moving '../../../../../../Users/Luis/Desktop/TheCursedBlade/Cursed_Blade/Saved/RedPickupItem121C997584C8383EE8B04FD957545431F.tmp' to '../../../../../../Users/Luis/Desktop/TheCursedBlade/Cursed_Blade/Content/ItemPickup/RedPickupItem1.uasset'
[2017.04.23-02.10.36:905][322]LogSavePackage:Display: Finished SavePackage ../../../../../../Users/Luis/Desktop/TheCursedBlade/Cursed_Blade/Content/ItemPickup/RedPickupItem1.uasset
[2017.04.23-02.12.34:588][694]LogFileHelpers: Editor autosave (incl. sublevels) for '/Game/Levels/TombLevel' took 0.097
[2017.04.23-02.12.34:661][694]LogSavePackage: Save=33.82ms
[2017.04.23-02.12.34:661][694]LogSavePackage: Moving '../../../../../../Users/Luis/Desktop/TheCursedBlade/Cursed_Blade/Saved/RedPickuItem1_Auto26CF962F048F584305DDC8A8595A3CD75.tmp' to '../../../../../../Users/Luis/Desktop/TheCursedBlade/Cursed_Blade/Saved/Autosaves/Game/ItemPickup/RedPickuItem1_Auto2.uasset'
[2017.04.23-02.12.34:685][694]LogSavePackage:Display: Finished SavePackage ../../../../../../Users/Luis/Desktop/TheCursedBlade/Cursed_Blade/Saved/Autosaves/Game/ItemPickup/RedPickuItem1_Auto2.uasset
[2017.04.23-02.12.34:689][694]OBJ SavePackage: Generating thumbnails for [0] asset(s) in package [/Game/ItemPickup/EvilInventoryInterface] ([1] browsable assets)...
[2017.04.23-02.12.34:689][694]OBJ SavePackage: Finished generating thumbnails for package [/Game/ItemPickup/EvilInventoryInterface]
[2017.04.23-02.12.34:777][694]LogSavePackage: Save=56.89ms
[2017.04.23-02.12.34:777][694]LogSavePackage: Moving '../../../../../../Users/Luis/Desktop/TheCursedBlade/Cursed_Blade/Saved/EvilInventoryInterface_Auto2B347F1084C8539B1A05105B4DD0BE15D.tmp' to '../../../../../../Users/Luis/Desktop/TheCursedBlade/Cursed_Blade/Saved/Autosaves/Game/ItemPickup/EvilInventoryInterface_Auto2.uasset'
[2017.04.23-02.12.34:804][694]LogSavePackage:Display: Finished SavePackage ../../../../../../Users/Luis/Desktop/TheCursedBlade/Cursed_Blade/Saved/Autosaves/Game/ItemPickup/EvilInventoryInterface_Auto2.uasset
[2017.04.23-02.12.34:805][694]LogFileHelpers: Auto-saving content packages took 0.215
[2017.04.23-02.16.51:018][952]BlueprintLog: New page: Compile EvilInventoryInterface
[2017.04.23-02.18.24:575][248]BlueprintLog: New page: Compile RedPickupItem1
[2017.04.23-02.19.52:001][373]BlueprintLog: New page: Compile RedPickupItem2
[2017.04.23-02.20.10:064][534]LogActorComponent: UnregisterComponent: (/Engine/Transient.EditorFloorComp) Not registered. Aborting.
[2017.04.23-02.20.41:917][996]BlueprintLog: New page: Compile RedPickupItem3
[2017.04.23-02.23.38:047][203]LogFileHelpers: Editor autosave (incl. sublevels) for '/Game/Levels/TombLevel' took 0.151
[2017.04.23-02.23.38:059][203]OBJ SavePackage: Generating thumbnails for [1] asset(s) in package [/Game/character/characterBP] ([1] browsable assets)...
[2017.04.23-02.23.38:181][203]OBJ SavePackage:     Rendered thumbnail for [Blueprint /Game/character/characterBP.characterBP]
[2017.04.23-02.23.38:181][203]OBJ SavePackage: Finished generating thumbnails for package [/Game/character/characterBP]
[2017.04.23-02.23.38:694][203]LogSavePackage: Save=363.72ms
[2017.04.23-02.23.38:694][203]LogSavePackage: Moving '../../../../../../Users/Luis/Desktop/TheCursedBlade/Cursed_Blade/Saved/characterBP_Auto34007575B4995CF40DCE8C2A21BEBA984.tmp' to '../../../../../../Users/Luis/Desktop/TheCursedBlade/Cursed_Blade/Saved/Autosaves/Game/character/characterBP_Auto3.uasset'
[2017.04.23-02.23.38:730][203]LogSavePackage:Display: Finished SavePackage ../../../../../../Users/Luis/Desktop/TheCursedBlade/Cursed_Blade/Saved/Autosaves/Game/character/characterBP_Auto3.uasset
[2017.04.23-02.23.38:738][203]OBJ SavePackage: Generating thumbnails for [1] asset(s) in package [/Game/ItemPickup/RedPickupItem1] ([1] browsable assets)...
[2017.04.23-02.23.38:759][203]OBJ SavePackage:     Rendered thumbnail for [Blueprint /Game/ItemPickup/RedPickupItem1.RedPickupItem1]
[2017.04.23-02.23.38:759][203]OBJ SavePackage: Finished generating thumbnails for package [/Game/ItemPickup/RedPickupItem1]
[2017.04.23-02.23.38:970][203]LogSavePackage: Save=79.13ms
[2017.04.23-02.23.38:971][203]LogSavePackage: Moving '../../../../../../Users/Luis/Desktop/TheCursedBlade/Cursed_Blade/Saved/RedPickupItem1_Auto361F4C8294A185169D01A219074D207D3.tmp' to '../../../../../../Users/Luis/Desktop/TheCursedBlade/Cursed_Blade/Saved/Autosaves/Game/ItemPickup/RedPickupItem1_Auto3.uasset'
[2017.04.23-02.23.38:998][203]LogSavePackage:Display: Finished SavePackage ../../../../../../Users/Luis/Desktop/TheCursedBlade/Cursed_Blade/Saved/Autosaves/Game/ItemPickup/RedPickupItem1_Auto3.uasset
[2017.04.23-02.23.39:005][203]OBJ SavePackage: Generating thumbnails for [0] asset(s) in package [/Game/ItemPickup/EvilInventoryInterface] ([1] browsable assets)...
[2017.04.23-02.23.39:007][203]OBJ SavePackage: Finished generating thumbnails for package [/Game/ItemPickup/EvilInventoryInterface]
[2017.04.23-02.23.39:169][203]LogSavePackage: Save=114.11ms
[2017.04.23-02.23.39:169][203]LogSavePackage: Moving '../../../../../../Users/Luis/Desktop/TheCursedBlade/Cursed_Blade/Saved/EvilInventoryInterface_Auto3649E78CB491093548A482DBB47D18ECC.tmp' to '../../../../../../Users/Luis/Desktop/TheCursedBlade/Cursed_Blade/Saved/Autosaves/Game/ItemPickup/EvilInventoryInterface_Auto3.uasset'
[2017.04.23-02.23.39:217][203]LogSavePackage:Display: Finished SavePackage ../../../../../../Users/Luis/Desktop/TheCursedBlade/Cursed_Blade/Saved/Autosaves/Game/ItemPickup/EvilInventoryInterface_Auto3.uasset
[2017.04.23-02.23.39:223][203]OBJ SavePackage: Generating thumbnails for [1] asset(s) in package [/Game/ItemPickup/RedPickupItem2] ([1] browsable assets)...
[2017.04.23-02.23.39:240][203]OBJ SavePackage:     Rendered thumbnail for [Blueprint /Game/ItemPickup/RedPickupItem2.RedPickupItem2]
[2017.04.23-02.23.39:240][203]OBJ SavePackage: Finished generating thumbnails for package [/Game/ItemPickup/RedPickupItem2]
[2017.04.23-02.23.39:465][203]LogSavePackage: Save=145.95ms
[2017.04.23-02.23.39:465][203]LogSavePackage: Moving '../../../../../../Users/Luis/Desktop/TheCursedBlade/Cursed_Blade/Saved/RedPickupItem2_Auto382F96C7646E76C2680E8BA88BE4F70F0.tmp' to '../../../../../../Users/Luis/Desktop/TheCursedBlade/Cursed_Blade/Saved/Autosaves/Game/ItemPickup/RedPickupItem2_Auto3.uasset'
[2017.04.23-02.23.39:484][203]LogSavePackage:Display: Finished SavePackage ../../../../../../Users/Luis/Desktop/TheCursedBlade/Cursed_Blade/Saved/Autosaves/Game/ItemPickup/RedPickupItem2_Auto3.uasset
[2017.04.23-02.23.39:488][203]OBJ SavePackage: Generating thumbnails for [1] asset(s) in package [/Game/ItemPickup/RedPickupItem3] ([1] browsable assets)...
[2017.04.23-02.23.39:505][203]OBJ SavePackage:     Rendered thumbnail for [Blueprint /Game/ItemPickup/RedPickupItem3.RedPickupItem3]
[2017.04.23-02.23.39:505][203]OBJ SavePackage: Finished generating thumbnails for package [/Game/ItemPickup/RedPickupItem3]
[2017.04.23-02.23.39:659][203]LogSavePackage: Save=120.01ms
[2017.04.23-02.23.39:659][203]LogSavePackage: Moving '../../../../../../Users/Luis/Desktop/TheCursedBlade/Cursed_Blade/Saved/RedPickupItem3_Auto3B9BAC04A49B7DF4A75C7D68732431F7B.tmp' to '../../../../../../Users/Luis/Desktop/TheCursedBlade/Cursed_Blade/Saved/Autosaves/Game/ItemPickup/RedPickupItem3_Auto3.uasset'
[2017.04.23-02.23.39:691][203]LogSavePackage:Display: Finished SavePackage ../../../../../../Users/Luis/Desktop/TheCursedBlade/Cursed_Blade/Saved/Autosaves/Game/ItemPickup/RedPickupItem3_Auto3.uasset
[2017.04.23-02.23.39:691][203]LogFileHelpers: Auto-saving content packages took 1.642
[2017.04.23-02.33.41:544][809]LogFileHelpers: Editor autosave (incl. sublevels) for '/Game/Levels/TombLevel' took 0.216
[2017.04.23-02.33.41:558][809]OBJ SavePackage: Generating thumbnails for [1] asset(s) in package [/Game/character/characterBP] ([1] browsable assets)...
[2017.04.23-02.33.41:705][809]OBJ SavePackage:     Rendered thumbnail for [Blueprint /Game/character/characterBP.characterBP]
[2017.04.23-02.33.41:705][809]OBJ SavePackage: Finished generating thumbnails for package [/Game/character/characterBP]
[2017.04.23-02.33.42:328][809]LogSavePackage: Save=454.74ms
[2017.04.23-02.33.42:328][809]LogSavePackage: Moving '../../../../../../Users/Luis/Desktop/TheCursedBlade/Cursed_Blade/Saved/characterBP_Auto4900A44824BB7540A6CC9BCA8ABF1FE8E.tmp' to '../../../../../../Users/Luis/Desktop/TheCursedBlade/Cursed_Blade/Saved/Autosaves/Game/character/characterBP_Auto4.uasset'
[2017.04.23-02.33.42:378][809]LogSavePackage:Display: Finished SavePackage ../../../../../../Users/Luis/Desktop/TheCursedBlade/Cursed_Blade/Saved/Autosaves/Game/character/characterBP_Auto4.uasset
[2017.04.23-02.33.42:379][809]LogFileHelpers: Auto-saving content packages took 0.830
[2017.04.23-02.37.20:954][997]BlueprintLog: New page: Compile characterBP
[2017.04.23-02.37.21:299][997]LogBlueprint:Error: [Compiler characterBP] Error Internal Compiler Error:  Tried to create a property K2Node_Event_Item2 in scope ExecuteUbergraph_characterBP, but StrProperty /Game/character/characterBP.characterBP_C:ExecuteUbergraph_characterBP.K2Node_Event_Item2 already exists there.
[2017.04.23-02.37.24:023][997]BlueprintEditorCompileResults:Error: Error Internal Compiler Error:  Tried to create a property K2Node_Event_Item2 in scope ExecuteUbergraph_characterBP, but StrProperty /Game/character/characterBP.characterBP_C:ExecuteUbergraph_characterBP.K2Node_Event_Item2 already exists there.
[2017.04.23-02.37.24:066][997]LogBlueprint:Warning: [Compiler characterBP] Warning [4919.55] Compile of characterBP failed. 1 Fatal Issue(s) 0 Warning(s) [in 3,111 ms] (/Game/character/characterBP.characterBP)
[2017.04.23-02.40.49:559][ 47]BlueprintLog: New page: Compile characterBP
[2017.04.23-02.40.49:730][ 47]LogBlueprint:Error: [Compiler characterBP] Error Internal Compiler Error:  Tried to create a property K2Node_Event_Item2 in scope ExecuteUbergraph_characterBP, but StrProperty /Game/character/characterBP.characterBP_C:ExecuteUbergraph_characterBP.K2Node_Event_Item2 already exists there.
[2017.04.23-02.40.51:026][ 47]BlueprintEditorCompileResults:Error: Error Internal Compiler Error:  Tried to create a property K2Node_Event_Item2 in scope ExecuteUbergraph_characterBP, but StrProperty /Game/character/characterBP.characterBP_C:ExecuteUbergraph_characterBP.K2Node_Event_Item2 already exists there.
[2017.04.23-02.40.51:026][ 47]LogBlueprint:Warning: [Compiler characterBP] Warning [5126.51] Compile of characterBP failed. 1 Fatal Issue(s) 0 Warning(s) [in 1,466 ms] (/Game/character/characterBP.characterBP)
[2017.04.23-02.42.17:844][245]LogActorComponent: UnregisterComponent: (/Engine/Transient.EditorFloorComp) Not registered. Aborting.
[2017.04.23-02.42.38:847][245]LogObjectTools:Warning: ForceReplaceReferences replaced references for a transient object 'SKEL_characterBP_C' or package '/Game/character/characterBP'.
[2017.04.23-02.42.38:847][245]LogObjectTools:Warning: ForceReplaceReferences replaced references for a transient object 'K2Node_FunctionResult_0' or package '/Game/character/characterBP'.
[2017.04.23-02.42.38:847][245]LogObjectTools:Warning: ForceReplaceReferences replaced references for a transient object 'K2Node_FunctionEntry_53' or package '/Game/character/characterBP'.
[2017.04.23-02.42.38:848][245]LogObjectTools:Warning: ForceReplaceReferences replaced references for a transient object 'K2Node_FunctionEntry_207' or package '/Engine/Transient'.
[2017.04.23-02.42.38:849][245]LogObjectTools:Warning: ForceReplaceReferences replaced references for a transient object 'K2Node_FunctionEntry_205' or package '/Engine/Transient'.
[2017.04.23-02.42.38:849][245]LogObjectTools:Warning: ForceReplaceReferences replaced references for a transient object 'REINST_SKEL_characterBP_C_185' or package '/Engine/Transient'.
[2017.04.23-02.42.38:850][245]LogObjectTools:Warning: ForceReplaceReferences replaced references for a transient object 'K2Node_FunctionEntry_200' or package '/Engine/Transient'.
[2017.04.23-02.42.38:850][245]LogObjectTools:Warning: ForceReplaceReferences replaced references for a transient object 'K2Node_Event_110' or package '/Game/character/characterBP'.
[2017.04.23-02.42.38:850][245]LogObjectTools:Warning: ForceReplaceReferences replaced references for a transient object 'K2Node_Event_109' or package '/Game/character/characterBP'.
[2017.04.23-02.42.38:850][245]LogObjectTools:Warning: ForceReplaceReferences replaced references for a transient object 'K2Node_Event_108' or package '/Game/character/characterBP'.
[2017.04.23-02.42.38:851][245]LogObjectTools:Warning: ForceReplaceReferences replaced references for a transient object 'REINST_SKEL_characterBP_C_197' or package '/Engine/Transient'.
[2017.04.23-02.42.38:851][245]LogObjectTools:Warning: ForceReplaceReferences replaced references for a transient object 'K2Node_FunctionResult_0' or package '/Game/character/characterBP'.
[2017.04.23-02.42.38:851][245]LogObjectTools:Warning: ForceReplaceReferences replaced references for a transient object 'K2Node_FunctionEntry_53' or package '/Game/character/characterBP'.
[2017.04.23-02.42.38:852][245]LogObjectTools:Warning: ForceReplaceReferences replaced references for a transient object 'K2Node_FunctionEntry_189' or package '/Engine/Transient'.
[2017.04.23-02.42.38:852][245]LogObjectTools:Warning: ForceReplaceReferences replaced references for a transient object 'K2Node_FunctionEntry_187' or package '/Engine/Transient'.
[2017.04.23-02.42.38:853][245]LogObjectTools:Warning: ForceReplaceReferences replaced references for a transient object 'K2Node_FunctionEntry_182' or package '/Engine/Transient'.
[2017.04.23-02.42.38:853][245]LogObjectTools:Warning: ForceReplaceReferences replaced references for a transient object 'K2Node_Event_100' or package '/Game/character/characterBP'.
[2017.04.23-02.42.38:854][245]LogObjectTools:Warning: ForceReplaceReferences replaced references for a transient object 'K2Node_Event_99' or package '/Game/character/characterBP'.
[2017.04.23-02.42.38:854][245]LogObjectTools:Warning: ForceReplaceReferences replaced references for a transient object 'K2Node_Event_98' or package '/Game/character/characterBP'.
[2017.04.23-02.42.38:854][245]LogObjectTools:Warning: ForceReplaceReferences replaced references for a transient object 'REINST_SKEL_characterBP_C_195' or package '/Engine/Transient'.
[2017.04.23-02.42.38:854][245]LogObjectTools:Warning: ForceReplaceReferences replaced references for a transient object 'K2Node_FunctionResult_0' or package '/Game/character/characterBP'.
[2017.04.23-02.42.38:855][245]LogObjectTools:Warning: ForceReplaceReferences replaced references for a transient object 'K2Node_FunctionEntry_53' or package '/Game/character/characterBP'.
[2017.04.23-02.42.38:855][245]LogObjectTools:Warning: ForceReplaceReferences replaced references for a transient object 'K2Node_FunctionEntry_171' or package '/Engine/Transient'.
[2017.04.23-02.42.38:856][245]LogObjectTools:Warning: ForceReplaceReferences replaced references for a transient object 'K2Node_FunctionEntry_169' or package '/Engine/Transient'.
[2017.04.23-02.42.38:857][245]LogObjectTools:Warning: ForceReplaceReferences replaced references for a transient object 'K2Node_FunctionEntry_164' or package '/Engine/Transient'.
[2017.04.23-02.42.38:857][245]LogObjectTools:Warning: ForceReplaceReferences replaced references for a transient object 'K2Node_Event_90' or package '/Game/character/characterBP'.
[2017.04.23-02.42.38:857][245]LogObjectTools:Warning: ForceReplaceReferences replaced references for a transient object 'K2Node_Event_89' or package '/Game/character/characterBP'.
[2017.04.23-02.42.38:857][245]LogObjectTools:Warning: ForceReplaceReferences replaced references for a transient object 'K2Node_Event_88' or package '/Game/character/characterBP'.
[2017.04.23-02.42.38:857][245]LogObjectTools:Warning: ForceReplaceReferences replaced references for a transient object 'REINST_SKEL_characterBP_C_193' or package '/Engine/Transient'.
[2017.04.23-02.42.38:858][245]LogObjectTools:Warning: ForceReplaceReferences replaced references for a transient object 'K2Node_FunctionResult_0' or package '/Game/character/characterBP'.
[2017.04.23-02.42.38:858][245]LogObjectTools:Warning: ForceReplaceReferences replaced references for a transient object 'K2Node_FunctionEntry_53' or package '/Game/character/characterBP'.
[2017.04.23-02.42.38:858][245]LogObjectTools:Warning: ForceReplaceReferences replaced references for a transient object 'K2Node_FunctionEntry_153' or package '/Engine/Transient'.
[2017.04.23-02.42.38:859][245]LogObjectTools:Warning: ForceReplaceReferences replaced references for a transient object 'K2Node_FunctionEntry_151' or package '/Engine/Transient'.
[2017.04.23-02.42.38:860][245]LogObjectTools:Warning: ForceReplaceReferences replaced references for a transient object 'K2Node_FunctionEntry_146' or package '/Engine/Transient'.
[2017.04.23-02.42.38:860][245]LogObjectTools:Warning: ForceReplaceReferences replaced references for a transient object 'K2Node_Event_80' or package '/Game/character/characterBP'.
[2017.04.23-02.42.38:860][245]LogObjectTools:Warning: ForceReplaceReferences replaced references for a transient object 'K2Node_Event_79' or package '/Game/character/characterBP'.
[2017.04.23-02.42.38:860][245]LogObjectTools:Warning: ForceReplaceReferences replaced references for a transient object 'K2Node_Event_78' or package '/Game/character/characterBP'.
[2017.04.23-02.42.38:860][245]LogObjectTools:Warning: ForceReplaceReferences replaced references for a transient object 'REINST_SKEL_characterBP_C_191' or package '/Engine/Transient'.
[2017.04.23-02.42.38:861][245]LogObjectTools:Warning: ForceReplaceReferences replaced references for a transient object 'K2Node_FunctionResult_0' or package '/Game/character/characterBP'.
[2017.04.23-02.42.38:861][245]LogObjectTools:Warning: ForceReplaceReferences replaced references for a transient object 'K2Node_FunctionEntry_53' or package '/Game/character/characterBP'.
[2017.04.23-02.42.38:862][245]LogObjectTools:Warning: ForceReplaceReferences replaced references for a transient object 'K2Node_FunctionEntry_135' or package '/Engine/Transient'.
[2017.04.23-02.42.38:863][245]LogObjectTools:Warning: ForceReplaceReferences replaced references for a transient object 'K2Node_FunctionEntry_133' or package '/Engine/Transient'.
[2017.04.23-02.42.38:864][245]LogObjectTools:Warning: ForceReplaceReferences replaced references for a transient object 'K2Node_FunctionEntry_128' or package '/Engine/Transient'.
[2017.04.23-02.42.38:865][245]LogObjectTools:Warning: ForceReplaceReferences replaced references for a transient object 'K2Node_Event_70' or package '/Game/character/characterBP'.
[2017.04.23-02.42.38:865][245]LogObjectTools:Warning: ForceReplaceReferences replaced references for a transient object 'K2Node_Event_69' or package '/Game/character/characterBP'.
[2017.04.23-02.42.38:865][245]LogObjectTools:Warning: ForceReplaceReferences replaced references for a transient object 'K2Node_Event_68' or package '/Game/character/characterBP'.
[2017.04.23-02.42.38:865][245]LogObjectTools:Warning: ForceReplaceReferences replaced references for a transient object 'REINST_SKEL_characterBP_C_189' or package '/Engine/Transient'.
[2017.04.23-02.42.38:866][245]LogObjectTools:Warning: ForceReplaceReferences replaced references for a transient object 'K2Node_FunctionResult_0' or package '/Game/character/characterBP'.
[2017.04.23-02.42.38:866][245]LogObjectTools:Warning: ForceReplaceReferences replaced references for a transient object 'K2Node_FunctionEntry_53' or package '/Game/character/characterBP'.
[2017.04.23-02.42.38:867][245]LogObjectTools:Warning: ForceReplaceReferences replaced references for a transient object 'K2Node_FunctionEntry_117' or package '/Engine/Transient'.
[2017.04.23-02.42.38:867][245]LogObjectTools:Warning: ForceReplaceReferences replaced references for a transient object 'K2Node_FunctionEntry_115' or package '/Engine/Transient'.
[2017.04.23-02.42.38:868][245]LogObjectTools:Warning: ForceReplaceReferences replaced references for a transient object 'K2Node_FunctionEntry_110' or package '/Engine/Transient'.
[2017.04.23-02.42.38:868][245]LogObjectTools:Warning: ForceReplaceReferences replaced references for a transient object 'K2Node_Event_60' or package '/Game/character/characterBP'.
[2017.04.23-02.42.38:868][245]LogObjectTools:Warning: ForceReplaceReferences replaced references for a transient object 'K2Node_Event_59' or package '/Game/character/characterBP'.
[2017.04.23-02.42.38:868][245]LogObjectTools:Warning: ForceReplaceReferences replaced references for a transient object 'K2Node_Event_58' or package '/Game/character/characterBP'.
[2017.04.23-02.42.38:869][245]LogObjectTools:Warning: ForceReplaceReferences replaced references for a transient object 'REINST_SKEL_characterBP_C_187' or package '/Engine/Transient'.
[2017.04.23-02.42.38:869][245]LogObjectTools:Warning: ForceReplaceReferences replaced references for a transient object 'K2Node_FunctionResult_0' or package '/Game/character/characterBP'.
[2017.04.23-02.42.38:869][245]LogObjectTools:Warning: ForceReplaceReferences replaced references for a transient object 'K2Node_FunctionEntry_53' or package '/Game/character/characterBP'.
[2017.04.23-02.42.38:870][245]LogObjectTools:Warning: ForceReplaceReferences replaced references for a transient object 'K2Node_FunctionEntry_99' or package '/Engine/Transient'.
[2017.04.23-02.42.38:870][245]LogObjectTools:Warning: ForceReplaceReferences replaced references for a transient object 'K2Node_FunctionEntry_97' or package '/Engine/Transient'.
[2017.04.23-02.42.38:872][245]LogObjectTools:Warning: ForceReplaceReferences replaced references for a transient object 'K2Node_FunctionEntry_92' or package '/Engine/Transient'.
[2017.04.23-02.42.38:872][245]LogObjectTools:Warning: ForceReplaceReferences replaced references for a transient object 'K2Node_Event_50' or package '/Game/character/characterBP'.
[2017.04.23-02.42.38:872][245]LogObjectTools:Warning: ForceReplaceReferences replaced references for a transient object 'K2Node_Event_49' or package '/Game/character/characterBP'.
[2017.04.23-02.42.38:872][245]LogObjectTools:Warning: ForceReplaceReferences replaced references for a transient object 'K2Node_Event_48' or package '/Game/character/characterBP'.
[2017.04.23-02.42.38:874][245]LogObjectTools:Warning: ForceReplaceReferences replaced references for a transient object 'K2Node_FunctionEntry_63' or package '/Engine/Transient'.
[2017.04.23-02.42.38:875][245]LogObjectTools:Warning: ForceReplaceReferences replaced references for a transient object 'K2Node_FunctionEntry_61' or package '/Engine/Transient'.
[2017.04.23-02.42.38:876][245]LogObjectTools:Warning: ForceReplaceReferences replaced references for a transient object 'K2Node_FunctionEntry_56' or package '/Engine/Transient'.
[2017.04.23-02.42.38:876][245]LogObjectTools:Warning: ForceReplaceReferences replaced references for a transient object 'K2Node_FunctionResult_0' or package '/Game/character/characterBP'.
[2017.04.23-02.42.38:876][245]LogObjectTools:Warning: ForceReplaceReferences replaced references for a transient object 'K2Node_FunctionEntry_53' or package '/Game/character/characterBP'.
[2017.04.23-02.42.38:877][245]LogObjectTools:Warning: ForceReplaceReferences replaced references for a transient object 'K2Node_FunctionEntry_81' or package '/Engine/Transient'.
[2017.04.23-02.42.38:878][245]LogObjectTools:Warning: ForceReplaceReferences replaced references for a transient object 'K2Node_FunctionEntry_79' or package '/Engine/Transient'.
[2017.04.23-02.42.38:879][245]LogObjectTools:Warning: ForceReplaceReferences replaced references for a transient object 'K2Node_FunctionEntry_74' or package '/Engine/Transient'.
[2017.04.23-02.42.38:880][245]LogObjectTools:Warning: ForceReplaceReferences replaced references for a transient object 'K2Node_Event_40' or package '/Game/character/characterBP'.
[2017.04.23-02.42.38:880][245]LogObjectTools:Warning: ForceReplaceReferences replaced references for a transient object 'K2Node_Event_39' or package '/Game/character/characterBP'.
[2017.04.23-02.42.38:880][245]LogObjectTools:Warning: ForceReplaceReferences replaced references for a transient object 'K2Node_Event_38' or package '/Game/character/characterBP'.
[2017.04.23-02.42.38:884][245]LogObjectTools:Warning: ForceReplaceReferences replaced references for a transient object 'DEADCLASS_EvilInventoryInterface_C_1' or package '/Engine/Transient'.
[2017.04.23-02.42.38:884][245]LogObjectTools:Warning: ForceReplaceReferences replaced references for a transient object 'DEADCLASS_EvilInventoryInterface_C_0' or package '/Engine/Transient'.
[2017.04.23-02.42.38:884][245]LogObjectTools:Warning: ForceReplaceReferences replaced references for a transient object 'REINST_SKEL_characterBP_C_183' or package '/Engine/Transient'.
[2017.04.23-02.42.38:884][245]LogObjectTools:Warning: ForceReplaceReferences replaced references for a transient object 'REINST_SKEL_EvilInventoryInterface_C_232' or package '/Engine/Transient'.
[2017.04.23-02.42.38:884][245]LogObjectTools:Warning: ForceReplaceReferences replaced references for a transient object 'REINST_EvilInventoryInterface_C_231' or package '/Engine/Transient'.
[2017.04.23-02.42.38:885][245]LogObjectTools:Warning: ForceReplaceReferences replaced references for a transient object 'K2Node_Event_168' or package '/Game/character/characterBP'.
[2017.04.23-02.42.38:885][245]LogObjectTools:Warning: ForceReplaceReferences replaced references for a transient object 'K2Node_Event_169' or package '/Game/character/characterBP'.
[2017.04.23-02.42.38:885][245]LogObjectTools:Warning: ForceReplaceReferences replaced references for a transient object 'K2Node_Event_170' or package '/Game/character/characterBP'.
[2017.04.23-02.42.38:885][245]LogObjectTools:Warning: ForceReplaceReferences replaced references for a transient object 'K2Node_FunctionEntry_316' or package '/Game/character/characterBP'.
[2017.04.23-02.42.38:885][245]LogObjectTools:Warning: ForceReplaceReferences replaced references for a transient object 'K2Node_FunctionEntry_321' or package '/Game/character/characterBP'.
[2017.04.23-02.42.38:885][245]LogObjectTools:Warning: ForceReplaceReferences replaced references for a transient object 'K2Node_FunctionEntry_323' or package '/Game/character/characterBP'.
