Log file open, 02/28/17 21:46:13
LogInit:Display: Running engine for game: Cursed_Blade
LogPlatformFile: Not using cached read wrapper
LogInit:Display: RandInit(1474070147) SRandInit(1474070147).
LogTaskGraph: Started task graph with 5 named threads and 7 total threads with 1 sets of task threads.
LogStats: Stats thread started at 0.095756
LogPluginManager: Loaded Plugin Paper2D, From C:/Program Files (x86)/Epic Games/4.14/Engine/Plugins/2D/Paper2D/Paper2D.uplugin
LogPluginManager: Loaded Plugin LightPropagationVolume, From C:/Program Files (x86)/Epic Games/4.14/Engine/Plugins/Blendables/LightPropagationVolume/LightPropagationVolume.uplugin
LogPluginManager: Loaded Plugin BlankPlugin, From C:/Program Files (x86)/Epic Games/4.14/Engine/Plugins/Developer/BlankPlugin/BlankPlugin.uplugin
LogPluginManager: Loaded Plugin CodeLiteSourceCodeAccess, From C:/Program Files (x86)/Epic Games/4.14/Engine/Plugins/Developer/CodeLiteSourceCodeAccess/CodeLiteSourceCodeAccess.uplugin
LogPluginManager: Loaded Plugin GitSourceControl, From C:/Program Files (x86)/Epic Games/4.14/Engine/Plugins/Developer/GitSourceControl/GitSourceControl.uplugin
LogPluginManager: Loaded Plugin KDevelopSourceCodeAccess, From C:/Program Files (x86)/Epic Games/4.14/Engine/Plugins/Developer/KDevelopSourceCodeAccess/KDevelopSourceCodeAccess.uplugin
LogPluginManager: Loaded Plugin NullSourceCodeAccess, From C:/Program Files (x86)/Epic Games/4.14/Engine/Plugins/Developer/NullSourceCodeAccess/NullSourceCodeAccess.uplugin
LogPluginManager: Loaded Plugin OneSkyLocalizationService, From C:/Program Files (x86)/Epic Games/4.14/Engine/Plugins/Developer/OneSkyLocalizationService/OneSkyLocalizationService.uplugin
LogPluginManager: Loaded Plugin PerforceSourceControl, From C:/Program Files (x86)/Epic Games/4.14/Engine/Plugins/Developer/PerforceSourceControl/PerforceSourceControl.uplugin
LogPluginManager: Loaded Plugin SubversionSourceControl, From C:/Program Files (x86)/Epic Games/4.14/Engine/Plugins/Developer/SubversionSourceControl/SubversionSourceControl.uplugin
LogPluginManager: Loaded Plugin UObjectPlugin, From C:/Program Files (x86)/Epic Games/4.14/Engine/Plugins/Developer/UObjectPlugin/UObjectPlugin.uplugin
LogPluginManager: Loaded Plugin VisualStudioSourceCodeAccess, From C:/Program Files (x86)/Epic Games/4.14/Engine/Plugins/Developer/VisualStudioSourceCodeAccess/VisualStudioSourceCodeAccess.uplugin
LogPluginManager: Loaded Plugin XCodeSourceCodeAccess, From C:/Program Files (x86)/Epic Games/4.14/Engine/Plugins/Developer/XCodeSourceCodeAccess/XCodeSourceCodeAccess.uplugin
LogPluginManager: Loaded Plugin AudioCapture, From C:/Program Files (x86)/Epic Games/4.14/Engine/Plugins/Editor/AudioCapture/AudioCapture.uplugin
LogPluginManager: Loaded Plugin EpicSurvey, From C:/Program Files (x86)/Epic Games/4.14/Engine/Plugins/Editor/EpicSurvey/EpicSurvey.uplugin
LogPluginManager: Loaded Plugin MacGraphicsSwitching, From C:/Program Files (x86)/Epic Games/4.14/Engine/Plugins/Editor/MacGraphicsSwitching/MacGraphicsSwitching.uplugin
LogPluginManager: Loaded Plugin MobileLauncherProfileWizard, From C:/Program Files (x86)/Epic Games/4.14/Engine/Plugins/Editor/MobileLauncherProfileWizard/MobileLauncherProfileWizard.uplugin
LogPluginManager: Loaded Plugin PluginBrowser, From C:/Program Files (x86)/Epic Games/4.14/Engine/Plugins/Editor/PluginBrowser/PluginBrowser.uplugin
LogPluginManager: Loaded Plugin SpeedTreeImporter, From C:/Program Files (x86)/Epic Games/4.14/Engine/Plugins/Editor/SpeedTreeImporter/SpeedTreeImporter.uplugin
LogPluginManager: Loaded Plugin SuperSearchEditor, From C:/Program Files (x86)/Epic Games/4.14/Engine/Plugins/Editor/SuperSearchEditor/SuperSearchEditor.uplugin
LogPluginManager: Loaded Plugin AlembicImporter, From C:/Program Files (x86)/Epic Games/4.14/Engine/Plugins/Experimental/AlembicImporter/AlembicImporter.uplugin
LogPluginManager: Loaded Plugin BlueprintStats, From C:/Program Files (x86)/Epic Games/4.14/Engine/Plugins/Experimental/BlueprintStats/BlueprintStats.uplugin
LogPluginManager: Loaded Plugin CharacterAI, From C:/Program Files (x86)/Epic Games/4.14/Engine/Plugins/Experimental/CharacterAI/CharacterAI.uplugin
LogPluginManager: Loaded Plugin CodeEditor, From C:/Program Files (x86)/Epic Games/4.14/Engine/Plugins/Experimental/CodeEditor/CodeEditor.uplugin
LogPluginManager: Loaded Plugin CodeView, From C:/Program Files (x86)/Epic Games/4.14/Engine/Plugins/Experimental/CodeView/CodeView.uplugin
LogPluginManager: Loaded Plugin HTML5Networking, From C:/Program Files (x86)/Epic Games/4.14/Engine/Plugins/Experimental/HTML5Networking/HTML5Networking.uplugin
LogPluginManager: Loaded Plugin OSVR, From C:/Program Files (x86)/Epic Games/4.14/Engine/Plugins/Experimental/OSVR/OSVR.uplugin
LogPluginManager: Loaded Plugin Phya, From C:/Program Files (x86)/Epic Games/4.14/Engine/Plugins/Experimental/Phya/Phya.uplugin
LogPluginManager: Loaded Plugin SignificanceManager, From C:/Program Files (x86)/Epic Games/4.14/Engine/Plugins/Experimental/SignificanceManager/SignificanceManager.uplugin
LogPluginManager: Loaded Plugin SimpleHMD, From C:/Program Files (x86)/Epic Games/4.14/Engine/Plugins/Experimental/SimpleHMD/SimpleHMD.uplugin
LogPluginManager: Loaded Plugin StereoPanorama, From C:/Program Files (x86)/Epic Games/4.14/Engine/Plugins/Experimental/StereoPanorama/StereoPanorama.uplugin
LogPluginManager: Loaded Plugin StructBox, From C:/Program Files (x86)/Epic Games/4.14/Engine/Plugins/Experimental/StructBox/StructBox.uplugin
LogPluginManager: Loaded Plugin AndroidMedia, From C:/Program Files (x86)/Epic Games/4.14/Engine/Plugins/Media/AndroidMedia/AndroidMedia.uplugin
LogPluginManager: Loaded Plugin AvfMedia, From C:/Program Files (x86)/Epic Games/4.14/Engine/Plugins/Media/AvfMedia/AvfMedia.uplugin
LogPluginManager: Loaded Plugin MediaPlayerEditor, From C:/Program Files (x86)/Epic Games/4.14/Engine/Plugins/Media/MediaPlayerEditor/MediaPlayerEditor.uplugin
LogPluginManager: Loaded Plugin WmfMedia, From C:/Program Files (x86)/Epic Games/4.14/Engine/Plugins/Media/WmfMedia/WmfMedia.uplugin
LogPluginManager: Loaded Plugin MessagingDebugger, From C:/Program Files (x86)/Epic Games/4.14/Engine/Plugins/Messaging/MessagingDebugger/MessagingDebugger.uplugin
LogPluginManager: Loaded Plugin TcpMessaging, From C:/Program Files (x86)/Epic Games/4.14/Engine/Plugins/Messaging/TcpMessaging/TcpMessaging.uplugin
LogPluginManager: Loaded Plugin UdpMessaging, From C:/Program Files (x86)/Epic Games/4.14/Engine/Plugins/Messaging/UdpMessaging/UdpMessaging.uplugin
LogPluginManager: Loaded Plugin LevelSequenceEditor, From C:/Program Files (x86)/Epic Games/4.14/Engine/Plugins/MovieScene/LevelSequenceEditor/LevelSequenceEditor.uplugin
LogPluginManager: Loaded Plugin MatineeToLevelSequence, From C:/Program Files (x86)/Epic Games/4.14/Engine/Plugins/MovieScene/MatineeToLevelSequence/MatineeToLevelSequence.uplugin
LogPluginManager: Loaded Plugin NetcodeUnitTest, From C:/Program Files (x86)/Epic Games/4.14/Engine/Plugins/NetcodeUnitTest/NetcodeUnitTest/NetcodeUnitTest.uplugin
LogPluginManager: Loaded Plugin NUTUnrealEngine4, From C:/Program Files (x86)/Epic Games/4.14/Engine/Plugins/NetcodeUnitTest/NUTUnrealEngine4/NUTUnrealEngine4.uplugin
LogPluginManager: Loaded Plugin OnlineSubsystemGameCircle, From C:/Program Files (x86)/Epic Games/4.14/Engine/Plugins/Online/Android/OnlineSubsystemGameCircle/OnlineSubsystemGameCircle.uplugin
LogPluginManager: Loaded Plugin OnlineSubsystemGooglePlay, From C:/Program Files (x86)/Epic Games/4.14/Engine/Plugins/Online/Android/OnlineSubsystemGooglePlay/OnlineSubsystemGooglePlay.uplugin
LogPluginManager: Loaded Plugin OnlineSubsystemIOS, From C:/Program Files (x86)/Epic Games/4.14/Engine/Plugins/Online/IOS/OnlineSubsystemIOS/OnlineSubsystemIOS.uplugin
LogPluginManager: Loaded Plugin OnlineFramework, From C:/Program Files (x86)/Epic Games/4.14/Engine/Plugins/Online/OnlineFramework/OnlineFramework.uplugin
LogPluginManager: Loaded Plugin OnlineSubsystem, From C:/Program Files (x86)/Epic Games/4.14/Engine/Plugins/Online/OnlineSubsystem/OnlineSubsystem.uplugin
LogPluginManager: Loaded Plugin OnlineSubsystemAmazon, From C:/Program Files (x86)/Epic Games/4.14/Engine/Plugins/Online/OnlineSubsystemAmazon/OnlineSubsystemAmazon.uplugin
LogPluginManager: Loaded Plugin OnlineSubsystemFacebook, From C:/Program Files (x86)/Epic Games/4.14/Engine/Plugins/Online/OnlineSubsystemFacebook/OnlineSubsystemFacebook.uplugin
LogPluginManager: Loaded Plugin OnlineSubsystemNull, From C:/Program Files (x86)/Epic Games/4.14/Engine/Plugins/Online/OnlineSubsystemNull/OnlineSubsystemNull.uplugin
LogPluginManager: Loaded Plugin OnlineSubsystemOculus, From C:/Program Files (x86)/Epic Games/4.14/Engine/Plugins/Online/OnlineSubsystemOculus/OnlineSubsystemOculus.uplugin
LogPluginManager: Loaded Plugin OnlineSubsystemSteam, From C:/Program Files (x86)/Epic Games/4.14/Engine/Plugins/Online/OnlineSubsystemSteam/OnlineSubsystemSteam.uplugin
LogPluginManager: Loaded Plugin OnlineSubsystemUtils, From C:/Program Files (x86)/Epic Games/4.14/Engine/Plugins/Online/OnlineSubsystemUtils/OnlineSubsystemUtils.uplugin
LogPluginManager: Loaded Plugin IOSTapJoy, From C:/Program Files (x86)/Epic Games/4.14/Engine/Plugins/Runtime/Advertising/IOSTapJoy/IOSTapJoy.uplugin
LogPluginManager: Loaded Plugin AnalyticsBlueprintLibrary, From C:/Program Files (x86)/Epic Games/4.14/Engine/Plugins/Runtime/Analytics/AnalyticsBlueprintLibrary/AnalyticsBlueprintLibrary.uplugin
LogPluginManager: Loaded Plugin AnalyticsMulticast, From C:/Program Files (x86)/Epic Games/4.14/Engine/Plugins/Runtime/Analytics/AnalyticsMulticast/AnalyticsMulticast.uplugin
LogPluginManager: Loaded Plugin Apsalar, From C:/Program Files (x86)/Epic Games/4.14/Engine/Plugins/Runtime/Analytics/Apsalar/Apsalar.uplugin
LogPluginManager: Loaded Plugin FileLogging, From C:/Program Files (x86)/Epic Games/4.14/Engine/Plugins/Runtime/Analytics/FileLogging/FileLogging.uplugin
LogPluginManager: Loaded Plugin Flurry, From C:/Program Files (x86)/Epic Games/4.14/Engine/Plugins/Runtime/Analytics/Flurry/Flurry.uplugin
LogPluginManager: Loaded Plugin AndroidDeviceProfileSelector, From C:/Program Files (x86)/Epic Games/4.14/Engine/Plugins/Runtime/AndroidDeviceProfileSelector/AndroidDeviceProfileSelector.uplugin
LogPluginManager: Loaded Plugin AndroidMoviePlayer, From C:/Program Files (x86)/Epic Games/4.14/Engine/Plugins/Runtime/AndroidMoviePlayer/AndroidMoviePlayer.uplugin
LogPluginManager: Loaded Plugin AppleMoviePlayer, From C:/Program Files (x86)/Epic Games/4.14/Engine/Plugins/Runtime/AppleMoviePlayer/AppleMoviePlayer.uplugin
LogPluginManager: Loaded Plugin ArchVisCharacter, From C:/Program Files (x86)/Epic Games/4.14/Engine/Plugins/Runtime/ArchVisCharacter/ArchVisCharacter.uplugin
LogPluginManager: Loaded Plugin CableComponent, From C:/Program Files (x86)/Epic Games/4.14/Engine/Plugins/Runtime/CableComponent/CableComponent.uplugin
LogPluginManager: Loaded Plugin CustomMeshComponent, From C:/Program Files (x86)/Epic Games/4.14/Engine/Plugins/Runtime/CustomMeshComponent/CustomMeshComponent.uplugin
LogPluginManager: Loaded Plugin ExampleDeviceProfileSelector, From C:/Program Files (x86)/Epic Games/4.14/Engine/Plugins/Runtime/ExampleDeviceProfileSelector/ExampleDeviceProfileSelector.uplugin
LogPluginManager: Loaded Plugin GearVR, From C:/Program Files (x86)/Epic Games/4.14/Engine/Plugins/Runtime/GearVR/GearVR.uplugin
LogPluginManager: Loaded Plugin GoogleVRController, From C:/Program Files (x86)/Epic Games/4.14/Engine/Plugins/Runtime/GoogleVR/GoogleVRController/GoogleVRController.uplugin
LogPluginManager: Loaded Plugin GoogleVRHMD, From C:/Program Files (x86)/Epic Games/4.14/Engine/Plugins/Runtime/GoogleVR/GoogleVRHMD/GoogleVRHMD.uplugin
LogPluginManager: Loaded Plugin IOSDeviceProfileSelector, From C:/Program Files (x86)/Epic Games/4.14/Engine/Plugins/Runtime/IOSDeviceProfileSelector/IOSDeviceProfileSelector.uplugin
LogPluginManager: Loaded Plugin LeapMotion, From C:/Program Files (x86)/Epic Games/4.14/Engine/Plugins/Runtime/LeapMotion/LeapMotion.uplugin
LogPluginManager: Loaded Plugin LinuxDeviceProfileSelector, From C:/Program Files (x86)/Epic Games/4.14/Engine/Plugins/Runtime/LinuxDeviceProfileSelector/LinuxDeviceProfileSelector.uplugin
LogPluginManager: Loaded Plugin MIDIDevice, From C:/Program Files (x86)/Epic Games/4.14/Engine/Plugins/Runtime/MIDIDevice/MIDIDevice.uplugin
LogPluginManager: Loaded Plugin MobilePatchingUtils, From C:/Program Files (x86)/Epic Games/4.14/Engine/Plugins/Runtime/MobilePatchingUtils/MobilePatchingUtils.uplugin
LogPluginManager: Loaded Plugin Ansel, From C:/Program Files (x86)/Epic Games/4.14/Engine/Plugins/Runtime/Nvidia/Ansel/Ansel.uplugin
LogPluginManager: Loaded Plugin OculusAudio, From C:/Program Files (x86)/Epic Games/4.14/Engine/Plugins/Runtime/OculusAudio/OculusAudio.uplugin
LogPluginManager: Loaded Plugin OculusInput, From C:/Program Files (x86)/Epic Games/4.14/Engine/Plugins/Runtime/OculusInput/OculusInput.uplugin
LogPluginManager: Loaded Plugin OculusLibrary, From C:/Program Files (x86)/Epic Games/4.14/Engine/Plugins/Runtime/OculusLibrary/OculusLibrary.uplugin
LogPluginManager: Loaded Plugin OculusRift, From C:/Program Files (x86)/Epic Games/4.14/Engine/Plugins/Runtime/OculusRift/OculusRift.uplugin
LogPluginManager: Loaded Plugin Oodle, From C:/Program Files (x86)/Epic Games/4.14/Engine/Plugins/Runtime/PacketHandlers/CompressionComponents/Oodle/Oodle.uplugin
LogPluginManager: Loaded Plugin ProceduralMeshComponent, From C:/Program Files (x86)/Epic Games/4.14/Engine/Plugins/Runtime/ProceduralMeshComponent/ProceduralMeshComponent.uplugin
LogPluginManager: Loaded Plugin SoundMod, From C:/Program Files (x86)/Epic Games/4.14/Engine/Plugins/Runtime/SoundMod/SoundMod.uplugin
LogPluginManager: Loaded Plugin SoundVisualizations, From C:/Program Files (x86)/Epic Games/4.14/Engine/Plugins/Runtime/SoundVisualizations/SoundVisualizations.uplugin
LogPluginManager: Loaded Plugin SteamController, From C:/Program Files (x86)/Epic Games/4.14/Engine/Plugins/Runtime/Steam/SteamController/SteamController.uplugin
LogPluginManager: Loaded Plugin SteamVR, From C:/Program Files (x86)/Epic Games/4.14/Engine/Plugins/Runtime/Steam/SteamVR/SteamVR.uplugin
LogPluginManager: Loaded Plugin WebBrowserWidget, From C:/Program Files (x86)/Epic Games/4.14/Engine/Plugins/Runtime/WebBrowserWidget/WebBrowserWidget.uplugin
LogPluginManager: Loaded Plugin WindowsDeviceProfileSelector, From C:/Program Files (x86)/Epic Games/4.14/Engine/Plugins/Runtime/WindowsDeviceProfileSelector/WindowsDeviceProfileSelector.uplugin
LogPluginManager: Loaded Plugin WindowsMoviePlayer, From C:/Program Files (x86)/Epic Games/4.14/Engine/Plugins/Runtime/WindowsMoviePlayer/WindowsMoviePlayer.uplugin
LogPluginManager: Loaded Plugin ScriptPlugin, From C:/Program Files (x86)/Epic Games/4.14/Engine/Plugins/ScriptPlugin/ScriptPlugin.uplugin
LogPluginManager: Loaded Plugin SlateRemote, From C:/Program Files (x86)/Epic Games/4.14/Engine/Plugins/Slate/SlateRemote/SlateRemote.uplugin
LogPluginManager: Loaded Plugin EditorTests, From C:/Program Files (x86)/Epic Games/4.14/Engine/Plugins/Tests/EditorTests/EditorTests.uplugin
LogPluginManager: Loaded Plugin FbxAutomationTestBuilder, From C:/Program Files (x86)/Epic Games/4.14/Engine/Plugins/Tests/FbxAutomationTestBuilder/FbxAutomationTestBuilder.uplugin
LogPluginManager: Loaded Plugin FunctionalTestingEditor, From C:/Program Files (x86)/Epic Games/4.14/Engine/Plugins/Tests/FunctionalTestingEditor/FunctionalTestingEditor.uplugin
LogPluginManager: Loaded Plugin RuntimeTests, From C:/Program Files (x86)/Epic Games/4.14/Engine/Plugins/Tests/RuntimeTests/RuntimeTests.uplugin
LogPluginManager: Loaded Plugin ScreenshotTools, From C:/Program Files (x86)/Epic Games/4.14/Engine/Plugins/Tests/ScreenshotTools/ScreenshotTools.uplugin
LogInit: Using libcurl 7.47.1
LogInit:  - built for x86_64-pc-win32
LogInit:  - supports SSL with OpenSSL/1.0.2g
LogInit:  - supports HTTP deflate (compression) using libz 1.2.8
LogInit:  - other features:
LogInit:      CURL_VERSION_SSL
LogInit:      CURL_VERSION_LIBZ
LogInit:      CURL_VERSION_IPV6
LogInit:      CURL_VERSION_ASYNCHDNS
LogInit:      CURL_VERSION_LARGEFILE
LogInit:      CURL_VERSION_IDN
LogInit:  CurlRequestOptions (configurable via config and command line):
LogInit:  - bVerifyPeer = false  - Libcurl will NOT verify peer certificate
LogInit:  - bUseHttpProxy = false  - Libcurl will NOT use HTTP proxy
LogInit:  - bDontReuseConnections = false  - Libcurl will reuse connections
LogInit:  - CertBundlePath = nullptr  - Libcurl will use whatever was configured at build time.
LogInit: Build: ++UE4+Release-4.14-CL-3249277
LogInit: Engine Version: 4.14.3-3249277+++UE4+Release-4.14
LogInit: Compatible Engine Version: 4.14.0-3195953+++UE4+Release-4.14
LogInit: Net CL: 3195953
LogDevObjectVersion: Number of dev versions registered: 13
LogDevObjectVersion:   Dev-Blueprints (B0D832E4-1F89-4F0D-ACCF-7EB736FD4AA2): 7
LogDevObjectVersion:   Dev-Build (E1C64328-A22C-4D53-A36C-8E866417BD8C): 0
LogDevObjectVersion:   Dev-Core (375EC13C-06E4-48FB-B500-84F0262A717E): 1
LogDevObjectVersion:   Dev-Editor (E4B068ED-F494-42E9-A231-DA0B2E46BB41): 8
LogDevObjectVersion:   Dev-Framework (CFFC743F-43B0-4480-9391-14DF171D2073): 17
LogDevObjectVersion:   Dev-Mobile (B02B49B5-BB20-44E9-A304-32B752E40360): 0
LogDevObjectVersion:   Dev-Networking (A4E4105C-59A1-49B5-A7C5-40C4547EDFEE): 0
LogDevObjectVersion:   Dev-Online (39C831C9-5AE6-47DC-9A44-9C173E1C8E7C): 0
LogDevObjectVersion:   Dev-Physics (78F01B33-EBEA-4F98-B9B4-84EACCB95AA2): 0
LogDevObjectVersion:   Dev-Platform (6631380F-2D4D-43E0-8009-CF276956A95A): 0
LogDevObjectVersion:   Dev-Rendering (12F88B9F-8875-4AFC-A67C-D90C383ABD29): 12
LogDevObjectVersion:   Dev-Sequencer (7B5AE74C-D270-4C10-A958-57980B212A5A): 1
LogDevObjectVersion:   Dev-VR (D7296918-1DD6-4BDD-9DE2-64A83CC13884): 0
LogInit: Compiled (64-bit): Jan  6 2017 10:49:43
LogInit: Compiled with Visual C++: 19.00.23026.00
LogInit: Build Configuration: Development
LogInit: Branch Name: ++UE4+Release-4.14
LogInit: Command line: 
LogInit: Base directory: C:/Program Files (x86)/Epic Games/4.14/Engine/Binaries/Win64/
LogInit: Installed Engine Build: 1
LogInit: Presizing for max 8388607 objects, including 0 objects not considered by GC, pre-allocating 0 bytes for permanent pool.
LogInit: Object subsystem initialized
[2017.03.01-02.46.14:334][  0]LogInit: Selected Device Profile: [Windows]
[2017.03.01-02.46.14:334][  0]LogInit: Applying CVar settings loaded from the selected device profile: [Windows]
[2017.03.01-02.46.14:350][  0]LogInit: Computer: STEVEN-DESKTOP
[2017.03.01-02.46.14:350][  0]LogInit: User: Steven
[2017.03.01-02.46.14:350][  0]LogInit: CPU Page size=65536, Cores=3
[2017.03.01-02.46.14:350][  0]LogInit: High frequency timer resolution =3.433380 MHz
[2017.03.01-02.46.14:350][  0]LogMemory: Memory total: Physical=8.0GB (8GB approx)
[2017.03.01-02.46.14:350][  0]LogMemory: Platform Memory Stats for Windows
[2017.03.01-02.46.14:350][  0]LogMemory: Process Physical Memory: 264.68 MB used, 264.68 MB peak
[2017.03.01-02.46.14:350][  0]LogMemory: Process Virtual Memory: 262.63 MB used, 262.63 MB peak
[2017.03.01-02.46.14:350][  0]LogMemory: Physical Memory: 4466.79 MB used,  3707.32 MB free, 8174.11 MB total
[2017.03.01-02.46.14:350][  0]LogMemory: Virtual Memory: 675.67 MB used,  3707.32 MB free, 134217728.00 MB total
[2017.03.01-02.46.14:387][  0]LogTextLocalizationManager: No specific translations for ('en-US') exist, so ('en') translations will be used.
[2017.03.01-02.46.15:319][  0]LogD3D11RHI: D3D11 adapters:
[2017.03.01-02.46.15:863][  0]LogD3D11RHI:    0. 'NVIDIA GeForce GTX 750 Ti' (Feature Level 11_0)
[2017.03.01-02.46.15:863][  0]LogD3D11RHI:       2017/0/4087 MB DedicatedVideo/DedicatedSystem/SharedSystem, Outputs:3, VendorId:0x10de
[2017.03.01-02.46.15:865][  0]LogD3D11RHI:    1. 'Microsoft Basic Render Driver' (Feature Level 11_0)
[2017.03.01-02.46.15:865][  0]LogD3D11RHI:       0/0/4087 MB DedicatedVideo/DedicatedSystem/SharedSystem, Outputs:0, VendorId:0x1414
[2017.03.01-02.46.15:865][  0]LogD3D11RHI: Chosen D3D11 Adapter: 0
[2017.03.01-02.46.15:871][  0]LogD3D11RHI: Creating new Direct3DDevice
[2017.03.01-02.46.15:871][  0]LogD3D11RHI:     GPU DeviceId: 0x1380 (for the marketing name, search the web for "GPU Device Id")
[2017.03.01-02.46.15:871][  0]LogWindows: EnumDisplayDevices:
[2017.03.01-02.46.15:871][  0]LogWindows:    0. 'NVIDIA GeForce GTX 750 Ti' (P:1 D:1)
[2017.03.01-02.46.15:872][  0]LogWindows:    1. 'NVIDIA GeForce GTX 750 Ti' (P:0 D:1)
[2017.03.01-02.46.15:872][  0]LogWindows:    2. 'NVIDIA GeForce GTX 750 Ti' (P:0 D:1)
[2017.03.01-02.46.15:872][  0]LogWindows:    3. 'NVIDIA GeForce GTX 750 Ti' (P:0 D:0)
[2017.03.01-02.46.15:873][  0]LogWindows: DebugString: FoundDriverCount:4 
[2017.03.01-02.46.15:873][  0]LogD3D11RHI:     Adapter Name: NVIDIA GeForce GTX 750 Ti
[2017.03.01-02.46.15:873][  0]LogD3D11RHI:   Driver Version: 378.66 (internal:21.21.13.7866, unified:378.66)
[2017.03.01-02.46.15:873][  0]LogD3D11RHI:      Driver Date: 2-9-2017
[2017.03.01-02.46.15:873][  0]LogRHI: Texture pool is 1361 MB (70% of 1945 MB)
[2017.03.01-02.46.16:385][  0]LogD3D11RHI: Async texture creation enabled
[2017.03.01-02.46.17:269][  0]LogD3D11RHI: GPU Timing Frequency: 1000.000000 (Debug: 2 1)
[2017.03.01-02.46.17:270][  0]LogShaderCompilers: Guid format shader working directory is -42 characters bigger than the processId version (D:/Steven/OneDrive - umich.edu/CIS/CIS 488/Github Repository/TheCursedBlade/Cursed_Blade/Intermediate/Shaders/WorkingDirectory/18412/).
[2017.03.01-02.46.17:271][  0]LogShaderCompilers: Cleaned the shader compiler working directory 'C:/Users/Steven/AppData/Local/Temp/UnrealShaderWorkingDir/2089F7064AE4C56232BF749B4897A6A2/'.
[2017.03.01-02.46.17:271][  0]LogShaderCompilers:Display: Using Local Shader Compiler.
[2017.03.01-02.46.19:116][  0]LogTemp:Display: Loaded TP AllDesktopTargetPlatform
[2017.03.01-02.46.19:225][  0]LogTemp:Display: Loaded TP MacClientTargetPlatform
[2017.03.01-02.46.19:332][  0]LogTemp:Display: Loaded TP MacNoEditorTargetPlatform
[2017.03.01-02.46.19:439][  0]LogTemp:Display: Loaded TP MacServerTargetPlatform
[2017.03.01-02.46.19:541][  0]LogTemp:Display: Loaded TP MacTargetPlatform
[2017.03.01-02.46.19:649][  0]LogTemp:Display: Loaded TP WindowsClientTargetPlatform
[2017.03.01-02.46.19:757][  0]LogTemp:Display: Loaded TP WindowsNoEditorTargetPlatform
[2017.03.01-02.46.19:861][  0]LogTemp:Display: Loaded TP WindowsServerTargetPlatform
[2017.03.01-02.46.19:956][  0]LogTemp:Display: Loaded TP WindowsTargetPlatform
[2017.03.01-02.46.20:062][  0]LogTemp:Display: Loaded TP AndroidTargetPlatform
[2017.03.01-02.46.20:168][  0]LogTemp:Display: Loaded TP Android_ASTCTargetPlatform
[2017.03.01-02.46.20:275][  0]LogTemp:Display: Loaded TP Android_ATCTargetPlatform
[2017.03.01-02.46.20:381][  0]LogTemp:Display: Loaded TP Android_DXTTargetPlatform
[2017.03.01-02.46.20:487][  0]LogTemp:Display: Loaded TP Android_ETC1TargetPlatform
[2017.03.01-02.46.20:597][  0]LogTemp:Display: Loaded TP Android_ETC2TargetPlatform
[2017.03.01-02.46.20:806][  0]LogTemp:Display: Loaded TP Android_MultiTargetPlatform
[2017.03.01-02.46.20:806][  0]LogTemp:Display: Loaded TP Android_PVRTCTargetPlatform
[2017.03.01-02.46.20:888][  0]LogTemp:Display: Loaded TP HTML5TargetPlatform
[2017.03.01-02.46.21:055][  0]LogTemp:Display: Loaded TP IOSTargetPlatform
[2017.03.01-02.46.21:115][  0]LogTemp:Display: Loaded TP TVOSTargetPlatform
[2017.03.01-02.46.21:218][  0]LogTemp:Display: Loaded TP LinuxClientTargetPlatform
[2017.03.01-02.46.21:322][  0]LogTemp:Display: Loaded TP LinuxNoEditorTargetPlatform
[2017.03.01-02.46.21:430][  0]LogTemp:Display: Loaded TP LinuxServerTargetPlatform
[2017.03.01-02.46.21:535][  0]LogTemp:Display: Loaded TP LinuxTargetPlatform
[2017.03.01-02.46.21:535][  0]LogTargetPlatformManager:Display: Building Assets For Windows
[2017.03.01-02.46.22:312][  0]LogDerivedDataCache:Display: Max Cache Size: 512 MB
[2017.03.01-02.46.22:410][  0]LogDerivedDataCache: Loaded boot cache 0.10s 50MB C:/Users/Steven/AppData/Local/UnrealEngine/4.14/DerivedDataCache/Boot.ddc.
[2017.03.01-02.46.22:410][  0]LogDerivedDataCache:Display: Loaded Boot cache: C:/Users/Steven/AppData/Local/UnrealEngine/4.14/DerivedDataCache/Boot.ddc
[2017.03.01-02.46.22:410][  0]LogDerivedDataCache: FDerivedDataBackendGraph:  Pak pak cache file D:/Steven/OneDrive - umich.edu/CIS/CIS 488/Github Repository/TheCursedBlade/Cursed_Blade/DerivedDataCache/DDC.ddp not found, will not use a pak cache.
[2017.03.01-02.46.22:410][  0]LogDerivedDataCache: Unable to find inner node Pak for hierarchical cache Hierarchy.
[2017.03.01-02.46.22:410][  0]LogDerivedDataCache: FDerivedDataBackendGraph:  CompressedPak pak cache file D:/Steven/OneDrive - umich.edu/CIS/CIS 488/Github Repository/TheCursedBlade/Cursed_Blade/DerivedDataCache/Compressed.ddp not found, will not use a pak cache.
[2017.03.01-02.46.22:410][  0]LogDerivedDataCache: Unable to find inner node CompressedPak for hierarchical cache Hierarchy.
[2017.03.01-02.46.22:436][  0]LogDerivedDataCache:Display: Pak cache opened for reading ../../../Engine/DerivedDataCache/Compressed.ddp.
[2017.03.01-02.46.22:448][  0]LogDerivedDataCache: Using Local data cache path C:/Users/Steven/AppData/Local/UnrealEngine/Common/DerivedDataCache: Writable
[2017.03.01-02.46.22:785][  0]LogInit: Selected Device Profile: [Windows]
[2017.03.01-02.46.22:790][  0]LogContentStreaming: Texture pool size is 0.00 MB
[2017.03.01-02.46.23:137][  0]LogMeshUtilities: Using QuadricMeshReduction for automatic static mesh reduction
[2017.03.01-02.46.23:230][  0]LogSimplygon: Simplygon DLL not present - disabling.
[2017.03.01-02.46.23:337][  0]LogMeshUtilities: Using SimplygonSwarm for distributed automatic mesh merging
[2017.03.01-02.46.23:337][  0]LogMeshUtilities: No automatic skeletal mesh reduction module available
[2017.03.01-02.46.23:337][  0]LogMeshUtilities: No automatic mesh merging module available
[2017.03.01-02.46.24:209][  0]LogNetVersion: GetLocalNetworkVersion: CL: 3195953, ProjectName: cursed_blade, ProjectVersion: , EngineNetworkVersion: 2, GameNetworkVersion: 0, NetworkChecksum: 3550933385
[2017.03.01-02.46.24:292][  0]LogAssetRegistry: FAssetRegistry took 0.0220 seconds to start up
[2017.03.01-02.46.24:398][  0]LogPackageLocalizationCache: Processed 3 localized package path(s) for 2 prioritized culture(s) in 0.058527 seconds
[2017.03.01-02.46.24:405][  0]LogUObjectArray: 31946 objects as part of root set at end of initial load.
[2017.03.01-02.46.24:405][  0]LogUObjectAllocator: 6935848 out of 0 bytes used by permanent object pool.
[2017.03.01-02.46.24:405][  0]LogUObjectArray: CloseDisregardForGC: 0/0 objects in disregard for GC pool
[2017.03.01-02.46.24:543][  0]LogInit: WinSock: version 1.1 (2.2), MaxSocks=32767, MaxUdp=65467
[2017.03.01-02.46.26:049][  0]LogSlate: Using Freetype 2.6.0
[2017.03.01-02.46.26:050][  0]LogSlate: SlateFontCache - WITH_FREETYPE: 1, WITH_HARFBUZZ: 1
[2017.03.01-02.46.26:050][  0]LogSlate: SlateFontCache - WITH_FREETYPE: 1, WITH_HARFBUZZ: 1
[2017.03.01-02.46.28:079][  0]LogTcpMessaging: Initializing TcpMessaging bridge
[2017.03.01-02.46.28:144][  0]LogUdpMessaging: Initializing bridge on interface 0.0.0.0:0 to multicast group 230.0.0.1:6666.
[2017.03.01-02.46.28:723][  0]LogMaterial: Uniform references updated for custom material expression Custom.
[2017.03.01-02.46.29:453][  0]SourceControl: Info Source control is disabled
[2017.03.01-02.46.29:455][  0]SourceControl: Info Source control is disabled
[2017.03.01-02.46.29:551][  0]SourceControl: Info Source control is disabled
[2017.03.01-02.46.29:651][  0]SourceControl: Info Source control is disabled
[2017.03.01-02.46.32:214][  0]LogEngine: Initializing Engine...
[2017.03.01-02.46.32:215][  0]LogHMD: Failed to initialize OpenVR with code 110
[2017.03.01-02.46.32:623][  0]LogAIModule: Creating AISystem for world Untitled
[2017.03.01-02.46.32:649][  0]LogInit: XAudio2 using 'Headphones (Ausdom M06 Stereo)' : 2 channels at 44.1 kHz using 16 bits per sample (channel mask 0x3)
[2017.03.01-02.46.33:355][  0]LogInit: FAudioDevice initialized.
[2017.03.01-02.46.33:403][  0]LogDerivedDataCache: Saved boot cache 0.05s 50MB C:/Users/Steven/AppData/Local/UnrealEngine/4.14/DerivedDataCache/Boot.ddc.
[2017.03.01-02.46.33:418][  0]LogInit: Texture streaming: Enabled
[2017.03.01-02.46.33:792][  0]LogWindowsTextInputMethodSystem:Display: IME system now deactivated.
[2017.03.01-02.46.34:125][  0]LogInit: Transaction tracking system initialized
[2017.03.01-02.46.34:935][  0]BlueprintLog: New page: Editor Load
[2017.03.01-02.46.36:999][  0]LocalizationService: Info Localization service is disabled
[2017.03.01-02.46.38:578][  0]LogConsoleResponse:Display: 
[2017.03.01-02.46.38:810][  0]LogCook:Display: Max memory allowance for cook 16384mb min free memory 0mb
[2017.03.01-02.46.38:810][  0]LogCook:Display: Mobile HDR setting 1
[2017.03.01-02.46.39:680][  0]LogFileCache: Scanning file cache for directory 'D:/Steven/OneDrive - umich.edu/CIS/CIS 488/Github Repository/TheCursedBlade/Cursed_Blade/Content/' took 0.03s
[2017.03.01-02.46.40:919][  0]SourceControl: Info Source control is disabled
[2017.03.01-02.46.40:919][  0]Cmd: MAP LOAD FILE="D:/Steven/OneDrive - umich.edu/CIS/CIS 488/Github Repository/TheCursedBlade/Cursed_Blade/Content/StarterContent/Maps/Minimal_Default.umap" TEMPLATE=0 SHOWPROGRESS=1 FEATURELEVEL=3
[2017.03.01-02.46.40:920][  0]LightingResults: New page: Lighting Build
[2017.03.01-02.46.41:021][  0]MapCheck: New page: Map Check
[2017.03.01-02.46.41:021][  0]LightingResults: New page: Lighting Build
[2017.03.01-02.46.41:783][  0]LogAIModule: Creating AISystem for world Minimal_Default
[2017.03.01-02.46.41:811][  0]LogEditorServer: Finished looking for orphan Actors (0.000 secs)
[2017.03.01-02.46.41:814][  0]Cmd: MAP CHECKDEP NOCLEARLOG
[2017.03.01-02.46.41:952][  0]MapCheck: Info Map check complete: 0 Error(s), 0 Warning(s), took 138.414ms to complete.
[2017.03.01-02.46.41:952][  0]LogFileHelpers: Loading map 'Minimal_Default' took 1.033
[2017.03.01-02.46.42:332][  0]LogCollectionManager: Loaded 0 collections in 0.003553 seconds
[2017.03.01-02.46.42:522][  0]LogFileCache: Scanning file cache for directory 'D:/Steven/OneDrive - umich.edu/CIS/CIS 488/Github Repository/TheCursedBlade/Cursed_Blade/Saved/Collections/' took 0.01s
[2017.03.01-02.46.42:522][  0]LogFileCache: Scanning file cache for directory 'D:/Steven/OneDrive - umich.edu/CIS/CIS 488/Github Repository/TheCursedBlade/Cursed_Blade/Content/Developers/Steven/Collections/' took 0.01s
[2017.03.01-02.46.42:522][  0]LogFileCache: Scanning file cache for directory 'D:/Steven/OneDrive - umich.edu/CIS/CIS 488/Github Repository/TheCursedBlade/Cursed_Blade/Content/Collections/' took 0.01s
[2017.03.01-02.46.42:522][  0]LogCollectionManager: Rebuilt the GUID cache for 0 collections in 0.000002 seconds
[2017.03.01-02.46.42:546][  0]LogContentBrowser: Native class hierarchy populated in 0.0215 seconds. Added 2190 classes and 428 folders.
[2017.03.01-02.46.42:648][  0]LogStats: UGameplayTagsManager::ConstructGameplayTagTree: Construct from data asset -  0.000 s
[2017.03.01-02.46.42:649][  0]LogStats: UGameplayTagsManager::ConstructGameplayTagTree: GameplayTagTreeChangedEvent.Broadcast -  0.000 s
[2017.03.01-02.46.42:650][  0]LogContentBrowser: Native class hierarchy updated for 'GameplayTags' in 0.0012 seconds. Added 13 classes and 0 folders.
[2017.03.01-02.46.42:784][  0]LogContentBrowser: Native class hierarchy updated for 'WidgetCarousel' in 0.0010 seconds. Added 0 classes and 0 folders.
[2017.03.01-02.46.42:990][  0]LogContentBrowser: Native class hierarchy updated for 'AddContentDialog' in 0.0010 seconds. Added 0 classes and 0 folders.
[2017.03.01-02.46.43:144][  0]LogContentBrowser: Native class hierarchy updated for 'SceneOutliner' in 0.0011 seconds. Added 1 classes and 2 folders.
[2017.03.01-02.46.43:276][  0]LogCrashTracker: Crashtracker disabled due to settings.
[2017.03.01-02.46.43:304][  0]LogUObjectGlobals:Warning: Failed to find object 'Class None.'
[2017.03.01-02.46.43:437][  0]LogContentBrowser: Native class hierarchy updated for 'HierarchicalLODOutliner' in 0.0013 seconds. Added 1 classes and 2 folders.
[2017.03.01-02.46.43:437][  0]LogLoad: (Engine Initialization) Total time: 31.60 seconds
[2017.03.01-02.46.43:437][  0]LogLoad: (Engine Initialization) Total Blueprint compile time: 0.25 seconds
[2017.03.01-02.46.43:437][  0]LogExternalProfiler: Found external profiler: VSPerf
[2017.03.01-02.46.43:437][  0]LogExternalProfiler: Using external profiler: VSPerf
[2017.03.01-02.46.43:447][  0]LogOcInput: OculusInput pre-init called
[2017.03.01-02.46.43:489][  0]LogContentStreaming: Texture pool size now 1000 MB
[2017.03.01-02.46.43:761][  0]LogRenderer: Reallocating scene render targets to support 1208x576 NumSamples 1 (Frame:2).
[2017.03.01-02.46.44:075][  2]LogAssetRegistry: Asset discovery search completed in 19.8048 seconds
[2017.03.01-02.46.44:075][  2]LogCollectionManager: Rebuilt the object cache for 0 collections in 0.000001 seconds (found 0 objects)
[2017.03.01-02.46.44:075][  2]LogCollectionManager: Fixed up redirectors for 0 collections in 0.000054 seconds (updated 0 objects)
[2017.03.01-02.50.27:276][662]LogAIModule: Creating AISystem for world AI_Test
[2017.03.01-02.50.27:312][662]Cmd: MAP LOAD FILE="D:/Steven/OneDrive - umich.edu/CIS/CIS 488/Github Repository/TheCursedBlade/Cursed_Blade/Content/Levels/AI_Test.umap" TEMPLATE=0 SHOWPROGRESS=1 FEATURELEVEL=3
[2017.03.01-02.50.27:312][662]LightingResults: New page: Lighting Build
[2017.03.01-02.50.27:313][662]LoadErrors: New page: Loading map: AI_Test.umap
[2017.03.01-02.50.27:315][662]MapCheck: New page: Map Check
[2017.03.01-02.50.27:315][662]LightingResults: New page: Lighting Build
[2017.03.01-02.50.27:346][662]LogEditorServer: Finished looking for orphan Actors (0.000 secs)
[2017.03.01-02.50.27:379][662]Cmd: MAP CHECKDEP NOCLEARLOG
[2017.03.01-02.50.27:499][662]MapCheck: Info Map check complete: 0 Error(s), 0 Warning(s), took 119.315ms to complete.
[2017.03.01-02.50.27:500][662]LogFileHelpers: Loading map 'AI_Test' took 0.189
[2017.03.01-02.50.29:412][874]LogTemp: Repeting last play command: Selected Viewport
[2017.03.01-02.50.29:428][874]LogBlueprintUserMessages: Early PlayInEditor Detection: Level '/Game/Levels/AI_Test.AI_Test:PersistentLevel' has LevelScriptBlueprint '/Game/Levels/AI_Test.AI_Test:PersistentLevel.AI_Test' with GeneratedClass '/Game/Levels/AI_Test.AI_Test_C' with ClassGeneratedBy '/Game/Levels/AI_Test.AI_Test:PersistentLevel.AI_Test'
[2017.03.01-02.50.29:429][874]LogPlayLevel: PlayLevel: No blueprints needed recompiling
[2017.03.01-02.50.29:432][874]PIE: New page: PIE session: AI_Test (Feb 28, 2017, 4:50:29 PM)
[2017.03.01-02.50.29:432][874]LogPlayLevel: Creating play world package: /Game/Levels/UEDPIE_0_AI_Test
[2017.03.01-02.50.29:440][874]LogPlayLevel: PIE: StaticDuplicateObject took: (0.007596s)
[2017.03.01-02.50.29:441][874]LogAIModule: Creating AISystem for world AI_Test
[2017.03.01-02.50.29:442][874]LogPlayLevel: PIE: World Init took: (0.001391s)
[2017.03.01-02.50.29:442][874]LogPlayLevel: PIE: Created PIE world by copying editor world from /Game/Levels/AI_Test.AI_Test to /Game/Levels/UEDPIE_0_AI_Test.AI_Test (0.009572s)
[2017.03.01-02.50.29:476][874]LogInit: XAudio2 using 'Headphones (Ausdom M06 Stereo)' : 2 channels at 44.1 kHz using 16 bits per sample (channel mask 0x3)
[2017.03.01-02.50.29:486][874]LogInit: FAudioDevice initialized.
[2017.03.01-02.50.29:540][874]LogLoad: Game class is 'myGame_C'
[2017.03.01-02.50.29:549][874]LogWorld: Bringing World /Game/Levels/UEDPIE_0_AI_Test.AI_Test up for play (max tick rate 0) at 2017.02.28-21.50.29
[2017.03.01-02.50.29:559][874]LogWorld: Bringing up level for play took: 0.011843
[2017.03.01-02.50.29:645][874]LogContentBrowser: Native class hierarchy updated for 'MovieSceneCapture' in 0.0012 seconds. Added 11 classes and 0 folders.
[2017.03.01-02.50.29:653][874]PIE: Info Play in editor start time for /Game/Levels/UEDPIE_0_AI_Test 1.066
[2017.03.01-02.50.29:653][874]LogBlueprintUserMessages: Late PlayInEditor Detection: Level '/Game/Levels/AI_Test.AI_Test:PersistentLevel' has LevelScriptBlueprint '/Game/Levels/AI_Test.AI_Test:PersistentLevel.AI_Test' with GeneratedClass '/Game/Levels/AI_Test.AI_Test_C' with ClassGeneratedBy '/Game/Levels/AI_Test.AI_Test:PersistentLevel.AI_Test'
[2017.03.01-02.50.36:106][638]LogBlueprintUserMessages: Early EndPlayMap Detection: Level '/Game/Levels/AI_Test.AI_Test:PersistentLevel' has LevelScriptBlueprint '/Game/Levels/AI_Test.AI_Test:PersistentLevel.AI_Test' with GeneratedClass '/Game/Levels/AI_Test.AI_Test_C' with ClassGeneratedBy '/Game/Levels/AI_Test.AI_Test:PersistentLevel.AI_Test'
[2017.03.01-02.50.36:151][638]LogBlueprintUserMessages: Late EndPlayMap Detection: Level '/Game/Levels/AI_Test.AI_Test:PersistentLevel' has LevelScriptBlueprint '/Game/Levels/AI_Test.AI_Test:PersistentLevel.AI_Test' with GeneratedClass '/Game/Levels/AI_Test.AI_Test_C' with ClassGeneratedBy '/Game/Levels/AI_Test.AI_Test:PersistentLevel.AI_Test'
[2017.03.01-02.50.37:692][818]LogEditorViewport: Clicking on Actor (LMB): Enemy_AI_C (Enemy_AI)
[2017.03.01-02.50.47:102][666]LogTemp: Repeting last play command: Selected Viewport
[2017.03.01-02.50.47:119][666]LogBlueprintUserMessages: Early PlayInEditor Detection: Level '/Game/Levels/AI_Test.AI_Test:PersistentLevel' has LevelScriptBlueprint '/Game/Levels/AI_Test.AI_Test:PersistentLevel.AI_Test' with GeneratedClass '/Game/Levels/AI_Test.AI_Test_C' with ClassGeneratedBy '/Game/Levels/AI_Test.AI_Test:PersistentLevel.AI_Test'
[2017.03.01-02.50.47:119][666]LogPlayLevel: PlayLevel: No blueprints needed recompiling
[2017.03.01-02.50.47:120][666]PIE: New page: PIE session: AI_Test (Feb 28, 2017, 4:50:47 PM)
[2017.03.01-02.50.47:120][666]LogPlayLevel: Creating play world package: /Game/Levels/UEDPIE_0_AI_Test
[2017.03.01-02.50.47:126][666]LogPlayLevel: PIE: StaticDuplicateObject took: (0.005871s)
[2017.03.01-02.50.47:126][666]LogAIModule: Creating AISystem for world AI_Test
[2017.03.01-02.50.47:127][666]LogPlayLevel: PIE: World Init took: (0.000987s)
[2017.03.01-02.50.47:127][666]LogPlayLevel: PIE: Created PIE world by copying editor world from /Game/Levels/AI_Test.AI_Test to /Game/Levels/UEDPIE_0_AI_Test.AI_Test (0.007084s)
[2017.03.01-02.50.47:168][666]LogInit: XAudio2 using 'Headphones (Ausdom M06 Stereo)' : 2 channels at 44.1 kHz using 16 bits per sample (channel mask 0x3)
[2017.03.01-02.50.47:178][666]LogInit: FAudioDevice initialized.
[2017.03.01-02.50.47:208][666]LogLoad: Game class is 'myGame_C'
[2017.03.01-02.50.47:211][666]LogWorld: Bringing World /Game/Levels/UEDPIE_0_AI_Test.AI_Test up for play (max tick rate 0) at 2017.02.28-21.50.47
[2017.03.01-02.50.47:211][666]LogWorld: Bringing up level for play took: 0.001514
[2017.03.01-02.50.47:214][666]PIE: Info Play in editor start time for /Game/Levels/UEDPIE_0_AI_Test 0.626
[2017.03.01-02.50.47:214][666]LogBlueprintUserMessages: Late PlayInEditor Detection: Level '/Game/Levels/AI_Test.AI_Test:PersistentLevel' has LevelScriptBlueprint '/Game/Levels/AI_Test.AI_Test:PersistentLevel.AI_Test' with GeneratedClass '/Game/Levels/AI_Test.AI_Test_C' with ClassGeneratedBy '/Game/Levels/AI_Test.AI_Test:PersistentLevel.AI_Test'
[2017.03.01-02.50.53:176][377]LogBlueprintUserMessages: Early EndPlayMap Detection: Level '/Game/Levels/AI_Test.AI_Test:PersistentLevel' has LevelScriptBlueprint '/Game/Levels/AI_Test.AI_Test:PersistentLevel.AI_Test' with GeneratedClass '/Game/Levels/AI_Test.AI_Test_C' with ClassGeneratedBy '/Game/Levels/AI_Test.AI_Test:PersistentLevel.AI_Test'
[2017.03.01-02.50.53:259][377]LogBlueprintUserMessages: Late EndPlayMap Detection: Level '/Game/Levels/AI_Test.AI_Test:PersistentLevel' has LevelScriptBlueprint '/Game/Levels/AI_Test.AI_Test:PersistentLevel.AI_Test' with GeneratedClass '/Game/Levels/AI_Test.AI_Test_C' with ClassGeneratedBy '/Game/Levels/AI_Test.AI_Test:PersistentLevel.AI_Test'
[2017.03.01-02.50.57:979][803]LogEditorViewport: Clicking on Actor (LMB): Enemy_AI_C (Enemy_AI)
[2017.03.01-02.51.03:963][234]LogContentBrowser: Native class hierarchy updated for 'BlueprintGraph' in 0.0019 seconds. Added 111 classes and 0 folders.
[2017.03.01-02.51.11:589][579]LogRenderer: Reallocating scene render targets to support 1208x900 NumSamples 1 (Frame:30762).
[2017.03.01-02.51.24:459][379]BlueprintLog: New page: Compile Enemy_AI
[2017.03.01-02.51.27:100][558]LogTemp: Repeting last play command: Selected Viewport
[2017.03.01-02.51.27:122][558]LogBlueprintUserMessages: Early PlayInEditor Detection: Level '/Game/Levels/AI_Test.AI_Test:PersistentLevel' has LevelScriptBlueprint '/Game/Levels/AI_Test.AI_Test:PersistentLevel.AI_Test' with GeneratedClass '/Game/Levels/AI_Test.AI_Test_C' with ClassGeneratedBy '/Game/Levels/AI_Test.AI_Test:PersistentLevel.AI_Test'
[2017.03.01-02.51.27:122][558]LogPlayLevel: PlayLevel: No blueprints needed recompiling
[2017.03.01-02.51.27:122][558]PIE: New page: PIE session: AI_Test (Feb 28, 2017, 4:51:27 PM)
[2017.03.01-02.51.27:122][558]LogPlayLevel: Creating play world package: /Game/Levels/UEDPIE_0_AI_Test
[2017.03.01-02.51.27:128][558]LogPlayLevel: PIE: StaticDuplicateObject took: (0.005545s)
[2017.03.01-02.51.27:128][558]LogAIModule: Creating AISystem for world AI_Test
[2017.03.01-02.51.27:129][558]LogPlayLevel: PIE: World Init took: (0.000860s)
[2017.03.01-02.51.27:129][558]LogPlayLevel: PIE: Created PIE world by copying editor world from /Game/Levels/AI_Test.AI_Test to /Game/Levels/UEDPIE_0_AI_Test.AI_Test (0.006627s)
[2017.03.01-02.51.27:174][558]LogInit: XAudio2 using 'Headphones (Ausdom M06 Stereo)' : 2 channels at 44.1 kHz using 16 bits per sample (channel mask 0x3)
[2017.03.01-02.51.27:185][558]LogInit: FAudioDevice initialized.
[2017.03.01-02.51.27:219][558]LogLoad: Game class is 'myGame_C'
[2017.03.01-02.51.27:222][558]LogWorld: Bringing World /Game/Levels/UEDPIE_0_AI_Test.AI_Test up for play (max tick rate 0) at 2017.02.28-21.51.27
[2017.03.01-02.51.27:222][558]LogWorld: Bringing up level for play took: 0.001312
[2017.03.01-02.51.27:224][558]PIE: Info Play in editor start time for /Game/Levels/UEDPIE_0_AI_Test 0.637
[2017.03.01-02.51.27:225][558]LogBlueprintUserMessages: Late PlayInEditor Detection: Level '/Game/Levels/AI_Test.AI_Test:PersistentLevel' has LevelScriptBlueprint '/Game/Levels/AI_Test.AI_Test:PersistentLevel.AI_Test' with GeneratedClass '/Game/Levels/AI_Test.AI_Test_C' with ClassGeneratedBy '/Game/Levels/AI_Test.AI_Test:PersistentLevel.AI_Test'
[2017.03.01-02.51.40:309][120]LogBlueprintUserMessages: Early EndPlayMap Detection: Level '/Game/Levels/AI_Test.AI_Test:PersistentLevel' has LevelScriptBlueprint '/Game/Levels/AI_Test.AI_Test:PersistentLevel.AI_Test' with GeneratedClass '/Game/Levels/AI_Test.AI_Test_C' with ClassGeneratedBy '/Game/Levels/AI_Test.AI_Test:PersistentLevel.AI_Test'
[2017.03.01-02.51.40:395][120]LogBlueprintUserMessages: Late EndPlayMap Detection: Level '/Game/Levels/AI_Test.AI_Test:PersistentLevel' has LevelScriptBlueprint '/Game/Levels/AI_Test.AI_Test:PersistentLevel.AI_Test' with GeneratedClass '/Game/Levels/AI_Test.AI_Test_C' with ClassGeneratedBy '/Game/Levels/AI_Test.AI_Test:PersistentLevel.AI_Test'
[2017.03.01-02.52.01:729][498]BlueprintLog: New page: Compile Enemy_AI
[2017.03.01-02.52.03:115][561]LogTemp: Repeting last play command: Selected Viewport
[2017.03.01-02.52.03:131][561]LogBlueprintUserMessages: Early PlayInEditor Detection: Level '/Game/Levels/AI_Test.AI_Test:PersistentLevel' has LevelScriptBlueprint '/Game/Levels/AI_Test.AI_Test:PersistentLevel.AI_Test' with GeneratedClass '/Game/Levels/AI_Test.AI_Test_C' with ClassGeneratedBy '/Game/Levels/AI_Test.AI_Test:PersistentLevel.AI_Test'
[2017.03.01-02.52.03:131][561]LogPlayLevel: PlayLevel: No blueprints needed recompiling
[2017.03.01-02.52.03:132][561]PIE: New page: PIE session: AI_Test (Feb 28, 2017, 4:52:03 PM)
[2017.03.01-02.52.03:132][561]LogPlayLevel: Creating play world package: /Game/Levels/UEDPIE_0_AI_Test
[2017.03.01-02.52.03:137][561]LogPlayLevel: PIE: StaticDuplicateObject took: (0.005719s)
[2017.03.01-02.52.03:138][561]LogAIModule: Creating AISystem for world AI_Test
[2017.03.01-02.52.03:138][561]LogPlayLevel: PIE: World Init took: (0.000836s)
[2017.03.01-02.52.03:138][561]LogPlayLevel: PIE: Created PIE world by copying editor world from /Game/Levels/AI_Test.AI_Test to /Game/Levels/UEDPIE_0_AI_Test.AI_Test (0.006807s)
[2017.03.01-02.52.03:179][561]LogInit: XAudio2 using 'Headphones (Ausdom M06 Stereo)' : 2 channels at 44.1 kHz using 16 bits per sample (channel mask 0x3)
[2017.03.01-02.52.03:189][561]LogInit: FAudioDevice initialized.
[2017.03.01-02.52.03:221][561]LogLoad: Game class is 'myGame_C'
[2017.03.01-02.52.03:224][561]LogWorld: Bringing World /Game/Levels/UEDPIE_0_AI_Test.AI_Test up for play (max tick rate 0) at 2017.02.28-21.52.03
[2017.03.01-02.52.03:224][561]LogWorld: Bringing up level for play took: 0.001344
[2017.03.01-02.52.03:226][561]PIE: Info Play in editor start time for /Game/Levels/UEDPIE_0_AI_Test 0.639
[2017.03.01-02.52.03:227][561]LogBlueprintUserMessages: Late PlayInEditor Detection: Level '/Game/Levels/AI_Test.AI_Test:PersistentLevel' has LevelScriptBlueprint '/Game/Levels/AI_Test.AI_Test:PersistentLevel.AI_Test' with GeneratedClass '/Game/Levels/AI_Test.AI_Test_C' with ClassGeneratedBy '/Game/Levels/AI_Test.AI_Test:PersistentLevel.AI_Test'
[2017.03.01-02.52.04:377][676]LogBlueprintUserMessages: Early EndPlayMap Detection: Level '/Game/Levels/AI_Test.AI_Test:PersistentLevel' has LevelScriptBlueprint '/Game/Levels/AI_Test.AI_Test:PersistentLevel.AI_Test' with GeneratedClass '/Game/Levels/AI_Test.AI_Test_C' with ClassGeneratedBy '/Game/Levels/AI_Test.AI_Test:PersistentLevel.AI_Test'
[2017.03.01-02.52.04:456][676]LogBlueprintUserMessages: Late EndPlayMap Detection: Level '/Game/Levels/AI_Test.AI_Test:PersistentLevel' has LevelScriptBlueprint '/Game/Levels/AI_Test.AI_Test:PersistentLevel.AI_Test' with GeneratedClass '/Game/Levels/AI_Test.AI_Test_C' with ClassGeneratedBy '/Game/Levels/AI_Test.AI_Test:PersistentLevel.AI_Test'
[2017.03.01-02.52.06:260][823]LogTemp: Repeting last play command: Selected Viewport
[2017.03.01-02.52.06:276][823]LogBlueprintUserMessages: Early PlayInEditor Detection: Level '/Game/Levels/AI_Test.AI_Test:PersistentLevel' has LevelScriptBlueprint '/Game/Levels/AI_Test.AI_Test:PersistentLevel.AI_Test' with GeneratedClass '/Game/Levels/AI_Test.AI_Test_C' with ClassGeneratedBy '/Game/Levels/AI_Test.AI_Test:PersistentLevel.AI_Test'
[2017.03.01-02.52.06:276][823]LogPlayLevel: PlayLevel: No blueprints needed recompiling
[2017.03.01-02.52.06:276][823]PIE: New page: PIE session: AI_Test (Feb 28, 2017, 4:52:06 PM)
[2017.03.01-02.52.06:276][823]LogPlayLevel: Creating play world package: /Game/Levels/UEDPIE_0_AI_Test
[2017.03.01-02.52.06:282][823]LogPlayLevel: PIE: StaticDuplicateObject took: (0.005773s)
[2017.03.01-02.52.06:282][823]LogAIModule: Creating AISystem for world AI_Test
[2017.03.01-02.52.06:282][823]LogPlayLevel: PIE: World Init took: (0.000743s)
[2017.03.01-02.52.06:283][823]LogPlayLevel: PIE: Created PIE world by copying editor world from /Game/Levels/AI_Test.AI_Test to /Game/Levels/UEDPIE_0_AI_Test.AI_Test (0.006767s)
[2017.03.01-02.52.06:334][823]LogInit: XAudio2 using 'Headphones (Ausdom M06 Stereo)' : 2 channels at 44.1 kHz using 16 bits per sample (channel mask 0x3)
[2017.03.01-02.52.06:344][823]LogInit: FAudioDevice initialized.
[2017.03.01-02.52.06:379][823]LogLoad: Game class is 'myGame_C'
[2017.03.01-02.52.06:382][823]LogWorld: Bringing World /Game/Levels/UEDPIE_0_AI_Test.AI_Test up for play (max tick rate 0) at 2017.02.28-21.52.06
[2017.03.01-02.52.06:382][823]LogWorld: Bringing up level for play took: 0.001311
[2017.03.01-02.52.06:384][823]PIE: Info Play in editor start time for /Game/Levels/UEDPIE_0_AI_Test -0.203
[2017.03.01-02.52.06:385][823]LogBlueprintUserMessages: Late PlayInEditor Detection: Level '/Game/Levels/AI_Test.AI_Test:PersistentLevel' has LevelScriptBlueprint '/Game/Levels/AI_Test.AI_Test:PersistentLevel.AI_Test' with GeneratedClass '/Game/Levels/AI_Test.AI_Test_C' with ClassGeneratedBy '/Game/Levels/AI_Test.AI_Test:PersistentLevel.AI_Test'
[2017.03.01-02.52.22:043][700]LogBlueprintUserMessages: Early EndPlayMap Detection: Level '/Game/Levels/AI_Test.AI_Test:PersistentLevel' has LevelScriptBlueprint '/Game/Levels/AI_Test.AI_Test:PersistentLevel.AI_Test' with GeneratedClass '/Game/Levels/AI_Test.AI_Test_C' with ClassGeneratedBy '/Game/Levels/AI_Test.AI_Test:PersistentLevel.AI_Test'
[2017.03.01-02.52.22:121][700]LogBlueprintUserMessages: Late EndPlayMap Detection: Level '/Game/Levels/AI_Test.AI_Test:PersistentLevel' has LevelScriptBlueprint '/Game/Levels/AI_Test.AI_Test:PersistentLevel.AI_Test' with GeneratedClass '/Game/Levels/AI_Test.AI_Test_C' with ClassGeneratedBy '/Game/Levels/AI_Test.AI_Test:PersistentLevel.AI_Test'
[2017.03.01-02.52.23:384][816]LogEditorViewport: Clicking on Actor (LMB): BP_Sky_Sphere_C (Sky Sphere)
[2017.03.01-02.52.25:408][ 37]LogEditorViewport: Clicking on Actor (LMB): Enemy_AI_C (Enemy_AI)
[2017.03.01-02.53.32:006][421]LogEditorViewport: Clicking on Actor (LMB): PlayerStart (Player Start)
[2017.03.01-02.53.34:246][672]LogEditorViewport: Clicking on Actor (LMB): BP_Sky_Sphere_C (Sky Sphere)
[2017.03.01-02.54.13:723][834]LogEditorViewport: Clicking on Actor (LMB): BP_Sky_Sphere_C (Sky Sphere)
[2017.03.01-02.54.14:559][927]LogEditorViewport: Clicking on Actor (LMB): BP_Sky_Sphere_C (Sky Sphere)
[2017.03.01-02.54.15:339][ 14]LogEditorViewport: Clicking on Actor (LMB): StaticMeshActor (Floor)
[2017.03.01-02.54.16:152][101]LogEditorViewport: Clicking on Actor (LMB): BP_Sky_Sphere_C (Sky Sphere)
[2017.03.01-02.55.30:555][765]LogSkeletalMesh: InitArticulated: Bodies already created (/Engine/Transient.DebugSkelMeshComponent_0) - call TermArticulated first.
[2017.03.01-02.55.39:810][274]LogSkeletalMesh: InitArticulated: Bodies already created (/Engine/Transient.DebugSkelMeshComponent_1) - call TermArticulated first.
[2017.03.01-02.55.40:025][274]LogContentBrowser:Verbose: The majority of assets in the view are of type: AnimSequence
[2017.03.01-02.56.44:564][274]LogSkeletalMesh: InitArticulated: Bodies already created (/Engine/Transient.DebugSkelMeshComponent_11) - call TermArticulated first.
[2017.03.01-02.56.49:371][520]LogSkeletalMesh: InitArticulated: Bodies already created (/Engine/Transient.DebugSkelMeshComponent_12) - call TermArticulated first.
[2017.03.01-02.56.49:559][520]LogContentBrowser:Verbose: The majority of assets in the view are of type: AnimSequence
[2017.03.01-02.58.56:618][177]LogSkeletalMesh: InitArticulated: Bodies already created (/Engine/Transient.DebugSkelMeshComponent_15) - call TermArticulated first.
[2017.03.01-03.03.13:688][614]LogSavePackage: Save=156.07ms
[2017.03.01-03.03.13:688][614]LogSavePackage: Moving 'D:/Steven/OneDrive - umich.edu/CIS/CIS 488/Github Repository/TheCursedBlade/Cursed_Blade/Saved/AI_Test_Auto11F64E6C44205809E5ED74294DDC91EF8.tmp' to 'D:/Steven/OneDrive - umich.edu/CIS/CIS 488/Github Repository/TheCursedBlade/Cursed_Blade/Saved/Autosaves/Game/Levels/AI_Test_Auto1.umap'
[2017.03.01-03.03.13:696][614]LogSavePackage:Display: Finished SavePackage D:/Steven/OneDrive - umich.edu/CIS/CIS 488/Github Repository/TheCursedBlade/Cursed_Blade/Saved/Autosaves/Game/Levels/AI_Test_Auto1.umap
[2017.03.01-03.03.13:701][614]LogFileHelpers: Editor autosave (incl. sublevels) for '/Game/Levels/AI_Test' took 0.229
[2017.03.01-03.03.13:701][614]LogFileHelpers: Editor autosave (incl. sublevels) for all levels took 0.229
[2017.03.01-03.03.13:704][614]OBJ SavePackage: Generating thumbnails for [1] asset(s) in package [/Game/character/Enemy_AI] ([1] browsable assets)...
[2017.03.01-03.03.13:728][614]OBJ SavePackage:     Rendered thumbnail for [Blueprint /Game/character/Enemy_AI.Enemy_AI]
[2017.03.01-03.03.13:728][614]OBJ SavePackage: Finished generating thumbnails for package [/Game/character/Enemy_AI]
[2017.03.01-03.03.13:777][614]LogSavePackage: Save=41.25ms
[2017.03.01-03.03.13:777][614]LogSavePackage: Moving 'D:/Steven/OneDrive - umich.edu/CIS/CIS 488/Github Repository/TheCursedBlade/Cursed_Blade/Saved/Enemy_AI_Auto1EA666393494443B8DF866F822D85D46A.tmp' to 'D:/Steven/OneDrive - umich.edu/CIS/CIS 488/Github Repository/TheCursedBlade/Cursed_Blade/Saved/Autosaves/Game/character/Enemy_AI_Auto1.uasset'
[2017.03.01-03.03.13:782][614]LogSavePackage:Display: Finished SavePackage D:/Steven/OneDrive - umich.edu/CIS/CIS 488/Github Repository/TheCursedBlade/Cursed_Blade/Saved/Autosaves/Game/character/Enemy_AI_Auto1.uasset
[2017.03.01-03.03.13:782][614]LogFileHelpers: Auto-saving content packages took 0.081
[2017.03.01-03.03.17:207][871]LogSavePackage: Save=162.54ms
[2017.03.01-03.03.17:207][871]LogSavePackage: Moving 'D:/Steven/OneDrive - umich.edu/CIS/CIS 488/Github Repository/TheCursedBlade/Cursed_Blade/Saved/AI_TestFB845C394B3A9A81E20746B5987A583A.tmp' to 'D:/Steven/OneDrive - umich.edu/CIS/CIS 488/Github Repository/TheCursedBlade/Cursed_Blade/Content/Levels/AI_Test.umap'
[2017.03.01-03.03.17:216][871]LogSavePackage:Display: Finished SavePackage D:/Steven/OneDrive - umich.edu/CIS/CIS 488/Github Repository/TheCursedBlade/Cursed_Blade/Content/Levels/AI_Test.umap
[2017.03.01-03.03.17:254][871]LogFileHelpers: Saving map 'AI_Test' took 0.421
[2017.03.01-03.03.17:256][871]Cmd: OBJ SAVEPACKAGE PACKAGE="/Game/character/Enemy_AI" FILE="D:/Steven/OneDrive - umich.edu/CIS/CIS 488/Github Repository/TheCursedBlade/Cursed_Blade/Content/character/Enemy_AI.uasset" SILENT=true
[2017.03.01-03.03.17:309][871]LogSavePackage: Save=46.77ms
[2017.03.01-03.03.17:309][871]LogSavePackage: Moving 'D:/Steven/OneDrive - umich.edu/CIS/CIS 488/Github Repository/TheCursedBlade/Cursed_Blade/Saved/Enemy_AIC6FFFCF44C9D149C243E0DBDAA858E39.tmp' to 'D:/Steven/OneDrive - umich.edu/CIS/CIS 488/Github Repository/TheCursedBlade/Cursed_Blade/Content/character/Enemy_AI.uasset'
[2017.03.01-03.03.17:318][871]LogSavePackage:Display: Finished SavePackage D:/Steven/OneDrive - umich.edu/CIS/CIS 488/Github Repository/TheCursedBlade/Cursed_Blade/Content/character/Enemy_AI.uasset
[2017.03.01-03.07.21:248][548]LogEditorViewport: Clicking on Actor (LMB): Enemy_AI_C (Enemy_AI)
[2017.03.01-03.08.30:952][ 17]LogSkeletalMesh: InitArticulated: Bodies already created (/Engine/Transient.DebugSkelMeshComponent_17) - call TermArticulated first.
[2017.03.01-03.08.35:595][331]LogTemp: Repeting last play command: Selected Viewport
[2017.03.01-03.08.35:612][331]LogBlueprintUserMessages: Early PlayInEditor Detection: Level '/Game/Levels/AI_Test.AI_Test:PersistentLevel' has LevelScriptBlueprint '/Game/Levels/AI_Test.AI_Test:PersistentLevel.AI_Test' with GeneratedClass '/Game/Levels/AI_Test.AI_Test_C' with ClassGeneratedBy '/Game/Levels/AI_Test.AI_Test:PersistentLevel.AI_Test'
[2017.03.01-03.08.35:612][331]BlueprintLog: New page: Pre-Play auto-recompile
[2017.03.01-03.08.35:613][331]LogPlayLevel: [PlayLevel] Compiling Enemy_AI before play...
[2017.03.01-03.08.35:783][331]LogPlayLevel: PlayLevel: Blueprint regeneration took 171 ms (1 blueprints)
[2017.03.01-03.08.35:783][331]PIE: New page: PIE session: AI_Test (Feb 28, 2017, 5:08:35 PM)
[2017.03.01-03.08.35:784][331]LogPlayLevel: Creating play world package: /Game/Levels/UEDPIE_0_AI_Test
[2017.03.01-03.08.35:790][331]LogPlayLevel: PIE: StaticDuplicateObject took: (0.006361s)
[2017.03.01-03.08.35:791][331]LogAIModule: Creating AISystem for world AI_Test
[2017.03.01-03.08.35:791][331]LogPlayLevel: PIE: World Init took: (0.001203s)
[2017.03.01-03.08.35:791][331]LogPlayLevel: PIE: Created PIE world by copying editor world from /Game/Levels/AI_Test.AI_Test to /Game/Levels/UEDPIE_0_AI_Test.AI_Test (0.007775s)
[2017.03.01-03.08.35:836][331]LogInit: XAudio2 using 'Headphones (Ausdom M06 Stereo)' : 2 channels at 44.1 kHz using 16 bits per sample (channel mask 0x3)
[2017.03.01-03.08.35:847][331]LogInit: FAudioDevice initialized.
[2017.03.01-03.08.35:879][331]LogLoad: Game class is 'myGame_C'
[2017.03.01-03.08.35:881][331]LogWorld: Bringing World /Game/Levels/UEDPIE_0_AI_Test.AI_Test up for play (max tick rate 0) at 2017.02.28-22.08.35
[2017.03.01-03.08.35:882][331]LogWorld: Bringing up level for play took: 0.001421
[2017.03.01-03.08.35:884][331]PIE: Info Play in editor start time for /Game/Levels/UEDPIE_0_AI_Test -0.703
[2017.03.01-03.08.35:885][331]LogBlueprintUserMessages: Late PlayInEditor Detection: Level '/Game/Levels/AI_Test.AI_Test:PersistentLevel' has LevelScriptBlueprint '/Game/Levels/AI_Test.AI_Test:PersistentLevel.AI_Test' with GeneratedClass '/Game/Levels/AI_Test.AI_Test_C' with ClassGeneratedBy '/Game/Levels/AI_Test.AI_Test:PersistentLevel.AI_Test'
[2017.03.01-03.08.42:611][135]LogBlueprintUserMessages: Early EndPlayMap Detection: Level '/Game/Levels/AI_Test.AI_Test:PersistentLevel' has LevelScriptBlueprint '/Game/Levels/AI_Test.AI_Test:PersistentLevel.AI_Test' with GeneratedClass '/Game/Levels/AI_Test.AI_Test_C' with ClassGeneratedBy '/Game/Levels/AI_Test.AI_Test:PersistentLevel.AI_Test'
[2017.03.01-03.08.42:693][135]LogBlueprintUserMessages: Late EndPlayMap Detection: Level '/Game/Levels/AI_Test.AI_Test:PersistentLevel' has LevelScriptBlueprint '/Game/Levels/AI_Test.AI_Test:PersistentLevel.AI_Test' with GeneratedClass '/Game/Levels/AI_Test.AI_Test_C' with ClassGeneratedBy '/Game/Levels/AI_Test.AI_Test:PersistentLevel.AI_Test'
[2017.03.01-03.08.44:825][335]LogEditorViewport: Clicking on Actor (LMB): Enemy_AI_C (Enemy_AI)
[2017.03.01-03.08.48:178][609]LogContentBrowser:Verbose: The majority of assets in the view are of type: AnimSequence
[2017.03.01-03.09.57:867][553]LogSkeletalMesh: InitArticulated: Bodies already created (/Engine/Transient.DebugSkelMeshComponent_20) - call TermArticulated first.
[2017.03.01-03.10.31:220][413]LogSkeletalMesh: InitArticulated: Bodies already created (/Engine/Transient.DebugSkelMeshComponent_21) - call TermArticulated first.
[2017.03.01-03.10.58:650][917]LogTemp: Repeting last play command: Selected Viewport
[2017.03.01-03.10.58:669][917]LogBlueprintUserMessages: Early PlayInEditor Detection: Level '/Game/Levels/AI_Test.AI_Test:PersistentLevel' has LevelScriptBlueprint '/Game/Levels/AI_Test.AI_Test:PersistentLevel.AI_Test' with GeneratedClass '/Game/Levels/AI_Test.AI_Test_C' with ClassGeneratedBy '/Game/Levels/AI_Test.AI_Test:PersistentLevel.AI_Test'
[2017.03.01-03.10.58:669][917]LogPlayLevel: PlayLevel: No blueprints needed recompiling
[2017.03.01-03.10.58:669][917]PIE: New page: PIE session: AI_Test (Feb 28, 2017, 5:10:58 PM)
[2017.03.01-03.10.58:669][917]LogPlayLevel: Creating play world package: /Game/Levels/UEDPIE_0_AI_Test
[2017.03.01-03.10.58:675][917]LogPlayLevel: PIE: StaticDuplicateObject took: (0.006320s)
[2017.03.01-03.10.58:676][917]LogAIModule: Creating AISystem for world AI_Test
[2017.03.01-03.10.58:676][917]LogPlayLevel: PIE: World Init took: (0.001197s)
[2017.03.01-03.10.58:677][917]LogPlayLevel: PIE: Created PIE world by copying editor world from /Game/Levels/AI_Test.AI_Test to /Game/Levels/UEDPIE_0_AI_Test.AI_Test (0.007773s)
[2017.03.01-03.10.58:725][917]LogInit: XAudio2 using 'Headphones (Ausdom M06 Stereo)' : 2 channels at 44.1 kHz using 16 bits per sample (channel mask 0x3)
[2017.03.01-03.10.58:736][917]LogInit: FAudioDevice initialized.
[2017.03.01-03.10.58:772][917]LogLoad: Game class is 'myGame_C'
[2017.03.01-03.10.58:775][917]LogWorld: Bringing World /Game/Levels/UEDPIE_0_AI_Test.AI_Test up for play (max tick rate 0) at 2017.02.28-22.10.58
[2017.03.01-03.10.58:776][917]LogWorld: Bringing up level for play took: 0.001605
[2017.03.01-03.10.58:778][917]PIE: Info Play in editor start time for /Game/Levels/UEDPIE_0_AI_Test 0.191
[2017.03.01-03.10.58:778][917]LogBlueprintUserMessages: Late PlayInEditor Detection: Level '/Game/Levels/AI_Test.AI_Test:PersistentLevel' has LevelScriptBlueprint '/Game/Levels/AI_Test.AI_Test:PersistentLevel.AI_Test' with GeneratedClass '/Game/Levels/AI_Test.AI_Test_C' with ClassGeneratedBy '/Game/Levels/AI_Test.AI_Test:PersistentLevel.AI_Test'
[2017.03.01-03.11.01:671][ 90]LogBlueprintUserMessages: Early EndPlayMap Detection: Level '/Game/Levels/AI_Test.AI_Test:PersistentLevel' has LevelScriptBlueprint '/Game/Levels/AI_Test.AI_Test:PersistentLevel.AI_Test' with GeneratedClass '/Game/Levels/AI_Test.AI_Test_C' with ClassGeneratedBy '/Game/Levels/AI_Test.AI_Test:PersistentLevel.AI_Test'
[2017.03.01-03.11.01:758][ 90]LogBlueprintUserMessages: Late EndPlayMap Detection: Level '/Game/Levels/AI_Test.AI_Test:PersistentLevel' has LevelScriptBlueprint '/Game/Levels/AI_Test.AI_Test:PersistentLevel.AI_Test' with GeneratedClass '/Game/Levels/AI_Test.AI_Test_C' with ClassGeneratedBy '/Game/Levels/AI_Test.AI_Test:PersistentLevel.AI_Test'
[2017.03.01-03.11.10:064][527]LogUObjectBase:Warning: NULL object
[2017.03.01-03.11.10:092][527]LogStats: FPlatformStackWalk::StackWalkAndDump -  0.028 s
[2017.03.01-03.11.10:092][527]LogOutputDevice:Error: === Handled ensure: ===
[2017.03.01-03.11.10:092][527]LogOutputDevice:Error: 
[2017.03.01-03.11.10:092][527]LogOutputDevice:Error: Ensure condition failed: false [File:D:\Build\++UE4+Release-4.14+Compile\Sync\Engine\Source\Editor\Kismet\Private\SKismetInspector.cpp] [Line: 520]
[2017.03.01-03.11.10:092][527]LogOutputDevice:Error: Object in KismetInspector is invalid, see TTP 281915
[2017.03.01-03.11.10:092][527]LogOutputDevice:Error: Stack: 
[2017.03.01-03.11.10:092][527]LogOutputDevice:Error: UE4Editor-Core.dll
[2017.03.01-03.11.10:092][527]LogOutputDevice:Error: UE4Editor-Core.dll
[2017.03.01-03.11.10:092][527]LogOutputDevice:Error: UE4Editor-Core.dll
[2017.03.01-03.11.10:092][527]LogOutputDevice:Error: UE4Editor-Kismet.dll
[2017.03.01-03.11.10:092][527]LogOutputDevice:Error: UE4Editor-Kismet.dll
[2017.03.01-03.11.10:092][527]LogOutputDevice:Error: UE4Editor-SlateCore.dll
[2017.03.01-03.11.10:092][527]LogOutputDevice:Error: UE4Editor-SlateCore.dll
[2017.03.01-03.11.10:092][527]LogOutputDevice:Error: UE4Editor-Slate.dll
[2017.03.01-03.11.10:092][527]LogOutputDevice:Error: UE4Editor-SlateCore.dll
[2017.03.01-03.11.10:092][527]LogOutputDevice:Error: UE4Editor-SlateCore.dll
[2017.03.01-03.11.10:092][527]LogOutputDevice:Error: UE4Editor-SlateCore.dll
[2017.03.01-03.11.10:092][527]LogOutputDevice:Error: UE4Editor-SlateCore.dll
[2017.03.01-03.11.10:092][527]LogOutputDevice:Error: UE4Editor-SlateCore.dll
[2017.03.01-03.11.10:092][527]LogOutputDevice:Error: UE4Editor-SlateCore.dll
[2017.03.01-03.11.10:092][527]LogOutputDevice:Error: UE4Editor-SlateCore.dll
[2017.03.01-03.11.10:092][527]LogOutputDevice:Error: UE4Editor-SlateCore.dll
[2017.03.01-03.11.10:092][527]LogOutputDevice:Error: UE4Editor-SlateCore.dll
[2017.03.01-03.11.10:092][527]LogOutputDevice:Error: UE4Editor-Slate.dll
[2017.03.01-03.11.10:092][527]LogOutputDevice:Error: UE4Editor-SlateCore.dll
[2017.03.01-03.11.10:092][527]LogOutputDevice:Error: UE4Editor-SlateCore.dll
[2017.03.01-03.11.10:092][527]LogOutputDevice:Error: UE4Editor-SlateCore.dll
[2017.03.01-03.11.10:092][527]LogOutputDevice:Error: UE4Editor-SlateCore.dll
[2017.03.01-03.11.10:092][527]LogOutputDevice:Error: UE4Editor-Slate.dll
[2017.03.01-03.11.10:092][527]LogOutputDevice:Error: UE4Editor-SlateCore.dll
[2017.03.01-03.11.10:092][527]LogOutputDevice:Error: UE4Editor-SlateCore.dll
[2017.03.01-03.11.10:092][527]LogOutputDevice:Error: UE4Editor-SlateCore.dll
[2017.03.01-03.11.10:092][527]LogOutputDevice:Error: UE4Editor-SlateCore.dll
[2017.03.01-03.11.10:092][527]LogOutputDevice:Error: UE4Editor-Slate.dll
[2017.03.01-03.11.10:092][527]LogOutputDevice:Error: UE4Editor-SlateCore.dll
[2017.03.01-03.11.10:092][527]LogOutputDevice:Error: UE4Editor-SlateCore.dll
[2017.03.01-03.11.10:092][527]LogOutputDevice:Error: UE4Editor-SlateCore.dll
[2017.03.01-03.11.10:092][527]LogOutputDevice:Error: UE4Editor-SlateCore.dll
[2017.03.01-03.11.10:092][527]LogOutputDevice:Error: UE4Editor-SlateCore.dll
[2017.03.01-03.11.10:092][527]LogOutputDevice:Error: UE4Editor-SlateCore.dll
[2017.03.01-03.11.10:092][527]LogOutputDevice:Error: UE4Editor-SlateCore.dll
[2017.03.01-03.11.10:092][527]LogOutputDevice:Error: UE4Editor-SlateCore.dll
[2017.03.01-03.11.10:092][527]LogOutputDevice:Error: UE4Editor-SlateCore.dll
[2017.03.01-03.11.10:092][527]LogOutputDevice:Error: UE4Editor-SlateCore.dll
[2017.03.01-03.11.10:092][527]LogOutputDevice:Error: UE4Editor-SlateCore.dll
[2017.03.01-03.11.10:092][527]LogOutputDevice:Error: UE4Editor-Slate.dll
[2017.03.01-03.11.10:092][527]LogOutputDevice:Error: UE4Editor-SlateCore.dll
[2017.03.01-03.11.10:092][527]LogOutputDevice:Error: UE4Editor-SlateCore.dll
[2017.03.01-03.11.10:092][527]LogOutputDevice:Error: UE4Editor-SlateCore.dll
[2017.03.01-03.11.10:092][527]LogOutputDevice:Error: UE4Editor-SlateCore.dll
[2017.03.01-03.11.10:092][527]LogOutputDevice:Error: UE4Editor-SlateCore.dll
[2017.03.01-03.11.10:092][527]LogOutputDevice:Error: UE4Editor-SlateCore.dll
[2017.03.01-03.11.10:092][527]LogOutputDevice:Error: UE4Editor-SlateCore.dll
[2017.03.01-03.11.10:092][527]LogOutputDevice:Error: UE4Editor-SlateCore.dll
[2017.03.01-03.11.10:092][527]LogOutputDevice:Error: UE4Editor-SlateCore.dll
[2017.03.01-03.11.10:092][527]LogOutputDevice:Error: UE4Editor-Slate.dll
[2017.03.01-03.11.10:092][527]LogOutputDevice:Error: UE4Editor-SlateCore.dll
[2017.03.01-03.11.10:092][527]LogOutputDevice:Error: UE4Editor-SlateCore.dll
[2017.03.01-03.11.10:092][527]LogOutputDevice:Error: UE4Editor-SlateCore.dll
[2017.03.01-03.11.10:092][527]LogOutputDevice:Error: UE4Editor-SlateCore.dll
[2017.03.01-03.11.10:092][527]LogOutputDevice:Error: UE4Editor-SlateCore.dll
[2017.03.01-03.11.10:092][527]LogOutputDevice:Error: UE4Editor-SlateCore.dll
[2017.03.01-03.11.10:092][527]LogOutputDevice:Error: UE4Editor-SlateCore.dll
[2017.03.01-03.11.10:092][527]LogOutputDevice:Error: UE4Editor-SlateCore.dll
[2017.03.01-03.11.10:092][527]LogOutputDevice:Error: UE4Editor-SlateCore.dll
[2017.03.01-03.11.10:092][527]LogOutputDevice:Error: UE4Editor-SlateCore.dll
[2017.03.01-03.11.10:092][527]LogOutputDevice:Error: UE4Editor-SlateCore.dll
[2017.03.01-03.11.10:092][527]LogOutputDevice:Error: UE4Editor-SlateCore.dll
[2017.03.01-03.11.10:092][527]LogOutputDevice:Error: UE4Editor-SlateCore.dll
[2017.03.01-03.11.10:092][527]LogOutputDevice:Error: UE4Editor-SlateCore.dll
[2017.03.01-03.11.10:092][527]LogOutputDevice:Error: UE4Editor-SlateCore.dll
[2017.03.01-03.11.10:092][527]LogOutputDevice:Error: UE4Editor-SlateCore.dll
[2017.03.01-03.11.10:092][527]LogOutputDevice:Error: UE4Editor-Slate.dll
[2017.03.01-03.11.10:092][527]LogOutputDevice:Error: UE4Editor-Slate.dll
[2017.03.01-03.11.10:092][527]LogOutputDevice:Error: UE4Editor-Slate.dll
[2017.03.01-03.11.10:092][527]LogOutputDevice:Error: UE4Editor-Slate.dll
[2017.03.01-03.11.10:092][527]LogOutputDevice:Error: UE4Editor-Slate.dll
[2017.03.01-03.11.10:092][527]LogOutputDevice:Error: UE4Editor-Slate.dll
[2017.03.01-03.11.10:092][527]LogOutputDevice:Error: UE4Editor.exe
[2017.03.01-03.11.10:092][527]LogOutputDevice:Error: UE4Editor.exe
[2017.03.01-03.11.10:092][527]LogOutputDevice:Error: UE4Editor.exe
[2017.03.01-03.11.10:092][527]LogOutputDevice:Error: UE4Editor.exe
[2017.03.01-03.11.10:092][527]LogOutputDevice:Error: UE4Editor.exe
[2017.03.01-03.11.10:092][527]LogOutputDevice:Error: KERNEL32.DLL
[2017.03.01-03.11.10:092][527]LogOutputDevice:Error: ntdll.dll
[2017.03.01-03.11.10:092][527]LogOutputDevice:Error: 
[2017.03.01-03.11.10:101][527]LogStats:                SubmitErrorReport -  0.000 s
