Log file open, 04/24/17 18:47:43
LogInit:Display: Running engine for game: Cursed_Blade
LogPlatformFile: Not using cached read wrapper
LogInit:Display: RandInit(-1996222955) SRandInit(-1996222955).
LogTaskGraph: Started task graph with 5 named threads and 8 total threads with 1 sets of task threads.
LogStats: Stats thread started at 0.090093
LogPluginManager: Loaded Plugin Paper2D, From C:/Program Files/Epic Games/UE_4.14/Engine/Plugins/2D/Paper2D/Paper2D.uplugin
LogPluginManager: Loaded Plugin LightPropagationVolume, From C:/Program Files/Epic Games/UE_4.14/Engine/Plugins/Blendables/LightPropagationVolume/LightPropagationVolume.uplugin
LogPluginManager: Loaded Plugin BlankPlugin, From C:/Program Files/Epic Games/UE_4.14/Engine/Plugins/Developer/BlankPlugin/BlankPlugin.uplugin
LogPluginManager: Loaded Plugin CodeLiteSourceCodeAccess, From C:/Program Files/Epic Games/UE_4.14/Engine/Plugins/Developer/CodeLiteSourceCodeAccess/CodeLiteSourceCodeAccess.uplugin
LogPluginManager: Loaded Plugin GitSourceControl, From C:/Program Files/Epic Games/UE_4.14/Engine/Plugins/Developer/GitSourceControl/GitSourceControl.uplugin
LogPluginManager: Loaded Plugin KDevelopSourceCodeAccess, From C:/Program Files/Epic Games/UE_4.14/Engine/Plugins/Developer/KDevelopSourceCodeAccess/KDevelopSourceCodeAccess.uplugin
LogPluginManager: Loaded Plugin NullSourceCodeAccess, From C:/Program Files/Epic Games/UE_4.14/Engine/Plugins/Developer/NullSourceCodeAccess/NullSourceCodeAccess.uplugin
LogPluginManager: Loaded Plugin OneSkyLocalizationService, From C:/Program Files/Epic Games/UE_4.14/Engine/Plugins/Developer/OneSkyLocalizationService/OneSkyLocalizationService.uplugin
LogPluginManager: Loaded Plugin PerforceSourceControl, From C:/Program Files/Epic Games/UE_4.14/Engine/Plugins/Developer/PerforceSourceControl/PerforceSourceControl.uplugin
LogPluginManager: Loaded Plugin SubversionSourceControl, From C:/Program Files/Epic Games/UE_4.14/Engine/Plugins/Developer/SubversionSourceControl/SubversionSourceControl.uplugin
LogPluginManager: Loaded Plugin UObjectPlugin, From C:/Program Files/Epic Games/UE_4.14/Engine/Plugins/Developer/UObjectPlugin/UObjectPlugin.uplugin
LogPluginManager: Loaded Plugin VisualStudioSourceCodeAccess, From C:/Program Files/Epic Games/UE_4.14/Engine/Plugins/Developer/VisualStudioSourceCodeAccess/VisualStudioSourceCodeAccess.uplugin
LogPluginManager: Loaded Plugin XCodeSourceCodeAccess, From C:/Program Files/Epic Games/UE_4.14/Engine/Plugins/Developer/XCodeSourceCodeAccess/XCodeSourceCodeAccess.uplugin
LogPluginManager: Loaded Plugin AudioCapture, From C:/Program Files/Epic Games/UE_4.14/Engine/Plugins/Editor/AudioCapture/AudioCapture.uplugin
LogPluginManager: Loaded Plugin EpicSurvey, From C:/Program Files/Epic Games/UE_4.14/Engine/Plugins/Editor/EpicSurvey/EpicSurvey.uplugin
LogPluginManager: Loaded Plugin MacGraphicsSwitching, From C:/Program Files/Epic Games/UE_4.14/Engine/Plugins/Editor/MacGraphicsSwitching/MacGraphicsSwitching.uplugin
LogPluginManager: Loaded Plugin MobileLauncherProfileWizard, From C:/Program Files/Epic Games/UE_4.14/Engine/Plugins/Editor/MobileLauncherProfileWizard/MobileLauncherProfileWizard.uplugin
LogPluginManager: Loaded Plugin PluginBrowser, From C:/Program Files/Epic Games/UE_4.14/Engine/Plugins/Editor/PluginBrowser/PluginBrowser.uplugin
LogPluginManager: Loaded Plugin SpeedTreeImporter, From C:/Program Files/Epic Games/UE_4.14/Engine/Plugins/Editor/SpeedTreeImporter/SpeedTreeImporter.uplugin
LogPluginManager: Loaded Plugin SuperSearchEditor, From C:/Program Files/Epic Games/UE_4.14/Engine/Plugins/Editor/SuperSearchEditor/SuperSearchEditor.uplugin
LogPluginManager: Loaded Plugin AlembicImporter, From C:/Program Files/Epic Games/UE_4.14/Engine/Plugins/Experimental/AlembicImporter/AlembicImporter.uplugin
LogPluginManager: Loaded Plugin BlueprintStats, From C:/Program Files/Epic Games/UE_4.14/Engine/Plugins/Experimental/BlueprintStats/BlueprintStats.uplugin
LogPluginManager: Loaded Plugin CharacterAI, From C:/Program Files/Epic Games/UE_4.14/Engine/Plugins/Experimental/CharacterAI/CharacterAI.uplugin
LogPluginManager: Loaded Plugin CodeEditor, From C:/Program Files/Epic Games/UE_4.14/Engine/Plugins/Experimental/CodeEditor/CodeEditor.uplugin
LogPluginManager: Loaded Plugin CodeView, From C:/Program Files/Epic Games/UE_4.14/Engine/Plugins/Experimental/CodeView/CodeView.uplugin
LogPluginManager: Loaded Plugin HTML5Networking, From C:/Program Files/Epic Games/UE_4.14/Engine/Plugins/Experimental/HTML5Networking/HTML5Networking.uplugin
LogPluginManager: Loaded Plugin OSVR, From C:/Program Files/Epic Games/UE_4.14/Engine/Plugins/Experimental/OSVR/OSVR.uplugin
LogPluginManager: Loaded Plugin Phya, From C:/Program Files/Epic Games/UE_4.14/Engine/Plugins/Experimental/Phya/Phya.uplugin
LogPluginManager: Loaded Plugin SignificanceManager, From C:/Program Files/Epic Games/UE_4.14/Engine/Plugins/Experimental/SignificanceManager/SignificanceManager.uplugin
LogPluginManager: Loaded Plugin SimpleHMD, From C:/Program Files/Epic Games/UE_4.14/Engine/Plugins/Experimental/SimpleHMD/SimpleHMD.uplugin
LogPluginManager: Loaded Plugin StereoPanorama, From C:/Program Files/Epic Games/UE_4.14/Engine/Plugins/Experimental/StereoPanorama/StereoPanorama.uplugin
LogPluginManager: Loaded Plugin StructBox, From C:/Program Files/Epic Games/UE_4.14/Engine/Plugins/Experimental/StructBox/StructBox.uplugin
LogPluginManager: Loaded Plugin AndroidMedia, From C:/Program Files/Epic Games/UE_4.14/Engine/Plugins/Media/AndroidMedia/AndroidMedia.uplugin
LogPluginManager: Loaded Plugin AvfMedia, From C:/Program Files/Epic Games/UE_4.14/Engine/Plugins/Media/AvfMedia/AvfMedia.uplugin
LogPluginManager: Loaded Plugin MediaPlayerEditor, From C:/Program Files/Epic Games/UE_4.14/Engine/Plugins/Media/MediaPlayerEditor/MediaPlayerEditor.uplugin
LogPluginManager: Loaded Plugin WmfMedia, From C:/Program Files/Epic Games/UE_4.14/Engine/Plugins/Media/WmfMedia/WmfMedia.uplugin
LogPluginManager: Loaded Plugin MessagingDebugger, From C:/Program Files/Epic Games/UE_4.14/Engine/Plugins/Messaging/MessagingDebugger/MessagingDebugger.uplugin
LogPluginManager: Loaded Plugin TcpMessaging, From C:/Program Files/Epic Games/UE_4.14/Engine/Plugins/Messaging/TcpMessaging/TcpMessaging.uplugin
LogPluginManager: Loaded Plugin UdpMessaging, From C:/Program Files/Epic Games/UE_4.14/Engine/Plugins/Messaging/UdpMessaging/UdpMessaging.uplugin
LogPluginManager: Loaded Plugin LevelSequenceEditor, From C:/Program Files/Epic Games/UE_4.14/Engine/Plugins/MovieScene/LevelSequenceEditor/LevelSequenceEditor.uplugin
LogPluginManager: Loaded Plugin MatineeToLevelSequence, From C:/Program Files/Epic Games/UE_4.14/Engine/Plugins/MovieScene/MatineeToLevelSequence/MatineeToLevelSequence.uplugin
LogPluginManager: Loaded Plugin NetcodeUnitTest, From C:/Program Files/Epic Games/UE_4.14/Engine/Plugins/NetcodeUnitTest/NetcodeUnitTest/NetcodeUnitTest.uplugin
LogPluginManager: Loaded Plugin NUTUnrealEngine4, From C:/Program Files/Epic Games/UE_4.14/Engine/Plugins/NetcodeUnitTest/NUTUnrealEngine4/NUTUnrealEngine4.uplugin
LogPluginManager: Loaded Plugin OnlineSubsystemGameCircle, From C:/Program Files/Epic Games/UE_4.14/Engine/Plugins/Online/Android/OnlineSubsystemGameCircle/OnlineSubsystemGameCircle.uplugin
LogPluginManager: Loaded Plugin OnlineSubsystemGooglePlay, From C:/Program Files/Epic Games/UE_4.14/Engine/Plugins/Online/Android/OnlineSubsystemGooglePlay/OnlineSubsystemGooglePlay.uplugin
LogPluginManager: Loaded Plugin OnlineSubsystemIOS, From C:/Program Files/Epic Games/UE_4.14/Engine/Plugins/Online/IOS/OnlineSubsystemIOS/OnlineSubsystemIOS.uplugin
LogPluginManager: Loaded Plugin OnlineFramework, From C:/Program Files/Epic Games/UE_4.14/Engine/Plugins/Online/OnlineFramework/OnlineFramework.uplugin
LogPluginManager: Loaded Plugin OnlineSubsystem, From C:/Program Files/Epic Games/UE_4.14/Engine/Plugins/Online/OnlineSubsystem/OnlineSubsystem.uplugin
LogPluginManager: Loaded Plugin OnlineSubsystemAmazon, From C:/Program Files/Epic Games/UE_4.14/Engine/Plugins/Online/OnlineSubsystemAmazon/OnlineSubsystemAmazon.uplugin
LogPluginManager: Loaded Plugin OnlineSubsystemFacebook, From C:/Program Files/Epic Games/UE_4.14/Engine/Plugins/Online/OnlineSubsystemFacebook/OnlineSubsystemFacebook.uplugin
LogPluginManager: Loaded Plugin OnlineSubsystemNull, From C:/Program Files/Epic Games/UE_4.14/Engine/Plugins/Online/OnlineSubsystemNull/OnlineSubsystemNull.uplugin
LogPluginManager: Loaded Plugin OnlineSubsystemOculus, From C:/Program Files/Epic Games/UE_4.14/Engine/Plugins/Online/OnlineSubsystemOculus/OnlineSubsystemOculus.uplugin
LogPluginManager: Loaded Plugin OnlineSubsystemSteam, From C:/Program Files/Epic Games/UE_4.14/Engine/Plugins/Online/OnlineSubsystemSteam/OnlineSubsystemSteam.uplugin
LogPluginManager: Loaded Plugin OnlineSubsystemUtils, From C:/Program Files/Epic Games/UE_4.14/Engine/Plugins/Online/OnlineSubsystemUtils/OnlineSubsystemUtils.uplugin
LogPluginManager: Loaded Plugin IOSTapJoy, From C:/Program Files/Epic Games/UE_4.14/Engine/Plugins/Runtime/Advertising/IOSTapJoy/IOSTapJoy.uplugin
LogPluginManager: Loaded Plugin AnalyticsBlueprintLibrary, From C:/Program Files/Epic Games/UE_4.14/Engine/Plugins/Runtime/Analytics/AnalyticsBlueprintLibrary/AnalyticsBlueprintLibrary.uplugin
LogPluginManager: Loaded Plugin AnalyticsMulticast, From C:/Program Files/Epic Games/UE_4.14/Engine/Plugins/Runtime/Analytics/AnalyticsMulticast/AnalyticsMulticast.uplugin
LogPluginManager: Loaded Plugin Apsalar, From C:/Program Files/Epic Games/UE_4.14/Engine/Plugins/Runtime/Analytics/Apsalar/Apsalar.uplugin
LogPluginManager: Loaded Plugin FileLogging, From C:/Program Files/Epic Games/UE_4.14/Engine/Plugins/Runtime/Analytics/FileLogging/FileLogging.uplugin
LogPluginManager: Loaded Plugin Flurry, From C:/Program Files/Epic Games/UE_4.14/Engine/Plugins/Runtime/Analytics/Flurry/Flurry.uplugin
LogPluginManager: Loaded Plugin AndroidDeviceProfileSelector, From C:/Program Files/Epic Games/UE_4.14/Engine/Plugins/Runtime/AndroidDeviceProfileSelector/AndroidDeviceProfileSelector.uplugin
LogPluginManager: Loaded Plugin AndroidMoviePlayer, From C:/Program Files/Epic Games/UE_4.14/Engine/Plugins/Runtime/AndroidMoviePlayer/AndroidMoviePlayer.uplugin
LogPluginManager: Loaded Plugin AppleMoviePlayer, From C:/Program Files/Epic Games/UE_4.14/Engine/Plugins/Runtime/AppleMoviePlayer/AppleMoviePlayer.uplugin
LogPluginManager: Loaded Plugin ArchVisCharacter, From C:/Program Files/Epic Games/UE_4.14/Engine/Plugins/Runtime/ArchVisCharacter/ArchVisCharacter.uplugin
LogPluginManager: Loaded Plugin CableComponent, From C:/Program Files/Epic Games/UE_4.14/Engine/Plugins/Runtime/CableComponent/CableComponent.uplugin
LogPluginManager: Loaded Plugin CustomMeshComponent, From C:/Program Files/Epic Games/UE_4.14/Engine/Plugins/Runtime/CustomMeshComponent/CustomMeshComponent.uplugin
LogPluginManager: Loaded Plugin ExampleDeviceProfileSelector, From C:/Program Files/Epic Games/UE_4.14/Engine/Plugins/Runtime/ExampleDeviceProfileSelector/ExampleDeviceProfileSelector.uplugin
LogPluginManager: Loaded Plugin GearVR, From C:/Program Files/Epic Games/UE_4.14/Engine/Plugins/Runtime/GearVR/GearVR.uplugin
LogPluginManager: Loaded Plugin GoogleVRController, From C:/Program Files/Epic Games/UE_4.14/Engine/Plugins/Runtime/GoogleVR/GoogleVRController/GoogleVRController.uplugin
LogPluginManager: Loaded Plugin GoogleVRHMD, From C:/Program Files/Epic Games/UE_4.14/Engine/Plugins/Runtime/GoogleVR/GoogleVRHMD/GoogleVRHMD.uplugin
LogPluginManager: Loaded Plugin IOSDeviceProfileSelector, From C:/Program Files/Epic Games/UE_4.14/Engine/Plugins/Runtime/IOSDeviceProfileSelector/IOSDeviceProfileSelector.uplugin
LogPluginManager: Loaded Plugin LeapMotion, From C:/Program Files/Epic Games/UE_4.14/Engine/Plugins/Runtime/LeapMotion/LeapMotion.uplugin
LogPluginManager: Loaded Plugin LinuxDeviceProfileSelector, From C:/Program Files/Epic Games/UE_4.14/Engine/Plugins/Runtime/LinuxDeviceProfileSelector/LinuxDeviceProfileSelector.uplugin
LogPluginManager: Loaded Plugin MIDIDevice, From C:/Program Files/Epic Games/UE_4.14/Engine/Plugins/Runtime/MIDIDevice/MIDIDevice.uplugin
LogPluginManager: Loaded Plugin MobilePatchingUtils, From C:/Program Files/Epic Games/UE_4.14/Engine/Plugins/Runtime/MobilePatchingUtils/MobilePatchingUtils.uplugin
LogPluginManager: Loaded Plugin Ansel, From C:/Program Files/Epic Games/UE_4.14/Engine/Plugins/Runtime/Nvidia/Ansel/Ansel.uplugin
LogPluginManager: Loaded Plugin OculusAudio, From C:/Program Files/Epic Games/UE_4.14/Engine/Plugins/Runtime/OculusAudio/OculusAudio.uplugin
LogPluginManager: Loaded Plugin OculusInput, From C:/Program Files/Epic Games/UE_4.14/Engine/Plugins/Runtime/OculusInput/OculusInput.uplugin
LogPluginManager: Loaded Plugin OculusLibrary, From C:/Program Files/Epic Games/UE_4.14/Engine/Plugins/Runtime/OculusLibrary/OculusLibrary.uplugin
LogPluginManager: Loaded Plugin OculusRift, From C:/Program Files/Epic Games/UE_4.14/Engine/Plugins/Runtime/OculusRift/OculusRift.uplugin
LogPluginManager: Loaded Plugin Oodle, From C:/Program Files/Epic Games/UE_4.14/Engine/Plugins/Runtime/PacketHandlers/CompressionComponents/Oodle/Oodle.uplugin
LogPluginManager: Loaded Plugin ProceduralMeshComponent, From C:/Program Files/Epic Games/UE_4.14/Engine/Plugins/Runtime/ProceduralMeshComponent/ProceduralMeshComponent.uplugin
LogPluginManager: Loaded Plugin SoundMod, From C:/Program Files/Epic Games/UE_4.14/Engine/Plugins/Runtime/SoundMod/SoundMod.uplugin
LogPluginManager: Loaded Plugin SoundVisualizations, From C:/Program Files/Epic Games/UE_4.14/Engine/Plugins/Runtime/SoundVisualizations/SoundVisualizations.uplugin
LogPluginManager: Loaded Plugin SteamController, From C:/Program Files/Epic Games/UE_4.14/Engine/Plugins/Runtime/Steam/SteamController/SteamController.uplugin
LogPluginManager: Loaded Plugin SteamVR, From C:/Program Files/Epic Games/UE_4.14/Engine/Plugins/Runtime/Steam/SteamVR/SteamVR.uplugin
LogPluginManager: Loaded Plugin WebBrowserWidget, From C:/Program Files/Epic Games/UE_4.14/Engine/Plugins/Runtime/WebBrowserWidget/WebBrowserWidget.uplugin
LogPluginManager: Loaded Plugin WindowsDeviceProfileSelector, From C:/Program Files/Epic Games/UE_4.14/Engine/Plugins/Runtime/WindowsDeviceProfileSelector/WindowsDeviceProfileSelector.uplugin
LogPluginManager: Loaded Plugin WindowsMoviePlayer, From C:/Program Files/Epic Games/UE_4.14/Engine/Plugins/Runtime/WindowsMoviePlayer/WindowsMoviePlayer.uplugin
LogPluginManager: Loaded Plugin ScriptPlugin, From C:/Program Files/Epic Games/UE_4.14/Engine/Plugins/ScriptPlugin/ScriptPlugin.uplugin
LogPluginManager: Loaded Plugin SlateRemote, From C:/Program Files/Epic Games/UE_4.14/Engine/Plugins/Slate/SlateRemote/SlateRemote.uplugin
LogPluginManager: Loaded Plugin EditorTests, From C:/Program Files/Epic Games/UE_4.14/Engine/Plugins/Tests/EditorTests/EditorTests.uplugin
LogPluginManager: Loaded Plugin FbxAutomationTestBuilder, From C:/Program Files/Epic Games/UE_4.14/Engine/Plugins/Tests/FbxAutomationTestBuilder/FbxAutomationTestBuilder.uplugin
LogPluginManager: Loaded Plugin FunctionalTestingEditor, From C:/Program Files/Epic Games/UE_4.14/Engine/Plugins/Tests/FunctionalTestingEditor/FunctionalTestingEditor.uplugin
LogPluginManager: Loaded Plugin RuntimeTests, From C:/Program Files/Epic Games/UE_4.14/Engine/Plugins/Tests/RuntimeTests/RuntimeTests.uplugin
LogPluginManager: Loaded Plugin ScreenshotTools, From C:/Program Files/Epic Games/UE_4.14/Engine/Plugins/Tests/ScreenshotTools/ScreenshotTools.uplugin
LogInit: Using libcurl 7.47.1
LogInit:  - built for x86_64-pc-win32
LogInit:  - supports SSL with OpenSSL/1.0.2g
LogInit:  - supports HTTP deflate (compression) using libz 1.2.8
LogInit:  - other features:
LogInit:      CURL_VERSION_SSL
LogInit:      CURL_VERSION_LIBZ
LogInit:      CURL_VERSION_IPV6
LogInit:      CURL_VERSION_ASYNCHDNS
LogInit:      CURL_VERSION_LARGEFILE
LogInit:      CURL_VERSION_IDN
LogInit:  CurlRequestOptions (configurable via config and command line):
LogInit:  - bVerifyPeer = false  - Libcurl will NOT verify peer certificate
LogInit:  - bUseHttpProxy = false  - Libcurl will NOT use HTTP proxy
LogInit:  - bDontReuseConnections = false  - Libcurl will reuse connections
LogInit:  - CertBundlePath = nullptr  - Libcurl will use whatever was configured at build time.
LogInit: Build: ++UE4+Release-4.14-CL-3249277
LogInit: Engine Version: 4.14.3-3249277+++UE4+Release-4.14
LogInit: Compatible Engine Version: 4.14.0-3195953+++UE4+Release-4.14
LogInit: Net CL: 3195953
LogDevObjectVersion: Number of dev versions registered: 13
LogDevObjectVersion:   Dev-Blueprints (B0D832E4-1F89-4F0D-ACCF-7EB736FD4AA2): 7
LogDevObjectVersion:   Dev-Build (E1C64328-A22C-4D53-A36C-8E866417BD8C): 0
LogDevObjectVersion:   Dev-Core (375EC13C-06E4-48FB-B500-84F0262A717E): 1
LogDevObjectVersion:   Dev-Editor (E4B068ED-F494-42E9-A231-DA0B2E46BB41): 8
LogDevObjectVersion:   Dev-Framework (CFFC743F-43B0-4480-9391-14DF171D2073): 17
LogDevObjectVersion:   Dev-Mobile (B02B49B5-BB20-44E9-A304-32B752E40360): 0
LogDevObjectVersion:   Dev-Networking (A4E4105C-59A1-49B5-A7C5-40C4547EDFEE): 0
LogDevObjectVersion:   Dev-Online (39C831C9-5AE6-47DC-9A44-9C173E1C8E7C): 0
LogDevObjectVersion:   Dev-Physics (78F01B33-EBEA-4F98-B9B4-84EACCB95AA2): 0
LogDevObjectVersion:   Dev-Platform (6631380F-2D4D-43E0-8009-CF276956A95A): 0
LogDevObjectVersion:   Dev-Rendering (12F88B9F-8875-4AFC-A67C-D90C383ABD29): 12
LogDevObjectVersion:   Dev-Sequencer (7B5AE74C-D270-4C10-A958-57980B212A5A): 1
LogDevObjectVersion:   Dev-VR (D7296918-1DD6-4BDD-9DE2-64A83CC13884): 0
LogInit: Compiled (64-bit): Jan  6 2017 10:49:43
LogInit: Compiled with Visual C++: 19.00.23026.00
LogInit: Build Configuration: Development
LogInit: Branch Name: ++UE4+Release-4.14
LogInit: Command line: -EpicPortal 
LogInit: Base directory: C:/Program Files/Epic Games/UE_4.14/Engine/Binaries/Win64/
LogInit: Installed Engine Build: 1
LogInit: Presizing for max 8388607 objects, including 0 objects not considered by GC, pre-allocating 0 bytes for permanent pool.
LogInit: Object subsystem initialized
[2017.04.24-22.47.44:459][  0]LogInit: Selected Device Profile: [Windows]
[2017.04.24-22.47.44:459][  0]LogInit: Applying CVar settings loaded from the selected device profile: [Windows]
[2017.04.24-22.47.44:565][  0]LogInit: Computer: GRIFFIN
[2017.04.24-22.47.44:565][  0]LogInit: User: griff000
[2017.04.24-22.47.44:565][  0]LogInit: CPU Page size=65536, Cores=4
[2017.04.24-22.47.44:565][  0]LogInit: High frequency timer resolution =2.143580 MHz
[2017.04.24-22.47.44:566][  0]LogMemory: Memory total: Physical=7.9GB (8GB approx)
[2017.04.24-22.47.44:566][  0]LogMemory: Platform Memory Stats for Windows
[2017.04.24-22.47.44:566][  0]LogMemory: Process Physical Memory: 264.14 MB used, 264.14 MB peak
[2017.04.24-22.47.44:566][  0]LogMemory: Process Virtual Memory: 262.90 MB used, 262.90 MB peak
[2017.04.24-22.47.44:566][  0]LogMemory: Physical Memory: 7028.00 MB used,  1053.75 MB free, 8081.75 MB total
[2017.04.24-22.47.44:566][  0]LogMemory: Virtual Memory: 676.63 MB used,  1053.75 MB free, 134217728.00 MB total
[2017.04.24-22.47.44:757][  0]LogTextLocalizationManager: No specific translations for ('en-US') exist, so ('en') translations will be used.
[2017.04.24-22.48.02:036][  0]LogD3D11RHI: D3D11 adapters:
[2017.04.24-22.48.02:043][  0]LogD3D11RHI:    0. 'Intel(R) HD Graphics 4000' (Feature Level 11_0)
[2017.04.24-22.48.02:043][  0]LogD3D11RHI:       32/0/1760 MB DedicatedVideo/DedicatedSystem/SharedSystem, Outputs:3, VendorId:0x8086
[2017.04.24-22.48.02:045][  0]LogD3D11RHI:    1. 'Microsoft Basic Render Driver' (Feature Level 11_0)
[2017.04.24-22.48.02:045][  0]LogD3D11RHI:       0/0/4040 MB DedicatedVideo/DedicatedSystem/SharedSystem, Outputs:0, VendorId:0x1414
[2017.04.24-22.48.02:045][  0]LogD3D11RHI: Chosen D3D11 Adapter: 0
[2017.04.24-22.48.02:052][  0]LogD3D11RHI: Creating new Direct3DDevice
[2017.04.24-22.48.02:052][  0]LogD3D11RHI:     GPU DeviceId: 0x166 (for the marketing name, search the web for "GPU Device Id")
[2017.04.24-22.48.02:052][  0]LogWindows: EnumDisplayDevices:
[2017.04.24-22.48.02:052][  0]LogWindows:    0. 'Intel(R) HD Graphics 4000' (P:1 D:1)
[2017.04.24-22.48.02:053][  0]LogWindows:    1. 'Intel(R) HD Graphics 4000' (P:0 D:1)
[2017.04.24-22.48.02:053][  0]LogWindows:    2. 'Intel(R) HD Graphics 4000' (P:0 D:1)
[2017.04.24-22.48.02:053][  0]LogWindows:    3. 'Intel(R) HD Graphics 4000' (P:0 D:0)
[2017.04.24-22.48.02:053][  0]LogWindows:    4. 'Intel(R) HD Graphics 4000' (P:0 D:0)
[2017.04.24-22.48.02:054][  0]LogWindows:    5. 'Intel(R) HD Graphics 4000' (P:0 D:0)
[2017.04.24-22.48.02:054][  0]LogWindows:    6. 'Intel(R) HD Graphics 4000' (P:0 D:0)
[2017.04.24-22.48.02:054][  0]LogWindows:    7. 'Intel(R) HD Graphics 4000' (P:0 D:0)
[2017.04.24-22.48.02:055][  0]LogWindows:    8. 'Intel(R) HD Graphics 4000' (P:0 D:0)
[2017.04.24-22.48.02:055][  0]LogWindows: DebugString: FoundDriverCount:9 
[2017.04.24-22.48.02:055][  0]LogD3D11RHI:     Adapter Name: Intel(R) HD Graphics 4000
[2017.04.24-22.48.02:055][  0]LogD3D11RHI:   Driver Version: 10.18.10.4358 (internal:10.18.10.4358, unified:10.18.10.4358)
[2017.04.24-22.48.02:055][  0]LogD3D11RHI:      Driver Date: 12-21-2015
[2017.04.24-22.48.02:055][  0]LogRHI: Texture pool is 638 MB (70% of 912 MB)
[2017.04.24-22.48.02:060][  0]LogD3D11RHI: Async texture creation enabled
[2017.04.24-22.48.02:066][  0]LogD3D11RHI: GPU Timing Frequency: 12.500000 (Debug: 2 0)
[2017.04.24-22.48.02:067][  0]LogShaderCompilers: Guid format shader working directory is -37 characters bigger than the processId version (../../../../../../Users/griff_000/Documents/School/CIS 488/TheCursedBlade/Cursed_Blade/Intermediate/Shaders/WorkingDirectory/17516/).
[2017.04.24-22.48.02:067][  0]LogShaderCompilers: Cleaned the shader compiler working directory 'C:/Users/griff_000/AppData/Local/Temp/UnrealShaderWorkingDir/06CF57334121E7991B455E9407AD4610/'.
[2017.04.24-22.48.02:067][  0]LogShaderCompilers:Display: Using Local Shader Compiler.
[2017.04.24-22.48.11:208][  0]LogTemp:Display: Loaded TP AllDesktopTargetPlatform
[2017.04.24-22.48.11:678][  0]LogTemp:Display: Loaded TP MacClientTargetPlatform
[2017.04.24-22.48.11:778][  0]LogTemp:Display: Loaded TP MacNoEditorTargetPlatform
[2017.04.24-22.48.11:924][  0]LogTemp:Display: Loaded TP MacServerTargetPlatform
[2017.04.24-22.48.12:060][  0]LogTemp:Display: Loaded TP MacTargetPlatform
[2017.04.24-22.48.12:148][  0]LogTemp:Display: Loaded TP WindowsClientTargetPlatform
[2017.04.24-22.48.12:316][  0]LogTemp:Display: Loaded TP WindowsNoEditorTargetPlatform
[2017.04.24-22.48.12:401][  0]LogTemp:Display: Loaded TP WindowsServerTargetPlatform
[2017.04.24-22.48.12:486][  0]LogTemp:Display: Loaded TP WindowsTargetPlatform
[2017.04.24-22.48.12:657][  0]LogTemp:Display: Loaded TP AndroidTargetPlatform
[2017.04.24-22.48.12:748][  0]LogTemp:Display: Loaded TP Android_ASTCTargetPlatform
[2017.04.24-22.48.12:833][  0]LogTemp:Display: Loaded TP Android_ATCTargetPlatform
[2017.04.24-22.48.12:919][  0]LogTemp:Display: Loaded TP Android_DXTTargetPlatform
[2017.04.24-22.48.13:007][  0]LogTemp:Display: Loaded TP Android_ETC1TargetPlatform
[2017.04.24-22.48.13:092][  0]LogTemp:Display: Loaded TP Android_ETC2TargetPlatform
[2017.04.24-22.48.13:266][  0]LogTemp:Display: Loaded TP Android_MultiTargetPlatform
[2017.04.24-22.48.13:266][  0]LogTemp:Display: Loaded TP Android_PVRTCTargetPlatform
[2017.04.24-22.48.13:333][  0]LogTemp:Display: Loaded TP HTML5TargetPlatform
[2017.04.24-22.48.13:508][  0]LogTemp:Display: Loaded TP IOSTargetPlatform
[2017.04.24-22.48.13:569][  0]LogTemp:Display: Loaded TP TVOSTargetPlatform
[2017.04.24-22.48.13:657][  0]LogTemp:Display: Loaded TP LinuxClientTargetPlatform
[2017.04.24-22.48.13:742][  0]LogTemp:Display: Loaded TP LinuxNoEditorTargetPlatform
[2017.04.24-22.48.13:826][  0]LogTemp:Display: Loaded TP LinuxServerTargetPlatform
[2017.04.24-22.48.13:953][  0]LogTemp:Display: Loaded TP LinuxTargetPlatform
[2017.04.24-22.48.13:953][  0]LogTargetPlatformManager:Display: Building Assets For Windows
[2017.04.24-22.48.14:679][  0]LogDerivedDataCache:Display: Max Cache Size: 512 MB
[2017.04.24-22.48.14:746][  0]LogDerivedDataCache: Loaded boot cache 0.07s 50MB C:/Users/griff_000/AppData/Local/UnrealEngine/4.14/DerivedDataCache/Boot.ddc.
[2017.04.24-22.48.14:746][  0]LogDerivedDataCache:Display: Loaded Boot cache: C:/Users/griff_000/AppData/Local/UnrealEngine/4.14/DerivedDataCache/Boot.ddc
[2017.04.24-22.48.14:746][  0]LogDerivedDataCache: FDerivedDataBackendGraph:  Pak pak cache file ../../../../../../Users/griff_000/Documents/School/CIS 488/TheCursedBlade/Cursed_Blade/DerivedDataCache/DDC.ddp not found, will not use a pak cache.
[2017.04.24-22.48.14:746][  0]LogDerivedDataCache: Unable to find inner node Pak for hierarchical cache Hierarchy.
[2017.04.24-22.48.14:746][  0]LogDerivedDataCache: FDerivedDataBackendGraph:  CompressedPak pak cache file ../../../../../../Users/griff_000/Documents/School/CIS 488/TheCursedBlade/Cursed_Blade/DerivedDataCache/Compressed.ddp not found, will not use a pak cache.
[2017.04.24-22.48.14:746][  0]LogDerivedDataCache: Unable to find inner node CompressedPak for hierarchical cache Hierarchy.
[2017.04.24-22.48.14:767][  0]LogDerivedDataCache:Display: Pak cache opened for reading ../../../Engine/DerivedDataCache/Compressed.ddp.
[2017.04.24-22.48.14:779][  0]LogDerivedDataCache: Using Local data cache path C:/Users/griff_000/AppData/Local/UnrealEngine/Common/DerivedDataCache: Writable
[2017.04.24-22.48.15:078][  0]LogInit: Selected Device Profile: [Windows]
[2017.04.24-22.48.15:083][  0]LogContentStreaming: Texture pool size is 0.00 MB
[2017.04.24-22.48.15:399][  0]LogMeshUtilities: Using QuadricMeshReduction for automatic static mesh reduction
[2017.04.24-22.48.15:468][  0]LogSimplygon: Simplygon DLL not present - disabling.
[2017.04.24-22.48.15:543][  0]LogMeshUtilities: Using SimplygonSwarm for distributed automatic mesh merging
[2017.04.24-22.48.15:543][  0]LogMeshUtilities: No automatic skeletal mesh reduction module available
[2017.04.24-22.48.15:543][  0]LogMeshUtilities: No automatic mesh merging module available
[2017.04.24-22.48.16:546][  0]LogNetVersion: GetLocalNetworkVersion: CL: 3195953, ProjectName: cursed_blade, ProjectVersion: , EngineNetworkVersion: 2, GameNetworkVersion: 0, NetworkChecksum: 3550933385
[2017.04.24-22.48.16:620][  0]LogAssetRegistry: FAssetRegistry took 0.0216 seconds to start up
[2017.04.24-22.48.16:845][  0]LogPackageLocalizationCache: Processed 3 localized package path(s) for 2 prioritized culture(s) in 0.181270 seconds
[2017.04.24-22.48.16:852][  0]LogUObjectArray: 31946 objects as part of root set at end of initial load.
[2017.04.24-22.48.16:852][  0]LogUObjectAllocator: 6935848 out of 0 bytes used by permanent object pool.
[2017.04.24-22.48.16:852][  0]LogUObjectArray: CloseDisregardForGC: 0/0 objects in disregard for GC pool
[2017.04.24-22.48.16:965][  0]LogInit: WinSock: version 1.1 (2.2), MaxSocks=32767, MaxUdp=65467
[2017.04.24-22.48.18:441][  0]LogSlate: Using Freetype 2.6.0
[2017.04.24-22.48.18:485][  0]LogSlate: SlateFontCache - WITH_FREETYPE: 1, WITH_HARFBUZZ: 1
[2017.04.24-22.48.18:485][  0]LogSlate: SlateFontCache - WITH_FREETYPE: 1, WITH_HARFBUZZ: 1
[2017.04.24-22.49.14:641][  0]LogTcpMessaging: Initializing TcpMessaging bridge
[2017.04.24-22.49.14:701][  0]LogUdpMessaging: Initializing bridge on interface 0.0.0.0:0 to multicast group 230.0.0.1:6666.
[2017.04.24-22.49.16:296][  0]LogMaterial: Uniform references updated for custom material expression Custom.
[2017.04.24-22.49.16:951][  0]SourceControl: Info Source control is disabled
[2017.04.24-22.49.17:043][  0]SourceControl: Info Source control is disabled
[2017.04.24-22.49.17:120][  0]SourceControl: Info Source control is disabled
[2017.04.24-22.49.17:196][  0]SourceControl: Info Source control is disabled
[2017.04.24-22.49.19:921][  0]LogEngine: Initializing Engine...
[2017.04.24-22.49.19:922][  0]LogHMD: Failed to initialize OpenVR with code 110
[2017.04.24-22.49.20:330][  0]LogAIModule: Creating AISystem for world Untitled
[2017.04.24-22.49.20:372][  0]LogInit: XAudio2 using 'Speakers (Realtek High Definition Audio)' : 2 channels at 48 kHz using 32 bits per sample (channel mask 0x3)
[2017.04.24-22.49.20:388][  0]LogInit: FAudioDevice initialized.
[2017.04.24-22.49.20:419][  0]LogDerivedDataCache: Saved boot cache 0.03s 50MB C:/Users/griff_000/AppData/Local/UnrealEngine/4.14/DerivedDataCache/Boot.ddc.
[2017.04.24-22.49.20:428][  0]LogInit: Texture streaming: Enabled
[2017.04.24-22.49.20:934][  0]LogInit: Transaction tracking system initialized
[2017.04.24-22.49.21:500][  0]BlueprintLog: New page: Editor Load
[2017.04.24-22.49.22:977][  0]LocalizationService: Info Localization service is disabled
[2017.04.24-22.49.24:513][  0]LogConsoleResponse:Display: 
[2017.04.24-22.49.26:937][  0]LogCook:Display: Max memory allowance for cook 16384mb min free memory 0mb
[2017.04.24-22.49.26:937][  0]LogCook:Display: Mobile HDR setting 1
[2017.04.24-22.49.28:320][  0]LogFileCache: Scanning file cache for directory 'C:/Users/griff_000/Documents/School/CIS 488/TheCursedBlade/Cursed_Blade/Content/' took 0.09s
[2017.04.24-22.49.29:615][  0]SourceControl: Info Source control is disabled
[2017.04.24-22.49.29:615][  0]Cmd: MAP LOAD FILE="../../../../../../Users/griff_000/Documents/School/CIS 488/TheCursedBlade/Cursed_Blade/Content/Levels/MainMenuLevel.umap" TEMPLATE=0 SHOWPROGRESS=1 FEATURELEVEL=3
[2017.04.24-22.49.29:720][  0]LightingResults: New page: Lighting Build
[2017.04.24-22.49.29:784][  0]MapCheck: New page: Map Check
[2017.04.24-22.49.29:784][  0]LightingResults: New page: Lighting Build
[2017.04.24-22.49.44:330][  0]LogPackageName:Warning: String asset reference "JW_FlameDungeon.FX.SM_FX_Embers" is in short form, which is unsupported and -- even if valid -- resolving it will be really slow. Please consider resaving package in order to speed-up loading.
[2017.04.24-22.49.44:330][  0]LogPackageName: SearchForPackageOnDisk took   0.217s, but failed to resolve JW_FlameDungeon.
[2017.04.24-22.49.44:330][  0]LogPackageName:Warning: String asset reference "JW_FlameDungeon.FX.SM_FX_Embers" could not be resolved.
[2017.04.24-22.49.45:344][  0]LogPackageName:Warning: String asset reference "JW_FlameDungeon.FX.SM_FogPlane02" is in short form, which is unsupported and -- even if valid -- resolving it will be really slow. Please consider resaving package in order to speed-up loading.
[2017.04.24-22.49.45:344][  0]LogPackageName: SearchForPackageOnDisk took   0.215s, but failed to resolve JW_FlameDungeon.
[2017.04.24-22.49.45:344][  0]LogPackageName:Warning: String asset reference "JW_FlameDungeon.FX.SM_FogPlane02" could not be resolved.
[2017.04.24-22.49.45:587][  0]LogAIModule: Creating AISystem for world MainMenuLevel
[2017.04.24-22.49.47:294][  0]LogEditorServer: Finished looking for orphan Actors (0.000 secs)
[2017.04.24-22.49.47:505][  0]Cmd: MAP CHECKDEP NOCLEARLOG
[2017.04.24-22.49.47:576][  0]MapCheck: Info Map check complete: 0 Error(s), 0 Warning(s), took 70.533ms to complete.
[2017.04.24-22.49.47:576][  0]LogFileHelpers: Loading map 'MainMenuLevel' took 17.961
[2017.04.24-22.49.47:761][  0]LogWindowsTextInputMethodSystem:Display: IME system now deactivated.
[2017.04.24-22.49.52:014][  0]LogCollectionManager: Loaded 0 collections in 0.002634 seconds
[2017.04.24-22.49.53:362][  0]LogFileCache: Scanning file cache for directory 'C:/Users/griff_000/Documents/School/CIS 488/TheCursedBlade/Cursed_Blade/Saved/Collections/' took 0.01s
[2017.04.24-22.49.53:362][  0]LogFileCache: Scanning file cache for directory 'C:/Users/griff_000/Documents/School/CIS 488/TheCursedBlade/Cursed_Blade/Content/Developers/griff000/Collections/' took 0.01s
[2017.04.24-22.49.53:362][  0]LogFileCache: Scanning file cache for directory 'C:/Users/griff_000/Documents/School/CIS 488/TheCursedBlade/Cursed_Blade/Content/Collections/' took 0.01s
[2017.04.24-22.49.53:362][  0]LogCollectionManager: Rebuilt the GUID cache for 0 collections in 0.000002 seconds
[2017.04.24-22.49.53:460][  0]LogContentBrowser: Native class hierarchy populated in 0.0587 seconds. Added 2190 classes and 428 folders.
[2017.04.24-22.49.53:887][  0]LogStats: UGameplayTagsManager::ConstructGameplayTagTree: Construct from data asset -  0.000 s
[2017.04.24-22.49.53:887][  0]LogStats: UGameplayTagsManager::ConstructGameplayTagTree: GameplayTagTreeChangedEvent.Broadcast -  0.000 s
[2017.04.24-22.49.53:888][  0]LogContentBrowser: Native class hierarchy updated for 'GameplayTags' in 0.0007 seconds. Added 13 classes and 0 folders.
[2017.04.24-22.49.54:117][  0]LogContentBrowser: Native class hierarchy updated for 'WidgetCarousel' in 0.0006 seconds. Added 0 classes and 0 folders.
[2017.04.24-22.50.00:723][  0]LogPackageName:Warning: String asset reference "StaticMesh'FX_Meshes_IB.SM_Debris_Box_RadialFull'" is in short form, which is unsupported and -- even if valid -- resolving it will be really slow. Please consider resaving package in order to speed-up loading.
[2017.04.24-22.50.00:723][  0]LogPackageName: SearchForPackageOnDisk took   0.206s, but failed to resolve StaticMesh'FX_Meshes_IB.
[2017.04.24-22.50.00:724][  0]LogPackageName:Warning: String asset reference "StaticMesh'FX_Meshes_IB.SM_Debris_Box_RadialFull'" could not be resolved.
[2017.04.24-22.50.00:724][  0]LogContentBrowser: Native class hierarchy updated for 'AddContentDialog' in 0.0006 seconds. Added 0 classes and 0 folders.
[2017.04.24-22.50.01:105][  0]LogContentBrowser: Native class hierarchy updated for 'SceneOutliner' in 0.0006 seconds. Added 1 classes and 2 folders.
[2017.04.24-22.50.06:186][  0]LogPackageName:Warning: String asset reference "JW_Ice_Mountain.Mesh.SM_SnowBoulder" is in short form, which is unsupported and -- even if valid -- resolving it will be really slow. Please consider resaving package in order to speed-up loading.
[2017.04.24-22.50.06:186][  0]LogPackageName: SearchForPackageOnDisk took   0.209s, but failed to resolve JW_Ice_Mountain.
[2017.04.24-22.50.06:186][  0]LogPackageName:Warning: String asset reference "JW_Ice_Mountain.Mesh.SM_SnowBoulder" could not be resolved.
[2017.04.24-22.50.06:186][  0]LogPackageName:Warning: String asset reference "FX_Meshes.UI.SM_SelectionMesh_01" is in short form, which is unsupported and -- even if valid -- resolving it will be really slow. Please consider resaving package in order to speed-up loading.
[2017.04.24-22.50.06:186][  0]LogPackageName: SearchForPackageOnDisk took   0.236s, but failed to resolve FX_Meshes.
[2017.04.24-22.50.06:186][  0]LogPackageName:Warning: String asset reference "FX_Meshes.UI.SM_SelectionMesh_01" could not be resolved.
[2017.04.24-22.50.06:186][  0]LogPackageName:Warning: String asset reference "FX_Meshes.UI.SM_SelectionMesh_01" is in short form, which is unsupported and -- even if valid -- resolving it will be really slow. Please consider resaving package in order to speed-up loading.
[2017.04.24-22.50.06:186][  0]LogPackageName: SearchForPackageOnDisk took   0.207s, but failed to resolve FX_Meshes.
[2017.04.24-22.50.06:186][  0]LogPackageName:Warning: String asset reference "FX_Meshes.UI.SM_SelectionMesh_01" could not be resolved.
[2017.04.24-22.50.06:186][  0]LogCrashTracker: Crashtracker disabled due to settings.
[2017.04.24-22.50.07:359][  0]LogUObjectGlobals:Warning: Failed to find object 'Class None.'
[2017.04.24-22.50.07:595][  0]LogContentBrowser: Native class hierarchy updated for 'HierarchicalLODOutliner' in 0.0006 seconds. Added 1 classes and 2 folders.
[2017.04.24-22.50.07:596][  0]LogLoad: (Engine Initialization) Total time: 146.79 seconds
[2017.04.24-22.50.07:596][  0]LogLoad: (Engine Initialization) Total Blueprint compile time: 3.05 seconds
[2017.04.24-22.50.07:596][  0]LogExternalProfiler: Found external profiler: VSPerf
[2017.04.24-22.50.07:596][  0]LogExternalProfiler: Using external profiler: VSPerf
[2017.04.24-22.50.07:614][  0]LogOcInput: OculusInput pre-init called
[2017.04.24-22.50.08:965][  0]LogPackageName:Warning: String asset reference "'FX_Ambient.Meshes.SM_Bats'" is in short form, which is unsupported and -- even if valid -- resolving it will be really slow. Please consider resaving package in order to speed-up loading.
[2017.04.24-22.50.08:965][  0]LogPackageName: SearchForPackageOnDisk took   0.213s, but failed to resolve 'FX_Ambient.
[2017.04.24-22.50.08:965][  0]LogPackageName:Warning: String asset reference "'FX_Ambient.Meshes.SM_Bats'" could not be resolved.
[2017.04.24-22.50.08:965][  0]LogPackageName:Warning: String asset reference "CastleEffects.TouchToMoveArrow" is in short form, which is unsupported and -- even if valid -- resolving it will be really slow. Please consider resaving package in order to speed-up loading.
[2017.04.24-22.50.08:965][  0]LogContentStreaming: Texture pool size now 400 MB
[2017.04.24-22.50.10:172][  0]LogPackageName: SearchForPackageOnDisk took   0.211s, but failed to resolve CastleEffects.
[2017.04.24-22.50.10:172][  0]LogPackageName:Warning: String asset reference "CastleEffects.TouchToMoveArrow" could not be resolved.
[2017.04.24-22.50.17:426][  0]LogRenderer: Reallocating scene render targets to support 892x488 NumSamples 1 (Frame:2).
[2017.04.24-22.50.21:875][  1]LogEditorViewport: Clicking on Actor (LMB): BP_Sky_Sphere_C (Sky Sphere)
[2017.04.24-22.50.40:321][  1]LogPackageName:Warning: String asset reference "StaticMesh'FX_Meshes.Fire.SM_Dungeon_Pipes_Lava01_Cool'" is in short form, which is unsupported and -- even if valid -- resolving it will be really slow. Please consider resaving package in order to speed-up loading.
[2017.04.24-22.50.40:321][  1]LogPackageName: SearchForPackageOnDisk took   0.205s, but failed to resolve StaticMesh'FX_Meshes.
[2017.04.24-22.50.40:321][  1]LogPackageName:Warning: String asset reference "StaticMesh'FX_Meshes.Fire.SM_Dungeon_Pipes_Lava01_Cool'" could not be resolved.
[2017.04.24-22.50.40:321][  1]LogPackageName:Warning: String asset reference "m_FogSheet_02" is in short form, which is unsupported and -- even if valid -- resolving it will be really slow. Please consider resaving package in order to speed-up loading.
[2017.04.24-22.50.40:321][  1]LogPackageName: SearchForPackageOnDisk took   0.203s to resolve m_FogSheet_02.
[2017.04.24-22.50.40:321][  1]LogPackageName:Warning: String asset reference "FX_Test_LAN.Meshes.SM_IceWall01" is in short form, which is unsupported and -- even if valid -- resolving it will be really slow. Please consider resaving package in order to speed-up loading.
[2017.04.24-22.50.40:321][  1]LogPackageName: SearchForPackageOnDisk took   0.211s, but failed to resolve FX_Test_LAN.
[2017.04.24-22.50.40:321][  1]LogPackageName:Warning: String asset reference "FX_Test_LAN.Meshes.SM_IceWall01" could not be resolved.
[2017.04.24-22.50.45:659][  2]LogPackageName:Warning: String asset reference "m_FogSheet_02" is in short form, which is unsupported and -- even if valid -- resolving it will be really slow. Please consider resaving package in order to speed-up loading.
[2017.04.24-22.50.45:659][  2]LogPackageName: SearchForPackageOnDisk took   0.215s to resolve m_FogSheet_02.
[2017.04.24-22.50.45:659][  2]LogPackageName:Warning: String asset reference "m_FogSheet_02" is in short form, which is unsupported and -- even if valid -- resolving it will be really slow. Please consider resaving package in order to speed-up loading.
[2017.04.24-22.50.45:659][  2]LogPackageName: SearchForPackageOnDisk took   0.231s to resolve m_FogSheet_02.
[2017.04.24-22.50.45:659][  2]LogPackageName:Warning: String asset reference "m_FogSheet_02" is in short form, which is unsupported and -- even if valid -- resolving it will be really slow. Please consider resaving package in order to speed-up loading.
[2017.04.24-22.50.45:659][  2]LogPackageName: SearchForPackageOnDisk took   0.207s to resolve m_FogSheet_02.
[2017.04.24-22.51.28:336][218]LogRenderer: Reallocating scene render targets to support 1116x644 NumSamples 1 (Frame:1219).
[2017.04.24-22.51.30:953][272]LogCollectionManager: Rebuilt the object cache for 0 collections in 0.000001 seconds (found 0 objects)
[2017.04.24-22.52.17:425][416]LogPackageName:Warning: String asset reference "JW_Ice_Mountain.Mesh.SM_SnowBoulder" is in short form, which is unsupported and -- even if valid -- resolving it will be really slow. Please consider resaving package in order to speed-up loading.
[2017.04.24-22.52.17:681][423]LogPackageName: SearchForPackageOnDisk took   0.253s, but failed to resolve JW_Ice_Mountain.
[2017.04.24-22.52.17:681][423]LogPackageName:Warning: String asset reference "JW_Ice_Mountain.Mesh.SM_SnowBoulder" could not be resolved.
[2017.04.24-22.52.19:721][474]LogPackageName:Warning: String asset reference "S_Survival_CA_Chicken_02.SM.S_Survival_CA_Chicken_02" is in short form, which is unsupported and -- even if valid -- resolving it will be really slow. Please consider resaving package in order to speed-up loading.
[2017.04.24-22.52.20:037][482]LogPackageName: SearchForPackageOnDisk took   0.303s to resolve S_Survival_CA_Chicken_02.
[2017.04.24-22.52.23:970][580]LogPackageName:Warning: String asset reference "JW_Ice_Mountain.Mesh.SM_SnowBoulder" is in short form, which is unsupported and -- even if valid -- resolving it will be really slow. Please consider resaving package in order to speed-up loading.
[2017.04.24-22.52.24:231][586]LogPackageName: SearchForPackageOnDisk took   0.272s, but failed to resolve JW_Ice_Mountain.
[2017.04.24-22.52.24:231][586]LogPackageName:Warning: String asset reference "JW_Ice_Mountain.Mesh.SM_SnowBoulder" could not be resolved.
[2017.04.24-22.52.24:703][598]LogPackageName:Warning: String asset reference "Env_ALL_Artifacts.Mesh.Env_ALL_Terminus001" is in short form, which is unsupported and -- even if valid -- resolving it will be really slow. Please consider resaving package in order to speed-up loading.
[2017.04.24-22.52.24:956][604]LogPackageName: SearchForPackageOnDisk took   0.266s, but failed to resolve Env_ALL_Artifacts.
[2017.04.24-22.52.24:956][604]LogPackageName:Warning: String asset reference "Env_ALL_Artifacts.Mesh.Env_ALL_Terminus001" could not be resolved.
[2017.04.24-22.52.36:061][881]LogPackageName:Warning: String asset reference "Env_Ice_Rocky.Mesh.Env_Ice_MelancholicTroll01" is in short form, which is unsupported and -- even if valid -- resolving it will be really slow. Please consider resaving package in order to speed-up loading.
[2017.04.24-22.52.36:301][887]LogPackageName: SearchForPackageOnDisk took   0.240s, but failed to resolve Env_Ice_Rocky.
[2017.04.24-22.52.36:301][887]LogPackageName:Warning: String asset reference "Env_Ice_Rocky.Mesh.Env_Ice_MelancholicTroll01" could not be resolved.
[2017.04.24-22.52.36:503][892]LogPackageName:Warning: String asset reference "Env_Ice_Rocky.Mesh.Env_Ice_NordHeed01" is in short form, which is unsupported and -- even if valid -- resolving it will be really slow. Please consider resaving package in order to speed-up loading.
[2017.04.24-22.52.36:761][898]LogPackageName: SearchForPackageOnDisk took   0.258s, but failed to resolve Env_Ice_Rocky.
[2017.04.24-22.52.36:761][898]LogPackageName:Warning: String asset reference "Env_Ice_Rocky.Mesh.Env_Ice_NordHeed01" could not be resolved.
[2017.04.24-22.52.52:402][263]LogPackageName:Warning: String asset reference "Exo_Deco01.SM.Mesh.WoodenBarrel_Intact" is in short form, which is unsupported and -- even if valid -- resolving it will be really slow. Please consider resaving package in order to speed-up loading.
[2017.04.24-22.52.52:643][269]LogPackageName: SearchForPackageOnDisk took   0.242s, but failed to resolve Exo_Deco01.
[2017.04.24-22.52.52:643][269]LogPackageName:Warning: String asset reference "Exo_Deco01.SM.Mesh.WoodenBarrel_Intact" could not be resolved.
[2017.04.24-22.52.55:655][344]LogPackageName:Warning: String asset reference "Env_Ice_RuinedWalls001" is in short form, which is unsupported and -- even if valid -- resolving it will be really slow. Please consider resaving package in order to speed-up loading.
[2017.04.24-22.52.55:889][350]LogPackageName: SearchForPackageOnDisk took   0.235s, but failed to resolve Env_Ice_RuinedWalls001.
[2017.04.24-22.52.55:889][350]LogPackageName:Warning: String asset reference "Env_Ice_RuinedWalls001" could not be resolved.
[2017.04.24-22.53.27:505][754]LogAssetRegistry: Asset discovery search completed in 310.9065 seconds
[2017.04.24-22.53.27:505][754]LogCollectionManager: Fixed up redirectors for 0 collections in 0.000001 seconds (updated 0 objects)
[2017.04.24-22.58.39:549][140]LogContentBrowser: Native class hierarchy updated for 'BlueprintGraph' in 0.0017 seconds. Added 111 classes and 0 folders.
[2017.04.24-23.04.13:814][168]LogFileHelpers: Editor autosave (incl. sublevels) for '/Game/Levels/MainMenuLevel' took 0.127
[2017.04.24-23.04.13:836][168]OBJ SavePackage: Generating thumbnails for [1] asset(s) in package [/Game/character/characterBP] ([1] browsable assets)...
[2017.04.24-23.04.13:882][168]OBJ SavePackage:     Rendered thumbnail for [Blueprint /Game/character/characterBP.characterBP]
[2017.04.24-23.04.13:882][168]OBJ SavePackage: Finished generating thumbnails for package [/Game/character/characterBP]
[2017.04.24-23.04.14:479][168]LogSavePackage: Save=486.56ms
[2017.04.24-23.04.14:479][168]LogSavePackage: Moving '../../../../../../Users/griff_000/Documents/School/CIS 488/TheCursedBlade/Cursed_Blade/Saved/characterBP_Auto1C0E193654CE069F3DD7565B9EC33E8D9.tmp' to '../../../../../../Users/griff_000/Documents/School/CIS 488/TheCursedBlade/Cursed_Blade/Saved/Autosaves/Game/character/characterBP_Auto1.uasset'
[2017.04.24-23.04.14:501][168]LogSavePackage:Display: Finished SavePackage ../../../../../../Users/griff_000/Documents/School/CIS 488/TheCursedBlade/Cursed_Blade/Saved/Autosaves/Game/character/characterBP_Auto1.uasset
[2017.04.24-23.04.14:501][168]LogFileHelpers: Auto-saving content packages took 0.685
[2017.04.24-23.04.21:791][350]LogAnimationCompression: Building Anim DDC data for AnimSequence /Game/demons/nightShadeMovement/Standing_React_Death_Backward.Standing_React_Death_Backward
[2017.04.24-23.10.36:462][917]LogSkeletalMesh: InitArticulated: Bodies already created (/Engine/Transient.DebugSkelMeshComponent_0) - call TermArticulated first.
[2017.04.24-23.10.37:744][917]LogContentBrowser:Verbose: The majority of assets in the view are of type: AnimSequence
[2017.04.24-23.15.00:078][507]Cmd: OBJ SAVEPACKAGE PACKAGE="/Game/character/characterBP" FILE="../../../../../../Users/griff_000/Documents/School/CIS 488/TheCursedBlade/Cursed_Blade/Content/character/characterBP.uasset" SILENT=true
[2017.04.24-23.15.00:240][507]LogSavePackage: Save=144.04ms
[2017.04.24-23.15.00:240][507]LogSavePackage: Moving '../../../../../../Users/griff_000/Documents/School/CIS 488/TheCursedBlade/Cursed_Blade/Saved/characterBP60968F3241DEDD9D2B947783DD8F811D.tmp' to '../../../../../../Users/griff_000/Documents/School/CIS 488/TheCursedBlade/Cursed_Blade/Content/character/characterBP.uasset'
[2017.04.24-23.15.00:247][507]LogSavePackage:Display: Finished SavePackage ../../../../../../Users/griff_000/Documents/School/CIS 488/TheCursedBlade/Cursed_Blade/Content/character/characterBP.uasset
[2017.04.24-23.15.01:544][555]BlueprintLog: New page: Compile characterBP
[2017.04.24-23.15.05:913][680]Cmd: OBJ SAVEPACKAGE PACKAGE="/Game/character/characterBP" FILE="../../../../../../Users/griff_000/Documents/School/CIS 488/TheCursedBlade/Cursed_Blade/Content/character/characterBP.uasset" SILENT=true
[2017.04.24-23.15.06:071][680]LogSavePackage: Save=150.61ms
[2017.04.24-23.15.06:072][680]LogSavePackage: Moving '../../../../../../Users/griff_000/Documents/School/CIS 488/TheCursedBlade/Cursed_Blade/Saved/characterBP70E033B5445359F33249D19044A5404C.tmp' to '../../../../../../Users/griff_000/Documents/School/CIS 488/TheCursedBlade/Cursed_Blade/Content/character/characterBP.uasset'
[2017.04.24-23.15.06:074][680]LogSavePackage:Display: Finished SavePackage ../../../../../../Users/griff_000/Documents/School/CIS 488/TheCursedBlade/Cursed_Blade/Content/character/characterBP.uasset
[2017.04.24-23.15.11:928][841]LogTemp: Repeting last play command: Selected Viewport
[2017.04.24-23.15.12:019][841]LogBlueprintUserMessages: Early PlayInEditor Detection: Level '/Game/Levels/MainMenuLevel.MainMenuLevel:PersistentLevel' has LevelScriptBlueprint '/Game/Levels/MainMenuLevel.MainMenuLevel:PersistentLevel.MainMenuLevel' with GeneratedClass '/Game/Levels/MainMenuLevel.MainMenuLevel_C' with ClassGeneratedBy '/Game/Levels/MainMenuLevel.MainMenuLevel:PersistentLevel.MainMenuLevel'
[2017.04.24-23.15.12:033][841]LogPlayLevel: PlayLevel: No blueprints needed recompiling
[2017.04.24-23.15.12:069][841]PIE: New page: PIE session: MainMenuLevel (Apr 24, 2017, 3:15:12 PM)
[2017.04.24-23.15.12:080][841]LogPlayLevel: Creating play world package: /Game/Levels/UEDPIE_0_MainMenuLevel
[2017.04.24-23.15.12:177][841]LogPlayLevel: PIE: StaticDuplicateObject took: (0.097014s)
[2017.04.24-23.15.12:177][841]LogAIModule: Creating AISystem for world MainMenuLevel
[2017.04.24-23.15.12:194][841]LogPlayLevel: PIE: World Init took: (0.017336s)
[2017.04.24-23.15.12:199][841]LogPlayLevel: PIE: Created PIE world by copying editor world from /Game/Levels/MainMenuLevel.MainMenuLevel to /Game/Levels/UEDPIE_0_MainMenuLevel.MainMenuLevel (0.119199s)
[2017.04.24-23.15.12:240][841]LogInit: XAudio2 using 'Speakers (Realtek High Definition Audio)' : 2 channels at 48 kHz using 32 bits per sample (channel mask 0x3)
[2017.04.24-23.15.12:252][841]LogInit: FAudioDevice initialized.
[2017.04.24-23.15.12:502][841]LogLoad: Game class is 'myGame_C'
[2017.04.24-23.15.12:520][841]LogWorld: Bringing World /Game/Levels/UEDPIE_0_MainMenuLevel.MainMenuLevel up for play (max tick rate 60) at 2017.04.24-19.15.12
[2017.04.24-23.15.12:679][841]LogWorld: Bringing up level for play took: 0.175793
[2017.04.24-23.15.12:902][841]LogContentBrowser: Native class hierarchy updated for 'MovieSceneCapture' in 0.0013 seconds. Added 11 classes and 0 folders.
[2017.04.24-23.15.13:107][841]PIE: Info Play in editor start time for /Game/Levels/UEDPIE_0_MainMenuLevel 0.88
[2017.04.24-23.15.13:107][841]LogBlueprintUserMessages: Late PlayInEditor Detection: Level '/Game/Levels/MainMenuLevel.MainMenuLevel:PersistentLevel' has LevelScriptBlueprint '/Game/Levels/MainMenuLevel.MainMenuLevel:PersistentLevel.MainMenuLevel' with GeneratedClass '/Game/Levels/MainMenuLevel.MainMenuLevel_C' with ClassGeneratedBy '/Game/Levels/MainMenuLevel.MainMenuLevel:PersistentLevel.MainMenuLevel'
[2017.04.24-23.15.17:615][ 70]LogNet: Browse: /Game/Levels/TombLevel
[2017.04.24-23.15.17:636][ 70]LogLoad: LoadMap: /Game/Levels/TombLevel
[2017.04.24-23.15.17:680][ 70]Cmd: MEM
[2017.04.24-23.15.17:874][ 70]LogMemory: Platform Memory Stats for Windows
[2017.04.24-23.15.17:874][ 70]LogMemory: Process Physical Memory: 1227.80 MB used, 1412.15 MB peak
[2017.04.24-23.15.17:874][ 70]LogMemory: Process Virtual Memory: 2359.39 MB used, 2488.97 MB peak
[2017.04.24-23.15.17:874][ 70]LogMemory: Physical Memory: 6185.47 MB used,  1896.27 MB free, 8081.75 MB total
[2017.04.24-23.15.17:874][ 70]LogMemory: Virtual Memory: 3245.12 MB used,  1896.27 MB free, 134217728.00 MB total
[2017.04.24-23.15.17:874][ 70]LogMemory: 
[2017.04.24-23.15.17:874][ 70]Allocator Stats for TBB: (not implemented)
[2017.04.24-23.15.21:128][ 70]LogPackageName:Warning: String asset reference "Env_Ice_RuinedWalls001" is in short form, which is unsupported and -- even if valid -- resolving it will be really slow. Please consider resaving package in order to speed-up loading.
[2017.04.24-23.15.21:331][ 70]LogPackageName: SearchForPackageOnDisk took   0.203s, but failed to resolve Env_Ice_RuinedWalls001.
[2017.04.24-23.15.21:331][ 70]LogPackageName:Warning: String asset reference "Env_Ice_RuinedWalls001" could not be resolved.
[2017.04.24-23.15.22:366][ 70]LogPackageName:Warning: String asset reference "Env_Ice_Rocky.Mesh.Env_Ice_NordHeed01" is in short form, which is unsupported and -- even if valid -- resolving it will be really slow. Please consider resaving package in order to speed-up loading.
[2017.04.24-23.15.22:562][ 70]LogPackageName: SearchForPackageOnDisk took   0.196s, but failed to resolve Env_Ice_Rocky.
[2017.04.24-23.15.22:562][ 70]LogPackageName:Warning: String asset reference "Env_Ice_Rocky.Mesh.Env_Ice_NordHeed01" could not be resolved.
[2017.04.24-23.15.22:681][ 70]LogPackageName:Warning: String asset reference "Env_Ice_Rocky.Mesh.Env_Ice_MelancholicTroll01" is in short form, which is unsupported and -- even if valid -- resolving it will be really slow. Please consider resaving package in order to speed-up loading.
[2017.04.24-23.15.22:875][ 70]LogPackageName: SearchForPackageOnDisk took   0.195s, but failed to resolve Env_Ice_Rocky.
[2017.04.24-23.15.22:876][ 70]LogPackageName:Warning: String asset reference "Env_Ice_Rocky.Mesh.Env_Ice_MelancholicTroll01" could not be resolved.
[2017.04.24-23.15.29:754][ 70]LogPackageName:Warning: String asset reference "Exo_Deco01.SM.Mesh.WoodenBarrel_Intact" is in short form, which is unsupported and -- even if valid -- resolving it will be really slow. Please consider resaving package in order to speed-up loading.
[2017.04.24-23.15.29:950][ 70]LogPackageName: SearchForPackageOnDisk took   0.196s, but failed to resolve Exo_Deco01.
[2017.04.24-23.15.29:950][ 70]LogPackageName:Warning: String asset reference "Exo_Deco01.SM.Mesh.WoodenBarrel_Intact" could not be resolved.
[2017.04.24-23.15.29:958][ 70]LogAnimationCompression: Building Anim DDC data for AnimSequence /Game/character/animations/standing_draw_arrow_Anim.standing_draw_arrow_Anim
[2017.04.24-23.15.30:598][ 70]LogTexture:Display: Building textures: T_CharM_Barbarous_N (BC5)
[2017.04.24-23.15.31:423][ 70]LogTexture:Display: Building textures: T_CharM_Barbarous_D (DXT1)
[2017.04.24-23.15.33:631][ 70]LogTexture:Display: Building textures: T_CharM_Barbarous_MetalMask (DXT1)
[2017.04.24-23.15.34:023][ 70]LogMaterial: Missing cached shader map for material M_Char_Barbrous, compiling. 
[2017.04.24-23.15.34:365][ 70]LogTexture:Display: Building textures: weapon_bow_ShenMin_N (BC5)
[2017.04.24-23.15.48:187][ 70]LogTexture:Display: Building textures: 954_2 (AutoDXT)
[2017.04.24-23.15.48:953][ 70]LogTexture:Display: Building textures: 956_2 (AutoDXT)
[2017.04.24-23.15.49:754][ 70]LogMaterial: Missing cached shader map for material Material_5861711, compiling. 
[2017.04.24-23.15.49:824][ 70]LogTexture:Display: Building textures: 946_2 (AutoDXT)
[2017.04.24-23.15.50:755][ 70]LogTexture:Display: Building textures: 948_2 (AutoDXT)
[2017.04.24-23.15.51:709][ 70]LogMaterial: Missing cached shader map for material Material_5861709, compiling. 
[2017.04.24-23.15.51:788][ 70]LogTexture:Display: Building textures: weapon_bow_ShenMin_D (AutoDXT)
[2017.04.24-23.15.51:881][ 70]LogTexture:Display: Building textures: weapon_bow_ShenMin_A (AutoDXT)
[2017.04.24-23.15.51:960][ 70]LogMaterial: Missing cached shader map for material weapon_bow_ShenMin2, compiling. 
[2017.04.24-23.15.52:071][ 70]LogStaticMesh: Building static mesh weapon_bow_ShenMin...
[2017.04.24-23.15.52:258][ 70]LogStaticMesh: Built static mesh [0.19s] /Game/character/Bow_and_Arrow/weapon_bow_ShenMin.weapon_bow_ShenMin
[2017.04.24-23.16.00:969][ 70]LogStaticMesh: Building static mesh Arrow...
[2017.04.24-23.16.00:990][ 70]LogStaticMesh: Built static mesh [0.02s] /Game/character/Bow_and_Arrow/Arrow.Arrow
[2017.04.24-23.16.01:600][ 70]LogStats: FPlatformStackWalk::StackWalkAndDump -  0.264 s
[2017.04.24-23.16.01:600][ 70]LogOutputDevice:Error: === Handled ensure: ===
[2017.04.24-23.16.01:600][ 70]LogOutputDevice:Error: 
[2017.04.24-23.16.01:600][ 70]LogOutputDevice:Error: Ensure condition failed: IsObjectValidForDatabase(AssetObject) [File:D:\Build\++UE4+Release-4.14+Compile\Sync\Engine\Source\Editor\BlueprintGraph\Private\BlueprintActionDatabase.cpp] [Line: 1263]
[2017.04.24-23.16.01:600][ 70]LogOutputDevice:Error: 
[2017.04.24-23.16.01:600][ 70]LogOutputDevice:Error: Stack: 
[2017.04.24-23.16.01:600][ 70]LogOutputDevice:Error: UE4Editor-Core.dll
[2017.04.24-23.16.01:600][ 70]LogOutputDevice:Error: UE4Editor-Core.dll
[2017.04.24-23.16.01:600][ 70]LogOutputDevice:Error: UE4Editor-Core.dll
[2017.04.24-23.16.01:600][ 70]LogOutputDevice:Error: UE4Editor-BlueprintGraph.dll
[2017.04.24-23.16.01:600][ 70]LogOutputDevice:Error: UE4Editor-BlueprintGraph.dll
[2017.04.24-23.16.01:600][ 70]LogOutputDevice:Error: UE4Editor-CoreUObject.dll
[2017.04.24-23.16.01:600][ 70]LogOutputDevice:Error: UE4Editor-CoreUObject.dll
[2017.04.24-23.16.01:600][ 70]LogOutputDevice:Error: UE4Editor-CoreUObject.dll
[2017.04.24-23.16.01:600][ 70]LogOutputDevice:Error: UE4Editor-CoreUObject.dll
[2017.04.24-23.16.01:600][ 70]LogOutputDevice:Error: UE4Editor-Engine.dll
[2017.04.24-23.16.01:600][ 70]LogOutputDevice:Error: UE4Editor-Engine.dll
[2017.04.24-23.16.01:600][ 70]LogOutputDevice:Error: UE4Editor-Engine.dll
[2017.04.24-23.16.01:600][ 70]LogOutputDevice:Error: UE4Editor-UnrealEd.dll
[2017.04.24-23.16.01:600][ 70]LogOutputDevice:Error: UE4Editor-UnrealEd.dll
[2017.04.24-23.16.01:600][ 70]LogOutputDevice:Error: UE4Editor.exe
[2017.04.24-23.16.01:600][ 70]LogOutputDevice:Error: UE4Editor.exe
[2017.04.24-23.16.01:600][ 70]LogOutputDevice:Error: UE4Editor.exe
[2017.04.24-23.16.01:600][ 70]LogOutputDevice:Error: UE4Editor.exe
[2017.04.24-23.16.01:600][ 70]LogOutputDevice:Error: UE4Editor.exe
[2017.04.24-23.16.01:600][ 70]LogOutputDevice:Error: KERNEL32.DLL
[2017.04.24-23.16.01:600][ 70]LogOutputDevice:Error: ntdll.dll
[2017.04.24-23.16.01:600][ 70]LogOutputDevice:Error: 
[2017.04.24-23.16.01:603][ 70]LogStats:                SubmitErrorReport -  0.000 s
