Log file open, 03/03/17 23:21:08
LogInit:Display: Running engine for game: Cursed_Blade
LogPlatformFile: Not using cached read wrapper
LogInit:Display: RandInit(1858661450) SRandInit(1858661450).
LogTaskGraph: Started task graph with 5 named threads and 6 total threads with 1 sets of task threads.
LogStats: Stats thread started at 0.144372
LogPluginManager: Loaded Plugin Paper2D, From C:/Program Files (x86)/Epic Games/4.14/Engine/Plugins/2D/Paper2D/Paper2D.uplugin
LogPluginManager: Loaded Plugin LightPropagationVolume, From C:/Program Files (x86)/Epic Games/4.14/Engine/Plugins/Blendables/LightPropagationVolume/LightPropagationVolume.uplugin
LogPluginManager: Loaded Plugin BlankPlugin, From C:/Program Files (x86)/Epic Games/4.14/Engine/Plugins/Developer/BlankPlugin/BlankPlugin.uplugin
LogPluginManager: Loaded Plugin CodeLiteSourceCodeAccess, From C:/Program Files (x86)/Epic Games/4.14/Engine/Plugins/Developer/CodeLiteSourceCodeAccess/CodeLiteSourceCodeAccess.uplugin
LogPluginManager: Loaded Plugin GitSourceControl, From C:/Program Files (x86)/Epic Games/4.14/Engine/Plugins/Developer/GitSourceControl/GitSourceControl.uplugin
LogPluginManager: Loaded Plugin KDevelopSourceCodeAccess, From C:/Program Files (x86)/Epic Games/4.14/Engine/Plugins/Developer/KDevelopSourceCodeAccess/KDevelopSourceCodeAccess.uplugin
LogPluginManager: Loaded Plugin NullSourceCodeAccess, From C:/Program Files (x86)/Epic Games/4.14/Engine/Plugins/Developer/NullSourceCodeAccess/NullSourceCodeAccess.uplugin
LogPluginManager: Loaded Plugin OneSkyLocalizationService, From C:/Program Files (x86)/Epic Games/4.14/Engine/Plugins/Developer/OneSkyLocalizationService/OneSkyLocalizationService.uplugin
LogPluginManager: Loaded Plugin PerforceSourceControl, From C:/Program Files (x86)/Epic Games/4.14/Engine/Plugins/Developer/PerforceSourceControl/PerforceSourceControl.uplugin
LogPluginManager: Loaded Plugin SubversionSourceControl, From C:/Program Files (x86)/Epic Games/4.14/Engine/Plugins/Developer/SubversionSourceControl/SubversionSourceControl.uplugin
LogPluginManager: Loaded Plugin UObjectPlugin, From C:/Program Files (x86)/Epic Games/4.14/Engine/Plugins/Developer/UObjectPlugin/UObjectPlugin.uplugin
LogPluginManager: Loaded Plugin VisualStudioSourceCodeAccess, From C:/Program Files (x86)/Epic Games/4.14/Engine/Plugins/Developer/VisualStudioSourceCodeAccess/VisualStudioSourceCodeAccess.uplugin
LogPluginManager: Loaded Plugin XCodeSourceCodeAccess, From C:/Program Files (x86)/Epic Games/4.14/Engine/Plugins/Developer/XCodeSourceCodeAccess/XCodeSourceCodeAccess.uplugin
LogPluginManager: Loaded Plugin AudioCapture, From C:/Program Files (x86)/Epic Games/4.14/Engine/Plugins/Editor/AudioCapture/AudioCapture.uplugin
LogPluginManager: Loaded Plugin EpicSurvey, From C:/Program Files (x86)/Epic Games/4.14/Engine/Plugins/Editor/EpicSurvey/EpicSurvey.uplugin
LogPluginManager: Loaded Plugin MacGraphicsSwitching, From C:/Program Files (x86)/Epic Games/4.14/Engine/Plugins/Editor/MacGraphicsSwitching/MacGraphicsSwitching.uplugin
LogPluginManager: Loaded Plugin MobileLauncherProfileWizard, From C:/Program Files (x86)/Epic Games/4.14/Engine/Plugins/Editor/MobileLauncherProfileWizard/MobileLauncherProfileWizard.uplugin
LogPluginManager: Loaded Plugin PluginBrowser, From C:/Program Files (x86)/Epic Games/4.14/Engine/Plugins/Editor/PluginBrowser/PluginBrowser.uplugin
LogPluginManager: Loaded Plugin SpeedTreeImporter, From C:/Program Files (x86)/Epic Games/4.14/Engine/Plugins/Editor/SpeedTreeImporter/SpeedTreeImporter.uplugin
LogPluginManager: Loaded Plugin SuperSearchEditor, From C:/Program Files (x86)/Epic Games/4.14/Engine/Plugins/Editor/SuperSearchEditor/SuperSearchEditor.uplugin
LogPluginManager: Loaded Plugin AlembicImporter, From C:/Program Files (x86)/Epic Games/4.14/Engine/Plugins/Experimental/AlembicImporter/AlembicImporter.uplugin
LogPluginManager: Loaded Plugin BlueprintStats, From C:/Program Files (x86)/Epic Games/4.14/Engine/Plugins/Experimental/BlueprintStats/BlueprintStats.uplugin
LogPluginManager: Loaded Plugin CharacterAI, From C:/Program Files (x86)/Epic Games/4.14/Engine/Plugins/Experimental/CharacterAI/CharacterAI.uplugin
LogPluginManager: Loaded Plugin CodeEditor, From C:/Program Files (x86)/Epic Games/4.14/Engine/Plugins/Experimental/CodeEditor/CodeEditor.uplugin
LogPluginManager: Loaded Plugin CodeView, From C:/Program Files (x86)/Epic Games/4.14/Engine/Plugins/Experimental/CodeView/CodeView.uplugin
LogPluginManager: Loaded Plugin HTML5Networking, From C:/Program Files (x86)/Epic Games/4.14/Engine/Plugins/Experimental/HTML5Networking/HTML5Networking.uplugin
LogPluginManager: Loaded Plugin OSVR, From C:/Program Files (x86)/Epic Games/4.14/Engine/Plugins/Experimental/OSVR/OSVR.uplugin
LogPluginManager: Loaded Plugin Phya, From C:/Program Files (x86)/Epic Games/4.14/Engine/Plugins/Experimental/Phya/Phya.uplugin
LogPluginManager: Loaded Plugin SignificanceManager, From C:/Program Files (x86)/Epic Games/4.14/Engine/Plugins/Experimental/SignificanceManager/SignificanceManager.uplugin
LogPluginManager: Loaded Plugin SimpleHMD, From C:/Program Files (x86)/Epic Games/4.14/Engine/Plugins/Experimental/SimpleHMD/SimpleHMD.uplugin
LogPluginManager: Loaded Plugin StereoPanorama, From C:/Program Files (x86)/Epic Games/4.14/Engine/Plugins/Experimental/StereoPanorama/StereoPanorama.uplugin
LogPluginManager: Loaded Plugin StructBox, From C:/Program Files (x86)/Epic Games/4.14/Engine/Plugins/Experimental/StructBox/StructBox.uplugin
LogPluginManager: Loaded Plugin AndroidMedia, From C:/Program Files (x86)/Epic Games/4.14/Engine/Plugins/Media/AndroidMedia/AndroidMedia.uplugin
LogPluginManager: Loaded Plugin AvfMedia, From C:/Program Files (x86)/Epic Games/4.14/Engine/Plugins/Media/AvfMedia/AvfMedia.uplugin
LogPluginManager: Loaded Plugin MediaPlayerEditor, From C:/Program Files (x86)/Epic Games/4.14/Engine/Plugins/Media/MediaPlayerEditor/MediaPlayerEditor.uplugin
LogPluginManager: Loaded Plugin WmfMedia, From C:/Program Files (x86)/Epic Games/4.14/Engine/Plugins/Media/WmfMedia/WmfMedia.uplugin
LogPluginManager: Loaded Plugin MessagingDebugger, From C:/Program Files (x86)/Epic Games/4.14/Engine/Plugins/Messaging/MessagingDebugger/MessagingDebugger.uplugin
LogPluginManager: Loaded Plugin TcpMessaging, From C:/Program Files (x86)/Epic Games/4.14/Engine/Plugins/Messaging/TcpMessaging/TcpMessaging.uplugin
LogPluginManager: Loaded Plugin UdpMessaging, From C:/Program Files (x86)/Epic Games/4.14/Engine/Plugins/Messaging/UdpMessaging/UdpMessaging.uplugin
LogPluginManager: Loaded Plugin LevelSequenceEditor, From C:/Program Files (x86)/Epic Games/4.14/Engine/Plugins/MovieScene/LevelSequenceEditor/LevelSequenceEditor.uplugin
LogPluginManager: Loaded Plugin MatineeToLevelSequence, From C:/Program Files (x86)/Epic Games/4.14/Engine/Plugins/MovieScene/MatineeToLevelSequence/MatineeToLevelSequence.uplugin
LogPluginManager: Loaded Plugin NetcodeUnitTest, From C:/Program Files (x86)/Epic Games/4.14/Engine/Plugins/NetcodeUnitTest/NetcodeUnitTest/NetcodeUnitTest.uplugin
LogPluginManager: Loaded Plugin NUTUnrealEngine4, From C:/Program Files (x86)/Epic Games/4.14/Engine/Plugins/NetcodeUnitTest/NUTUnrealEngine4/NUTUnrealEngine4.uplugin
LogPluginManager: Loaded Plugin OnlineSubsystemGameCircle, From C:/Program Files (x86)/Epic Games/4.14/Engine/Plugins/Online/Android/OnlineSubsystemGameCircle/OnlineSubsystemGameCircle.uplugin
LogPluginManager: Loaded Plugin OnlineSubsystemGooglePlay, From C:/Program Files (x86)/Epic Games/4.14/Engine/Plugins/Online/Android/OnlineSubsystemGooglePlay/OnlineSubsystemGooglePlay.uplugin
LogPluginManager: Loaded Plugin OnlineSubsystemIOS, From C:/Program Files (x86)/Epic Games/4.14/Engine/Plugins/Online/IOS/OnlineSubsystemIOS/OnlineSubsystemIOS.uplugin
LogPluginManager: Loaded Plugin OnlineFramework, From C:/Program Files (x86)/Epic Games/4.14/Engine/Plugins/Online/OnlineFramework/OnlineFramework.uplugin
LogPluginManager: Loaded Plugin OnlineSubsystem, From C:/Program Files (x86)/Epic Games/4.14/Engine/Plugins/Online/OnlineSubsystem/OnlineSubsystem.uplugin
LogPluginManager: Loaded Plugin OnlineSubsystemAmazon, From C:/Program Files (x86)/Epic Games/4.14/Engine/Plugins/Online/OnlineSubsystemAmazon/OnlineSubsystemAmazon.uplugin
LogPluginManager: Loaded Plugin OnlineSubsystemFacebook, From C:/Program Files (x86)/Epic Games/4.14/Engine/Plugins/Online/OnlineSubsystemFacebook/OnlineSubsystemFacebook.uplugin
LogPluginManager: Loaded Plugin OnlineSubsystemNull, From C:/Program Files (x86)/Epic Games/4.14/Engine/Plugins/Online/OnlineSubsystemNull/OnlineSubsystemNull.uplugin
LogPluginManager: Loaded Plugin OnlineSubsystemOculus, From C:/Program Files (x86)/Epic Games/4.14/Engine/Plugins/Online/OnlineSubsystemOculus/OnlineSubsystemOculus.uplugin
LogPluginManager: Loaded Plugin OnlineSubsystemSteam, From C:/Program Files (x86)/Epic Games/4.14/Engine/Plugins/Online/OnlineSubsystemSteam/OnlineSubsystemSteam.uplugin
LogPluginManager: Loaded Plugin OnlineSubsystemUtils, From C:/Program Files (x86)/Epic Games/4.14/Engine/Plugins/Online/OnlineSubsystemUtils/OnlineSubsystemUtils.uplugin
LogPluginManager: Loaded Plugin IOSTapJoy, From C:/Program Files (x86)/Epic Games/4.14/Engine/Plugins/Runtime/Advertising/IOSTapJoy/IOSTapJoy.uplugin
LogPluginManager: Loaded Plugin AnalyticsBlueprintLibrary, From C:/Program Files (x86)/Epic Games/4.14/Engine/Plugins/Runtime/Analytics/AnalyticsBlueprintLibrary/AnalyticsBlueprintLibrary.uplugin
LogPluginManager: Loaded Plugin AnalyticsMulticast, From C:/Program Files (x86)/Epic Games/4.14/Engine/Plugins/Runtime/Analytics/AnalyticsMulticast/AnalyticsMulticast.uplugin
LogPluginManager: Loaded Plugin Apsalar, From C:/Program Files (x86)/Epic Games/4.14/Engine/Plugins/Runtime/Analytics/Apsalar/Apsalar.uplugin
LogPluginManager: Loaded Plugin FileLogging, From C:/Program Files (x86)/Epic Games/4.14/Engine/Plugins/Runtime/Analytics/FileLogging/FileLogging.uplugin
LogPluginManager: Loaded Plugin Flurry, From C:/Program Files (x86)/Epic Games/4.14/Engine/Plugins/Runtime/Analytics/Flurry/Flurry.uplugin
LogPluginManager: Loaded Plugin AndroidDeviceProfileSelector, From C:/Program Files (x86)/Epic Games/4.14/Engine/Plugins/Runtime/AndroidDeviceProfileSelector/AndroidDeviceProfileSelector.uplugin
LogPluginManager: Loaded Plugin AndroidMoviePlayer, From C:/Program Files (x86)/Epic Games/4.14/Engine/Plugins/Runtime/AndroidMoviePlayer/AndroidMoviePlayer.uplugin
LogPluginManager: Loaded Plugin AppleMoviePlayer, From C:/Program Files (x86)/Epic Games/4.14/Engine/Plugins/Runtime/AppleMoviePlayer/AppleMoviePlayer.uplugin
LogPluginManager: Loaded Plugin ArchVisCharacter, From C:/Program Files (x86)/Epic Games/4.14/Engine/Plugins/Runtime/ArchVisCharacter/ArchVisCharacter.uplugin
LogPluginManager: Loaded Plugin CableComponent, From C:/Program Files (x86)/Epic Games/4.14/Engine/Plugins/Runtime/CableComponent/CableComponent.uplugin
LogPluginManager: Loaded Plugin CustomMeshComponent, From C:/Program Files (x86)/Epic Games/4.14/Engine/Plugins/Runtime/CustomMeshComponent/CustomMeshComponent.uplugin
LogPluginManager: Loaded Plugin ExampleDeviceProfileSelector, From C:/Program Files (x86)/Epic Games/4.14/Engine/Plugins/Runtime/ExampleDeviceProfileSelector/ExampleDeviceProfileSelector.uplugin
LogPluginManager: Loaded Plugin GearVR, From C:/Program Files (x86)/Epic Games/4.14/Engine/Plugins/Runtime/GearVR/GearVR.uplugin
LogPluginManager: Loaded Plugin GoogleVRController, From C:/Program Files (x86)/Epic Games/4.14/Engine/Plugins/Runtime/GoogleVR/GoogleVRController/GoogleVRController.uplugin
LogPluginManager: Loaded Plugin GoogleVRHMD, From C:/Program Files (x86)/Epic Games/4.14/Engine/Plugins/Runtime/GoogleVR/GoogleVRHMD/GoogleVRHMD.uplugin
LogPluginManager: Loaded Plugin IOSDeviceProfileSelector, From C:/Program Files (x86)/Epic Games/4.14/Engine/Plugins/Runtime/IOSDeviceProfileSelector/IOSDeviceProfileSelector.uplugin
LogPluginManager: Loaded Plugin LeapMotion, From C:/Program Files (x86)/Epic Games/4.14/Engine/Plugins/Runtime/LeapMotion/LeapMotion.uplugin
LogPluginManager: Loaded Plugin LinuxDeviceProfileSelector, From C:/Program Files (x86)/Epic Games/4.14/Engine/Plugins/Runtime/LinuxDeviceProfileSelector/LinuxDeviceProfileSelector.uplugin
LogPluginManager: Loaded Plugin MIDIDevice, From C:/Program Files (x86)/Epic Games/4.14/Engine/Plugins/Runtime/MIDIDevice/MIDIDevice.uplugin
LogPluginManager: Loaded Plugin MobilePatchingUtils, From C:/Program Files (x86)/Epic Games/4.14/Engine/Plugins/Runtime/MobilePatchingUtils/MobilePatchingUtils.uplugin
LogPluginManager: Loaded Plugin Ansel, From C:/Program Files (x86)/Epic Games/4.14/Engine/Plugins/Runtime/Nvidia/Ansel/Ansel.uplugin
LogPluginManager: Loaded Plugin OculusAudio, From C:/Program Files (x86)/Epic Games/4.14/Engine/Plugins/Runtime/OculusAudio/OculusAudio.uplugin
LogPluginManager: Loaded Plugin OculusInput, From C:/Program Files (x86)/Epic Games/4.14/Engine/Plugins/Runtime/OculusInput/OculusInput.uplugin
LogPluginManager: Loaded Plugin OculusLibrary, From C:/Program Files (x86)/Epic Games/4.14/Engine/Plugins/Runtime/OculusLibrary/OculusLibrary.uplugin
LogPluginManager: Loaded Plugin OculusRift, From C:/Program Files (x86)/Epic Games/4.14/Engine/Plugins/Runtime/OculusRift/OculusRift.uplugin
LogPluginManager: Loaded Plugin Oodle, From C:/Program Files (x86)/Epic Games/4.14/Engine/Plugins/Runtime/PacketHandlers/CompressionComponents/Oodle/Oodle.uplugin
LogPluginManager: Loaded Plugin ProceduralMeshComponent, From C:/Program Files (x86)/Epic Games/4.14/Engine/Plugins/Runtime/ProceduralMeshComponent/ProceduralMeshComponent.uplugin
LogPluginManager: Loaded Plugin SoundMod, From C:/Program Files (x86)/Epic Games/4.14/Engine/Plugins/Runtime/SoundMod/SoundMod.uplugin
LogPluginManager: Loaded Plugin SoundVisualizations, From C:/Program Files (x86)/Epic Games/4.14/Engine/Plugins/Runtime/SoundVisualizations/SoundVisualizations.uplugin
LogPluginManager: Loaded Plugin SteamController, From C:/Program Files (x86)/Epic Games/4.14/Engine/Plugins/Runtime/Steam/SteamController/SteamController.uplugin
LogPluginManager: Loaded Plugin SteamVR, From C:/Program Files (x86)/Epic Games/4.14/Engine/Plugins/Runtime/Steam/SteamVR/SteamVR.uplugin
LogPluginManager: Loaded Plugin WebBrowserWidget, From C:/Program Files (x86)/Epic Games/4.14/Engine/Plugins/Runtime/WebBrowserWidget/WebBrowserWidget.uplugin
LogPluginManager: Loaded Plugin WindowsDeviceProfileSelector, From C:/Program Files (x86)/Epic Games/4.14/Engine/Plugins/Runtime/WindowsDeviceProfileSelector/WindowsDeviceProfileSelector.uplugin
LogPluginManager: Loaded Plugin WindowsMoviePlayer, From C:/Program Files (x86)/Epic Games/4.14/Engine/Plugins/Runtime/WindowsMoviePlayer/WindowsMoviePlayer.uplugin
LogPluginManager: Loaded Plugin ScriptPlugin, From C:/Program Files (x86)/Epic Games/4.14/Engine/Plugins/ScriptPlugin/ScriptPlugin.uplugin
LogPluginManager: Loaded Plugin SlateRemote, From C:/Program Files (x86)/Epic Games/4.14/Engine/Plugins/Slate/SlateRemote/SlateRemote.uplugin
LogPluginManager: Loaded Plugin EditorTests, From C:/Program Files (x86)/Epic Games/4.14/Engine/Plugins/Tests/EditorTests/EditorTests.uplugin
LogPluginManager: Loaded Plugin FbxAutomationTestBuilder, From C:/Program Files (x86)/Epic Games/4.14/Engine/Plugins/Tests/FbxAutomationTestBuilder/FbxAutomationTestBuilder.uplugin
LogPluginManager: Loaded Plugin FunctionalTestingEditor, From C:/Program Files (x86)/Epic Games/4.14/Engine/Plugins/Tests/FunctionalTestingEditor/FunctionalTestingEditor.uplugin
LogPluginManager: Loaded Plugin RuntimeTests, From C:/Program Files (x86)/Epic Games/4.14/Engine/Plugins/Tests/RuntimeTests/RuntimeTests.uplugin
LogPluginManager: Loaded Plugin ScreenshotTools, From C:/Program Files (x86)/Epic Games/4.14/Engine/Plugins/Tests/ScreenshotTools/ScreenshotTools.uplugin
LogInit: Using libcurl 7.47.1
LogInit:  - built for x86_64-pc-win32
LogInit:  - supports SSL with OpenSSL/1.0.2g
LogInit:  - supports HTTP deflate (compression) using libz 1.2.8
LogInit:  - other features:
LogInit:      CURL_VERSION_SSL
LogInit:      CURL_VERSION_LIBZ
LogInit:      CURL_VERSION_IPV6
LogInit:      CURL_VERSION_ASYNCHDNS
LogInit:      CURL_VERSION_LARGEFILE
LogInit:      CURL_VERSION_IDN
LogInit:  CurlRequestOptions (configurable via config and command line):
LogInit:  - bVerifyPeer = false  - Libcurl will NOT verify peer certificate
LogInit:  - bUseHttpProxy = false  - Libcurl will NOT use HTTP proxy
LogInit:  - bDontReuseConnections = false  - Libcurl will reuse connections
LogInit:  - CertBundlePath = nullptr  - Libcurl will use whatever was configured at build time.
LogInit: Build: ++UE4+Release-4.14-CL-3249277
LogInit: Engine Version: 4.14.3-3249277+++UE4+Release-4.14
LogInit: Compatible Engine Version: 4.14.0-3195953+++UE4+Release-4.14
LogInit: Net CL: 3195953
LogDevObjectVersion: Number of dev versions registered: 13
LogDevObjectVersion:   Dev-Blueprints (B0D832E4-1F89-4F0D-ACCF-7EB736FD4AA2): 7
LogDevObjectVersion:   Dev-Build (E1C64328-A22C-4D53-A36C-8E866417BD8C): 0
LogDevObjectVersion:   Dev-Core (375EC13C-06E4-48FB-B500-84F0262A717E): 1
LogDevObjectVersion:   Dev-Editor (E4B068ED-F494-42E9-A231-DA0B2E46BB41): 8
LogDevObjectVersion:   Dev-Framework (CFFC743F-43B0-4480-9391-14DF171D2073): 17
LogDevObjectVersion:   Dev-Mobile (B02B49B5-BB20-44E9-A304-32B752E40360): 0
LogDevObjectVersion:   Dev-Networking (A4E4105C-59A1-49B5-A7C5-40C4547EDFEE): 0
LogDevObjectVersion:   Dev-Online (39C831C9-5AE6-47DC-9A44-9C173E1C8E7C): 0
LogDevObjectVersion:   Dev-Physics (78F01B33-EBEA-4F98-B9B4-84EACCB95AA2): 0
LogDevObjectVersion:   Dev-Platform (6631380F-2D4D-43E0-8009-CF276956A95A): 0
LogDevObjectVersion:   Dev-Rendering (12F88B9F-8875-4AFC-A67C-D90C383ABD29): 12
LogDevObjectVersion:   Dev-Sequencer (7B5AE74C-D270-4C10-A958-57980B212A5A): 1
LogDevObjectVersion:   Dev-VR (D7296918-1DD6-4BDD-9DE2-64A83CC13884): 0
LogInit: Compiled (64-bit): Jan  6 2017 10:49:43
LogInit: Compiled with Visual C++: 19.00.23026.00
LogInit: Build Configuration: Development
LogInit: Branch Name: ++UE4+Release-4.14
LogInit: Command line:  
LogInit: Base directory: C:/Program Files (x86)/Epic Games/4.14/Engine/Binaries/Win64/
LogInit: Installed Engine Build: 1
LogInit: Presizing for max 8388607 objects, including 0 objects not considered by GC, pre-allocating 0 bytes for permanent pool.
LogInit: Object subsystem initialized
[2017.03.04-04.21.09:233][  0]LogInit: Selected Device Profile: [Windows]
[2017.03.04-04.21.09:233][  0]LogInit: Applying CVar settings loaded from the selected device profile: [Windows]
[2017.03.04-04.21.09:322][  0]LogInit: Computer: LAPTOP-CP3ESMCT
[2017.03.04-04.21.09:322][  0]LogInit: User: aerob
[2017.03.04-04.21.09:322][  0]LogInit: CPU Page size=65536, Cores=2
[2017.03.04-04.21.09:322][  0]LogInit: High frequency timer resolution =2.343749 MHz
[2017.03.04-04.21.09:323][  0]LogMemory: Memory total: Physical=7.9GB (8GB approx)
[2017.03.04-04.21.09:323][  0]LogMemory: Platform Memory Stats for Windows
[2017.03.04-04.21.09:323][  0]LogMemory: Process Physical Memory: 264.10 MB used, 264.10 MB peak
[2017.03.04-04.21.09:323][  0]LogMemory: Process Virtual Memory: 262.45 MB used, 262.45 MB peak
[2017.03.04-04.21.09:323][  0]LogMemory: Physical Memory: 3425.86 MB used,  4656.05 MB free, 8081.91 MB total
[2017.03.04-04.21.09:323][  0]LogMemory: Virtual Memory: 674.53 MB used,  4656.05 MB free, 134217728.00 MB total
[2017.03.04-04.21.10:054][  0]LogTextLocalizationManager: No specific translations for ('en-US') exist, so ('en') translations will be used.
[2017.03.04-04.21.14:987][  0]LogD3D11RHI: D3D11 adapters:
[2017.03.04-04.21.14:999][  0]LogD3D11RHI:    0. 'Intel(R) HD Graphics 520' (Feature Level 11_0)
[2017.03.04-04.21.14:999][  0]LogD3D11RHI:       128/0/4040 MB DedicatedVideo/DedicatedSystem/SharedSystem, Outputs:1, VendorId:0x8086
[2017.03.04-04.21.15:001][  0]LogD3D11RHI:    1. 'Microsoft Basic Render Driver' (Feature Level 11_0)
[2017.03.04-04.21.15:001][  0]LogD3D11RHI:       0/0/4040 MB DedicatedVideo/DedicatedSystem/SharedSystem, Outputs:0, VendorId:0x1414
[2017.03.04-04.21.15:001][  0]LogD3D11RHI: Chosen D3D11 Adapter: 0
[2017.03.04-04.21.15:007][  0]LogD3D11RHI: Creating new Direct3DDevice
[2017.03.04-04.21.15:007][  0]LogD3D11RHI:     GPU DeviceId: 0x1916 (for the marketing name, search the web for "GPU Device Id")
[2017.03.04-04.21.15:007][  0]LogWindows: EnumDisplayDevices:
[2017.03.04-04.21.15:007][  0]LogWindows:    0. 'Intel(R) HD Graphics 520' (P:1 D:1)
[2017.03.04-04.21.15:007][  0]LogWindows:    1. 'Intel(R) HD Graphics 520' (P:0 D:0)
[2017.03.04-04.21.15:008][  0]LogWindows:    2. 'Intel(R) HD Graphics 520' (P:0 D:0)
[2017.03.04-04.21.15:008][  0]LogWindows: DebugString: FoundDriverCount:3 
[2017.03.04-04.21.15:008][  0]LogD3D11RHI:     Adapter Name: Intel(R) HD Graphics 520
[2017.03.04-04.21.15:008][  0]LogD3D11RHI:   Driver Version: 21.20.16.4542 (internal:21.20.16.4542, unified:21.20.16.4542)
[2017.03.04-04.21.15:008][  0]LogD3D11RHI:      Driver Date: 10-24-2016
[2017.03.04-04.21.15:008][  0]LogRHI: Texture pool is 1361 MB (70% of 1945 MB)
[2017.03.04-04.21.15:016][  0]LogD3D11RHI: Async texture creation enabled
[2017.03.04-04.21.15:021][  0]LogD3D11RHI: GPU Timing Frequency: 12.000000 (Debug: 2 0)
[2017.03.04-04.21.15:022][  0]LogShaderCompilers: Guid format shader working directory is -20 characters bigger than the processId version (../../../../../../Users/aerob/Desktop/TheCursedBlade/Cursed_Blade/Intermediate/Shaders/WorkingDirectory/11576/).
[2017.03.04-04.21.15:022][  0]LogShaderCompilers: Cleaned the shader compiler working directory 'C:/Users/aerob/AppData/Local/Temp/UnrealShaderWorkingDir/BC57ADEC49B4B6C59C24A9868CEDE196/'.
[2017.03.04-04.21.15:022][  0]LogShaderCompilers:Display: Using Local Shader Compiler.
[2017.03.04-04.21.22:589][  0]LogTemp:Display: Loaded TP AllDesktopTargetPlatform
[2017.03.04-04.21.22:660][  0]LogTemp:Display: Loaded TP MacClientTargetPlatform
[2017.03.04-04.21.22:727][  0]LogTemp:Display: Loaded TP MacNoEditorTargetPlatform
[2017.03.04-04.21.22:797][  0]LogTemp:Display: Loaded TP MacServerTargetPlatform
[2017.03.04-04.21.22:892][  0]LogTemp:Display: Loaded TP MacTargetPlatform
[2017.03.04-04.21.22:961][  0]LogTemp:Display: Loaded TP WindowsClientTargetPlatform
[2017.03.04-04.21.23:032][  0]LogTemp:Display: Loaded TP WindowsNoEditorTargetPlatform
[2017.03.04-04.21.23:101][  0]LogTemp:Display: Loaded TP WindowsServerTargetPlatform
[2017.03.04-04.21.23:159][  0]LogTemp:Display: Loaded TP WindowsTargetPlatform
[2017.03.04-04.21.23:244][  0]LogTemp:Display: Loaded TP AndroidTargetPlatform
[2017.03.04-04.21.23:311][  0]LogTemp:Display: Loaded TP Android_ASTCTargetPlatform
[2017.03.04-04.21.23:376][  0]LogTemp:Display: Loaded TP Android_ATCTargetPlatform
[2017.03.04-04.21.23:442][  0]LogTemp:Display: Loaded TP Android_DXTTargetPlatform
[2017.03.04-04.21.23:510][  0]LogTemp:Display: Loaded TP Android_ETC1TargetPlatform
[2017.03.04-04.21.23:578][  0]LogTemp:Display: Loaded TP Android_ETC2TargetPlatform
[2017.03.04-04.21.23:713][  0]LogTemp:Display: Loaded TP Android_MultiTargetPlatform
[2017.03.04-04.21.23:713][  0]LogTemp:Display: Loaded TP Android_PVRTCTargetPlatform
[2017.03.04-04.21.23:764][  0]LogTemp:Display: Loaded TP HTML5TargetPlatform
[2017.03.04-04.21.23:927][  0]LogTemp:Display: Loaded TP IOSTargetPlatform
[2017.03.04-04.21.23:968][  0]LogTemp:Display: Loaded TP TVOSTargetPlatform
[2017.03.04-04.21.24:036][  0]LogTemp:Display: Loaded TP LinuxClientTargetPlatform
[2017.03.04-04.21.24:102][  0]LogTemp:Display: Loaded TP LinuxNoEditorTargetPlatform
[2017.03.04-04.21.24:168][  0]LogTemp:Display: Loaded TP LinuxServerTargetPlatform
[2017.03.04-04.21.24:245][  0]LogTemp:Display: Loaded TP LinuxTargetPlatform
[2017.03.04-04.21.24:245][  0]LogTargetPlatformManager:Display: Building Assets For Windows
[2017.03.04-04.21.25:332][  0]LogDerivedDataCache:Display: Max Cache Size: 512 MB
[2017.03.04-04.21.25:871][  0]LogDerivedDataCache: Loaded boot cache 0.54s 50MB C:/Users/aerob/AppData/Local/UnrealEngine/4.14/DerivedDataCache/Boot.ddc.
[2017.03.04-04.21.25:872][  0]LogDerivedDataCache:Display: Loaded Boot cache: C:/Users/aerob/AppData/Local/UnrealEngine/4.14/DerivedDataCache/Boot.ddc
[2017.03.04-04.21.25:872][  0]LogDerivedDataCache: FDerivedDataBackendGraph:  Pak pak cache file ../../../../../../Users/aerob/Desktop/TheCursedBlade/Cursed_Blade/DerivedDataCache/DDC.ddp not found, will not use a pak cache.
[2017.03.04-04.21.25:872][  0]LogDerivedDataCache: Unable to find inner node Pak for hierarchical cache Hierarchy.
[2017.03.04-04.21.25:872][  0]LogDerivedDataCache: FDerivedDataBackendGraph:  CompressedPak pak cache file ../../../../../../Users/aerob/Desktop/TheCursedBlade/Cursed_Blade/DerivedDataCache/Compressed.ddp not found, will not use a pak cache.
[2017.03.04-04.21.25:872][  0]LogDerivedDataCache: Unable to find inner node CompressedPak for hierarchical cache Hierarchy.
[2017.03.04-04.21.25:920][  0]LogDerivedDataCache:Display: Pak cache opened for reading ../../../Engine/DerivedDataCache/Compressed.ddp.
[2017.03.04-04.21.25:933][  0]LogDerivedDataCache: Using Local data cache path C:/Users/aerob/AppData/Local/UnrealEngine/Common/DerivedDataCache: Writable
[2017.03.04-04.21.33:310][  0]LogInit: Selected Device Profile: [Windows]
[2017.03.04-04.21.33:314][  0]LogContentStreaming: Texture pool size is 0.00 MB
[2017.03.04-04.21.33:614][  0]LogMeshUtilities: Using QuadricMeshReduction for automatic static mesh reduction
[2017.03.04-04.21.33:670][  0]LogSimplygon: Simplygon DLL not present - disabling.
[2017.03.04-04.21.33:740][  0]LogMeshUtilities: Using SimplygonSwarm for distributed automatic mesh merging
[2017.03.04-04.21.33:740][  0]LogMeshUtilities: No automatic skeletal mesh reduction module available
[2017.03.04-04.21.33:740][  0]LogMeshUtilities: No automatic mesh merging module available
[2017.03.04-04.21.35:103][  0]LogNetVersion: GetLocalNetworkVersion: CL: 3195953, ProjectName: cursed_blade, ProjectVersion: , EngineNetworkVersion: 2, GameNetworkVersion: 0, NetworkChecksum: 3550933385
[2017.03.04-04.21.35:188][  0]LogAssetRegistry: FAssetRegistry took 0.0218 seconds to start up
[2017.03.04-04.21.35:291][  0]LogPackageLocalizationCache: Processed 3 localized package path(s) for 2 prioritized culture(s) in 0.067095 seconds
[2017.03.04-04.21.35:297][  0]LogUObjectArray: 31946 objects as part of root set at end of initial load.
[2017.03.04-04.21.35:297][  0]LogUObjectAllocator: 6935840 out of 0 bytes used by permanent object pool.
[2017.03.04-04.21.35:297][  0]LogUObjectArray: CloseDisregardForGC: 0/0 objects in disregard for GC pool
[2017.03.04-04.21.35:387][  0]LogInit: WinSock: version 1.1 (2.2), MaxSocks=32767, MaxUdp=65467
[2017.03.04-04.21.37:011][  0]LogSlate: Using Freetype 2.6.0
[2017.03.04-04.21.37:042][  0]LogSlate: SlateFontCache - WITH_FREETYPE: 1, WITH_HARFBUZZ: 1
[2017.03.04-04.21.37:042][  0]LogSlate: SlateFontCache - WITH_FREETYPE: 1, WITH_HARFBUZZ: 1
[2017.03.04-04.22.20:423][  0]LogTcpMessaging: Initializing TcpMessaging bridge
[2017.03.04-04.22.20:475][  0]LogUdpMessaging: Initializing bridge on interface 0.0.0.0:0 to multicast group 230.0.0.1:6666.
[2017.03.04-04.22.21:909][  0]LogMaterial: Uniform references updated for custom material expression Custom.
[2017.03.04-04.22.22:441][  0]SourceControl: Info Source control is disabled
[2017.03.04-04.22.23:283][  0]SourceControl: Info Source control is disabled
[2017.03.04-04.22.23:365][  0]SourceControl: Info Source control is disabled
[2017.03.04-04.22.23:443][  0]SourceControl: Info Source control is disabled
[2017.03.04-04.22.26:319][  0]LogEngine: Initializing Engine...
[2017.03.04-04.22.26:321][  0]LogHMD: Failed to initialize OpenVR with code 110
[2017.03.04-04.22.26:731][  0]LogAIModule: Creating AISystem for world Untitled
[2017.03.04-04.22.26:742][  0]LogInit: XAudio2 using 'Speaker/HP (Realtek High Definition Audio)' : 2 channels at 48 kHz using 32 bits per sample (channel mask 0x3)
[2017.03.04-04.22.27:782][  0]LogInit: FAudioDevice initialized.
[2017.03.04-04.22.27:812][  0]LogDerivedDataCache: Saved boot cache 0.03s 50MB C:/Users/aerob/AppData/Local/UnrealEngine/4.14/DerivedDataCache/Boot.ddc.
[2017.03.04-04.22.27:820][  0]LogInit: Texture streaming: Enabled
[2017.03.04-04.22.28:106][  0]LogInit: Transaction tracking system initialized
[2017.03.04-04.22.28:663][  0]BlueprintLog: New page: Editor Load
[2017.03.04-04.22.30:718][  0]LocalizationService: Info Localization service is disabled
[2017.03.04-04.22.32:335][  0]LogConsoleResponse:Display: 
[2017.03.04-04.22.34:101][  0]LogCook:Display: Max memory allowance for cook 16384mb min free memory 0mb
[2017.03.04-04.22.34:101][  0]LogCook:Display: Mobile HDR setting 1
[2017.03.04-04.22.35:280][  0]LogFileCache: Scanning file cache for directory 'C:/Users/aerob/Desktop/TheCursedBlade/Cursed_Blade/Content/' took 0.02s
[2017.03.04-04.22.36:376][  0]SourceControl: Info Source control is disabled
[2017.03.04-04.22.36:376][  0]Cmd: MAP LOAD FILE="../../../../../../Users/aerob/Desktop/TheCursedBlade/Cursed_Blade/Content/StarterContent/Maps/Minimal_Default.umap" TEMPLATE=0 SHOWPROGRESS=1 FEATURELEVEL=3
[2017.03.04-04.22.36:377][  0]LightingResults: New page: Lighting Build
[2017.03.04-04.22.36:446][  0]MapCheck: New page: Map Check
[2017.03.04-04.22.36:446][  0]LightingResults: New page: Lighting Build
[2017.03.04-04.22.39:977][  0]LogAIModule: Creating AISystem for world Minimal_Default
[2017.03.04-04.22.40:280][  0]LogEditorServer: Finished looking for orphan Actors (0.000 secs)
[2017.03.04-04.22.40:296][  0]Cmd: MAP CHECKDEP NOCLEARLOG
[2017.03.04-04.22.40:371][  0]MapCheck: Info Map check complete: 0 Error(s), 0 Warning(s), took 74.133ms to complete.
[2017.03.04-04.22.40:371][  0]LogFileHelpers: Loading map 'Minimal_Default' took 3.995
[2017.03.04-04.22.40:748][  0]LogCollectionManager: Loaded 0 collections in 0.003180 seconds
[2017.03.04-04.22.40:852][  0]LogFileCache: Scanning file cache for directory 'C:/Users/aerob/Desktop/TheCursedBlade/Cursed_Blade/Saved/Collections/' took 0.01s
[2017.03.04-04.22.40:852][  0]LogFileCache: Scanning file cache for directory 'C:/Users/aerob/Desktop/TheCursedBlade/Cursed_Blade/Content/Developers/aerob/Collections/' took 0.01s
[2017.03.04-04.22.40:852][  0]LogFileCache: Scanning file cache for directory 'C:/Users/aerob/Desktop/TheCursedBlade/Cursed_Blade/Content/Collections/' took 0.01s
[2017.03.04-04.22.40:852][  0]LogCollectionManager: Rebuilt the GUID cache for 0 collections in 0.000002 seconds
[2017.03.04-04.22.40:862][  0]LogContentBrowser: Native class hierarchy populated in 0.0100 seconds. Added 2190 classes and 428 folders.
[2017.03.04-04.22.40:926][  0]LogStats: UGameplayTagsManager::ConstructGameplayTagTree: Construct from data asset -  0.000 s
[2017.03.04-04.22.40:926][  0]LogStats: UGameplayTagsManager::ConstructGameplayTagTree: GameplayTagTreeChangedEvent.Broadcast -  0.000 s
[2017.03.04-04.22.40:926][  0]LogContentBrowser: Native class hierarchy updated for 'GameplayTags' in 0.0006 seconds. Added 13 classes and 0 folders.
[2017.03.04-04.22.41:044][  0]LogContentBrowser: Native class hierarchy updated for 'WidgetCarousel' in 0.0005 seconds. Added 0 classes and 0 folders.
[2017.03.04-04.22.42:224][  0]LogContentBrowser: Native class hierarchy updated for 'AddContentDialog' in 0.0007 seconds. Added 0 classes and 0 folders.
[2017.03.04-04.22.42:290][  0]LogContentBrowser: Native class hierarchy updated for 'SceneOutliner' in 0.0006 seconds. Added 1 classes and 2 folders.
[2017.03.04-04.22.42:437][  0]LogCrashTracker: Crashtracker disabled due to settings.
[2017.03.04-04.22.42:443][  0]LogUObjectGlobals:Warning: Failed to find object 'Class None.'
[2017.03.04-04.22.42:547][  0]LogContentBrowser: Native class hierarchy updated for 'HierarchicalLODOutliner' in 0.0010 seconds. Added 1 classes and 2 folders.
[2017.03.04-04.22.42:548][  0]LogLoad: (Engine Initialization) Total time: 99.10 seconds
[2017.03.04-04.22.42:548][  0]LogLoad: (Engine Initialization) Total Blueprint compile time: 0.21 seconds
[2017.03.04-04.22.42:548][  0]LogExternalProfiler: Found external profiler: VSPerf
[2017.03.04-04.22.42:548][  0]LogExternalProfiler: Using external profiler: VSPerf
[2017.03.04-04.22.42:565][  0]LogOcInput: OculusInput pre-init called
[2017.03.04-04.22.42:585][  0]LogContentStreaming: Texture pool size now 1000 MB
[2017.03.04-04.22.43:129][  0]LogRenderer: Reallocating scene render targets to support 856x372 NumSamples 1 (Frame:2).
[2017.03.04-04.22.44:422][  2]LogAssetRegistry: Asset discovery search completed in 69.2560 seconds
[2017.03.04-04.22.44:422][  2]LogCollectionManager: Rebuilt the object cache for 0 collections in 0.000000 seconds (found 0 objects)
[2017.03.04-04.22.44:422][  2]LogCollectionManager: Fixed up redirectors for 0 collections in 0.000026 seconds (updated 0 objects)
[2017.03.04-04.22.48:586][126]LogTemp: Repeting last play command: Selected Viewport
[2017.03.04-04.22.48:607][126]LogBlueprintUserMessages: Early PlayInEditor Detection: Level '/Game/StarterContent/Maps/Minimal_Default.Minimal_Default:PersistentLevel' has LevelScriptBlueprint '/Game/StarterContent/Maps/Minimal_Default.Minimal_Default:PersistentLevel.Minimal_Default' with GeneratedClass '/Game/StarterContent/Maps/Minimal_Default.Minimal_Default_C' with ClassGeneratedBy '/Game/StarterContent/Maps/Minimal_Default.Minimal_Default:PersistentLevel.Minimal_Default'
[2017.03.04-04.22.48:607][126]LogPlayLevel: PlayLevel: No blueprints needed recompiling
[2017.03.04-04.22.48:608][126]PIE: New page: PIE session: Minimal_Default (Mar 3, 2017, 6:22:48 PM)
[2017.03.04-04.22.48:608][126]LogPlayLevel: Creating play world package: /Game/StarterContent/Maps/UEDPIE_0_Minimal_Default
[2017.03.04-04.22.48:827][126]LogPlayLevel: PIE: StaticDuplicateObject took: (0.219199s)
[2017.03.04-04.22.48:829][126]LogAIModule: Creating AISystem for world Minimal_Default
[2017.03.04-04.22.48:829][126]LogPlayLevel: PIE: World Init took: (0.001708s)
[2017.03.04-04.22.48:829][126]LogPlayLevel: PIE: Created PIE world by copying editor world from /Game/StarterContent/Maps/Minimal_Default.Minimal_Default to /Game/StarterContent/Maps/UEDPIE_0_Minimal_Default.Minimal_Default (0.221418s)
[2017.03.04-04.22.48:901][126]LogInit: XAudio2 using 'Speaker/HP (Realtek High Definition Audio)' : 2 channels at 48 kHz using 32 bits per sample (channel mask 0x3)
[2017.03.04-04.22.48:919][126]LogInit: FAudioDevice initialized.
[2017.03.04-04.22.49:084][126]LogLoad: Game class is 'myGame_C'
[2017.03.04-04.22.49:093][126]LogWorld: Bringing World /Game/StarterContent/Maps/UEDPIE_0_Minimal_Default.Minimal_Default up for play (max tick rate 60) at 2017.03.03-23.22.49
[2017.03.04-04.22.49:094][126]LogWorld: Bringing up level for play took: 0.005555
[2017.03.04-04.22.49:298][126]LogContentBrowser: Native class hierarchy updated for 'MovieSceneCapture' in 0.0007 seconds. Added 11 classes and 0 folders.
[2017.03.04-04.22.49:355][126]PIE: Info Play in editor start time for /Game/StarterContent/Maps/UEDPIE_0_Minimal_Default 1.254
[2017.03.04-04.22.49:355][126]LogBlueprintUserMessages: Late PlayInEditor Detection: Level '/Game/StarterContent/Maps/Minimal_Default.Minimal_Default:PersistentLevel' has LevelScriptBlueprint '/Game/StarterContent/Maps/Minimal_Default.Minimal_Default:PersistentLevel.Minimal_Default' with GeneratedClass '/Game/StarterContent/Maps/Minimal_Default.Minimal_Default_C' with ClassGeneratedBy '/Game/StarterContent/Maps/Minimal_Default.Minimal_Default:PersistentLevel.Minimal_Default'
[2017.03.04-04.23.03:925][717]LogBlueprintUserMessages: Early EndPlayMap Detection: Level '/Game/StarterContent/Maps/Minimal_Default.Minimal_Default:PersistentLevel' has LevelScriptBlueprint '/Game/StarterContent/Maps/Minimal_Default.Minimal_Default:PersistentLevel.Minimal_Default' with GeneratedClass '/Game/StarterContent/Maps/Minimal_Default.Minimal_Default_C' with ClassGeneratedBy '/Game/StarterContent/Maps/Minimal_Default.Minimal_Default:PersistentLevel.Minimal_Default'
[2017.03.04-04.23.04:022][717]LogBlueprintUserMessages: Late EndPlayMap Detection: Level '/Game/StarterContent/Maps/Minimal_Default.Minimal_Default:PersistentLevel' has LevelScriptBlueprint '/Game/StarterContent/Maps/Minimal_Default.Minimal_Default:PersistentLevel.Minimal_Default' with GeneratedClass '/Game/StarterContent/Maps/Minimal_Default.Minimal_Default_C' with ClassGeneratedBy '/Game/StarterContent/Maps/Minimal_Default.Minimal_Default:PersistentLevel.Minimal_Default'
[2017.03.04-04.23.12:379][963]LogAIModule: Creating AISystem for world AI_Test
[2017.03.04-04.23.12:451][963]Cmd: MAP LOAD FILE="../../../../../../Users/aerob/Desktop/TheCursedBlade/Cursed_Blade/Content/Levels/AI_Test.umap" TEMPLATE=0 SHOWPROGRESS=1 FEATURELEVEL=3
[2017.03.04-04.23.12:451][963]LightingResults: New page: Lighting Build
[2017.03.04-04.23.12:452][963]LoadErrors: New page: Loading map: AI_Test.umap
[2017.03.04-04.23.12:475][963]MapCheck: New page: Map Check
[2017.03.04-04.23.12:475][963]LightingResults: New page: Lighting Build
[2017.03.04-04.23.12:627][963]LogEditorServer: Finished looking for orphan Actors (0.000 secs)
[2017.03.04-04.23.12:790][963]Cmd: MAP CHECKDEP NOCLEARLOG
[2017.03.04-04.23.12:869][963]MapCheck: Info Map check complete: 0 Error(s), 0 Warning(s), took 79.045ms to complete.
[2017.03.04-04.23.12:870][963]LogFileHelpers: Loading map 'AI_Test' took 0.435
[2017.03.04-04.23.15:560][ 48]LogTemp: Repeting last play command: Selected Viewport
[2017.03.04-04.23.15:631][ 48]LogBlueprintUserMessages: Early PlayInEditor Detection: Level '/Game/Levels/AI_Test.AI_Test:PersistentLevel' has LevelScriptBlueprint '/Game/Levels/AI_Test.AI_Test:PersistentLevel.AI_Test' with GeneratedClass '/Game/Levels/AI_Test.AI_Test_C' with ClassGeneratedBy '/Game/Levels/AI_Test.AI_Test:PersistentLevel.AI_Test'
[2017.03.04-04.23.15:631][ 48]LogPlayLevel: PlayLevel: No blueprints needed recompiling
[2017.03.04-04.23.15:632][ 48]PIE: New page: PIE session: AI_Test (Mar 3, 2017, 6:23:15 PM)
[2017.03.04-04.23.15:632][ 48]LogPlayLevel: Creating play world package: /Game/Levels/UEDPIE_0_AI_Test
[2017.03.04-04.23.15:649][ 48]LogPlayLevel: PIE: StaticDuplicateObject took: (0.017216s)
[2017.03.04-04.23.15:651][ 48]LogAIModule: Creating AISystem for world AI_Test
[2017.03.04-04.23.15:651][ 48]LogPlayLevel: PIE: World Init took: (0.001713s)
[2017.03.04-04.23.15:651][ 48]LogPlayLevel: PIE: Created PIE world by copying editor world from /Game/Levels/AI_Test.AI_Test to /Game/Levels/UEDPIE_0_AI_Test.AI_Test (0.019512s)
[2017.03.04-04.23.15:723][ 48]LogInit: XAudio2 using 'Speaker/HP (Realtek High Definition Audio)' : 2 channels at 48 kHz using 32 bits per sample (channel mask 0x3)
[2017.03.04-04.23.15:742][ 48]LogInit: FAudioDevice initialized.
[2017.03.04-04.23.15:779][ 48]LogLoad: Game class is 'myGame_C'
[2017.03.04-04.23.15:782][ 48]LogWorld: Bringing World /Game/Levels/UEDPIE_0_AI_Test.AI_Test up for play (max tick rate 60) at 2017.03.03-23.23.15
[2017.03.04-04.23.15:982][ 48]LogWorld: Bringing up level for play took: 0.202333
[2017.03.04-04.23.15:987][ 48]PIE: Info Play in editor start time for /Game/Levels/UEDPIE_0_AI_Test -0.113
[2017.03.04-04.23.15:988][ 48]LogBlueprintUserMessages: Late PlayInEditor Detection: Level '/Game/Levels/AI_Test.AI_Test:PersistentLevel' has LevelScriptBlueprint '/Game/Levels/AI_Test.AI_Test:PersistentLevel.AI_Test' with GeneratedClass '/Game/Levels/AI_Test.AI_Test_C' with ClassGeneratedBy '/Game/Levels/AI_Test.AI_Test:PersistentLevel.AI_Test'
[2017.03.04-04.23.30:478][634]LogBlueprintUserMessages: Early EndPlayMap Detection: Level '/Game/Levels/AI_Test.AI_Test:PersistentLevel' has LevelScriptBlueprint '/Game/Levels/AI_Test.AI_Test:PersistentLevel.AI_Test' with GeneratedClass '/Game/Levels/AI_Test.AI_Test_C' with ClassGeneratedBy '/Game/Levels/AI_Test.AI_Test:PersistentLevel.AI_Test'
[2017.03.04-04.23.30:540][634]LogBlueprintUserMessages: Late EndPlayMap Detection: Level '/Game/Levels/AI_Test.AI_Test:PersistentLevel' has LevelScriptBlueprint '/Game/Levels/AI_Test.AI_Test:PersistentLevel.AI_Test' with GeneratedClass '/Game/Levels/AI_Test.AI_Test_C' with ClassGeneratedBy '/Game/Levels/AI_Test.AI_Test:PersistentLevel.AI_Test'
[2017.03.04-04.23.44:163][985]LogContentBrowser: Native class hierarchy updated for 'BlueprintGraph' in 0.0010 seconds. Added 111 classes and 0 folders.
[2017.03.04-04.24.16:584][759]LogTemp: Repeting last play command: Selected Viewport
[2017.03.04-04.24.16:616][759]LogBlueprintUserMessages: Early PlayInEditor Detection: Level '/Game/Levels/AI_Test.AI_Test:PersistentLevel' has LevelScriptBlueprint '/Game/Levels/AI_Test.AI_Test:PersistentLevel.AI_Test' with GeneratedClass '/Game/Levels/AI_Test.AI_Test_C' with ClassGeneratedBy '/Game/Levels/AI_Test.AI_Test:PersistentLevel.AI_Test'
[2017.03.04-04.24.16:616][759]LogPlayLevel: PlayLevel: No blueprints needed recompiling
[2017.03.04-04.24.16:617][759]PIE: New page: PIE session: AI_Test (Mar 3, 2017, 6:24:16 PM)
[2017.03.04-04.24.16:617][759]LogPlayLevel: Creating play world package: /Game/Levels/UEDPIE_0_AI_Test
[2017.03.04-04.24.16:667][759]LogPlayLevel: PIE: StaticDuplicateObject took: (0.050656s)
[2017.03.04-04.24.16:669][759]LogAIModule: Creating AISystem for world AI_Test
[2017.03.04-04.24.16:670][759]LogPlayLevel: PIE: World Init took: (0.002134s)
[2017.03.04-04.24.16:670][759]LogPlayLevel: PIE: Created PIE world by copying editor world from /Game/Levels/AI_Test.AI_Test to /Game/Levels/UEDPIE_0_AI_Test.AI_Test (0.053453s)
[2017.03.04-04.24.16:766][759]LogInit: XAudio2 using 'Speaker/HP (Realtek High Definition Audio)' : 2 channels at 48 kHz using 32 bits per sample (channel mask 0x3)
[2017.03.04-04.24.16:779][759]LogInit: FAudioDevice initialized.
[2017.03.04-04.24.16:811][759]LogLoad: Game class is 'myGame_C'
[2017.03.04-04.24.16:813][759]LogWorld: Bringing World /Game/Levels/UEDPIE_0_AI_Test.AI_Test up for play (max tick rate 60) at 2017.03.03-23.24.16
[2017.03.04-04.24.16:814][759]LogWorld: Bringing up level for play took: 0.002397
[2017.03.04-04.24.16:817][759]PIE: Info Play in editor start time for /Game/Levels/UEDPIE_0_AI_Test 0.716
[2017.03.04-04.24.16:818][759]LogBlueprintUserMessages: Late PlayInEditor Detection: Level '/Game/Levels/AI_Test.AI_Test:PersistentLevel' has LevelScriptBlueprint '/Game/Levels/AI_Test.AI_Test:PersistentLevel.AI_Test' with GeneratedClass '/Game/Levels/AI_Test.AI_Test_C' with ClassGeneratedBy '/Game/Levels/AI_Test.AI_Test:PersistentLevel.AI_Test'
[2017.03.04-04.24.38:848][643]LogBlueprintUserMessages: Early EndPlayMap Detection: Level '/Game/Levels/AI_Test.AI_Test:PersistentLevel' has LevelScriptBlueprint '/Game/Levels/AI_Test.AI_Test:PersistentLevel.AI_Test' with GeneratedClass '/Game/Levels/AI_Test.AI_Test_C' with ClassGeneratedBy '/Game/Levels/AI_Test.AI_Test:PersistentLevel.AI_Test'
[2017.03.04-04.24.38:914][643]LogBlueprintUserMessages: Late EndPlayMap Detection: Level '/Game/Levels/AI_Test.AI_Test:PersistentLevel' has LevelScriptBlueprint '/Game/Levels/AI_Test.AI_Test:PersistentLevel.AI_Test' with GeneratedClass '/Game/Levels/AI_Test.AI_Test_C' with ClassGeneratedBy '/Game/Levels/AI_Test.AI_Test:PersistentLevel.AI_Test'
[2017.03.04-04.25.12:436][717]LogContentBrowser:Verbose: The majority of assets in the view are of type: Skeleton
[2017.03.04-04.25.41:084][962]LogSavePackage: Save=28.41ms
[2017.03.04-04.25.41:084][962]LogSavePackage: Moving '../../../../../../Users/aerob/Desktop/TheCursedBlade/Cursed_Blade/Saved/SK_CharM_Ram7B4978FC4BB5C65CC429DEABD1F7634E.tmp' to '../../../../../../Users/aerob/Desktop/TheCursedBlade/Cursed_Blade/Content/InfinityBladeWarriors/Character/CompleteCharacters/SK_CharM_Ram.uasset'
[2017.03.04-04.25.41:094][962]LogSavePackage:Display: Finished SavePackage ../../../../../../Users/aerob/Desktop/TheCursedBlade/Cursed_Blade/Content/InfinityBladeWarriors/Character/CompleteCharacters/SK_CharM_Ram.uasset
[2017.03.04-04.25.41:200][962]Cmd: OBJ SAVEPACKAGE PACKAGE="/Game/Levels/AI_Test" FILE="../../../../../../Users/aerob/Desktop/TheCursedBlade/Cursed_Blade/Content/Levels/AI_Test.umap" SILENT=true AUTOSAVING=false KEEPDIRTY=false
[2017.03.04-04.25.41:442][962]LogSavePackage: Save=195.24ms
[2017.03.04-04.25.41:442][962]LogSavePackage: Moving '../../../../../../Users/aerob/Desktop/TheCursedBlade/Cursed_Blade/Saved/AI_Test07A718854CB3A3664AD67EA75EA23455.tmp' to '../../../../../../Users/aerob/Desktop/TheCursedBlade/Cursed_Blade/Content/Levels/AI_Test.umap'
[2017.03.04-04.25.41:449][962]LogSavePackage:Display: Finished SavePackage ../../../../../../Users/aerob/Desktop/TheCursedBlade/Cursed_Blade/Content/Levels/AI_Test.umap
[2017.03.04-04.25.41:489][962]LogFileHelpers: Saving map 'AI_Test' took 0.391
[2017.03.04-04.25.43:971][ 39]LogTemp: Repeting last play command: Selected Viewport
[2017.03.04-04.25.44:015][ 39]LogBlueprintUserMessages: Early PlayInEditor Detection: Level '/Game/Levels/AI_Test.AI_Test:PersistentLevel' has LevelScriptBlueprint '/Game/Levels/AI_Test.AI_Test:PersistentLevel.AI_Test' with GeneratedClass '/Game/Levels/AI_Test.AI_Test_C' with ClassGeneratedBy '/Game/Levels/AI_Test.AI_Test:PersistentLevel.AI_Test'
[2017.03.04-04.25.44:015][ 39]LogPlayLevel: PlayLevel: No blueprints needed recompiling
[2017.03.04-04.25.44:015][ 39]PIE: New page: PIE session: AI_Test (Mar 3, 2017, 6:25:44 PM)
[2017.03.04-04.25.44:015][ 39]LogPlayLevel: Creating play world package: /Game/Levels/UEDPIE_0_AI_Test
[2017.03.04-04.25.44:062][ 39]LogPlayLevel: PIE: StaticDuplicateObject took: (0.046308s)
[2017.03.04-04.25.44:063][ 39]LogAIModule: Creating AISystem for world AI_Test
[2017.03.04-04.25.44:063][ 39]LogPlayLevel: PIE: World Init took: (0.001683s)
[2017.03.04-04.25.44:064][ 39]LogPlayLevel: PIE: Created PIE world by copying editor world from /Game/Levels/AI_Test.AI_Test to /Game/Levels/UEDPIE_0_AI_Test.AI_Test (0.048605s)
[2017.03.04-04.25.44:161][ 39]LogInit: XAudio2 using 'Speaker/HP (Realtek High Definition Audio)' : 2 channels at 48 kHz using 32 bits per sample (channel mask 0x3)
[2017.03.04-04.25.44:185][ 39]LogInit: FAudioDevice initialized.
[2017.03.04-04.25.44:224][ 39]LogLoad: Game class is 'myGame_C'
[2017.03.04-04.25.44:229][ 39]LogWorld: Bringing World /Game/Levels/UEDPIE_0_AI_Test.AI_Test up for play (max tick rate 60) at 2017.03.03-23.25.44
[2017.03.04-04.25.44:230][ 39]LogWorld: Bringing up level for play took: 0.004857
[2017.03.04-04.25.44:235][ 39]PIE: Info Play in editor start time for /Game/Levels/UEDPIE_0_AI_Test 0.134
[2017.03.04-04.25.44:235][ 39]LogBlueprintUserMessages: Late PlayInEditor Detection: Level '/Game/Levels/AI_Test.AI_Test:PersistentLevel' has LevelScriptBlueprint '/Game/Levels/AI_Test.AI_Test:PersistentLevel.AI_Test' with GeneratedClass '/Game/Levels/AI_Test.AI_Test_C' with ClassGeneratedBy '/Game/Levels/AI_Test.AI_Test:PersistentLevel.AI_Test'
[2017.03.04-04.25.46:324][123]LogBlueprintUserMessages: Early EndPlayMap Detection: Level '/Game/Levels/AI_Test.AI_Test:PersistentLevel' has LevelScriptBlueprint '/Game/Levels/AI_Test.AI_Test:PersistentLevel.AI_Test' with GeneratedClass '/Game/Levels/AI_Test.AI_Test_C' with ClassGeneratedBy '/Game/Levels/AI_Test.AI_Test:PersistentLevel.AI_Test'
[2017.03.04-04.25.46:368][123]LogBlueprintUserMessages: Late EndPlayMap Detection: Level '/Game/Levels/AI_Test.AI_Test:PersistentLevel' has LevelScriptBlueprint '/Game/Levels/AI_Test.AI_Test:PersistentLevel.AI_Test' with GeneratedClass '/Game/Levels/AI_Test.AI_Test_C' with ClassGeneratedBy '/Game/Levels/AI_Test.AI_Test:PersistentLevel.AI_Test'
[2017.03.04-04.26.01:451][466]LogSkeletalMesh: InitArticulated: Bodies already created (/Engine/Transient.DebugSkelMeshComponent_0) - call TermArticulated first.
[2017.03.04-04.26.01:783][466]LogRenderer: Reallocating scene render targets to support 856x576 NumSamples 1 (Frame:6013).
[2017.03.04-04.26.09:842][560]LogSkeletalMesh: InitArticulated: Bodies already created (/Engine/Transient.DebugSkelMeshComponent_1) - call TermArticulated first.
[2017.03.04-04.26.10:199][560]LogContentBrowser:Verbose: The majority of assets in the view are of type: AnimSequence
[2017.03.04-04.26.12:566][599]LogSkeletalMesh: InitArticulated: Bodies already created (/Engine/Transient.DebugSkelMeshComponent_4) - call TermArticulated first.
[2017.03.04-04.28.00:453][540]LogSavePackage: Save=24.81ms
[2017.03.04-04.28.00:453][540]LogSavePackage: Moving '../../../../../../Users/aerob/Desktop/TheCursedBlade/Cursed_Blade/Saved/SK_CharM_RamC262B8E9470E374DD6555AA33DD224AE.tmp' to '../../../../../../Users/aerob/Desktop/TheCursedBlade/Cursed_Blade/Content/InfinityBladeWarriors/Character/CompleteCharacters/SK_CharM_Ram.uasset'
[2017.03.04-04.28.00:460][540]LogSavePackage:Display: Finished SavePackage ../../../../../../Users/aerob/Desktop/TheCursedBlade/Cursed_Blade/Content/InfinityBladeWarriors/Character/CompleteCharacters/SK_CharM_Ram.uasset
[2017.03.04-04.28.08:781][730]LogTemp: Repeting last play command: Selected Viewport
[2017.03.04-04.28.08:807][730]LogBlueprintUserMessages: Early PlayInEditor Detection: Level '/Game/Levels/AI_Test.AI_Test:PersistentLevel' has LevelScriptBlueprint '/Game/Levels/AI_Test.AI_Test:PersistentLevel.AI_Test' with GeneratedClass '/Game/Levels/AI_Test.AI_Test_C' with ClassGeneratedBy '/Game/Levels/AI_Test.AI_Test:PersistentLevel.AI_Test'
[2017.03.04-04.28.08:807][730]LogPlayLevel: PlayLevel: No blueprints needed recompiling
[2017.03.04-04.28.08:807][730]PIE: New page: PIE session: AI_Test (Mar 3, 2017, 6:28:08 PM)
[2017.03.04-04.28.08:807][730]LogPlayLevel: Creating play world package: /Game/Levels/UEDPIE_0_AI_Test
[2017.03.04-04.28.08:844][730]LogPlayLevel: PIE: StaticDuplicateObject took: (0.036833s)
[2017.03.04-04.28.08:845][730]LogAIModule: Creating AISystem for world AI_Test
[2017.03.04-04.28.08:845][730]LogPlayLevel: PIE: World Init took: (0.000775s)
[2017.03.04-04.28.08:845][730]LogPlayLevel: PIE: Created PIE world by copying editor world from /Game/Levels/AI_Test.AI_Test to /Game/Levels/UEDPIE_0_AI_Test.AI_Test (0.037890s)
[2017.03.04-04.28.08:891][730]LogInit: XAudio2 using 'Speaker/HP (Realtek High Definition Audio)' : 2 channels at 48 kHz using 32 bits per sample (channel mask 0x3)
[2017.03.04-04.28.08:902][730]LogInit: FAudioDevice initialized.
[2017.03.04-04.28.08:936][730]LogLoad: Game class is 'myGame_C'
[2017.03.04-04.28.08:938][730]LogWorld: Bringing World /Game/Levels/UEDPIE_0_AI_Test.AI_Test up for play (max tick rate 60) at 2017.03.03-23.28.08
[2017.03.04-04.28.08:939][730]LogWorld: Bringing up level for play took: 0.002372
[2017.03.04-04.28.08:942][730]PIE: Info Play in editor start time for /Game/Levels/UEDPIE_0_AI_Test 0.841
[2017.03.04-04.28.08:942][730]LogBlueprintUserMessages: Late PlayInEditor Detection: Level '/Game/Levels/AI_Test.AI_Test:PersistentLevel' has LevelScriptBlueprint '/Game/Levels/AI_Test.AI_Test:PersistentLevel.AI_Test' with GeneratedClass '/Game/Levels/AI_Test.AI_Test_C' with ClassGeneratedBy '/Game/Levels/AI_Test.AI_Test:PersistentLevel.AI_Test'
[2017.03.04-04.28.25:580][388]LogBlueprintUserMessages: Early EndPlayMap Detection: Level '/Game/Levels/AI_Test.AI_Test:PersistentLevel' has LevelScriptBlueprint '/Game/Levels/AI_Test.AI_Test:PersistentLevel.AI_Test' with GeneratedClass '/Game/Levels/AI_Test.AI_Test_C' with ClassGeneratedBy '/Game/Levels/AI_Test.AI_Test:PersistentLevel.AI_Test'
[2017.03.04-04.28.25:650][388]LogBlueprintUserMessages: Late EndPlayMap Detection: Level '/Game/Levels/AI_Test.AI_Test:PersistentLevel' has LevelScriptBlueprint '/Game/Levels/AI_Test.AI_Test:PersistentLevel.AI_Test' with GeneratedClass '/Game/Levels/AI_Test.AI_Test_C' with ClassGeneratedBy '/Game/Levels/AI_Test.AI_Test:PersistentLevel.AI_Test'
[2017.03.04-04.28.45:282][878]LogSkeletalMesh: InitArticulated: Bodies already created (/Engine/Transient.DebugSkelMeshComponent_7) - call TermArticulated first.
[2017.03.04-04.29.12:064][284]LogEditorViewport: Clicking on Actor (LMB): PlayerStart (Player Start)
[2017.03.04-04.29.12:314][284]LogEditorViewport: Clicking on Component (LMB): CapsuleComponent (CollisionCapsule)
[2017.03.04-04.29.45:241][ 76]LogRenderer: Reallocating scene render targets to support 856x588 NumSamples 1 (Frame:13535).
[2017.03.04-04.30.21:923][606]BlueprintLog: New page: Compile characterBP
[2017.03.04-04.30.24:753][646]Cmd: OBJ SAVEPACKAGE PACKAGE="/Game/character/characterBP" FILE="../../../../../../Users/aerob/Desktop/TheCursedBlade/Cursed_Blade/Content/character/characterBP.uasset" SILENT=true
[2017.03.04-04.30.24:813][646]LogSavePackage: Save=44.49ms
[2017.03.04-04.30.24:813][646]LogSavePackage: Moving '../../../../../../Users/aerob/Desktop/TheCursedBlade/Cursed_Blade/Saved/characterBP44219CBD4E89BD50FC1304A52AE5DBA5.tmp' to '../../../../../../Users/aerob/Desktop/TheCursedBlade/Cursed_Blade/Content/character/characterBP.uasset'
[2017.03.04-04.30.24:820][646]LogSavePackage:Display: Finished SavePackage ../../../../../../Users/aerob/Desktop/TheCursedBlade/Cursed_Blade/Content/character/characterBP.uasset
[2017.03.04-04.30.32:861][833]LogTemp: Repeting last play command: Selected Viewport
[2017.03.04-04.30.32:921][833]LogBlueprintUserMessages: Early PlayInEditor Detection: Level '/Game/Levels/AI_Test.AI_Test:PersistentLevel' has LevelScriptBlueprint '/Game/Levels/AI_Test.AI_Test:PersistentLevel.AI_Test' with GeneratedClass '/Game/Levels/AI_Test.AI_Test_C' with ClassGeneratedBy '/Game/Levels/AI_Test.AI_Test:PersistentLevel.AI_Test'
[2017.03.04-04.30.32:921][833]LogPlayLevel: PlayLevel: No blueprints needed recompiling
[2017.03.04-04.30.32:921][833]PIE: New page: PIE session: AI_Test (Mar 3, 2017, 6:30:32 PM)
[2017.03.04-04.30.32:921][833]LogPlayLevel: Creating play world package: /Game/Levels/UEDPIE_0_AI_Test
[2017.03.04-04.30.33:145][833]LogPlayLevel: PIE: StaticDuplicateObject took: (0.223446s)
[2017.03.04-04.30.33:147][833]LogAIModule: Creating AISystem for world AI_Test
[2017.03.04-04.30.33:147][833]LogPlayLevel: PIE: World Init took: (0.002198s)
[2017.03.04-04.30.33:148][833]LogPlayLevel: PIE: Created PIE world by copying editor world from /Game/Levels/AI_Test.AI_Test to /Game/Levels/UEDPIE_0_AI_Test.AI_Test (0.226232s)
[2017.03.04-04.30.33:186][833]LogInit: XAudio2 using 'Speaker/HP (Realtek High Definition Audio)' : 2 channels at 48 kHz using 32 bits per sample (channel mask 0x3)
[2017.03.04-04.30.33:198][833]LogInit: FAudioDevice initialized.
[2017.03.04-04.30.33:230][833]LogLoad: Game class is 'myGame_C'
[2017.03.04-04.30.33:232][833]LogWorld: Bringing World /Game/Levels/UEDPIE_0_AI_Test.AI_Test up for play (max tick rate 60) at 2017.03.03-23.30.33
[2017.03.04-04.30.33:232][833]LogWorld: Bringing up level for play took: 0.001965
[2017.03.04-04.30.33:306][833]PIE: Info Play in editor start time for /Game/Levels/UEDPIE_0_AI_Test 1.206
[2017.03.04-04.30.33:307][833]LogBlueprintUserMessages: Late PlayInEditor Detection: Level '/Game/Levels/AI_Test.AI_Test:PersistentLevel' has LevelScriptBlueprint '/Game/Levels/AI_Test.AI_Test:PersistentLevel.AI_Test' with GeneratedClass '/Game/Levels/AI_Test.AI_Test_C' with ClassGeneratedBy '/Game/Levels/AI_Test.AI_Test:PersistentLevel.AI_Test'
[2017.03.04-04.30.47:444][418]LogBlueprintUserMessages: Early EndPlayMap Detection: Level '/Game/Levels/AI_Test.AI_Test:PersistentLevel' has LevelScriptBlueprint '/Game/Levels/AI_Test.AI_Test:PersistentLevel.AI_Test' with GeneratedClass '/Game/Levels/AI_Test.AI_Test_C' with ClassGeneratedBy '/Game/Levels/AI_Test.AI_Test:PersistentLevel.AI_Test'
