Log file open, 04/23/17 19:53:34
LogInit:Display: Running engine for game: Cursed_Blade
LogPlatformFile: Not using cached read wrapper
LogInit:Display: RandInit(1106608507) SRandInit(1106608507).
LogTaskGraph: Started task graph with 5 named threads and 6 total threads with 1 sets of task threads.
LogStats: Stats thread started at 2.767413
LogPluginManager: Loaded Plugin Paper2D, From C:/Program Files/Epic Games/UE_4.14/Engine/Plugins/2D/Paper2D/Paper2D.uplugin
LogPluginManager: Loaded Plugin LightPropagationVolume, From C:/Program Files/Epic Games/UE_4.14/Engine/Plugins/Blendables/LightPropagationVolume/LightPropagationVolume.uplugin
LogPluginManager: Loaded Plugin BlankPlugin, From C:/Program Files/Epic Games/UE_4.14/Engine/Plugins/Developer/BlankPlugin/BlankPlugin.uplugin
LogPluginManager: Loaded Plugin CodeLiteSourceCodeAccess, From C:/Program Files/Epic Games/UE_4.14/Engine/Plugins/Developer/CodeLiteSourceCodeAccess/CodeLiteSourceCodeAccess.uplugin
LogPluginManager: Loaded Plugin GitSourceControl, From C:/Program Files/Epic Games/UE_4.14/Engine/Plugins/Developer/GitSourceControl/GitSourceControl.uplugin
LogPluginManager: Loaded Plugin KDevelopSourceCodeAccess, From C:/Program Files/Epic Games/UE_4.14/Engine/Plugins/Developer/KDevelopSourceCodeAccess/KDevelopSourceCodeAccess.uplugin
LogPluginManager: Loaded Plugin NullSourceCodeAccess, From C:/Program Files/Epic Games/UE_4.14/Engine/Plugins/Developer/NullSourceCodeAccess/NullSourceCodeAccess.uplugin
LogPluginManager: Loaded Plugin OneSkyLocalizationService, From C:/Program Files/Epic Games/UE_4.14/Engine/Plugins/Developer/OneSkyLocalizationService/OneSkyLocalizationService.uplugin
LogPluginManager: Loaded Plugin PerforceSourceControl, From C:/Program Files/Epic Games/UE_4.14/Engine/Plugins/Developer/PerforceSourceControl/PerforceSourceControl.uplugin
LogPluginManager: Loaded Plugin SubversionSourceControl, From C:/Program Files/Epic Games/UE_4.14/Engine/Plugins/Developer/SubversionSourceControl/SubversionSourceControl.uplugin
LogPluginManager: Loaded Plugin UObjectPlugin, From C:/Program Files/Epic Games/UE_4.14/Engine/Plugins/Developer/UObjectPlugin/UObjectPlugin.uplugin
LogPluginManager: Loaded Plugin VisualStudioSourceCodeAccess, From C:/Program Files/Epic Games/UE_4.14/Engine/Plugins/Developer/VisualStudioSourceCodeAccess/VisualStudioSourceCodeAccess.uplugin
LogPluginManager: Loaded Plugin XCodeSourceCodeAccess, From C:/Program Files/Epic Games/UE_4.14/Engine/Plugins/Developer/XCodeSourceCodeAccess/XCodeSourceCodeAccess.uplugin
LogPluginManager: Loaded Plugin AudioCapture, From C:/Program Files/Epic Games/UE_4.14/Engine/Plugins/Editor/AudioCapture/AudioCapture.uplugin
LogPluginManager: Loaded Plugin EpicSurvey, From C:/Program Files/Epic Games/UE_4.14/Engine/Plugins/Editor/EpicSurvey/EpicSurvey.uplugin
LogPluginManager: Loaded Plugin MacGraphicsSwitching, From C:/Program Files/Epic Games/UE_4.14/Engine/Plugins/Editor/MacGraphicsSwitching/MacGraphicsSwitching.uplugin
LogPluginManager: Loaded Plugin MobileLauncherProfileWizard, From C:/Program Files/Epic Games/UE_4.14/Engine/Plugins/Editor/MobileLauncherProfileWizard/MobileLauncherProfileWizard.uplugin
LogPluginManager: Loaded Plugin PluginBrowser, From C:/Program Files/Epic Games/UE_4.14/Engine/Plugins/Editor/PluginBrowser/PluginBrowser.uplugin
LogPluginManager: Loaded Plugin SpeedTreeImporter, From C:/Program Files/Epic Games/UE_4.14/Engine/Plugins/Editor/SpeedTreeImporter/SpeedTreeImporter.uplugin
LogPluginManager: Loaded Plugin SuperSearchEditor, From C:/Program Files/Epic Games/UE_4.14/Engine/Plugins/Editor/SuperSearchEditor/SuperSearchEditor.uplugin
LogPluginManager: Loaded Plugin AlembicImporter, From C:/Program Files/Epic Games/UE_4.14/Engine/Plugins/Experimental/AlembicImporter/AlembicImporter.uplugin
LogPluginManager: Loaded Plugin BlueprintStats, From C:/Program Files/Epic Games/UE_4.14/Engine/Plugins/Experimental/BlueprintStats/BlueprintStats.uplugin
LogPluginManager: Loaded Plugin CharacterAI, From C:/Program Files/Epic Games/UE_4.14/Engine/Plugins/Experimental/CharacterAI/CharacterAI.uplugin
LogPluginManager: Loaded Plugin CodeEditor, From C:/Program Files/Epic Games/UE_4.14/Engine/Plugins/Experimental/CodeEditor/CodeEditor.uplugin
LogPluginManager: Loaded Plugin CodeView, From C:/Program Files/Epic Games/UE_4.14/Engine/Plugins/Experimental/CodeView/CodeView.uplugin
LogPluginManager: Loaded Plugin HTML5Networking, From C:/Program Files/Epic Games/UE_4.14/Engine/Plugins/Experimental/HTML5Networking/HTML5Networking.uplugin
LogPluginManager: Loaded Plugin OSVR, From C:/Program Files/Epic Games/UE_4.14/Engine/Plugins/Experimental/OSVR/OSVR.uplugin
LogPluginManager: Loaded Plugin Phya, From C:/Program Files/Epic Games/UE_4.14/Engine/Plugins/Experimental/Phya/Phya.uplugin
LogPluginManager: Loaded Plugin SignificanceManager, From C:/Program Files/Epic Games/UE_4.14/Engine/Plugins/Experimental/SignificanceManager/SignificanceManager.uplugin
LogPluginManager: Loaded Plugin SimpleHMD, From C:/Program Files/Epic Games/UE_4.14/Engine/Plugins/Experimental/SimpleHMD/SimpleHMD.uplugin
LogPluginManager: Loaded Plugin StereoPanorama, From C:/Program Files/Epic Games/UE_4.14/Engine/Plugins/Experimental/StereoPanorama/StereoPanorama.uplugin
LogPluginManager: Loaded Plugin StructBox, From C:/Program Files/Epic Games/UE_4.14/Engine/Plugins/Experimental/StructBox/StructBox.uplugin
LogPluginManager: Loaded Plugin AndroidMedia, From C:/Program Files/Epic Games/UE_4.14/Engine/Plugins/Media/AndroidMedia/AndroidMedia.uplugin
LogPluginManager: Loaded Plugin AvfMedia, From C:/Program Files/Epic Games/UE_4.14/Engine/Plugins/Media/AvfMedia/AvfMedia.uplugin
LogPluginManager: Loaded Plugin MediaPlayerEditor, From C:/Program Files/Epic Games/UE_4.14/Engine/Plugins/Media/MediaPlayerEditor/MediaPlayerEditor.uplugin
LogPluginManager: Loaded Plugin WmfMedia, From C:/Program Files/Epic Games/UE_4.14/Engine/Plugins/Media/WmfMedia/WmfMedia.uplugin
LogPluginManager: Loaded Plugin MessagingDebugger, From C:/Program Files/Epic Games/UE_4.14/Engine/Plugins/Messaging/MessagingDebugger/MessagingDebugger.uplugin
LogPluginManager: Loaded Plugin TcpMessaging, From C:/Program Files/Epic Games/UE_4.14/Engine/Plugins/Messaging/TcpMessaging/TcpMessaging.uplugin
LogPluginManager: Loaded Plugin UdpMessaging, From C:/Program Files/Epic Games/UE_4.14/Engine/Plugins/Messaging/UdpMessaging/UdpMessaging.uplugin
LogPluginManager: Loaded Plugin LevelSequenceEditor, From C:/Program Files/Epic Games/UE_4.14/Engine/Plugins/MovieScene/LevelSequenceEditor/LevelSequenceEditor.uplugin
LogPluginManager: Loaded Plugin MatineeToLevelSequence, From C:/Program Files/Epic Games/UE_4.14/Engine/Plugins/MovieScene/MatineeToLevelSequence/MatineeToLevelSequence.uplugin
LogPluginManager: Loaded Plugin NetcodeUnitTest, From C:/Program Files/Epic Games/UE_4.14/Engine/Plugins/NetcodeUnitTest/NetcodeUnitTest/NetcodeUnitTest.uplugin
LogPluginManager: Loaded Plugin NUTUnrealEngine4, From C:/Program Files/Epic Games/UE_4.14/Engine/Plugins/NetcodeUnitTest/NUTUnrealEngine4/NUTUnrealEngine4.uplugin
LogPluginManager: Loaded Plugin OnlineSubsystemGameCircle, From C:/Program Files/Epic Games/UE_4.14/Engine/Plugins/Online/Android/OnlineSubsystemGameCircle/OnlineSubsystemGameCircle.uplugin
LogPluginManager: Loaded Plugin OnlineSubsystemGooglePlay, From C:/Program Files/Epic Games/UE_4.14/Engine/Plugins/Online/Android/OnlineSubsystemGooglePlay/OnlineSubsystemGooglePlay.uplugin
LogPluginManager: Loaded Plugin OnlineSubsystemIOS, From C:/Program Files/Epic Games/UE_4.14/Engine/Plugins/Online/IOS/OnlineSubsystemIOS/OnlineSubsystemIOS.uplugin
LogPluginManager: Loaded Plugin OnlineFramework, From C:/Program Files/Epic Games/UE_4.14/Engine/Plugins/Online/OnlineFramework/OnlineFramework.uplugin
LogPluginManager: Loaded Plugin OnlineSubsystem, From C:/Program Files/Epic Games/UE_4.14/Engine/Plugins/Online/OnlineSubsystem/OnlineSubsystem.uplugin
LogPluginManager: Loaded Plugin OnlineSubsystemAmazon, From C:/Program Files/Epic Games/UE_4.14/Engine/Plugins/Online/OnlineSubsystemAmazon/OnlineSubsystemAmazon.uplugin
LogPluginManager: Loaded Plugin OnlineSubsystemFacebook, From C:/Program Files/Epic Games/UE_4.14/Engine/Plugins/Online/OnlineSubsystemFacebook/OnlineSubsystemFacebook.uplugin
LogPluginManager: Loaded Plugin OnlineSubsystemNull, From C:/Program Files/Epic Games/UE_4.14/Engine/Plugins/Online/OnlineSubsystemNull/OnlineSubsystemNull.uplugin
LogPluginManager: Loaded Plugin OnlineSubsystemOculus, From C:/Program Files/Epic Games/UE_4.14/Engine/Plugins/Online/OnlineSubsystemOculus/OnlineSubsystemOculus.uplugin
LogPluginManager: Loaded Plugin OnlineSubsystemSteam, From C:/Program Files/Epic Games/UE_4.14/Engine/Plugins/Online/OnlineSubsystemSteam/OnlineSubsystemSteam.uplugin
LogPluginManager: Loaded Plugin OnlineSubsystemUtils, From C:/Program Files/Epic Games/UE_4.14/Engine/Plugins/Online/OnlineSubsystemUtils/OnlineSubsystemUtils.uplugin
LogPluginManager: Loaded Plugin IOSTapJoy, From C:/Program Files/Epic Games/UE_4.14/Engine/Plugins/Runtime/Advertising/IOSTapJoy/IOSTapJoy.uplugin
LogPluginManager: Loaded Plugin AnalyticsBlueprintLibrary, From C:/Program Files/Epic Games/UE_4.14/Engine/Plugins/Runtime/Analytics/AnalyticsBlueprintLibrary/AnalyticsBlueprintLibrary.uplugin
LogPluginManager: Loaded Plugin AnalyticsMulticast, From C:/Program Files/Epic Games/UE_4.14/Engine/Plugins/Runtime/Analytics/AnalyticsMulticast/AnalyticsMulticast.uplugin
LogPluginManager: Loaded Plugin Apsalar, From C:/Program Files/Epic Games/UE_4.14/Engine/Plugins/Runtime/Analytics/Apsalar/Apsalar.uplugin
LogPluginManager: Loaded Plugin FileLogging, From C:/Program Files/Epic Games/UE_4.14/Engine/Plugins/Runtime/Analytics/FileLogging/FileLogging.uplugin
LogPluginManager: Loaded Plugin Flurry, From C:/Program Files/Epic Games/UE_4.14/Engine/Plugins/Runtime/Analytics/Flurry/Flurry.uplugin
LogPluginManager: Loaded Plugin AndroidDeviceProfileSelector, From C:/Program Files/Epic Games/UE_4.14/Engine/Plugins/Runtime/AndroidDeviceProfileSelector/AndroidDeviceProfileSelector.uplugin
LogPluginManager: Loaded Plugin AndroidMoviePlayer, From C:/Program Files/Epic Games/UE_4.14/Engine/Plugins/Runtime/AndroidMoviePlayer/AndroidMoviePlayer.uplugin
LogPluginManager: Loaded Plugin AppleMoviePlayer, From C:/Program Files/Epic Games/UE_4.14/Engine/Plugins/Runtime/AppleMoviePlayer/AppleMoviePlayer.uplugin
LogPluginManager: Loaded Plugin ArchVisCharacter, From C:/Program Files/Epic Games/UE_4.14/Engine/Plugins/Runtime/ArchVisCharacter/ArchVisCharacter.uplugin
LogPluginManager: Loaded Plugin CableComponent, From C:/Program Files/Epic Games/UE_4.14/Engine/Plugins/Runtime/CableComponent/CableComponent.uplugin
LogPluginManager: Loaded Plugin CustomMeshComponent, From C:/Program Files/Epic Games/UE_4.14/Engine/Plugins/Runtime/CustomMeshComponent/CustomMeshComponent.uplugin
LogPluginManager: Loaded Plugin ExampleDeviceProfileSelector, From C:/Program Files/Epic Games/UE_4.14/Engine/Plugins/Runtime/ExampleDeviceProfileSelector/ExampleDeviceProfileSelector.uplugin
LogPluginManager: Loaded Plugin GearVR, From C:/Program Files/Epic Games/UE_4.14/Engine/Plugins/Runtime/GearVR/GearVR.uplugin
LogPluginManager: Loaded Plugin GoogleVRController, From C:/Program Files/Epic Games/UE_4.14/Engine/Plugins/Runtime/GoogleVR/GoogleVRController/GoogleVRController.uplugin
LogPluginManager: Loaded Plugin GoogleVRHMD, From C:/Program Files/Epic Games/UE_4.14/Engine/Plugins/Runtime/GoogleVR/GoogleVRHMD/GoogleVRHMD.uplugin
LogPluginManager: Loaded Plugin IOSDeviceProfileSelector, From C:/Program Files/Epic Games/UE_4.14/Engine/Plugins/Runtime/IOSDeviceProfileSelector/IOSDeviceProfileSelector.uplugin
LogPluginManager: Loaded Plugin LeapMotion, From C:/Program Files/Epic Games/UE_4.14/Engine/Plugins/Runtime/LeapMotion/LeapMotion.uplugin
LogPluginManager: Loaded Plugin LinuxDeviceProfileSelector, From C:/Program Files/Epic Games/UE_4.14/Engine/Plugins/Runtime/LinuxDeviceProfileSelector/LinuxDeviceProfileSelector.uplugin
LogPluginManager: Loaded Plugin MIDIDevice, From C:/Program Files/Epic Games/UE_4.14/Engine/Plugins/Runtime/MIDIDevice/MIDIDevice.uplugin
LogPluginManager: Loaded Plugin MobilePatchingUtils, From C:/Program Files/Epic Games/UE_4.14/Engine/Plugins/Runtime/MobilePatchingUtils/MobilePatchingUtils.uplugin
LogPluginManager: Loaded Plugin Ansel, From C:/Program Files/Epic Games/UE_4.14/Engine/Plugins/Runtime/Nvidia/Ansel/Ansel.uplugin
LogPluginManager: Loaded Plugin OculusAudio, From C:/Program Files/Epic Games/UE_4.14/Engine/Plugins/Runtime/OculusAudio/OculusAudio.uplugin
LogPluginManager: Loaded Plugin OculusInput, From C:/Program Files/Epic Games/UE_4.14/Engine/Plugins/Runtime/OculusInput/OculusInput.uplugin
LogPluginManager: Loaded Plugin OculusLibrary, From C:/Program Files/Epic Games/UE_4.14/Engine/Plugins/Runtime/OculusLibrary/OculusLibrary.uplugin
LogPluginManager: Loaded Plugin OculusRift, From C:/Program Files/Epic Games/UE_4.14/Engine/Plugins/Runtime/OculusRift/OculusRift.uplugin
LogPluginManager: Loaded Plugin Oodle, From C:/Program Files/Epic Games/UE_4.14/Engine/Plugins/Runtime/PacketHandlers/CompressionComponents/Oodle/Oodle.uplugin
LogPluginManager: Loaded Plugin ProceduralMeshComponent, From C:/Program Files/Epic Games/UE_4.14/Engine/Plugins/Runtime/ProceduralMeshComponent/ProceduralMeshComponent.uplugin
LogPluginManager: Loaded Plugin SoundMod, From C:/Program Files/Epic Games/UE_4.14/Engine/Plugins/Runtime/SoundMod/SoundMod.uplugin
LogPluginManager: Loaded Plugin SoundVisualizations, From C:/Program Files/Epic Games/UE_4.14/Engine/Plugins/Runtime/SoundVisualizations/SoundVisualizations.uplugin
LogPluginManager: Loaded Plugin SteamController, From C:/Program Files/Epic Games/UE_4.14/Engine/Plugins/Runtime/Steam/SteamController/SteamController.uplugin
LogPluginManager: Loaded Plugin SteamVR, From C:/Program Files/Epic Games/UE_4.14/Engine/Plugins/Runtime/Steam/SteamVR/SteamVR.uplugin
LogPluginManager: Loaded Plugin WebBrowserWidget, From C:/Program Files/Epic Games/UE_4.14/Engine/Plugins/Runtime/WebBrowserWidget/WebBrowserWidget.uplugin
LogPluginManager: Loaded Plugin WindowsDeviceProfileSelector, From C:/Program Files/Epic Games/UE_4.14/Engine/Plugins/Runtime/WindowsDeviceProfileSelector/WindowsDeviceProfileSelector.uplugin
LogPluginManager: Loaded Plugin WindowsMoviePlayer, From C:/Program Files/Epic Games/UE_4.14/Engine/Plugins/Runtime/WindowsMoviePlayer/WindowsMoviePlayer.uplugin
LogPluginManager: Loaded Plugin ScriptPlugin, From C:/Program Files/Epic Games/UE_4.14/Engine/Plugins/ScriptPlugin/ScriptPlugin.uplugin
LogPluginManager: Loaded Plugin SlateRemote, From C:/Program Files/Epic Games/UE_4.14/Engine/Plugins/Slate/SlateRemote/SlateRemote.uplugin
LogPluginManager: Loaded Plugin EditorTests, From C:/Program Files/Epic Games/UE_4.14/Engine/Plugins/Tests/EditorTests/EditorTests.uplugin
LogPluginManager: Loaded Plugin FbxAutomationTestBuilder, From C:/Program Files/Epic Games/UE_4.14/Engine/Plugins/Tests/FbxAutomationTestBuilder/FbxAutomationTestBuilder.uplugin
LogPluginManager: Loaded Plugin FunctionalTestingEditor, From C:/Program Files/Epic Games/UE_4.14/Engine/Plugins/Tests/FunctionalTestingEditor/FunctionalTestingEditor.uplugin
LogPluginManager: Loaded Plugin RuntimeTests, From C:/Program Files/Epic Games/UE_4.14/Engine/Plugins/Tests/RuntimeTests/RuntimeTests.uplugin
LogPluginManager: Loaded Plugin ScreenshotTools, From C:/Program Files/Epic Games/UE_4.14/Engine/Plugins/Tests/ScreenshotTools/ScreenshotTools.uplugin
LogInit: Using libcurl 7.47.1
LogInit:  - built for x86_64-pc-win32
LogInit:  - supports SSL with OpenSSL/1.0.2g
LogInit:  - supports HTTP deflate (compression) using libz 1.2.8
LogInit:  - other features:
LogInit:      CURL_VERSION_SSL
LogInit:      CURL_VERSION_LIBZ
LogInit:      CURL_VERSION_IPV6
LogInit:      CURL_VERSION_ASYNCHDNS
LogInit:      CURL_VERSION_LARGEFILE
LogInit:      CURL_VERSION_IDN
LogInit:  CurlRequestOptions (configurable via config and command line):
LogInit:  - bVerifyPeer = false  - Libcurl will NOT verify peer certificate
LogInit:  - bUseHttpProxy = false  - Libcurl will NOT use HTTP proxy
LogInit:  - bDontReuseConnections = false  - Libcurl will reuse connections
LogInit:  - CertBundlePath = nullptr  - Libcurl will use whatever was configured at build time.
LogInit: Build: ++UE4+Release-4.14-CL-3249277
LogInit: Engine Version: 4.14.3-3249277+++UE4+Release-4.14
LogInit: Compatible Engine Version: 4.14.0-3195953+++UE4+Release-4.14
LogInit: Net CL: 3195953
LogDevObjectVersion: Number of dev versions registered: 13
LogDevObjectVersion:   Dev-Blueprints (B0D832E4-1F89-4F0D-ACCF-7EB736FD4AA2): 7
LogDevObjectVersion:   Dev-Build (E1C64328-A22C-4D53-A36C-8E866417BD8C): 0
LogDevObjectVersion:   Dev-Core (375EC13C-06E4-48FB-B500-84F0262A717E): 1
LogDevObjectVersion:   Dev-Editor (E4B068ED-F494-42E9-A231-DA0B2E46BB41): 8
LogDevObjectVersion:   Dev-Framework (CFFC743F-43B0-4480-9391-14DF171D2073): 17
LogDevObjectVersion:   Dev-Mobile (B02B49B5-BB20-44E9-A304-32B752E40360): 0
LogDevObjectVersion:   Dev-Networking (A4E4105C-59A1-49B5-A7C5-40C4547EDFEE): 0
LogDevObjectVersion:   Dev-Online (39C831C9-5AE6-47DC-9A44-9C173E1C8E7C): 0
LogDevObjectVersion:   Dev-Physics (78F01B33-EBEA-4F98-B9B4-84EACCB95AA2): 0
LogDevObjectVersion:   Dev-Platform (6631380F-2D4D-43E0-8009-CF276956A95A): 0
LogDevObjectVersion:   Dev-Rendering (12F88B9F-8875-4AFC-A67C-D90C383ABD29): 12
LogDevObjectVersion:   Dev-Sequencer (7B5AE74C-D270-4C10-A958-57980B212A5A): 1
LogDevObjectVersion:   Dev-VR (D7296918-1DD6-4BDD-9DE2-64A83CC13884): 0
LogInit: Compiled (64-bit): Jan  6 2017 10:49:43
LogInit: Compiled with Visual C++: 19.00.23026.00
LogInit: Build Configuration: Development
LogInit: Branch Name: ++UE4+Release-4.14
LogInit: Command line: 
LogInit: Base directory: C:/Program Files/Epic Games/UE_4.14/Engine/Binaries/Win64/
LogInit: Installed Engine Build: 1
LogInit: Presizing for max 8388607 objects, including 0 objects not considered by GC, pre-allocating 0 bytes for permanent pool.
LogInit: Object subsystem initialized
[2017.04.23-23.53.37:436][  0]LogInit: Selected Device Profile: [Windows]
[2017.04.23-23.53.37:436][  0]LogInit: Applying CVar settings loaded from the selected device profile: [Windows]
[2017.04.23-23.53.37:648][  0]LogInit: Computer: BADTZ-MARU
[2017.04.23-23.53.37:648][  0]LogInit: User: Luis
[2017.04.23-23.53.37:648][  0]LogInit: CPU Page size=65536, Cores=2
[2017.04.23-23.53.37:648][  0]LogInit: High frequency timer resolution =2.240909 MHz
[2017.04.23-23.53.37:649][  0]LogMemory: Memory total: Physical=7.9GB (8GB approx)
[2017.04.23-23.53.37:649][  0]LogMemory: Platform Memory Stats for Windows
[2017.04.23-23.53.37:649][  0]LogMemory: Process Physical Memory: 264.68 MB used, 264.68 MB peak
[2017.04.23-23.53.37:649][  0]LogMemory: Process Virtual Memory: 263.04 MB used, 263.04 MB peak
[2017.04.23-23.53.37:649][  0]LogMemory: Physical Memory: 5677.34 MB used,  2446.50 MB free, 8123.84 MB total
[2017.04.23-23.53.37:649][  0]LogMemory: Virtual Memory: 675.37 MB used,  2446.50 MB free, 134217728.00 MB total
[2017.04.23-23.53.38:792][  0]LogTextLocalizationManager: No specific translations for ('en-US') exist, so ('en') translations will be used.
[2017.04.23-23.53.54:527][  0]LogD3D11RHI: D3D11 adapters:
[2017.04.23-23.53.54:684][  0]LogD3D11RHI:    0. 'Intel(R) HD Graphics Family' (Feature Level 11_0)
[2017.04.23-23.53.54:684][  0]LogD3D11RHI:       112/0/2048 MB DedicatedVideo/DedicatedSystem/SharedSystem, Outputs:1, VendorId:0x8086
[2017.04.23-23.53.54:717][  0]LogD3D11RHI:    1. 'Microsoft Basic Render Driver' (Feature Level 11_0)
[2017.04.23-23.53.54:717][  0]LogD3D11RHI:       0/0/4061 MB DedicatedVideo/DedicatedSystem/SharedSystem, Outputs:0, VendorId:0x1414
[2017.04.23-23.53.54:717][  0]LogD3D11RHI: Chosen D3D11 Adapter: 0
[2017.04.23-23.53.54:749][  0]LogD3D11RHI: Creating new Direct3DDevice
[2017.04.23-23.53.54:749][  0]LogD3D11RHI:     GPU DeviceId: 0xa16 (for the marketing name, search the web for "GPU Device Id")
[2017.04.23-23.53.54:749][  0]LogWindows: EnumDisplayDevices:
[2017.04.23-23.53.54:751][  0]LogWindows:    0. 'Intel(R) HD Graphics Family' (P:1 D:1)
[2017.04.23-23.53.54:756][  0]LogWindows:    1. 'Intel(R) HD Graphics Family' (P:0 D:0)
[2017.04.23-23.53.54:760][  0]LogWindows:    2. 'Intel(R) HD Graphics Family' (P:0 D:0)
[2017.04.23-23.53.54:763][  0]LogWindows: DebugString: FoundDriverCount:3 
[2017.04.23-23.53.54:763][  0]LogD3D11RHI:     Adapter Name: Intel(R) HD Graphics Family
[2017.04.23-23.53.54:763][  0]LogD3D11RHI:   Driver Version: 20.19.15.4531 (internal:20.19.15.4531, unified:20.19.15.4531)
[2017.04.23-23.53.54:763][  0]LogD3D11RHI:      Driver Date: 9-29-2016
[2017.04.23-23.53.54:763][  0]LogRHI: Texture pool is 795 MB (70% of 1136 MB)
[2017.04.23-23.53.54:855][  0]LogD3D11RHI: Async texture creation enabled
[2017.04.23-23.53.55:046][  0]LogD3D11RHI: GPU Timing Frequency: 12.500000 (Debug: 2 0)
[2017.04.23-23.53.55:128][  0]LogShaderCompilers: Guid format shader working directory is -20 characters bigger than the processId version (../../../../../../Users/Luis/Desktop/TheCursedBlade/Cursed_Blade/Intermediate/Shaders/WorkingDirectory/22948/).
[2017.04.23-23.53.55:139][  0]LogShaderCompilers: Cleaned the shader compiler working directory 'C:/Users/Luis/AppData/Local/Temp/UnrealShaderWorkingDir/72B4E2BD47BA6BF061771084393F7F3D/'.
[2017.04.23-23.53.55:139][  0]LogShaderCompilers:Display: Using Local Shader Compiler.
[2017.04.23-23.54.20:664][  0]LogTemp:Display: Loaded TP AllDesktopTargetPlatform
[2017.04.23-23.54.21:178][  0]LogTemp:Display: Loaded TP MacClientTargetPlatform
[2017.04.23-23.54.21:624][  0]LogTemp:Display: Loaded TP MacNoEditorTargetPlatform
[2017.04.23-23.54.22:093][  0]LogTemp:Display: Loaded TP MacServerTargetPlatform
[2017.04.23-23.54.22:585][  0]LogTemp:Display: Loaded TP MacTargetPlatform
[2017.04.23-23.54.23:033][  0]LogTemp:Display: Loaded TP WindowsClientTargetPlatform
[2017.04.23-23.54.23:516][  0]LogTemp:Display: Loaded TP WindowsNoEditorTargetPlatform
[2017.04.23-23.54.23:970][  0]LogTemp:Display: Loaded TP WindowsServerTargetPlatform
[2017.04.23-23.54.24:458][  0]LogTemp:Display: Loaded TP WindowsTargetPlatform
[2017.04.23-23.54.24:989][  0]LogTemp:Display: Loaded TP AndroidTargetPlatform
[2017.04.23-23.54.25:457][  0]LogTemp:Display: Loaded TP Android_ASTCTargetPlatform
[2017.04.23-23.54.25:940][  0]LogTemp:Display: Loaded TP Android_ATCTargetPlatform
[2017.04.23-23.54.26:445][  0]LogTemp:Display: Loaded TP Android_DXTTargetPlatform
[2017.04.23-23.54.26:932][  0]LogTemp:Display: Loaded TP Android_ETC1TargetPlatform
[2017.04.23-23.54.27:400][  0]LogTemp:Display: Loaded TP Android_ETC2TargetPlatform
[2017.04.23-23.54.28:324][  0]LogTemp:Display: Loaded TP Android_MultiTargetPlatform
[2017.04.23-23.54.28:324][  0]LogTemp:Display: Loaded TP Android_PVRTCTargetPlatform
[2017.04.23-23.54.28:744][  0]LogTemp:Display: Loaded TP HTML5TargetPlatform
[2017.04.23-23.54.29:571][  0]LogTemp:Display: Loaded TP IOSTargetPlatform
[2017.04.23-23.54.29:854][  0]LogTemp:Display: Loaded TP TVOSTargetPlatform
[2017.04.23-23.54.30:327][  0]LogTemp:Display: Loaded TP LinuxClientTargetPlatform
[2017.04.23-23.54.30:789][  0]LogTemp:Display: Loaded TP LinuxNoEditorTargetPlatform
[2017.04.23-23.54.31:254][  0]LogTemp:Display: Loaded TP LinuxServerTargetPlatform
[2017.04.23-23.54.31:737][  0]LogTemp:Display: Loaded TP LinuxTargetPlatform
[2017.04.23-23.54.31:737][  0]LogTargetPlatformManager:Display: Building Assets For Windows
[2017.04.23-23.54.37:391][  0]LogDerivedDataCache:Display: Max Cache Size: 512 MB
[2017.04.23-23.54.37:950][  0]LogDerivedDataCache: Loaded boot cache 0.55s 50MB C:/Users/Luis/AppData/Local/UnrealEngine/4.14/DerivedDataCache/Boot.ddc.
[2017.04.23-23.54.37:951][  0]LogDerivedDataCache:Display: Loaded Boot cache: C:/Users/Luis/AppData/Local/UnrealEngine/4.14/DerivedDataCache/Boot.ddc
[2017.04.23-23.54.37:951][  0]LogDerivedDataCache: FDerivedDataBackendGraph:  Pak pak cache file ../../../../../../Users/Luis/Desktop/TheCursedBlade/Cursed_Blade/DerivedDataCache/DDC.ddp not found, will not use a pak cache.
[2017.04.23-23.54.37:951][  0]LogDerivedDataCache: Unable to find inner node Pak for hierarchical cache Hierarchy.
[2017.04.23-23.54.37:951][  0]LogDerivedDataCache: FDerivedDataBackendGraph:  CompressedPak pak cache file ../../../../../../Users/Luis/Desktop/TheCursedBlade/Cursed_Blade/DerivedDataCache/Compressed.ddp not found, will not use a pak cache.
[2017.04.23-23.54.37:951][  0]LogDerivedDataCache: Unable to find inner node CompressedPak for hierarchical cache Hierarchy.
[2017.04.23-23.54.38:084][  0]LogDerivedDataCache:Display: Pak cache opened for reading ../../../Engine/DerivedDataCache/Compressed.ddp.
[2017.04.23-23.54.38:121][  0]LogDerivedDataCache: Using Local data cache path C:/Users/Luis/AppData/Local/UnrealEngine/Common/DerivedDataCache: Writable
[2017.04.23-23.54.48:442][  0]LogInit: Selected Device Profile: [Windows]
[2017.04.23-23.54.48:611][  0]LogContentStreaming: Texture pool size is 0.00 MB
[2017.04.23-23.54.50:082][  0]LogMeshUtilities: Using QuadricMeshReduction for automatic static mesh reduction
[2017.04.23-23.54.50:512][  0]LogSimplygon: Simplygon DLL not present - disabling.
[2017.04.23-23.54.50:898][  0]LogMeshUtilities: Using SimplygonSwarm for distributed automatic mesh merging
[2017.04.23-23.54.50:898][  0]LogMeshUtilities: No automatic skeletal mesh reduction module available
[2017.04.23-23.54.50:898][  0]LogMeshUtilities: No automatic mesh merging module available
[2017.04.23-23.54.58:521][  0]LogNetVersion: GetLocalNetworkVersion: CL: 3195953, ProjectName: cursed_blade, ProjectVersion: , EngineNetworkVersion: 2, GameNetworkVersion: 0, NetworkChecksum: 3550933385
[2017.04.23-23.54.59:231][  0]LogAssetRegistry: FAssetRegistry took 0.0230 seconds to start up
[2017.04.23-23.54.59:896][  0]LogPackageLocalizationCache: Processed 3 localized package path(s) for 2 prioritized culture(s) in 0.359955 seconds
[2017.04.23-23.54.59:923][  0]LogUObjectArray: 31946 objects as part of root set at end of initial load.
[2017.04.23-23.54.59:923][  0]LogUObjectAllocator: 6935848 out of 0 bytes used by permanent object pool.
[2017.04.23-23.54.59:923][  0]LogUObjectArray: CloseDisregardForGC: 0/0 objects in disregard for GC pool
[2017.04.23-23.55.00:559][  0]LogInit: WinSock: version 1.1 (2.2), MaxSocks=32767, MaxUdp=65467
[2017.04.23-23.55.17:895][  0]LogSlate: Using Freetype 2.6.0
[2017.04.23-23.55.18:076][  0]LogSlate: SlateFontCache - WITH_FREETYPE: 1, WITH_HARFBUZZ: 1
[2017.04.23-23.55.18:076][  0]LogSlate: SlateFontCache - WITH_FREETYPE: 1, WITH_HARFBUZZ: 1
[2017.04.23-23.56.25:027][  0]LogPackageName:Warning: String asset reference "JW_FlameDungeon.FX.SM_FX_Embers" is in short form, which is unsupported and -- even if valid -- resolving it will be really slow. Please consider resaving package in order to speed-up loading.
[2017.04.23-23.56.25:027][  0]LogPackageName: SearchForPackageOnDisk took   0.866s, but failed to resolve JW_FlameDungeon.
[2017.04.23-23.56.25:027][  0]LogPackageName:Warning: String asset reference "JW_FlameDungeon.FX.SM_FX_Embers" could not be resolved.
[2017.04.23-23.56.25:027][  0]LogPackageName:Warning: String asset reference "JW_FlameDungeon.FX.SM_FogPlane02" is in short form, which is unsupported and -- even if valid -- resolving it will be really slow. Please consider resaving package in order to speed-up loading.
[2017.04.23-23.56.25:027][  0]LogPackageName: SearchForPackageOnDisk took   1.193s, but failed to resolve JW_FlameDungeon.
[2017.04.23-23.56.25:027][  0]LogPackageName:Warning: String asset reference "JW_FlameDungeon.FX.SM_FogPlane02" could not be resolved.
[2017.04.23-23.56.28:481][  0]LogTcpMessaging: Initializing TcpMessaging bridge
[2017.04.23-23.56.29:187][  0]LogUdpMessaging: Initializing bridge on interface 0.0.0.0:0 to multicast group 230.0.0.1:6666.
[2017.04.23-23.56.33:482][  0]LogPackageName:Warning: String asset reference "StaticMesh'FX_Meshes_IB.SM_Debris_Box_RadialFull'" is in short form, which is unsupported and -- even if valid -- resolving it will be really slow. Please consider resaving package in order to speed-up loading.
[2017.04.23-23.56.33:482][  0]LogPackageName: SearchForPackageOnDisk took   0.346s, but failed to resolve StaticMesh'FX_Meshes_IB.
[2017.04.23-23.56.33:482][  0]LogPackageName:Warning: String asset reference "StaticMesh'FX_Meshes_IB.SM_Debris_Box_RadialFull'" could not be resolved.
[2017.04.23-23.56.33:482][  0]LogPackageName:Warning: String asset reference "JW_Ice_Mountain.Mesh.SM_SnowBoulder" is in short form, which is unsupported and -- even if valid -- resolving it will be really slow. Please consider resaving package in order to speed-up loading.
[2017.04.23-23.56.33:482][  0]LogPackageName: SearchForPackageOnDisk took   0.353s, but failed to resolve JW_Ice_Mountain.
[2017.04.23-23.56.33:482][  0]LogPackageName:Warning: String asset reference "JW_Ice_Mountain.Mesh.SM_SnowBoulder" could not be resolved.
[2017.04.23-23.56.33:482][  0]LogPackageName:Warning: String asset reference "FX_Meshes.UI.SM_SelectionMesh_01" is in short form, which is unsupported and -- even if valid -- resolving it will be really slow. Please consider resaving package in order to speed-up loading.
[2017.04.23-23.56.33:482][  0]LogPackageName: SearchForPackageOnDisk took   0.383s, but failed to resolve FX_Meshes.
[2017.04.23-23.56.33:482][  0]LogPackageName:Warning: String asset reference "FX_Meshes.UI.SM_SelectionMesh_01" could not be resolved.
[2017.04.23-23.56.33:482][  0]LogPackageName:Warning: String asset reference "FX_Meshes.UI.SM_SelectionMesh_01" is in short form, which is unsupported and -- even if valid -- resolving it will be really slow. Please consider resaving package in order to speed-up loading.
[2017.04.23-23.56.33:482][  0]LogPackageName: SearchForPackageOnDisk took   0.380s, but failed to resolve FX_Meshes.
[2017.04.23-23.56.33:482][  0]LogPackageName:Warning: String asset reference "FX_Meshes.UI.SM_SelectionMesh_01" could not be resolved.
[2017.04.23-23.56.33:482][  0]LogPackageName:Warning: String asset reference "'FX_Ambient.Meshes.SM_Bats'" is in short form, which is unsupported and -- even if valid -- resolving it will be really slow. Please consider resaving package in order to speed-up loading.
[2017.04.23-23.56.33:482][  0]LogPackageName: SearchForPackageOnDisk took   0.439s, but failed to resolve 'FX_Ambient.
[2017.04.23-23.56.33:482][  0]LogPackageName:Warning: String asset reference "'FX_Ambient.Meshes.SM_Bats'" could not be resolved.
[2017.04.23-23.56.33:482][  0]LogPackageName:Warning: String asset reference "CastleEffects.TouchToMoveArrow" is in short form, which is unsupported and -- even if valid -- resolving it will be really slow. Please consider resaving package in order to speed-up loading.
[2017.04.23-23.56.33:482][  0]LogPackageName: SearchForPackageOnDisk took   0.469s, but failed to resolve CastleEffects.
[2017.04.23-23.56.33:482][  0]LogPackageName:Warning: String asset reference "CastleEffects.TouchToMoveArrow" could not be resolved.
[2017.04.23-23.56.33:482][  0]LogPackageName:Warning: String asset reference "StaticMesh'FX_Meshes.Fire.SM_Dungeon_Pipes_Lava01_Cool'" is in short form, which is unsupported and -- even if valid -- resolving it will be really slow. Please consider resaving package in order to speed-up loading.
[2017.04.23-23.56.33:622][  0]LogMaterial: Uniform references updated for custom material expression Custom.
[2017.04.23-23.56.35:100][  0]LogPackageName: SearchForPackageOnDisk took   0.499s, but failed to resolve StaticMesh'FX_Meshes.
[2017.04.23-23.56.35:100][  0]LogPackageName:Warning: String asset reference "StaticMesh'FX_Meshes.Fire.SM_Dungeon_Pipes_Lava01_Cool'" could not be resolved.
[2017.04.23-23.56.35:100][  0]LogPackageName:Warning: String asset reference "m_FogSheet_02" is in short form, which is unsupported and -- even if valid -- resolving it will be really slow. Please consider resaving package in order to speed-up loading.
[2017.04.23-23.56.35:100][  0]LogPackageName: SearchForPackageOnDisk took   0.524s to resolve m_FogSheet_02.
[2017.04.23-23.56.35:100][  0]LogPackageName:Warning: String asset reference "FX_Test_LAN.Meshes.SM_IceWall01" is in short form, which is unsupported and -- even if valid -- resolving it will be really slow. Please consider resaving package in order to speed-up loading.
[2017.04.23-23.56.35:100][  0]LogPackageName: SearchForPackageOnDisk took   0.493s, but failed to resolve FX_Test_LAN.
[2017.04.23-23.56.35:100][  0]LogPackageName:Warning: String asset reference "FX_Test_LAN.Meshes.SM_IceWall01" could not be resolved.
[2017.04.23-23.56.35:100][  0]LogPackageName:Warning: String asset reference "m_FogSheet_02" is in short form, which is unsupported and -- even if valid -- resolving it will be really slow. Please consider resaving package in order to speed-up loading.
[2017.04.23-23.56.36:284][  0]LogPackageName: SearchForPackageOnDisk took   1.230s to resolve m_FogSheet_02.
[2017.04.23-23.56.36:284][  0]LogPackageName:Warning: String asset reference "m_FogSheet_02" is in short form, which is unsupported and -- even if valid -- resolving it will be really slow. Please consider resaving package in order to speed-up loading.
[2017.04.23-23.56.37:481][  0]LogPackageName: SearchForPackageOnDisk took   1.272s to resolve m_FogSheet_02.
[2017.04.23-23.56.37:481][  0]LogPackageName:Warning: String asset reference "m_FogSheet_02" is in short form, which is unsupported and -- even if valid -- resolving it will be really slow. Please consider resaving package in order to speed-up loading.
[2017.04.23-23.56.38:634][  0]LogPackageName: SearchForPackageOnDisk took   1.243s to resolve m_FogSheet_02.
[2017.04.23-23.56.40:205][  0]SourceControl: Info Source control is disabled
[2017.04.23-23.56.40:217][  0]LogPackageName:Warning: String asset reference "JW_Ice_Mountain.Mesh.SM_SnowBoulder" is in short form, which is unsupported and -- even if valid -- resolving it will be really slow. Please consider resaving package in order to speed-up loading.
[2017.04.23-23.56.40:217][  0]SourceControl: Info Source control is disabled
[2017.04.23-23.56.40:687][  0]LogPackageName: SearchForPackageOnDisk took   0.393s, but failed to resolve JW_Ice_Mountain.
[2017.04.23-23.56.40:687][  0]LogPackageName:Warning: String asset reference "JW_Ice_Mountain.Mesh.SM_SnowBoulder" could not be resolved.
[2017.04.23-23.56.40:687][  0]LogPackageName:Warning: String asset reference "S_Survival_CA_Chicken_02.SM.S_Survival_CA_Chicken_02" is in short form, which is unsupported and -- even if valid -- resolving it will be really slow. Please consider resaving package in order to speed-up loading.
[2017.04.23-23.56.40:687][  0]SourceControl: Info Source control is disabled
[2017.04.23-23.56.41:087][  0]LogPackageName: SearchForPackageOnDisk took   0.384s to resolve S_Survival_CA_Chicken_02.
[2017.04.23-23.56.41:087][  0]LogPackageName:Warning: String asset reference "JW_Ice_Mountain.Mesh.SM_SnowBoulder" is in short form, which is unsupported and -- even if valid -- resolving it will be really slow. Please consider resaving package in order to speed-up loading.
[2017.04.23-23.56.41:087][  0]SourceControl: Info Source control is disabled
[2017.04.23-23.56.42:539][  0]LogPackageName: SearchForPackageOnDisk took   0.449s, but failed to resolve JW_Ice_Mountain.
[2017.04.23-23.56.42:539][  0]LogPackageName:Warning: String asset reference "JW_Ice_Mountain.Mesh.SM_SnowBoulder" could not be resolved.
[2017.04.23-23.56.42:539][  0]LogPackageName:Warning: String asset reference "Env_ALL_Artifacts.Mesh.Env_ALL_Terminus001" is in short form, which is unsupported and -- even if valid -- resolving it will be really slow. Please consider resaving package in order to speed-up loading.
[2017.04.23-23.56.42:539][  0]LogPackageName: SearchForPackageOnDisk took   0.384s, but failed to resolve Env_ALL_Artifacts.
[2017.04.23-23.56.42:539][  0]LogPackageName:Warning: String asset reference "Env_ALL_Artifacts.Mesh.Env_ALL_Terminus001" could not be resolved.
[2017.04.23-23.56.43:578][  0]LogPackageName:Warning: String asset reference "Env_Ice_Rocky.Mesh.Env_Ice_MelancholicTroll01" is in short form, which is unsupported and -- even if valid -- resolving it will be really slow. Please consider resaving package in order to speed-up loading.
[2017.04.23-23.56.43:578][  0]LogPackageName: SearchForPackageOnDisk took   0.425s, but failed to resolve Env_Ice_Rocky.
[2017.04.23-23.56.43:578][  0]LogPackageName:Warning: String asset reference "Env_Ice_Rocky.Mesh.Env_Ice_MelancholicTroll01" could not be resolved.
[2017.04.23-23.56.43:578][  0]LogPackageName:Warning: String asset reference "Env_Ice_Rocky.Mesh.Env_Ice_NordHeed01" is in short form, which is unsupported and -- even if valid -- resolving it will be really slow. Please consider resaving package in order to speed-up loading.
[2017.04.23-23.56.43:578][  0]LogPackageName: SearchForPackageOnDisk took   0.376s, but failed to resolve Env_Ice_Rocky.
[2017.04.23-23.56.43:578][  0]LogPackageName:Warning: String asset reference "Env_Ice_Rocky.Mesh.Env_Ice_NordHeed01" could not be resolved.
[2017.04.23-23.56.45:944][  0]LogPackageName:Warning: String asset reference "Exo_Deco01.SM.Mesh.WoodenBarrel_Intact" is in short form, which is unsupported and -- even if valid -- resolving it will be really slow. Please consider resaving package in order to speed-up loading.
[2017.04.23-23.56.45:944][  0]LogPackageName: SearchForPackageOnDisk took   0.383s, but failed to resolve Exo_Deco01.
[2017.04.23-23.56.45:944][  0]LogPackageName:Warning: String asset reference "Exo_Deco01.SM.Mesh.WoodenBarrel_Intact" could not be resolved.
[2017.04.23-23.56.45:944][  0]LogPackageName:Warning: String asset reference "Env_Ice_RuinedWalls001" is in short form, which is unsupported and -- even if valid -- resolving it will be really slow. Please consider resaving package in order to speed-up loading.
[2017.04.23-23.56.45:944][  0]LogPackageName: SearchForPackageOnDisk took   0.378s, but failed to resolve Env_Ice_RuinedWalls001.
[2017.04.23-23.56.45:944][  0]LogPackageName:Warning: String asset reference "Env_Ice_RuinedWalls001" could not be resolved.
[2017.04.23-23.56.57:338][  0]LogEngine: Initializing Engine...
[2017.04.23-23.56.57:383][  0]LogHMD: Failed to initialize OpenVR with code 110
[2017.04.23-23.57.01:784][  0]LogAIModule: Creating AISystem for world Untitled
[2017.04.23-23.57.01:927][  0]LogInit: XAudio2 using 'Speakers / HP (IDT High Definition Audio CODEC)' : 2 channels at 48 kHz using 16 bits per sample (channel mask 0x3)
[2017.04.23-23.57.02:299][  0]LogInit: FAudioDevice initialized.
[2017.04.23-23.57.02:359][  0]LogDerivedDataCache: Saved boot cache 0.06s 50MB C:/Users/Luis/AppData/Local/UnrealEngine/4.14/DerivedDataCache/Boot.ddc.
[2017.04.23-23.57.02:517][  0]LogInit: Texture streaming: Enabled
[2017.04.23-23.57.07:002][  0]LogInit: Transaction tracking system initialized
[2017.04.23-23.57.10:427][  0]BlueprintLog: New page: Editor Load
[2017.04.23-23.57.33:494][  0]LocalizationService: Info Localization service is disabled
[2017.04.23-23.57.48:232][  0]LogConsoleResponse:Display: 
[2017.04.23-23.57.53:091][  0]LogCook:Display: Max memory allowance for cook 16384mb min free memory 0mb
[2017.04.23-23.57.53:113][  0]LogCook:Display: Mobile HDR setting 1
[2017.04.23-23.57.54:421][  0]LogFileCache: Scanning file cache for directory 'C:/Users/Luis/Desktop/TheCursedBlade/Cursed_Blade/Content/' took 0.27s
[2017.04.23-23.58.15:803][  0]SourceControl: Info Source control is disabled
[2017.04.23-23.58.15:817][  0]Cmd: MAP LOAD FILE="../../../../../../Users/Luis/Desktop/TheCursedBlade/Cursed_Blade/Content/Levels/MainMenuLevel.umap" TEMPLATE=0 SHOWPROGRESS=1 FEATURELEVEL=3
[2017.04.23-23.58.15:819][  0]LightingResults: New page: Lighting Build
[2017.04.23-23.58.16:783][  0]MapCheck: New page: Map Check
[2017.04.23-23.58.16:784][  0]LightingResults: New page: Lighting Build
[2017.04.23-23.58.24:112][  0]LogAIModule: Creating AISystem for world MainMenuLevel
[2017.04.23-23.58.24:851][  0]LogEditorServer: Finished looking for orphan Actors (0.000 secs)
[2017.04.23-23.58.24:853][  0]Cmd: MAP CHECKDEP NOCLEARLOG
[2017.04.23-23.58.25:474][  0]MapCheck: Info Map check complete: 0 Error(s), 0 Warning(s), took 620.6ms to complete.
[2017.04.23-23.58.25:474][  0]LogFileHelpers: Loading map 'MainMenuLevel' took 9.658
[2017.04.23-23.58.27:089][  0]LogCollectionManager: Loaded 0 collections in 0.008813 seconds
[2017.04.23-23.58.28:203][  0]LogFileCache: Scanning file cache for directory 'C:/Users/Luis/Desktop/TheCursedBlade/Cursed_Blade/Saved/Collections/' took 0.01s
[2017.04.23-23.58.28:203][  0]LogFileCache: Scanning file cache for directory 'C:/Users/Luis/Desktop/TheCursedBlade/Cursed_Blade/Content/Developers/Luis/Collections/' took 0.01s
[2017.04.23-23.58.28:204][  0]LogFileCache: Scanning file cache for directory 'C:/Users/Luis/Desktop/TheCursedBlade/Cursed_Blade/Content/Collections/' took 0.01s
[2017.04.23-23.58.28:204][  0]LogCollectionManager: Rebuilt the GUID cache for 0 collections in 0.000004 seconds
[2017.04.23-23.58.28:274][  0]LogContentBrowser: Native class hierarchy populated in 0.0690 seconds. Added 2190 classes and 428 folders.
[2017.04.23-23.58.29:231][  0]LogStats: UGameplayTagsManager::ConstructGameplayTagTree: Construct from data asset -  0.000 s
[2017.04.23-23.58.29:231][  0]LogStats: UGameplayTagsManager::ConstructGameplayTagTree: GameplayTagTreeChangedEvent.Broadcast -  0.000 s
[2017.04.23-23.58.29:244][  0]LogContentBrowser: Native class hierarchy updated for 'GameplayTags' in 0.0124 seconds. Added 13 classes and 0 folders.
[2017.04.23-23.58.30:951][  0]LogContentBrowser: Native class hierarchy updated for 'WidgetCarousel' in 0.0027 seconds. Added 0 classes and 0 folders.
[2017.04.23-23.58.35:958][  0]LogContentBrowser: Native class hierarchy updated for 'AddContentDialog' in 0.0031 seconds. Added 0 classes and 0 folders.
[2017.04.23-23.58.37:018][  0]LogContentBrowser: Native class hierarchy updated for 'SceneOutliner' in 0.0031 seconds. Added 1 classes and 2 folders.
[2017.04.23-23.58.38:090][  0]LogCrashTracker: Crashtracker disabled due to settings.
[2017.04.23-23.58.38:164][  0]LogUObjectGlobals:Warning: Failed to find object 'Class None.'
[2017.04.23-23.58.39:097][  0]LogContentBrowser: Native class hierarchy updated for 'HierarchicalLODOutliner' in 0.0038 seconds. Added 1 classes and 2 folders.
[2017.04.23-23.58.39:099][  0]LogLoad: (Engine Initialization) Total time: 319.59 seconds
[2017.04.23-23.58.39:099][  0]LogLoad: (Engine Initialization) Total Blueprint compile time: 3.44 seconds
[2017.04.23-23.58.39:104][  0]LogExternalProfiler: Found external profiler: VSPerf
[2017.04.23-23.58.39:104][  0]LogExternalProfiler: Using external profiler: VSPerf
[2017.04.23-23.58.39:148][  0]LogOcInput: OculusInput pre-init called
[2017.04.23-23.58.39:202][  0]LogContentStreaming: Texture pool size now 3000 MB
[2017.04.23-23.58.40:543][  0]LogRenderer: Reallocating scene render targets to support 964x436 NumSamples 1 (Frame:2).
[2017.04.23-23.58.43:872][ 11]LogAssetRegistry: Asset discovery search completed in 224.6630 seconds
[2017.04.23-23.58.43:872][ 11]LogCollectionManager: Rebuilt the object cache for 0 collections in 0.000002 seconds (found 0 objects)
[2017.04.23-23.58.43:872][ 11]LogCollectionManager: Fixed up redirectors for 0 collections in 0.000030 seconds (updated 0 objects)
[2017.04.23-23.59.26:570][999]LogBlueprintUserMessages: Early PlayInEditor Detection: Level '/Game/Levels/MainMenuLevel.MainMenuLevel:PersistentLevel' has LevelScriptBlueprint '/Game/Levels/MainMenuLevel.MainMenuLevel:PersistentLevel.MainMenuLevel' with GeneratedClass '/Game/Levels/MainMenuLevel.MainMenuLevel_C' with ClassGeneratedBy '/Game/Levels/MainMenuLevel.MainMenuLevel:PersistentLevel.MainMenuLevel'
[2017.04.23-23.59.26:571][999]LogPlayLevel: PlayLevel: No blueprints needed recompiling
[2017.04.23-23.59.26:642][999]PIE: New page: PIE session: MainMenuLevel (Apr 23, 2017, 3:59:26 PM)
[2017.04.23-23.59.26:642][999]LogPlayLevel: Creating play world package: /Game/Levels/UEDPIE_0_MainMenuLevel
[2017.04.23-23.59.26:662][999]LogPlayLevel: PIE: StaticDuplicateObject took: (0.019844s)
[2017.04.23-23.59.26:665][999]LogAIModule: Creating AISystem for world MainMenuLevel
[2017.04.23-23.59.26:665][999]LogPlayLevel: PIE: World Init took: (0.003133s)
[2017.04.23-23.59.26:666][999]LogPlayLevel: PIE: Created PIE world by copying editor world from /Game/Levels/MainMenuLevel.MainMenuLevel to /Game/Levels/UEDPIE_0_MainMenuLevel.MainMenuLevel (0.023857s)
[2017.04.23-23.59.26:829][999]LogInit: XAudio2 using 'Speakers / HP (IDT High Definition Audio CODEC)' : 2 channels at 48 kHz using 16 bits per sample (channel mask 0x3)
[2017.04.23-23.59.27:296][999]LogInit: FAudioDevice initialized.
[2017.04.23-23.59.27:483][999]LogLoad: Game class is 'myGame_C'
[2017.04.23-23.59.27:491][999]LogWorld: Bringing World /Game/Levels/UEDPIE_0_MainMenuLevel.MainMenuLevel up for play (max tick rate 60) at 2017.04.23-19.59.27
[2017.04.23-23.59.27:493][999]LogWorld: Bringing up level for play took: 0.007512
[2017.04.23-23.59.28:407][999]LogContentBrowser: Native class hierarchy updated for 'MovieSceneCapture' in 0.0033 seconds. Added 11 classes and 0 folders.
[2017.04.23-23.59.28:440][999]PIE: Info Play in editor start time for /Game/Levels/UEDPIE_0_MainMenuLevel 2.039
[2017.04.23-23.59.28:442][999]LogBlueprintUserMessages: Late PlayInEditor Detection: Level '/Game/Levels/MainMenuLevel.MainMenuLevel:PersistentLevel' has LevelScriptBlueprint '/Game/Levels/MainMenuLevel.MainMenuLevel:PersistentLevel.MainMenuLevel' with GeneratedClass '/Game/Levels/MainMenuLevel.MainMenuLevel_C' with ClassGeneratedBy '/Game/Levels/MainMenuLevel.MainMenuLevel:PersistentLevel.MainMenuLevel'
[2017.04.23-23.59.44:447][284]LogBlueprintUserMessages: Early EndPlayMap Detection: Level '/Game/Levels/MainMenuLevel.MainMenuLevel:PersistentLevel' has LevelScriptBlueprint '/Game/Levels/MainMenuLevel.MainMenuLevel:PersistentLevel.MainMenuLevel' with GeneratedClass '/Game/Levels/MainMenuLevel.MainMenuLevel_C' with ClassGeneratedBy '/Game/Levels/MainMenuLevel.MainMenuLevel:PersistentLevel.MainMenuLevel'
[2017.04.23-23.59.44:487][284]LogBlueprintUserMessages: Late EndPlayMap Detection: Level '/Game/Levels/MainMenuLevel.MainMenuLevel:PersistentLevel' has LevelScriptBlueprint '/Game/Levels/MainMenuLevel.MainMenuLevel:PersistentLevel.MainMenuLevel' with GeneratedClass '/Game/Levels/MainMenuLevel.MainMenuLevel_C' with ClassGeneratedBy '/Game/Levels/MainMenuLevel.MainMenuLevel:PersistentLevel.MainMenuLevel'
[2017.04.24-00.01.53:145][ 66]LogTemp: Repeting last play command: New Editor Window (PIE)
[2017.04.24-00.01.53:236][ 66]LogBlueprintUserMessages: Early PlayInEditor Detection: Level '/Game/Levels/MainMenuLevel.MainMenuLevel:PersistentLevel' has LevelScriptBlueprint '/Game/Levels/MainMenuLevel.MainMenuLevel:PersistentLevel.MainMenuLevel' with GeneratedClass '/Game/Levels/MainMenuLevel.MainMenuLevel_C' with ClassGeneratedBy '/Game/Levels/MainMenuLevel.MainMenuLevel:PersistentLevel.MainMenuLevel'
[2017.04.24-00.01.53:236][ 66]LogPlayLevel: PlayLevel: No blueprints needed recompiling
[2017.04.24-00.01.53:237][ 66]PIE: New page: PIE session: MainMenuLevel (Apr 23, 2017, 4:01:53 PM)
[2017.04.24-00.01.53:237][ 66]LogPlayLevel: Creating play world package: /Game/Levels/UEDPIE_0_MainMenuLevel
[2017.04.24-00.01.53:338][ 66]LogPlayLevel: PIE: StaticDuplicateObject took: (0.100261s)
[2017.04.24-00.01.53:340][ 66]LogAIModule: Creating AISystem for world MainMenuLevel
[2017.04.24-00.01.53:340][ 66]LogPlayLevel: PIE: World Init took: (0.002658s)
[2017.04.24-00.01.53:341][ 66]LogPlayLevel: PIE: Created PIE world by copying editor world from /Game/Levels/MainMenuLevel.MainMenuLevel to /Game/Levels/UEDPIE_0_MainMenuLevel.MainMenuLevel (0.103902s)
[2017.04.24-00.01.53:451][ 66]LogInit: XAudio2 using 'Speakers / HP (IDT High Definition Audio CODEC)' : 2 channels at 48 kHz using 16 bits per sample (channel mask 0x3)
[2017.04.24-00.01.53:993][ 66]LogInit: FAudioDevice initialized.
[2017.04.24-00.01.54:103][ 66]LogLoad: Game class is 'myGame_C'
[2017.04.24-00.01.54:107][ 66]LogWorld: Bringing World /Game/Levels/UEDPIE_0_MainMenuLevel.MainMenuLevel up for play (max tick rate 60) at 2017.04.23-20.01.54
[2017.04.24-00.01.54:109][ 66]LogWorld: Bringing up level for play took: 0.004727
[2017.04.24-00.01.54:120][ 66]PIE: Info Play in editor start time for /Game/Levels/UEDPIE_0_MainMenuLevel 1.719
[2017.04.24-00.01.54:121][ 66]LogBlueprintUserMessages: Late PlayInEditor Detection: Level '/Game/Levels/MainMenuLevel.MainMenuLevel:PersistentLevel' has LevelScriptBlueprint '/Game/Levels/MainMenuLevel.MainMenuLevel:PersistentLevel.MainMenuLevel' with GeneratedClass '/Game/Levels/MainMenuLevel.MainMenuLevel_C' with ClassGeneratedBy '/Game/Levels/MainMenuLevel.MainMenuLevel:PersistentLevel.MainMenuLevel'
[2017.04.24-00.01.55:688][108]LogNet: Browse: /Game/Levels/TombLevel
[2017.04.24-00.01.55:688][108]LogLoad: LoadMap: /Game/Levels/TombLevel
[2017.04.24-00.01.55:736][108]Cmd: MEM
[2017.04.24-00.01.55:777][108]LogMemory: Platform Memory Stats for Windows
[2017.04.24-00.01.55:777][108]LogMemory: Process Physical Memory: 1249.95 MB used, 1279.00 MB peak
[2017.04.24-00.01.55:777][108]LogMemory: Process Virtual Memory: 1413.54 MB used, 1455.64 MB peak
[2017.04.24-00.01.55:777][108]LogMemory: Physical Memory: 6013.69 MB used,  2110.14 MB free, 8123.84 MB total
[2017.04.24-00.01.55:777][108]LogMemory: Virtual Memory: 2240.78 MB used,  2110.14 MB free, 134217728.00 MB total
[2017.04.24-00.01.55:777][108]LogMemory: 
[2017.04.24-00.01.55:777][108]Allocator Stats for TBB: (not implemented)
[2017.04.24-00.02.01:612][108]LogPackageName:Warning: String asset reference "Env_Ice_Rocky.Mesh.Env_Ice_MelancholicTroll01" is in short form, which is unsupported and -- even if valid -- resolving it will be really slow. Please consider resaving package in order to speed-up loading.
[2017.04.24-00.02.02:453][108]LogPackageName: SearchForPackageOnDisk took   0.841s, but failed to resolve Env_Ice_Rocky.
[2017.04.24-00.02.02:453][108]LogPackageName:Warning: String asset reference "Env_Ice_Rocky.Mesh.Env_Ice_MelancholicTroll01" could not be resolved.
[2017.04.24-00.02.03:072][108]LogPackageName:Warning: String asset reference "Env_Ice_Rocky.Mesh.Env_Ice_NordHeed01" is in short form, which is unsupported and -- even if valid -- resolving it will be really slow. Please consider resaving package in order to speed-up loading.
[2017.04.24-00.02.04:057][108]LogPackageName: SearchForPackageOnDisk took   0.985s, but failed to resolve Env_Ice_Rocky.
[2017.04.24-00.02.04:057][108]LogPackageName:Warning: String asset reference "Env_Ice_Rocky.Mesh.Env_Ice_NordHeed01" could not be resolved.
[2017.04.24-00.02.04:217][108]LogPackageName:Warning: String asset reference "Exo_Deco01.SM.Mesh.WoodenBarrel_Intact" is in short form, which is unsupported and -- even if valid -- resolving it will be really slow. Please consider resaving package in order to speed-up loading.
[2017.04.24-00.02.05:127][108]LogPackageName: SearchForPackageOnDisk took   0.910s, but failed to resolve Exo_Deco01.
[2017.04.24-00.02.05:127][108]LogPackageName:Warning: String asset reference "Exo_Deco01.SM.Mesh.WoodenBarrel_Intact" could not be resolved.
[2017.04.24-00.02.05:691][108]LogPackageName:Warning: String asset reference "Env_Ice_RuinedWalls001" is in short form, which is unsupported and -- even if valid -- resolving it will be really slow. Please consider resaving package in order to speed-up loading.
[2017.04.24-00.02.06:583][108]LogPackageName: SearchForPackageOnDisk took   0.892s, but failed to resolve Env_Ice_RuinedWalls001.
[2017.04.24-00.02.06:583][108]LogPackageName:Warning: String asset reference "Env_Ice_RuinedWalls001" could not be resolved.
[2017.04.24-00.02.07:122][108]LogAnimationCompression: Building Anim DDC data for AnimSequence /Game/character/animations/standing_draw_arrow_Anim.standing_draw_arrow_Anim
[2017.04.24-00.02.49:111][108]LogAIModule: Creating AISystem for world TombLevel
[2017.04.24-00.02.49:113][108]LogLoad: Game class is 'myGame_C'
[2017.04.24-00.02.49:374][108]LogWorld: Bringing World /Game/Levels/UEDPIE_0_TombLevel.TombLevel up for play (max tick rate 60) at 2017.04.23-20.02.49
[2017.04.24-00.02.49:409][108]LogWorld: Bringing up level for play took: 0.284986
[2017.04.24-00.02.49:422][108]LogLoad: Took 53.733191 seconds to LoadMap(/Game/Levels/TombLevel)
[2017.04.24-00.07.20:813][540]LogCharacterMovement: Enemy_AI_330 is stuck and failed to move! Velocity: X=-50.32 Y=-169.90 Z=0.00 Location: X=-2933.07 Y=-16199.74 Z=2608.69 Normal: X=0.86 Y=0.47 Z=-0.21 PenetrationDepth:14.425 Actor:characterBP_C_0 Component:SwordCollision BoneName:None (0 other events since notify)
[2017.04.24-00.07.31:834][626]LogCharacterMovement: Enemy_AI2 is stuck and failed to move! Velocity: X=-36.02 Y=-95.86 Z=0.00 Location: X=-2859.59 Y=-16442.78 Z=2600.14 Normal: X=0.43 Y=0.90 Z=0.00 PenetrationDepth:3.261 Actor:characterBP_C_0 Component:SwordCollision BoneName:None (0 other events since notify)
[2017.04.24-00.07.50:636][795]LogCharacterMovement: Enemy_AI6_2071 is stuck and failed to move! Velocity: X=96.80 Y=33.41 Z=0.00 Location: X=-2946.67 Y=-16149.92 Z=2609.17 Normal: X=-0.61 Y=-0.40 Z=-0.69 PenetrationDepth:12.717 Actor:characterBP_C_0 Component:SwordCollision BoneName:None (0 other events since notify)
[2017.04.24-00.08.46:471][382]LogBlueprintUserMessages: Early EndPlayMap Detection: Level '/Game/Levels/MainMenuLevel.MainMenuLevel:PersistentLevel' has LevelScriptBlueprint '/Game/Levels/MainMenuLevel.MainMenuLevel:PersistentLevel.MainMenuLevel' with GeneratedClass '/Game/Levels/MainMenuLevel.MainMenuLevel_C' with ClassGeneratedBy '/Game/Levels/MainMenuLevel.MainMenuLevel:PersistentLevel.MainMenuLevel'
[2017.04.24-00.08.46:958][382]LogBlueprintUserMessages: Late EndPlayMap Detection: Level '/Game/Levels/MainMenuLevel.MainMenuLevel:PersistentLevel' has LevelScriptBlueprint '/Game/Levels/MainMenuLevel.MainMenuLevel:PersistentLevel.MainMenuLevel' with GeneratedClass '/Game/Levels/MainMenuLevel.MainMenuLevel_C' with ClassGeneratedBy '/Game/Levels/MainMenuLevel.MainMenuLevel:PersistentLevel.MainMenuLevel'
[2017.04.24-00.13.20:180][139]Cmd: QUIT_EDITOR
[2017.04.24-00.13.21:675][139]LogWindowsTextInputMethodSystem:Display: IME system now deactivated.
[2017.04.24-00.13.21:675][139]LogWindowsTextInputMethodSystem:Display: IME system now deactivated.
[2017.04.24-00.13.21:924][139]LogExit: Preparing to exit.
[2017.04.24-00.13.22:614][139]LogDirectoryWatcher: A directory notification for 'C:/Users/Luis/Desktop/TheCursedBlade/Cursed_Blade/Content/' was aborted.
[2017.04.24-00.13.23:030][139]LogExit: Editor shut down
[2017.04.24-00.13.23:033][139]LogExit: Transaction tracking system shut down
[2017.04.24-00.13.31:248][139]LogObj: Freed 0b from 0 cluster array pools.
[2017.04.24-00.13.31:255][139]LogExit: Object subsystem successfully closed.
[2017.04.24-00.13.31:828][139]LogD3D11RHI: Shutdown
[2017.04.24-00.13.31:842][139]LogD3D11RHI: CleanupD3DDevice
[2017.04.24-00.13.32:758][139]LogD3D11RHI: ~FD3D11DynamicRHI
[2017.04.24-00.13.33:727][139]LogHttp:Display: Http module shutting down, but needs to wait on 1 outstanding Http requests:
[2017.04.24-00.13.33:727][139]LogHttp:Display: 	verb=[POST] url=[https://datarouter.ol.epicgames.com/datarouter/api/v1/public/data?SessionID=%7BB88DC081-4B10-55E4-CA55-B0A15268BDED%7D&AppID=UEEditor.Rocket.Release&AppVersion=4.14.3-3249277%2B%2B%2BUE4%2BRelease-4.14&UserID=c015a48f4b558142650ab2bb17433098%7C2d47c99f286846cab5c19eff540cfc73%7Cbf3490e8-18ed-4984-9a5b-dcfd0cca6dfc&AppEnvironment=datacollector-binary&UploadType=eteventstream] status=Processing
[2017.04.24-00.13.33:874][139]LogModuleManager: Shutting down and abandoning module MovieSceneCapture (242)
[2017.04.24-00.13.33:886][139]LogModuleManager: Shutting down and abandoning module HierarchicalLODOutliner (241)
[2017.04.24-00.13.33:897][139]LogModuleManager: Shutting down and abandoning module CrashTracker (240)
[2017.04.24-00.13.33:909][139]LogModuleManager: Shutting down and abandoning module SceneOutliner (239)
[2017.04.24-00.13.33:909][139]LogModuleManager: Shutting down and abandoning module WidgetCarousel (238)
[2017.04.24-00.13.33:909][139]LogModuleManager: Shutting down and abandoning module AddContentDialog (237)
[2017.04.24-00.13.33:970][139]LogDirectoryWatcher: A directory notification for 'C:/Program Files/Epic Games/UE_4.14/FeaturePacks/' was aborted.
[2017.04.24-00.13.33:988][139]LogModuleManager: Shutting down and abandoning module GameplayTags (236)
[2017.04.24-00.13.33:988][139]LogModuleManager: Shutting down and abandoning module EditorWidgets (235)
[2017.04.24-00.13.33:988][139]LogModuleManager: Shutting down and abandoning module CollectionManager (234)
[2017.04.24-00.13.34:000][139]LogDirectoryWatcher: A directory notification for 'C:/Users/Luis/Desktop/TheCursedBlade/Cursed_Blade/Content/Collections/' was aborted.
[2017.04.24-00.13.34:000][139]LogDirectoryWatcher: A directory notification for 'C:/Users/Luis/Desktop/TheCursedBlade/Cursed_Blade/Content/Developers/Luis/Collections/' was aborted.
[2017.04.24-00.13.34:000][139]LogDirectoryWatcher: A directory notification for 'C:/Users/Luis/Desktop/TheCursedBlade/Cursed_Blade/Saved/Collections/' was aborted.
[2017.04.24-00.13.34:000][139]LogModuleManager: Shutting down and abandoning module StatsViewer (233)
[2017.04.24-00.13.34:022][139]LogModuleManager: Shutting down and abandoning module FoliageEdit (232)
[2017.04.24-00.13.34:027][139]LogModuleManager: Shutting down and abandoning module LandscapeEditor (231)
[2017.04.24-00.13.34:047][139]LogModuleManager: Shutting down and abandoning module SceneDepthPickerMode (230)
[2017.04.24-00.13.34:047][139]LogModuleManager: Shutting down and abandoning module ActorPickerMode (229)
[2017.04.24-00.13.34:047][139]LogModuleManager: Shutting down and abandoning module GeometryMode (228)
[2017.04.24-00.13.34:047][139]LogModuleManager: Shutting down and abandoning module TextureAlignMode (227)
[2017.04.24-00.13.34:047][139]LogModuleManager: Shutting down and abandoning module BspMode (226)
[2017.04.24-00.13.34:058][139]LogModuleManager: Shutting down and abandoning module HardwareSurvey (225)
[2017.04.24-00.13.34:062][139]LogModuleManager: Shutting down and abandoning module SequenceRecorderSections (224)
[2017.04.24-00.13.34:068][139]LogModuleManager: Shutting down and abandoning module AutomationWorker (223)
[2017.04.24-00.13.34:081][139]LogModuleManager: Shutting down and abandoning module MatineeToLevelSequence (222)
[2017.04.24-00.13.34:091][139]LogModuleManager: Shutting down and abandoning module PlacementMode (221)
[2017.04.24-00.13.34:106][139]LogModuleManager: Shutting down and abandoning module LevelSequenceEditor (220)
[2017.04.24-00.13.34:117][139]LogModuleManager: Shutting down and abandoning module WmfMediaFactory (219)
[2017.04.24-00.13.34:117][139]LogModuleManager: Shutting down and abandoning module WmfMediaEditor (218)
[2017.04.24-00.13.34:117][139]LogModuleManager: Shutting down and abandoning module AvfMediaFactory (217)
[2017.04.24-00.13.34:117][139]LogModuleManager: Shutting down and abandoning module AvfMediaEditor (216)
[2017.04.24-00.13.34:117][139]LogModuleManager: Shutting down and abandoning module Media (215)
[2017.04.24-00.13.34:117][139]LogModuleManager: Shutting down and abandoning module AndroidMediaFactory (214)
[2017.04.24-00.13.34:117][139]LogModuleManager: Shutting down and abandoning module AndroidMediaEditor (213)
[2017.04.24-00.13.34:117][139]LogModuleManager: Shutting down and abandoning module CharacterAI (212)
[2017.04.24-00.13.34:117][139]LogModuleManager: Shutting down and abandoning module SequenceRecorder (211)
[2017.04.24-00.13.34:150][139]LogModuleManager: Shutting down and abandoning module AudioCapture (210)
[2017.04.24-00.13.34:151][139]LogModuleManager: Shutting down and abandoning module SmartSnapping (209)
[2017.04.24-00.13.34:151][139]LogModuleManager: Shutting down and abandoning module SessionServices (208)
[2017.04.24-00.13.34:151][139]LogModuleManager: Shutting down and abandoning module ViewportSnapping (207)
[2017.04.24-00.13.34:151][139]LogModuleManager: Shutting down and abandoning module ViewportInteraction (206)
[2017.04.24-00.13.34:151][139]LogModuleManager: Shutting down and abandoning module LogVisualizer (205)
[2017.04.24-00.13.34:172][139]LogModuleManager: Shutting down and abandoning module GameProjectGeneration (204)
[2017.04.24-00.13.34:188][139]LogModuleManager: Shutting down and abandoning module IntroTutorials (203)
[2017.04.24-00.13.34:208][139]LogModuleManager: Shutting down and abandoning module EditorLiveStreaming (202)
[2017.04.24-00.13.34:208][139]LogModuleManager: Shutting down and abandoning module IOSPlatformEditor (201)
[2017.04.24-00.13.34:221][139]LogModuleManager: Shutting down and abandoning module HTML5PlatformEditor (200)
[2017.04.24-00.13.34:221][139]LogModuleManager: Shutting down and abandoning module AndroidDeviceDetection (199)
[2017.04.24-00.13.34:681][139]LogModuleManager: Shutting down and abandoning module AndroidPlatformEditor (198)
[2017.04.24-00.13.34:688][139]LogModuleManager: Shutting down and abandoning module IOSRuntimeSettings (197)
[2017.04.24-00.13.34:688][139]LogModuleManager: Shutting down and abandoning module AndroidRuntimeSettings (196)
[2017.04.24-00.13.34:688][139]LogModuleManager: Shutting down and abandoning module InputBindingEditor (195)
[2017.04.24-00.13.34:694][139]LogModuleManager: Shutting down and abandoning module NiagaraEditor (194)
[2017.04.24-00.13.34:728][139]LogModuleManager: Shutting down and abandoning module MergeActors (193)
[2017.04.24-00.13.34:739][139]LogModuleManager: Shutting down and abandoning module SizeMap (192)
[2017.04.24-00.13.34:749][139]LogModuleManager: Shutting down and abandoning module TreeMap (191)
[2017.04.24-00.13.34:765][139]LogModuleManager: Shutting down and abandoning module ReferenceViewer (190)
[2017.04.24-00.13.34:765][139]LogModuleManager: Shutting down and abandoning module LocalizationService (189)
[2017.04.24-00.13.34:779][139]LogModuleManager: Shutting down and abandoning module LocalizationDashboard (188)
[2017.04.24-00.13.34:790][139]LogModuleManager: Shutting down and abandoning module HardwareTargeting (187)
[2017.04.24-00.13.34:800][139]LogModuleManager: Shutting down and abandoning module DeviceProfileEditor (186)
[2017.04.24-00.13.34:809][139]LogModuleManager: Shutting down and abandoning module UndoHistory (185)
[2017.04.24-00.13.34:814][139]LogModuleManager: Shutting down and abandoning module UserFeedback (184)
[2017.04.24-00.13.34:814][139]LogModuleManager: Shutting down and abandoning module XmlParser (183)
[2017.04.24-00.13.34:818][139]LogModuleManager: Shutting down and abandoning module Blutility (182)
[2017.04.24-00.13.34:830][139]LogModuleManager: Shutting down and abandoning module ProjectTargetPlatformEditor (181)
[2017.04.24-00.13.34:831][139]LogModuleManager: Shutting down and abandoning module ProjectSettingsViewer (180)
[2017.04.24-00.13.34:831][139]LogModuleManager: Shutting down and abandoning module EditorSettingsViewer (179)
[2017.04.24-00.13.34:831][139]LogModuleManager: Shutting down and abandoning module SettingsEditor (178)
[2017.04.24-00.13.34:845][139]LogModuleManager: Shutting down and abandoning module ProjectLauncher (177)
[2017.04.24-00.13.34:871][139]LogModuleManager: Shutting down and abandoning module SessionFrontend (176)
[2017.04.24-00.13.34:882][139]LogModuleManager: Shutting down and abandoning module ProfilerClient (175)
[2017.04.24-00.13.34:897][139]LogModuleManager: Shutting down and abandoning module TargetDeviceServices (174)
[2017.04.24-00.13.34:897][139]LogModuleManager: Shutting down and abandoning module DeviceManager (173)
[2017.04.24-00.13.34:947][139]LogModuleManager: Shutting down and abandoning module AutomationController (172)
[2017.04.24-00.13.34:969][139]LogModuleManager: Shutting down and abandoning module AutomationWindow (171)
[2017.04.24-00.13.34:987][139]LogModuleManager: Shutting down and abandoning module Layers (170)
[2017.04.24-00.13.35:011][139]LogModuleManager: Shutting down and abandoning module ComponentVisualizers (169)
[2017.04.24-00.13.35:011][139]LogModuleManager: Shutting down and abandoning module DetailCustomizations (168)
[2017.04.24-00.13.35:019][139]LogModuleManager: Shutting down and abandoning module PackagesDialog (167)
[2017.04.24-00.13.35:019][139]LogModuleManager: Shutting down and abandoning module AnimGraph (166)
[2017.04.24-00.13.35:019][139]LogModuleManager: Shutting down and abandoning module Persona (165)
[2017.04.24-00.13.35:040][139]LogModuleManager: Shutting down and abandoning module Kismet (164)
[2017.04.24-00.13.35:057][139]LogModuleManager: Shutting down and abandoning module GraphEditor (163)
[2017.04.24-00.13.35:057][139]LogModuleManager: Shutting down and abandoning module ClassViewer (162)
[2017.04.24-00.13.35:057][139]LogModuleManager: Shutting down and abandoning module Toolbox (161)
[2017.04.24-00.13.35:069][139]LogModuleManager: Shutting down and abandoning module ModuleUI (160)
[2017.04.24-00.13.35:082][139]LogModuleManager: Shutting down and abandoning module MovieSceneTools (159)
[2017.04.24-00.13.35:099][139]LogModuleManager: Shutting down and abandoning module OutputLog (158)
[2017.04.24-00.13.35:114][139]LogModuleManager: Shutting down and abandoning module GammaUI (157)
[2017.04.24-00.13.35:124][139]LogModuleManager: Shutting down and abandoning module Documentation (156)
[2017.04.24-00.13.35:124][139]LogModuleManager: Shutting down and abandoning module Niagara (155)
[2017.04.24-00.13.35:124][139]LogModuleManager: Shutting down and abandoning module StreamingPauseRendering (154)
[2017.04.24-00.13.35:124][139]LogModuleManager: Shutting down and abandoning module AnalyticsET (153)
[2017.04.24-00.13.35:124][139]LogModuleManager: Shutting down and abandoning module PortalServices (152)
[2017.04.24-00.13.35:124][139]LogModuleManager: Shutting down and abandoning module PortalRpc (151)
[2017.04.24-00.13.35:124][139]LogModuleManager: Shutting down and abandoning module MessagingRpc (150)
[2017.04.24-00.13.35:124][139]LogModuleManager: Shutting down and abandoning module GameplayDebugger (149)
[2017.04.24-00.13.35:124][139]LogModuleManager: Shutting down and abandoning module AITestSuite (148)
[2017.04.24-00.13.35:140][139]LogModuleManager: Shutting down and abandoning module AIModule (147)
[2017.04.24-00.13.35:140][139]LogModuleManager: Shutting down and abandoning module ProfilerService (146)
[2017.04.24-00.13.35:338][139]LogModuleManager: Shutting down and abandoning module TaskGraph (145)
[2017.04.24-00.13.35:351][139]LogModuleManager: Shutting down and abandoning module SlateRemote (144)
[2017.04.24-00.13.35:351][139]LogModuleManager: Shutting down and abandoning module SteamVRController (143)
[2017.04.24-00.13.35:351][139]LogModuleManager: Shutting down and abandoning module SteamVR (142)
[2017.04.24-00.13.35:351][139]LogModuleManager: Shutting down and abandoning module ProceduralMeshComponentEditor (141)
[2017.04.24-00.13.35:358][139]LogModuleManager: Shutting down and abandoning module ProceduralMeshComponent (140)
[2017.04.24-00.13.35:384][139]LogModuleManager: Shutting down and abandoning module OculusLibrary (139)
[2017.04.24-00.13.35:384][139]LogModuleManager: Shutting down and abandoning module OculusInput (138)
[2017.04.24-00.13.35:384][139]LogModuleManager: Shutting down and abandoning module MobilePatchingUtils (137)
[2017.04.24-00.13.35:384][139]LogModuleManager: Shutting down and abandoning module CustomMeshComponent (136)
[2017.04.24-00.13.35:384][139]LogModuleManager: Shutting down and abandoning module CableComponent (135)
[2017.04.24-00.13.35:392][139]LogModuleManager: Shutting down and abandoning module ArchVisCharacter (134)
[2017.04.24-00.13.35:392][139]LogModuleManager: Shutting down and abandoning module MediaPlayerEditor (132)
[2017.04.24-00.13.35:418][139]LogModuleManager: Shutting down and abandoning module HTML5Networking (131)
[2017.04.24-00.13.35:418][139]LogModuleManager: Shutting down and abandoning module GeometryCacheEd (130)
[2017.04.24-00.13.35:418][139]LogModuleManager: Shutting down and abandoning module GeometryCache (129)
[2017.04.24-00.13.35:418][139]LogModuleManager: Shutting down and abandoning module AlembicLibrary (128)
[2017.04.24-00.13.35:426][139]LogModuleManager: Shutting down and abandoning module AlembicImporter (127)
[2017.04.24-00.13.35:452][139]LogModuleManager: Shutting down and abandoning module SuperSearch (126)
[2017.04.24-00.13.35:452][139]LogModuleManager: Shutting down and abandoning module SuperSearchEditor (125)
[2017.04.24-00.13.35:452][139]LogModuleManager: Shutting down and abandoning module SpeedTreeImporter (124)
[2017.04.24-00.13.35:452][139]LogModuleManager: Shutting down and abandoning module PluginBrowser (123)
[2017.04.24-00.13.35:479][139]LogModuleManager: Shutting down and abandoning module MobileLauncherProfileWizard (122)
[2017.04.24-00.13.35:503][139]LogModuleManager: Shutting down and abandoning module EpicSurvey (121)
[2017.04.24-00.13.35:514][139]LogModuleManager: Shutting down and abandoning module DesktopPlatform (120)
[2017.04.24-00.13.35:514][139]LogModuleManager: Shutting down and abandoning module VisualStudioSourceCodeAccess (119)
[2017.04.24-00.13.35:520][139]LogModuleManager: Shutting down and abandoning module UObjectPlugin (118)
[2017.04.24-00.13.35:520][139]LogModuleManager: Shutting down and abandoning module SubversionSourceControl (117)
[2017.04.24-00.13.35:531][139]LogModuleManager: Shutting down and abandoning module PerforceSourceControl (116)
[2017.04.24-00.13.35:554][139]LogModuleManager: Shutting down and abandoning module SourceControl (115)
[2017.04.24-00.13.35:567][139]LogModuleManager: Shutting down and abandoning module GitSourceControl (114)
[2017.04.24-00.13.35:593][139]LogModuleManager: Shutting down and abandoning module LightPropagationVolumeEditor (113)
[2017.04.24-00.13.35:593][139]LogModuleManager: Shutting down and abandoning module PaperTiledImporter (112)
[2017.04.24-00.13.35:601][139]LogModuleManager: Shutting down and abandoning module PaperSpriteSheetImporter (111)
[2017.04.24-00.13.35:601][139]LogModuleManager: Shutting down and abandoning module MeshPaint (110)
[2017.04.24-00.13.35:601][139]LogModuleManager: Shutting down and abandoning module PixelInspectorModule (109)
[2017.04.24-00.13.35:610][139]LogModuleManager: Shutting down and abandoning module HotReload (108)
[2017.04.24-00.13.35:632][139]LogModuleManager: Shutting down and abandoning module MainFrame (107)
[2017.04.24-00.13.35:632][139]LogModuleManager: Shutting down and abandoning module LevelEditor (106)
[2017.04.24-00.13.35:684][139]LogModuleManager: Shutting down and abandoning module ContentBrowser (105)
[2017.04.24-00.13.35:688][139]LogModuleManager: Shutting down and abandoning module Paper2DEditor (104)
[2017.04.24-00.13.35:714][139]LogModuleManager: Shutting down and abandoning module UdpMessaging (103)
[2017.04.24-00.13.35:815][139]LogModuleManager: Shutting down and abandoning module TcpMessaging (102)
[2017.04.24-00.13.35:930][139]LogModuleManager: Shutting down and abandoning module LightPropagationVolumeRuntime (101)
[2017.04.24-00.13.35:930][139]LogModuleManager: Shutting down and abandoning module Paper2D (100)
[2017.04.24-00.13.35:939][139]LogModuleManager: Shutting down and abandoning module WindowsMoviePlayer (99)
[2017.04.24-00.13.35:948][139]LogModuleManager: Shutting down and abandoning module WmfMedia (98)
[2017.04.24-00.13.35:964][139]LogModuleManager: Shutting down and abandoning module MediaAssets (97)
[2017.04.24-00.13.35:964][139]LogModuleManager: Shutting down and abandoning module GameLiveStreaming (96)
[2017.04.24-00.13.35:976][139]LogModuleManager: Shutting down and abandoning module GameplayTagsEditor (95)
[2017.04.24-00.13.35:976][139]LogModuleManager: Shutting down and abandoning module VREditor (94)
[2017.04.24-00.13.35:976][139]LogModuleManager: Shutting down and abandoning module GameplayTasksEditor (93)
[2017.04.24-00.13.35:976][139]LogModuleManager: Shutting down and abandoning module BehaviorTreeEditor (92)
[2017.04.24-00.13.35:998][139]LogModuleManager: Shutting down and abandoning module FunctionalTesting (91)
[2017.04.24-00.13.36:004][139]LogModuleManager: Shutting down and abandoning module CollisionAnalyzer (90)
[2017.04.24-00.13.36:050][139]LogModuleManager: Shutting down and abandoning module Sequencer (89)
[2017.04.24-00.13.36:050][139]LogModuleManager: Shutting down and abandoning module WorkspaceMenuStructure (88)
[2017.04.24-00.13.36:050][139]LogModuleManager: Shutting down and abandoning module MessageLog (87)
[2017.04.24-00.13.36:050][139]LogModuleManager: Shutting down and abandoning module AssetTools (86)
[2017.04.24-00.13.36:058][139]LogModuleManager: Shutting down and abandoning module UMGEditor (85)
[2017.04.24-00.13.36:059][139]LogModuleManager: Shutting down and abandoning module UMG (84)
[2017.04.24-00.13.36:059][139]LogModuleManager: Shutting down and abandoning module SlateReflector (83)
[2017.04.24-00.13.36:112][139]LogModuleManager: Shutting down and abandoning module Slate (82)
[2017.04.24-00.13.36:113][139]LogModuleManager: Shutting down and abandoning module EditorStyle (81)
[2017.04.24-00.13.36:172][139]LogModuleManager: Shutting down and abandoning module SourceCodeAccess (80)
[2017.04.24-00.13.36:172][139]LogModuleManager: Shutting down and abandoning module HeadMountedDisplay (79)
[2017.04.24-00.13.36:172][139]LogModuleManager: Shutting down and abandoning module XAudio2 (78)
[2017.04.24-00.13.36:172][139]LogModuleManager: Shutting down and abandoning module Networking (76)
[2017.04.24-00.13.36:172][139]LogModuleManager: Shutting down and abandoning module Core (75)
[2017.04.24-00.13.36:172][139]LogModuleManager: Shutting down and abandoning module DirectoryWatcher (74)
[2017.04.24-00.13.36:173][139]LogDirectoryWatcher: A directory notification for '../../../Engine/Content/' was aborted.
[2017.04.24-00.13.36:174][139]LogDirectoryWatcher: A directory notification for '../../../../../../Users/Luis/Desktop/TheCursedBlade/Cursed_Blade/Content/' was aborted.
[2017.04.24-00.13.36:176][139]LogDirectoryWatcher: A directory notification for '../../../Engine/Plugins/2D/Paper2D/Content/' was aborted.
[2017.04.24-00.13.36:186][139]LogModuleManager: Shutting down and abandoning module AssetRegistry (73)
[2017.04.24-00.13.37:087][139]LogModuleManager: Shutting down and abandoning module KismetCompiler (72)
[2017.04.24-00.13.37:087][139]LogModuleManager: Shutting down and abandoning module PhysXFormats (71)
[2017.04.24-00.13.37:087][139]LogModuleManager: Shutting down and abandoning module SimplygonSwarm (70)
[2017.04.24-00.13.37:124][139]LogModuleManager: Shutting down and abandoning module SimplygonMeshReduction (69)
[2017.04.24-00.13.37:138][139]LogModuleManager: Shutting down and abandoning module QuadricMeshReduction (68)
[2017.04.24-00.13.37:165][139]LogModuleManager: Shutting down and abandoning module PropertyEditor (67)
[2017.04.24-00.13.37:165][139]LogModuleManager: Shutting down and abandoning module MeshUtilities (66)
[2017.04.24-00.13.37:217][139]LogModuleManager: Shutting down and abandoning module DerivedDataCache (65)
[2017.04.24-00.13.37:317][139]LogDerivedDataCache: Shutdown
[2017.04.24-00.13.37:318][139]LogModuleManager: Shutting down and abandoning module VulkanShaderFormat (64)
[2017.04.24-00.13.37:356][139]LogModuleManager: Shutting down and abandoning module ShaderFormatOpenGL (63)
[2017.04.24-00.13.37:412][139]LogModuleManager: Shutting down and abandoning module ShaderFormatD3D (62)
[2017.04.24-00.13.37:445][139]LogModuleManager: Shutting down and abandoning module MetalShaderFormat (61)
[2017.04.24-00.13.37:500][139]LogModuleManager: Shutting down and abandoning module TextureFormatUncompressed (60)
[2017.04.24-00.13.37:500][139]LogModuleManager: Shutting down and abandoning module TextureFormatPVR (59)
[2017.04.24-00.13.37:519][139]LogModuleManager: Shutting down and abandoning module TextureFormatDXT (58)
[2017.04.24-00.13.37:520][139]LogModuleManager: Shutting down and abandoning module TextureFormatIntelISPCTexComp (57)
[2017.04.24-00.13.37:625][139]LogModuleManager: Shutting down and abandoning module ImageWrapper (56)
[2017.04.24-00.13.37:625][139]LogModuleManager: Shutting down and abandoning module TextureFormatASTC (55)
[2017.04.24-00.13.37:625][139]LogModuleManager: Shutting down and abandoning module TextureFormatAndroid (54)
[2017.04.24-00.13.37:625][139]LogModuleManager: Shutting down and abandoning module AudioFormatOpus (53)
[2017.04.24-00.13.37:650][139]LogModuleManager: Shutting down and abandoning module AudioFormatOgg (52)
[2017.04.24-00.13.37:650][139]LogModuleManager: Shutting down and abandoning module AudioFormatADPCM (51)
[2017.04.24-00.13.37:675][139]LogModuleManager: Shutting down and abandoning module LinuxTargetPlatform (50)
[2017.04.24-00.13.37:675][139]LogModuleManager: Shutting down and abandoning module LinuxServerTargetPlatform (49)
[2017.04.24-00.13.37:690][139]LogModuleManager: Shutting down and abandoning module LinuxNoEditorTargetPlatform (48)
[2017.04.24-00.13.37:713][139]LogModuleManager: Shutting down and abandoning module LinuxClientTargetPlatform (47)
[2017.04.24-00.13.37:733][139]LogModuleManager: Shutting down and abandoning module TVOSTargetPlatform (46)
[2017.04.24-00.13.37:734][139]LogModuleManager: Shutting down and abandoning module Messaging (45)
[2017.04.24-00.13.37:734][139]LogModuleManager: Shutting down and abandoning module IOSTargetPlatform (44)
[2017.04.24-00.13.37:734][139]LogModuleManager: Shutting down and abandoning module HTML5TargetPlatform (43)
[2017.04.24-00.13.37:759][139]LogModuleManager: Shutting down and abandoning module Android_PVRTCTargetPlatform (42)
[2017.04.24-00.13.37:761][139]LogModuleManager: Shutting down and abandoning module Android_MultiTargetPlatform (41)
[2017.04.24-00.13.37:789][139]LogModuleManager: Shutting down and abandoning module Android_ETC2TargetPlatform (40)
[2017.04.24-00.13.37:802][139]LogModuleManager: Shutting down and abandoning module Android_ETC1TargetPlatform (39)
[2017.04.24-00.13.37:834][139]LogModuleManager: Shutting down and abandoning module Android_DXTTargetPlatform (38)
[2017.04.24-00.13.37:870][139]LogModuleManager: Shutting down and abandoning module Android_ATCTargetPlatform (37)
[2017.04.24-00.13.37:905][139]LogModuleManager: Shutting down and abandoning module Android_ASTCTargetPlatform (36)
[2017.04.24-00.13.37:926][139]LogModuleManager: Shutting down and abandoning module AndroidTargetPlatform (35)
[2017.04.24-00.13.37:941][139]LogModuleManager: Shutting down and abandoning module WindowsTargetPlatform (34)
[2017.04.24-00.13.37:941][139]LogModuleManager: Shutting down and abandoning module WindowsServerTargetPlatform (33)
[2017.04.24-00.13.37:969][139]LogModuleManager: Shutting down and abandoning module WindowsNoEditorTargetPlatform (32)
[2017.04.24-00.13.37:986][139]LogModuleManager: Shutting down and abandoning module WindowsClientTargetPlatform (31)
[2017.04.24-00.13.38:046][139]LogModuleManager: Shutting down and abandoning module MacTargetPlatform (30)
[2017.04.24-00.13.38:047][139]LogModuleManager: Shutting down and abandoning module MacServerTargetPlatform (29)
[2017.04.24-00.13.38:047][139]LogModuleManager: Shutting down and abandoning module MacNoEditorTargetPlatform (28)
[2017.04.24-00.13.38:047][139]LogModuleManager: Shutting down and abandoning module MacClientTargetPlatform (27)
[2017.04.24-00.13.38:047][139]LogModuleManager: Shutting down and abandoning module AllDesktopTargetPlatform (26)
[2017.04.24-00.13.38:047][139]LogModuleManager: Shutting down and abandoning module TargetPlatform (25)
[2017.04.24-00.13.38:082][139]LogModuleManager: Shutting down and abandoning module InputCore (24)
[2017.04.24-00.13.38:082][139]LogModuleManager: Shutting down and abandoning module Settings (23)
[2017.04.24-00.13.38:119][139]LogModuleManager: Shutting down and abandoning module OculusRift (22)
[2017.04.24-00.13.38:152][139]LogModuleManager: Shutting down and abandoning module ExampleDeviceProfileSelector (21)
[2017.04.24-00.13.38:152][139]LogModuleManager: Shutting down and abandoning module OnlineBlueprintSupport (20)
[2017.04.24-00.13.38:152][139]LogModuleManager: Shutting down and abandoning module OnlineSubsystem (18)
[2017.04.24-00.13.38:152][139]LogOnline:Display: Unloading online subsystem: NULL
[2017.04.24-00.13.38:164][139]LogModuleManager: Shutting down and abandoning module SSL (17)
[2017.04.24-00.13.38:199][139]LogModuleManager: Shutting down and abandoning module HTTP (16)
[2017.04.24-00.13.38:199][139]LogModuleManager: Shutting down and abandoning module XMPP (15)
[2017.04.24-00.13.38:206][139]LogModuleManager: Shutting down and abandoning module TextureCompressor (14)
[2017.04.24-00.13.38:223][139]LogModuleManager: Shutting down and abandoning module ShaderCore (13)
[2017.04.24-00.13.38:223][139]LogModuleManager: Shutting down and abandoning module Landscape (12)
[2017.04.24-00.13.38:223][139]LogModuleManager: Shutting down and abandoning module SlateRHIRenderer (11)
[2017.04.24-00.13.38:261][139]LogModuleManager: Shutting down and abandoning module OpenGLDrv (10)
[2017.04.24-00.13.38:275][139]LogModuleManager: Shutting down and abandoning module D3D11RHI (9)
[2017.04.24-00.13.38:275][139]LogModuleManager: Shutting down and abandoning module AnimGraphRuntime (8)
[2017.04.24-00.13.38:282][139]LogModuleManager: Shutting down and abandoning module Renderer (7)
[2017.04.24-00.13.38:294][139]LogModuleManager: Shutting down and abandoning module Engine (6)
[2017.04.24-00.13.38:294][139]LogModuleManager: Shutting down and abandoning module CoreUObject (5)
[2017.04.24-00.13.38:294][139]LogModuleManager: Shutting down and abandoning module NetworkFile (4)
[2017.04.24-00.13.38:308][139]LogModuleManager: Shutting down and abandoning module StreamingFile (3)
[2017.04.24-00.13.38:316][139]LogModuleManager: Shutting down and abandoning module SandboxFile (2)
[2017.04.24-00.13.38:330][139]LogModuleManager: Shutting down and abandoning module PakFile (1)
[2017.04.24-00.13.38:445][139]LogExit: Exiting.
[2017.04.24-00.13.38:463][139]Log file closed, 04/23/17 20:13:38
