Log file open, 03/15/17 14:11:34
LogInit:Display: Running engine for game: Cursed_Blade
LogPlatformFile: Not using cached read wrapper
LogInit:Display: RandInit(-1709798601) SRandInit(-1709798601).
LogTaskGraph: Started task graph with 5 named threads and 6 total threads with 1 sets of task threads.
LogStats: Stats thread started at 0.062994
LogPluginManager: Loaded Plugin Paper2D, From C:/Program Files/Epic Games/UE_4.14/Engine/Plugins/2D/Paper2D/Paper2D.uplugin
LogPluginManager: Loaded Plugin LightPropagationVolume, From C:/Program Files/Epic Games/UE_4.14/Engine/Plugins/Blendables/LightPropagationVolume/LightPropagationVolume.uplugin
LogPluginManager: Loaded Plugin BlankPlugin, From C:/Program Files/Epic Games/UE_4.14/Engine/Plugins/Developer/BlankPlugin/BlankPlugin.uplugin
LogPluginManager: Loaded Plugin CodeLiteSourceCodeAccess, From C:/Program Files/Epic Games/UE_4.14/Engine/Plugins/Developer/CodeLiteSourceCodeAccess/CodeLiteSourceCodeAccess.uplugin
LogPluginManager: Loaded Plugin GitSourceControl, From C:/Program Files/Epic Games/UE_4.14/Engine/Plugins/Developer/GitSourceControl/GitSourceControl.uplugin
LogPluginManager: Loaded Plugin KDevelopSourceCodeAccess, From C:/Program Files/Epic Games/UE_4.14/Engine/Plugins/Developer/KDevelopSourceCodeAccess/KDevelopSourceCodeAccess.uplugin
LogPluginManager: Loaded Plugin NullSourceCodeAccess, From C:/Program Files/Epic Games/UE_4.14/Engine/Plugins/Developer/NullSourceCodeAccess/NullSourceCodeAccess.uplugin
LogPluginManager: Loaded Plugin OneSkyLocalizationService, From C:/Program Files/Epic Games/UE_4.14/Engine/Plugins/Developer/OneSkyLocalizationService/OneSkyLocalizationService.uplugin
LogPluginManager: Loaded Plugin PerforceSourceControl, From C:/Program Files/Epic Games/UE_4.14/Engine/Plugins/Developer/PerforceSourceControl/PerforceSourceControl.uplugin
LogPluginManager: Loaded Plugin SubversionSourceControl, From C:/Program Files/Epic Games/UE_4.14/Engine/Plugins/Developer/SubversionSourceControl/SubversionSourceControl.uplugin
LogPluginManager: Loaded Plugin UObjectPlugin, From C:/Program Files/Epic Games/UE_4.14/Engine/Plugins/Developer/UObjectPlugin/UObjectPlugin.uplugin
LogPluginManager: Loaded Plugin VisualStudioSourceCodeAccess, From C:/Program Files/Epic Games/UE_4.14/Engine/Plugins/Developer/VisualStudioSourceCodeAccess/VisualStudioSourceCodeAccess.uplugin
LogPluginManager: Loaded Plugin XCodeSourceCodeAccess, From C:/Program Files/Epic Games/UE_4.14/Engine/Plugins/Developer/XCodeSourceCodeAccess/XCodeSourceCodeAccess.uplugin
LogPluginManager: Loaded Plugin AudioCapture, From C:/Program Files/Epic Games/UE_4.14/Engine/Plugins/Editor/AudioCapture/AudioCapture.uplugin
LogPluginManager: Loaded Plugin EpicSurvey, From C:/Program Files/Epic Games/UE_4.14/Engine/Plugins/Editor/EpicSurvey/EpicSurvey.uplugin
LogPluginManager: Loaded Plugin MacGraphicsSwitching, From C:/Program Files/Epic Games/UE_4.14/Engine/Plugins/Editor/MacGraphicsSwitching/MacGraphicsSwitching.uplugin
LogPluginManager: Loaded Plugin MobileLauncherProfileWizard, From C:/Program Files/Epic Games/UE_4.14/Engine/Plugins/Editor/MobileLauncherProfileWizard/MobileLauncherProfileWizard.uplugin
LogPluginManager: Loaded Plugin PluginBrowser, From C:/Program Files/Epic Games/UE_4.14/Engine/Plugins/Editor/PluginBrowser/PluginBrowser.uplugin
LogPluginManager: Loaded Plugin SpeedTreeImporter, From C:/Program Files/Epic Games/UE_4.14/Engine/Plugins/Editor/SpeedTreeImporter/SpeedTreeImporter.uplugin
LogPluginManager: Loaded Plugin SuperSearchEditor, From C:/Program Files/Epic Games/UE_4.14/Engine/Plugins/Editor/SuperSearchEditor/SuperSearchEditor.uplugin
LogPluginManager: Loaded Plugin AlembicImporter, From C:/Program Files/Epic Games/UE_4.14/Engine/Plugins/Experimental/AlembicImporter/AlembicImporter.uplugin
LogPluginManager: Loaded Plugin BlueprintStats, From C:/Program Files/Epic Games/UE_4.14/Engine/Plugins/Experimental/BlueprintStats/BlueprintStats.uplugin
LogPluginManager: Loaded Plugin CharacterAI, From C:/Program Files/Epic Games/UE_4.14/Engine/Plugins/Experimental/CharacterAI/CharacterAI.uplugin
LogPluginManager: Loaded Plugin CodeEditor, From C:/Program Files/Epic Games/UE_4.14/Engine/Plugins/Experimental/CodeEditor/CodeEditor.uplugin
LogPluginManager: Loaded Plugin CodeView, From C:/Program Files/Epic Games/UE_4.14/Engine/Plugins/Experimental/CodeView/CodeView.uplugin
LogPluginManager: Loaded Plugin HTML5Networking, From C:/Program Files/Epic Games/UE_4.14/Engine/Plugins/Experimental/HTML5Networking/HTML5Networking.uplugin
LogPluginManager: Loaded Plugin OSVR, From C:/Program Files/Epic Games/UE_4.14/Engine/Plugins/Experimental/OSVR/OSVR.uplugin
LogPluginManager: Loaded Plugin Phya, From C:/Program Files/Epic Games/UE_4.14/Engine/Plugins/Experimental/Phya/Phya.uplugin
LogPluginManager: Loaded Plugin SignificanceManager, From C:/Program Files/Epic Games/UE_4.14/Engine/Plugins/Experimental/SignificanceManager/SignificanceManager.uplugin
LogPluginManager: Loaded Plugin SimpleHMD, From C:/Program Files/Epic Games/UE_4.14/Engine/Plugins/Experimental/SimpleHMD/SimpleHMD.uplugin
LogPluginManager: Loaded Plugin StereoPanorama, From C:/Program Files/Epic Games/UE_4.14/Engine/Plugins/Experimental/StereoPanorama/StereoPanorama.uplugin
LogPluginManager: Loaded Plugin StructBox, From C:/Program Files/Epic Games/UE_4.14/Engine/Plugins/Experimental/StructBox/StructBox.uplugin
LogPluginManager: Loaded Plugin AndroidMedia, From C:/Program Files/Epic Games/UE_4.14/Engine/Plugins/Media/AndroidMedia/AndroidMedia.uplugin
LogPluginManager: Loaded Plugin AvfMedia, From C:/Program Files/Epic Games/UE_4.14/Engine/Plugins/Media/AvfMedia/AvfMedia.uplugin
LogPluginManager: Loaded Plugin MediaPlayerEditor, From C:/Program Files/Epic Games/UE_4.14/Engine/Plugins/Media/MediaPlayerEditor/MediaPlayerEditor.uplugin
LogPluginManager: Loaded Plugin WmfMedia, From C:/Program Files/Epic Games/UE_4.14/Engine/Plugins/Media/WmfMedia/WmfMedia.uplugin
LogPluginManager: Loaded Plugin MessagingDebugger, From C:/Program Files/Epic Games/UE_4.14/Engine/Plugins/Messaging/MessagingDebugger/MessagingDebugger.uplugin
LogPluginManager: Loaded Plugin TcpMessaging, From C:/Program Files/Epic Games/UE_4.14/Engine/Plugins/Messaging/TcpMessaging/TcpMessaging.uplugin
LogPluginManager: Loaded Plugin UdpMessaging, From C:/Program Files/Epic Games/UE_4.14/Engine/Plugins/Messaging/UdpMessaging/UdpMessaging.uplugin
LogPluginManager: Loaded Plugin LevelSequenceEditor, From C:/Program Files/Epic Games/UE_4.14/Engine/Plugins/MovieScene/LevelSequenceEditor/LevelSequenceEditor.uplugin
LogPluginManager: Loaded Plugin MatineeToLevelSequence, From C:/Program Files/Epic Games/UE_4.14/Engine/Plugins/MovieScene/MatineeToLevelSequence/MatineeToLevelSequence.uplugin
LogPluginManager: Loaded Plugin NetcodeUnitTest, From C:/Program Files/Epic Games/UE_4.14/Engine/Plugins/NetcodeUnitTest/NetcodeUnitTest/NetcodeUnitTest.uplugin
LogPluginManager: Loaded Plugin NUTUnrealEngine4, From C:/Program Files/Epic Games/UE_4.14/Engine/Plugins/NetcodeUnitTest/NUTUnrealEngine4/NUTUnrealEngine4.uplugin
LogPluginManager: Loaded Plugin OnlineSubsystemGameCircle, From C:/Program Files/Epic Games/UE_4.14/Engine/Plugins/Online/Android/OnlineSubsystemGameCircle/OnlineSubsystemGameCircle.uplugin
LogPluginManager: Loaded Plugin OnlineSubsystemGooglePlay, From C:/Program Files/Epic Games/UE_4.14/Engine/Plugins/Online/Android/OnlineSubsystemGooglePlay/OnlineSubsystemGooglePlay.uplugin
LogPluginManager: Loaded Plugin OnlineSubsystemIOS, From C:/Program Files/Epic Games/UE_4.14/Engine/Plugins/Online/IOS/OnlineSubsystemIOS/OnlineSubsystemIOS.uplugin
LogPluginManager: Loaded Plugin OnlineFramework, From C:/Program Files/Epic Games/UE_4.14/Engine/Plugins/Online/OnlineFramework/OnlineFramework.uplugin
LogPluginManager: Loaded Plugin OnlineSubsystem, From C:/Program Files/Epic Games/UE_4.14/Engine/Plugins/Online/OnlineSubsystem/OnlineSubsystem.uplugin
LogPluginManager: Loaded Plugin OnlineSubsystemAmazon, From C:/Program Files/Epic Games/UE_4.14/Engine/Plugins/Online/OnlineSubsystemAmazon/OnlineSubsystemAmazon.uplugin
LogPluginManager: Loaded Plugin OnlineSubsystemFacebook, From C:/Program Files/Epic Games/UE_4.14/Engine/Plugins/Online/OnlineSubsystemFacebook/OnlineSubsystemFacebook.uplugin
LogPluginManager: Loaded Plugin OnlineSubsystemNull, From C:/Program Files/Epic Games/UE_4.14/Engine/Plugins/Online/OnlineSubsystemNull/OnlineSubsystemNull.uplugin
LogPluginManager: Loaded Plugin OnlineSubsystemOculus, From C:/Program Files/Epic Games/UE_4.14/Engine/Plugins/Online/OnlineSubsystemOculus/OnlineSubsystemOculus.uplugin
LogPluginManager: Loaded Plugin OnlineSubsystemSteam, From C:/Program Files/Epic Games/UE_4.14/Engine/Plugins/Online/OnlineSubsystemSteam/OnlineSubsystemSteam.uplugin
LogPluginManager: Loaded Plugin OnlineSubsystemUtils, From C:/Program Files/Epic Games/UE_4.14/Engine/Plugins/Online/OnlineSubsystemUtils/OnlineSubsystemUtils.uplugin
LogPluginManager: Loaded Plugin IOSTapJoy, From C:/Program Files/Epic Games/UE_4.14/Engine/Plugins/Runtime/Advertising/IOSTapJoy/IOSTapJoy.uplugin
LogPluginManager: Loaded Plugin AnalyticsBlueprintLibrary, From C:/Program Files/Epic Games/UE_4.14/Engine/Plugins/Runtime/Analytics/AnalyticsBlueprintLibrary/AnalyticsBlueprintLibrary.uplugin
LogPluginManager: Loaded Plugin AnalyticsMulticast, From C:/Program Files/Epic Games/UE_4.14/Engine/Plugins/Runtime/Analytics/AnalyticsMulticast/AnalyticsMulticast.uplugin
LogPluginManager: Loaded Plugin Apsalar, From C:/Program Files/Epic Games/UE_4.14/Engine/Plugins/Runtime/Analytics/Apsalar/Apsalar.uplugin
LogPluginManager: Loaded Plugin FileLogging, From C:/Program Files/Epic Games/UE_4.14/Engine/Plugins/Runtime/Analytics/FileLogging/FileLogging.uplugin
LogPluginManager: Loaded Plugin Flurry, From C:/Program Files/Epic Games/UE_4.14/Engine/Plugins/Runtime/Analytics/Flurry/Flurry.uplugin
LogPluginManager: Loaded Plugin AndroidDeviceProfileSelector, From C:/Program Files/Epic Games/UE_4.14/Engine/Plugins/Runtime/AndroidDeviceProfileSelector/AndroidDeviceProfileSelector.uplugin
LogPluginManager: Loaded Plugin AndroidMoviePlayer, From C:/Program Files/Epic Games/UE_4.14/Engine/Plugins/Runtime/AndroidMoviePlayer/AndroidMoviePlayer.uplugin
LogPluginManager: Loaded Plugin AppleMoviePlayer, From C:/Program Files/Epic Games/UE_4.14/Engine/Plugins/Runtime/AppleMoviePlayer/AppleMoviePlayer.uplugin
LogPluginManager: Loaded Plugin ArchVisCharacter, From C:/Program Files/Epic Games/UE_4.14/Engine/Plugins/Runtime/ArchVisCharacter/ArchVisCharacter.uplugin
LogPluginManager: Loaded Plugin CableComponent, From C:/Program Files/Epic Games/UE_4.14/Engine/Plugins/Runtime/CableComponent/CableComponent.uplugin
LogPluginManager: Loaded Plugin CustomMeshComponent, From C:/Program Files/Epic Games/UE_4.14/Engine/Plugins/Runtime/CustomMeshComponent/CustomMeshComponent.uplugin
LogPluginManager: Loaded Plugin ExampleDeviceProfileSelector, From C:/Program Files/Epic Games/UE_4.14/Engine/Plugins/Runtime/ExampleDeviceProfileSelector/ExampleDeviceProfileSelector.uplugin
LogPluginManager: Loaded Plugin GearVR, From C:/Program Files/Epic Games/UE_4.14/Engine/Plugins/Runtime/GearVR/GearVR.uplugin
LogPluginManager: Loaded Plugin GoogleVRController, From C:/Program Files/Epic Games/UE_4.14/Engine/Plugins/Runtime/GoogleVR/GoogleVRController/GoogleVRController.uplugin
LogPluginManager: Loaded Plugin GoogleVRHMD, From C:/Program Files/Epic Games/UE_4.14/Engine/Plugins/Runtime/GoogleVR/GoogleVRHMD/GoogleVRHMD.uplugin
LogPluginManager: Loaded Plugin IOSDeviceProfileSelector, From C:/Program Files/Epic Games/UE_4.14/Engine/Plugins/Runtime/IOSDeviceProfileSelector/IOSDeviceProfileSelector.uplugin
LogPluginManager: Loaded Plugin LeapMotion, From C:/Program Files/Epic Games/UE_4.14/Engine/Plugins/Runtime/LeapMotion/LeapMotion.uplugin
LogPluginManager: Loaded Plugin LinuxDeviceProfileSelector, From C:/Program Files/Epic Games/UE_4.14/Engine/Plugins/Runtime/LinuxDeviceProfileSelector/LinuxDeviceProfileSelector.uplugin
LogPluginManager: Loaded Plugin MIDIDevice, From C:/Program Files/Epic Games/UE_4.14/Engine/Plugins/Runtime/MIDIDevice/MIDIDevice.uplugin
LogPluginManager: Loaded Plugin MobilePatchingUtils, From C:/Program Files/Epic Games/UE_4.14/Engine/Plugins/Runtime/MobilePatchingUtils/MobilePatchingUtils.uplugin
LogPluginManager: Loaded Plugin Ansel, From C:/Program Files/Epic Games/UE_4.14/Engine/Plugins/Runtime/Nvidia/Ansel/Ansel.uplugin
LogPluginManager: Loaded Plugin OculusAudio, From C:/Program Files/Epic Games/UE_4.14/Engine/Plugins/Runtime/OculusAudio/OculusAudio.uplugin
LogPluginManager: Loaded Plugin OculusInput, From C:/Program Files/Epic Games/UE_4.14/Engine/Plugins/Runtime/OculusInput/OculusInput.uplugin
LogPluginManager: Loaded Plugin OculusLibrary, From C:/Program Files/Epic Games/UE_4.14/Engine/Plugins/Runtime/OculusLibrary/OculusLibrary.uplugin
LogPluginManager: Loaded Plugin OculusRift, From C:/Program Files/Epic Games/UE_4.14/Engine/Plugins/Runtime/OculusRift/OculusRift.uplugin
LogPluginManager: Loaded Plugin Oodle, From C:/Program Files/Epic Games/UE_4.14/Engine/Plugins/Runtime/PacketHandlers/CompressionComponents/Oodle/Oodle.uplugin
LogPluginManager: Loaded Plugin ProceduralMeshComponent, From C:/Program Files/Epic Games/UE_4.14/Engine/Plugins/Runtime/ProceduralMeshComponent/ProceduralMeshComponent.uplugin
LogPluginManager: Loaded Plugin SoundMod, From C:/Program Files/Epic Games/UE_4.14/Engine/Plugins/Runtime/SoundMod/SoundMod.uplugin
LogPluginManager: Loaded Plugin SoundVisualizations, From C:/Program Files/Epic Games/UE_4.14/Engine/Plugins/Runtime/SoundVisualizations/SoundVisualizations.uplugin
LogPluginManager: Loaded Plugin SteamController, From C:/Program Files/Epic Games/UE_4.14/Engine/Plugins/Runtime/Steam/SteamController/SteamController.uplugin
LogPluginManager: Loaded Plugin SteamVR, From C:/Program Files/Epic Games/UE_4.14/Engine/Plugins/Runtime/Steam/SteamVR/SteamVR.uplugin
LogPluginManager: Loaded Plugin WebBrowserWidget, From C:/Program Files/Epic Games/UE_4.14/Engine/Plugins/Runtime/WebBrowserWidget/WebBrowserWidget.uplugin
LogPluginManager: Loaded Plugin WindowsDeviceProfileSelector, From C:/Program Files/Epic Games/UE_4.14/Engine/Plugins/Runtime/WindowsDeviceProfileSelector/WindowsDeviceProfileSelector.uplugin
LogPluginManager: Loaded Plugin WindowsMoviePlayer, From C:/Program Files/Epic Games/UE_4.14/Engine/Plugins/Runtime/WindowsMoviePlayer/WindowsMoviePlayer.uplugin
LogPluginManager: Loaded Plugin ScriptPlugin, From C:/Program Files/Epic Games/UE_4.14/Engine/Plugins/ScriptPlugin/ScriptPlugin.uplugin
LogPluginManager: Loaded Plugin SlateRemote, From C:/Program Files/Epic Games/UE_4.14/Engine/Plugins/Slate/SlateRemote/SlateRemote.uplugin
LogPluginManager: Loaded Plugin EditorTests, From C:/Program Files/Epic Games/UE_4.14/Engine/Plugins/Tests/EditorTests/EditorTests.uplugin
LogPluginManager: Loaded Plugin FbxAutomationTestBuilder, From C:/Program Files/Epic Games/UE_4.14/Engine/Plugins/Tests/FbxAutomationTestBuilder/FbxAutomationTestBuilder.uplugin
LogPluginManager: Loaded Plugin FunctionalTestingEditor, From C:/Program Files/Epic Games/UE_4.14/Engine/Plugins/Tests/FunctionalTestingEditor/FunctionalTestingEditor.uplugin
LogPluginManager: Loaded Plugin RuntimeTests, From C:/Program Files/Epic Games/UE_4.14/Engine/Plugins/Tests/RuntimeTests/RuntimeTests.uplugin
LogPluginManager: Loaded Plugin ScreenshotTools, From C:/Program Files/Epic Games/UE_4.14/Engine/Plugins/Tests/ScreenshotTools/ScreenshotTools.uplugin
LogInit: Using libcurl 7.47.1
LogInit:  - built for x86_64-pc-win32
LogInit:  - supports SSL with OpenSSL/1.0.2g
LogInit:  - supports HTTP deflate (compression) using libz 1.2.8
LogInit:  - other features:
LogInit:      CURL_VERSION_SSL
LogInit:      CURL_VERSION_LIBZ
LogInit:      CURL_VERSION_IPV6
LogInit:      CURL_VERSION_ASYNCHDNS
LogInit:      CURL_VERSION_LARGEFILE
LogInit:      CURL_VERSION_IDN
LogInit:  CurlRequestOptions (configurable via config and command line):
LogInit:  - bVerifyPeer = false  - Libcurl will NOT verify peer certificate
LogInit:  - bUseHttpProxy = false  - Libcurl will NOT use HTTP proxy
LogInit:  - bDontReuseConnections = false  - Libcurl will reuse connections
LogInit:  - CertBundlePath = nullptr  - Libcurl will use whatever was configured at build time.
LogInit: Build: ++UE4+Release-4.14-CL-3249277
LogInit: Engine Version: 4.14.3-3249277+++UE4+Release-4.14
LogInit: Compatible Engine Version: 4.14.0-3195953+++UE4+Release-4.14
LogInit: Net CL: 3195953
LogDevObjectVersion: Number of dev versions registered: 13
LogDevObjectVersion:   Dev-Blueprints (B0D832E4-1F89-4F0D-ACCF-7EB736FD4AA2): 7
LogDevObjectVersion:   Dev-Build (E1C64328-A22C-4D53-A36C-8E866417BD8C): 0
LogDevObjectVersion:   Dev-Core (375EC13C-06E4-48FB-B500-84F0262A717E): 1
LogDevObjectVersion:   Dev-Editor (E4B068ED-F494-42E9-A231-DA0B2E46BB41): 8
LogDevObjectVersion:   Dev-Framework (CFFC743F-43B0-4480-9391-14DF171D2073): 17
LogDevObjectVersion:   Dev-Mobile (B02B49B5-BB20-44E9-A304-32B752E40360): 0
LogDevObjectVersion:   Dev-Networking (A4E4105C-59A1-49B5-A7C5-40C4547EDFEE): 0
LogDevObjectVersion:   Dev-Online (39C831C9-5AE6-47DC-9A44-9C173E1C8E7C): 0
LogDevObjectVersion:   Dev-Physics (78F01B33-EBEA-4F98-B9B4-84EACCB95AA2): 0
LogDevObjectVersion:   Dev-Platform (6631380F-2D4D-43E0-8009-CF276956A95A): 0
LogDevObjectVersion:   Dev-Rendering (12F88B9F-8875-4AFC-A67C-D90C383ABD29): 12
LogDevObjectVersion:   Dev-Sequencer (7B5AE74C-D270-4C10-A958-57980B212A5A): 1
LogDevObjectVersion:   Dev-VR (D7296918-1DD6-4BDD-9DE2-64A83CC13884): 0
LogInit: Compiled (64-bit): Jan  6 2017 10:49:43
LogInit: Compiled with Visual C++: 19.00.23026.00
LogInit: Build Configuration: Development
LogInit: Branch Name: ++UE4+Release-4.14
LogInit: Command line: 
LogInit: Base directory: C:/Program Files/Epic Games/UE_4.14/Engine/Binaries/Win64/
LogInit: Installed Engine Build: 1
LogInit: Presizing for max 8388607 objects, including 0 objects not considered by GC, pre-allocating 0 bytes for permanent pool.
LogInit: Object subsystem initialized
[2017.03.15-18.11.34:499][  0]LogInit: Selected Device Profile: [Windows]
[2017.03.15-18.11.34:499][  0]LogInit: Applying CVar settings loaded from the selected device profile: [Windows]
[2017.03.15-18.11.34:508][  0]LogInit: Computer: STEVEN-LAPTOP
[2017.03.15-18.11.34:508][  0]LogInit: User: Steven
[2017.03.15-18.11.34:508][  0]LogInit: CPU Page size=65536, Cores=2
[2017.03.15-18.11.34:508][  0]LogInit: High frequency timer resolution =2.648434 MHz
[2017.03.15-18.11.34:508][  0]LogMemory: Memory total: Physical=7.9GB (8GB approx)
[2017.03.15-18.11.34:508][  0]LogMemory: Platform Memory Stats for Windows
[2017.03.15-18.11.34:508][  0]LogMemory: Process Physical Memory: 263.93 MB used, 263.93 MB peak
[2017.03.15-18.11.34:508][  0]LogMemory: Process Virtual Memory: 262.51 MB used, 262.51 MB peak
[2017.03.15-18.11.34:508][  0]LogMemory: Physical Memory: 4633.75 MB used,  3426.38 MB free, 8060.13 MB total
[2017.03.15-18.11.34:508][  0]LogMemory: Virtual Memory: 660.37 MB used,  3426.38 MB free, 134217728.00 MB total
[2017.03.15-18.11.34:541][  0]LogTextLocalizationManager: No specific translations for ('en-US') exist, so ('en') translations will be used.
[2017.03.15-18.11.35:390][  0]LogD3D11RHI: D3D11 adapters:
[2017.03.15-18.11.35:435][  0]LogD3D11RHI:    0. 'NVIDIA GeForce 940MX' (Feature Level 11_0)
[2017.03.15-18.11.35:435][  0]LogD3D11RHI:       2019/0/4030 MB DedicatedVideo/DedicatedSystem/SharedSystem, Outputs:1, VendorId:0x10de
[2017.03.15-18.11.35:447][  0]LogD3D11RHI:    1. 'Intel(R) HD Graphics 620' (Feature Level 11_0)
[2017.03.15-18.11.35:447][  0]LogD3D11RHI:       128/0/4030 MB DedicatedVideo/DedicatedSystem/SharedSystem, Outputs:0, VendorId:0x8086
[2017.03.15-18.11.35:451][  0]LogD3D11RHI:    2. 'Microsoft Basic Render Driver' (Feature Level 11_0)
[2017.03.15-18.11.35:451][  0]LogD3D11RHI:       0/0/4030 MB DedicatedVideo/DedicatedSystem/SharedSystem, Outputs:0, VendorId:0x1414
[2017.03.15-18.11.35:451][  0]LogD3D11RHI: Chosen D3D11 Adapter: 0
[2017.03.15-18.11.35:459][  0]LogD3D11RHI: Creating new Direct3DDevice
[2017.03.15-18.11.35:459][  0]LogD3D11RHI:     GPU DeviceId: 0x179c (for the marketing name, search the web for "GPU Device Id")
[2017.03.15-18.11.35:459][  0]LogWindows: EnumDisplayDevices:
[2017.03.15-18.11.35:460][  0]LogWindows:    0. 'Intel(R) HD Graphics 620' (P:1 D:1)
[2017.03.15-18.11.35:460][  0]LogWindows:    1. 'Intel(R) HD Graphics 620' (P:0 D:0)
[2017.03.15-18.11.35:461][  0]LogWindows:    2. 'Intel(R) HD Graphics 620' (P:0 D:0)
[2017.03.15-18.11.35:461][  0]LogWindows: DebugString: PrimaryIsNotTheChoosenAdapter PrimaryIsNotTheChoosenAdapter PrimaryIsNotTheChoosenAdapter FoundDriverCount:0 
[2017.03.15-18.11.35:461][  0]LogD3D11RHI:     Adapter Name: NVIDIA GeForce 940MX
[2017.03.15-18.11.35:461][  0]LogD3D11RHI:   Driver Version: Unknown (internal:Unknown, unified:Unknown)
[2017.03.15-18.11.35:461][  0]LogD3D11RHI:      Driver Date: Unknown
[2017.03.15-18.11.35:461][  0]LogRHI: Texture pool is 1361 MB (70% of 1945 MB)
[2017.03.15-18.11.35:480][  0]LogD3D11RHI: Async texture creation enabled
[2017.03.15-18.11.35:495][  0]LogD3D11RHI: GPU Timing Frequency: 1000.000000 (Debug: 2 1)
[2017.03.15-18.11.35:496][  0]LogShaderCompilers: Guid format shader working directory is -41 characters bigger than the processId version (D:/Steven/OneDrive - umich.edu/CIS/CIS 488/Github Repository/TheCursedBlade/Cursed_Blade/Intermediate/Shaders/WorkingDirectory/5912/).
[2017.03.15-18.11.35:496][  0]LogShaderCompilers: Cleaned the shader compiler working directory 'C:/Users/Steven/AppData/Local/Temp/UnrealShaderWorkingDir/20AB423C45E5E39E20387396E8455AAB/'.
[2017.03.15-18.11.35:496][  0]LogShaderCompilers:Display: Using Local Shader Compiler.
[2017.03.15-18.11.36:903][  0]LogTemp:Display: Loaded TP AllDesktopTargetPlatform
[2017.03.15-18.11.36:974][  0]LogTemp:Display: Loaded TP MacClientTargetPlatform
[2017.03.15-18.11.37:058][  0]LogTemp:Display: Loaded TP MacNoEditorTargetPlatform
[2017.03.15-18.11.37:151][  0]LogTemp:Display: Loaded TP MacServerTargetPlatform
[2017.03.15-18.11.37:250][  0]LogTemp:Display: Loaded TP MacTargetPlatform
[2017.03.15-18.11.37:351][  0]LogTemp:Display: Loaded TP WindowsClientTargetPlatform
[2017.03.15-18.11.37:446][  0]LogTemp:Display: Loaded TP WindowsNoEditorTargetPlatform
[2017.03.15-18.11.37:529][  0]LogTemp:Display: Loaded TP WindowsServerTargetPlatform
[2017.03.15-18.11.37:608][  0]LogTemp:Display: Loaded TP WindowsTargetPlatform
[2017.03.15-18.11.37:687][  0]LogTemp:Display: Loaded TP AndroidTargetPlatform
[2017.03.15-18.11.37:768][  0]LogTemp:Display: Loaded TP Android_ASTCTargetPlatform
[2017.03.15-18.11.37:846][  0]LogTemp:Display: Loaded TP Android_ATCTargetPlatform
[2017.03.15-18.11.37:926][  0]LogTemp:Display: Loaded TP Android_DXTTargetPlatform
[2017.03.15-18.11.38:003][  0]LogTemp:Display: Loaded TP Android_ETC1TargetPlatform
[2017.03.15-18.11.38:070][  0]LogTemp:Display: Loaded TP Android_ETC2TargetPlatform
[2017.03.15-18.11.38:233][  0]LogTemp:Display: Loaded TP Android_MultiTargetPlatform
[2017.03.15-18.11.38:233][  0]LogTemp:Display: Loaded TP Android_PVRTCTargetPlatform
[2017.03.15-18.11.38:284][  0]LogTemp:Display: Loaded TP HTML5TargetPlatform
[2017.03.15-18.11.38:416][  0]LogTemp:Display: Loaded TP IOSTargetPlatform
[2017.03.15-18.11.38:461][  0]LogTemp:Display: Loaded TP TVOSTargetPlatform
[2017.03.15-18.11.38:527][  0]LogTemp:Display: Loaded TP LinuxClientTargetPlatform
[2017.03.15-18.11.38:594][  0]LogTemp:Display: Loaded TP LinuxNoEditorTargetPlatform
[2017.03.15-18.11.38:665][  0]LogTemp:Display: Loaded TP LinuxServerTargetPlatform
[2017.03.15-18.11.38:734][  0]LogTemp:Display: Loaded TP LinuxTargetPlatform
[2017.03.15-18.11.38:734][  0]LogTargetPlatformManager:Display: Building Assets For Windows
[2017.03.15-18.11.39:222][  0]LogDerivedDataCache:Display: Max Cache Size: 512 MB
[2017.03.15-18.11.39:284][  0]LogDerivedDataCache: Loaded boot cache 0.06s 50MB C:/Users/Steven/AppData/Local/UnrealEngine/4.14/DerivedDataCache/Boot.ddc.
[2017.03.15-18.11.39:284][  0]LogDerivedDataCache:Display: Loaded Boot cache: C:/Users/Steven/AppData/Local/UnrealEngine/4.14/DerivedDataCache/Boot.ddc
[2017.03.15-18.11.39:284][  0]LogDerivedDataCache: FDerivedDataBackendGraph:  Pak pak cache file D:/Steven/OneDrive - umich.edu/CIS/CIS 488/Github Repository/TheCursedBlade/Cursed_Blade/DerivedDataCache/DDC.ddp not found, will not use a pak cache.
[2017.03.15-18.11.39:284][  0]LogDerivedDataCache: Unable to find inner node Pak for hierarchical cache Hierarchy.
[2017.03.15-18.11.39:284][  0]LogDerivedDataCache: FDerivedDataBackendGraph:  CompressedPak pak cache file D:/Steven/OneDrive - umich.edu/CIS/CIS 488/Github Repository/TheCursedBlade/Cursed_Blade/DerivedDataCache/Compressed.ddp not found, will not use a pak cache.
[2017.03.15-18.11.39:284][  0]LogDerivedDataCache: Unable to find inner node CompressedPak for hierarchical cache Hierarchy.
[2017.03.15-18.11.39:302][  0]LogDerivedDataCache:Display: Pak cache opened for reading ../../../Engine/DerivedDataCache/Compressed.ddp.
[2017.03.15-18.11.39:314][  0]LogDerivedDataCache: Using Local data cache path C:/Users/Steven/AppData/Local/UnrealEngine/Common/DerivedDataCache: Writable
[2017.03.15-18.11.39:557][  0]LogInit: Selected Device Profile: [Windows]
[2017.03.15-18.11.39:559][  0]LogContentStreaming: Texture pool size is 0.00 MB
[2017.03.15-18.11.39:818][  0]LogMeshUtilities: Using QuadricMeshReduction for automatic static mesh reduction
[2017.03.15-18.11.39:879][  0]LogSimplygon: Simplygon DLL not present - disabling.
[2017.03.15-18.11.39:943][  0]LogMeshUtilities: Using SimplygonSwarm for distributed automatic mesh merging
[2017.03.15-18.11.39:943][  0]LogMeshUtilities: No automatic skeletal mesh reduction module available
[2017.03.15-18.11.39:943][  0]LogMeshUtilities: No automatic mesh merging module available
[2017.03.15-18.11.40:593][  0]LogNetVersion: GetLocalNetworkVersion: CL: 3195953, ProjectName: cursed_blade, ProjectVersion: , EngineNetworkVersion: 2, GameNetworkVersion: 0, NetworkChecksum: 3550933385
[2017.03.15-18.11.40:660][  0]LogAssetRegistry: FAssetRegistry took 0.0221 seconds to start up
[2017.03.15-18.11.40:727][  0]LogPackageLocalizationCache: Processed 3 localized package path(s) for 2 prioritized culture(s) in 0.031052 seconds
[2017.03.15-18.11.40:736][  0]LogUObjectArray: 31946 objects as part of root set at end of initial load.
[2017.03.15-18.11.40:736][  0]LogUObjectAllocator: 6935848 out of 0 bytes used by permanent object pool.
[2017.03.15-18.11.40:736][  0]LogUObjectArray: CloseDisregardForGC: 0/0 objects in disregard for GC pool
[2017.03.15-18.11.40:835][  0]LogInit: WinSock: version 1.1 (2.2), MaxSocks=32767, MaxUdp=65467
[2017.03.15-18.11.42:037][  0]LogSlate: Using Freetype 2.6.0
[2017.03.15-18.11.42:038][  0]LogSlate: SlateFontCache - WITH_FREETYPE: 1, WITH_HARFBUZZ: 1
[2017.03.15-18.11.42:038][  0]LogSlate: SlateFontCache - WITH_FREETYPE: 1, WITH_HARFBUZZ: 1
[2017.03.15-18.11.43:340][  0]LogTcpMessaging: Initializing TcpMessaging bridge
[2017.03.15-18.11.43:389][  0]LogUdpMessaging: Initializing bridge on interface 0.0.0.0:0 to multicast group 230.0.0.1:6666.
[2017.03.15-18.11.43:794][  0]LogMaterial: Uniform references updated for custom material expression Custom.
[2017.03.15-18.11.44:305][  0]SourceControl: Info Source control is disabled
[2017.03.15-18.11.44:306][  0]SourceControl: Info Source control is disabled
[2017.03.15-18.11.44:374][  0]SourceControl: Info Source control is disabled
[2017.03.15-18.11.44:447][  0]SourceControl: Info Source control is disabled
[2017.03.15-18.11.46:211][  0]LogEngine: Initializing Engine...
[2017.03.15-18.11.46:211][  0]LogHMD: Failed to initialize OpenVR with code 110
[2017.03.15-18.11.46:548][  0]LogAIModule: Creating AISystem for world Untitled
[2017.03.15-18.11.46:558][  0]LogInit: XAudio2 using 'Speakers (Realtek High Definition Audio)' : 2 channels at 48 kHz using 32 bits per sample (channel mask 0x3)
[2017.03.15-18.11.46:670][  0]LogInit: FAudioDevice initialized.
[2017.03.15-18.11.46:702][  0]LogDerivedDataCache: Saved boot cache 0.03s 50MB C:/Users/Steven/AppData/Local/UnrealEngine/4.14/DerivedDataCache/Boot.ddc.
[2017.03.15-18.11.46:710][  0]LogInit: Texture streaming: Enabled
[2017.03.15-18.11.46:965][  0]LogWindowsTextInputMethodSystem:Display: IME system now deactivated.
[2017.03.15-18.11.47:026][  0]LogInit: Transaction tracking system initialized
[2017.03.15-18.11.47:683][  0]BlueprintLog: New page: Editor Load
[2017.03.15-18.11.49:244][  0]LocalizationService: Info Localization service is disabled
[2017.03.15-18.11.50:193][  0]LogConsoleResponse:Display: 
[2017.03.15-18.11.50:406][  0]LogCook:Display: Max memory allowance for cook 16384mb min free memory 0mb
[2017.03.15-18.11.50:406][  0]LogCook:Display: Mobile HDR setting 1
[2017.03.15-18.11.50:524][  0]LogFileCache: Scanning file cache for directory 'D:/Steven/OneDrive - umich.edu/CIS/CIS 488/Github Repository/TheCursedBlade/Cursed_Blade/Content/' took 0.03s
[2017.03.15-18.11.51:840][  0]SourceControl: Info Source control is disabled
[2017.03.15-18.11.51:840][  0]Cmd: MAP LOAD FILE="D:/Steven/OneDrive - umich.edu/CIS/CIS 488/Github Repository/TheCursedBlade/Cursed_Blade/Content/Levels/MainMenuLevel.umap" TEMPLATE=0 SHOWPROGRESS=1 FEATURELEVEL=3
[2017.03.15-18.11.51:841][  0]LightingResults: New page: Lighting Build
[2017.03.15-18.11.51:903][  0]MapCheck: New page: Map Check
[2017.03.15-18.11.51:903][  0]LightingResults: New page: Lighting Build
[2017.03.15-18.11.52:513][  0]LogAIModule: Creating AISystem for world MainMenuLevel
[2017.03.15-18.11.52:526][  0]LogEditorServer: Finished looking for orphan Actors (0.000 secs)
[2017.03.15-18.11.52:527][  0]Cmd: MAP CHECKDEP NOCLEARLOG
[2017.03.15-18.11.52:652][  0]MapCheck: Info Map check complete: 0 Error(s), 0 Warning(s), took 125.284ms to complete.
[2017.03.15-18.11.52:652][  0]LogFileHelpers: Loading map 'MainMenuLevel' took 0.812
[2017.03.15-18.11.52:845][  0]LogCollectionManager: Loaded 0 collections in 0.003088 seconds
[2017.03.15-18.11.52:954][  0]LogFileCache: Scanning file cache for directory 'D:/Steven/OneDrive - umich.edu/CIS/CIS 488/Github Repository/TheCursedBlade/Cursed_Blade/Saved/Collections/' took 0.01s
[2017.03.15-18.11.52:954][  0]LogFileCache: Scanning file cache for directory 'D:/Steven/OneDrive - umich.edu/CIS/CIS 488/Github Repository/TheCursedBlade/Cursed_Blade/Content/Developers/Steven/Collections/' took 0.01s
[2017.03.15-18.11.52:954][  0]LogFileCache: Scanning file cache for directory 'D:/Steven/OneDrive - umich.edu/CIS/CIS 488/Github Repository/TheCursedBlade/Cursed_Blade/Content/Collections/' took 0.01s
[2017.03.15-18.11.52:954][  0]LogCollectionManager: Rebuilt the GUID cache for 0 collections in 0.000002 seconds
[2017.03.15-18.11.52:963][  0]LogContentBrowser: Native class hierarchy populated in 0.0084 seconds. Added 2190 classes and 428 folders.
[2017.03.15-18.11.53:021][  0]LogStats: UGameplayTagsManager::ConstructGameplayTagTree: Construct from data asset -  0.000 s
[2017.03.15-18.11.53:021][  0]LogStats: UGameplayTagsManager::ConstructGameplayTagTree: GameplayTagTreeChangedEvent.Broadcast -  0.000 s
[2017.03.15-18.11.53:022][  0]LogContentBrowser: Native class hierarchy updated for 'GameplayTags' in 0.0006 seconds. Added 13 classes and 0 folders.
[2017.03.15-18.11.53:104][  0]LogContentBrowser: Native class hierarchy updated for 'WidgetCarousel' in 0.0004 seconds. Added 0 classes and 0 folders.
[2017.03.15-18.11.53:237][  0]LogContentBrowser: Native class hierarchy updated for 'AddContentDialog' in 0.0005 seconds. Added 0 classes and 0 folders.
[2017.03.15-18.11.53:320][  0]LogContentBrowser: Native class hierarchy updated for 'SceneOutliner' in 0.0008 seconds. Added 1 classes and 2 folders.
[2017.03.15-18.11.53:366][  0]LogCrashTracker: Crashtracker disabled due to settings.
[2017.03.15-18.11.53:373][  0]LogUObjectGlobals:Warning: Failed to find object 'Class None.'
[2017.03.15-18.11.53:458][  0]LogContentBrowser: Native class hierarchy updated for 'HierarchicalLODOutliner' in 0.0005 seconds. Added 1 classes and 2 folders.
[2017.03.15-18.11.53:458][  0]LogLoad: (Engine Initialization) Total time: 20.78 seconds
[2017.03.15-18.11.53:458][  0]LogLoad: (Engine Initialization) Total Blueprint compile time: 0.24 seconds
[2017.03.15-18.11.53:459][  0]LogExternalProfiler: Found external profiler: VSPerf
[2017.03.15-18.11.53:459][  0]LogExternalProfiler: Using external profiler: VSPerf
[2017.03.15-18.11.53:798][  0]LogOcInput: OculusInput pre-init called
[2017.03.15-18.11.53:817][  0]LogContentStreaming: Texture pool size now 1000 MB
[2017.03.15-18.11.53:975][  0]LogRenderer: Reallocating scene render targets to support 964x436 NumSamples 1 (Frame:2).
[2017.03.15-18.11.54:498][  2]LogAssetRegistry: Asset discovery search completed in 13.8599 seconds
[2017.03.15-18.11.54:498][  2]LogCollectionManager: Rebuilt the object cache for 0 collections in 0.000000 seconds (found 0 objects)
[2017.03.15-18.11.54:498][  2]LogCollectionManager: Fixed up redirectors for 0 collections in 0.000018 seconds (updated 0 objects)
[2017.03.15-18.15.28:908][140]LogRenderer: Reallocating scene render targets to support 1208x576 NumSamples 1 (Frame:536).
[2017.03.15-18.15.32:073][241]LogPackageName:Warning: String asset reference "Env_Ice_Rocky.Mesh.Env_Ice_MelancholicTroll01" is in short form, which is unsupported and -- even if valid -- resolving it will be really slow. Please consider resaving package in order to speed-up loading.
[2017.03.15-18.15.32:175][241]LogPackageName: SearchForPackageOnDisk took   0.102s, but failed to resolve Env_Ice_Rocky.
[2017.03.15-18.15.32:175][241]LogPackageName:Warning: String asset reference "Env_Ice_Rocky.Mesh.Env_Ice_MelancholicTroll01" could not be resolved.
[2017.03.15-18.15.32:309][241]LogPackageName:Warning: String asset reference "Env_Ice_Rocky.Mesh.Env_Ice_NordHeed01" is in short form, which is unsupported and -- even if valid -- resolving it will be really slow. Please consider resaving package in order to speed-up loading.
[2017.03.15-18.15.32:414][241]LogPackageName: SearchForPackageOnDisk took   0.105s, but failed to resolve Env_Ice_Rocky.
[2017.03.15-18.15.32:414][241]LogPackageName:Warning: String asset reference "Env_Ice_Rocky.Mesh.Env_Ice_NordHeed01" could not be resolved.
[2017.03.15-18.15.32:438][241]LogPackageName:Warning: String asset reference "Exo_Deco01.SM.Mesh.WoodenBarrel_Intact" is in short form, which is unsupported and -- even if valid -- resolving it will be really slow. Please consider resaving package in order to speed-up loading.
[2017.03.15-18.15.32:544][241]LogPackageName: SearchForPackageOnDisk took   0.107s, but failed to resolve Exo_Deco01.
[2017.03.15-18.15.32:544][241]LogPackageName:Warning: String asset reference "Exo_Deco01.SM.Mesh.WoodenBarrel_Intact" could not be resolved.
[2017.03.15-18.15.32:552][241]LogPackageName:Warning: String asset reference "Env_Ice_RuinedWalls001" is in short form, which is unsupported and -- even if valid -- resolving it will be really slow. Please consider resaving package in order to speed-up loading.
[2017.03.15-18.15.32:662][241]LogPackageName: SearchForPackageOnDisk took   0.110s, but failed to resolve Env_Ice_RuinedWalls001.
[2017.03.15-18.15.32:662][241]LogPackageName:Warning: String asset reference "Env_Ice_RuinedWalls001" could not be resolved.
[2017.03.15-18.15.33:231][241]LogAIModule: Creating AISystem for world TombLevel
[2017.03.15-18.15.33:333][241]Cmd: MAP LOAD FILE="D:/Steven/OneDrive - umich.edu/CIS/CIS 488/Github Repository/TheCursedBlade/Cursed_Blade/Content/TombLevel.umap" TEMPLATE=0 SHOWPROGRESS=1 FEATURELEVEL=3
[2017.03.15-18.15.33:333][241]LightingResults: New page: Lighting Build
[2017.03.15-18.15.33:334][241]LoadErrors: New page: Loading map: TombLevel.umap
[2017.03.15-18.15.33:334][241]MapCheck: New page: Map Check
[2017.03.15-18.15.33:334][241]LightingResults: New page: Lighting Build
[2017.03.15-18.15.33:404][241]LogEditorServer: Finished looking for orphan Actors (0.000 secs)
[2017.03.15-18.15.33:435][241]Cmd: MAP CHECKDEP NOCLEARLOG
[2017.03.15-18.15.33:593][241]MapCheck: Info Map check complete: 0 Error(s), 0 Warning(s), took 157.24ms to complete.
[2017.03.15-18.15.33:594][241]LogFileHelpers: Loading map 'TombLevel' took 0.262
[2017.03.15-18.15.40:040][418]LogTemp: Repeting last play command: Selected Viewport
[2017.03.15-18.15.40:055][418]LogPlayLevel: PlayLevel: No blueprints needed recompiling
[2017.03.15-18.15.40:055][418]PIE: New page: PIE session: TombLevel (Mar 15, 2017, 10:15:40 AM)
[2017.03.15-18.15.40:055][418]LogPlayLevel: Creating play world package: /Game/UEDPIE_0_TombLevel
[2017.03.15-18.15.40:163][418]LogPlayLevel: PIE: StaticDuplicateObject took: (0.107258s)
[2017.03.15-18.15.40:163][418]LogAIModule: Creating AISystem for world TombLevel
[2017.03.15-18.15.40:163][418]LogPlayLevel: PIE: World Init took: (0.000701s)
[2017.03.15-18.15.40:164][418]LogPlayLevel: PIE: Created PIE world by copying editor world from /Game/TombLevel.TombLevel to /Game/UEDPIE_0_TombLevel.TombLevel (0.108614s)
[2017.03.15-18.15.40:189][418]LogInit: XAudio2 using 'Speakers (Realtek High Definition Audio)' : 2 channels at 48 kHz using 32 bits per sample (channel mask 0x3)
[2017.03.15-18.15.40:202][418]LogInit: FAudioDevice initialized.
[2017.03.15-18.15.40:253][418]LogLoad: Game class is 'myGame_C'
[2017.03.15-18.15.40:278][418]LogWorld: Bringing World /Game/UEDPIE_0_TombLevel.TombLevel up for play (max tick rate 60) at 2017.03.15-14.15.40
[2017.03.15-18.15.40:282][418]LogWorld: Bringing up level for play took: 0.028489
[2017.03.15-18.15.40:334][418]LogContentBrowser: Native class hierarchy updated for 'MovieSceneCapture' in 0.0005 seconds. Added 11 classes and 0 folders.
[2017.03.15-18.15.40:337][418]PIE: Info Play in editor start time for /Game/UEDPIE_0_TombLevel 0.656
[2017.03.15-18.15.53:354][778]LogCharacterMovement: Enemy_AI2 is stuck and failed to move! Velocity: X=-57.74 Y=40.11 Z=0.00 Location: X=601.37 Y=-2564.22 Z=342.26 Normal: X=-0.82 Y=-0.58 Z=0.00 PenetrationDepth:45.907 Actor:characterBP_C_0 Component:RightHandCollision BoneName:None (0 other events since notify)
[2017.03.15-18.20.48:853][508]LogTexture:Display: Building textures: SunsetAmbientCubemap (RGBA16F)
[2017.03.15-18.21.09:136][508]LogContentBrowser: Native class hierarchy updated for 'BlueprintGraph' in 0.0008 seconds. Added 111 classes and 0 folders.
[2017.03.15-18.21.51:520][651]LogTemp: Repeting last play command: Selected Viewport
[2017.03.15-18.21.51:538][651]LogPlayLevel: PlayLevel: No blueprints needed recompiling
[2017.03.15-18.21.51:538][651]PIE: New page: PIE session: TombLevel (Mar 15, 2017, 10:21:51 AM)
[2017.03.15-18.21.51:538][651]LogPlayLevel: Creating play world package: /Game/UEDPIE_0_TombLevel
[2017.03.15-18.21.51:646][651]LogPlayLevel: PIE: StaticDuplicateObject took: (0.107556s)
[2017.03.15-18.21.51:647][651]LogAIModule: Creating AISystem for world TombLevel
[2017.03.15-18.21.51:647][651]LogPlayLevel: PIE: World Init took: (0.000900s)
[2017.03.15-18.21.51:648][651]LogPlayLevel: PIE: Created PIE world by copying editor world from /Game/TombLevel.TombLevel to /Game/UEDPIE_0_TombLevel.TombLevel (0.109022s)
[2017.03.15-18.21.51:695][651]LogInit: XAudio2 using 'Speakers (Realtek High Definition Audio)' : 2 channels at 48 kHz using 32 bits per sample (channel mask 0x3)
[2017.03.15-18.21.51:706][651]LogInit: FAudioDevice initialized.
[2017.03.15-18.21.51:735][651]LogLoad: Game class is 'myGame_C'
[2017.03.15-18.21.51:761][651]LogWorld: Bringing World /Game/UEDPIE_0_TombLevel.TombLevel up for play (max tick rate 60) at 2017.03.15-14.21.51
[2017.03.15-18.21.51:766][651]LogWorld: Bringing up level for play took: 0.030412
[2017.03.15-18.21.51:772][651]PIE: Info Play in editor start time for /Game/UEDPIE_0_TombLevel 0.091
[2017.03.15-18.22.38:366][814]LogContentBrowser:Verbose: The majority of assets in the view are of type: AnimSequence
[2017.03.15-18.22.48:952][112]LogAnimationCompression: Building Anim DDC data for AnimSequence /Game/character/animations/sword_animations_attacks/crouch_slash.crouch_slash
[2017.03.15-18.22.48:966][113]LogAnimationCompression: Building Anim DDC data for AnimSequence /Game/character/animations/sword_animations_attacks/forward_spin_slash.forward_spin_slash
[2017.03.15-18.22.48:994][114]LogAnimationCompression: Building Anim DDC data for AnimSequence /Game/character/animations/sword_animations_attacks/ground_slash.ground_slash
[2017.03.15-18.22.49:012][114]LogAnimationCompression: Building Anim DDC data for AnimSequence /Game/character/animations/sword_animations_attacks/spin2ground_slash.spin2ground_slash
[2017.03.15-18.22.49:042][115]LogAnimationCompression: Building Anim DDC data for AnimSequence /Game/character/animations/sword_animations_attacks/sword_and_shield_block.sword_and_shield_block
[2017.03.15-18.22.49:450][128]LogAnimationCompression: Building Anim DDC data for AnimSequence /Game/character/animations/sword_animations_attacks/forward_slash.forward_slash
[2017.03.15-18.22.49:476][129]LogAnimationCompression: Building Anim DDC data for AnimSequence /Game/character/animations/sword_animations_attacks/forward_into_spin.forward_into_spin
[2017.03.15-18.23.02:324][634]LogAnimationCompression: Building Anim DDC data for AnimSequence /Game/character/animations/sword_animations_attacks/sword_and_shield_block_1.sword_and_shield_block_1
[2017.03.15-18.23.02:468][639]LogAnimationCompression: Building Anim DDC data for AnimSequence /Game/character/animations/sword_animations_attacks/sword_and_shield_casting.sword_and_shield_casting
[2017.03.15-18.23.03:234][663]LogAnimationCompression: Building Anim DDC data for AnimSequence /Game/character/animations/sword_animations_attacks/sword_and_shield_casting_2.sword_and_shield_casting_2
[2017.03.15-18.23.04:259][699]LogAnimationCompression: Building Anim DDC data for AnimSequence /Game/character/animations/sword_animations_movement/draw_sword_2.draw_sword_2
[2017.03.15-18.23.04:473][709]LogAnimationCompression: Building Anim DDC data for AnimSequence /Game/character/animations/sword_animations_movement/sheath_sword_2.sheath_sword_2
[2017.03.15-18.23.04:951][726]LogAnimationCompression: Building Anim DDC data for AnimSequence /Game/character/animations/sword_animations_movement/sword_and_shield_180_turn_1.sword_and_shield_180_turn_1
[2017.03.15-18.23.05:476][742]LogAnimationCompression: Building Anim DDC data for AnimSequence /Game/character/animations/sword_animations_movement/sword_and_shield_crouch_block.sword_and_shield_crouch_block
[2017.03.15-18.23.05:705][753]LogAnimationCompression: Building Anim DDC data for AnimSequence /Game/character/animations/sword_animations_movement/sword_and_shield_crouch_block_idle.sword_and_shield_crouch_block_idle
[2017.03.15-18.23.05:999][765]LogAnimationCompression: Building Anim DDC data for AnimSequence /Game/character/animations/sword_animations_movement/sword_and_shield_crouching.sword_and_shield_crouching
[2017.03.15-18.23.06:520][783]LogAnimationCompression: Building Anim DDC data for AnimSequence /Game/character/animations/sword_animations_movement/sword_and_shield_crouching_2.sword_and_shield_crouching_2
[2017.03.15-18.23.06:781][795]LogAnimationCompression: Building Anim DDC data for AnimSequence /Game/character/animations/sword_animations_movement/sword_and_shield_idle.sword_and_shield_idle
[2017.03.15-18.23.07:175][806]LogAnimationCompression: Building Anim DDC data for AnimSequence /Game/character/animations/sword_animations_movement/sword_and_shield_idle_2.sword_and_shield_idle_2
[2017.03.15-18.23.07:692][822]LogAnimationCompression: Building Anim DDC data for AnimSequence /Game/character/animations/sword_animations_movement/sword_and_shield_impact.sword_and_shield_impact
[2017.03.15-18.23.07:848][829]LogAnimationCompression: Building Anim DDC data for AnimSequence /Game/character/animations/sword_animations_movement/sword_and_shield_impact_3.sword_and_shield_impact_3
[2017.03.15-18.23.08:171][838]LogAnimationCompression: Building Anim DDC data for AnimSequence /Game/character/animations/sword_animations_movement/sword_and_shield_jump_idle.sword_and_shield_jump_idle
[2017.03.15-18.23.08:494][851]LogAnimationCompression: Building Anim DDC data for AnimSequence /Game/character/animations/sword_animations_movement/sword_and_shield_run.sword_and_shield_run
[2017.03.15-18.23.08:589][853]LogAnimationCompression: Building Anim DDC data for AnimSequence /Game/character/animations/sword_animations_movement/sword_and_shield_strafe_1.sword_and_shield_strafe_1
[2017.03.15-18.23.08:892][865]LogAnimationCompression: Building Anim DDC data for AnimSequence /Game/character/animations/sword_animations_movement/sword_and_shield_strafe_3.sword_and_shield_strafe_3
[2017.03.15-18.23.09:055][873]LogAnimationCompression: Building Anim DDC data for AnimSequence /Game/character/animations/sword_animations_movement/sword_and_shield_turn.sword_and_shield_turn
[2017.03.15-18.23.10:611][932]LogAnimationCompression: Building Anim DDC data for AnimSequence /Game/character/animations/sword_animations_movement/sword_and_shield_strafe_walk_right.sword_and_shield_strafe_walk_right
[2017.03.15-18.23.10:798][939]LogAnimationCompression: Building Anim DDC data for AnimSequence /Game/character/animations/sword_animations_movement/sword_and_shield_strafe_2.sword_and_shield_strafe_2
[2017.03.15-18.23.10:826][940]LogAnimationCompression: Building Anim DDC data for AnimSequence /Game/character/animations/sword_animations_movement/sword_and_shield_run_backward.sword_and_shield_run_backward
[2017.03.15-18.23.10:842][940]LogAnimationCompression: Building Anim DDC data for AnimSequence /Game/character/animations/sword_animations_movement/sword_and_shield_power_up.sword_and_shield_power_up
[2017.03.15-18.23.14:239][ 62]LogRenderer: Reallocating scene render targets to support 1208x888 NumSamples 1 (Frame:8464).
[2017.03.15-18.24.04:306][193]LogContentBrowser:Verbose: The majority of assets in the view are of type: Skeleton
[2017.03.15-18.24.22:389][503]LogContentBrowser:Verbose: The majority of assets in the view are of type: AnimSequence
[2017.03.15-18.24.23:485][545]LogAnimationCompression: Building Anim DDC data for AnimSequence /Game/character/animations/sword_animations_attacks/sword_and_shield_block_idle.sword_and_shield_block_idle
[2017.03.15-18.26.40:739][671]LogTemp: Repeting last play command: Selected Viewport
[2017.03.15-18.26.40:757][671]LogPlayLevel: PlayLevel: No blueprints needed recompiling
[2017.03.15-18.26.40:757][671]PIE: New page: PIE session: TombLevel (Mar 15, 2017, 10:26:40 AM)
[2017.03.15-18.26.40:757][671]LogPlayLevel: Creating play world package: /Game/UEDPIE_0_TombLevel
[2017.03.15-18.26.40:872][671]LogPlayLevel: PIE: StaticDuplicateObject took: (0.115222s)
[2017.03.15-18.26.40:873][671]LogAIModule: Creating AISystem for world TombLevel
[2017.03.15-18.26.40:873][671]LogPlayLevel: PIE: World Init took: (0.000973s)
[2017.03.15-18.26.40:874][671]LogPlayLevel: PIE: Created PIE world by copying editor world from /Game/TombLevel.TombLevel to /Game/UEDPIE_0_TombLevel.TombLevel (0.116831s)
[2017.03.15-18.26.40:922][671]LogInit: XAudio2 using 'Speakers (Realtek High Definition Audio)' : 2 channels at 48 kHz using 32 bits per sample (channel mask 0x3)
[2017.03.15-18.26.40:933][671]LogInit: FAudioDevice initialized.
[2017.03.15-18.26.40:967][671]LogLoad: Game class is 'myGame_C'
[2017.03.15-18.26.40:999][671]LogWorld: Bringing World /Game/UEDPIE_0_TombLevel.TombLevel up for play (max tick rate 60) at 2017.03.15-14.26.40
[2017.03.15-18.26.41:003][671]LogWorld: Bringing up level for play took: 0.035263
[2017.03.15-18.26.41:007][671]PIE: Info Play in editor start time for /Game/UEDPIE_0_TombLevel -0.675
[2017.03.15-18.33.03:216][146]LogTemp: Repeting last play command: Selected Viewport
[2017.03.15-18.33.03:240][146]LogPlayLevel: PlayLevel: No blueprints needed recompiling
[2017.03.15-18.33.03:240][146]PIE: New page: PIE session: TombLevel (Mar 15, 2017, 10:33:03 AM)
[2017.03.15-18.33.03:240][146]LogPlayLevel: Creating play world package: /Game/UEDPIE_0_TombLevel
[2017.03.15-18.33.03:375][146]LogPlayLevel: PIE: StaticDuplicateObject took: (0.134469s)
[2017.03.15-18.33.03:376][146]LogAIModule: Creating AISystem for world TombLevel
[2017.03.15-18.33.03:376][146]LogPlayLevel: PIE: World Init took: (0.001066s)
[2017.03.15-18.33.03:377][146]LogPlayLevel: PIE: Created PIE world by copying editor world from /Game/TombLevel.TombLevel to /Game/UEDPIE_0_TombLevel.TombLevel (0.136381s)
[2017.03.15-18.33.03:417][146]LogInit: XAudio2 using 'Speakers (Realtek High Definition Audio)' : 2 channels at 48 kHz using 32 bits per sample (channel mask 0x3)
[2017.03.15-18.33.03:429][146]LogInit: FAudioDevice initialized.
[2017.03.15-18.33.03:459][146]LogLoad: Game class is 'myGame_C'
[2017.03.15-18.33.03:494][146]LogWorld: Bringing World /Game/UEDPIE_0_TombLevel.TombLevel up for play (max tick rate 60) at 2017.03.15-14.33.03
[2017.03.15-18.33.03:498][146]LogWorld: Bringing up level for play took: 0.038281
[2017.03.15-18.33.03:502][146]PIE: Info Play in editor start time for /Game/UEDPIE_0_TombLevel -0.179
[2017.03.15-18.33.52:718][360]LogCharacterMovement: Enemy_AI6_2071 is stuck and failed to move! Velocity: X=-10.37 Y=107.20 Z=0.00 Location: X=-2983.91 Y=-16515.62 Z=2600.15 Normal: X=-0.23 Y=-0.97 Z=0.00 PenetrationDepth:45.555 Actor:characterBP_C_0 Component:RightHandCollision BoneName:None (0 other events since notify)
[2017.03.15-18.34.45:407][ 44]LogSavePackage: Save=846.03ms
[2017.03.15-18.34.45:407][ 44]LogSavePackage: Moving 'D:/Steven/OneDrive - umich.edu/CIS/CIS 488/Github Repository/TheCursedBlade/Cursed_Blade/Saved/TombLevel_Auto12A4B366D483B95D419B9F883EBCFAD4A.tmp' to 'D:/Steven/OneDrive - umich.edu/CIS/CIS 488/Github Repository/TheCursedBlade/Cursed_Blade/Saved/Autosaves/Game/TombLevel_Auto1.umap'
[2017.03.15-18.34.45:412][ 44]LogSavePackage:Display: Finished SavePackage D:/Steven/OneDrive - umich.edu/CIS/CIS 488/Github Repository/TheCursedBlade/Cursed_Blade/Saved/Autosaves/Game/TombLevel_Auto1.umap
[2017.03.15-18.34.45:424][ 44]LogFileHelpers: Editor autosave (incl. sublevels) for '/Game/TombLevel' took 0.950
[2017.03.15-18.34.45:424][ 44]LogFileHelpers: Editor autosave (incl. sublevels) for all levels took 0.950
[2017.03.15-18.51.11:323][568]LogSavePackage: Save=518.40ms
[2017.03.15-18.51.11:323][568]LogSavePackage: Moving 'D:/Steven/OneDrive - umich.edu/CIS/CIS 488/Github Repository/TheCursedBlade/Cursed_Blade/Saved/TombLevelF3D9B7AE4CA320B2CAA4A1AFF52881AD.tmp' to 'D:/Steven/OneDrive - umich.edu/CIS/CIS 488/Github Repository/TheCursedBlade/Cursed_Blade/Content/TombLevel.umap'
[2017.03.15-18.51.11:326][568]LogSavePackage:Display: Finished SavePackage D:/Steven/OneDrive - umich.edu/CIS/CIS 488/Github Repository/TheCursedBlade/Cursed_Blade/Content/TombLevel.umap
[2017.03.15-18.51.11:347][568]LogFileHelpers: Saving map 'TombLevel' took 0.771
[2017.03.15-18.51.11:970][569]Cmd: QUIT_EDITOR
[2017.03.15-18.51.12:282][569]LogWindowsTextInputMethodSystem:Display: IME system now deactivated.
[2017.03.15-18.51.12:357][569]LogExit: Preparing to exit.
[2017.03.15-18.51.13:672][569]LogExit: Editor shut down
[2017.03.15-18.51.13:674][569]LogExit: Transaction tracking system shut down
[2017.03.15-18.51.13:914][569]LogObj: Freed 0b from 0 cluster array pools.
[2017.03.15-18.51.13:915][569]LogExit: Object subsystem successfully closed.
[2017.03.15-18.51.13:938][569]LogD3D11RHI: Shutdown
[2017.03.15-18.51.13:938][569]LogD3D11RHI: CleanupD3DDevice
[2017.03.15-18.51.14:226][569]LogD3D11RHI: ~FD3D11DynamicRHI
[2017.03.15-18.51.14:324][569]LogHttp:Display: Http module shutting down, but needs to wait on 1 outstanding Http requests:
[2017.03.15-18.51.14:324][569]LogHttp:Display: 	verb=[POST] url=[https://datarouter.ol.epicgames.com/datarouter/api/v1/public/data?SessionID=%7B2B5EFE81-42D3-8C4E-63EF-14A5CDAD9434%7D&AppID=UEEditor.Rocket.Release&AppVersion=4.14.3-3249277%2B%2B%2BUE4%2BRelease-4.14&UserID=d99817614e5b2fe16afaa1bc970b6659%7C37affbd969a64a0b8ebede4037eb50b3%7C932eee32-0b96-4eec-b820-89b84ab9aabe&AppEnvironment=datacollector-binary&UploadType=eteventstream] status=Processing
[2017.03.15-18.51.14:350][569]LogModuleManager: Shutting down and abandoning module AnimationEditor (247)
[2017.03.15-18.51.14:350][569]LogModuleManager: Shutting down and abandoning module BlueprintGraph (246)
[2017.03.15-18.51.14:350][569]LogModuleManager: Shutting down and abandoning module BlueprintProfiler (245)
[2017.03.15-18.51.14:353][569]LogModuleManager: Shutting down and abandoning module SkeletonEditor (244)
[2017.03.15-18.51.14:353][569]LogModuleManager: Shutting down and abandoning module AnimationBlueprintEditor (243)
[2017.03.15-18.51.14:354][569]LogModuleManager: Shutting down and abandoning module MovieSceneCapture (242)
[2017.03.15-18.51.14:354][569]LogModuleManager: Shutting down and abandoning module HierarchicalLODOutliner (241)
[2017.03.15-18.51.14:354][569]LogModuleManager: Shutting down and abandoning module CrashTracker (240)
[2017.03.15-18.51.14:354][569]LogModuleManager: Shutting down and abandoning module SceneOutliner (239)
[2017.03.15-18.51.14:354][569]LogModuleManager: Shutting down and abandoning module WidgetCarousel (238)
[2017.03.15-18.51.14:354][569]LogModuleManager: Shutting down and abandoning module AddContentDialog (237)
[2017.03.15-18.51.14:354][569]LogDirectoryWatcher: A directory notification for 'C:/Program Files/Epic Games/UE_4.14/FeaturePacks/' was aborted.
[2017.03.15-18.51.14:362][569]LogModuleManager: Shutting down and abandoning module GameplayTags (236)
[2017.03.15-18.51.14:362][569]LogModuleManager: Shutting down and abandoning module EditorWidgets (235)
[2017.03.15-18.51.14:362][569]LogModuleManager: Shutting down and abandoning module CollectionManager (234)
[2017.03.15-18.51.14:362][569]LogDirectoryWatcher: A directory notification for 'D:/Steven/OneDrive - umich.edu/CIS/CIS 488/Github Repository/TheCursedBlade/Cursed_Blade/Content/Collections/' was aborted.
[2017.03.15-18.51.14:362][569]LogDirectoryWatcher: A directory notification for 'D:/Steven/OneDrive - umich.edu/CIS/CIS 488/Github Repository/TheCursedBlade/Cursed_Blade/Content/Developers/Steven/Collections/' was aborted.
[2017.03.15-18.51.14:362][569]LogDirectoryWatcher: A directory notification for 'D:/Steven/OneDrive - umich.edu/CIS/CIS 488/Github Repository/TheCursedBlade/Cursed_Blade/Saved/Collections/' was aborted.
[2017.03.15-18.51.14:362][569]LogModuleManager: Shutting down and abandoning module StatsViewer (233)
[2017.03.15-18.51.14:362][569]LogModuleManager: Shutting down and abandoning module FoliageEdit (232)
[2017.03.15-18.51.14:362][569]LogModuleManager: Shutting down and abandoning module LandscapeEditor (231)
[2017.03.15-18.51.14:363][569]LogModuleManager: Shutting down and abandoning module SceneDepthPickerMode (230)
[2017.03.15-18.51.14:363][569]LogModuleManager: Shutting down and abandoning module ActorPickerMode (229)
[2017.03.15-18.51.14:363][569]LogModuleManager: Shutting down and abandoning module GeometryMode (228)
[2017.03.15-18.51.14:363][569]LogModuleManager: Shutting down and abandoning module TextureAlignMode (227)
[2017.03.15-18.51.14:363][569]LogModuleManager: Shutting down and abandoning module BspMode (226)
[2017.03.15-18.51.14:363][569]LogModuleManager: Shutting down and abandoning module HardwareSurvey (225)
[2017.03.15-18.51.14:363][569]LogModuleManager: Shutting down and abandoning module SequenceRecorderSections (224)
[2017.03.15-18.51.14:363][569]LogModuleManager: Shutting down and abandoning module AutomationWorker (223)
[2017.03.15-18.51.14:363][569]LogModuleManager: Shutting down and abandoning module MatineeToLevelSequence (222)
[2017.03.15-18.51.14:363][569]LogModuleManager: Shutting down and abandoning module PlacementMode (221)
[2017.03.15-18.51.14:363][569]LogModuleManager: Shutting down and abandoning module LevelSequenceEditor (220)
[2017.03.15-18.51.14:363][569]LogModuleManager: Shutting down and abandoning module WmfMediaFactory (219)
[2017.03.15-18.51.14:363][569]LogModuleManager: Shutting down and abandoning module WmfMediaEditor (218)
[2017.03.15-18.51.14:363][569]LogModuleManager: Shutting down and abandoning module AvfMediaFactory (217)
[2017.03.15-18.51.14:363][569]LogModuleManager: Shutting down and abandoning module AvfMediaEditor (216)
[2017.03.15-18.51.14:363][569]LogModuleManager: Shutting down and abandoning module Media (215)
[2017.03.15-18.51.14:363][569]LogModuleManager: Shutting down and abandoning module AndroidMediaFactory (214)
[2017.03.15-18.51.14:363][569]LogModuleManager: Shutting down and abandoning module AndroidMediaEditor (213)
[2017.03.15-18.51.14:363][569]LogModuleManager: Shutting down and abandoning module CharacterAI (212)
[2017.03.15-18.51.14:363][569]LogModuleManager: Shutting down and abandoning module SequenceRecorder (211)
[2017.03.15-18.51.14:363][569]LogModuleManager: Shutting down and abandoning module AudioCapture (210)
[2017.03.15-18.51.14:363][569]LogModuleManager: Shutting down and abandoning module SmartSnapping (209)
[2017.03.15-18.51.14:363][569]LogModuleManager: Shutting down and abandoning module SessionServices (208)
[2017.03.15-18.51.14:363][569]LogModuleManager: Shutting down and abandoning module ViewportSnapping (207)
[2017.03.15-18.51.14:363][569]LogModuleManager: Shutting down and abandoning module ViewportInteraction (206)
[2017.03.15-18.51.14:363][569]LogModuleManager: Shutting down and abandoning module LogVisualizer (205)
[2017.03.15-18.51.14:363][569]LogModuleManager: Shutting down and abandoning module GameProjectGeneration (204)
[2017.03.15-18.51.14:363][569]LogModuleManager: Shutting down and abandoning module IntroTutorials (203)
[2017.03.15-18.51.14:363][569]LogModuleManager: Shutting down and abandoning module EditorLiveStreaming (202)
[2017.03.15-18.51.14:363][569]LogModuleManager: Shutting down and abandoning module IOSPlatformEditor (201)
[2017.03.15-18.51.14:363][569]LogModuleManager: Shutting down and abandoning module HTML5PlatformEditor (200)
[2017.03.15-18.51.14:363][569]LogModuleManager: Shutting down and abandoning module AndroidDeviceDetection (199)
[2017.03.15-18.51.14:612][569]LogModuleManager: Shutting down and abandoning module AndroidPlatformEditor (198)
[2017.03.15-18.51.14:612][569]LogModuleManager: Shutting down and abandoning module IOSRuntimeSettings (197)
[2017.03.15-18.51.14:612][569]LogModuleManager: Shutting down and abandoning module AndroidRuntimeSettings (196)
[2017.03.15-18.51.14:612][569]LogModuleManager: Shutting down and abandoning module InputBindingEditor (195)
[2017.03.15-18.51.14:612][569]LogModuleManager: Shutting down and abandoning module NiagaraEditor (194)
[2017.03.15-18.51.14:612][569]LogModuleManager: Shutting down and abandoning module MergeActors (193)
[2017.03.15-18.51.14:612][569]LogModuleManager: Shutting down and abandoning module SizeMap (192)
[2017.03.15-18.51.14:612][569]LogModuleManager: Shutting down and abandoning module TreeMap (191)
[2017.03.15-18.51.14:612][569]LogModuleManager: Shutting down and abandoning module ReferenceViewer (190)
[2017.03.15-18.51.14:612][569]LogModuleManager: Shutting down and abandoning module LocalizationService (189)
[2017.03.15-18.51.14:612][569]LogModuleManager: Shutting down and abandoning module LocalizationDashboard (188)
[2017.03.15-18.51.14:612][569]LogModuleManager: Shutting down and abandoning module HardwareTargeting (187)
[2017.03.15-18.51.14:613][569]LogModuleManager: Shutting down and abandoning module DeviceProfileEditor (186)
[2017.03.15-18.51.14:613][569]LogModuleManager: Shutting down and abandoning module UndoHistory (185)
[2017.03.15-18.51.14:613][569]LogModuleManager: Shutting down and abandoning module UserFeedback (184)
[2017.03.15-18.51.14:613][569]LogModuleManager: Shutting down and abandoning module XmlParser (183)
[2017.03.15-18.51.14:613][569]LogModuleManager: Shutting down and abandoning module Blutility (182)
[2017.03.15-18.51.14:613][569]LogModuleManager: Shutting down and abandoning module ProjectTargetPlatformEditor (181)
[2017.03.15-18.51.14:613][569]LogModuleManager: Shutting down and abandoning module ProjectSettingsViewer (180)
[2017.03.15-18.51.14:613][569]LogModuleManager: Shutting down and abandoning module EditorSettingsViewer (179)
[2017.03.15-18.51.14:613][569]LogModuleManager: Shutting down and abandoning module SettingsEditor (178)
[2017.03.15-18.51.14:613][569]LogModuleManager: Shutting down and abandoning module ProjectLauncher (177)
[2017.03.15-18.51.14:613][569]LogModuleManager: Shutting down and abandoning module SessionFrontend (176)
[2017.03.15-18.51.14:613][569]LogModuleManager: Shutting down and abandoning module ProfilerClient (175)
[2017.03.15-18.51.14:613][569]LogModuleManager: Shutting down and abandoning module TargetDeviceServices (174)
[2017.03.15-18.51.14:613][569]LogModuleManager: Shutting down and abandoning module DeviceManager (173)
[2017.03.15-18.51.14:657][569]LogModuleManager: Shutting down and abandoning module AutomationController (172)
[2017.03.15-18.51.14:657][569]LogModuleManager: Shutting down and abandoning module AutomationWindow (171)
[2017.03.15-18.51.14:657][569]LogModuleManager: Shutting down and abandoning module Layers (170)
[2017.03.15-18.51.14:657][569]LogModuleManager: Shutting down and abandoning module ComponentVisualizers (169)
[2017.03.15-18.51.14:657][569]LogModuleManager: Shutting down and abandoning module DetailCustomizations (168)
[2017.03.15-18.51.14:657][569]LogModuleManager: Shutting down and abandoning module PackagesDialog (167)
[2017.03.15-18.51.14:657][569]LogModuleManager: Shutting down and abandoning module AnimGraph (166)
[2017.03.15-18.51.14:657][569]LogModuleManager: Shutting down and abandoning module Persona (165)
[2017.03.15-18.51.14:657][569]LogModuleManager: Shutting down and abandoning module Kismet (164)
[2017.03.15-18.51.14:665][569]LogModuleManager: Shutting down and abandoning module GraphEditor (163)
[2017.03.15-18.51.14:665][569]LogModuleManager: Shutting down and abandoning module ClassViewer (162)
[2017.03.15-18.51.14:665][569]LogModuleManager: Shutting down and abandoning module Toolbox (161)
[2017.03.15-18.51.14:665][569]LogModuleManager: Shutting down and abandoning module ModuleUI (160)
[2017.03.15-18.51.14:665][569]LogModuleManager: Shutting down and abandoning module MovieSceneTools (159)
[2017.03.15-18.51.14:665][569]LogModuleManager: Shutting down and abandoning module OutputLog (158)
[2017.03.15-18.51.14:665][569]LogModuleManager: Shutting down and abandoning module GammaUI (157)
[2017.03.15-18.51.14:665][569]LogModuleManager: Shutting down and abandoning module Documentation (156)
[2017.03.15-18.51.14:665][569]LogModuleManager: Shutting down and abandoning module Niagara (155)
[2017.03.15-18.51.14:665][569]LogModuleManager: Shutting down and abandoning module StreamingPauseRendering (154)
[2017.03.15-18.51.14:665][569]LogModuleManager: Shutting down and abandoning module AnalyticsET (153)
[2017.03.15-18.51.14:665][569]LogModuleManager: Shutting down and abandoning module PortalServices (152)
[2017.03.15-18.51.14:665][569]LogModuleManager: Shutting down and abandoning module PortalRpc (151)
[2017.03.15-18.51.14:665][569]LogModuleManager: Shutting down and abandoning module MessagingRpc (150)
[2017.03.15-18.51.14:665][569]LogModuleManager: Shutting down and abandoning module GameplayDebugger (149)
[2017.03.15-18.51.14:665][569]LogModuleManager: Shutting down and abandoning module AITestSuite (148)
[2017.03.15-18.51.14:665][569]LogModuleManager: Shutting down and abandoning module AIModule (147)
[2017.03.15-18.51.14:665][569]LogModuleManager: Shutting down and abandoning module ProfilerService (146)
[2017.03.15-18.51.14:880][569]LogModuleManager: Shutting down and abandoning module TaskGraph (145)
[2017.03.15-18.51.14:880][569]LogModuleManager: Shutting down and abandoning module SlateRemote (144)
[2017.03.15-18.51.14:880][569]LogModuleManager: Shutting down and abandoning module SteamVRController (143)
[2017.03.15-18.51.14:880][569]LogModuleManager: Shutting down and abandoning module SteamVR (142)
[2017.03.15-18.51.14:880][569]LogModuleManager: Shutting down and abandoning module ProceduralMeshComponentEditor (141)
[2017.03.15-18.51.14:880][569]LogModuleManager: Shutting down and abandoning module ProceduralMeshComponent (140)
[2017.03.15-18.51.14:880][569]LogModuleManager: Shutting down and abandoning module OculusLibrary (139)
[2017.03.15-18.51.14:880][569]LogModuleManager: Shutting down and abandoning module OculusInput (138)
[2017.03.15-18.51.14:880][569]LogModuleManager: Shutting down and abandoning module MobilePatchingUtils (137)
[2017.03.15-18.51.14:880][569]LogModuleManager: Shutting down and abandoning module CustomMeshComponent (136)
[2017.03.15-18.51.14:880][569]LogModuleManager: Shutting down and abandoning module CableComponent (135)
[2017.03.15-18.51.14:880][569]LogModuleManager: Shutting down and abandoning module ArchVisCharacter (134)
[2017.03.15-18.51.14:880][569]LogModuleManager: Shutting down and abandoning module MediaPlayerEditor (132)
[2017.03.15-18.51.14:880][569]LogModuleManager: Shutting down and abandoning module HTML5Networking (131)
[2017.03.15-18.51.14:880][569]LogModuleManager: Shutting down and abandoning module GeometryCacheEd (130)
[2017.03.15-18.51.14:880][569]LogModuleManager: Shutting down and abandoning module GeometryCache (129)
[2017.03.15-18.51.14:881][569]LogModuleManager: Shutting down and abandoning module AlembicLibrary (128)
[2017.03.15-18.51.14:881][569]LogModuleManager: Shutting down and abandoning module AlembicImporter (127)
[2017.03.15-18.51.14:881][569]LogModuleManager: Shutting down and abandoning module SuperSearch (126)
[2017.03.15-18.51.14:881][569]LogModuleManager: Shutting down and abandoning module SuperSearchEditor (125)
[2017.03.15-18.51.14:881][569]LogModuleManager: Shutting down and abandoning module SpeedTreeImporter (124)
[2017.03.15-18.51.14:881][569]LogModuleManager: Shutting down and abandoning module PluginBrowser (123)
[2017.03.15-18.51.14:881][569]LogModuleManager: Shutting down and abandoning module MobileLauncherProfileWizard (122)
[2017.03.15-18.51.14:881][569]LogModuleManager: Shutting down and abandoning module EpicSurvey (121)
[2017.03.15-18.51.14:881][569]LogModuleManager: Shutting down and abandoning module DesktopPlatform (120)
[2017.03.15-18.51.14:881][569]LogModuleManager: Shutting down and abandoning module VisualStudioSourceCodeAccess (119)
[2017.03.15-18.51.14:881][569]LogModuleManager: Shutting down and abandoning module UObjectPlugin (118)
[2017.03.15-18.51.14:881][569]LogModuleManager: Shutting down and abandoning module SubversionSourceControl (117)
[2017.03.15-18.51.14:881][569]LogModuleManager: Shutting down and abandoning module PerforceSourceControl (116)
[2017.03.15-18.51.14:881][569]LogModuleManager: Shutting down and abandoning module SourceControl (115)
[2017.03.15-18.51.14:881][569]LogModuleManager: Shutting down and abandoning module GitSourceControl (114)
[2017.03.15-18.51.14:881][569]LogModuleManager: Shutting down and abandoning module LightPropagationVolumeEditor (113)
[2017.03.15-18.51.14:881][569]LogModuleManager: Shutting down and abandoning module PaperTiledImporter (112)
[2017.03.15-18.51.14:881][569]LogModuleManager: Shutting down and abandoning module PaperSpriteSheetImporter (111)
[2017.03.15-18.51.14:881][569]LogModuleManager: Shutting down and abandoning module MeshPaint (110)
[2017.03.15-18.51.14:881][569]LogModuleManager: Shutting down and abandoning module PixelInspectorModule (109)
[2017.03.15-18.51.14:881][569]LogModuleManager: Shutting down and abandoning module HotReload (108)
[2017.03.15-18.51.14:882][569]LogModuleManager: Shutting down and abandoning module MainFrame (107)
[2017.03.15-18.51.14:882][569]LogModuleManager: Shutting down and abandoning module LevelEditor (106)
[2017.03.15-18.51.14:883][569]LogModuleManager: Shutting down and abandoning module ContentBrowser (105)
[2017.03.15-18.51.14:884][569]LogModuleManager: Shutting down and abandoning module Paper2DEditor (104)
[2017.03.15-18.51.14:884][569]LogModuleManager: Shutting down and abandoning module UdpMessaging (103)
[2017.03.15-18.51.14:985][569]LogModuleManager: Shutting down and abandoning module TcpMessaging (102)
[2017.03.15-18.51.15:085][569]LogModuleManager: Shutting down and abandoning module LightPropagationVolumeRuntime (101)
[2017.03.15-18.51.15:085][569]LogModuleManager: Shutting down and abandoning module Paper2D (100)
[2017.03.15-18.51.15:085][569]LogModuleManager: Shutting down and abandoning module WindowsMoviePlayer (99)
[2017.03.15-18.51.15:085][569]LogModuleManager: Shutting down and abandoning module WmfMedia (98)
[2017.03.15-18.51.15:085][569]LogModuleManager: Shutting down and abandoning module MediaAssets (97)
[2017.03.15-18.51.15:085][569]LogModuleManager: Shutting down and abandoning module GameLiveStreaming (96)
[2017.03.15-18.51.15:085][569]LogModuleManager: Shutting down and abandoning module GameplayTagsEditor (95)
[2017.03.15-18.51.15:085][569]LogModuleManager: Shutting down and abandoning module VREditor (94)
[2017.03.15-18.51.15:085][569]LogModuleManager: Shutting down and abandoning module GameplayTasksEditor (93)
[2017.03.15-18.51.15:085][569]LogModuleManager: Shutting down and abandoning module BehaviorTreeEditor (92)
[2017.03.15-18.51.15:085][569]LogModuleManager: Shutting down and abandoning module FunctionalTesting (91)
[2017.03.15-18.51.15:085][569]LogModuleManager: Shutting down and abandoning module CollisionAnalyzer (90)
[2017.03.15-18.51.15:085][569]LogModuleManager: Shutting down and abandoning module Sequencer (89)
[2017.03.15-18.51.15:085][569]LogModuleManager: Shutting down and abandoning module WorkspaceMenuStructure (88)
[2017.03.15-18.51.15:085][569]LogModuleManager: Shutting down and abandoning module MessageLog (87)
[2017.03.15-18.51.15:085][569]LogModuleManager: Shutting down and abandoning module AssetTools (86)
[2017.03.15-18.51.15:086][569]LogModuleManager: Shutting down and abandoning module UMGEditor (85)
[2017.03.15-18.51.15:086][569]LogModuleManager: Shutting down and abandoning module UMG (84)
[2017.03.15-18.51.15:086][569]LogModuleManager: Shutting down and abandoning module SlateReflector (83)
[2017.03.15-18.51.15:086][569]LogModuleManager: Shutting down and abandoning module Slate (82)
[2017.03.15-18.51.15:086][569]LogModuleManager: Shutting down and abandoning module EditorStyle (81)
[2017.03.15-18.51.15:089][569]LogModuleManager: Shutting down and abandoning module SourceCodeAccess (80)
[2017.03.15-18.51.15:089][569]LogModuleManager: Shutting down and abandoning module HeadMountedDisplay (79)
[2017.03.15-18.51.15:089][569]LogModuleManager: Shutting down and abandoning module XAudio2 (78)
[2017.03.15-18.51.15:089][569]LogModuleManager: Shutting down and abandoning module Networking (76)
[2017.03.15-18.51.15:089][569]LogModuleManager: Shutting down and abandoning module Core (75)
[2017.03.15-18.51.15:089][569]LogModuleManager: Shutting down and abandoning module DirectoryWatcher (74)
[2017.03.15-18.51.15:089][569]LogDirectoryWatcher: A directory notification for '../../../Engine/Content/' was aborted.
[2017.03.15-18.51.15:090][569]LogDirectoryWatcher: A directory notification for 'D:/Steven/OneDrive - umich.edu/CIS/CIS 488/Github Repository/TheCursedBlade/Cursed_Blade/Content/' was aborted.
[2017.03.15-18.51.15:091][569]LogDirectoryWatcher: A directory notification for '../../../Engine/Plugins/2D/Paper2D/Content/' was aborted.
[2017.03.15-18.51.15:093][569]LogModuleManager: Shutting down and abandoning module AssetRegistry (73)
[2017.03.15-18.51.15:354][569]LogModuleManager: Shutting down and abandoning module KismetCompiler (72)
[2017.03.15-18.51.15:354][569]LogModuleManager: Shutting down and abandoning module PhysXFormats (71)
[2017.03.15-18.51.15:354][569]LogModuleManager: Shutting down and abandoning module SimplygonSwarm (70)
[2017.03.15-18.51.15:354][569]LogModuleManager: Shutting down and abandoning module SimplygonMeshReduction (69)
[2017.03.15-18.51.15:354][569]LogModuleManager: Shutting down and abandoning module QuadricMeshReduction (68)
[2017.03.15-18.51.15:354][569]LogModuleManager: Shutting down and abandoning module PropertyEditor (67)
[2017.03.15-18.51.15:355][569]LogModuleManager: Shutting down and abandoning module MeshUtilities (66)
[2017.03.15-18.51.15:355][569]LogModuleManager: Shutting down and abandoning module DerivedDataCache (65)
[2017.03.15-18.51.15:418][569]LogDerivedDataCache: Shutdown
[2017.03.15-18.51.15:418][569]LogModuleManager: Shutting down and abandoning module VulkanShaderFormat (64)
[2017.03.15-18.51.15:418][569]LogModuleManager: Shutting down and abandoning module ShaderFormatOpenGL (63)
[2017.03.15-18.51.15:418][569]LogModuleManager: Shutting down and abandoning module ShaderFormatD3D (62)
[2017.03.15-18.51.15:418][569]LogModuleManager: Shutting down and abandoning module MetalShaderFormat (61)
[2017.03.15-18.51.15:418][569]LogModuleManager: Shutting down and abandoning module TextureFormatUncompressed (60)
[2017.03.15-18.51.15:418][569]LogModuleManager: Shutting down and abandoning module TextureFormatPVR (59)
[2017.03.15-18.51.15:418][569]LogModuleManager: Shutting down and abandoning module TextureFormatDXT (58)
[2017.03.15-18.51.15:418][569]LogModuleManager: Shutting down and abandoning module TextureFormatIntelISPCTexComp (57)
[2017.03.15-18.51.15:419][569]LogModuleManager: Shutting down and abandoning module ImageWrapper (56)
[2017.03.15-18.51.15:419][569]LogModuleManager: Shutting down and abandoning module TextureFormatASTC (55)
[2017.03.15-18.51.15:419][569]LogModuleManager: Shutting down and abandoning module TextureFormatAndroid (54)
[2017.03.15-18.51.15:419][569]LogModuleManager: Shutting down and abandoning module AudioFormatOpus (53)
[2017.03.15-18.51.15:419][569]LogModuleManager: Shutting down and abandoning module AudioFormatOgg (52)
[2017.03.15-18.51.15:419][569]LogModuleManager: Shutting down and abandoning module AudioFormatADPCM (51)
[2017.03.15-18.51.15:419][569]LogModuleManager: Shutting down and abandoning module LinuxTargetPlatform (50)
[2017.03.15-18.51.15:419][569]LogModuleManager: Shutting down and abandoning module LinuxServerTargetPlatform (49)
[2017.03.15-18.51.15:419][569]LogModuleManager: Shutting down and abandoning module LinuxNoEditorTargetPlatform (48)
[2017.03.15-18.51.15:419][569]LogModuleManager: Shutting down and abandoning module LinuxClientTargetPlatform (47)
[2017.03.15-18.51.15:419][569]LogModuleManager: Shutting down and abandoning module TVOSTargetPlatform (46)
[2017.03.15-18.51.15:419][569]LogModuleManager: Shutting down and abandoning module Messaging (45)
[2017.03.15-18.51.15:419][569]LogModuleManager: Shutting down and abandoning module IOSTargetPlatform (44)
[2017.03.15-18.51.15:419][569]LogModuleManager: Shutting down and abandoning module HTML5TargetPlatform (43)
[2017.03.15-18.51.15:419][569]LogModuleManager: Shutting down and abandoning module Android_PVRTCTargetPlatform (42)
[2017.03.15-18.51.15:419][569]LogModuleManager: Shutting down and abandoning module Android_MultiTargetPlatform (41)
[2017.03.15-18.51.15:419][569]LogModuleManager: Shutting down and abandoning module Android_ETC2TargetPlatform (40)
[2017.03.15-18.51.15:419][569]LogModuleManager: Shutting down and abandoning module Android_ETC1TargetPlatform (39)
[2017.03.15-18.51.15:419][569]LogModuleManager: Shutting down and abandoning module Android_DXTTargetPlatform (38)
[2017.03.15-18.51.15:419][569]LogModuleManager: Shutting down and abandoning module Android_ATCTargetPlatform (37)
[2017.03.15-18.51.15:419][569]LogModuleManager: Shutting down and abandoning module Android_ASTCTargetPlatform (36)
[2017.03.15-18.51.15:419][569]LogModuleManager: Shutting down and abandoning module AndroidTargetPlatform (35)
[2017.03.15-18.51.15:419][569]LogModuleManager: Shutting down and abandoning module WindowsTargetPlatform (34)
[2017.03.15-18.51.15:419][569]LogModuleManager: Shutting down and abandoning module WindowsServerTargetPlatform (33)
[2017.03.15-18.51.15:419][569]LogModuleManager: Shutting down and abandoning module WindowsNoEditorTargetPlatform (32)
[2017.03.15-18.51.15:419][569]LogModuleManager: Shutting down and abandoning module WindowsClientTargetPlatform (31)
[2017.03.15-18.51.15:419][569]LogModuleManager: Shutting down and abandoning module MacTargetPlatform (30)
[2017.03.15-18.51.15:419][569]LogModuleManager: Shutting down and abandoning module MacServerTargetPlatform (29)
[2017.03.15-18.51.15:419][569]LogModuleManager: Shutting down and abandoning module MacNoEditorTargetPlatform (28)
[2017.03.15-18.51.15:419][569]LogModuleManager: Shutting down and abandoning module MacClientTargetPlatform (27)
[2017.03.15-18.51.15:419][569]LogModuleManager: Shutting down and abandoning module AllDesktopTargetPlatform (26)
[2017.03.15-18.51.15:419][569]LogModuleManager: Shutting down and abandoning module TargetPlatform (25)
[2017.03.15-18.51.15:419][569]LogModuleManager: Shutting down and abandoning module InputCore (24)
[2017.03.15-18.51.15:419][569]LogModuleManager: Shutting down and abandoning module Settings (23)
[2017.03.15-18.51.15:419][569]LogModuleManager: Shutting down and abandoning module OculusRift (22)
[2017.03.15-18.51.15:419][569]LogModuleManager: Shutting down and abandoning module ExampleDeviceProfileSelector (21)
[2017.03.15-18.51.15:419][569]LogModuleManager: Shutting down and abandoning module OnlineBlueprintSupport (20)
[2017.03.15-18.51.15:419][569]LogModuleManager: Shutting down and abandoning module OnlineSubsystem (18)
[2017.03.15-18.51.15:419][569]LogOnline:Display: Unloading online subsystem: NULL
[2017.03.15-18.51.15:419][569]LogModuleManager: Shutting down and abandoning module SSL (17)
[2017.03.15-18.51.15:420][569]LogModuleManager: Shutting down and abandoning module HTTP (16)
[2017.03.15-18.51.15:420][569]LogModuleManager: Shutting down and abandoning module XMPP (15)
[2017.03.15-18.51.15:420][569]LogModuleManager: Shutting down and abandoning module TextureCompressor (14)
[2017.03.15-18.51.15:421][569]LogModuleManager: Shutting down and abandoning module ShaderCore (13)
[2017.03.15-18.51.15:421][569]LogModuleManager: Shutting down and abandoning module Landscape (12)
[2017.03.15-18.51.15:421][569]LogModuleManager: Shutting down and abandoning module SlateRHIRenderer (11)
[2017.03.15-18.51.15:425][569]LogModuleManager: Shutting down and abandoning module OpenGLDrv (10)
[2017.03.15-18.51.15:425][569]LogModuleManager: Shutting down and abandoning module D3D11RHI (9)
[2017.03.15-18.51.15:425][569]LogModuleManager: Shutting down and abandoning module AnimGraphRuntime (8)
[2017.03.15-18.51.15:425][569]LogModuleManager: Shutting down and abandoning module Renderer (7)
[2017.03.15-18.51.15:425][569]LogModuleManager: Shutting down and abandoning module Engine (6)
[2017.03.15-18.51.15:425][569]LogModuleManager: Shutting down and abandoning module CoreUObject (5)
[2017.03.15-18.51.15:425][569]LogModuleManager: Shutting down and abandoning module NetworkFile (4)
[2017.03.15-18.51.15:425][569]LogModuleManager: Shutting down and abandoning module StreamingFile (3)
[2017.03.15-18.51.15:425][569]LogModuleManager: Shutting down and abandoning module SandboxFile (2)
[2017.03.15-18.51.15:425][569]LogModuleManager: Shutting down and abandoning module PakFile (1)
[2017.03.15-18.51.15:427][569]LogExit: Exiting.
[2017.03.15-18.51.15:442][569]Log file closed, 03/15/17 14:51:15
