Log file open, 04/19/17 16:05:31
LogInit:Display: Running engine for game: Cursed_Blade
LogPlatformFile: Not using cached read wrapper
LogInit:Display: RandInit(-835756860) SRandInit(-835756859).
LogTaskGraph: Started task graph with 5 named threads and 6 total threads with 1 sets of task threads.
LogStats: Stats thread started at 0.284112
LogPluginManager: Loaded Plugin Paper2D, From C:/Program Files/Epic Games/UE_4.14/Engine/Plugins/2D/Paper2D/Paper2D.uplugin
LogPluginManager: Loaded Plugin LightPropagationVolume, From C:/Program Files/Epic Games/UE_4.14/Engine/Plugins/Blendables/LightPropagationVolume/LightPropagationVolume.uplugin
LogPluginManager: Loaded Plugin BlankPlugin, From C:/Program Files/Epic Games/UE_4.14/Engine/Plugins/Developer/BlankPlugin/BlankPlugin.uplugin
LogPluginManager: Loaded Plugin CodeLiteSourceCodeAccess, From C:/Program Files/Epic Games/UE_4.14/Engine/Plugins/Developer/CodeLiteSourceCodeAccess/CodeLiteSourceCodeAccess.uplugin
LogPluginManager: Loaded Plugin GitSourceControl, From C:/Program Files/Epic Games/UE_4.14/Engine/Plugins/Developer/GitSourceControl/GitSourceControl.uplugin
LogPluginManager: Loaded Plugin KDevelopSourceCodeAccess, From C:/Program Files/Epic Games/UE_4.14/Engine/Plugins/Developer/KDevelopSourceCodeAccess/KDevelopSourceCodeAccess.uplugin
LogPluginManager: Loaded Plugin NullSourceCodeAccess, From C:/Program Files/Epic Games/UE_4.14/Engine/Plugins/Developer/NullSourceCodeAccess/NullSourceCodeAccess.uplugin
LogPluginManager: Loaded Plugin OneSkyLocalizationService, From C:/Program Files/Epic Games/UE_4.14/Engine/Plugins/Developer/OneSkyLocalizationService/OneSkyLocalizationService.uplugin
LogPluginManager: Loaded Plugin PerforceSourceControl, From C:/Program Files/Epic Games/UE_4.14/Engine/Plugins/Developer/PerforceSourceControl/PerforceSourceControl.uplugin
LogPluginManager: Loaded Plugin SubversionSourceControl, From C:/Program Files/Epic Games/UE_4.14/Engine/Plugins/Developer/SubversionSourceControl/SubversionSourceControl.uplugin
LogPluginManager: Loaded Plugin UObjectPlugin, From C:/Program Files/Epic Games/UE_4.14/Engine/Plugins/Developer/UObjectPlugin/UObjectPlugin.uplugin
LogPluginManager: Loaded Plugin VisualStudioSourceCodeAccess, From C:/Program Files/Epic Games/UE_4.14/Engine/Plugins/Developer/VisualStudioSourceCodeAccess/VisualStudioSourceCodeAccess.uplugin
LogPluginManager: Loaded Plugin XCodeSourceCodeAccess, From C:/Program Files/Epic Games/UE_4.14/Engine/Plugins/Developer/XCodeSourceCodeAccess/XCodeSourceCodeAccess.uplugin
LogPluginManager: Loaded Plugin AudioCapture, From C:/Program Files/Epic Games/UE_4.14/Engine/Plugins/Editor/AudioCapture/AudioCapture.uplugin
LogPluginManager: Loaded Plugin EpicSurvey, From C:/Program Files/Epic Games/UE_4.14/Engine/Plugins/Editor/EpicSurvey/EpicSurvey.uplugin
LogPluginManager: Loaded Plugin MacGraphicsSwitching, From C:/Program Files/Epic Games/UE_4.14/Engine/Plugins/Editor/MacGraphicsSwitching/MacGraphicsSwitching.uplugin
LogPluginManager: Loaded Plugin MobileLauncherProfileWizard, From C:/Program Files/Epic Games/UE_4.14/Engine/Plugins/Editor/MobileLauncherProfileWizard/MobileLauncherProfileWizard.uplugin
LogPluginManager: Loaded Plugin PluginBrowser, From C:/Program Files/Epic Games/UE_4.14/Engine/Plugins/Editor/PluginBrowser/PluginBrowser.uplugin
LogPluginManager: Loaded Plugin SpeedTreeImporter, From C:/Program Files/Epic Games/UE_4.14/Engine/Plugins/Editor/SpeedTreeImporter/SpeedTreeImporter.uplugin
LogPluginManager: Loaded Plugin SuperSearchEditor, From C:/Program Files/Epic Games/UE_4.14/Engine/Plugins/Editor/SuperSearchEditor/SuperSearchEditor.uplugin
LogPluginManager: Loaded Plugin AlembicImporter, From C:/Program Files/Epic Games/UE_4.14/Engine/Plugins/Experimental/AlembicImporter/AlembicImporter.uplugin
LogPluginManager: Loaded Plugin BlueprintStats, From C:/Program Files/Epic Games/UE_4.14/Engine/Plugins/Experimental/BlueprintStats/BlueprintStats.uplugin
LogPluginManager: Loaded Plugin CharacterAI, From C:/Program Files/Epic Games/UE_4.14/Engine/Plugins/Experimental/CharacterAI/CharacterAI.uplugin
LogPluginManager: Loaded Plugin CodeEditor, From C:/Program Files/Epic Games/UE_4.14/Engine/Plugins/Experimental/CodeEditor/CodeEditor.uplugin
LogPluginManager: Loaded Plugin CodeView, From C:/Program Files/Epic Games/UE_4.14/Engine/Plugins/Experimental/CodeView/CodeView.uplugin
LogPluginManager: Loaded Plugin HTML5Networking, From C:/Program Files/Epic Games/UE_4.14/Engine/Plugins/Experimental/HTML5Networking/HTML5Networking.uplugin
LogPluginManager: Loaded Plugin OSVR, From C:/Program Files/Epic Games/UE_4.14/Engine/Plugins/Experimental/OSVR/OSVR.uplugin
LogPluginManager: Loaded Plugin Phya, From C:/Program Files/Epic Games/UE_4.14/Engine/Plugins/Experimental/Phya/Phya.uplugin
LogPluginManager: Loaded Plugin SignificanceManager, From C:/Program Files/Epic Games/UE_4.14/Engine/Plugins/Experimental/SignificanceManager/SignificanceManager.uplugin
LogPluginManager: Loaded Plugin SimpleHMD, From C:/Program Files/Epic Games/UE_4.14/Engine/Plugins/Experimental/SimpleHMD/SimpleHMD.uplugin
LogPluginManager: Loaded Plugin StereoPanorama, From C:/Program Files/Epic Games/UE_4.14/Engine/Plugins/Experimental/StereoPanorama/StereoPanorama.uplugin
LogPluginManager: Loaded Plugin StructBox, From C:/Program Files/Epic Games/UE_4.14/Engine/Plugins/Experimental/StructBox/StructBox.uplugin
LogPluginManager: Loaded Plugin AndroidMedia, From C:/Program Files/Epic Games/UE_4.14/Engine/Plugins/Media/AndroidMedia/AndroidMedia.uplugin
LogPluginManager: Loaded Plugin AvfMedia, From C:/Program Files/Epic Games/UE_4.14/Engine/Plugins/Media/AvfMedia/AvfMedia.uplugin
LogPluginManager: Loaded Plugin MediaPlayerEditor, From C:/Program Files/Epic Games/UE_4.14/Engine/Plugins/Media/MediaPlayerEditor/MediaPlayerEditor.uplugin
LogPluginManager: Loaded Plugin WmfMedia, From C:/Program Files/Epic Games/UE_4.14/Engine/Plugins/Media/WmfMedia/WmfMedia.uplugin
LogPluginManager: Loaded Plugin MessagingDebugger, From C:/Program Files/Epic Games/UE_4.14/Engine/Plugins/Messaging/MessagingDebugger/MessagingDebugger.uplugin
LogPluginManager: Loaded Plugin TcpMessaging, From C:/Program Files/Epic Games/UE_4.14/Engine/Plugins/Messaging/TcpMessaging/TcpMessaging.uplugin
LogPluginManager: Loaded Plugin UdpMessaging, From C:/Program Files/Epic Games/UE_4.14/Engine/Plugins/Messaging/UdpMessaging/UdpMessaging.uplugin
LogPluginManager: Loaded Plugin LevelSequenceEditor, From C:/Program Files/Epic Games/UE_4.14/Engine/Plugins/MovieScene/LevelSequenceEditor/LevelSequenceEditor.uplugin
LogPluginManager: Loaded Plugin MatineeToLevelSequence, From C:/Program Files/Epic Games/UE_4.14/Engine/Plugins/MovieScene/MatineeToLevelSequence/MatineeToLevelSequence.uplugin
LogPluginManager: Loaded Plugin NetcodeUnitTest, From C:/Program Files/Epic Games/UE_4.14/Engine/Plugins/NetcodeUnitTest/NetcodeUnitTest/NetcodeUnitTest.uplugin
LogPluginManager: Loaded Plugin NUTUnrealEngine4, From C:/Program Files/Epic Games/UE_4.14/Engine/Plugins/NetcodeUnitTest/NUTUnrealEngine4/NUTUnrealEngine4.uplugin
LogPluginManager: Loaded Plugin OnlineSubsystemGameCircle, From C:/Program Files/Epic Games/UE_4.14/Engine/Plugins/Online/Android/OnlineSubsystemGameCircle/OnlineSubsystemGameCircle.uplugin
LogPluginManager: Loaded Plugin OnlineSubsystemGooglePlay, From C:/Program Files/Epic Games/UE_4.14/Engine/Plugins/Online/Android/OnlineSubsystemGooglePlay/OnlineSubsystemGooglePlay.uplugin
LogPluginManager: Loaded Plugin OnlineSubsystemIOS, From C:/Program Files/Epic Games/UE_4.14/Engine/Plugins/Online/IOS/OnlineSubsystemIOS/OnlineSubsystemIOS.uplugin
LogPluginManager: Loaded Plugin OnlineFramework, From C:/Program Files/Epic Games/UE_4.14/Engine/Plugins/Online/OnlineFramework/OnlineFramework.uplugin
LogPluginManager: Loaded Plugin OnlineSubsystem, From C:/Program Files/Epic Games/UE_4.14/Engine/Plugins/Online/OnlineSubsystem/OnlineSubsystem.uplugin
LogPluginManager: Loaded Plugin OnlineSubsystemAmazon, From C:/Program Files/Epic Games/UE_4.14/Engine/Plugins/Online/OnlineSubsystemAmazon/OnlineSubsystemAmazon.uplugin
LogPluginManager: Loaded Plugin OnlineSubsystemFacebook, From C:/Program Files/Epic Games/UE_4.14/Engine/Plugins/Online/OnlineSubsystemFacebook/OnlineSubsystemFacebook.uplugin
LogPluginManager: Loaded Plugin OnlineSubsystemNull, From C:/Program Files/Epic Games/UE_4.14/Engine/Plugins/Online/OnlineSubsystemNull/OnlineSubsystemNull.uplugin
LogPluginManager: Loaded Plugin OnlineSubsystemOculus, From C:/Program Files/Epic Games/UE_4.14/Engine/Plugins/Online/OnlineSubsystemOculus/OnlineSubsystemOculus.uplugin
LogPluginManager: Loaded Plugin OnlineSubsystemSteam, From C:/Program Files/Epic Games/UE_4.14/Engine/Plugins/Online/OnlineSubsystemSteam/OnlineSubsystemSteam.uplugin
LogPluginManager: Loaded Plugin OnlineSubsystemUtils, From C:/Program Files/Epic Games/UE_4.14/Engine/Plugins/Online/OnlineSubsystemUtils/OnlineSubsystemUtils.uplugin
LogPluginManager: Loaded Plugin IOSTapJoy, From C:/Program Files/Epic Games/UE_4.14/Engine/Plugins/Runtime/Advertising/IOSTapJoy/IOSTapJoy.uplugin
LogPluginManager: Loaded Plugin AnalyticsBlueprintLibrary, From C:/Program Files/Epic Games/UE_4.14/Engine/Plugins/Runtime/Analytics/AnalyticsBlueprintLibrary/AnalyticsBlueprintLibrary.uplugin
LogPluginManager: Loaded Plugin AnalyticsMulticast, From C:/Program Files/Epic Games/UE_4.14/Engine/Plugins/Runtime/Analytics/AnalyticsMulticast/AnalyticsMulticast.uplugin
LogPluginManager: Loaded Plugin Apsalar, From C:/Program Files/Epic Games/UE_4.14/Engine/Plugins/Runtime/Analytics/Apsalar/Apsalar.uplugin
LogPluginManager: Loaded Plugin FileLogging, From C:/Program Files/Epic Games/UE_4.14/Engine/Plugins/Runtime/Analytics/FileLogging/FileLogging.uplugin
LogPluginManager: Loaded Plugin Flurry, From C:/Program Files/Epic Games/UE_4.14/Engine/Plugins/Runtime/Analytics/Flurry/Flurry.uplugin
LogPluginManager: Loaded Plugin AndroidDeviceProfileSelector, From C:/Program Files/Epic Games/UE_4.14/Engine/Plugins/Runtime/AndroidDeviceProfileSelector/AndroidDeviceProfileSelector.uplugin
LogPluginManager: Loaded Plugin AndroidMoviePlayer, From C:/Program Files/Epic Games/UE_4.14/Engine/Plugins/Runtime/AndroidMoviePlayer/AndroidMoviePlayer.uplugin
LogPluginManager: Loaded Plugin AppleMoviePlayer, From C:/Program Files/Epic Games/UE_4.14/Engine/Plugins/Runtime/AppleMoviePlayer/AppleMoviePlayer.uplugin
LogPluginManager: Loaded Plugin ArchVisCharacter, From C:/Program Files/Epic Games/UE_4.14/Engine/Plugins/Runtime/ArchVisCharacter/ArchVisCharacter.uplugin
LogPluginManager: Loaded Plugin CableComponent, From C:/Program Files/Epic Games/UE_4.14/Engine/Plugins/Runtime/CableComponent/CableComponent.uplugin
LogPluginManager: Loaded Plugin CustomMeshComponent, From C:/Program Files/Epic Games/UE_4.14/Engine/Plugins/Runtime/CustomMeshComponent/CustomMeshComponent.uplugin
LogPluginManager: Loaded Plugin ExampleDeviceProfileSelector, From C:/Program Files/Epic Games/UE_4.14/Engine/Plugins/Runtime/ExampleDeviceProfileSelector/ExampleDeviceProfileSelector.uplugin
LogPluginManager: Loaded Plugin GearVR, From C:/Program Files/Epic Games/UE_4.14/Engine/Plugins/Runtime/GearVR/GearVR.uplugin
LogPluginManager: Loaded Plugin GoogleVRController, From C:/Program Files/Epic Games/UE_4.14/Engine/Plugins/Runtime/GoogleVR/GoogleVRController/GoogleVRController.uplugin
LogPluginManager: Loaded Plugin GoogleVRHMD, From C:/Program Files/Epic Games/UE_4.14/Engine/Plugins/Runtime/GoogleVR/GoogleVRHMD/GoogleVRHMD.uplugin
LogPluginManager: Loaded Plugin IOSDeviceProfileSelector, From C:/Program Files/Epic Games/UE_4.14/Engine/Plugins/Runtime/IOSDeviceProfileSelector/IOSDeviceProfileSelector.uplugin
LogPluginManager: Loaded Plugin LeapMotion, From C:/Program Files/Epic Games/UE_4.14/Engine/Plugins/Runtime/LeapMotion/LeapMotion.uplugin
LogPluginManager: Loaded Plugin LinuxDeviceProfileSelector, From C:/Program Files/Epic Games/UE_4.14/Engine/Plugins/Runtime/LinuxDeviceProfileSelector/LinuxDeviceProfileSelector.uplugin
LogPluginManager: Loaded Plugin MIDIDevice, From C:/Program Files/Epic Games/UE_4.14/Engine/Plugins/Runtime/MIDIDevice/MIDIDevice.uplugin
LogPluginManager: Loaded Plugin MobilePatchingUtils, From C:/Program Files/Epic Games/UE_4.14/Engine/Plugins/Runtime/MobilePatchingUtils/MobilePatchingUtils.uplugin
LogPluginManager: Loaded Plugin Ansel, From C:/Program Files/Epic Games/UE_4.14/Engine/Plugins/Runtime/Nvidia/Ansel/Ansel.uplugin
LogPluginManager: Loaded Plugin OculusAudio, From C:/Program Files/Epic Games/UE_4.14/Engine/Plugins/Runtime/OculusAudio/OculusAudio.uplugin
LogPluginManager: Loaded Plugin OculusInput, From C:/Program Files/Epic Games/UE_4.14/Engine/Plugins/Runtime/OculusInput/OculusInput.uplugin
LogPluginManager: Loaded Plugin OculusLibrary, From C:/Program Files/Epic Games/UE_4.14/Engine/Plugins/Runtime/OculusLibrary/OculusLibrary.uplugin
LogPluginManager: Loaded Plugin OculusRift, From C:/Program Files/Epic Games/UE_4.14/Engine/Plugins/Runtime/OculusRift/OculusRift.uplugin
LogPluginManager: Loaded Plugin Oodle, From C:/Program Files/Epic Games/UE_4.14/Engine/Plugins/Runtime/PacketHandlers/CompressionComponents/Oodle/Oodle.uplugin
LogPluginManager: Loaded Plugin ProceduralMeshComponent, From C:/Program Files/Epic Games/UE_4.14/Engine/Plugins/Runtime/ProceduralMeshComponent/ProceduralMeshComponent.uplugin
LogPluginManager: Loaded Plugin SoundMod, From C:/Program Files/Epic Games/UE_4.14/Engine/Plugins/Runtime/SoundMod/SoundMod.uplugin
LogPluginManager: Loaded Plugin SoundVisualizations, From C:/Program Files/Epic Games/UE_4.14/Engine/Plugins/Runtime/SoundVisualizations/SoundVisualizations.uplugin
LogPluginManager: Loaded Plugin SteamController, From C:/Program Files/Epic Games/UE_4.14/Engine/Plugins/Runtime/Steam/SteamController/SteamController.uplugin
LogPluginManager: Loaded Plugin SteamVR, From C:/Program Files/Epic Games/UE_4.14/Engine/Plugins/Runtime/Steam/SteamVR/SteamVR.uplugin
LogPluginManager: Loaded Plugin WebBrowserWidget, From C:/Program Files/Epic Games/UE_4.14/Engine/Plugins/Runtime/WebBrowserWidget/WebBrowserWidget.uplugin
LogPluginManager: Loaded Plugin WindowsDeviceProfileSelector, From C:/Program Files/Epic Games/UE_4.14/Engine/Plugins/Runtime/WindowsDeviceProfileSelector/WindowsDeviceProfileSelector.uplugin
LogPluginManager: Loaded Plugin WindowsMoviePlayer, From C:/Program Files/Epic Games/UE_4.14/Engine/Plugins/Runtime/WindowsMoviePlayer/WindowsMoviePlayer.uplugin
LogPluginManager: Loaded Plugin ScriptPlugin, From C:/Program Files/Epic Games/UE_4.14/Engine/Plugins/ScriptPlugin/ScriptPlugin.uplugin
LogPluginManager: Loaded Plugin SlateRemote, From C:/Program Files/Epic Games/UE_4.14/Engine/Plugins/Slate/SlateRemote/SlateRemote.uplugin
LogPluginManager: Loaded Plugin EditorTests, From C:/Program Files/Epic Games/UE_4.14/Engine/Plugins/Tests/EditorTests/EditorTests.uplugin
LogPluginManager: Loaded Plugin FbxAutomationTestBuilder, From C:/Program Files/Epic Games/UE_4.14/Engine/Plugins/Tests/FbxAutomationTestBuilder/FbxAutomationTestBuilder.uplugin
LogPluginManager: Loaded Plugin FunctionalTestingEditor, From C:/Program Files/Epic Games/UE_4.14/Engine/Plugins/Tests/FunctionalTestingEditor/FunctionalTestingEditor.uplugin
LogPluginManager: Loaded Plugin RuntimeTests, From C:/Program Files/Epic Games/UE_4.14/Engine/Plugins/Tests/RuntimeTests/RuntimeTests.uplugin
LogPluginManager: Loaded Plugin ScreenshotTools, From C:/Program Files/Epic Games/UE_4.14/Engine/Plugins/Tests/ScreenshotTools/ScreenshotTools.uplugin
LogInit: Using libcurl 7.47.1
LogInit:  - built for x86_64-pc-win32
LogInit:  - supports SSL with OpenSSL/1.0.2g
LogInit:  - supports HTTP deflate (compression) using libz 1.2.8
LogInit:  - other features:
LogInit:      CURL_VERSION_SSL
LogInit:      CURL_VERSION_LIBZ
LogInit:      CURL_VERSION_IPV6
LogInit:      CURL_VERSION_ASYNCHDNS
LogInit:      CURL_VERSION_LARGEFILE
LogInit:      CURL_VERSION_IDN
LogInit:  CurlRequestOptions (configurable via config and command line):
LogInit:  - bVerifyPeer = false  - Libcurl will NOT verify peer certificate
LogInit:  - bUseHttpProxy = false  - Libcurl will NOT use HTTP proxy
LogInit:  - bDontReuseConnections = false  - Libcurl will reuse connections
LogInit:  - CertBundlePath = nullptr  - Libcurl will use whatever was configured at build time.
LogInit: Build: ++UE4+Release-4.14-CL-3249277
LogInit: Engine Version: 4.14.3-3249277+++UE4+Release-4.14
LogInit: Compatible Engine Version: 4.14.0-3195953+++UE4+Release-4.14
LogInit: Net CL: 3195953
LogDevObjectVersion: Number of dev versions registered: 13
LogDevObjectVersion:   Dev-Blueprints (B0D832E4-1F89-4F0D-ACCF-7EB736FD4AA2): 7
LogDevObjectVersion:   Dev-Build (E1C64328-A22C-4D53-A36C-8E866417BD8C): 0
LogDevObjectVersion:   Dev-Core (375EC13C-06E4-48FB-B500-84F0262A717E): 1
LogDevObjectVersion:   Dev-Editor (E4B068ED-F494-42E9-A231-DA0B2E46BB41): 8
LogDevObjectVersion:   Dev-Framework (CFFC743F-43B0-4480-9391-14DF171D2073): 17
LogDevObjectVersion:   Dev-Mobile (B02B49B5-BB20-44E9-A304-32B752E40360): 0
LogDevObjectVersion:   Dev-Networking (A4E4105C-59A1-49B5-A7C5-40C4547EDFEE): 0
LogDevObjectVersion:   Dev-Online (39C831C9-5AE6-47DC-9A44-9C173E1C8E7C): 0
LogDevObjectVersion:   Dev-Physics (78F01B33-EBEA-4F98-B9B4-84EACCB95AA2): 0
LogDevObjectVersion:   Dev-Platform (6631380F-2D4D-43E0-8009-CF276956A95A): 0
LogDevObjectVersion:   Dev-Rendering (12F88B9F-8875-4AFC-A67C-D90C383ABD29): 12
LogDevObjectVersion:   Dev-Sequencer (7B5AE74C-D270-4C10-A958-57980B212A5A): 1
LogDevObjectVersion:   Dev-VR (D7296918-1DD6-4BDD-9DE2-64A83CC13884): 0
LogInit: Compiled (64-bit): Jan  6 2017 10:49:43
LogInit: Compiled with Visual C++: 19.00.23026.00
LogInit: Build Configuration: Development
LogInit: Branch Name: ++UE4+Release-4.14
LogInit: Command line: 
LogInit: Base directory: C:/Program Files/Epic Games/UE_4.14/Engine/Binaries/Win64/
LogInit: Installed Engine Build: 1
LogInit: Presizing for max 8388607 objects, including 0 objects not considered by GC, pre-allocating 0 bytes for permanent pool.
LogInit: Object subsystem initialized
[2017.04.19-20.05.33:249][  0]LogInit: Selected Device Profile: [Windows]
[2017.04.19-20.05.33:249][  0]LogInit: Applying CVar settings loaded from the selected device profile: [Windows]
[2017.04.19-20.05.33:432][  0]LogInit: Computer: BADTZ-MARU
[2017.04.19-20.05.33:432][  0]LogInit: User: Luis
[2017.04.19-20.05.33:432][  0]LogInit: CPU Page size=65536, Cores=2
[2017.04.19-20.05.33:432][  0]LogInit: High frequency timer resolution =2.240909 MHz
[2017.04.19-20.05.33:433][  0]LogMemory: Memory total: Physical=7.9GB (8GB approx)
[2017.04.19-20.05.33:433][  0]LogMemory: Platform Memory Stats for Windows
[2017.04.19-20.05.33:433][  0]LogMemory: Process Physical Memory: 264.66 MB used, 264.66 MB peak
[2017.04.19-20.05.33:433][  0]LogMemory: Process Virtual Memory: 263.08 MB used, 263.08 MB peak
[2017.04.19-20.05.33:433][  0]LogMemory: Physical Memory: 4199.55 MB used,  3924.29 MB free, 8123.84 MB total
[2017.04.19-20.05.33:433][  0]LogMemory: Virtual Memory: 675.37 MB used,  3924.29 MB free, 134217728.00 MB total
[2017.04.19-20.05.33:613][  0]LogTextLocalizationManager: No specific translations for ('en-US') exist, so ('en') translations will be used.
[2017.04.19-20.05.44:251][  0]LogD3D11RHI: D3D11 adapters:
[2017.04.19-20.05.44:303][  0]LogD3D11RHI:    0. 'Intel(R) HD Graphics Family' (Feature Level 11_0)
[2017.04.19-20.05.44:303][  0]LogD3D11RHI:       112/0/2048 MB DedicatedVideo/DedicatedSystem/SharedSystem, Outputs:1, VendorId:0x8086
[2017.04.19-20.05.44:317][  0]LogD3D11RHI:    1. 'Microsoft Basic Render Driver' (Feature Level 11_0)
[2017.04.19-20.05.44:317][  0]LogD3D11RHI:       0/0/4061 MB DedicatedVideo/DedicatedSystem/SharedSystem, Outputs:0, VendorId:0x1414
[2017.04.19-20.05.44:317][  0]LogD3D11RHI: Chosen D3D11 Adapter: 0
[2017.04.19-20.05.44:327][  0]LogD3D11RHI: Creating new Direct3DDevice
[2017.04.19-20.05.44:328][  0]LogD3D11RHI:     GPU DeviceId: 0xa16 (for the marketing name, search the web for "GPU Device Id")
[2017.04.19-20.05.44:328][  0]LogWindows: EnumDisplayDevices:
[2017.04.19-20.05.44:329][  0]LogWindows:    0. 'Intel(R) HD Graphics Family' (P:1 D:1)
[2017.04.19-20.05.44:331][  0]LogWindows:    1. 'Intel(R) HD Graphics Family' (P:0 D:0)
[2017.04.19-20.05.44:333][  0]LogWindows:    2. 'Intel(R) HD Graphics Family' (P:0 D:0)
[2017.04.19-20.05.44:334][  0]LogWindows: DebugString: FoundDriverCount:3 
[2017.04.19-20.05.44:334][  0]LogD3D11RHI:     Adapter Name: Intel(R) HD Graphics Family
[2017.04.19-20.05.44:334][  0]LogD3D11RHI:   Driver Version: 20.19.15.4531 (internal:20.19.15.4531, unified:20.19.15.4531)
[2017.04.19-20.05.44:334][  0]LogD3D11RHI:      Driver Date: 9-29-2016
[2017.04.19-20.05.44:334][  0]LogRHI: Texture pool is 795 MB (70% of 1136 MB)
[2017.04.19-20.05.44:384][  0]LogD3D11RHI: Async texture creation enabled
[2017.04.19-20.05.44:390][  0]LogD3D11RHI: GPU Timing Frequency: 12.500000 (Debug: 2 0)
[2017.04.19-20.05.44:391][  0]LogShaderCompilers: Guid format shader working directory is -19 characters bigger than the processId version (../../../../../../Users/Luis/Desktop/TheCursedBlade/Cursed_Blade/Intermediate/Shaders/WorkingDirectory/6104/).
[2017.04.19-20.05.44:391][  0]LogShaderCompilers: Cleaned the shader compiler working directory 'C:/Users/Luis/AppData/Local/Temp/UnrealShaderWorkingDir/EAF9E623437C898481096097F79E5019/'.
[2017.04.19-20.05.44:391][  0]LogShaderCompilers:Display: Using Local Shader Compiler.
[2017.04.19-20.05.54:603][  0]LogTemp:Display: Loaded TP AllDesktopTargetPlatform
[2017.04.19-20.05.55:048][  0]LogTemp:Display: Loaded TP MacClientTargetPlatform
[2017.04.19-20.05.55:458][  0]LogTemp:Display: Loaded TP MacNoEditorTargetPlatform
[2017.04.19-20.05.55:904][  0]LogTemp:Display: Loaded TP MacServerTargetPlatform
[2017.04.19-20.05.56:323][  0]LogTemp:Display: Loaded TP MacTargetPlatform
[2017.04.19-20.05.56:733][  0]LogTemp:Display: Loaded TP WindowsClientTargetPlatform
[2017.04.19-20.05.57:142][  0]LogTemp:Display: Loaded TP WindowsNoEditorTargetPlatform
[2017.04.19-20.05.57:613][  0]LogTemp:Display: Loaded TP WindowsServerTargetPlatform
[2017.04.19-20.05.58:086][  0]LogTemp:Display: Loaded TP WindowsTargetPlatform
[2017.04.19-20.05.58:542][  0]LogTemp:Display: Loaded TP AndroidTargetPlatform
[2017.04.19-20.05.58:973][  0]LogTemp:Display: Loaded TP Android_ASTCTargetPlatform
[2017.04.19-20.05.59:375][  0]LogTemp:Display: Loaded TP Android_ATCTargetPlatform
[2017.04.19-20.05.59:774][  0]LogTemp:Display: Loaded TP Android_DXTTargetPlatform
[2017.04.19-20.06.00:176][  0]LogTemp:Display: Loaded TP Android_ETC1TargetPlatform
[2017.04.19-20.06.00:601][  0]LogTemp:Display: Loaded TP Android_ETC2TargetPlatform
[2017.04.19-20.06.01:402][  0]LogTemp:Display: Loaded TP Android_MultiTargetPlatform
[2017.04.19-20.06.01:402][  0]LogTemp:Display: Loaded TP Android_PVRTCTargetPlatform
[2017.04.19-20.06.01:769][  0]LogTemp:Display: Loaded TP HTML5TargetPlatform
[2017.04.19-20.06.02:536][  0]LogTemp:Display: Loaded TP IOSTargetPlatform
[2017.04.19-20.06.02:803][  0]LogTemp:Display: Loaded TP TVOSTargetPlatform
[2017.04.19-20.06.03:201][  0]LogTemp:Display: Loaded TP LinuxClientTargetPlatform
[2017.04.19-20.06.03:606][  0]LogTemp:Display: Loaded TP LinuxNoEditorTargetPlatform
[2017.04.19-20.06.04:007][  0]LogTemp:Display: Loaded TP LinuxServerTargetPlatform
[2017.04.19-20.06.04:443][  0]LogTemp:Display: Loaded TP LinuxTargetPlatform
[2017.04.19-20.06.04:443][  0]LogTargetPlatformManager:Display: Building Assets For Windows
[2017.04.19-20.06.08:603][  0]LogDerivedDataCache:Display: Max Cache Size: 512 MB
[2017.04.19-20.06.09:290][  0]LogDerivedDataCache: Loaded boot cache 0.69s 50MB C:/Users/Luis/AppData/Local/UnrealEngine/4.14/DerivedDataCache/Boot.ddc.
[2017.04.19-20.06.09:290][  0]LogDerivedDataCache:Display: Loaded Boot cache: C:/Users/Luis/AppData/Local/UnrealEngine/4.14/DerivedDataCache/Boot.ddc
[2017.04.19-20.06.09:291][  0]LogDerivedDataCache: FDerivedDataBackendGraph:  Pak pak cache file ../../../../../../Users/Luis/Desktop/TheCursedBlade/Cursed_Blade/DerivedDataCache/DDC.ddp not found, will not use a pak cache.
[2017.04.19-20.06.09:291][  0]LogDerivedDataCache: Unable to find inner node Pak for hierarchical cache Hierarchy.
[2017.04.19-20.06.09:291][  0]LogDerivedDataCache: FDerivedDataBackendGraph:  CompressedPak pak cache file ../../../../../../Users/Luis/Desktop/TheCursedBlade/Cursed_Blade/DerivedDataCache/Compressed.ddp not found, will not use a pak cache.
[2017.04.19-20.06.09:291][  0]LogDerivedDataCache: Unable to find inner node CompressedPak for hierarchical cache Hierarchy.
[2017.04.19-20.06.09:331][  0]LogDerivedDataCache:Display: Pak cache opened for reading ../../../Engine/DerivedDataCache/Compressed.ddp.
[2017.04.19-20.06.09:360][  0]LogDerivedDataCache: Using Local data cache path C:/Users/Luis/AppData/Local/UnrealEngine/Common/DerivedDataCache: Writable
[2017.04.19-20.06.13:983][  0]LogInit: Selected Device Profile: [Windows]
[2017.04.19-20.06.14:000][  0]LogContentStreaming: Texture pool size is 0.00 MB
[2017.04.19-20.06.15:285][  0]LogMeshUtilities: Using QuadricMeshReduction for automatic static mesh reduction
[2017.04.19-20.06.15:693][  0]LogSimplygon: Simplygon DLL not present - disabling.
[2017.04.19-20.06.16:083][  0]LogMeshUtilities: Using SimplygonSwarm for distributed automatic mesh merging
[2017.04.19-20.06.16:083][  0]LogMeshUtilities: No automatic skeletal mesh reduction module available
[2017.04.19-20.06.16:083][  0]LogMeshUtilities: No automatic mesh merging module available
[2017.04.19-20.06.19:293][  0]LogNetVersion: GetLocalNetworkVersion: CL: 3195953, ProjectName: cursed_blade, ProjectVersion: , EngineNetworkVersion: 2, GameNetworkVersion: 0, NetworkChecksum: 3550933385
[2017.04.19-20.06.19:634][  0]LogAssetRegistry: FAssetRegistry took 0.0222 seconds to start up
[2017.04.19-20.06.20:248][  0]LogPackageLocalizationCache: Processed 3 localized package path(s) for 2 prioritized culture(s) in 0.332207 seconds
[2017.04.19-20.06.20:257][  0]LogUObjectArray: 31946 objects as part of root set at end of initial load.
[2017.04.19-20.06.20:257][  0]LogUObjectAllocator: 6935848 out of 0 bytes used by permanent object pool.
[2017.04.19-20.06.20:257][  0]LogUObjectArray: CloseDisregardForGC: 0/0 objects in disregard for GC pool
[2017.04.19-20.06.20:952][  0]LogInit: WinSock: version 1.1 (2.2), MaxSocks=32767, MaxUdp=65467
[2017.04.19-20.06.30:359][  0]LogSlate: Using Freetype 2.6.0
[2017.04.19-20.06.30:413][  0]LogSlate: SlateFontCache - WITH_FREETYPE: 1, WITH_HARFBUZZ: 1
[2017.04.19-20.06.30:413][  0]LogSlate: SlateFontCache - WITH_FREETYPE: 1, WITH_HARFBUZZ: 1
[2017.04.19-20.07.08:941][  0]LogTcpMessaging: Initializing TcpMessaging bridge
[2017.04.19-20.07.09:111][  0]LogUdpMessaging: Initializing bridge on interface 0.0.0.0:0 to multicast group 230.0.0.1:6666.
[2017.04.19-20.07.11:357][  0]LogMaterial: Uniform references updated for custom material expression Custom.
[2017.04.19-20.07.13:830][  0]SourceControl: Info Source control is disabled
[2017.04.19-20.07.13:834][  0]SourceControl: Info Source control is disabled
[2017.04.19-20.07.14:116][  0]SourceControl: Info Source control is disabled
[2017.04.19-20.07.14:395][  0]SourceControl: Info Source control is disabled
[2017.04.19-20.07.22:319][  0]LogEngine: Initializing Engine...
[2017.04.19-20.07.22:321][  0]LogHMD: Failed to initialize OpenVR with code 110
[2017.04.19-20.07.23:560][  0]LogAIModule: Creating AISystem for world Untitled
[2017.04.19-20.07.23:602][  0]LogInit: XAudio2 using 'Speakers / HP (IDT High Definition Audio CODEC)' : 2 channels at 48 kHz using 16 bits per sample (channel mask 0x3)
[2017.04.19-20.07.23:814][  0]LogInit: FAudioDevice initialized.
[2017.04.19-20.07.23:849][  0]LogDerivedDataCache: Saved boot cache 0.04s 50MB C:/Users/Luis/AppData/Local/UnrealEngine/4.14/DerivedDataCache/Boot.ddc.
[2017.04.19-20.07.23:866][  0]LogInit: Texture streaming: Enabled
[2017.04.19-20.07.25:119][  0]LogInit: Transaction tracking system initialized
[2017.04.19-20.07.27:240][  0]BlueprintLog: New page: Editor Load
[2017.04.19-20.07.32:804][  0]LocalizationService: Info Localization service is disabled
[2017.04.19-20.07.37:438][  0]LogConsoleResponse:Display: 
[2017.04.19-20.07.38:907][  0]LogCook:Display: Max memory allowance for cook 16384mb min free memory 0mb
[2017.04.19-20.07.38:907][  0]LogCook:Display: Mobile HDR setting 1
[2017.04.19-20.07.39:914][  0]LogFileCache: Scanning file cache for directory 'C:/Users/Luis/Desktop/TheCursedBlade/Cursed_Blade/Content/' took 0.06s
[2017.04.19-20.07.45:625][  0]SourceControl: Info Source control is disabled
[2017.04.19-20.07.45:626][  0]Cmd: MAP LOAD FILE="../../../../../../Users/Luis/Desktop/TheCursedBlade/Cursed_Blade/Content/Levels/MainMenuLevel.umap" TEMPLATE=0 SHOWPROGRESS=1 FEATURELEVEL=3
[2017.04.19-20.07.45:627][  0]LightingResults: New page: Lighting Build
[2017.04.19-20.07.45:893][  0]MapCheck: New page: Map Check
[2017.04.19-20.07.45:893][  0]LightingResults: New page: Lighting Build
[2017.04.19-20.07.48:544][  0]LogAIModule: Creating AISystem for world MainMenuLevel
[2017.04.19-20.07.48:759][  0]LogEditorServer: Finished looking for orphan Actors (0.000 secs)
[2017.04.19-20.07.48:760][  0]Cmd: MAP CHECKDEP NOCLEARLOG
[2017.04.19-20.07.48:948][  0]MapCheck: Info Map check complete: 0 Error(s), 0 Warning(s), took 187.447ms to complete.
[2017.04.19-20.07.48:948][  0]LogFileHelpers: Loading map 'MainMenuLevel' took 3.322
[2017.04.19-20.07.49:013][  0]LogWindowsTextInputMethodSystem:Display: IME system now deactivated.
[2017.04.19-20.07.49:014][  0]LogWindowsTextInputMethodSystem:Display: IME system now deactivated.
[2017.04.19-20.07.49:483][  0]LogCollectionManager: Loaded 0 collections in 0.002500 seconds
[2017.04.19-20.07.49:780][  0]LogFileCache: Scanning file cache for directory 'C:/Users/Luis/Desktop/TheCursedBlade/Cursed_Blade/Saved/Collections/' took 0.01s
[2017.04.19-20.07.49:780][  0]LogFileCache: Scanning file cache for directory 'C:/Users/Luis/Desktop/TheCursedBlade/Cursed_Blade/Content/Developers/Luis/Collections/' took 0.01s
[2017.04.19-20.07.49:780][  0]LogFileCache: Scanning file cache for directory 'C:/Users/Luis/Desktop/TheCursedBlade/Cursed_Blade/Content/Collections/' took 0.01s
[2017.04.19-20.07.49:780][  0]LogCollectionManager: Rebuilt the GUID cache for 0 collections in 0.000002 seconds
[2017.04.19-20.07.49:793][  0]LogContentBrowser: Native class hierarchy populated in 0.0129 seconds. Added 2190 classes and 428 folders.
[2017.04.19-20.07.50:045][  0]LogStats: UGameplayTagsManager::ConstructGameplayTagTree: Construct from data asset -  0.000 s
[2017.04.19-20.07.50:045][  0]LogStats: UGameplayTagsManager::ConstructGameplayTagTree: GameplayTagTreeChangedEvent.Broadcast -  0.000 s
[2017.04.19-20.07.50:046][  0]LogContentBrowser: Native class hierarchy updated for 'GameplayTags' in 0.0010 seconds. Added 13 classes and 0 folders.
[2017.04.19-20.07.50:440][  0]LogContentBrowser: Native class hierarchy updated for 'WidgetCarousel' in 0.0009 seconds. Added 0 classes and 0 folders.
[2017.04.19-20.07.53:267][  0]LogContentBrowser: Native class hierarchy updated for 'AddContentDialog' in 0.0029 seconds. Added 0 classes and 0 folders.
[2017.04.19-20.07.53:560][  0]LogContentBrowser: Native class hierarchy updated for 'SceneOutliner' in 0.0012 seconds. Added 1 classes and 2 folders.
[2017.04.19-20.07.53:837][  0]LogCrashTracker: Crashtracker disabled due to settings.
[2017.04.19-20.07.53:844][  0]LogUObjectGlobals:Warning: Failed to find object 'Class None.'
[2017.04.19-20.07.54:180][  0]LogContentBrowser: Native class hierarchy updated for 'HierarchicalLODOutliner' in 0.0011 seconds. Added 1 classes and 2 folders.
[2017.04.19-20.07.54:180][  0]LogLoad: (Engine Initialization) Total time: 150.92 seconds
[2017.04.19-20.07.54:180][  0]LogLoad: (Engine Initialization) Total Blueprint compile time: 0.95 seconds
[2017.04.19-20.07.54:180][  0]LogExternalProfiler: Found external profiler: VSPerf
[2017.04.19-20.07.54:180][  0]LogExternalProfiler: Using external profiler: VSPerf
[2017.04.19-20.07.54:199][  0]LogOcInput: OculusInput pre-init called
[2017.04.19-20.07.54:218][  0]LogContentStreaming: Texture pool size now 3000 MB
[2017.04.19-20.07.54:759][  0]LogRenderer: Reallocating scene render targets to support 964x436 NumSamples 1 (Frame:2).
[2017.04.19-20.07.56:251][  4]LogAssetRegistry: Asset discovery search completed in 96.6394 seconds
[2017.04.19-20.07.56:251][  4]LogCollectionManager: Rebuilt the object cache for 0 collections in 0.000001 seconds (found 0 objects)
[2017.04.19-20.07.56:251][  4]LogCollectionManager: Fixed up redirectors for 0 collections in 0.000020 seconds (updated 0 objects)
[2017.04.19-20.08.52:008][225]LogContentBrowser: Native class hierarchy updated for 'BlueprintGraph' in 0.0026 seconds. Added 111 classes and 0 folders.
[2017.04.19-20.17.55:360][943]LogFileHelpers: Editor autosave (incl. sublevels) for '/Game/Levels/MainMenuLevel' took 0.197
[2017.04.19-20.17.55:393][943]OBJ SavePackage: Generating thumbnails for [1] asset(s) in package [/Game/character/characterBP] ([1] browsable assets)...
[2017.04.19-20.17.55:716][943]OBJ SavePackage:     Rendered thumbnail for [Blueprint /Game/character/characterBP.characterBP]
[2017.04.19-20.17.55:716][943]OBJ SavePackage: Finished generating thumbnails for package [/Game/character/characterBP]
[2017.04.19-20.17.56:498][943]LogSavePackage: Save=630.99ms
[2017.04.19-20.17.56:498][943]LogSavePackage: Moving '../../../../../../Users/Luis/Desktop/TheCursedBlade/Cursed_Blade/Saved/characterBP_Auto14B6CB2C44070BF7CA376D1BFC7A43E82.tmp' to '../../../../../../Users/Luis/Desktop/TheCursedBlade/Cursed_Blade/Saved/Autosaves/Game/character/characterBP_Auto1.uasset'
[2017.04.19-20.17.56:539][943]LogSavePackage:Display: Finished SavePackage ../../../../../../Users/Luis/Desktop/TheCursedBlade/Cursed_Blade/Saved/Autosaves/Game/character/characterBP_Auto1.uasset
[2017.04.19-20.17.56:539][943]LogFileHelpers: Auto-saving content packages took 1.173
[2017.04.19-20.18.41:577][222]BlueprintLog: New page: Compile characterBP
[2017.04.19-20.19.14:601][516]LogPackageName:Warning: String asset reference "Env_Ice_Rocky.Mesh.Env_Ice_MelancholicTroll01" is in short form, which is unsupported and -- even if valid -- resolving it will be really slow. Please consider resaving package in order to speed-up loading.
[2017.04.19-20.19.15:124][516]LogPackageName: SearchForPackageOnDisk took   0.523s, but failed to resolve Env_Ice_Rocky.
[2017.04.19-20.19.15:124][516]LogPackageName:Warning: String asset reference "Env_Ice_Rocky.Mesh.Env_Ice_MelancholicTroll01" could not be resolved.
[2017.04.19-20.19.16:362][516]LogPackageName:Warning: String asset reference "Env_Ice_Rocky.Mesh.Env_Ice_NordHeed01" is in short form, which is unsupported and -- even if valid -- resolving it will be really slow. Please consider resaving package in order to speed-up loading.
[2017.04.19-20.19.17:146][516]LogPackageName: SearchForPackageOnDisk took   0.784s, but failed to resolve Env_Ice_Rocky.
[2017.04.19-20.19.17:146][516]LogPackageName:Warning: String asset reference "Env_Ice_Rocky.Mesh.Env_Ice_NordHeed01" could not be resolved.
[2017.04.19-20.19.19:352][516]LogPackageName:Warning: String asset reference "Exo_Deco01.SM.Mesh.WoodenBarrel_Intact" is in short form, which is unsupported and -- even if valid -- resolving it will be really slow. Please consider resaving package in order to speed-up loading.
[2017.04.19-20.19.20:205][516]LogPackageName: SearchForPackageOnDisk took   0.853s, but failed to resolve Exo_Deco01.
[2017.04.19-20.19.20:205][516]LogPackageName:Warning: String asset reference "Exo_Deco01.SM.Mesh.WoodenBarrel_Intact" could not be resolved.
[2017.04.19-20.19.20:508][516]LogPackageName:Warning: String asset reference "Env_Ice_RuinedWalls001" is in short form, which is unsupported and -- even if valid -- resolving it will be really slow. Please consider resaving package in order to speed-up loading.
[2017.04.19-20.19.21:275][516]LogPackageName: SearchForPackageOnDisk took   0.767s, but failed to resolve Env_Ice_RuinedWalls001.
[2017.04.19-20.19.21:275][516]LogPackageName:Warning: String asset reference "Env_Ice_RuinedWalls001" could not be resolved.
[2017.04.19-20.19.44:867][516]LogAIModule: Creating AISystem for world TombLevel
[2017.04.19-20.20.30:655][516]Cmd: OBJ SAVEPACKAGE PACKAGE="/Game/character/characterBP" FILE="../../../../../../Users/Luis/Desktop/TheCursedBlade/Cursed_Blade/Content/character/characterBP.uasset" SILENT=true
[2017.04.19-20.20.30:913][516]LogSavePackage: Save=212.67ms
[2017.04.19-20.20.30:915][516]LogSavePackage: Moving '../../../../../../Users/Luis/Desktop/TheCursedBlade/Cursed_Blade/Saved/characterBP6AFD89B84C8A8177EEE1AEA69F8220CB.tmp' to '../../../../../../Users/Luis/Desktop/TheCursedBlade/Cursed_Blade/Content/character/characterBP.uasset'
[2017.04.19-20.20.30:968][516]LogSavePackage:Display: Finished SavePackage ../../../../../../Users/Luis/Desktop/TheCursedBlade/Cursed_Blade/Content/character/characterBP.uasset
[2017.04.19-20.20.30:983][516]Cmd: MAP LOAD FILE="../../../../../../Users/Luis/Desktop/TheCursedBlade/Cursed_Blade/Content/Levels/TombLevel.umap" TEMPLATE=0 SHOWPROGRESS=1 FEATURELEVEL=3
[2017.04.19-20.20.30:984][516]LightingResults: New page: Lighting Build
[2017.04.19-20.20.30:985][516]LoadErrors: New page: Loading map: TombLevel.umap
[2017.04.19-20.20.31:003][516]MapCheck: New page: Map Check
[2017.04.19-20.20.31:003][516]LightingResults: New page: Lighting Build
[2017.04.19-20.20.31:418][516]LogEditorServer: Finished looking for orphan Actors (0.000 secs)
[2017.04.19-20.20.31:656][516]Cmd: MAP CHECKDEP NOCLEARLOG
[2017.04.19-20.20.33:018][516]MapCheck: Info Map check complete: 0 Error(s), 0 Warning(s), took 1,362.236ms to complete.
[2017.04.19-20.20.33:019][516]LogFileHelpers: Loading map 'TombLevel' took 2.051
[2017.04.19-20.20.52:955][847]LogTemp: Repeting last play command: New Editor Window (PIE)
[2017.04.19-20.20.53:027][847]LogBlueprintUserMessages: Early PlayInEditor Detection: Level '/Game/Levels/TombLevel.TombLevel:PersistentLevel' has LevelScriptBlueprint '/Game/Levels/TombLevel.TombLevel:PersistentLevel.TombLevel' with GeneratedClass '/Game/Levels/TombLevel.TombLevel_C' with ClassGeneratedBy '/Game/Levels/TombLevel.TombLevel:PersistentLevel.TombLevel'
[2017.04.19-20.20.53:027][847]LogPlayLevel: PlayLevel: No blueprints needed recompiling
[2017.04.19-20.20.53:035][847]PIE: New page: PIE session: TombLevel (Apr 19, 2017, 12:20:53 PM)
[2017.04.19-20.20.53:035][847]LogPlayLevel: Creating play world package: /Game/Levels/UEDPIE_0_TombLevel
[2017.04.19-20.20.53:318][847]LogPlayLevel: PIE: StaticDuplicateObject took: (0.283018s)
[2017.04.19-20.20.53:319][847]LogAIModule: Creating AISystem for world TombLevel
[2017.04.19-20.20.53:320][847]LogPlayLevel: PIE: World Init took: (0.001194s)
[2017.04.19-20.20.53:320][847]LogPlayLevel: PIE: Created PIE world by copying editor world from /Game/Levels/TombLevel.TombLevel to /Game/Levels/UEDPIE_0_TombLevel.TombLevel (0.284959s)
[2017.04.19-20.20.53:393][847]LogInit: XAudio2 using 'Speakers / HP (IDT High Definition Audio CODEC)' : 2 channels at 48 kHz using 16 bits per sample (channel mask 0x3)
[2017.04.19-20.20.53:661][847]LogInit: FAudioDevice initialized.
[2017.04.19-20.20.53:827][847]LogLoad: Game class is 'myGame_C'
[2017.04.19-20.20.53:960][847]LogWorld: Bringing World /Game/Levels/UEDPIE_0_TombLevel.TombLevel up for play (max tick rate 60) at 2017.04.19-16.20.53
[2017.04.19-20.20.53:986][847]LogWorld: Bringing up level for play took: 0.156683
[2017.04.19-20.20.54:580][847]LogContentBrowser: Native class hierarchy updated for 'MovieSceneCapture' in 0.0031 seconds. Added 11 classes and 0 folders.
[2017.04.19-20.20.54:604][847]PIE: Info Play in editor start time for /Game/Levels/UEDPIE_0_TombLevel 2.519
[2017.04.19-20.20.54:605][847]LogBlueprintUserMessages: Late PlayInEditor Detection: Level '/Game/Levels/TombLevel.TombLevel:PersistentLevel' has LevelScriptBlueprint '/Game/Levels/TombLevel.TombLevel:PersistentLevel.TombLevel' with GeneratedClass '/Game/Levels/TombLevel.TombLevel_C' with ClassGeneratedBy '/Game/Levels/TombLevel.TombLevel:PersistentLevel.TombLevel'
[2017.04.19-20.21.08:472][ 85]LogBlueprintUserMessages: [PickupBox_16] Picked Up Orb
[2017.04.19-20.23.58:387][616]LogNet: Browse: /Game/Levels/BattlegroundsLevel
[2017.04.19-20.23.58:462][616]LogLoad: LoadMap: /Game/Levels/BattlegroundsLevel
[2017.04.19-20.23.58:684][616]Cmd: MEM
[2017.04.19-20.23.58:797][616]LogMemory: Platform Memory Stats for Windows
[2017.04.19-20.23.58:797][616]LogMemory: Process Physical Memory: 2462.78 MB used, 2487.47 MB peak
[2017.04.19-20.23.58:797][616]LogMemory: Process Virtual Memory: 2509.80 MB used, 2524.72 MB peak
[2017.04.19-20.23.58:797][616]LogMemory: Physical Memory: 6208.40 MB used,  1915.43 MB free, 8123.84 MB total
[2017.04.19-20.23.58:797][616]LogMemory: Virtual Memory: 3332.98 MB used,  1915.43 MB free, 134217728.00 MB total
[2017.04.19-20.23.58:797][616]LogMemory: 
[2017.04.19-20.23.58:797][616]Allocator Stats for TBB: (not implemented)
[2017.04.19-20.24.16:299][616]LogAIModule: Creating AISystem for world BattlegroundsLevel
[2017.04.19-20.24.16:300][616]LogLoad: Game class is 'myGame_C'
[2017.04.19-20.24.16:315][616]LogWorld: Bringing World /Game/Levels/UEDPIE_0_BattlegroundsLevel.BattlegroundsLevel up for play (max tick rate 60) at 2017.04.19-16.24.16
[2017.04.19-20.24.16:316][616]LogWorld: Bringing up level for play took: 0.007703
[2017.04.19-20.24.16:369][616]LogLoad: Took 17.906538 seconds to LoadMap(/Game/Levels/BattlegroundsLevel)
[2017.04.19-20.25.16:693][276]LogBlueprintUserMessages: Early EndPlayMap Detection: Level '/Game/Levels/TombLevel.TombLevel:PersistentLevel' has LevelScriptBlueprint '/Game/Levels/TombLevel.TombLevel:PersistentLevel.TombLevel' with GeneratedClass '/Game/Levels/TombLevel.TombLevel_C' with ClassGeneratedBy '/Game/Levels/TombLevel.TombLevel:PersistentLevel.TombLevel'
[2017.04.19-20.25.16:971][276]LogBlueprintUserMessages: Late EndPlayMap Detection: Level '/Game/Levels/TombLevel.TombLevel:PersistentLevel' has LevelScriptBlueprint '/Game/Levels/TombLevel.TombLevel:PersistentLevel.TombLevel' with GeneratedClass '/Game/Levels/TombLevel.TombLevel_C' with ClassGeneratedBy '/Game/Levels/TombLevel.TombLevel:PersistentLevel.TombLevel'
[2017.04.19-20.33.22:050][839]LogFileHelpers: Editor autosave (incl. sublevels) for '/Game/Levels/TombLevel' took 0.152
[2017.04.19-20.33.22:062][839]OBJ SavePackage: Generating thumbnails for [1] asset(s) in package [/Game/ItemPickup/PickupBox] ([1] browsable assets)...
[2017.04.19-20.33.22:262][839]OBJ SavePackage:     Rendered thumbnail for [Blueprint /Game/ItemPickup/PickupBox.PickupBox]
[2017.04.19-20.33.22:262][839]OBJ SavePackage: Finished generating thumbnails for package [/Game/ItemPickup/PickupBox]
[2017.04.19-20.33.22:540][839]LogSavePackage: Save=120.40ms
[2017.04.19-20.33.22:540][839]LogSavePackage: Moving '../../../../../../Users/Luis/Desktop/TheCursedBlade/Cursed_Blade/Saved/PickupBox_Auto20528FCC249C16ECB246D6282EADC2E56.tmp' to '../../../../../../Users/Luis/Desktop/TheCursedBlade/Cursed_Blade/Saved/Autosaves/Game/ItemPickup/PickupBox_Auto2.uasset'
[2017.04.19-20.33.22:584][839]LogSavePackage:Display: Finished SavePackage ../../../../../../Users/Luis/Desktop/TheCursedBlade/Cursed_Blade/Saved/Autosaves/Game/ItemPickup/PickupBox_Auto2.uasset
[2017.04.19-20.33.22:584][839]LogFileHelpers: Auto-saving content packages took 0.532
[2017.04.19-20.48.59:270][674]LogWindowsTextInputMethodSystem:Display: IME system now deactivated.
[2017.04.19-21.00.38:307][696]LogD3D11RHI: Timed out while waiting for GPU to catch up. (500 ms)
[2017.04.19-21.00.56:366][698]LogWindowsTextInputMethodSystem:Display: IME system now deactivated.
[2017.04.19-21.01.00:940][704]LogHttp:Warning: 0000019CD3FAEF80: request failed, libcurl error: 35 (SSL connect error)
[2017.04.19-21.01.00:940][704]LogHttp:Warning: 0000019CD3FAEF80: libcurl info message cache 0 (Found bundle for host datarouter.ol.epicgames.com: 0x19d0658a518 [can pipeline])
[2017.04.19-21.01.00:940][704]LogHttp:Warning: 0000019CD3FAEF80: libcurl info message cache 1 (Re-using existing connection! (#18) with host datarouter.ol.epicgames.com)
[2017.04.19-21.01.00:940][704]LogHttp:Warning: 0000019CD3FAEF80: libcurl info message cache 2 (Connected to datarouter.ol.epicgames.com (34.192.111.22) port 443 (#18))
[2017.04.19-21.01.00:940][704]LogHttp:Warning: 0000019CD3FAEF80: libcurl info message cache 3 (upload completely sent off: 3637 out of 3637 bytes)
[2017.04.19-21.01.00:940][704]LogHttp:Warning: 0000019CD3FAEF80: libcurl info message cache 4 (SSL read: error:00000000:lib(0):func(0):reason(0), errno 10054)
[2017.04.19-21.01.00:940][704]LogHttp:Warning: 0000019CD3FAEF80: libcurl info message cache 5 (Connection died, retrying a fresh connect)
[2017.04.19-21.01.00:940][704]LogHttp:Warning: 0000019CD3FAEF80: libcurl info message cache 6 (Closing connection 18)
[2017.04.19-21.01.00:940][704]LogHttp:Warning: 0000019CD3FAEF80: libcurl info message cache 7 (Issue another request to this URL: 'https://datarouter.ol.epicgames.com/datarouter/api/v1/public/data?SessionID=%7B1FD07E53-4474-73D7-FF22-3E9CB01A0076%7D&AppID=UEEditor.Rocket.Release&AppVersion=4.14.3-3249277%2B%2B%2BUE4%2BRelease-4.14&UserID=c015a48f4b558142650ab2bb17433098%7C2d47c99f286846cab5c19eff540cfc73%7Cbf3490e8-18ed-4984-9a5b-dcfd0cca6dfc&AppEnvironment=datacollector-binary&UploadType=eteventstream')
[2017.04.19-21.01.00:940][704]LogHttp:Warning: 0000019CD3FAEF80: libcurl info message cache 8 (  Trying 34.192.111.22...)
[2017.04.19-21.01.00:940][704]LogHttp:Warning: 0000019CD3FAEF80: libcurl info message cache 9 (Connected to datarouter.ol.epicgames.com (34.192.111.22) port 443 (#19))
[2017.04.19-21.01.00:940][704]LogHttp:Warning: 0000019CD3FAEF80: libcurl info message cache 10 (ALPN, offering http/1.1)
[2017.04.19-21.01.00:940][704]LogHttp:Warning: 0000019CD3FAEF80: libcurl info message cache 11 (Cipher selection: ALL:!EXPORT:!EXPORT40:!EXPORT56:!aNULL:!LOW:!RC4:@STRENGTH)
[2017.04.19-21.01.00:940][704]LogHttp:Warning: 0000019CD3FAEF80: libcurl info message cache 12 (SSL re-using session ID)
[2017.04.19-21.01.00:940][704]LogHttp:Warning: 0000019CD3FAEF80: libcurl info message cache 13 (TLSv1.2 (OUT), TLS handshake, Client hello (1):)
[2017.04.19-21.01.00:940][704]LogHttp:Warning: 0000019CD3FAEF80: libcurl info message cache 14 (Unknown SSL protocol error in connection to datarouter.ol.epicgames.com:443 )
[2017.04.19-21.01.00:940][704]LogHttp:Warning: 0000019CD3FAEF80: libcurl info message cache 15 (Closing connection 19)
[2017.04.19-21.53.09:776][872]LogWindowsTextInputMethodSystem:Display: IME system now deactivated.
[2017.04.20-01.16.53:574][892]LogD3D11RHI: Timed out while waiting for GPU to catch up. (500 ms)
[2017.04.20-01.16.57:284][892]LogWindowsTextInputMethodSystem:Display: IME system now deactivated.
[2017.04.20-01.17.38:923][978]Cmd: OBJ SAVEPACKAGE PACKAGE="/Game/ItemPickup/PickupBox" FILE="../../../../../../Users/Luis/Desktop/TheCursedBlade/Cursed_Blade/Content/ItemPickup/PickupBox.uasset" SILENT=true
[2017.04.20-01.17.39:108][978]LogSavePackage: Save=71.25ms
[2017.04.20-01.17.39:108][978]LogSavePackage: Moving '../../../../../../Users/Luis/Desktop/TheCursedBlade/Cursed_Blade/Saved/PickupBoxF8714E38423ABD73BFDC2BBC4B89E8B9.tmp' to '../../../../../../Users/Luis/Desktop/TheCursedBlade/Cursed_Blade/Content/ItemPickup/PickupBox.uasset'
[2017.04.20-01.17.39:161][978]LogSavePackage:Display: Finished SavePackage ../../../../../../Users/Luis/Desktop/TheCursedBlade/Cursed_Blade/Content/ItemPickup/PickupBox.uasset
[2017.04.20-01.17.39:818][978]LogActorComponent: UnregisterComponent: (/Engine/Transient.EditorFloorComp) Not registered. Aborting.
[2017.04.20-01.17.40:971][979]Cmd: QUIT_EDITOR
[2017.04.20-01.17.42:410][979]LogWindowsTextInputMethodSystem:Display: IME system now deactivated.
[2017.04.20-01.17.42:410][979]LogWindowsTextInputMethodSystem:Display: IME system now deactivated.
[2017.04.20-01.17.42:628][979]LogExit: Preparing to exit.
[2017.04.20-01.17.43:718][979]LogDirectoryWatcher: A directory notification for 'C:/Users/Luis/Desktop/TheCursedBlade/Cursed_Blade/Content/' was aborted.
[2017.04.20-01.17.44:335][979]LogExit: Editor shut down
[2017.04.20-01.17.44:338][979]LogExit: Transaction tracking system shut down
[2017.04.20-01.17.49:503][979]LogObj: Freed 0b from 0 cluster array pools.
[2017.04.20-01.17.49:506][979]LogExit: Object subsystem successfully closed.
[2017.04.20-01.17.50:070][979]LogD3D11RHI: Shutdown
[2017.04.20-01.17.50:088][979]LogD3D11RHI: CleanupD3DDevice
[2017.04.20-01.17.50:949][979]LogD3D11RHI: ~FD3D11DynamicRHI
[2017.04.20-01.17.52:660][979]LogHttp:Display: Http module shutting down, but needs to wait on 1 outstanding Http requests:
[2017.04.20-01.17.52:660][979]LogHttp:Display: 	verb=[POST] url=[https://datarouter.ol.epicgames.com/datarouter/api/v1/public/data?SessionID=%7B1FD07E53-4474-73D7-FF22-3E9CB01A0076%7D&AppID=UEEditor.Rocket.Release&AppVersion=4.14.3-3249277%2B%2B%2BUE4%2BRelease-4.14&UserID=c015a48f4b558142650ab2bb17433098%7C2d47c99f286846cab5c19eff540cfc73%7Cbf3490e8-18ed-4984-9a5b-dcfd0cca6dfc&AppEnvironment=datacollector-binary&UploadType=eteventstream] status=Processing
[2017.04.20-01.17.52:931][979]LogModuleManager: Shutting down and abandoning module MovieSceneCapture (244)
[2017.04.20-01.17.52:954][979]LogModuleManager: Shutting down and abandoning module BlueprintGraph (243)
[2017.04.20-01.17.52:954][979]LogModuleManager: Shutting down and abandoning module BlueprintProfiler (242)
[2017.04.20-01.17.52:985][979]LogModuleManager: Shutting down and abandoning module HierarchicalLODOutliner (241)
[2017.04.20-01.17.53:003][979]LogModuleManager: Shutting down and abandoning module CrashTracker (240)
[2017.04.20-01.17.53:033][979]LogModuleManager: Shutting down and abandoning module SceneOutliner (239)
[2017.04.20-01.17.53:033][979]LogModuleManager: Shutting down and abandoning module WidgetCarousel (238)
[2017.04.20-01.17.53:033][979]LogModuleManager: Shutting down and abandoning module AddContentDialog (237)
[2017.04.20-01.17.53:073][979]LogDirectoryWatcher: A directory notification for 'C:/Program Files/Epic Games/UE_4.14/FeaturePacks/' was aborted.
[2017.04.20-01.17.53:089][979]LogModuleManager: Shutting down and abandoning module GameplayTags (236)
[2017.04.20-01.17.53:089][979]LogModuleManager: Shutting down and abandoning module EditorWidgets (235)
[2017.04.20-01.17.53:089][979]LogModuleManager: Shutting down and abandoning module CollectionManager (234)
[2017.04.20-01.17.53:123][979]LogDirectoryWatcher: A directory notification for 'C:/Users/Luis/Desktop/TheCursedBlade/Cursed_Blade/Content/Collections/' was aborted.
[2017.04.20-01.17.53:123][979]LogDirectoryWatcher: A directory notification for 'C:/Users/Luis/Desktop/TheCursedBlade/Cursed_Blade/Content/Developers/Luis/Collections/' was aborted.
[2017.04.20-01.17.53:124][979]LogDirectoryWatcher: A directory notification for 'C:/Users/Luis/Desktop/TheCursedBlade/Cursed_Blade/Saved/Collections/' was aborted.
[2017.04.20-01.17.53:124][979]LogModuleManager: Shutting down and abandoning module StatsViewer (233)
[2017.04.20-01.17.53:147][979]LogModuleManager: Shutting down and abandoning module FoliageEdit (232)
[2017.04.20-01.17.53:195][979]LogModuleManager: Shutting down and abandoning module LandscapeEditor (231)
[2017.04.20-01.17.53:272][979]LogModuleManager: Shutting down and abandoning module SceneDepthPickerMode (230)
[2017.04.20-01.17.53:272][979]LogModuleManager: Shutting down and abandoning module ActorPickerMode (229)
[2017.04.20-01.17.53:272][979]LogModuleManager: Shutting down and abandoning module GeometryMode (228)
[2017.04.20-01.17.53:272][979]LogModuleManager: Shutting down and abandoning module TextureAlignMode (227)
[2017.04.20-01.17.53:272][979]LogModuleManager: Shutting down and abandoning module BspMode (226)
[2017.04.20-01.17.53:293][979]LogModuleManager: Shutting down and abandoning module HardwareSurvey (225)
[2017.04.20-01.17.53:308][979]LogModuleManager: Shutting down and abandoning module SequenceRecorderSections (224)
[2017.04.20-01.17.53:325][979]LogModuleManager: Shutting down and abandoning module AutomationWorker (223)
[2017.04.20-01.17.53:350][979]LogModuleManager: Shutting down and abandoning module MatineeToLevelSequence (222)
[2017.04.20-01.17.53:355][979]LogModuleManager: Shutting down and abandoning module PlacementMode (221)
[2017.04.20-01.17.53:375][979]LogModuleManager: Shutting down and abandoning module LevelSequenceEditor (220)
[2017.04.20-01.17.53:409][979]LogModuleManager: Shutting down and abandoning module WmfMediaFactory (219)
[2017.04.20-01.17.53:409][979]LogModuleManager: Shutting down and abandoning module WmfMediaEditor (218)
[2017.04.20-01.17.53:409][979]LogModuleManager: Shutting down and abandoning module AvfMediaFactory (217)
[2017.04.20-01.17.53:409][979]LogModuleManager: Shutting down and abandoning module AvfMediaEditor (216)
[2017.04.20-01.17.53:409][979]LogModuleManager: Shutting down and abandoning module Media (215)
[2017.04.20-01.17.53:409][979]LogModuleManager: Shutting down and abandoning module AndroidMediaFactory (214)
[2017.04.20-01.17.53:409][979]LogModuleManager: Shutting down and abandoning module AndroidMediaEditor (213)
[2017.04.20-01.17.53:409][979]LogModuleManager: Shutting down and abandoning module CharacterAI (212)
[2017.04.20-01.17.53:409][979]LogModuleManager: Shutting down and abandoning module SequenceRecorder (211)
[2017.04.20-01.17.53:441][979]LogModuleManager: Shutting down and abandoning module AudioCapture (210)
[2017.04.20-01.17.53:442][979]LogModuleManager: Shutting down and abandoning module SmartSnapping (209)
[2017.04.20-01.17.53:442][979]LogModuleManager: Shutting down and abandoning module SessionServices (208)
[2017.04.20-01.17.53:442][979]LogModuleManager: Shutting down and abandoning module ViewportSnapping (207)
[2017.04.20-01.17.53:442][979]LogModuleManager: Shutting down and abandoning module ViewportInteraction (206)
[2017.04.20-01.17.53:442][979]LogModuleManager: Shutting down and abandoning module LogVisualizer (205)
[2017.04.20-01.17.53:463][979]LogModuleManager: Shutting down and abandoning module GameProjectGeneration (204)
[2017.04.20-01.17.53:480][979]LogModuleManager: Shutting down and abandoning module IntroTutorials (203)
[2017.04.20-01.17.53:499][979]LogModuleManager: Shutting down and abandoning module EditorLiveStreaming (202)
[2017.04.20-01.17.53:499][979]LogModuleManager: Shutting down and abandoning module IOSPlatformEditor (201)
[2017.04.20-01.17.53:511][979]LogModuleManager: Shutting down and abandoning module HTML5PlatformEditor (200)
[2017.04.20-01.17.53:512][979]LogModuleManager: Shutting down and abandoning module AndroidDeviceDetection (199)
[2017.04.20-01.17.54:335][979]LogModuleManager: Shutting down and abandoning module AndroidPlatformEditor (198)
[2017.04.20-01.17.54:346][979]LogModuleManager: Shutting down and abandoning module IOSRuntimeSettings (197)
[2017.04.20-01.17.54:346][979]LogModuleManager: Shutting down and abandoning module AndroidRuntimeSettings (196)
[2017.04.20-01.17.54:346][979]LogModuleManager: Shutting down and abandoning module InputBindingEditor (195)
[2017.04.20-01.17.54:351][979]LogModuleManager: Shutting down and abandoning module NiagaraEditor (194)
[2017.04.20-01.17.54:408][979]LogModuleManager: Shutting down and abandoning module MergeActors (193)
[2017.04.20-01.17.54:418][979]LogModuleManager: Shutting down and abandoning module SizeMap (192)
[2017.04.20-01.17.54:428][979]LogModuleManager: Shutting down and abandoning module TreeMap (191)
[2017.04.20-01.17.54:445][979]LogModuleManager: Shutting down and abandoning module ReferenceViewer (190)
[2017.04.20-01.17.54:445][979]LogModuleManager: Shutting down and abandoning module LocalizationService (189)
[2017.04.20-01.17.54:458][979]LogModuleManager: Shutting down and abandoning module LocalizationDashboard (188)
[2017.04.20-01.17.54:470][979]LogModuleManager: Shutting down and abandoning module HardwareTargeting (187)
[2017.04.20-01.17.54:480][979]LogModuleManager: Shutting down and abandoning module DeviceProfileEditor (186)
[2017.04.20-01.17.54:488][979]LogModuleManager: Shutting down and abandoning module UndoHistory (185)
[2017.04.20-01.17.54:494][979]LogModuleManager: Shutting down and abandoning module UserFeedback (184)
[2017.04.20-01.17.54:494][979]LogModuleManager: Shutting down and abandoning module XmlParser (183)
[2017.04.20-01.17.54:505][979]LogModuleManager: Shutting down and abandoning module Blutility (182)
[2017.04.20-01.17.54:510][979]LogModuleManager: Shutting down and abandoning module ProjectTargetPlatformEditor (181)
[2017.04.20-01.17.54:510][979]LogModuleManager: Shutting down and abandoning module ProjectSettingsViewer (180)
[2017.04.20-01.17.54:511][979]LogModuleManager: Shutting down and abandoning module EditorSettingsViewer (179)
[2017.04.20-01.17.54:511][979]LogModuleManager: Shutting down and abandoning module SettingsEditor (178)
[2017.04.20-01.17.54:525][979]LogModuleManager: Shutting down and abandoning module ProjectLauncher (177)
[2017.04.20-01.17.54:550][979]LogModuleManager: Shutting down and abandoning module SessionFrontend (176)
[2017.04.20-01.17.54:562][979]LogModuleManager: Shutting down and abandoning module ProfilerClient (175)
[2017.04.20-01.17.54:576][979]LogModuleManager: Shutting down and abandoning module TargetDeviceServices (174)
[2017.04.20-01.17.54:576][979]LogModuleManager: Shutting down and abandoning module DeviceManager (173)
[2017.04.20-01.17.54:627][979]LogModuleManager: Shutting down and abandoning module AutomationController (172)
[2017.04.20-01.17.54:637][979]LogModuleManager: Shutting down and abandoning module AutomationWindow (171)
[2017.04.20-01.17.54:656][979]LogModuleManager: Shutting down and abandoning module Layers (170)
[2017.04.20-01.17.54:739][979]LogModuleManager: Shutting down and abandoning module ComponentVisualizers (169)
[2017.04.20-01.17.54:739][979]LogModuleManager: Shutting down and abandoning module DetailCustomizations (168)
[2017.04.20-01.17.54:797][979]LogModuleManager: Shutting down and abandoning module PackagesDialog (167)
[2017.04.20-01.17.54:797][979]LogModuleManager: Shutting down and abandoning module AnimGraph (166)
[2017.04.20-01.17.54:797][979]LogModuleManager: Shutting down and abandoning module Persona (165)
[2017.04.20-01.17.54:831][979]LogModuleManager: Shutting down and abandoning module Kismet (164)
[2017.04.20-01.17.54:865][979]LogModuleManager: Shutting down and abandoning module GraphEditor (163)
[2017.04.20-01.17.54:865][979]LogModuleManager: Shutting down and abandoning module ClassViewer (162)
[2017.04.20-01.17.54:889][979]LogModuleManager: Shutting down and abandoning module Toolbox (161)
[2017.04.20-01.17.54:903][979]LogModuleManager: Shutting down and abandoning module ModuleUI (160)
[2017.04.20-01.17.54:929][979]LogModuleManager: Shutting down and abandoning module MovieSceneTools (159)
[2017.04.20-01.17.54:969][979]LogModuleManager: Shutting down and abandoning module OutputLog (158)
[2017.04.20-01.17.54:982][979]LogModuleManager: Shutting down and abandoning module GammaUI (157)
[2017.04.20-01.17.54:991][979]LogModuleManager: Shutting down and abandoning module Documentation (156)
[2017.04.20-01.17.54:991][979]LogModuleManager: Shutting down and abandoning module Niagara (155)
[2017.04.20-01.17.54:991][979]LogModuleManager: Shutting down and abandoning module StreamingPauseRendering (154)
[2017.04.20-01.17.54:991][979]LogModuleManager: Shutting down and abandoning module AnalyticsET (153)
[2017.04.20-01.17.54:991][979]LogModuleManager: Shutting down and abandoning module PortalServices (152)
[2017.04.20-01.17.54:991][979]LogModuleManager: Shutting down and abandoning module PortalRpc (151)
[2017.04.20-01.17.54:992][979]LogModuleManager: Shutting down and abandoning module MessagingRpc (150)
[2017.04.20-01.17.54:992][979]LogModuleManager: Shutting down and abandoning module GameplayDebugger (149)
[2017.04.20-01.17.54:992][979]LogModuleManager: Shutting down and abandoning module AITestSuite (148)
[2017.04.20-01.17.54:997][979]LogModuleManager: Shutting down and abandoning module AIModule (147)
[2017.04.20-01.17.54:997][979]LogModuleManager: Shutting down and abandoning module ProfilerService (146)
[2017.04.20-01.17.55:126][979]LogModuleManager: Shutting down and abandoning module TaskGraph (145)
[2017.04.20-01.17.55:144][979]LogModuleManager: Shutting down and abandoning module SlateRemote (144)
[2017.04.20-01.17.55:144][979]LogModuleManager: Shutting down and abandoning module SteamVRController (143)
[2017.04.20-01.17.55:144][979]LogModuleManager: Shutting down and abandoning module SteamVR (142)
[2017.04.20-01.17.55:144][979]LogModuleManager: Shutting down and abandoning module ProceduralMeshComponentEditor (141)
[2017.04.20-01.17.55:153][979]LogModuleManager: Shutting down and abandoning module ProceduralMeshComponent (140)
[2017.04.20-01.17.55:168][979]LogModuleManager: Shutting down and abandoning module OculusLibrary (139)
[2017.04.20-01.17.55:168][979]LogModuleManager: Shutting down and abandoning module OculusInput (138)
[2017.04.20-01.17.55:169][979]LogModuleManager: Shutting down and abandoning module MobilePatchingUtils (137)
[2017.04.20-01.17.55:169][979]LogModuleManager: Shutting down and abandoning module CustomMeshComponent (136)
[2017.04.20-01.17.55:169][979]LogModuleManager: Shutting down and abandoning module CableComponent (135)
[2017.04.20-01.17.55:182][979]LogModuleManager: Shutting down and abandoning module ArchVisCharacter (134)
[2017.04.20-01.17.55:182][979]LogModuleManager: Shutting down and abandoning module MediaPlayerEditor (132)
[2017.04.20-01.17.55:208][979]LogModuleManager: Shutting down and abandoning module HTML5Networking (131)
[2017.04.20-01.17.55:208][979]LogModuleManager: Shutting down and abandoning module GeometryCacheEd (130)
[2017.04.20-01.17.55:208][979]LogModuleManager: Shutting down and abandoning module GeometryCache (129)
[2017.04.20-01.17.55:208][979]LogModuleManager: Shutting down and abandoning module AlembicLibrary (128)
[2017.04.20-01.17.55:217][979]LogModuleManager: Shutting down and abandoning module AlembicImporter (127)
[2017.04.20-01.17.55:225][979]LogModuleManager: Shutting down and abandoning module SuperSearch (126)
[2017.04.20-01.17.55:225][979]LogModuleManager: Shutting down and abandoning module SuperSearchEditor (125)
[2017.04.20-01.17.55:225][979]LogModuleManager: Shutting down and abandoning module SpeedTreeImporter (124)
[2017.04.20-01.17.55:225][979]LogModuleManager: Shutting down and abandoning module PluginBrowser (123)
[2017.04.20-01.17.55:235][979]LogModuleManager: Shutting down and abandoning module MobileLauncherProfileWizard (122)
[2017.04.20-01.17.55:248][979]LogModuleManager: Shutting down and abandoning module EpicSurvey (121)
[2017.04.20-01.17.55:259][979]LogModuleManager: Shutting down and abandoning module DesktopPlatform (120)
[2017.04.20-01.17.55:259][979]LogModuleManager: Shutting down and abandoning module VisualStudioSourceCodeAccess (119)
[2017.04.20-01.17.55:264][979]LogModuleManager: Shutting down and abandoning module UObjectPlugin (118)
[2017.04.20-01.17.55:264][979]LogModuleManager: Shutting down and abandoning module SubversionSourceControl (117)
[2017.04.20-01.17.55:272][979]LogModuleManager: Shutting down and abandoning module PerforceSourceControl (116)
[2017.04.20-01.17.55:279][979]LogModuleManager: Shutting down and abandoning module SourceControl (115)
[2017.04.20-01.17.55:287][979]LogModuleManager: Shutting down and abandoning module GitSourceControl (114)
[2017.04.20-01.17.55:301][979]LogModuleManager: Shutting down and abandoning module LightPropagationVolumeEditor (113)
[2017.04.20-01.17.55:301][979]LogModuleManager: Shutting down and abandoning module PaperTiledImporter (112)
[2017.04.20-01.17.55:307][979]LogModuleManager: Shutting down and abandoning module PaperSpriteSheetImporter (111)
[2017.04.20-01.17.55:307][979]LogModuleManager: Shutting down and abandoning module MeshPaint (110)
[2017.04.20-01.17.55:307][979]LogModuleManager: Shutting down and abandoning module PixelInspectorModule (109)
[2017.04.20-01.17.55:323][979]LogModuleManager: Shutting down and abandoning module HotReload (108)
[2017.04.20-01.17.55:332][979]LogModuleManager: Shutting down and abandoning module MainFrame (107)
[2017.04.20-01.17.55:332][979]LogModuleManager: Shutting down and abandoning module LevelEditor (106)
[2017.04.20-01.17.55:360][979]LogModuleManager: Shutting down and abandoning module ContentBrowser (105)
[2017.04.20-01.17.55:364][979]LogModuleManager: Shutting down and abandoning module Paper2DEditor (104)
[2017.04.20-01.17.55:389][979]LogModuleManager: Shutting down and abandoning module UdpMessaging (103)
[2017.04.20-01.17.55:491][979]LogModuleManager: Shutting down and abandoning module TcpMessaging (102)
[2017.04.20-01.17.55:598][979]LogModuleManager: Shutting down and abandoning module LightPropagationVolumeRuntime (101)
[2017.04.20-01.17.55:598][979]LogModuleManager: Shutting down and abandoning module Paper2D (100)
[2017.04.20-01.17.55:608][979]LogModuleManager: Shutting down and abandoning module WindowsMoviePlayer (99)
[2017.04.20-01.17.55:617][979]LogModuleManager: Shutting down and abandoning module WmfMedia (98)
[2017.04.20-01.17.55:628][979]LogModuleManager: Shutting down and abandoning module MediaAssets (97)
[2017.04.20-01.17.55:628][979]LogModuleManager: Shutting down and abandoning module GameLiveStreaming (96)
[2017.04.20-01.17.55:633][979]LogModuleManager: Shutting down and abandoning module GameplayTagsEditor (95)
[2017.04.20-01.17.55:633][979]LogModuleManager: Shutting down and abandoning module VREditor (94)
[2017.04.20-01.17.55:633][979]LogModuleManager: Shutting down and abandoning module GameplayTasksEditor (93)
[2017.04.20-01.17.55:633][979]LogModuleManager: Shutting down and abandoning module BehaviorTreeEditor (92)
[2017.04.20-01.17.55:656][979]LogModuleManager: Shutting down and abandoning module FunctionalTesting (91)
[2017.04.20-01.17.55:661][979]LogModuleManager: Shutting down and abandoning module CollisionAnalyzer (90)
[2017.04.20-01.17.55:674][979]LogModuleManager: Shutting down and abandoning module Sequencer (89)
[2017.04.20-01.17.55:699][979]LogModuleManager: Shutting down and abandoning module WorkspaceMenuStructure (88)
[2017.04.20-01.17.55:699][979]LogModuleManager: Shutting down and abandoning module MessageLog (87)
[2017.04.20-01.17.55:699][979]LogModuleManager: Shutting down and abandoning module AssetTools (86)
[2017.04.20-01.17.55:733][979]LogModuleManager: Shutting down and abandoning module UMGEditor (85)
[2017.04.20-01.17.55:760][979]LogModuleManager: Shutting down and abandoning module UMG (84)
[2017.04.20-01.17.55:760][979]LogModuleManager: Shutting down and abandoning module SlateReflector (83)
[2017.04.20-01.17.55:795][979]LogModuleManager: Shutting down and abandoning module Slate (82)
[2017.04.20-01.17.55:795][979]LogModuleManager: Shutting down and abandoning module EditorStyle (81)
[2017.04.20-01.17.55:808][979]LogModuleManager: Shutting down and abandoning module SourceCodeAccess (80)
[2017.04.20-01.17.55:808][979]LogModuleManager: Shutting down and abandoning module HeadMountedDisplay (79)
[2017.04.20-01.17.55:808][979]LogModuleManager: Shutting down and abandoning module XAudio2 (78)
[2017.04.20-01.17.55:808][979]LogModuleManager: Shutting down and abandoning module Networking (76)
[2017.04.20-01.17.55:808][979]LogModuleManager: Shutting down and abandoning module Core (75)
[2017.04.20-01.17.55:808][979]LogModuleManager: Shutting down and abandoning module DirectoryWatcher (74)
[2017.04.20-01.17.55:808][979]LogDirectoryWatcher: A directory notification for '../../../Engine/Content/' was aborted.
[2017.04.20-01.17.55:809][979]LogDirectoryWatcher: A directory notification for '../../../../../../Users/Luis/Desktop/TheCursedBlade/Cursed_Blade/Content/' was aborted.
[2017.04.20-01.17.55:810][979]LogDirectoryWatcher: A directory notification for '../../../Engine/Plugins/2D/Paper2D/Content/' was aborted.
[2017.04.20-01.17.55:816][979]LogModuleManager: Shutting down and abandoning module AssetRegistry (73)
[2017.04.20-01.17.56:144][979]LogModuleManager: Shutting down and abandoning module KismetCompiler (72)
[2017.04.20-01.17.56:144][979]LogModuleManager: Shutting down and abandoning module PhysXFormats (71)
[2017.04.20-01.17.56:174][979]LogModuleManager: Shutting down and abandoning module SimplygonSwarm (70)
[2017.04.20-01.17.56:190][979]LogModuleManager: Shutting down and abandoning module SimplygonMeshReduction (69)
[2017.04.20-01.17.56:217][979]LogModuleManager: Shutting down and abandoning module QuadricMeshReduction (68)
[2017.04.20-01.17.56:244][979]LogModuleManager: Shutting down and abandoning module PropertyEditor (67)
[2017.04.20-01.17.56:244][979]LogModuleManager: Shutting down and abandoning module MeshUtilities (66)
[2017.04.20-01.17.56:280][979]LogModuleManager: Shutting down and abandoning module DerivedDataCache (65)
[2017.04.20-01.17.56:496][979]LogDerivedDataCache: Shutdown
[2017.04.20-01.17.56:498][979]LogModuleManager: Shutting down and abandoning module VulkanShaderFormat (64)
[2017.04.20-01.17.56:509][979]LogModuleManager: Shutting down and abandoning module ShaderFormatOpenGL (63)
[2017.04.20-01.17.56:519][979]LogModuleManager: Shutting down and abandoning module ShaderFormatD3D (62)
[2017.04.20-01.17.56:528][979]LogModuleManager: Shutting down and abandoning module MetalShaderFormat (61)
[2017.04.20-01.17.56:548][979]LogModuleManager: Shutting down and abandoning module TextureFormatUncompressed (60)
[2017.04.20-01.17.56:548][979]LogModuleManager: Shutting down and abandoning module TextureFormatPVR (59)
[2017.04.20-01.17.56:553][979]LogModuleManager: Shutting down and abandoning module TextureFormatDXT (58)
[2017.04.20-01.17.56:566][979]LogModuleManager: Shutting down and abandoning module TextureFormatIntelISPCTexComp (57)
[2017.04.20-01.17.56:592][979]LogModuleManager: Shutting down and abandoning module ImageWrapper (56)
[2017.04.20-01.17.56:592][979]LogModuleManager: Shutting down and abandoning module TextureFormatASTC (55)
[2017.04.20-01.17.56:592][979]LogModuleManager: Shutting down and abandoning module TextureFormatAndroid (54)
[2017.04.20-01.17.56:593][979]LogModuleManager: Shutting down and abandoning module AudioFormatOpus (53)
[2017.04.20-01.17.56:596][979]LogModuleManager: Shutting down and abandoning module AudioFormatOgg (52)
[2017.04.20-01.17.56:608][979]LogModuleManager: Shutting down and abandoning module AudioFormatADPCM (51)
[2017.04.20-01.17.56:608][979]LogModuleManager: Shutting down and abandoning module LinuxTargetPlatform (50)
[2017.04.20-01.17.56:608][979]LogModuleManager: Shutting down and abandoning module LinuxServerTargetPlatform (49)
[2017.04.20-01.17.56:614][979]LogModuleManager: Shutting down and abandoning module LinuxNoEditorTargetPlatform (48)
[2017.04.20-01.17.56:625][979]LogModuleManager: Shutting down and abandoning module LinuxClientTargetPlatform (47)
[2017.04.20-01.17.56:634][979]LogModuleManager: Shutting down and abandoning module TVOSTargetPlatform (46)
[2017.04.20-01.17.56:634][979]LogModuleManager: Shutting down and abandoning module Messaging (45)
[2017.04.20-01.17.56:634][979]LogModuleManager: Shutting down and abandoning module IOSTargetPlatform (44)
[2017.04.20-01.17.56:635][979]LogModuleManager: Shutting down and abandoning module HTML5TargetPlatform (43)
[2017.04.20-01.17.56:635][979]LogModuleManager: Shutting down and abandoning module Android_PVRTCTargetPlatform (42)
[2017.04.20-01.17.56:635][979]LogModuleManager: Shutting down and abandoning module Android_MultiTargetPlatform (41)
[2017.04.20-01.17.56:635][979]LogModuleManager: Shutting down and abandoning module Android_ETC2TargetPlatform (40)
[2017.04.20-01.17.56:635][979]LogModuleManager: Shutting down and abandoning module Android_ETC1TargetPlatform (39)
[2017.04.20-01.17.56:635][979]LogModuleManager: Shutting down and abandoning module Android_DXTTargetPlatform (38)
[2017.04.20-01.17.56:635][979]LogModuleManager: Shutting down and abandoning module Android_ATCTargetPlatform (37)
[2017.04.20-01.17.56:635][979]LogModuleManager: Shutting down and abandoning module Android_ASTCTargetPlatform (36)
[2017.04.20-01.17.56:635][979]LogModuleManager: Shutting down and abandoning module AndroidTargetPlatform (35)
[2017.04.20-01.17.56:635][979]LogModuleManager: Shutting down and abandoning module WindowsTargetPlatform (34)
[2017.04.20-01.17.56:636][979]LogModuleManager: Shutting down and abandoning module WindowsServerTargetPlatform (33)
[2017.04.20-01.17.56:641][979]LogModuleManager: Shutting down and abandoning module WindowsNoEditorTargetPlatform (32)
[2017.04.20-01.17.56:649][979]LogModuleManager: Shutting down and abandoning module WindowsClientTargetPlatform (31)
[2017.04.20-01.17.56:661][979]LogModuleManager: Shutting down and abandoning module MacTargetPlatform (30)
[2017.04.20-01.17.56:661][979]LogModuleManager: Shutting down and abandoning module MacServerTargetPlatform (29)
[2017.04.20-01.17.56:662][979]LogModuleManager: Shutting down and abandoning module MacNoEditorTargetPlatform (28)
[2017.04.20-01.17.56:662][979]LogModuleManager: Shutting down and abandoning module MacClientTargetPlatform (27)
[2017.04.20-01.17.56:662][979]LogModuleManager: Shutting down and abandoning module AllDesktopTargetPlatform (26)
[2017.04.20-01.17.56:662][979]LogModuleManager: Shutting down and abandoning module TargetPlatform (25)
[2017.04.20-01.17.56:662][979]LogModuleManager: Shutting down and abandoning module InputCore (24)
[2017.04.20-01.17.56:663][979]LogModuleManager: Shutting down and abandoning module Settings (23)
[2017.04.20-01.17.56:663][979]LogModuleManager: Shutting down and abandoning module OculusRift (22)
[2017.04.20-01.17.56:676][979]LogModuleManager: Shutting down and abandoning module ExampleDeviceProfileSelector (21)
[2017.04.20-01.17.56:676][979]LogModuleManager: Shutting down and abandoning module OnlineBlueprintSupport (20)
[2017.04.20-01.17.56:676][979]LogModuleManager: Shutting down and abandoning module OnlineSubsystem (18)
[2017.04.20-01.17.56:676][979]LogOnline:Display: Unloading online subsystem: NULL
[2017.04.20-01.17.56:715][979]LogModuleManager: Shutting down and abandoning module SSL (17)
[2017.04.20-01.17.56:742][979]LogModuleManager: Shutting down and abandoning module HTTP (16)
[2017.04.20-01.17.56:742][979]LogModuleManager: Shutting down and abandoning module XMPP (15)
[2017.04.20-01.17.56:752][979]LogModuleManager: Shutting down and abandoning module TextureCompressor (14)
[2017.04.20-01.17.56:807][979]LogModuleManager: Shutting down and abandoning module ShaderCore (13)
[2017.04.20-01.17.56:807][979]LogModuleManager: Shutting down and abandoning module Landscape (12)
[2017.04.20-01.17.56:807][979]LogModuleManager: Shutting down and abandoning module SlateRHIRenderer (11)
[2017.04.20-01.17.56:874][979]LogModuleManager: Shutting down and abandoning module OpenGLDrv (10)
[2017.04.20-01.17.56:900][979]LogModuleManager: Shutting down and abandoning module D3D11RHI (9)
[2017.04.20-01.17.56:900][979]LogModuleManager: Shutting down and abandoning module AnimGraphRuntime (8)
[2017.04.20-01.17.56:920][979]LogModuleManager: Shutting down and abandoning module Renderer (7)
[2017.04.20-01.17.56:934][979]LogModuleManager: Shutting down and abandoning module Engine (6)
[2017.04.20-01.17.56:934][979]LogModuleManager: Shutting down and abandoning module CoreUObject (5)
[2017.04.20-01.17.56:934][979]LogModuleManager: Shutting down and abandoning module NetworkFile (4)
[2017.04.20-01.17.56:952][979]LogModuleManager: Shutting down and abandoning module StreamingFile (3)
[2017.04.20-01.17.56:971][979]LogModuleManager: Shutting down and abandoning module SandboxFile (2)
[2017.04.20-01.17.56:987][979]LogModuleManager: Shutting down and abandoning module PakFile (1)
[2017.04.20-01.17.57:026][979]LogExit: Exiting.
[2017.04.20-01.17.57:066][979]Log file closed, 04/19/17 21:17:57
