Log file open, 04/22/17 02:30:36
LogInit:Display: Running engine for game: Cursed_Blade
LogPlatformFile: Not using cached read wrapper
LogInit:Display: RandInit(-773020506) SRandInit(-773020506).
LogTaskGraph: Started task graph with 5 named threads and 6 total threads with 1 sets of task threads.
LogStats: Stats thread started at 0.206292
LogPluginManager: Loaded Plugin Paper2D, From C:/Program Files (x86)/Epic Games/4.14/Engine/Plugins/2D/Paper2D/Paper2D.uplugin
LogPluginManager: Loaded Plugin LightPropagationVolume, From C:/Program Files (x86)/Epic Games/4.14/Engine/Plugins/Blendables/LightPropagationVolume/LightPropagationVolume.uplugin
LogPluginManager: Loaded Plugin BlankPlugin, From C:/Program Files (x86)/Epic Games/4.14/Engine/Plugins/Developer/BlankPlugin/BlankPlugin.uplugin
LogPluginManager: Loaded Plugin CodeLiteSourceCodeAccess, From C:/Program Files (x86)/Epic Games/4.14/Engine/Plugins/Developer/CodeLiteSourceCodeAccess/CodeLiteSourceCodeAccess.uplugin
LogPluginManager: Loaded Plugin GitSourceControl, From C:/Program Files (x86)/Epic Games/4.14/Engine/Plugins/Developer/GitSourceControl/GitSourceControl.uplugin
LogPluginManager: Loaded Plugin KDevelopSourceCodeAccess, From C:/Program Files (x86)/Epic Games/4.14/Engine/Plugins/Developer/KDevelopSourceCodeAccess/KDevelopSourceCodeAccess.uplugin
LogPluginManager: Loaded Plugin NullSourceCodeAccess, From C:/Program Files (x86)/Epic Games/4.14/Engine/Plugins/Developer/NullSourceCodeAccess/NullSourceCodeAccess.uplugin
LogPluginManager: Loaded Plugin OneSkyLocalizationService, From C:/Program Files (x86)/Epic Games/4.14/Engine/Plugins/Developer/OneSkyLocalizationService/OneSkyLocalizationService.uplugin
LogPluginManager: Loaded Plugin PerforceSourceControl, From C:/Program Files (x86)/Epic Games/4.14/Engine/Plugins/Developer/PerforceSourceControl/PerforceSourceControl.uplugin
LogPluginManager: Loaded Plugin SubversionSourceControl, From C:/Program Files (x86)/Epic Games/4.14/Engine/Plugins/Developer/SubversionSourceControl/SubversionSourceControl.uplugin
LogPluginManager: Loaded Plugin UObjectPlugin, From C:/Program Files (x86)/Epic Games/4.14/Engine/Plugins/Developer/UObjectPlugin/UObjectPlugin.uplugin
LogPluginManager: Loaded Plugin VisualStudioSourceCodeAccess, From C:/Program Files (x86)/Epic Games/4.14/Engine/Plugins/Developer/VisualStudioSourceCodeAccess/VisualStudioSourceCodeAccess.uplugin
LogPluginManager: Loaded Plugin XCodeSourceCodeAccess, From C:/Program Files (x86)/Epic Games/4.14/Engine/Plugins/Developer/XCodeSourceCodeAccess/XCodeSourceCodeAccess.uplugin
LogPluginManager: Loaded Plugin AudioCapture, From C:/Program Files (x86)/Epic Games/4.14/Engine/Plugins/Editor/AudioCapture/AudioCapture.uplugin
LogPluginManager: Loaded Plugin EpicSurvey, From C:/Program Files (x86)/Epic Games/4.14/Engine/Plugins/Editor/EpicSurvey/EpicSurvey.uplugin
LogPluginManager: Loaded Plugin MacGraphicsSwitching, From C:/Program Files (x86)/Epic Games/4.14/Engine/Plugins/Editor/MacGraphicsSwitching/MacGraphicsSwitching.uplugin
LogPluginManager: Loaded Plugin MobileLauncherProfileWizard, From C:/Program Files (x86)/Epic Games/4.14/Engine/Plugins/Editor/MobileLauncherProfileWizard/MobileLauncherProfileWizard.uplugin
LogPluginManager: Loaded Plugin PluginBrowser, From C:/Program Files (x86)/Epic Games/4.14/Engine/Plugins/Editor/PluginBrowser/PluginBrowser.uplugin
LogPluginManager: Loaded Plugin SpeedTreeImporter, From C:/Program Files (x86)/Epic Games/4.14/Engine/Plugins/Editor/SpeedTreeImporter/SpeedTreeImporter.uplugin
LogPluginManager: Loaded Plugin SuperSearchEditor, From C:/Program Files (x86)/Epic Games/4.14/Engine/Plugins/Editor/SuperSearchEditor/SuperSearchEditor.uplugin
LogPluginManager: Loaded Plugin AlembicImporter, From C:/Program Files (x86)/Epic Games/4.14/Engine/Plugins/Experimental/AlembicImporter/AlembicImporter.uplugin
LogPluginManager: Loaded Plugin BlueprintStats, From C:/Program Files (x86)/Epic Games/4.14/Engine/Plugins/Experimental/BlueprintStats/BlueprintStats.uplugin
LogPluginManager: Loaded Plugin CharacterAI, From C:/Program Files (x86)/Epic Games/4.14/Engine/Plugins/Experimental/CharacterAI/CharacterAI.uplugin
LogPluginManager: Loaded Plugin CodeEditor, From C:/Program Files (x86)/Epic Games/4.14/Engine/Plugins/Experimental/CodeEditor/CodeEditor.uplugin
LogPluginManager: Loaded Plugin CodeView, From C:/Program Files (x86)/Epic Games/4.14/Engine/Plugins/Experimental/CodeView/CodeView.uplugin
LogPluginManager: Loaded Plugin HTML5Networking, From C:/Program Files (x86)/Epic Games/4.14/Engine/Plugins/Experimental/HTML5Networking/HTML5Networking.uplugin
LogPluginManager: Loaded Plugin OSVR, From C:/Program Files (x86)/Epic Games/4.14/Engine/Plugins/Experimental/OSVR/OSVR.uplugin
LogPluginManager: Loaded Plugin Phya, From C:/Program Files (x86)/Epic Games/4.14/Engine/Plugins/Experimental/Phya/Phya.uplugin
LogPluginManager: Loaded Plugin SignificanceManager, From C:/Program Files (x86)/Epic Games/4.14/Engine/Plugins/Experimental/SignificanceManager/SignificanceManager.uplugin
LogPluginManager: Loaded Plugin SimpleHMD, From C:/Program Files (x86)/Epic Games/4.14/Engine/Plugins/Experimental/SimpleHMD/SimpleHMD.uplugin
LogPluginManager: Loaded Plugin StereoPanorama, From C:/Program Files (x86)/Epic Games/4.14/Engine/Plugins/Experimental/StereoPanorama/StereoPanorama.uplugin
LogPluginManager: Loaded Plugin StructBox, From C:/Program Files (x86)/Epic Games/4.14/Engine/Plugins/Experimental/StructBox/StructBox.uplugin
LogPluginManager: Loaded Plugin AndroidMedia, From C:/Program Files (x86)/Epic Games/4.14/Engine/Plugins/Media/AndroidMedia/AndroidMedia.uplugin
LogPluginManager: Loaded Plugin AvfMedia, From C:/Program Files (x86)/Epic Games/4.14/Engine/Plugins/Media/AvfMedia/AvfMedia.uplugin
LogPluginManager: Loaded Plugin MediaPlayerEditor, From C:/Program Files (x86)/Epic Games/4.14/Engine/Plugins/Media/MediaPlayerEditor/MediaPlayerEditor.uplugin
LogPluginManager: Loaded Plugin WmfMedia, From C:/Program Files (x86)/Epic Games/4.14/Engine/Plugins/Media/WmfMedia/WmfMedia.uplugin
LogPluginManager: Loaded Plugin MessagingDebugger, From C:/Program Files (x86)/Epic Games/4.14/Engine/Plugins/Messaging/MessagingDebugger/MessagingDebugger.uplugin
LogPluginManager: Loaded Plugin TcpMessaging, From C:/Program Files (x86)/Epic Games/4.14/Engine/Plugins/Messaging/TcpMessaging/TcpMessaging.uplugin
LogPluginManager: Loaded Plugin UdpMessaging, From C:/Program Files (x86)/Epic Games/4.14/Engine/Plugins/Messaging/UdpMessaging/UdpMessaging.uplugin
LogPluginManager: Loaded Plugin LevelSequenceEditor, From C:/Program Files (x86)/Epic Games/4.14/Engine/Plugins/MovieScene/LevelSequenceEditor/LevelSequenceEditor.uplugin
LogPluginManager: Loaded Plugin MatineeToLevelSequence, From C:/Program Files (x86)/Epic Games/4.14/Engine/Plugins/MovieScene/MatineeToLevelSequence/MatineeToLevelSequence.uplugin
LogPluginManager: Loaded Plugin NetcodeUnitTest, From C:/Program Files (x86)/Epic Games/4.14/Engine/Plugins/NetcodeUnitTest/NetcodeUnitTest/NetcodeUnitTest.uplugin
LogPluginManager: Loaded Plugin NUTUnrealEngine4, From C:/Program Files (x86)/Epic Games/4.14/Engine/Plugins/NetcodeUnitTest/NUTUnrealEngine4/NUTUnrealEngine4.uplugin
LogPluginManager: Loaded Plugin OnlineSubsystemGameCircle, From C:/Program Files (x86)/Epic Games/4.14/Engine/Plugins/Online/Android/OnlineSubsystemGameCircle/OnlineSubsystemGameCircle.uplugin
LogPluginManager: Loaded Plugin OnlineSubsystemGooglePlay, From C:/Program Files (x86)/Epic Games/4.14/Engine/Plugins/Online/Android/OnlineSubsystemGooglePlay/OnlineSubsystemGooglePlay.uplugin
LogPluginManager: Loaded Plugin OnlineSubsystemIOS, From C:/Program Files (x86)/Epic Games/4.14/Engine/Plugins/Online/IOS/OnlineSubsystemIOS/OnlineSubsystemIOS.uplugin
LogPluginManager: Loaded Plugin OnlineFramework, From C:/Program Files (x86)/Epic Games/4.14/Engine/Plugins/Online/OnlineFramework/OnlineFramework.uplugin
LogPluginManager: Loaded Plugin OnlineSubsystem, From C:/Program Files (x86)/Epic Games/4.14/Engine/Plugins/Online/OnlineSubsystem/OnlineSubsystem.uplugin
LogPluginManager: Loaded Plugin OnlineSubsystemAmazon, From C:/Program Files (x86)/Epic Games/4.14/Engine/Plugins/Online/OnlineSubsystemAmazon/OnlineSubsystemAmazon.uplugin
LogPluginManager: Loaded Plugin OnlineSubsystemFacebook, From C:/Program Files (x86)/Epic Games/4.14/Engine/Plugins/Online/OnlineSubsystemFacebook/OnlineSubsystemFacebook.uplugin
LogPluginManager: Loaded Plugin OnlineSubsystemNull, From C:/Program Files (x86)/Epic Games/4.14/Engine/Plugins/Online/OnlineSubsystemNull/OnlineSubsystemNull.uplugin
LogPluginManager: Loaded Plugin OnlineSubsystemOculus, From C:/Program Files (x86)/Epic Games/4.14/Engine/Plugins/Online/OnlineSubsystemOculus/OnlineSubsystemOculus.uplugin
LogPluginManager: Loaded Plugin OnlineSubsystemSteam, From C:/Program Files (x86)/Epic Games/4.14/Engine/Plugins/Online/OnlineSubsystemSteam/OnlineSubsystemSteam.uplugin
LogPluginManager: Loaded Plugin OnlineSubsystemUtils, From C:/Program Files (x86)/Epic Games/4.14/Engine/Plugins/Online/OnlineSubsystemUtils/OnlineSubsystemUtils.uplugin
LogPluginManager: Loaded Plugin IOSTapJoy, From C:/Program Files (x86)/Epic Games/4.14/Engine/Plugins/Runtime/Advertising/IOSTapJoy/IOSTapJoy.uplugin
LogPluginManager: Loaded Plugin AnalyticsBlueprintLibrary, From C:/Program Files (x86)/Epic Games/4.14/Engine/Plugins/Runtime/Analytics/AnalyticsBlueprintLibrary/AnalyticsBlueprintLibrary.uplugin
LogPluginManager: Loaded Plugin AnalyticsMulticast, From C:/Program Files (x86)/Epic Games/4.14/Engine/Plugins/Runtime/Analytics/AnalyticsMulticast/AnalyticsMulticast.uplugin
LogPluginManager: Loaded Plugin Apsalar, From C:/Program Files (x86)/Epic Games/4.14/Engine/Plugins/Runtime/Analytics/Apsalar/Apsalar.uplugin
LogPluginManager: Loaded Plugin FileLogging, From C:/Program Files (x86)/Epic Games/4.14/Engine/Plugins/Runtime/Analytics/FileLogging/FileLogging.uplugin
LogPluginManager: Loaded Plugin Flurry, From C:/Program Files (x86)/Epic Games/4.14/Engine/Plugins/Runtime/Analytics/Flurry/Flurry.uplugin
LogPluginManager: Loaded Plugin AndroidDeviceProfileSelector, From C:/Program Files (x86)/Epic Games/4.14/Engine/Plugins/Runtime/AndroidDeviceProfileSelector/AndroidDeviceProfileSelector.uplugin
LogPluginManager: Loaded Plugin AndroidMoviePlayer, From C:/Program Files (x86)/Epic Games/4.14/Engine/Plugins/Runtime/AndroidMoviePlayer/AndroidMoviePlayer.uplugin
LogPluginManager: Loaded Plugin AppleMoviePlayer, From C:/Program Files (x86)/Epic Games/4.14/Engine/Plugins/Runtime/AppleMoviePlayer/AppleMoviePlayer.uplugin
LogPluginManager: Loaded Plugin ArchVisCharacter, From C:/Program Files (x86)/Epic Games/4.14/Engine/Plugins/Runtime/ArchVisCharacter/ArchVisCharacter.uplugin
LogPluginManager: Loaded Plugin CableComponent, From C:/Program Files (x86)/Epic Games/4.14/Engine/Plugins/Runtime/CableComponent/CableComponent.uplugin
LogPluginManager: Loaded Plugin CustomMeshComponent, From C:/Program Files (x86)/Epic Games/4.14/Engine/Plugins/Runtime/CustomMeshComponent/CustomMeshComponent.uplugin
LogPluginManager: Loaded Plugin ExampleDeviceProfileSelector, From C:/Program Files (x86)/Epic Games/4.14/Engine/Plugins/Runtime/ExampleDeviceProfileSelector/ExampleDeviceProfileSelector.uplugin
LogPluginManager: Loaded Plugin GearVR, From C:/Program Files (x86)/Epic Games/4.14/Engine/Plugins/Runtime/GearVR/GearVR.uplugin
LogPluginManager: Loaded Plugin GoogleVRController, From C:/Program Files (x86)/Epic Games/4.14/Engine/Plugins/Runtime/GoogleVR/GoogleVRController/GoogleVRController.uplugin
LogPluginManager: Loaded Plugin GoogleVRHMD, From C:/Program Files (x86)/Epic Games/4.14/Engine/Plugins/Runtime/GoogleVR/GoogleVRHMD/GoogleVRHMD.uplugin
LogPluginManager: Loaded Plugin IOSDeviceProfileSelector, From C:/Program Files (x86)/Epic Games/4.14/Engine/Plugins/Runtime/IOSDeviceProfileSelector/IOSDeviceProfileSelector.uplugin
LogPluginManager: Loaded Plugin LeapMotion, From C:/Program Files (x86)/Epic Games/4.14/Engine/Plugins/Runtime/LeapMotion/LeapMotion.uplugin
LogPluginManager: Loaded Plugin LinuxDeviceProfileSelector, From C:/Program Files (x86)/Epic Games/4.14/Engine/Plugins/Runtime/LinuxDeviceProfileSelector/LinuxDeviceProfileSelector.uplugin
LogPluginManager: Loaded Plugin MIDIDevice, From C:/Program Files (x86)/Epic Games/4.14/Engine/Plugins/Runtime/MIDIDevice/MIDIDevice.uplugin
LogPluginManager: Loaded Plugin MobilePatchingUtils, From C:/Program Files (x86)/Epic Games/4.14/Engine/Plugins/Runtime/MobilePatchingUtils/MobilePatchingUtils.uplugin
LogPluginManager: Loaded Plugin Ansel, From C:/Program Files (x86)/Epic Games/4.14/Engine/Plugins/Runtime/Nvidia/Ansel/Ansel.uplugin
LogPluginManager: Loaded Plugin OculusAudio, From C:/Program Files (x86)/Epic Games/4.14/Engine/Plugins/Runtime/OculusAudio/OculusAudio.uplugin
LogPluginManager: Loaded Plugin OculusInput, From C:/Program Files (x86)/Epic Games/4.14/Engine/Plugins/Runtime/OculusInput/OculusInput.uplugin
LogPluginManager: Loaded Plugin OculusLibrary, From C:/Program Files (x86)/Epic Games/4.14/Engine/Plugins/Runtime/OculusLibrary/OculusLibrary.uplugin
LogPluginManager: Loaded Plugin OculusRift, From C:/Program Files (x86)/Epic Games/4.14/Engine/Plugins/Runtime/OculusRift/OculusRift.uplugin
LogPluginManager: Loaded Plugin Oodle, From C:/Program Files (x86)/Epic Games/4.14/Engine/Plugins/Runtime/PacketHandlers/CompressionComponents/Oodle/Oodle.uplugin
LogPluginManager: Loaded Plugin ProceduralMeshComponent, From C:/Program Files (x86)/Epic Games/4.14/Engine/Plugins/Runtime/ProceduralMeshComponent/ProceduralMeshComponent.uplugin
LogPluginManager: Loaded Plugin SoundMod, From C:/Program Files (x86)/Epic Games/4.14/Engine/Plugins/Runtime/SoundMod/SoundMod.uplugin
LogPluginManager: Loaded Plugin SoundVisualizations, From C:/Program Files (x86)/Epic Games/4.14/Engine/Plugins/Runtime/SoundVisualizations/SoundVisualizations.uplugin
LogPluginManager: Loaded Plugin SteamController, From C:/Program Files (x86)/Epic Games/4.14/Engine/Plugins/Runtime/Steam/SteamController/SteamController.uplugin
LogPluginManager: Loaded Plugin SteamVR, From C:/Program Files (x86)/Epic Games/4.14/Engine/Plugins/Runtime/Steam/SteamVR/SteamVR.uplugin
LogPluginManager: Loaded Plugin WebBrowserWidget, From C:/Program Files (x86)/Epic Games/4.14/Engine/Plugins/Runtime/WebBrowserWidget/WebBrowserWidget.uplugin
LogPluginManager: Loaded Plugin WindowsDeviceProfileSelector, From C:/Program Files (x86)/Epic Games/4.14/Engine/Plugins/Runtime/WindowsDeviceProfileSelector/WindowsDeviceProfileSelector.uplugin
LogPluginManager: Loaded Plugin WindowsMoviePlayer, From C:/Program Files (x86)/Epic Games/4.14/Engine/Plugins/Runtime/WindowsMoviePlayer/WindowsMoviePlayer.uplugin
LogPluginManager: Loaded Plugin ScriptPlugin, From C:/Program Files (x86)/Epic Games/4.14/Engine/Plugins/ScriptPlugin/ScriptPlugin.uplugin
LogPluginManager: Loaded Plugin SlateRemote, From C:/Program Files (x86)/Epic Games/4.14/Engine/Plugins/Slate/SlateRemote/SlateRemote.uplugin
LogPluginManager: Loaded Plugin EditorTests, From C:/Program Files (x86)/Epic Games/4.14/Engine/Plugins/Tests/EditorTests/EditorTests.uplugin
LogPluginManager: Loaded Plugin FbxAutomationTestBuilder, From C:/Program Files (x86)/Epic Games/4.14/Engine/Plugins/Tests/FbxAutomationTestBuilder/FbxAutomationTestBuilder.uplugin
LogPluginManager: Loaded Plugin FunctionalTestingEditor, From C:/Program Files (x86)/Epic Games/4.14/Engine/Plugins/Tests/FunctionalTestingEditor/FunctionalTestingEditor.uplugin
LogPluginManager: Loaded Plugin RuntimeTests, From C:/Program Files (x86)/Epic Games/4.14/Engine/Plugins/Tests/RuntimeTests/RuntimeTests.uplugin
LogPluginManager: Loaded Plugin ScreenshotTools, From C:/Program Files (x86)/Epic Games/4.14/Engine/Plugins/Tests/ScreenshotTools/ScreenshotTools.uplugin
LogInit: Using libcurl 7.47.1
LogInit:  - built for x86_64-pc-win32
LogInit:  - supports SSL with OpenSSL/1.0.2g
LogInit:  - supports HTTP deflate (compression) using libz 1.2.8
LogInit:  - other features:
LogInit:      CURL_VERSION_SSL
LogInit:      CURL_VERSION_LIBZ
LogInit:      CURL_VERSION_IPV6
LogInit:      CURL_VERSION_ASYNCHDNS
LogInit:      CURL_VERSION_LARGEFILE
LogInit:      CURL_VERSION_IDN
LogInit:  CurlRequestOptions (configurable via config and command line):
LogInit:  - bVerifyPeer = false  - Libcurl will NOT verify peer certificate
LogInit:  - bUseHttpProxy = false  - Libcurl will NOT use HTTP proxy
LogInit:  - bDontReuseConnections = false  - Libcurl will reuse connections
LogInit:  - CertBundlePath = nullptr  - Libcurl will use whatever was configured at build time.
LogInit: Build: ++UE4+Release-4.14-CL-3249277
LogInit: Engine Version: 4.14.3-3249277+++UE4+Release-4.14
LogInit: Compatible Engine Version: 4.14.0-3195953+++UE4+Release-4.14
LogInit: Net CL: 3195953
LogDevObjectVersion: Number of dev versions registered: 13
LogDevObjectVersion:   Dev-Blueprints (B0D832E4-1F89-4F0D-ACCF-7EB736FD4AA2): 7
LogDevObjectVersion:   Dev-Build (E1C64328-A22C-4D53-A36C-8E866417BD8C): 0
LogDevObjectVersion:   Dev-Core (375EC13C-06E4-48FB-B500-84F0262A717E): 1
LogDevObjectVersion:   Dev-Editor (E4B068ED-F494-42E9-A231-DA0B2E46BB41): 8
LogDevObjectVersion:   Dev-Framework (CFFC743F-43B0-4480-9391-14DF171D2073): 17
LogDevObjectVersion:   Dev-Mobile (B02B49B5-BB20-44E9-A304-32B752E40360): 0
LogDevObjectVersion:   Dev-Networking (A4E4105C-59A1-49B5-A7C5-40C4547EDFEE): 0
LogDevObjectVersion:   Dev-Online (39C831C9-5AE6-47DC-9A44-9C173E1C8E7C): 0
LogDevObjectVersion:   Dev-Physics (78F01B33-EBEA-4F98-B9B4-84EACCB95AA2): 0
LogDevObjectVersion:   Dev-Platform (6631380F-2D4D-43E0-8009-CF276956A95A): 0
LogDevObjectVersion:   Dev-Rendering (12F88B9F-8875-4AFC-A67C-D90C383ABD29): 12
LogDevObjectVersion:   Dev-Sequencer (7B5AE74C-D270-4C10-A958-57980B212A5A): 1
LogDevObjectVersion:   Dev-VR (D7296918-1DD6-4BDD-9DE2-64A83CC13884): 0
LogInit: Compiled (64-bit): Jan  6 2017 10:49:43
LogInit: Compiled with Visual C++: 19.00.23026.00
LogInit: Build Configuration: Development
LogInit: Branch Name: ++UE4+Release-4.14
LogInit: Command line:  
LogInit: Base directory: C:/Program Files (x86)/Epic Games/4.14/Engine/Binaries/Win64/
LogInit: Installed Engine Build: 1
LogInit: Presizing for max 8388607 objects, including 0 objects not considered by GC, pre-allocating 0 bytes for permanent pool.
LogInit: Object subsystem initialized
[2017.04.22-06.30.38:407][  0]LogInit: Selected Device Profile: [Windows]
[2017.04.22-06.30.38:407][  0]LogInit: Applying CVar settings loaded from the selected device profile: [Windows]
[2017.04.22-06.30.38:663][  0]LogInit: Computer: LAPTOP-CP3ESMCT
[2017.04.22-06.30.38:663][  0]LogInit: User: aerob
[2017.04.22-06.30.38:663][  0]LogInit: CPU Page size=65536, Cores=2
[2017.04.22-06.30.38:663][  0]LogInit: High frequency timer resolution =2.343750 MHz
[2017.04.22-06.30.38:680][  0]LogMemory: Memory total: Physical=7.9GB (8GB approx)
[2017.04.22-06.30.38:701][  0]LogMemory: Platform Memory Stats for Windows
[2017.04.22-06.30.38:701][  0]LogMemory: Process Physical Memory: 263.88 MB used, 263.88 MB peak
[2017.04.22-06.30.38:701][  0]LogMemory: Process Virtual Memory: 262.44 MB used, 262.44 MB peak
[2017.04.22-06.30.38:701][  0]LogMemory: Physical Memory: 4183.91 MB used,  3898.00 MB free, 8081.91 MB total
[2017.04.22-06.30.38:701][  0]LogMemory: Virtual Memory: 674.74 MB used,  3898.00 MB free, 134217728.00 MB total
[2017.04.22-06.30.40:794][  0]LogTextLocalizationManager: No specific translations for ('en-US') exist, so ('en') translations will be used.
[2017.04.22-06.30.51:694][  0]LogD3D11RHI: D3D11 adapters:
[2017.04.22-06.30.51:722][  0]LogD3D11RHI:    0. 'Intel(R) HD Graphics 520' (Feature Level 11_0)
[2017.04.22-06.30.51:722][  0]LogD3D11RHI:       128/0/4040 MB DedicatedVideo/DedicatedSystem/SharedSystem, Outputs:1, VendorId:0x8086
[2017.04.22-06.30.51:725][  0]LogD3D11RHI:    1. 'Microsoft Basic Render Driver' (Feature Level 11_0)
[2017.04.22-06.30.51:725][  0]LogD3D11RHI:       0/0/4040 MB DedicatedVideo/DedicatedSystem/SharedSystem, Outputs:0, VendorId:0x1414
[2017.04.22-06.30.51:725][  0]LogD3D11RHI: Chosen D3D11 Adapter: 0
[2017.04.22-06.30.51:756][  0]LogD3D11RHI: Creating new Direct3DDevice
[2017.04.22-06.30.51:756][  0]LogD3D11RHI:     GPU DeviceId: 0x1916 (for the marketing name, search the web for "GPU Device Id")
[2017.04.22-06.30.51:756][  0]LogWindows: EnumDisplayDevices:
[2017.04.22-06.30.51:756][  0]LogWindows:    0. 'Intel(R) HD Graphics 520' (P:1 D:1)
[2017.04.22-06.30.51:757][  0]LogWindows:    1. 'Intel(R) HD Graphics 520' (P:0 D:0)
[2017.04.22-06.30.51:757][  0]LogWindows:    2. 'Intel(R) HD Graphics 520' (P:0 D:0)
[2017.04.22-06.30.51:757][  0]LogWindows: DebugString: FoundDriverCount:3 
[2017.04.22-06.30.51:757][  0]LogD3D11RHI:     Adapter Name: Intel(R) HD Graphics 520
[2017.04.22-06.30.51:757][  0]LogD3D11RHI:   Driver Version: 21.20.16.4542 (internal:21.20.16.4542, unified:21.20.16.4542)
[2017.04.22-06.30.51:757][  0]LogD3D11RHI:      Driver Date: 10-24-2016
[2017.04.22-06.30.51:758][  0]LogRHI: Texture pool is 1361 MB (70% of 1945 MB)
[2017.04.22-06.30.51:766][  0]LogD3D11RHI: Async texture creation enabled
[2017.04.22-06.30.52:392][  0]LogD3D11RHI: GPU Timing Frequency: 12.000000 (Debug: 2 0)
[2017.04.22-06.30.52:587][  0]LogShaderCompilers: Guid format shader working directory is -23 characters bigger than the processId version (../../../../../../Users/aerob/Desktop/c3/TheCursedBlade/Cursed_Blade/Intermediate/Shaders/WorkingDirectory/10396/).
[2017.04.22-06.30.52:587][  0]LogShaderCompilers: Cleaned the shader compiler working directory 'C:/Users/aerob/AppData/Local/Temp/UnrealShaderWorkingDir/24C21C934992CC4B3269F482C33A9AE0/'.
[2017.04.22-06.30.52:597][  0]LogShaderCompilers:Display: Using Local Shader Compiler.
[2017.04.22-06.31.04:435][  0]LogTemp:Display: Loaded TP AllDesktopTargetPlatform
[2017.04.22-06.31.04:529][  0]LogTemp:Display: Loaded TP MacClientTargetPlatform
[2017.04.22-06.31.04:599][  0]LogTemp:Display: Loaded TP MacNoEditorTargetPlatform
[2017.04.22-06.31.04:668][  0]LogTemp:Display: Loaded TP MacServerTargetPlatform
[2017.04.22-06.31.04:772][  0]LogTemp:Display: Loaded TP MacTargetPlatform
[2017.04.22-06.31.04:845][  0]LogTemp:Display: Loaded TP WindowsClientTargetPlatform
[2017.04.22-06.31.04:918][  0]LogTemp:Display: Loaded TP WindowsNoEditorTargetPlatform
[2017.04.22-06.31.04:988][  0]LogTemp:Display: Loaded TP WindowsServerTargetPlatform
[2017.04.22-06.31.05:048][  0]LogTemp:Display: Loaded TP WindowsTargetPlatform
[2017.04.22-06.31.05:150][  0]LogTemp:Display: Loaded TP AndroidTargetPlatform
[2017.04.22-06.31.05:226][  0]LogTemp:Display: Loaded TP Android_ASTCTargetPlatform
[2017.04.22-06.31.05:302][  0]LogTemp:Display: Loaded TP Android_ATCTargetPlatform
[2017.04.22-06.31.05:375][  0]LogTemp:Display: Loaded TP Android_DXTTargetPlatform
[2017.04.22-06.31.05:448][  0]LogTemp:Display: Loaded TP Android_ETC1TargetPlatform
[2017.04.22-06.31.05:528][  0]LogTemp:Display: Loaded TP Android_ETC2TargetPlatform
[2017.04.22-06.31.05:685][  0]LogTemp:Display: Loaded TP Android_MultiTargetPlatform
[2017.04.22-06.31.05:685][  0]LogTemp:Display: Loaded TP Android_PVRTCTargetPlatform
[2017.04.22-06.31.05:736][  0]LogTemp:Display: Loaded TP HTML5TargetPlatform
[2017.04.22-06.31.05:994][  0]LogTemp:Display: Loaded TP IOSTargetPlatform
[2017.04.22-06.31.06:033][  0]LogTemp:Display: Loaded TP TVOSTargetPlatform
[2017.04.22-06.31.06:099][  0]LogTemp:Display: Loaded TP LinuxClientTargetPlatform
[2017.04.22-06.31.06:166][  0]LogTemp:Display: Loaded TP LinuxNoEditorTargetPlatform
[2017.04.22-06.31.06:233][  0]LogTemp:Display: Loaded TP LinuxServerTargetPlatform
[2017.04.22-06.31.06:327][  0]LogTemp:Display: Loaded TP LinuxTargetPlatform
[2017.04.22-06.31.06:327][  0]LogTargetPlatformManager:Display: Building Assets For Windows
[2017.04.22-06.31.08:725][  0]LogDerivedDataCache:Display: Max Cache Size: 512 MB
[2017.04.22-06.31.09:617][  0]LogDerivedDataCache: Loaded boot cache 0.89s 50MB C:/Users/aerob/AppData/Local/UnrealEngine/4.14/DerivedDataCache/Boot.ddc.
[2017.04.22-06.31.09:617][  0]LogDerivedDataCache:Display: Loaded Boot cache: C:/Users/aerob/AppData/Local/UnrealEngine/4.14/DerivedDataCache/Boot.ddc
[2017.04.22-06.31.09:618][  0]LogDerivedDataCache: FDerivedDataBackendGraph:  Pak pak cache file ../../../../../../Users/aerob/Desktop/c3/TheCursedBlade/Cursed_Blade/DerivedDataCache/DDC.ddp not found, will not use a pak cache.
[2017.04.22-06.31.09:618][  0]LogDerivedDataCache: Unable to find inner node Pak for hierarchical cache Hierarchy.
[2017.04.22-06.31.09:618][  0]LogDerivedDataCache: FDerivedDataBackendGraph:  CompressedPak pak cache file ../../../../../../Users/aerob/Desktop/c3/TheCursedBlade/Cursed_Blade/DerivedDataCache/Compressed.ddp not found, will not use a pak cache.
[2017.04.22-06.31.09:618][  0]LogDerivedDataCache: Unable to find inner node CompressedPak for hierarchical cache Hierarchy.
[2017.04.22-06.31.09:727][  0]LogDerivedDataCache:Display: Pak cache opened for reading ../../../Engine/DerivedDataCache/Compressed.ddp.
[2017.04.22-06.31.09:757][  0]LogDerivedDataCache: Using Local data cache path C:/Users/aerob/AppData/Local/UnrealEngine/Common/DerivedDataCache: Writable
[2017.04.22-06.31.28:909][  0]LogInit: Selected Device Profile: [Windows]
[2017.04.22-06.31.29:432][  0]LogContentStreaming: Texture pool size is 0.00 MB
[2017.04.22-06.31.31:386][  0]LogMeshUtilities: Using QuadricMeshReduction for automatic static mesh reduction
[2017.04.22-06.31.31:542][  0]LogSimplygon: Simplygon DLL not present - disabling.
[2017.04.22-06.31.31:709][  0]LogMeshUtilities: Using SimplygonSwarm for distributed automatic mesh merging
[2017.04.22-06.31.31:709][  0]LogMeshUtilities: No automatic skeletal mesh reduction module available
[2017.04.22-06.31.31:709][  0]LogMeshUtilities: No automatic mesh merging module available
[2017.04.22-06.31.45:510][  0]LogNetVersion: GetLocalNetworkVersion: CL: 3195953, ProjectName: cursed_blade, ProjectVersion: , EngineNetworkVersion: 2, GameNetworkVersion: 0, NetworkChecksum: 3550933385
[2017.04.22-06.31.46:034][  0]LogAssetRegistry: FAssetRegistry took 0.0273 seconds to start up
[2017.04.22-06.31.46:527][  0]LogPackageLocalizationCache: Processed 3 localized package path(s) for 2 prioritized culture(s) in 0.345595 seconds
[2017.04.22-06.31.46:550][  0]LogUObjectArray: 31946 objects as part of root set at end of initial load.
[2017.04.22-06.31.46:550][  0]LogUObjectAllocator: 6935840 out of 0 bytes used by permanent object pool.
[2017.04.22-06.31.46:550][  0]LogUObjectArray: CloseDisregardForGC: 0/0 objects in disregard for GC pool
[2017.04.22-06.31.46:663][  0]LogInit: WinSock: version 1.1 (2.2), MaxSocks=32767, MaxUdp=65467
[2017.04.22-06.31.53:240][  0]LogSlate: Using Freetype 2.6.0
[2017.04.22-06.31.53:438][  0]LogSlate: SlateFontCache - WITH_FREETYPE: 1, WITH_HARFBUZZ: 1
[2017.04.22-06.31.53:457][  0]LogSlate: SlateFontCache - WITH_FREETYPE: 1, WITH_HARFBUZZ: 1
[2017.04.22-06.32.33:479][  0]LogTcpMessaging: Initializing TcpMessaging bridge
[2017.04.22-06.32.33:671][  0]LogUdpMessaging: Initializing bridge on interface 0.0.0.0:0 to multicast group 230.0.0.1:6666.
[2017.04.22-06.32.36:472][  0]LogMaterial: Uniform references updated for custom material expression Custom.
[2017.04.22-06.32.38:519][  0]SourceControl: Info Source control is disabled
[2017.04.22-06.32.39:961][  0]SourceControl: Info Source control is disabled
[2017.04.22-06.32.40:279][  0]SourceControl: Info Source control is disabled
[2017.04.22-06.32.40:428][  0]SourceControl: Info Source control is disabled
[2017.04.22-06.32.47:253][  0]LogEngine: Initializing Engine...
[2017.04.22-06.32.47:319][  0]LogHMD: Failed to initialize OpenVR with code 110
[2017.04.22-06.32.49:955][  0]LogAIModule: Creating AISystem for world Untitled
[2017.04.22-06.32.50:941][  0]LogInit: XAudio2 using 'Speaker/HP (Realtek High Definition Audio)' : 2 channels at 48 kHz using 32 bits per sample (channel mask 0x3)
[2017.04.22-06.32.52:187][  0]LogInit: FAudioDevice initialized.
[2017.04.22-06.32.52:316][  0]LogDerivedDataCache: Saved boot cache 0.05s 50MB C:/Users/aerob/AppData/Local/UnrealEngine/4.14/DerivedDataCache/Boot.ddc.
[2017.04.22-06.32.52:386][  0]LogInit: Texture streaming: Enabled
[2017.04.22-06.32.54:409][  0]LogInit: Transaction tracking system initialized
[2017.04.22-06.32.56:245][  0]BlueprintLog: New page: Editor Load
[2017.04.22-06.33.00:743][  0]LogPackageName:Warning: String asset reference "JW_FlameDungeon.FX.SM_FX_Embers" is in short form, which is unsupported and -- even if valid -- resolving it will be really slow. Please consider resaving package in order to speed-up loading.
[2017.04.22-06.33.00:743][  0]LogPackageName: SearchForPackageOnDisk took   0.255s, but failed to resolve JW_FlameDungeon.
[2017.04.22-06.33.00:743][  0]LogPackageName:Warning: String asset reference "JW_FlameDungeon.FX.SM_FX_Embers" could not be resolved.
[2017.04.22-06.33.00:743][  0]LogPackageName:Warning: String asset reference "JW_FlameDungeon.FX.SM_FogPlane02" is in short form, which is unsupported and -- even if valid -- resolving it will be really slow. Please consider resaving package in order to speed-up loading.
[2017.04.22-06.33.00:743][  0]LogPackageName: SearchForPackageOnDisk took   0.243s, but failed to resolve JW_FlameDungeon.
[2017.04.22-06.33.00:743][  0]LogPackageName:Warning: String asset reference "JW_FlameDungeon.FX.SM_FogPlane02" could not be resolved.
[2017.04.22-06.33.01:739][  0]LocalizationService: Info Localization service is disabled
[2017.04.22-06.33.05:785][  0]LogConsoleResponse:Display: 
[2017.04.22-06.33.11:518][  0]LogFileCache: Scanning file cache for directory 'C:/Users/aerob/Desktop/c3/TheCursedBlade/Cursed_Blade/Content/' took 0.15s
[2017.04.22-06.33.11:518][  0]LogCook:Display: Max memory allowance for cook 16384mb min free memory 0mb
[2017.04.22-06.33.11:700][  0]LogCook:Display: Mobile HDR setting 1
[2017.04.22-06.33.16:813][  0]LogPackageName:Warning: String asset reference "StaticMesh'FX_Meshes_IB.SM_Debris_Box_RadialFull'" is in short form, which is unsupported and -- even if valid -- resolving it will be really slow. Please consider resaving package in order to speed-up loading.
[2017.04.22-06.33.16:813][  0]LogPackageName: SearchForPackageOnDisk took   0.233s, but failed to resolve StaticMesh'FX_Meshes_IB.
[2017.04.22-06.33.16:813][  0]LogPackageName:Warning: String asset reference "StaticMesh'FX_Meshes_IB.SM_Debris_Box_RadialFull'" could not be resolved.
[2017.04.22-06.33.17:366][  0]LogPackageName:Warning: String asset reference "JW_Ice_Mountain.Mesh.SM_SnowBoulder" is in short form, which is unsupported and -- even if valid -- resolving it will be really slow. Please consider resaving package in order to speed-up loading.
[2017.04.22-06.33.17:366][  0]SourceControl: Info Source control is disabled
[2017.04.22-06.33.17:466][  0]LogPackageName: SearchForPackageOnDisk took   0.236s, but failed to resolve JW_Ice_Mountain.
[2017.04.22-06.33.17:466][  0]LogPackageName:Warning: String asset reference "JW_Ice_Mountain.Mesh.SM_SnowBoulder" could not be resolved.
[2017.04.22-06.33.17:466][  0]Cmd: MAP LOAD FILE="../../../../../../Users/aerob/Desktop/c3/TheCursedBlade/Cursed_Blade/Content/Levels/MainMenuLevel.umap" TEMPLATE=0 SHOWPROGRESS=1 FEATURELEVEL=3
[2017.04.22-06.33.17:701][  0]LightingResults: New page: Lighting Build
[2017.04.22-06.33.18:615][  0]LogPackageName:Warning: String asset reference "FX_Meshes.UI.SM_SelectionMesh_01" is in short form, which is unsupported and -- even if valid -- resolving it will be really slow. Please consider resaving package in order to speed-up loading.
[2017.04.22-06.33.18:664][  0]MapCheck: New page: Map Check
[2017.04.22-06.33.18:664][  0]LightingResults: New page: Lighting Build
[2017.04.22-06.33.19:790][  0]LogPackageName: SearchForPackageOnDisk took   0.236s, but failed to resolve FX_Meshes.
[2017.04.22-06.33.19:790][  0]LogPackageName:Warning: String asset reference "FX_Meshes.UI.SM_SelectionMesh_01" could not be resolved.
[2017.04.22-06.33.19:790][  0]LogPackageName:Warning: String asset reference "FX_Meshes.UI.SM_SelectionMesh_01" is in short form, which is unsupported and -- even if valid -- resolving it will be really slow. Please consider resaving package in order to speed-up loading.
[2017.04.22-06.33.19:790][  0]LogPackageName: SearchForPackageOnDisk took   0.246s, but failed to resolve FX_Meshes.
[2017.04.22-06.33.19:790][  0]LogPackageName:Warning: String asset reference "FX_Meshes.UI.SM_SelectionMesh_01" could not be resolved.
[2017.04.22-06.33.19:790][  0]LogPackageName:Warning: String asset reference "'FX_Ambient.Meshes.SM_Bats'" is in short form, which is unsupported and -- even if valid -- resolving it will be really slow. Please consider resaving package in order to speed-up loading.
[2017.04.22-06.33.20:278][  0]LogPackageName: SearchForPackageOnDisk took   0.242s, but failed to resolve 'FX_Ambient.
[2017.04.22-06.33.20:278][  0]LogPackageName:Warning: String asset reference "'FX_Ambient.Meshes.SM_Bats'" could not be resolved.
[2017.04.22-06.33.21:536][  0]LogPackageName:Warning: String asset reference "CastleEffects.TouchToMoveArrow" is in short form, which is unsupported and -- even if valid -- resolving it will be really slow. Please consider resaving package in order to speed-up loading.
[2017.04.22-06.33.21:536][  0]LogPackageName: SearchForPackageOnDisk took   0.233s, but failed to resolve CastleEffects.
[2017.04.22-06.33.21:536][  0]LogPackageName:Warning: String asset reference "CastleEffects.TouchToMoveArrow" could not be resolved.
[2017.04.22-06.33.23:699][  0]LogPackageName:Warning: String asset reference "StaticMesh'FX_Meshes.Fire.SM_Dungeon_Pipes_Lava01_Cool'" is in short form, which is unsupported and -- even if valid -- resolving it will be really slow. Please consider resaving package in order to speed-up loading.
[2017.04.22-06.33.23:699][  0]LogPackageName: SearchForPackageOnDisk took   0.249s, but failed to resolve StaticMesh'FX_Meshes.
[2017.04.22-06.33.23:699][  0]LogPackageName:Warning: String asset reference "StaticMesh'FX_Meshes.Fire.SM_Dungeon_Pipes_Lava01_Cool'" could not be resolved.
[2017.04.22-06.33.23:699][  0]LogPackageName:Warning: String asset reference "m_FogSheet_02" is in short form, which is unsupported and -- even if valid -- resolving it will be really slow. Please consider resaving package in order to speed-up loading.
[2017.04.22-06.33.23:699][  0]LogPackageName: SearchForPackageOnDisk took   0.234s to resolve m_FogSheet_02.
[2017.04.22-06.33.24:416][  0]LogPackageName:Warning: String asset reference "FX_Test_LAN.Meshes.SM_IceWall01" is in short form, which is unsupported and -- even if valid -- resolving it will be really slow. Please consider resaving package in order to speed-up loading.
[2017.04.22-06.33.25:508][  0]LogPackageName: SearchForPackageOnDisk took   0.240s, but failed to resolve FX_Test_LAN.
[2017.04.22-06.33.25:508][  0]LogPackageName:Warning: String asset reference "FX_Test_LAN.Meshes.SM_IceWall01" could not be resolved.
[2017.04.22-06.33.27:654][  0]LogPackageName:Warning: String asset reference "m_FogSheet_02" is in short form, which is unsupported and -- even if valid -- resolving it will be really slow. Please consider resaving package in order to speed-up loading.
[2017.04.22-06.33.27:654][  0]LogPackageName: SearchForPackageOnDisk took   0.233s to resolve m_FogSheet_02.
[2017.04.22-06.33.27:654][  0]LogPackageName:Warning: String asset reference "m_FogSheet_02" is in short form, which is unsupported and -- even if valid -- resolving it will be really slow. Please consider resaving package in order to speed-up loading.
[2017.04.22-06.33.27:654][  0]LogPackageName: SearchForPackageOnDisk took   0.234s to resolve m_FogSheet_02.
[2017.04.22-06.33.27:654][  0]LogPackageName:Warning: String asset reference "m_FogSheet_02" is in short form, which is unsupported and -- even if valid -- resolving it will be really slow. Please consider resaving package in order to speed-up loading.
[2017.04.22-06.33.27:654][  0]LogPackageName: SearchForPackageOnDisk took   0.233s to resolve m_FogSheet_02.
[2017.04.22-06.33.34:455][  0]LogAIModule: Creating AISystem for world MainMenuLevel
[2017.04.22-06.33.38:130][  0]LogEditorServer: Finished looking for orphan Actors (0.006 secs)
[2017.04.22-06.33.38:692][  0]Cmd: MAP CHECKDEP NOCLEARLOG
[2017.04.22-06.33.38:987][  0]MapCheck: Info Map check complete: 0 Error(s), 0 Warning(s), took 289.949ms to complete.
[2017.04.22-06.33.38:987][  0]LogFileHelpers: Loading map 'MainMenuLevel' took 21.562
[2017.04.22-06.33.46:321][  0]LogCollectionManager: Loaded 0 collections in 0.003297 seconds
[2017.04.22-06.33.47:408][  0]LogFileCache: Scanning file cache for directory 'C:/Users/aerob/Desktop/c3/TheCursedBlade/Cursed_Blade/Saved/Collections/' took 0.01s
[2017.04.22-06.33.47:408][  0]LogFileCache: Scanning file cache for directory 'C:/Users/aerob/Desktop/c3/TheCursedBlade/Cursed_Blade/Content/Developers/aerob/Collections/' took 0.01s
[2017.04.22-06.33.47:408][  0]LogFileCache: Scanning file cache for directory 'C:/Users/aerob/Desktop/c3/TheCursedBlade/Cursed_Blade/Content/Collections/' took 0.01s
[2017.04.22-06.33.47:408][  0]LogCollectionManager: Rebuilt the GUID cache for 0 collections in 0.000006 seconds
[2017.04.22-06.33.47:595][  0]LogContentBrowser: Native class hierarchy populated in 0.0949 seconds. Added 2190 classes and 428 folders.
[2017.04.22-06.33.48:132][  0]LogStats: UGameplayTagsManager::ConstructGameplayTagTree: Construct from data asset -  0.000 s
[2017.04.22-06.33.48:132][  0]LogStats: UGameplayTagsManager::ConstructGameplayTagTree: GameplayTagTreeChangedEvent.Broadcast -  0.001 s
[2017.04.22-06.33.48:133][  0]LogContentBrowser: Native class hierarchy updated for 'GameplayTags' in 0.0007 seconds. Added 13 classes and 0 folders.
[2017.04.22-06.33.48:319][  0]LogContentBrowser: Native class hierarchy updated for 'WidgetCarousel' in 0.0006 seconds. Added 0 classes and 0 folders.
[2017.04.22-06.33.54:385][  0]LogContentBrowser: Native class hierarchy updated for 'AddContentDialog' in 0.0015 seconds. Added 0 classes and 0 folders.
[2017.04.22-06.33.54:867][  0]LogContentBrowser: Native class hierarchy updated for 'SceneOutliner' in 0.0021 seconds. Added 1 classes and 2 folders.
[2017.04.22-06.34.00:919][  0]LogCrashTracker: Crashtracker disabled due to settings.
[2017.04.22-06.34.02:454][  0]LogUObjectGlobals:Warning: Failed to find object 'Class None.'
[2017.04.22-06.34.03:034][  0]LogContentBrowser: Native class hierarchy updated for 'HierarchicalLODOutliner' in 0.0021 seconds. Added 1 classes and 2 folders.
[2017.04.22-06.34.03:035][  0]LogLoad: (Engine Initialization) Total time: 215.23 seconds
[2017.04.22-06.34.03:035][  0]LogLoad: (Engine Initialization) Total Blueprint compile time: 3.63 seconds
[2017.04.22-06.34.03:095][  0]LogExternalProfiler: Found external profiler: VSPerf
[2017.04.22-06.34.03:095][  0]LogExternalProfiler: Using external profiler: VSPerf
[2017.04.22-06.34.03:440][  0]LogOcInput: OculusInput pre-init called
[2017.04.22-06.34.05:414][  0]LogContentStreaming: Texture pool size now 1000 MB
[2017.04.22-06.34.10:221][  0]LogRenderer: Reallocating scene render targets to support 856x264 NumSamples 1 (Frame:2).
[2017.04.22-06.34.27:081][451]LogPackageName:Warning: String asset reference "JW_Ice_Mountain.Mesh.SM_SnowBoulder" is in short form, which is unsupported and -- even if valid -- resolving it will be really slow. Please consider resaving package in order to speed-up loading.
[2017.04.22-06.34.27:520][470]LogPackageName: SearchForPackageOnDisk took   0.440s, but failed to resolve JW_Ice_Mountain.
[2017.04.22-06.34.27:520][470]LogPackageName:Warning: String asset reference "JW_Ice_Mountain.Mesh.SM_SnowBoulder" could not be resolved.
[2017.04.22-06.34.27:684][478]LogPackageName:Warning: String asset reference "S_Survival_CA_Chicken_02.SM.S_Survival_CA_Chicken_02" is in short form, which is unsupported and -- even if valid -- resolving it will be really slow. Please consider resaving package in order to speed-up loading.
[2017.04.22-06.34.28:101][496]LogPackageName: SearchForPackageOnDisk took   0.412s to resolve S_Survival_CA_Chicken_02.
[2017.04.22-06.34.29:536][564]LogPackageName:Warning: String asset reference "JW_Ice_Mountain.Mesh.SM_SnowBoulder" is in short form, which is unsupported and -- even if valid -- resolving it will be really slow. Please consider resaving package in order to speed-up loading.
[2017.04.22-06.34.29:963][583]LogPackageName: SearchForPackageOnDisk took   0.425s, but failed to resolve JW_Ice_Mountain.
[2017.04.22-06.34.29:963][583]LogPackageName:Warning: String asset reference "JW_Ice_Mountain.Mesh.SM_SnowBoulder" could not be resolved.
[2017.04.22-06.34.30:054][587]LogPackageName:Warning: String asset reference "Env_ALL_Artifacts.Mesh.Env_ALL_Terminus001" is in short form, which is unsupported and -- even if valid -- resolving it will be really slow. Please consider resaving package in order to speed-up loading.
[2017.04.22-06.34.30:463][605]LogPackageName: SearchForPackageOnDisk took   0.410s, but failed to resolve Env_ALL_Artifacts.
[2017.04.22-06.34.30:463][605]LogPackageName:Warning: String asset reference "Env_ALL_Artifacts.Mesh.Env_ALL_Terminus001" could not be resolved.
[2017.04.22-06.34.34:590][809]LogPackageName:Warning: String asset reference "Env_Ice_Rocky.Mesh.Env_Ice_MelancholicTroll01" is in short form, which is unsupported and -- even if valid -- resolving it will be really slow. Please consider resaving package in order to speed-up loading.
[2017.04.22-06.34.35:038][828]LogPackageName: SearchForPackageOnDisk took   0.453s, but failed to resolve Env_Ice_Rocky.
[2017.04.22-06.34.35:038][828]LogPackageName:Warning: String asset reference "Env_Ice_Rocky.Mesh.Env_Ice_MelancholicTroll01" could not be resolved.
[2017.04.22-06.34.35:097][831]LogPackageName:Warning: String asset reference "Env_Ice_Rocky.Mesh.Env_Ice_NordHeed01" is in short form, which is unsupported and -- even if valid -- resolving it will be really slow. Please consider resaving package in order to speed-up loading.
[2017.04.22-06.34.35:500][848]LogPackageName: SearchForPackageOnDisk took   0.406s, but failed to resolve Env_Ice_Rocky.
[2017.04.22-06.34.35:500][848]LogPackageName:Warning: String asset reference "Env_Ice_Rocky.Mesh.Env_Ice_NordHeed01" could not be resolved.
[2017.04.22-06.34.39:978][ 48]LogPackageName:Warning: String asset reference "Exo_Deco01.SM.Mesh.WoodenBarrel_Intact" is in short form, which is unsupported and -- even if valid -- resolving it will be really slow. Please consider resaving package in order to speed-up loading.
[2017.04.22-06.34.40:383][ 66]LogPackageName: SearchForPackageOnDisk took   0.403s, but failed to resolve Exo_Deco01.
[2017.04.22-06.34.40:383][ 66]LogPackageName:Warning: String asset reference "Exo_Deco01.SM.Mesh.WoodenBarrel_Intact" could not be resolved.
[2017.04.22-06.34.40:652][ 78]LogPackageName:Warning: String asset reference "Env_Ice_RuinedWalls001" is in short form, which is unsupported and -- even if valid -- resolving it will be really slow. Please consider resaving package in order to speed-up loading.
[2017.04.22-06.34.41:053][ 96]LogPackageName: SearchForPackageOnDisk took   0.395s, but failed to resolve Env_Ice_RuinedWalls001.
[2017.04.22-06.34.41:053][ 96]LogPackageName:Warning: String asset reference "Env_Ice_RuinedWalls001" could not be resolved.
[2017.04.22-06.34.54:116][718]LogAssetRegistry: Asset discovery search completed in 188.1051 seconds
[2017.04.22-06.34.54:177][718]LogCollectionManager: Rebuilt the object cache for 0 collections in 0.000000 seconds (found 0 objects)
[2017.04.22-06.34.54:177][718]LogCollectionManager: Fixed up redirectors for 0 collections in 0.000821 seconds (updated 0 objects)
[2017.04.22-06.37.38:813][576]LogContentBrowser: Native class hierarchy updated for 'BlueprintGraph' in 0.0011 seconds. Added 111 classes and 0 folders.
[2017.04.22-06.37.41:482][576]LogSkeletalMesh: InitArticulated: Bodies already created (/Engine/Transient.DebugSkelMeshComponent_0) - call TermArticulated first.
[2017.04.22-06.37.45:246][576]LogContentBrowser:Verbose: The majority of assets in the view are of type: AnimSequence
[2017.04.22-06.39.07:417][495]BlueprintLog: New page: Compile demonLordAnimBlueprint
[2017.04.22-06.39.10:054][525]LogSavePackage: Save=295.33ms
[2017.04.22-06.39.10:055][525]LogSavePackage: Moving '../../../../../../Users/aerob/Desktop/c3/TheCursedBlade/Cursed_Blade/Saved/demonLordAnimBlueprint438DF6FB49EA29C90516C4B4973FCB7E.tmp' to '../../../../../../Users/aerob/Desktop/c3/TheCursedBlade/Cursed_Blade/Content/DemonLord/Animations/demonLordAnimBlueprint.uasset'
[2017.04.22-06.39.10:142][525]LogSavePackage:Display: Finished SavePackage ../../../../../../Users/aerob/Desktop/c3/TheCursedBlade/Cursed_Blade/Content/DemonLord/Animations/demonLordAnimBlueprint.uasset
[2017.04.22-06.57.33:263][306]LogRenderer: Reallocating scene render targets to support 856x464 NumSamples 1 (Frame:42664).
[2017.04.22-06.58.01:210][  3]LogRenderer: Reallocating scene render targets to support 1020x464 NumSamples 1 (Frame:43044).
[2017.04.22-07.01.15:248][158]LogFileHelpers: Editor autosave (incl. sublevels) for '/Game/Levels/MainMenuLevel' took 0.068
[2017.04.22-07.01.15:251][158]OBJ SavePackage: Generating thumbnails for [1] asset(s) in package [/Game/character/DemonBoss] ([1] browsable assets)...
[2017.04.22-07.01.15:259][158]OBJ SavePackage:     Rendered thumbnail for [Blueprint /Game/character/DemonBoss.DemonBoss]
[2017.04.22-07.01.15:259][158]OBJ SavePackage: Finished generating thumbnails for package [/Game/character/DemonBoss]
[2017.04.22-07.01.15:329][158]LogSavePackage: Save=67.02ms
[2017.04.22-07.01.15:329][158]LogSavePackage: Moving '../../../../../../Users/aerob/Desktop/c3/TheCursedBlade/Cursed_Blade/Saved/DemonBoss_Auto1D8F7043E4B0029FC787B83AE7208E6E6.tmp' to '../../../../../../Users/aerob/Desktop/c3/TheCursedBlade/Cursed_Blade/Saved/Autosaves/Game/character/DemonBoss_Auto1.uasset'
[2017.04.22-07.01.15:340][158]LogSavePackage:Display: Finished SavePackage ../../../../../../Users/aerob/Desktop/c3/TheCursedBlade/Cursed_Blade/Saved/Autosaves/Game/character/DemonBoss_Auto1.uasset
[2017.04.22-07.01.15:340][158]LogFileHelpers: Auto-saving content packages took 0.091
[2017.04.22-07.05.06:056][184]LogAnimation:Warning: AnimBP character_anim_C is incompatible with skeleton DEMON_LORD_Skeleton, removing AnimBP from actor.
[2017.04.22-07.05.06:056][184]LogAnimation:Warning: AnimBP character_anim_C is incompatible with skeleton DEMON_LORD_Skeleton, removing AnimBP from actor.
[2017.04.22-07.05.14:013][345]LogSlate:Warning: Prevented a slow task dialog from being summoned while a context menu was open
[2017.04.22-07.05.20:000][776]BlueprintLog: New page: Compile DemonBoss
[2017.04.22-07.05.23:096][901]Cmd: OBJ SAVEPACKAGE PACKAGE="/Game/character/DemonBoss" FILE="../../../../../../Users/aerob/Desktop/c3/TheCursedBlade/Cursed_Blade/Content/character/DemonBoss.uasset" SILENT=true
[2017.04.22-07.05.23:155][901]LogSavePackage: Save=54.91ms
[2017.04.22-07.05.23:155][901]LogSavePackage: Moving '../../../../../../Users/aerob/Desktop/c3/TheCursedBlade/Cursed_Blade/Saved/DemonBossE6F13B2542B7D90AEEEF1F8DEB084680.tmp' to '../../../../../../Users/aerob/Desktop/c3/TheCursedBlade/Cursed_Blade/Content/character/DemonBoss.uasset'
[2017.04.22-07.05.23:163][901]LogSavePackage:Display: Finished SavePackage ../../../../../../Users/aerob/Desktop/c3/TheCursedBlade/Cursed_Blade/Content/character/DemonBoss.uasset
[2017.04.22-07.05.31:676][357]LogScript:Warning: Accessed None trying to read property RightHandCollision
	DemonBoss_C /Engine/Transient.World_11:PersistentLevel.DemonBoss_C_0
	Function /Game/character/DemonBoss.DemonBoss_C:UserConstructionScript:005C
[2017.04.22-07.05.31:739][357]LogScript:Warning: Accessed None trying to read property RightHandCollision
	DemonBoss_C /Engine/Transient.World_11:PersistentLevel.DemonBoss_C_0
	Function /Game/character/DemonBoss.DemonBoss_C:UserConstructionScript:005C
[2017.04.22-07.05.34:411][530]LogScript:Warning: Accessed None trying to read property LeftHandCollision
	DemonBoss_C /Engine/Transient.World_11:PersistentLevel.DemonBoss_C_0
	Function /Game/character/DemonBoss.DemonBoss_C:UserConstructionScript:0017
[2017.04.22-07.05.34:411][530]LogScript:Warning: Accessed None trying to read property RightHandCollision
	DemonBoss_C /Engine/Transient.World_11:PersistentLevel.DemonBoss_C_0
	Function /Game/character/DemonBoss.DemonBoss_C:UserConstructionScript:005C
[2017.04.22-07.05.34:460][530]LogScript:Warning: Accessed None trying to read property LeftHandCollision
	DemonBoss_C /Engine/Transient.World_11:PersistentLevel.DemonBoss_C_0
	Function /Game/character/DemonBoss.DemonBoss_C:UserConstructionScript:0017
[2017.04.22-07.05.34:460][530]LogScript:Warning: Accessed None trying to read property RightHandCollision
	DemonBoss_C /Engine/Transient.World_11:PersistentLevel.DemonBoss_C_0
	Function /Game/character/DemonBoss.DemonBoss_C:UserConstructionScript:005C
[2017.04.22-07.11.15:693][883]LogFileHelpers: Editor autosave (incl. sublevels) for '/Game/Levels/MainMenuLevel' took 0.045
[2017.04.22-07.11.15:696][883]OBJ SavePackage: Generating thumbnails for [1] asset(s) in package [/Game/character/DemonBoss] ([1] browsable assets)...
[2017.04.22-07.11.15:703][883]OBJ SavePackage:     Rendered thumbnail for [Blueprint /Game/character/DemonBoss.DemonBoss]
[2017.04.22-07.11.15:703][883]OBJ SavePackage: Finished generating thumbnails for package [/Game/character/DemonBoss]
[2017.04.22-07.11.15:769][883]LogSavePackage: Save=47.36ms
[2017.04.22-07.11.15:769][883]LogSavePackage: Moving '../../../../../../Users/aerob/Desktop/c3/TheCursedBlade/Cursed_Blade/Saved/DemonBoss_Auto222DE894C46FD9BB0A3578EBBB688A463.tmp' to '../../../../../../Users/aerob/Desktop/c3/TheCursedBlade/Cursed_Blade/Saved/Autosaves/Game/character/DemonBoss_Auto2.uasset'
[2017.04.22-07.11.15:772][883]LogSavePackage:Display: Finished SavePackage ../../../../../../Users/aerob/Desktop/c3/TheCursedBlade/Cursed_Blade/Saved/Autosaves/Game/character/DemonBoss_Auto2.uasset
[2017.04.22-07.11.15:772][883]LogFileHelpers: Auto-saving content packages took 0.077
[2017.04.22-07.12.35:031][681]BlueprintLog: New page: Compile DemonBoss
[2017.04.22-07.12.35:091][681]LogBlueprint:Error: [Compiler DemonBoss] Error This blueprint (self) is not a PrimitiveComponent, therefore ' self ' must have a connection.
[2017.04.22-07.12.35:091][681]LogBlueprint:Error: [Compiler DemonBoss] Error This blueprint (self) is not a PrimitiveComponent, therefore ' self ' must have a connection.
[2017.04.22-07.12.35:092][681]LogBlueprint:Error: [Compiler DemonBoss] Error This blueprint (self) is not a SceneComponent, therefore ' self ' must have a connection.
[2017.04.22-07.12.35:092][681]LogBlueprint:Error: [Compiler DemonBoss] Error This blueprint (self) is not a SceneComponent, therefore ' self ' must have a connection.
[2017.04.22-07.12.35:418][681]BlueprintEditorCompileResults:Error: Error This blueprint (self) is not a PrimitiveComponent, therefore ' self ' must have a connection.
[2017.04.22-07.12.35:418][681]BlueprintEditorCompileResults:Error: Error This blueprint (self) is not a PrimitiveComponent, therefore ' self ' must have a connection.
[2017.04.22-07.12.35:418][681]BlueprintEditorCompileResults:Error: Error This blueprint (self) is not a SceneComponent, therefore ' self ' must have a connection.
[2017.04.22-07.12.35:418][681]BlueprintEditorCompileResults:Error: Error This blueprint (self) is not a SceneComponent, therefore ' self ' must have a connection.
[2017.04.22-07.12.35:441][681]LogBlueprint:Warning: [Compiler DemonBoss] Warning [2527.63] Compile of DemonBoss failed. 4 Fatal Issue(s) 0 Warning(s) [in 404 ms] (/Game/character/DemonBoss.DemonBoss)
[2017.04.22-07.13.37:180][111]Cmd: OBJ SAVEPACKAGE PACKAGE="/Game/character/demonBoss" FILE="../../../../../../Users/aerob/Desktop/c3/TheCursedBlade/Cursed_Blade/Content/character/demonBoss.uasset" SILENT=true
[2017.04.22-07.13.37:234][111]LogSavePackage: Save=49.92ms
[2017.04.22-07.13.37:234][111]LogSavePackage: Moving '../../../../../../Users/aerob/Desktop/c3/TheCursedBlade/Cursed_Blade/Saved/demonBossF7E011194E58452A0902988B27B90970.tmp' to '../../../../../../Users/aerob/Desktop/c3/TheCursedBlade/Cursed_Blade/Content/character/demonBoss.uasset'
[2017.04.22-07.13.37:240][111]LogSavePackage:Display: Finished SavePackage ../../../../../../Users/aerob/Desktop/c3/TheCursedBlade/Cursed_Blade/Content/character/demonBoss.uasset
[2017.04.22-07.13.52:271][826]LogAnimation:Warning: AnimBP character_anim_C is incompatible with skeleton DEMON_LORD_Skeleton, removing AnimBP from actor.
[2017.04.22-07.13.52:272][826]LogAnimation:Warning: AnimBP character_anim_C is incompatible with skeleton DEMON_LORD_Skeleton, removing AnimBP from actor.
[2017.04.22-07.13.55:640][888]LogSlate:Warning: Prevented a slow task dialog from being summoned while a context menu was open
[2017.04.22-07.14.11:289][409]BlueprintLog: New page: Compile demonBoss
[2017.04.22-07.14.13:047][489]Cmd: OBJ SAVEPACKAGE PACKAGE="/Game/character/demonBoss" FILE="../../../../../../Users/aerob/Desktop/c3/TheCursedBlade/Cursed_Blade/Content/character/demonBoss.uasset" SILENT=true
[2017.04.22-07.14.13:107][489]LogSavePackage: Save=48.80ms
[2017.04.22-07.14.13:107][489]LogSavePackage: Moving '../../../../../../Users/aerob/Desktop/c3/TheCursedBlade/Cursed_Blade/Saved/demonBoss410F964043AE3787E387E795CE9728A3.tmp' to '../../../../../../Users/aerob/Desktop/c3/TheCursedBlade/Cursed_Blade/Content/character/demonBoss.uasset'
[2017.04.22-07.14.13:114][489]LogSavePackage:Display: Finished SavePackage ../../../../../../Users/aerob/Desktop/c3/TheCursedBlade/Cursed_Blade/Content/character/demonBoss.uasset
[2017.04.22-07.14.26:260][233]LogScript:Warning: Accessed None trying to read property RightHandCollision
	demonBoss_C /Engine/Transient.World_13:PersistentLevel.demonBoss_C_0
	Function /Game/character/demonBoss.demonBoss_C:UserConstructionScript:005C
[2017.04.22-07.14.26:310][233]LogScript:Warning: Accessed None trying to read property RightHandCollision
	demonBoss_C /Engine/Transient.World_13:PersistentLevel.demonBoss_C_0
	Function /Game/character/demonBoss.demonBoss_C:UserConstructionScript:005C
[2017.04.22-07.14.29:119][419]LogScript:Warning: Accessed None trying to read property LeftHandCollision
	demonBoss_C /Engine/Transient.World_13:PersistentLevel.demonBoss_C_0
	Function /Game/character/demonBoss.demonBoss_C:UserConstructionScript:0017
[2017.04.22-07.14.29:119][419]LogScript:Warning: Accessed None trying to read property RightHandCollision
	demonBoss_C /Engine/Transient.World_13:PersistentLevel.demonBoss_C_0
	Function /Game/character/demonBoss.demonBoss_C:UserConstructionScript:005C
[2017.04.22-07.14.29:168][419]LogScript:Warning: Accessed None trying to read property LeftHandCollision
	demonBoss_C /Engine/Transient.World_13:PersistentLevel.demonBoss_C_0
	Function /Game/character/demonBoss.demonBoss_C:UserConstructionScript:0017
[2017.04.22-07.14.29:168][419]LogScript:Warning: Accessed None trying to read property RightHandCollision
	demonBoss_C /Engine/Transient.World_13:PersistentLevel.demonBoss_C_0
	Function /Game/character/demonBoss.demonBoss_C:UserConstructionScript:005C
[2017.04.22-07.14.30:472][493]BlueprintLog: New page: Compile demonBoss
[2017.04.22-07.14.30:497][493]LogBlueprint:Error: [Compiler demonBoss] Error This blueprint (self) is not a PrimitiveComponent, therefore ' self ' must have a connection.
[2017.04.22-07.14.30:497][493]LogBlueprint:Error: [Compiler demonBoss] Error This blueprint (self) is not a PrimitiveComponent, therefore ' self ' must have a connection.
[2017.04.22-07.14.30:499][493]LogBlueprint:Error: [Compiler demonBoss] Error This blueprint (self) is not a SceneComponent, therefore ' self ' must have a connection.
[2017.04.22-07.14.30:499][493]LogBlueprint:Error: [Compiler demonBoss] Error This blueprint (self) is not a SceneComponent, therefore ' self ' must have a connection.
[2017.04.22-07.14.30:770][493]BlueprintEditorCompileResults:Error: Error This blueprint (self) is not a PrimitiveComponent, therefore ' self ' must have a connection.
[2017.04.22-07.14.30:770][493]BlueprintEditorCompileResults:Error: Error This blueprint (self) is not a PrimitiveComponent, therefore ' self ' must have a connection.
[2017.04.22-07.14.30:770][493]BlueprintEditorCompileResults:Error: Error This blueprint (self) is not a SceneComponent, therefore ' self ' must have a connection.
[2017.04.22-07.14.30:770][493]BlueprintEditorCompileResults:Error: Error This blueprint (self) is not a SceneComponent, therefore ' self ' must have a connection.
[2017.04.22-07.14.30:770][493]LogBlueprint:Warning: [Compiler demonBoss] Warning [2642.97] Compile of demonBoss failed. 4 Fatal Issue(s) 0 Warning(s) [in 298 ms] (/Game/character/demonBoss.demonBoss)
[2017.04.22-07.16.24:316][439]LogAnimation:Warning: AnimBP character_anim_C is incompatible with skeleton DEMON_LORD_Skeleton, removing AnimBP from actor.
[2017.04.22-07.16.24:316][439]LogAnimation:Warning: AnimBP character_anim_C is incompatible with skeleton DEMON_LORD_Skeleton, removing AnimBP from actor.
[2017.04.22-07.16.27:052][512]LogSlate:Warning: Prevented a slow task dialog from being summoned while a context menu was open
[2017.04.22-07.16.32:547][914]BlueprintLog: New page: Compile demomBoss
[2017.04.22-07.16.34:059][986]Cmd: OBJ SAVEPACKAGE PACKAGE="/Game/character/demomBoss" FILE="../../../../../../Users/aerob/Desktop/c3/TheCursedBlade/Cursed_Blade/Content/character/demomBoss.uasset" SILENT=true
