Log file open, 04/23/17 04:32:37
LogInit:Display: Running engine for game: Cursed_Blade
LogPlatformFile: Not using cached read wrapper
LogInit:Display: RandInit(-135042999) SRandInit(-135042999).
LogTaskGraph: Started task graph with 5 named threads and 6 total threads with 1 sets of task threads.
LogStats: Stats thread started at 0.195337
LogPluginManager: Loaded Plugin Paper2D, From C:/Program Files (x86)/Epic Games/4.14/Engine/Plugins/2D/Paper2D/Paper2D.uplugin
LogPluginManager: Loaded Plugin LightPropagationVolume, From C:/Program Files (x86)/Epic Games/4.14/Engine/Plugins/Blendables/LightPropagationVolume/LightPropagationVolume.uplugin
LogPluginManager: Loaded Plugin BlankPlugin, From C:/Program Files (x86)/Epic Games/4.14/Engine/Plugins/Developer/BlankPlugin/BlankPlugin.uplugin
LogPluginManager: Loaded Plugin CodeLiteSourceCodeAccess, From C:/Program Files (x86)/Epic Games/4.14/Engine/Plugins/Developer/CodeLiteSourceCodeAccess/CodeLiteSourceCodeAccess.uplugin
LogPluginManager: Loaded Plugin GitSourceControl, From C:/Program Files (x86)/Epic Games/4.14/Engine/Plugins/Developer/GitSourceControl/GitSourceControl.uplugin
LogPluginManager: Loaded Plugin KDevelopSourceCodeAccess, From C:/Program Files (x86)/Epic Games/4.14/Engine/Plugins/Developer/KDevelopSourceCodeAccess/KDevelopSourceCodeAccess.uplugin
LogPluginManager: Loaded Plugin NullSourceCodeAccess, From C:/Program Files (x86)/Epic Games/4.14/Engine/Plugins/Developer/NullSourceCodeAccess/NullSourceCodeAccess.uplugin
LogPluginManager: Loaded Plugin OneSkyLocalizationService, From C:/Program Files (x86)/Epic Games/4.14/Engine/Plugins/Developer/OneSkyLocalizationService/OneSkyLocalizationService.uplugin
LogPluginManager: Loaded Plugin PerforceSourceControl, From C:/Program Files (x86)/Epic Games/4.14/Engine/Plugins/Developer/PerforceSourceControl/PerforceSourceControl.uplugin
LogPluginManager: Loaded Plugin SubversionSourceControl, From C:/Program Files (x86)/Epic Games/4.14/Engine/Plugins/Developer/SubversionSourceControl/SubversionSourceControl.uplugin
LogPluginManager: Loaded Plugin UObjectPlugin, From C:/Program Files (x86)/Epic Games/4.14/Engine/Plugins/Developer/UObjectPlugin/UObjectPlugin.uplugin
LogPluginManager: Loaded Plugin VisualStudioSourceCodeAccess, From C:/Program Files (x86)/Epic Games/4.14/Engine/Plugins/Developer/VisualStudioSourceCodeAccess/VisualStudioSourceCodeAccess.uplugin
LogPluginManager: Loaded Plugin XCodeSourceCodeAccess, From C:/Program Files (x86)/Epic Games/4.14/Engine/Plugins/Developer/XCodeSourceCodeAccess/XCodeSourceCodeAccess.uplugin
LogPluginManager: Loaded Plugin AudioCapture, From C:/Program Files (x86)/Epic Games/4.14/Engine/Plugins/Editor/AudioCapture/AudioCapture.uplugin
LogPluginManager: Loaded Plugin EpicSurvey, From C:/Program Files (x86)/Epic Games/4.14/Engine/Plugins/Editor/EpicSurvey/EpicSurvey.uplugin
LogPluginManager: Loaded Plugin MacGraphicsSwitching, From C:/Program Files (x86)/Epic Games/4.14/Engine/Plugins/Editor/MacGraphicsSwitching/MacGraphicsSwitching.uplugin
LogPluginManager: Loaded Plugin MobileLauncherProfileWizard, From C:/Program Files (x86)/Epic Games/4.14/Engine/Plugins/Editor/MobileLauncherProfileWizard/MobileLauncherProfileWizard.uplugin
LogPluginManager: Loaded Plugin PluginBrowser, From C:/Program Files (x86)/Epic Games/4.14/Engine/Plugins/Editor/PluginBrowser/PluginBrowser.uplugin
LogPluginManager: Loaded Plugin SpeedTreeImporter, From C:/Program Files (x86)/Epic Games/4.14/Engine/Plugins/Editor/SpeedTreeImporter/SpeedTreeImporter.uplugin
LogPluginManager: Loaded Plugin SuperSearchEditor, From C:/Program Files (x86)/Epic Games/4.14/Engine/Plugins/Editor/SuperSearchEditor/SuperSearchEditor.uplugin
LogPluginManager: Loaded Plugin AlembicImporter, From C:/Program Files (x86)/Epic Games/4.14/Engine/Plugins/Experimental/AlembicImporter/AlembicImporter.uplugin
LogPluginManager: Loaded Plugin BlueprintStats, From C:/Program Files (x86)/Epic Games/4.14/Engine/Plugins/Experimental/BlueprintStats/BlueprintStats.uplugin
LogPluginManager: Loaded Plugin CharacterAI, From C:/Program Files (x86)/Epic Games/4.14/Engine/Plugins/Experimental/CharacterAI/CharacterAI.uplugin
LogPluginManager: Loaded Plugin CodeEditor, From C:/Program Files (x86)/Epic Games/4.14/Engine/Plugins/Experimental/CodeEditor/CodeEditor.uplugin
LogPluginManager: Loaded Plugin CodeView, From C:/Program Files (x86)/Epic Games/4.14/Engine/Plugins/Experimental/CodeView/CodeView.uplugin
LogPluginManager: Loaded Plugin HTML5Networking, From C:/Program Files (x86)/Epic Games/4.14/Engine/Plugins/Experimental/HTML5Networking/HTML5Networking.uplugin
LogPluginManager: Loaded Plugin OSVR, From C:/Program Files (x86)/Epic Games/4.14/Engine/Plugins/Experimental/OSVR/OSVR.uplugin
LogPluginManager: Loaded Plugin Phya, From C:/Program Files (x86)/Epic Games/4.14/Engine/Plugins/Experimental/Phya/Phya.uplugin
LogPluginManager: Loaded Plugin SignificanceManager, From C:/Program Files (x86)/Epic Games/4.14/Engine/Plugins/Experimental/SignificanceManager/SignificanceManager.uplugin
LogPluginManager: Loaded Plugin SimpleHMD, From C:/Program Files (x86)/Epic Games/4.14/Engine/Plugins/Experimental/SimpleHMD/SimpleHMD.uplugin
LogPluginManager: Loaded Plugin StereoPanorama, From C:/Program Files (x86)/Epic Games/4.14/Engine/Plugins/Experimental/StereoPanorama/StereoPanorama.uplugin
LogPluginManager: Loaded Plugin StructBox, From C:/Program Files (x86)/Epic Games/4.14/Engine/Plugins/Experimental/StructBox/StructBox.uplugin
LogPluginManager: Loaded Plugin AndroidMedia, From C:/Program Files (x86)/Epic Games/4.14/Engine/Plugins/Media/AndroidMedia/AndroidMedia.uplugin
LogPluginManager: Loaded Plugin AvfMedia, From C:/Program Files (x86)/Epic Games/4.14/Engine/Plugins/Media/AvfMedia/AvfMedia.uplugin
LogPluginManager: Loaded Plugin MediaPlayerEditor, From C:/Program Files (x86)/Epic Games/4.14/Engine/Plugins/Media/MediaPlayerEditor/MediaPlayerEditor.uplugin
LogPluginManager: Loaded Plugin WmfMedia, From C:/Program Files (x86)/Epic Games/4.14/Engine/Plugins/Media/WmfMedia/WmfMedia.uplugin
LogPluginManager: Loaded Plugin MessagingDebugger, From C:/Program Files (x86)/Epic Games/4.14/Engine/Plugins/Messaging/MessagingDebugger/MessagingDebugger.uplugin
LogPluginManager: Loaded Plugin TcpMessaging, From C:/Program Files (x86)/Epic Games/4.14/Engine/Plugins/Messaging/TcpMessaging/TcpMessaging.uplugin
LogPluginManager: Loaded Plugin UdpMessaging, From C:/Program Files (x86)/Epic Games/4.14/Engine/Plugins/Messaging/UdpMessaging/UdpMessaging.uplugin
LogPluginManager: Loaded Plugin LevelSequenceEditor, From C:/Program Files (x86)/Epic Games/4.14/Engine/Plugins/MovieScene/LevelSequenceEditor/LevelSequenceEditor.uplugin
LogPluginManager: Loaded Plugin MatineeToLevelSequence, From C:/Program Files (x86)/Epic Games/4.14/Engine/Plugins/MovieScene/MatineeToLevelSequence/MatineeToLevelSequence.uplugin
LogPluginManager: Loaded Plugin NetcodeUnitTest, From C:/Program Files (x86)/Epic Games/4.14/Engine/Plugins/NetcodeUnitTest/NetcodeUnitTest/NetcodeUnitTest.uplugin
LogPluginManager: Loaded Plugin NUTUnrealEngine4, From C:/Program Files (x86)/Epic Games/4.14/Engine/Plugins/NetcodeUnitTest/NUTUnrealEngine4/NUTUnrealEngine4.uplugin
LogPluginManager: Loaded Plugin OnlineSubsystemGameCircle, From C:/Program Files (x86)/Epic Games/4.14/Engine/Plugins/Online/Android/OnlineSubsystemGameCircle/OnlineSubsystemGameCircle.uplugin
LogPluginManager: Loaded Plugin OnlineSubsystemGooglePlay, From C:/Program Files (x86)/Epic Games/4.14/Engine/Plugins/Online/Android/OnlineSubsystemGooglePlay/OnlineSubsystemGooglePlay.uplugin
LogPluginManager: Loaded Plugin OnlineSubsystemIOS, From C:/Program Files (x86)/Epic Games/4.14/Engine/Plugins/Online/IOS/OnlineSubsystemIOS/OnlineSubsystemIOS.uplugin
LogPluginManager: Loaded Plugin OnlineFramework, From C:/Program Files (x86)/Epic Games/4.14/Engine/Plugins/Online/OnlineFramework/OnlineFramework.uplugin
LogPluginManager: Loaded Plugin OnlineSubsystem, From C:/Program Files (x86)/Epic Games/4.14/Engine/Plugins/Online/OnlineSubsystem/OnlineSubsystem.uplugin
LogPluginManager: Loaded Plugin OnlineSubsystemAmazon, From C:/Program Files (x86)/Epic Games/4.14/Engine/Plugins/Online/OnlineSubsystemAmazon/OnlineSubsystemAmazon.uplugin
LogPluginManager: Loaded Plugin OnlineSubsystemFacebook, From C:/Program Files (x86)/Epic Games/4.14/Engine/Plugins/Online/OnlineSubsystemFacebook/OnlineSubsystemFacebook.uplugin
LogPluginManager: Loaded Plugin OnlineSubsystemNull, From C:/Program Files (x86)/Epic Games/4.14/Engine/Plugins/Online/OnlineSubsystemNull/OnlineSubsystemNull.uplugin
LogPluginManager: Loaded Plugin OnlineSubsystemOculus, From C:/Program Files (x86)/Epic Games/4.14/Engine/Plugins/Online/OnlineSubsystemOculus/OnlineSubsystemOculus.uplugin
LogPluginManager: Loaded Plugin OnlineSubsystemSteam, From C:/Program Files (x86)/Epic Games/4.14/Engine/Plugins/Online/OnlineSubsystemSteam/OnlineSubsystemSteam.uplugin
LogPluginManager: Loaded Plugin OnlineSubsystemUtils, From C:/Program Files (x86)/Epic Games/4.14/Engine/Plugins/Online/OnlineSubsystemUtils/OnlineSubsystemUtils.uplugin
LogPluginManager: Loaded Plugin IOSTapJoy, From C:/Program Files (x86)/Epic Games/4.14/Engine/Plugins/Runtime/Advertising/IOSTapJoy/IOSTapJoy.uplugin
LogPluginManager: Loaded Plugin AnalyticsBlueprintLibrary, From C:/Program Files (x86)/Epic Games/4.14/Engine/Plugins/Runtime/Analytics/AnalyticsBlueprintLibrary/AnalyticsBlueprintLibrary.uplugin
LogPluginManager: Loaded Plugin AnalyticsMulticast, From C:/Program Files (x86)/Epic Games/4.14/Engine/Plugins/Runtime/Analytics/AnalyticsMulticast/AnalyticsMulticast.uplugin
LogPluginManager: Loaded Plugin Apsalar, From C:/Program Files (x86)/Epic Games/4.14/Engine/Plugins/Runtime/Analytics/Apsalar/Apsalar.uplugin
LogPluginManager: Loaded Plugin FileLogging, From C:/Program Files (x86)/Epic Games/4.14/Engine/Plugins/Runtime/Analytics/FileLogging/FileLogging.uplugin
LogPluginManager: Loaded Plugin Flurry, From C:/Program Files (x86)/Epic Games/4.14/Engine/Plugins/Runtime/Analytics/Flurry/Flurry.uplugin
LogPluginManager: Loaded Plugin AndroidDeviceProfileSelector, From C:/Program Files (x86)/Epic Games/4.14/Engine/Plugins/Runtime/AndroidDeviceProfileSelector/AndroidDeviceProfileSelector.uplugin
LogPluginManager: Loaded Plugin AndroidMoviePlayer, From C:/Program Files (x86)/Epic Games/4.14/Engine/Plugins/Runtime/AndroidMoviePlayer/AndroidMoviePlayer.uplugin
LogPluginManager: Loaded Plugin AppleMoviePlayer, From C:/Program Files (x86)/Epic Games/4.14/Engine/Plugins/Runtime/AppleMoviePlayer/AppleMoviePlayer.uplugin
LogPluginManager: Loaded Plugin ArchVisCharacter, From C:/Program Files (x86)/Epic Games/4.14/Engine/Plugins/Runtime/ArchVisCharacter/ArchVisCharacter.uplugin
LogPluginManager: Loaded Plugin CableComponent, From C:/Program Files (x86)/Epic Games/4.14/Engine/Plugins/Runtime/CableComponent/CableComponent.uplugin
LogPluginManager: Loaded Plugin CustomMeshComponent, From C:/Program Files (x86)/Epic Games/4.14/Engine/Plugins/Runtime/CustomMeshComponent/CustomMeshComponent.uplugin
LogPluginManager: Loaded Plugin ExampleDeviceProfileSelector, From C:/Program Files (x86)/Epic Games/4.14/Engine/Plugins/Runtime/ExampleDeviceProfileSelector/ExampleDeviceProfileSelector.uplugin
LogPluginManager: Loaded Plugin GearVR, From C:/Program Files (x86)/Epic Games/4.14/Engine/Plugins/Runtime/GearVR/GearVR.uplugin
LogPluginManager: Loaded Plugin GoogleVRController, From C:/Program Files (x86)/Epic Games/4.14/Engine/Plugins/Runtime/GoogleVR/GoogleVRController/GoogleVRController.uplugin
LogPluginManager: Loaded Plugin GoogleVRHMD, From C:/Program Files (x86)/Epic Games/4.14/Engine/Plugins/Runtime/GoogleVR/GoogleVRHMD/GoogleVRHMD.uplugin
LogPluginManager: Loaded Plugin IOSDeviceProfileSelector, From C:/Program Files (x86)/Epic Games/4.14/Engine/Plugins/Runtime/IOSDeviceProfileSelector/IOSDeviceProfileSelector.uplugin
LogPluginManager: Loaded Plugin LeapMotion, From C:/Program Files (x86)/Epic Games/4.14/Engine/Plugins/Runtime/LeapMotion/LeapMotion.uplugin
LogPluginManager: Loaded Plugin LinuxDeviceProfileSelector, From C:/Program Files (x86)/Epic Games/4.14/Engine/Plugins/Runtime/LinuxDeviceProfileSelector/LinuxDeviceProfileSelector.uplugin
LogPluginManager: Loaded Plugin MIDIDevice, From C:/Program Files (x86)/Epic Games/4.14/Engine/Plugins/Runtime/MIDIDevice/MIDIDevice.uplugin
LogPluginManager: Loaded Plugin MobilePatchingUtils, From C:/Program Files (x86)/Epic Games/4.14/Engine/Plugins/Runtime/MobilePatchingUtils/MobilePatchingUtils.uplugin
LogPluginManager: Loaded Plugin Ansel, From C:/Program Files (x86)/Epic Games/4.14/Engine/Plugins/Runtime/Nvidia/Ansel/Ansel.uplugin
LogPluginManager: Loaded Plugin OculusAudio, From C:/Program Files (x86)/Epic Games/4.14/Engine/Plugins/Runtime/OculusAudio/OculusAudio.uplugin
LogPluginManager: Loaded Plugin OculusInput, From C:/Program Files (x86)/Epic Games/4.14/Engine/Plugins/Runtime/OculusInput/OculusInput.uplugin
LogPluginManager: Loaded Plugin OculusLibrary, From C:/Program Files (x86)/Epic Games/4.14/Engine/Plugins/Runtime/OculusLibrary/OculusLibrary.uplugin
LogPluginManager: Loaded Plugin OculusRift, From C:/Program Files (x86)/Epic Games/4.14/Engine/Plugins/Runtime/OculusRift/OculusRift.uplugin
LogPluginManager: Loaded Plugin Oodle, From C:/Program Files (x86)/Epic Games/4.14/Engine/Plugins/Runtime/PacketHandlers/CompressionComponents/Oodle/Oodle.uplugin
LogPluginManager: Loaded Plugin ProceduralMeshComponent, From C:/Program Files (x86)/Epic Games/4.14/Engine/Plugins/Runtime/ProceduralMeshComponent/ProceduralMeshComponent.uplugin
LogPluginManager: Loaded Plugin SoundMod, From C:/Program Files (x86)/Epic Games/4.14/Engine/Plugins/Runtime/SoundMod/SoundMod.uplugin
LogPluginManager: Loaded Plugin SoundVisualizations, From C:/Program Files (x86)/Epic Games/4.14/Engine/Plugins/Runtime/SoundVisualizations/SoundVisualizations.uplugin
LogPluginManager: Loaded Plugin SteamController, From C:/Program Files (x86)/Epic Games/4.14/Engine/Plugins/Runtime/Steam/SteamController/SteamController.uplugin
LogPluginManager: Loaded Plugin SteamVR, From C:/Program Files (x86)/Epic Games/4.14/Engine/Plugins/Runtime/Steam/SteamVR/SteamVR.uplugin
LogPluginManager: Loaded Plugin WebBrowserWidget, From C:/Program Files (x86)/Epic Games/4.14/Engine/Plugins/Runtime/WebBrowserWidget/WebBrowserWidget.uplugin
LogPluginManager: Loaded Plugin WindowsDeviceProfileSelector, From C:/Program Files (x86)/Epic Games/4.14/Engine/Plugins/Runtime/WindowsDeviceProfileSelector/WindowsDeviceProfileSelector.uplugin
LogPluginManager: Loaded Plugin WindowsMoviePlayer, From C:/Program Files (x86)/Epic Games/4.14/Engine/Plugins/Runtime/WindowsMoviePlayer/WindowsMoviePlayer.uplugin
LogPluginManager: Loaded Plugin ScriptPlugin, From C:/Program Files (x86)/Epic Games/4.14/Engine/Plugins/ScriptPlugin/ScriptPlugin.uplugin
LogPluginManager: Loaded Plugin SlateRemote, From C:/Program Files (x86)/Epic Games/4.14/Engine/Plugins/Slate/SlateRemote/SlateRemote.uplugin
LogPluginManager: Loaded Plugin EditorTests, From C:/Program Files (x86)/Epic Games/4.14/Engine/Plugins/Tests/EditorTests/EditorTests.uplugin
LogPluginManager: Loaded Plugin FbxAutomationTestBuilder, From C:/Program Files (x86)/Epic Games/4.14/Engine/Plugins/Tests/FbxAutomationTestBuilder/FbxAutomationTestBuilder.uplugin
LogPluginManager: Loaded Plugin FunctionalTestingEditor, From C:/Program Files (x86)/Epic Games/4.14/Engine/Plugins/Tests/FunctionalTestingEditor/FunctionalTestingEditor.uplugin
LogPluginManager: Loaded Plugin RuntimeTests, From C:/Program Files (x86)/Epic Games/4.14/Engine/Plugins/Tests/RuntimeTests/RuntimeTests.uplugin
LogPluginManager: Loaded Plugin ScreenshotTools, From C:/Program Files (x86)/Epic Games/4.14/Engine/Plugins/Tests/ScreenshotTools/ScreenshotTools.uplugin
LogInit: Using libcurl 7.47.1
LogInit:  - built for x86_64-pc-win32
LogInit:  - supports SSL with OpenSSL/1.0.2g
LogInit:  - supports HTTP deflate (compression) using libz 1.2.8
LogInit:  - other features:
LogInit:      CURL_VERSION_SSL
LogInit:      CURL_VERSION_LIBZ
LogInit:      CURL_VERSION_IPV6
LogInit:      CURL_VERSION_ASYNCHDNS
LogInit:      CURL_VERSION_LARGEFILE
LogInit:      CURL_VERSION_IDN
LogInit:  CurlRequestOptions (configurable via config and command line):
LogInit:  - bVerifyPeer = false  - Libcurl will NOT verify peer certificate
LogInit:  - bUseHttpProxy = false  - Libcurl will NOT use HTTP proxy
LogInit:  - bDontReuseConnections = false  - Libcurl will reuse connections
LogInit:  - CertBundlePath = nullptr  - Libcurl will use whatever was configured at build time.
LogInit: Build: ++UE4+Release-4.14-CL-3249277
LogInit: Engine Version: 4.14.3-3249277+++UE4+Release-4.14
LogInit: Compatible Engine Version: 4.14.0-3195953+++UE4+Release-4.14
LogInit: Net CL: 3195953
LogDevObjectVersion: Number of dev versions registered: 13
LogDevObjectVersion:   Dev-Blueprints (B0D832E4-1F89-4F0D-ACCF-7EB736FD4AA2): 7
LogDevObjectVersion:   Dev-Build (E1C64328-A22C-4D53-A36C-8E866417BD8C): 0
LogDevObjectVersion:   Dev-Core (375EC13C-06E4-48FB-B500-84F0262A717E): 1
LogDevObjectVersion:   Dev-Editor (E4B068ED-F494-42E9-A231-DA0B2E46BB41): 8
LogDevObjectVersion:   Dev-Framework (CFFC743F-43B0-4480-9391-14DF171D2073): 17
LogDevObjectVersion:   Dev-Mobile (B02B49B5-BB20-44E9-A304-32B752E40360): 0
LogDevObjectVersion:   Dev-Networking (A4E4105C-59A1-49B5-A7C5-40C4547EDFEE): 0
LogDevObjectVersion:   Dev-Online (39C831C9-5AE6-47DC-9A44-9C173E1C8E7C): 0
LogDevObjectVersion:   Dev-Physics (78F01B33-EBEA-4F98-B9B4-84EACCB95AA2): 0
LogDevObjectVersion:   Dev-Platform (6631380F-2D4D-43E0-8009-CF276956A95A): 0
LogDevObjectVersion:   Dev-Rendering (12F88B9F-8875-4AFC-A67C-D90C383ABD29): 12
LogDevObjectVersion:   Dev-Sequencer (7B5AE74C-D270-4C10-A958-57980B212A5A): 1
LogDevObjectVersion:   Dev-VR (D7296918-1DD6-4BDD-9DE2-64A83CC13884): 0
LogInit: Compiled (64-bit): Jan  6 2017 10:49:43
LogInit: Compiled with Visual C++: 19.00.23026.00
LogInit: Build Configuration: Development
LogInit: Branch Name: ++UE4+Release-4.14
LogInit: Command line:  
LogInit: Base directory: C:/Program Files (x86)/Epic Games/4.14/Engine/Binaries/Win64/
LogInit: Installed Engine Build: 1
LogInit: Presizing for max 8388607 objects, including 0 objects not considered by GC, pre-allocating 0 bytes for permanent pool.
LogInit: Object subsystem initialized
[2017.04.23-08.32.38:589][  0]LogInit: Selected Device Profile: [Windows]
[2017.04.23-08.32.38:589][  0]LogInit: Applying CVar settings loaded from the selected device profile: [Windows]
[2017.04.23-08.32.38:637][  0]LogInit: Computer: LAPTOP-CP3ESMCT
[2017.04.23-08.32.38:637][  0]LogInit: User: aerob
[2017.04.23-08.32.38:637][  0]LogInit: CPU Page size=65536, Cores=2
[2017.04.23-08.32.38:637][  0]LogInit: High frequency timer resolution =2.343750 MHz
[2017.04.23-08.32.38:638][  0]LogMemory: Memory total: Physical=7.9GB (8GB approx)
[2017.04.23-08.32.38:638][  0]LogMemory: Platform Memory Stats for Windows
[2017.04.23-08.32.38:638][  0]LogMemory: Process Physical Memory: 263.77 MB used, 263.77 MB peak
[2017.04.23-08.32.38:638][  0]LogMemory: Process Virtual Memory: 262.48 MB used, 262.48 MB peak
[2017.04.23-08.32.38:638][  0]LogMemory: Physical Memory: 4147.15 MB used,  3934.76 MB free, 8081.91 MB total
[2017.04.23-08.32.38:638][  0]LogMemory: Virtual Memory: 674.74 MB used,  3934.76 MB free, 134217728.00 MB total
[2017.04.23-08.32.40:005][  0]LogTextLocalizationManager: No specific translations for ('en-US') exist, so ('en') translations will be used.
[2017.04.23-08.32.57:425][  0]LogD3D11RHI: D3D11 adapters:
[2017.04.23-08.32.57:435][  0]LogD3D11RHI:    0. 'Intel(R) HD Graphics 520' (Feature Level 11_0)
[2017.04.23-08.32.57:435][  0]LogD3D11RHI:       128/0/4040 MB DedicatedVideo/DedicatedSystem/SharedSystem, Outputs:1, VendorId:0x8086
[2017.04.23-08.32.57:436][  0]LogD3D11RHI:    1. 'Microsoft Basic Render Driver' (Feature Level 11_0)
[2017.04.23-08.32.57:436][  0]LogD3D11RHI:       0/0/4040 MB DedicatedVideo/DedicatedSystem/SharedSystem, Outputs:0, VendorId:0x1414
[2017.04.23-08.32.57:436][  0]LogD3D11RHI: Chosen D3D11 Adapter: 0
[2017.04.23-08.32.57:447][  0]LogD3D11RHI: Creating new Direct3DDevice
[2017.04.23-08.32.57:447][  0]LogD3D11RHI:     GPU DeviceId: 0x1916 (for the marketing name, search the web for "GPU Device Id")
[2017.04.23-08.32.57:447][  0]LogWindows: EnumDisplayDevices:
[2017.04.23-08.32.57:447][  0]LogWindows:    0. 'Intel(R) HD Graphics 520' (P:1 D:1)
[2017.04.23-08.32.57:448][  0]LogWindows:    1. 'Intel(R) HD Graphics 520' (P:0 D:0)
[2017.04.23-08.32.57:448][  0]LogWindows:    2. 'Intel(R) HD Graphics 520' (P:0 D:0)
[2017.04.23-08.32.57:448][  0]LogWindows: DebugString: FoundDriverCount:3 
[2017.04.23-08.32.57:448][  0]LogD3D11RHI:     Adapter Name: Intel(R) HD Graphics 520
[2017.04.23-08.32.57:448][  0]LogD3D11RHI:   Driver Version: 21.20.16.4542 (internal:21.20.16.4542, unified:21.20.16.4542)
[2017.04.23-08.32.57:448][  0]LogD3D11RHI:      Driver Date: 10-24-2016
[2017.04.23-08.32.57:448][  0]LogRHI: Texture pool is 1361 MB (70% of 1945 MB)
[2017.04.23-08.32.57:455][  0]LogD3D11RHI: Async texture creation enabled
[2017.04.23-08.32.57:460][  0]LogD3D11RHI: GPU Timing Frequency: 12.000000 (Debug: 2 0)
[2017.04.23-08.32.57:461][  0]LogShaderCompilers: Guid format shader working directory is -22 characters bigger than the processId version (../../../../../../Users/aerob/Desktop/c3/TheCursedBlade/Cursed_Blade/Intermediate/Shaders/WorkingDirectory/2244/).
[2017.04.23-08.32.57:461][  0]LogShaderCompilers: Cleaned the shader compiler working directory 'C:/Users/aerob/AppData/Local/Temp/UnrealShaderWorkingDir/6F6F82DA421AD8ADDCDCB180167C54B8/'.
[2017.04.23-08.32.57:461][  0]LogShaderCompilers:Display: Using Local Shader Compiler.
[2017.04.23-08.33.13:017][  0]LogTemp:Display: Loaded TP AllDesktopTargetPlatform
[2017.04.23-08.33.13:121][  0]LogTemp:Display: Loaded TP MacClientTargetPlatform
[2017.04.23-08.33.13:227][  0]LogTemp:Display: Loaded TP MacNoEditorTargetPlatform
[2017.04.23-08.33.13:325][  0]LogTemp:Display: Loaded TP MacServerTargetPlatform
[2017.04.23-08.33.13:453][  0]LogTemp:Display: Loaded TP MacTargetPlatform
[2017.04.23-08.33.13:553][  0]LogTemp:Display: Loaded TP WindowsClientTargetPlatform
[2017.04.23-08.33.13:659][  0]LogTemp:Display: Loaded TP WindowsNoEditorTargetPlatform
[2017.04.23-08.33.13:766][  0]LogTemp:Display: Loaded TP WindowsServerTargetPlatform
[2017.04.23-08.33.13:860][  0]LogTemp:Display: Loaded TP WindowsTargetPlatform
[2017.04.23-08.33.14:009][  0]LogTemp:Display: Loaded TP AndroidTargetPlatform
[2017.04.23-08.33.14:109][  0]LogTemp:Display: Loaded TP Android_ASTCTargetPlatform
[2017.04.23-08.33.14:207][  0]LogTemp:Display: Loaded TP Android_ATCTargetPlatform
[2017.04.23-08.33.14:315][  0]LogTemp:Display: Loaded TP Android_DXTTargetPlatform
[2017.04.23-08.33.14:410][  0]LogTemp:Display: Loaded TP Android_ETC1TargetPlatform
[2017.04.23-08.33.14:504][  0]LogTemp:Display: Loaded TP Android_ETC2TargetPlatform
[2017.04.23-08.33.14:688][  0]LogTemp:Display: Loaded TP Android_MultiTargetPlatform
[2017.04.23-08.33.14:688][  0]LogTemp:Display: Loaded TP Android_PVRTCTargetPlatform
[2017.04.23-08.33.14:760][  0]LogTemp:Display: Loaded TP HTML5TargetPlatform
[2017.04.23-08.33.15:090][  0]LogTemp:Display: Loaded TP IOSTargetPlatform
[2017.04.23-08.33.15:158][  0]LogTemp:Display: Loaded TP TVOSTargetPlatform
[2017.04.23-08.33.15:253][  0]LogTemp:Display: Loaded TP LinuxClientTargetPlatform
[2017.04.23-08.33.15:354][  0]LogTemp:Display: Loaded TP LinuxNoEditorTargetPlatform
[2017.04.23-08.33.15:453][  0]LogTemp:Display: Loaded TP LinuxServerTargetPlatform
[2017.04.23-08.33.15:619][  0]LogTemp:Display: Loaded TP LinuxTargetPlatform
[2017.04.23-08.33.15:619][  0]LogTargetPlatformManager:Display: Building Assets For Windows
[2017.04.23-08.33.18:588][  0]LogDerivedDataCache:Display: Max Cache Size: 512 MB
[2017.04.23-08.33.22:352][  0]LogDerivedDataCache: Loaded boot cache 3.76s 50MB C:/Users/aerob/AppData/Local/UnrealEngine/4.14/DerivedDataCache/Boot.ddc.
[2017.04.23-08.33.22:352][  0]LogDerivedDataCache:Display: Loaded Boot cache: C:/Users/aerob/AppData/Local/UnrealEngine/4.14/DerivedDataCache/Boot.ddc
[2017.04.23-08.33.22:352][  0]LogDerivedDataCache: FDerivedDataBackendGraph:  Pak pak cache file ../../../../../../Users/aerob/Desktop/c3/TheCursedBlade/Cursed_Blade/DerivedDataCache/DDC.ddp not found, will not use a pak cache.
[2017.04.23-08.33.22:352][  0]LogDerivedDataCache: Unable to find inner node Pak for hierarchical cache Hierarchy.
[2017.04.23-08.33.22:352][  0]LogDerivedDataCache: FDerivedDataBackendGraph:  CompressedPak pak cache file ../../../../../../Users/aerob/Desktop/c3/TheCursedBlade/Cursed_Blade/DerivedDataCache/Compressed.ddp not found, will not use a pak cache.
[2017.04.23-08.33.22:352][  0]LogDerivedDataCache: Unable to find inner node CompressedPak for hierarchical cache Hierarchy.
[2017.04.23-08.33.22:679][  0]LogDerivedDataCache:Display: Pak cache opened for reading ../../../Engine/DerivedDataCache/Compressed.ddp.
[2017.04.23-08.33.22:692][  0]LogDerivedDataCache: Using Local data cache path C:/Users/aerob/AppData/Local/UnrealEngine/Common/DerivedDataCache: Writable
[2017.04.23-08.33.37:702][  0]LogInit: Selected Device Profile: [Windows]
[2017.04.23-08.33.37:707][  0]LogContentStreaming: Texture pool size is 0.00 MB
[2017.04.23-08.33.38:173][  0]LogMeshUtilities: Using QuadricMeshReduction for automatic static mesh reduction
[2017.04.23-08.33.38:245][  0]LogSimplygon: Simplygon DLL not present - disabling.
[2017.04.23-08.33.38:340][  0]LogMeshUtilities: Using SimplygonSwarm for distributed automatic mesh merging
[2017.04.23-08.33.38:340][  0]LogMeshUtilities: No automatic skeletal mesh reduction module available
[2017.04.23-08.33.38:340][  0]LogMeshUtilities: No automatic mesh merging module available
[2017.04.23-08.33.42:538][  0]LogNetVersion: GetLocalNetworkVersion: CL: 3195953, ProjectName: cursed_blade, ProjectVersion: , EngineNetworkVersion: 2, GameNetworkVersion: 0, NetworkChecksum: 3550933385
[2017.04.23-08.33.42:635][  0]LogAssetRegistry: FAssetRegistry took 0.0213 seconds to start up
[2017.04.23-08.33.42:745][  0]LogPackageLocalizationCache: Processed 3 localized package path(s) for 2 prioritized culture(s) in 0.069466 seconds
[2017.04.23-08.33.42:754][  0]LogUObjectArray: 31946 objects as part of root set at end of initial load.
[2017.04.23-08.33.42:754][  0]LogUObjectAllocator: 6935840 out of 0 bytes used by permanent object pool.
[2017.04.23-08.33.42:754][  0]LogUObjectArray: CloseDisregardForGC: 0/0 objects in disregard for GC pool
[2017.04.23-08.33.42:884][  0]LogInit: WinSock: version 1.1 (2.2), MaxSocks=32767, MaxUdp=65467
[2017.04.23-08.33.44:570][  0]LogSlate: Using Freetype 2.6.0
[2017.04.23-08.33.44:600][  0]LogSlate: SlateFontCache - WITH_FREETYPE: 1, WITH_HARFBUZZ: 1
[2017.04.23-08.33.44:600][  0]LogSlate: SlateFontCache - WITH_FREETYPE: 1, WITH_HARFBUZZ: 1
[2017.04.23-08.34.28:937][  0]LogTcpMessaging: Initializing TcpMessaging bridge
[2017.04.23-08.34.28:993][  0]LogUdpMessaging: Initializing bridge on interface 0.0.0.0:0 to multicast group 230.0.0.1:6666.
[2017.04.23-08.34.30:472][  0]LogMaterial: Uniform references updated for custom material expression Custom.
[2017.04.23-08.34.31:691][  0]SourceControl: Info Source control is disabled
[2017.04.23-08.34.33:000][  0]SourceControl: Info Source control is disabled
[2017.04.23-08.34.33:086][  0]SourceControl: Info Source control is disabled
[2017.04.23-08.34.33:174][  0]SourceControl: Info Source control is disabled
[2017.04.23-08.34.35:975][  0]LogEngine: Initializing Engine...
[2017.04.23-08.34.35:977][  0]LogHMD: Failed to initialize OpenVR with code 110
[2017.04.23-08.34.37:285][  0]LogAIModule: Creating AISystem for world Untitled
[2017.04.23-08.34.37:304][  0]LogInit: XAudio2 using 'Speaker/HP (Realtek High Definition Audio)' : 2 channels at 48 kHz using 32 bits per sample (channel mask 0x3)
[2017.04.23-08.34.38:435][  0]LogInit: FAudioDevice initialized.
[2017.04.23-08.34.38:471][  0]LogDerivedDataCache: Saved boot cache 0.03s 50MB C:/Users/aerob/AppData/Local/UnrealEngine/4.14/DerivedDataCache/Boot.ddc.
[2017.04.23-08.34.38:478][  0]LogInit: Texture streaming: Enabled
[2017.04.23-08.34.38:761][  0]LogInit: Transaction tracking system initialized
[2017.04.23-08.34.39:301][  0]BlueprintLog: New page: Editor Load
[2017.04.23-08.34.41:089][  0]LocalizationService: Info Localization service is disabled
[2017.04.23-08.34.42:616][  0]LogConsoleResponse:Display: 
[2017.04.23-08.34.45:279][  0]LogCook:Display: Max memory allowance for cook 16384mb min free memory 0mb
[2017.04.23-08.34.45:279][  0]LogCook:Display: Mobile HDR setting 1
[2017.04.23-08.34.45:637][  0]LogFileCache: Scanning file cache for directory 'C:/Users/aerob/Desktop/c3/TheCursedBlade/Cursed_Blade/Content/' took 0.09s
[2017.04.23-08.34.47:886][  0]SourceControl: Info Source control is disabled
[2017.04.23-08.34.47:887][  0]Cmd: MAP LOAD FILE="../../../../../../Users/aerob/Desktop/c3/TheCursedBlade/Cursed_Blade/Content/Levels/MainMenuLevel.umap" TEMPLATE=0 SHOWPROGRESS=1 FEATURELEVEL=3
[2017.04.23-08.34.47:892][  0]LightingResults: New page: Lighting Build
[2017.04.23-08.34.47:979][  0]MapCheck: New page: Map Check
[2017.04.23-08.34.47:979][  0]LightingResults: New page: Lighting Build
[2017.04.23-08.34.51:833][  0]LogAIModule: Creating AISystem for world MainMenuLevel
[2017.04.23-08.34.52:176][  0]LogEditorServer: Finished looking for orphan Actors (0.000 secs)
[2017.04.23-08.34.52:177][  0]Cmd: MAP CHECKDEP NOCLEARLOG
[2017.04.23-08.34.52:295][  0]MapCheck: Info Map check complete: 0 Error(s), 0 Warning(s), took 118.323ms to complete.
[2017.04.23-08.34.52:295][  0]LogFileHelpers: Loading map 'MainMenuLevel' took 4.409
[2017.04.23-08.34.52:663][  0]LogCollectionManager: Loaded 0 collections in 0.004705 seconds
[2017.04.23-08.34.52:801][  0]LogFileCache: Scanning file cache for directory 'C:/Users/aerob/Desktop/c3/TheCursedBlade/Cursed_Blade/Saved/Collections/' took 0.01s
[2017.04.23-08.34.52:801][  0]LogFileCache: Scanning file cache for directory 'C:/Users/aerob/Desktop/c3/TheCursedBlade/Cursed_Blade/Content/Developers/aerob/Collections/' took 0.01s
[2017.04.23-08.34.52:801][  0]LogFileCache: Scanning file cache for directory 'C:/Users/aerob/Desktop/c3/TheCursedBlade/Cursed_Blade/Content/Collections/' took 0.01s
[2017.04.23-08.34.52:801][  0]LogCollectionManager: Rebuilt the GUID cache for 0 collections in 0.000004 seconds
[2017.04.23-08.34.52:817][  0]LogContentBrowser: Native class hierarchy populated in 0.0163 seconds. Added 2190 classes and 428 folders.
[2017.04.23-08.34.52:913][  0]LogStats: UGameplayTagsManager::ConstructGameplayTagTree: Construct from data asset -  0.000 s
[2017.04.23-08.34.52:913][  0]LogStats: UGameplayTagsManager::ConstructGameplayTagTree: GameplayTagTreeChangedEvent.Broadcast -  0.000 s
[2017.04.23-08.34.52:914][  0]LogContentBrowser: Native class hierarchy updated for 'GameplayTags' in 0.0009 seconds. Added 13 classes and 0 folders.
[2017.04.23-08.34.53:055][  0]LogContentBrowser: Native class hierarchy updated for 'WidgetCarousel' in 0.0011 seconds. Added 0 classes and 0 folders.
[2017.04.23-08.34.54:280][  0]LogContentBrowser: Native class hierarchy updated for 'AddContentDialog' in 0.0011 seconds. Added 0 classes and 0 folders.
[2017.04.23-08.34.54:373][  0]LogContentBrowser: Native class hierarchy updated for 'SceneOutliner' in 0.0009 seconds. Added 1 classes and 2 folders.
[2017.04.23-08.34.54:533][  0]LogCrashTracker: Crashtracker disabled due to settings.
[2017.04.23-08.34.54:539][  0]LogUObjectGlobals:Warning: Failed to find object 'Class None.'
[2017.04.23-08.34.54:656][  0]LogContentBrowser: Native class hierarchy updated for 'HierarchicalLODOutliner' in 0.0009 seconds. Added 1 classes and 2 folders.
[2017.04.23-08.34.54:656][  0]LogLoad: (Engine Initialization) Total time: 150.08 seconds
[2017.04.23-08.34.54:656][  0]LogLoad: (Engine Initialization) Total Blueprint compile time: 0.66 seconds
[2017.04.23-08.34.54:656][  0]LogExternalProfiler: Found external profiler: VSPerf
[2017.04.23-08.34.54:656][  0]LogExternalProfiler: Using external profiler: VSPerf
[2017.04.23-08.34.54:676][  0]LogOcInput: OculusInput pre-init called
[2017.04.23-08.34.54:698][  0]LogContentStreaming: Texture pool size now 1000 MB
[2017.04.23-08.34.55:097][  0]LogRenderer: Reallocating scene render targets to support 856x264 NumSamples 1 (Frame:2).
[2017.04.23-08.34.56:879][  5]LogAssetRegistry: Asset discovery search completed in 74.2654 seconds
[2017.04.23-08.34.56:879][  5]LogCollectionManager: Rebuilt the object cache for 0 collections in 0.000000 seconds (found 0 objects)
[2017.04.23-08.34.56:879][  5]LogCollectionManager: Fixed up redirectors for 0 collections in 0.000023 seconds (updated 0 objects)
[2017.04.23-08.35.18:009][897]LogContentBrowser: Native class hierarchy updated for 'BlueprintGraph' in 0.0016 seconds. Added 111 classes and 0 folders.
[2017.04.23-08.35.20:498][897]LogRenderer: Reallocating scene render targets to support 856x464 NumSamples 1 (Frame:856).
[2017.04.23-08.55.00:286][193]LogSkeletalMesh: InitArticulated: Bodies already created (/Engine/Transient.DebugSkelMeshComponent_0) - call TermArticulated first.
[2017.04.23-08.55.00:665][193]LogContentBrowser:Verbose: The majority of assets in the view are of type: AnimSequence
[2017.04.23-08.58.18:969][780]LogFileHelpers: Editor autosave (incl. sublevels) for '/Game/Levels/MainMenuLevel' took 0.075
[2017.04.23-08.58.18:971][780]OBJ SavePackage: Generating thumbnails for [1] asset(s) in package [/Game/DemonLord/demomBoss] ([1] browsable assets)...
[2017.04.23-08.58.19:012][780]OBJ SavePackage:     Rendered thumbnail for [Blueprint /Game/DemonLord/demomBoss.demomBoss]
[2017.04.23-08.58.19:012][780]OBJ SavePackage: Finished generating thumbnails for package [/Game/DemonLord/demomBoss]
[2017.04.23-08.58.19:110][780]LogSavePackage: Save=75.70ms
[2017.04.23-08.58.19:110][780]LogSavePackage: Moving '../../../../../../Users/aerob/Desktop/c3/TheCursedBlade/Cursed_Blade/Saved/demomBoss_Auto1EDF6C678476FC4581F33D18822E75220.tmp' to '../../../../../../Users/aerob/Desktop/c3/TheCursedBlade/Cursed_Blade/Saved/Autosaves/Game/DemonLord/demomBoss_Auto1.uasset'
[2017.04.23-08.58.19:124][780]LogSavePackage:Display: Finished SavePackage ../../../../../../Users/aerob/Desktop/c3/TheCursedBlade/Cursed_Blade/Saved/Autosaves/Game/DemonLord/demomBoss_Auto1.uasset
[2017.04.23-08.58.19:124][780]LogFileHelpers: Auto-saving content packages took 0.155
[2017.04.23-08.58.48:814][ 75]BlueprintLog: New page: Compile demomBoss
[2017.04.23-08.58.52:226][266]Cmd: OBJ SAVEPACKAGE PACKAGE="/Game/DemonLord/demomBoss" FILE="../../../../../../Users/aerob/Desktop/c3/TheCursedBlade/Cursed_Blade/Content/DemonLord/demomBoss.uasset" SILENT=true
[2017.04.23-08.58.52:299][266]LogSavePackage: Save=58.56ms
[2017.04.23-08.58.52:299][266]LogSavePackage: Moving '../../../../../../Users/aerob/Desktop/c3/TheCursedBlade/Cursed_Blade/Saved/demomBossFC3060A64F995CEE49485291E761684C.tmp' to '../../../../../../Users/aerob/Desktop/c3/TheCursedBlade/Cursed_Blade/Content/DemonLord/demomBoss.uasset'
[2017.04.23-08.58.52:310][266]LogSavePackage:Display: Finished SavePackage ../../../../../../Users/aerob/Desktop/c3/TheCursedBlade/Cursed_Blade/Content/DemonLord/demomBoss.uasset
[2017.04.23-08.59.04:511][673]LogAnimationCompression: Building Anim DDC data for AnimSequence /Game/character/animations/standing_draw_arrow_Anim.standing_draw_arrow_Anim
[2017.04.23-08.59.05:705][673]LogAIModule: Creating AISystem for world AI_Test
[2017.04.23-08.59.05:854][673]Cmd: MAP LOAD FILE="../../../../../../Users/aerob/Desktop/c3/TheCursedBlade/Cursed_Blade/Content/Levels/AI_Test.umap" TEMPLATE=0 SHOWPROGRESS=1 FEATURELEVEL=3
[2017.04.23-08.59.05:855][673]LightingResults: New page: Lighting Build
[2017.04.23-08.59.05:856][673]LoadErrors: New page: Loading map: AI_Test.umap
[2017.04.23-08.59.05:925][673]MapCheck: New page: Map Check
[2017.04.23-08.59.05:925][673]LightingResults: New page: Lighting Build
[2017.04.23-08.59.06:160][673]LogEditorServer: Finished looking for orphan Actors (0.000 secs)
[2017.04.23-08.59.06:233][673]Cmd: MAP CHECKDEP NOCLEARLOG
[2017.04.23-08.59.06:445][673]MapCheck: Info Map check complete: 0 Error(s), 0 Warning(s), took 210.984ms to complete.
[2017.04.23-08.59.06:445][673]LogFileHelpers: Loading map 'AI_Test' took 0.607
[2017.04.23-08.59.43:392][189]LogTemp: Repeting last play command: Selected Viewport
[2017.04.23-08.59.43:454][189]LogBlueprintUserMessages: Early PlayInEditor Detection: Level '/Game/Levels/AI_Test.AI_Test:PersistentLevel' has LevelScriptBlueprint '/Game/Levels/AI_Test.AI_Test:PersistentLevel.AI_Test' with GeneratedClass '/Game/Levels/AI_Test.AI_Test_C' with ClassGeneratedBy '/Game/Levels/AI_Test.AI_Test:PersistentLevel.AI_Test'
[2017.04.23-08.59.43:485][189]LogPlayLevel: PlayLevel: No blueprints needed recompiling
[2017.04.23-08.59.43:685][189]PIE: New page: PIE session: AI_Test (Apr 23, 2017, 12:59:43 AM)
[2017.04.23-08.59.43:695][189]LogPlayLevel: Creating play world package: /Game/Levels/UEDPIE_0_AI_Test
[2017.04.23-08.59.43:925][189]LogPlayLevel: PIE: StaticDuplicateObject took: (0.229136s)
[2017.04.23-08.59.43:925][189]LogAIModule: Creating AISystem for world AI_Test
[2017.04.23-08.59.43:940][189]LogPlayLevel: PIE: World Init took: (0.015606s)
[2017.04.23-08.59.43:957][189]LogPlayLevel: PIE: Created PIE world by copying editor world from /Game/Levels/AI_Test.AI_Test to /Game/Levels/UEDPIE_0_AI_Test.AI_Test (0.261210s)
[2017.04.23-08.59.44:025][189]LogInit: XAudio2 using 'Speaker/HP (Realtek High Definition Audio)' : 2 channels at 48 kHz using 32 bits per sample (channel mask 0x3)
[2017.04.23-08.59.44:036][189]LogInit: FAudioDevice initialized.
[2017.04.23-08.59.44:552][189]LogLoad: Game class is 'myGame_C'
[2017.04.23-08.59.44:581][189]LogWorld: Bringing World /Game/Levels/UEDPIE_0_AI_Test.AI_Test up for play (max tick rate 60) at 2017.04.23-04.59.44
[2017.04.23-08.59.44:919][189]LogWorld: Bringing up level for play took: 0.351372
[2017.04.23-08.59.45:351][189]LogContentBrowser: Native class hierarchy updated for 'MovieSceneCapture' in 0.0007 seconds. Added 11 classes and 0 folders.
[2017.04.23-08.59.45:629][189]PIE: Info Play in editor start time for /Game/Levels/UEDPIE_0_AI_Test 1.587
[2017.04.23-08.59.45:629][189]LogBlueprintUserMessages: Late PlayInEditor Detection: Level '/Game/Levels/AI_Test.AI_Test:PersistentLevel' has LevelScriptBlueprint '/Game/Levels/AI_Test.AI_Test:PersistentLevel.AI_Test' with GeneratedClass '/Game/Levels/AI_Test.AI_Test_C' with ClassGeneratedBy '/Game/Levels/AI_Test.AI_Test:PersistentLevel.AI_Test'
[2017.04.23-09.00.02:916][  9]LogBlueprintUserMessages: Early EndPlayMap Detection: Level '/Game/Levels/AI_Test.AI_Test:PersistentLevel' has LevelScriptBlueprint '/Game/Levels/AI_Test.AI_Test:PersistentLevel.AI_Test' with GeneratedClass '/Game/Levels/AI_Test.AI_Test_C' with ClassGeneratedBy '/Game/Levels/AI_Test.AI_Test:PersistentLevel.AI_Test'
[2017.04.23-09.00.03:114][  9]LogBlueprintUserMessages: Late EndPlayMap Detection: Level '/Game/Levels/AI_Test.AI_Test:PersistentLevel' has LevelScriptBlueprint '/Game/Levels/AI_Test.AI_Test:PersistentLevel.AI_Test' with GeneratedClass '/Game/Levels/AI_Test.AI_Test_C' with ClassGeneratedBy '/Game/Levels/AI_Test.AI_Test:PersistentLevel.AI_Test'
[2017.04.23-09.00.14:733][552]Cmd: OBJ SAVEPACKAGE PACKAGE="/Game/Levels/AI_Test" FILE="../../../../../../Users/aerob/Desktop/c3/TheCursedBlade/Cursed_Blade/Content/Levels/AI_Test.umap" SILENT=true AUTOSAVING=false KEEPDIRTY=false
[2017.04.23-09.00.15:069][552]LogSavePackage: Save=263.12ms
[2017.04.23-09.00.15:069][552]LogSavePackage: Moving '../../../../../../Users/aerob/Desktop/c3/TheCursedBlade/Cursed_Blade/Saved/AI_Test1120AB6A46221808639D8D82D20E0CF3.tmp' to '../../../../../../Users/aerob/Desktop/c3/TheCursedBlade/Cursed_Blade/Content/Levels/AI_Test.umap'
[2017.04.23-09.00.15:075][552]LogSavePackage:Display: Finished SavePackage ../../../../../../Users/aerob/Desktop/c3/TheCursedBlade/Cursed_Blade/Content/Levels/AI_Test.umap
[2017.04.23-09.01.03:381][695]LogSkeletalMesh: InitArticulated: Bodies already created (/Engine/Transient.DebugSkelMeshComponent_2) - call TermArticulated first.
[2017.04.23-09.01.04:222][696]LogRenderer: Reallocating scene render targets to support 856x576 NumSamples 1 (Frame:70350).
[2017.04.23-09.01.32:198][496]Cmd: OBJ SAVEPACKAGE PACKAGE="/Game/DemonLord/Meshes/DEMON_LORD" FILE="../../../../../../Users/aerob/Desktop/c3/TheCursedBlade/Cursed_Blade/Content/DemonLord/Meshes/DEMON_LORD.uasset" SILENT=true
[2017.04.23-09.01.32:277][496]LogSavePackage: Save=56.42ms
[2017.04.23-09.01.32:277][496]LogSavePackage: Moving '../../../../../../Users/aerob/Desktop/c3/TheCursedBlade/Cursed_Blade/Saved/DEMON_LORDF980DF54469E5316AC20A0A4367D363C.tmp' to '../../../../../../Users/aerob/Desktop/c3/TheCursedBlade/Cursed_Blade/Content/DemonLord/Meshes/DEMON_LORD.uasset'
[2017.04.23-09.01.32:299][496]LogSavePackage:Display: Finished SavePackage ../../../../../../Users/aerob/Desktop/c3/TheCursedBlade/Cursed_Blade/Content/DemonLord/Meshes/DEMON_LORD.uasset
[2017.04.23-09.01.35:585][631]LogTemp: Repeting last play command: Selected Viewport
[2017.04.23-09.01.35:632][631]LogBlueprintUserMessages: Early PlayInEditor Detection: Level '/Game/Levels/AI_Test.AI_Test:PersistentLevel' has LevelScriptBlueprint '/Game/Levels/AI_Test.AI_Test:PersistentLevel.AI_Test' with GeneratedClass '/Game/Levels/AI_Test.AI_Test_C' with ClassGeneratedBy '/Game/Levels/AI_Test.AI_Test:PersistentLevel.AI_Test'
[2017.04.23-09.01.35:633][631]LogPlayLevel: PlayLevel: No blueprints needed recompiling
[2017.04.23-09.01.35:633][631]PIE: New page: PIE session: AI_Test (Apr 23, 2017, 1:01:35 AM)
[2017.04.23-09.01.35:633][631]LogPlayLevel: Creating play world package: /Game/Levels/UEDPIE_0_AI_Test
[2017.04.23-09.01.35:691][631]LogPlayLevel: PIE: StaticDuplicateObject took: (0.057827s)
[2017.04.23-09.01.35:691][631]LogAIModule: Creating AISystem for world AI_Test
[2017.04.23-09.01.35:692][631]LogPlayLevel: PIE: World Init took: (0.000772s)
[2017.04.23-09.01.35:692][631]LogPlayLevel: PIE: Created PIE world by copying editor world from /Game/Levels/AI_Test.AI_Test to /Game/Levels/UEDPIE_0_AI_Test.AI_Test (0.058896s)
[2017.04.23-09.01.35:734][631]LogInit: XAudio2 using 'Speaker/HP (Realtek High Definition Audio)' : 2 channels at 48 kHz using 32 bits per sample (channel mask 0x3)
[2017.04.23-09.01.35:745][631]LogInit: FAudioDevice initialized.
[2017.04.23-09.01.35:781][631]LogLoad: Game class is 'myGame_C'
[2017.04.23-09.01.35:785][631]LogWorld: Bringing World /Game/Levels/UEDPIE_0_AI_Test.AI_Test up for play (max tick rate 60) at 2017.04.23-05.01.35
[2017.04.23-09.01.35:787][631]LogWorld: Bringing up level for play took: 0.006071
[2017.04.23-09.01.35:790][631]PIE: Info Play in editor start time for /Game/Levels/UEDPIE_0_AI_Test -0.248
[2017.04.23-09.01.35:790][631]LogBlueprintUserMessages: Late PlayInEditor Detection: Level '/Game/Levels/AI_Test.AI_Test:PersistentLevel' has LevelScriptBlueprint '/Game/Levels/AI_Test.AI_Test:PersistentLevel.AI_Test' with GeneratedClass '/Game/Levels/AI_Test.AI_Test_C' with ClassGeneratedBy '/Game/Levels/AI_Test.AI_Test:PersistentLevel.AI_Test'
[2017.04.23-09.02.24:222][ 67]LogBlueprintUserMessages: Early EndPlayMap Detection: Level '/Game/Levels/AI_Test.AI_Test:PersistentLevel' has LevelScriptBlueprint '/Game/Levels/AI_Test.AI_Test:PersistentLevel.AI_Test' with GeneratedClass '/Game/Levels/AI_Test.AI_Test_C' with ClassGeneratedBy '/Game/Levels/AI_Test.AI_Test:PersistentLevel.AI_Test'
[2017.04.23-09.02.24:338][ 67]LogBlueprintUserMessages: Late EndPlayMap Detection: Level '/Game/Levels/AI_Test.AI_Test:PersistentLevel' has LevelScriptBlueprint '/Game/Levels/AI_Test.AI_Test:PersistentLevel.AI_Test' with GeneratedClass '/Game/Levels/AI_Test.AI_Test_C' with ClassGeneratedBy '/Game/Levels/AI_Test.AI_Test:PersistentLevel.AI_Test'
[2017.04.23-09.03.01:975][437]LogRenderer: Reallocating scene render targets to support 1048x576 NumSamples 1 (Frame:73381).
[2017.04.23-09.04.03:963][563]BlueprintLog: New page: Compile demomBoss
[2017.04.23-09.04.04:063][563]LogUObjectGlobals:Warning: Guid referenced by CapsuleComponent /Game/Levels/AI_Test.AI_Test:PersistentLevel.demomBoss_278.CollisionCylinder is already used by CapsuleComponent /Game/Levels/AI_Test.AI_Test:PersistentLevel.REINST_demomBoss_C_0.CollisionCylinder, which should never happen in the editor but could happen at runtime with duplicate level loading or PIE
[2017.04.23-09.04.04:063][563]LogUObjectGlobals:Warning: Guid referenced by ArrowComponent /Game/Levels/AI_Test.AI_Test:PersistentLevel.demomBoss_278.Arrow is already used by ArrowComponent /Game/Levels/AI_Test.AI_Test:PersistentLevel.REINST_demomBoss_C_0.Arrow, which should never happen in the editor but could happen at runtime with duplicate level loading or PIE
[2017.04.23-09.04.04:063][563]LogUObjectGlobals:Warning: Guid referenced by CharacterMovementComponent /Game/Levels/AI_Test.AI_Test:PersistentLevel.demomBoss_278.CharMoveComp is already used by CharacterMovementComponent /Game/Levels/AI_Test.AI_Test:PersistentLevel.REINST_demomBoss_C_0.CharMoveComp, which should never happen in the editor but could happen at runtime with duplicate level loading or PIE
[2017.04.23-09.04.04:063][563]LogUObjectGlobals:Warning: Guid referenced by SkeletalMeshComponent /Game/Levels/AI_Test.AI_Test:PersistentLevel.demomBoss_278.CharacterMesh0 is already used by SkeletalMeshComponent /Game/Levels/AI_Test.AI_Test:PersistentLevel.REINST_demomBoss_C_0.CharacterMesh0, which should never happen in the editor but could happen at runtime with duplicate level loading or PIE
[2017.04.23-09.04.05:371][601]Cmd: OBJ SAVEPACKAGE PACKAGE="/Game/DemonLord/demomBoss" FILE="../../../../../../Users/aerob/Desktop/c3/TheCursedBlade/Cursed_Blade/Content/DemonLord/demomBoss.uasset" SILENT=true
[2017.04.23-09.04.05:539][601]LogSavePackage: Save=66.64ms
[2017.04.23-09.04.05:540][601]LogSavePackage: Moving '../../../../../../Users/aerob/Desktop/c3/TheCursedBlade/Cursed_Blade/Saved/demomBoss0FA010484B88DD4F799BD7BB26DE96B9.tmp' to '../../../../../../Users/aerob/Desktop/c3/TheCursedBlade/Cursed_Blade/Content/DemonLord/demomBoss.uasset'
[2017.04.23-09.04.05:563][601]LogSavePackage:Display: Finished SavePackage ../../../../../../Users/aerob/Desktop/c3/TheCursedBlade/Cursed_Blade/Content/DemonLord/demomBoss.uasset
[2017.04.23-09.04.23:272][857]Cmd: OBJ SAVEPACKAGE PACKAGE="/Game/Levels/AI_Test" FILE="../../../../../../Users/aerob/Desktop/c3/TheCursedBlade/Cursed_Blade/Content/Levels/AI_Test.umap" SILENT=true AUTOSAVING=false KEEPDIRTY=false
[2017.04.23-09.04.23:486][857]LogSavePackage: Save=165.60ms
[2017.04.23-09.04.23:486][857]LogSavePackage: Moving '../../../../../../Users/aerob/Desktop/c3/TheCursedBlade/Cursed_Blade/Saved/AI_Test2CDD9DDA4949A1C2BCEDE2B39C6C1E9C.tmp' to '../../../../../../Users/aerob/Desktop/c3/TheCursedBlade/Cursed_Blade/Content/Levels/AI_Test.umap'
[2017.04.23-09.04.23:494][857]LogSavePackage:Display: Finished SavePackage ../../../../../../Users/aerob/Desktop/c3/TheCursedBlade/Cursed_Blade/Content/Levels/AI_Test.umap
[2017.04.23-09.04.34:419][389]LogTemp: Repeting last play command: Selected Viewport
[2017.04.23-09.04.34:467][389]LogBlueprintUserMessages: Early PlayInEditor Detection: Level '/Game/Levels/AI_Test.AI_Test:PersistentLevel' has LevelScriptBlueprint '/Game/Levels/AI_Test.AI_Test:PersistentLevel.AI_Test' with GeneratedClass '/Game/Levels/AI_Test.AI_Test_C' with ClassGeneratedBy '/Game/Levels/AI_Test.AI_Test:PersistentLevel.AI_Test'
[2017.04.23-09.04.34:467][389]LogPlayLevel: PlayLevel: No blueprints needed recompiling
[2017.04.23-09.04.34:467][389]PIE: New page: PIE session: AI_Test (Apr 23, 2017, 1:04:34 AM)
[2017.04.23-09.04.34:467][389]LogPlayLevel: Creating play world package: /Game/Levels/UEDPIE_0_AI_Test
[2017.04.23-09.04.34:479][389]LogPlayLevel: PIE: StaticDuplicateObject took: (0.011299s)
[2017.04.23-09.04.34:480][389]LogAIModule: Creating AISystem for world AI_Test
[2017.04.23-09.04.34:480][389]LogPlayLevel: PIE: World Init took: (0.001046s)
[2017.04.23-09.04.34:480][389]LogPlayLevel: PIE: Created PIE world by copying editor world from /Game/Levels/AI_Test.AI_Test to /Game/Levels/UEDPIE_0_AI_Test.AI_Test (0.012834s)
[2017.04.23-09.04.34:533][389]LogInit: XAudio2 using 'Speaker/HP (Realtek High Definition Audio)' : 2 channels at 48 kHz using 32 bits per sample (channel mask 0x3)
[2017.04.23-09.04.34:545][389]LogInit: FAudioDevice initialized.
[2017.04.23-09.04.34:627][389]LogLoad: Game class is 'myGame_C'
[2017.04.23-09.04.34:641][389]LogWorld: Bringing World /Game/Levels/UEDPIE_0_AI_Test.AI_Test up for play (max tick rate 60) at 2017.04.23-05.04.34
[2017.04.23-09.04.34:646][389]LogWorld: Bringing up level for play took: 0.017411
[2017.04.23-09.04.34:656][389]PIE: Info Play in editor start time for /Game/Levels/UEDPIE_0_AI_Test 0.623
[2017.04.23-09.04.34:657][389]LogBlueprintUserMessages: Late PlayInEditor Detection: Level '/Game/Levels/AI_Test.AI_Test:PersistentLevel' has LevelScriptBlueprint '/Game/Levels/AI_Test.AI_Test:PersistentLevel.AI_Test' with GeneratedClass '/Game/Levels/AI_Test.AI_Test_C' with ClassGeneratedBy '/Game/Levels/AI_Test.AI_Test:PersistentLevel.AI_Test'
[2017.04.23-09.04.34:675][389]LogRenderer: Reallocating scene render targets to support 1292x756 NumSamples 1 (Frame:76268).
[2017.04.23-09.04.51:886][784]LogBlueprintUserMessages: Early EndPlayMap Detection: Level '/Game/Levels/AI_Test.AI_Test:PersistentLevel' has LevelScriptBlueprint '/Game/Levels/AI_Test.AI_Test:PersistentLevel.AI_Test' with GeneratedClass '/Game/Levels/AI_Test.AI_Test_C' with ClassGeneratedBy '/Game/Levels/AI_Test.AI_Test:PersistentLevel.AI_Test'
[2017.04.23-09.04.52:083][784]LogBlueprintUserMessages: Late EndPlayMap Detection: Level '/Game/Levels/AI_Test.AI_Test:PersistentLevel' has LevelScriptBlueprint '/Game/Levels/AI_Test.AI_Test:PersistentLevel.AI_Test' with GeneratedClass '/Game/Levels/AI_Test.AI_Test_C' with ClassGeneratedBy '/Game/Levels/AI_Test.AI_Test:PersistentLevel.AI_Test'
[2017.04.23-09.07.45:157][872]LogContentBrowser:Verbose: The majority of assets in the view are of type: AnimSequence
[2017.04.23-09.11.09:762][431]BlueprintLog: New page: Compile demonLordAnimBlueprint
[2017.04.23-09.11.11:260][492]LogSavePackage: Save=84.00ms
[2017.04.23-09.11.11:260][492]LogSavePackage: Moving '../../../../../../Users/aerob/Desktop/c3/TheCursedBlade/Cursed_Blade/Saved/demonLordAnimBlueprint305285F1409C65F9119254A7A68EE97B.tmp' to '../../../../../../Users/aerob/Desktop/c3/TheCursedBlade/Cursed_Blade/Content/DemonLord/Animations/demonLordAnimBlueprint.uasset'
[2017.04.23-09.11.11:268][492]LogSavePackage:Display: Finished SavePackage ../../../../../../Users/aerob/Desktop/c3/TheCursedBlade/Cursed_Blade/Content/DemonLord/Animations/demonLordAnimBlueprint.uasset
[2017.04.23-09.11.43:777][984]LogTemp: Repeting last play command: Selected Viewport
[2017.04.23-09.11.43:823][984]LogBlueprintUserMessages: Early PlayInEditor Detection: Level '/Game/Levels/AI_Test.AI_Test:PersistentLevel' has LevelScriptBlueprint '/Game/Levels/AI_Test.AI_Test:PersistentLevel.AI_Test' with GeneratedClass '/Game/Levels/AI_Test.AI_Test_C' with ClassGeneratedBy '/Game/Levels/AI_Test.AI_Test:PersistentLevel.AI_Test'
[2017.04.23-09.11.43:823][984]LogPlayLevel: PlayLevel: No blueprints needed recompiling
[2017.04.23-09.11.43:823][984]PIE: New page: PIE session: AI_Test (Apr 23, 2017, 1:11:43 AM)
[2017.04.23-09.11.43:823][984]LogPlayLevel: Creating play world package: /Game/Levels/UEDPIE_0_AI_Test
[2017.04.23-09.11.43:831][984]LogPlayLevel: PIE: StaticDuplicateObject took: (0.007349s)
[2017.04.23-09.11.43:831][984]LogAIModule: Creating AISystem for world AI_Test
[2017.04.23-09.11.43:832][984]LogPlayLevel: PIE: World Init took: (0.000861s)
[2017.04.23-09.11.43:832][984]LogPlayLevel: PIE: Created PIE world by copying editor world from /Game/Levels/AI_Test.AI_Test to /Game/Levels/UEDPIE_0_AI_Test.AI_Test (0.008509s)
[2017.04.23-09.11.43:870][984]LogInit: XAudio2 using 'Speaker/HP (Realtek High Definition Audio)' : 2 channels at 48 kHz using 32 bits per sample (channel mask 0x3)
[2017.04.23-09.11.43:883][984]LogInit: FAudioDevice initialized.
[2017.04.23-09.11.43:916][984]LogLoad: Game class is 'myGame_C'
[2017.04.23-09.11.43:921][984]LogWorld: Bringing World /Game/Levels/UEDPIE_0_AI_Test.AI_Test up for play (max tick rate 0) at 2017.04.23-05.11.43
[2017.04.23-09.11.43:923][984]LogWorld: Bringing up level for play took: 0.006008
[2017.04.23-09.11.43:926][984]PIE: Info Play in editor start time for /Game/Levels/UEDPIE_0_AI_Test -0.108
[2017.04.23-09.11.43:926][984]LogBlueprintUserMessages: Late PlayInEditor Detection: Level '/Game/Levels/AI_Test.AI_Test:PersistentLevel' has LevelScriptBlueprint '/Game/Levels/AI_Test.AI_Test:PersistentLevel.AI_Test' with GeneratedClass '/Game/Levels/AI_Test.AI_Test_C' with ClassGeneratedBy '/Game/Levels/AI_Test.AI_Test:PersistentLevel.AI_Test'
[2017.04.23-09.12.02:624][911]LogBlueprintUserMessages: Early EndPlayMap Detection: Level '/Game/Levels/AI_Test.AI_Test:PersistentLevel' has LevelScriptBlueprint '/Game/Levels/AI_Test.AI_Test:PersistentLevel.AI_Test' with GeneratedClass '/Game/Levels/AI_Test.AI_Test_C' with ClassGeneratedBy '/Game/Levels/AI_Test.AI_Test:PersistentLevel.AI_Test'
