Log file open, 04/03/17 19:23:42
LogInit:Display: Running engine for game: Cursed_Blade
LogPlatformFile: Not using cached read wrapper
LogInit:Display: RandInit(511665729) SRandInit(511665729).
LogTaskGraph: Started task graph with 5 named threads and 8 total threads with 1 sets of task threads.
LogStats: Stats thread started at 0.102591
LogPluginManager: Loaded Plugin Paper2D, From C:/Program Files/Epic Games/UE_4.14/Engine/Plugins/2D/Paper2D/Paper2D.uplugin
LogPluginManager: Loaded Plugin LightPropagationVolume, From C:/Program Files/Epic Games/UE_4.14/Engine/Plugins/Blendables/LightPropagationVolume/LightPropagationVolume.uplugin
LogPluginManager: Loaded Plugin BlankPlugin, From C:/Program Files/Epic Games/UE_4.14/Engine/Plugins/Developer/BlankPlugin/BlankPlugin.uplugin
LogPluginManager: Loaded Plugin CodeLiteSourceCodeAccess, From C:/Program Files/Epic Games/UE_4.14/Engine/Plugins/Developer/CodeLiteSourceCodeAccess/CodeLiteSourceCodeAccess.uplugin
LogPluginManager: Loaded Plugin GitSourceControl, From C:/Program Files/Epic Games/UE_4.14/Engine/Plugins/Developer/GitSourceControl/GitSourceControl.uplugin
LogPluginManager: Loaded Plugin KDevelopSourceCodeAccess, From C:/Program Files/Epic Games/UE_4.14/Engine/Plugins/Developer/KDevelopSourceCodeAccess/KDevelopSourceCodeAccess.uplugin
LogPluginManager: Loaded Plugin NullSourceCodeAccess, From C:/Program Files/Epic Games/UE_4.14/Engine/Plugins/Developer/NullSourceCodeAccess/NullSourceCodeAccess.uplugin
LogPluginManager: Loaded Plugin OneSkyLocalizationService, From C:/Program Files/Epic Games/UE_4.14/Engine/Plugins/Developer/OneSkyLocalizationService/OneSkyLocalizationService.uplugin
LogPluginManager: Loaded Plugin PerforceSourceControl, From C:/Program Files/Epic Games/UE_4.14/Engine/Plugins/Developer/PerforceSourceControl/PerforceSourceControl.uplugin
LogPluginManager: Loaded Plugin SubversionSourceControl, From C:/Program Files/Epic Games/UE_4.14/Engine/Plugins/Developer/SubversionSourceControl/SubversionSourceControl.uplugin
LogPluginManager: Loaded Plugin UObjectPlugin, From C:/Program Files/Epic Games/UE_4.14/Engine/Plugins/Developer/UObjectPlugin/UObjectPlugin.uplugin
LogPluginManager: Loaded Plugin VisualStudioSourceCodeAccess, From C:/Program Files/Epic Games/UE_4.14/Engine/Plugins/Developer/VisualStudioSourceCodeAccess/VisualStudioSourceCodeAccess.uplugin
LogPluginManager: Loaded Plugin XCodeSourceCodeAccess, From C:/Program Files/Epic Games/UE_4.14/Engine/Plugins/Developer/XCodeSourceCodeAccess/XCodeSourceCodeAccess.uplugin
LogPluginManager: Loaded Plugin AudioCapture, From C:/Program Files/Epic Games/UE_4.14/Engine/Plugins/Editor/AudioCapture/AudioCapture.uplugin
LogPluginManager: Loaded Plugin EpicSurvey, From C:/Program Files/Epic Games/UE_4.14/Engine/Plugins/Editor/EpicSurvey/EpicSurvey.uplugin
LogPluginManager: Loaded Plugin MacGraphicsSwitching, From C:/Program Files/Epic Games/UE_4.14/Engine/Plugins/Editor/MacGraphicsSwitching/MacGraphicsSwitching.uplugin
LogPluginManager: Loaded Plugin MobileLauncherProfileWizard, From C:/Program Files/Epic Games/UE_4.14/Engine/Plugins/Editor/MobileLauncherProfileWizard/MobileLauncherProfileWizard.uplugin
LogPluginManager: Loaded Plugin PluginBrowser, From C:/Program Files/Epic Games/UE_4.14/Engine/Plugins/Editor/PluginBrowser/PluginBrowser.uplugin
LogPluginManager: Loaded Plugin SpeedTreeImporter, From C:/Program Files/Epic Games/UE_4.14/Engine/Plugins/Editor/SpeedTreeImporter/SpeedTreeImporter.uplugin
LogPluginManager: Loaded Plugin SuperSearchEditor, From C:/Program Files/Epic Games/UE_4.14/Engine/Plugins/Editor/SuperSearchEditor/SuperSearchEditor.uplugin
LogPluginManager: Loaded Plugin AlembicImporter, From C:/Program Files/Epic Games/UE_4.14/Engine/Plugins/Experimental/AlembicImporter/AlembicImporter.uplugin
LogPluginManager: Loaded Plugin BlueprintStats, From C:/Program Files/Epic Games/UE_4.14/Engine/Plugins/Experimental/BlueprintStats/BlueprintStats.uplugin
LogPluginManager: Loaded Plugin CharacterAI, From C:/Program Files/Epic Games/UE_4.14/Engine/Plugins/Experimental/CharacterAI/CharacterAI.uplugin
LogPluginManager: Loaded Plugin CodeEditor, From C:/Program Files/Epic Games/UE_4.14/Engine/Plugins/Experimental/CodeEditor/CodeEditor.uplugin
LogPluginManager: Loaded Plugin CodeView, From C:/Program Files/Epic Games/UE_4.14/Engine/Plugins/Experimental/CodeView/CodeView.uplugin
LogPluginManager: Loaded Plugin HTML5Networking, From C:/Program Files/Epic Games/UE_4.14/Engine/Plugins/Experimental/HTML5Networking/HTML5Networking.uplugin
LogPluginManager: Loaded Plugin OSVR, From C:/Program Files/Epic Games/UE_4.14/Engine/Plugins/Experimental/OSVR/OSVR.uplugin
LogPluginManager: Loaded Plugin Phya, From C:/Program Files/Epic Games/UE_4.14/Engine/Plugins/Experimental/Phya/Phya.uplugin
LogPluginManager: Loaded Plugin SignificanceManager, From C:/Program Files/Epic Games/UE_4.14/Engine/Plugins/Experimental/SignificanceManager/SignificanceManager.uplugin
LogPluginManager: Loaded Plugin SimpleHMD, From C:/Program Files/Epic Games/UE_4.14/Engine/Plugins/Experimental/SimpleHMD/SimpleHMD.uplugin
LogPluginManager: Loaded Plugin StereoPanorama, From C:/Program Files/Epic Games/UE_4.14/Engine/Plugins/Experimental/StereoPanorama/StereoPanorama.uplugin
LogPluginManager: Loaded Plugin StructBox, From C:/Program Files/Epic Games/UE_4.14/Engine/Plugins/Experimental/StructBox/StructBox.uplugin
LogPluginManager: Loaded Plugin AndroidMedia, From C:/Program Files/Epic Games/UE_4.14/Engine/Plugins/Media/AndroidMedia/AndroidMedia.uplugin
LogPluginManager: Loaded Plugin AvfMedia, From C:/Program Files/Epic Games/UE_4.14/Engine/Plugins/Media/AvfMedia/AvfMedia.uplugin
LogPluginManager: Loaded Plugin MediaPlayerEditor, From C:/Program Files/Epic Games/UE_4.14/Engine/Plugins/Media/MediaPlayerEditor/MediaPlayerEditor.uplugin
LogPluginManager: Loaded Plugin WmfMedia, From C:/Program Files/Epic Games/UE_4.14/Engine/Plugins/Media/WmfMedia/WmfMedia.uplugin
LogPluginManager: Loaded Plugin MessagingDebugger, From C:/Program Files/Epic Games/UE_4.14/Engine/Plugins/Messaging/MessagingDebugger/MessagingDebugger.uplugin
LogPluginManager: Loaded Plugin TcpMessaging, From C:/Program Files/Epic Games/UE_4.14/Engine/Plugins/Messaging/TcpMessaging/TcpMessaging.uplugin
LogPluginManager: Loaded Plugin UdpMessaging, From C:/Program Files/Epic Games/UE_4.14/Engine/Plugins/Messaging/UdpMessaging/UdpMessaging.uplugin
LogPluginManager: Loaded Plugin LevelSequenceEditor, From C:/Program Files/Epic Games/UE_4.14/Engine/Plugins/MovieScene/LevelSequenceEditor/LevelSequenceEditor.uplugin
LogPluginManager: Loaded Plugin MatineeToLevelSequence, From C:/Program Files/Epic Games/UE_4.14/Engine/Plugins/MovieScene/MatineeToLevelSequence/MatineeToLevelSequence.uplugin
LogPluginManager: Loaded Plugin NetcodeUnitTest, From C:/Program Files/Epic Games/UE_4.14/Engine/Plugins/NetcodeUnitTest/NetcodeUnitTest/NetcodeUnitTest.uplugin
LogPluginManager: Loaded Plugin NUTUnrealEngine4, From C:/Program Files/Epic Games/UE_4.14/Engine/Plugins/NetcodeUnitTest/NUTUnrealEngine4/NUTUnrealEngine4.uplugin
LogPluginManager: Loaded Plugin OnlineSubsystemGameCircle, From C:/Program Files/Epic Games/UE_4.14/Engine/Plugins/Online/Android/OnlineSubsystemGameCircle/OnlineSubsystemGameCircle.uplugin
LogPluginManager: Loaded Plugin OnlineSubsystemGooglePlay, From C:/Program Files/Epic Games/UE_4.14/Engine/Plugins/Online/Android/OnlineSubsystemGooglePlay/OnlineSubsystemGooglePlay.uplugin
LogPluginManager: Loaded Plugin OnlineSubsystemIOS, From C:/Program Files/Epic Games/UE_4.14/Engine/Plugins/Online/IOS/OnlineSubsystemIOS/OnlineSubsystemIOS.uplugin
LogPluginManager: Loaded Plugin OnlineFramework, From C:/Program Files/Epic Games/UE_4.14/Engine/Plugins/Online/OnlineFramework/OnlineFramework.uplugin
LogPluginManager: Loaded Plugin OnlineSubsystem, From C:/Program Files/Epic Games/UE_4.14/Engine/Plugins/Online/OnlineSubsystem/OnlineSubsystem.uplugin
LogPluginManager: Loaded Plugin OnlineSubsystemAmazon, From C:/Program Files/Epic Games/UE_4.14/Engine/Plugins/Online/OnlineSubsystemAmazon/OnlineSubsystemAmazon.uplugin
LogPluginManager: Loaded Plugin OnlineSubsystemFacebook, From C:/Program Files/Epic Games/UE_4.14/Engine/Plugins/Online/OnlineSubsystemFacebook/OnlineSubsystemFacebook.uplugin
LogPluginManager: Loaded Plugin OnlineSubsystemNull, From C:/Program Files/Epic Games/UE_4.14/Engine/Plugins/Online/OnlineSubsystemNull/OnlineSubsystemNull.uplugin
LogPluginManager: Loaded Plugin OnlineSubsystemOculus, From C:/Program Files/Epic Games/UE_4.14/Engine/Plugins/Online/OnlineSubsystemOculus/OnlineSubsystemOculus.uplugin
LogPluginManager: Loaded Plugin OnlineSubsystemSteam, From C:/Program Files/Epic Games/UE_4.14/Engine/Plugins/Online/OnlineSubsystemSteam/OnlineSubsystemSteam.uplugin
LogPluginManager: Loaded Plugin OnlineSubsystemUtils, From C:/Program Files/Epic Games/UE_4.14/Engine/Plugins/Online/OnlineSubsystemUtils/OnlineSubsystemUtils.uplugin
LogPluginManager: Loaded Plugin IOSTapJoy, From C:/Program Files/Epic Games/UE_4.14/Engine/Plugins/Runtime/Advertising/IOSTapJoy/IOSTapJoy.uplugin
LogPluginManager: Loaded Plugin AnalyticsBlueprintLibrary, From C:/Program Files/Epic Games/UE_4.14/Engine/Plugins/Runtime/Analytics/AnalyticsBlueprintLibrary/AnalyticsBlueprintLibrary.uplugin
LogPluginManager: Loaded Plugin AnalyticsMulticast, From C:/Program Files/Epic Games/UE_4.14/Engine/Plugins/Runtime/Analytics/AnalyticsMulticast/AnalyticsMulticast.uplugin
LogPluginManager: Loaded Plugin Apsalar, From C:/Program Files/Epic Games/UE_4.14/Engine/Plugins/Runtime/Analytics/Apsalar/Apsalar.uplugin
LogPluginManager: Loaded Plugin FileLogging, From C:/Program Files/Epic Games/UE_4.14/Engine/Plugins/Runtime/Analytics/FileLogging/FileLogging.uplugin
LogPluginManager: Loaded Plugin Flurry, From C:/Program Files/Epic Games/UE_4.14/Engine/Plugins/Runtime/Analytics/Flurry/Flurry.uplugin
LogPluginManager: Loaded Plugin AndroidDeviceProfileSelector, From C:/Program Files/Epic Games/UE_4.14/Engine/Plugins/Runtime/AndroidDeviceProfileSelector/AndroidDeviceProfileSelector.uplugin
LogPluginManager: Loaded Plugin AndroidMoviePlayer, From C:/Program Files/Epic Games/UE_4.14/Engine/Plugins/Runtime/AndroidMoviePlayer/AndroidMoviePlayer.uplugin
LogPluginManager: Loaded Plugin AppleMoviePlayer, From C:/Program Files/Epic Games/UE_4.14/Engine/Plugins/Runtime/AppleMoviePlayer/AppleMoviePlayer.uplugin
LogPluginManager: Loaded Plugin ArchVisCharacter, From C:/Program Files/Epic Games/UE_4.14/Engine/Plugins/Runtime/ArchVisCharacter/ArchVisCharacter.uplugin
LogPluginManager: Loaded Plugin CableComponent, From C:/Program Files/Epic Games/UE_4.14/Engine/Plugins/Runtime/CableComponent/CableComponent.uplugin
LogPluginManager: Loaded Plugin CustomMeshComponent, From C:/Program Files/Epic Games/UE_4.14/Engine/Plugins/Runtime/CustomMeshComponent/CustomMeshComponent.uplugin
LogPluginManager: Loaded Plugin ExampleDeviceProfileSelector, From C:/Program Files/Epic Games/UE_4.14/Engine/Plugins/Runtime/ExampleDeviceProfileSelector/ExampleDeviceProfileSelector.uplugin
LogPluginManager: Loaded Plugin GearVR, From C:/Program Files/Epic Games/UE_4.14/Engine/Plugins/Runtime/GearVR/GearVR.uplugin
LogPluginManager: Loaded Plugin GoogleVRController, From C:/Program Files/Epic Games/UE_4.14/Engine/Plugins/Runtime/GoogleVR/GoogleVRController/GoogleVRController.uplugin
LogPluginManager: Loaded Plugin GoogleVRHMD, From C:/Program Files/Epic Games/UE_4.14/Engine/Plugins/Runtime/GoogleVR/GoogleVRHMD/GoogleVRHMD.uplugin
LogPluginManager: Loaded Plugin IOSDeviceProfileSelector, From C:/Program Files/Epic Games/UE_4.14/Engine/Plugins/Runtime/IOSDeviceProfileSelector/IOSDeviceProfileSelector.uplugin
LogPluginManager: Loaded Plugin LeapMotion, From C:/Program Files/Epic Games/UE_4.14/Engine/Plugins/Runtime/LeapMotion/LeapMotion.uplugin
LogPluginManager: Loaded Plugin LinuxDeviceProfileSelector, From C:/Program Files/Epic Games/UE_4.14/Engine/Plugins/Runtime/LinuxDeviceProfileSelector/LinuxDeviceProfileSelector.uplugin
LogPluginManager: Loaded Plugin MIDIDevice, From C:/Program Files/Epic Games/UE_4.14/Engine/Plugins/Runtime/MIDIDevice/MIDIDevice.uplugin
LogPluginManager: Loaded Plugin MobilePatchingUtils, From C:/Program Files/Epic Games/UE_4.14/Engine/Plugins/Runtime/MobilePatchingUtils/MobilePatchingUtils.uplugin
LogPluginManager: Loaded Plugin Ansel, From C:/Program Files/Epic Games/UE_4.14/Engine/Plugins/Runtime/Nvidia/Ansel/Ansel.uplugin
LogPluginManager: Loaded Plugin OculusAudio, From C:/Program Files/Epic Games/UE_4.14/Engine/Plugins/Runtime/OculusAudio/OculusAudio.uplugin
LogPluginManager: Loaded Plugin OculusInput, From C:/Program Files/Epic Games/UE_4.14/Engine/Plugins/Runtime/OculusInput/OculusInput.uplugin
LogPluginManager: Loaded Plugin OculusLibrary, From C:/Program Files/Epic Games/UE_4.14/Engine/Plugins/Runtime/OculusLibrary/OculusLibrary.uplugin
LogPluginManager: Loaded Plugin OculusRift, From C:/Program Files/Epic Games/UE_4.14/Engine/Plugins/Runtime/OculusRift/OculusRift.uplugin
LogPluginManager: Loaded Plugin Oodle, From C:/Program Files/Epic Games/UE_4.14/Engine/Plugins/Runtime/PacketHandlers/CompressionComponents/Oodle/Oodle.uplugin
LogPluginManager: Loaded Plugin ProceduralMeshComponent, From C:/Program Files/Epic Games/UE_4.14/Engine/Plugins/Runtime/ProceduralMeshComponent/ProceduralMeshComponent.uplugin
LogPluginManager: Loaded Plugin SoundMod, From C:/Program Files/Epic Games/UE_4.14/Engine/Plugins/Runtime/SoundMod/SoundMod.uplugin
LogPluginManager: Loaded Plugin SoundVisualizations, From C:/Program Files/Epic Games/UE_4.14/Engine/Plugins/Runtime/SoundVisualizations/SoundVisualizations.uplugin
LogPluginManager: Loaded Plugin SteamController, From C:/Program Files/Epic Games/UE_4.14/Engine/Plugins/Runtime/Steam/SteamController/SteamController.uplugin
LogPluginManager: Loaded Plugin SteamVR, From C:/Program Files/Epic Games/UE_4.14/Engine/Plugins/Runtime/Steam/SteamVR/SteamVR.uplugin
LogPluginManager: Loaded Plugin WebBrowserWidget, From C:/Program Files/Epic Games/UE_4.14/Engine/Plugins/Runtime/WebBrowserWidget/WebBrowserWidget.uplugin
LogPluginManager: Loaded Plugin WindowsDeviceProfileSelector, From C:/Program Files/Epic Games/UE_4.14/Engine/Plugins/Runtime/WindowsDeviceProfileSelector/WindowsDeviceProfileSelector.uplugin
LogPluginManager: Loaded Plugin WindowsMoviePlayer, From C:/Program Files/Epic Games/UE_4.14/Engine/Plugins/Runtime/WindowsMoviePlayer/WindowsMoviePlayer.uplugin
LogPluginManager: Loaded Plugin ScriptPlugin, From C:/Program Files/Epic Games/UE_4.14/Engine/Plugins/ScriptPlugin/ScriptPlugin.uplugin
LogPluginManager: Loaded Plugin SlateRemote, From C:/Program Files/Epic Games/UE_4.14/Engine/Plugins/Slate/SlateRemote/SlateRemote.uplugin
LogPluginManager: Loaded Plugin EditorTests, From C:/Program Files/Epic Games/UE_4.14/Engine/Plugins/Tests/EditorTests/EditorTests.uplugin
LogPluginManager: Loaded Plugin FbxAutomationTestBuilder, From C:/Program Files/Epic Games/UE_4.14/Engine/Plugins/Tests/FbxAutomationTestBuilder/FbxAutomationTestBuilder.uplugin
LogPluginManager: Loaded Plugin FunctionalTestingEditor, From C:/Program Files/Epic Games/UE_4.14/Engine/Plugins/Tests/FunctionalTestingEditor/FunctionalTestingEditor.uplugin
LogPluginManager: Loaded Plugin RuntimeTests, From C:/Program Files/Epic Games/UE_4.14/Engine/Plugins/Tests/RuntimeTests/RuntimeTests.uplugin
LogPluginManager: Loaded Plugin ScreenshotTools, From C:/Program Files/Epic Games/UE_4.14/Engine/Plugins/Tests/ScreenshotTools/ScreenshotTools.uplugin
LogInit: Using libcurl 7.47.1
LogInit:  - built for x86_64-pc-win32
LogInit:  - supports SSL with OpenSSL/1.0.2g
LogInit:  - supports HTTP deflate (compression) using libz 1.2.8
LogInit:  - other features:
LogInit:      CURL_VERSION_SSL
LogInit:      CURL_VERSION_LIBZ
LogInit:      CURL_VERSION_IPV6
LogInit:      CURL_VERSION_ASYNCHDNS
LogInit:      CURL_VERSION_LARGEFILE
LogInit:      CURL_VERSION_IDN
LogInit:  CurlRequestOptions (configurable via config and command line):
LogInit:  - bVerifyPeer = false  - Libcurl will NOT verify peer certificate
LogInit:  - bUseHttpProxy = false  - Libcurl will NOT use HTTP proxy
LogInit:  - bDontReuseConnections = false  - Libcurl will reuse connections
LogInit:  - CertBundlePath = nullptr  - Libcurl will use whatever was configured at build time.
LogInit: Build: ++UE4+Release-4.14-CL-3249277
LogInit: Engine Version: 4.14.3-3249277+++UE4+Release-4.14
LogInit: Compatible Engine Version: 4.14.0-3195953+++UE4+Release-4.14
LogInit: Net CL: 3195953
LogDevObjectVersion: Number of dev versions registered: 13
LogDevObjectVersion:   Dev-Blueprints (B0D832E4-1F89-4F0D-ACCF-7EB736FD4AA2): 7
LogDevObjectVersion:   Dev-Build (E1C64328-A22C-4D53-A36C-8E866417BD8C): 0
LogDevObjectVersion:   Dev-Core (375EC13C-06E4-48FB-B500-84F0262A717E): 1
LogDevObjectVersion:   Dev-Editor (E4B068ED-F494-42E9-A231-DA0B2E46BB41): 8
LogDevObjectVersion:   Dev-Framework (CFFC743F-43B0-4480-9391-14DF171D2073): 17
LogDevObjectVersion:   Dev-Mobile (B02B49B5-BB20-44E9-A304-32B752E40360): 0
LogDevObjectVersion:   Dev-Networking (A4E4105C-59A1-49B5-A7C5-40C4547EDFEE): 0
LogDevObjectVersion:   Dev-Online (39C831C9-5AE6-47DC-9A44-9C173E1C8E7C): 0
LogDevObjectVersion:   Dev-Physics (78F01B33-EBEA-4F98-B9B4-84EACCB95AA2): 0
LogDevObjectVersion:   Dev-Platform (6631380F-2D4D-43E0-8009-CF276956A95A): 0
LogDevObjectVersion:   Dev-Rendering (12F88B9F-8875-4AFC-A67C-D90C383ABD29): 12
LogDevObjectVersion:   Dev-Sequencer (7B5AE74C-D270-4C10-A958-57980B212A5A): 1
LogDevObjectVersion:   Dev-VR (D7296918-1DD6-4BDD-9DE2-64A83CC13884): 0
LogInit: Compiled (64-bit): Jan  6 2017 10:49:43
LogInit: Compiled with Visual C++: 19.00.23026.00
LogInit: Build Configuration: Development
LogInit: Branch Name: ++UE4+Release-4.14
LogInit: Command line: -EpicPortal 
LogInit: Base directory: C:/Program Files/Epic Games/UE_4.14/Engine/Binaries/Win64/
LogInit: Installed Engine Build: 1
LogInit: Presizing for max 8388607 objects, including 0 objects not considered by GC, pre-allocating 0 bytes for permanent pool.
LogInit: Object subsystem initialized
[2017.04.03-23.23.43:684][  0]LogInit: Selected Device Profile: [Windows]
[2017.04.03-23.23.43:684][  0]LogInit: Applying CVar settings loaded from the selected device profile: [Windows]
[2017.04.03-23.23.43:722][  0]LogInit: Computer: GRIFFIN
[2017.04.03-23.23.43:722][  0]LogInit: User: griff000
[2017.04.03-23.23.43:722][  0]LogInit: CPU Page size=65536, Cores=4
[2017.04.03-23.23.43:722][  0]LogInit: High frequency timer resolution =2.143574 MHz
[2017.04.03-23.23.43:723][  0]LogMemory: Memory total: Physical=7.9GB (8GB approx)
[2017.04.03-23.23.43:723][  0]LogMemory: Platform Memory Stats for Windows
[2017.04.03-23.23.43:723][  0]LogMemory: Process Physical Memory: 265.45 MB used, 265.45 MB peak
[2017.04.03-23.23.43:723][  0]LogMemory: Process Virtual Memory: 262.95 MB used, 262.95 MB peak
[2017.04.03-23.23.43:723][  0]LogMemory: Physical Memory: 5271.28 MB used,  2810.47 MB free, 8081.75 MB total
[2017.04.03-23.23.43:723][  0]LogMemory: Virtual Memory: 676.64 MB used,  2810.47 MB free, 134217728.00 MB total
[2017.04.03-23.23.43:757][  0]LogTextLocalizationManager: No specific translations for ('en-US') exist, so ('en') translations will be used.
[2017.04.03-23.23.44:703][  0]LogD3D11RHI: D3D11 adapters:
[2017.04.03-23.23.44:712][  0]LogD3D11RHI:    0. 'Intel(R) HD Graphics 4000' (Feature Level 11_0)
[2017.04.03-23.23.44:712][  0]LogD3D11RHI:       32/0/1760 MB DedicatedVideo/DedicatedSystem/SharedSystem, Outputs:3, VendorId:0x8086
[2017.04.03-23.23.44:714][  0]LogD3D11RHI:    1. 'Microsoft Basic Render Driver' (Feature Level 11_0)
[2017.04.03-23.23.44:714][  0]LogD3D11RHI:       0/0/4040 MB DedicatedVideo/DedicatedSystem/SharedSystem, Outputs:0, VendorId:0x1414
[2017.04.03-23.23.44:714][  0]LogD3D11RHI: Chosen D3D11 Adapter: 0
[2017.04.03-23.23.44:722][  0]LogD3D11RHI: Creating new Direct3DDevice
[2017.04.03-23.23.44:722][  0]LogD3D11RHI:     GPU DeviceId: 0x166 (for the marketing name, search the web for "GPU Device Id")
[2017.04.03-23.23.44:722][  0]LogWindows: EnumDisplayDevices:
[2017.04.03-23.23.44:722][  0]LogWindows:    0. 'Intel(R) HD Graphics 4000' (P:1 D:1)
[2017.04.03-23.23.44:722][  0]LogWindows:    1. 'Intel(R) HD Graphics 4000' (P:0 D:1)
[2017.04.03-23.23.44:723][  0]LogWindows:    2. 'Intel(R) HD Graphics 4000' (P:0 D:1)
[2017.04.03-23.23.44:723][  0]LogWindows:    3. 'Intel(R) HD Graphics 4000' (P:0 D:0)
[2017.04.03-23.23.44:723][  0]LogWindows:    4. 'Intel(R) HD Graphics 4000' (P:0 D:0)
[2017.04.03-23.23.44:723][  0]LogWindows:    5. 'Intel(R) HD Graphics 4000' (P:0 D:0)
[2017.04.03-23.23.44:724][  0]LogWindows:    6. 'Intel(R) HD Graphics 4000' (P:0 D:0)
[2017.04.03-23.23.44:724][  0]LogWindows:    7. 'Intel(R) HD Graphics 4000' (P:0 D:0)
[2017.04.03-23.23.44:724][  0]LogWindows:    8. 'Intel(R) HD Graphics 4000' (P:0 D:0)
[2017.04.03-23.23.44:724][  0]LogWindows: DebugString: FoundDriverCount:9 
[2017.04.03-23.23.44:724][  0]LogD3D11RHI:     Adapter Name: Intel(R) HD Graphics 4000
[2017.04.03-23.23.44:724][  0]LogD3D11RHI:   Driver Version: 10.18.10.4358 (internal:10.18.10.4358, unified:10.18.10.4358)
[2017.04.03-23.23.44:724][  0]LogD3D11RHI:      Driver Date: 12-21-2015
[2017.04.03-23.23.44:724][  0]LogRHI: Texture pool is 638 MB (70% of 912 MB)
[2017.04.03-23.23.44:732][  0]LogD3D11RHI: Async texture creation enabled
[2017.04.03-23.23.44:747][  0]LogD3D11RHI: GPU Timing Frequency: 12.500000 (Debug: 2 0)
[2017.04.03-23.23.44:748][  0]LogShaderCompilers: Guid format shader working directory is -36 characters bigger than the processId version (../../../../../../Users/griff_000/Documents/School/CIS 488/TheCursedBlade/Cursed_Blade/Intermediate/Shaders/WorkingDirectory/5400/).
[2017.04.03-23.23.44:748][  0]LogShaderCompilers: Cleaned the shader compiler working directory 'C:/Users/griff_000/AppData/Local/Temp/UnrealShaderWorkingDir/ACE492534891CD7448BD96AB1FCF4BEA/'.
[2017.04.03-23.23.44:748][  0]LogShaderCompilers:Display: Using Local Shader Compiler.
[2017.04.03-23.23.47:060][  0]LogTemp:Display: Loaded TP AllDesktopTargetPlatform
[2017.04.03-23.23.47:182][  0]LogTemp:Display: Loaded TP MacClientTargetPlatform
[2017.04.03-23.23.47:298][  0]LogTemp:Display: Loaded TP MacNoEditorTargetPlatform
[2017.04.03-23.23.47:425][  0]LogTemp:Display: Loaded TP MacServerTargetPlatform
[2017.04.03-23.23.47:544][  0]LogTemp:Display: Loaded TP MacTargetPlatform
[2017.04.03-23.23.47:661][  0]LogTemp:Display: Loaded TP WindowsClientTargetPlatform
[2017.04.03-23.23.47:782][  0]LogTemp:Display: Loaded TP WindowsNoEditorTargetPlatform
[2017.04.03-23.23.47:899][  0]LogTemp:Display: Loaded TP WindowsServerTargetPlatform
[2017.04.03-23.23.48:010][  0]LogTemp:Display: Loaded TP WindowsTargetPlatform
[2017.04.03-23.23.48:125][  0]LogTemp:Display: Loaded TP AndroidTargetPlatform
[2017.04.03-23.23.48:243][  0]LogTemp:Display: Loaded TP Android_ASTCTargetPlatform
[2017.04.03-23.23.48:358][  0]LogTemp:Display: Loaded TP Android_ATCTargetPlatform
[2017.04.03-23.23.48:473][  0]LogTemp:Display: Loaded TP Android_DXTTargetPlatform
[2017.04.03-23.23.48:597][  0]LogTemp:Display: Loaded TP Android_ETC1TargetPlatform
[2017.04.03-23.23.48:711][  0]LogTemp:Display: Loaded TP Android_ETC2TargetPlatform
[2017.04.03-23.23.48:958][  0]LogTemp:Display: Loaded TP Android_MultiTargetPlatform
[2017.04.03-23.23.48:958][  0]LogTemp:Display: Loaded TP Android_PVRTCTargetPlatform
[2017.04.03-23.23.49:054][  0]LogTemp:Display: Loaded TP HTML5TargetPlatform
[2017.04.03-23.23.49:256][  0]LogTemp:Display: Loaded TP IOSTargetPlatform
[2017.04.03-23.23.49:329][  0]LogTemp:Display: Loaded TP TVOSTargetPlatform
[2017.04.03-23.23.49:449][  0]LogTemp:Display: Loaded TP LinuxClientTargetPlatform
[2017.04.03-23.23.49:568][  0]LogTemp:Display: Loaded TP LinuxNoEditorTargetPlatform
[2017.04.03-23.23.49:685][  0]LogTemp:Display: Loaded TP LinuxServerTargetPlatform
[2017.04.03-23.23.49:827][  0]LogTemp:Display: Loaded TP LinuxTargetPlatform
[2017.04.03-23.23.49:827][  0]LogTargetPlatformManager:Display: Building Assets For Windows
[2017.04.03-23.23.50:793][  0]LogDerivedDataCache:Display: Max Cache Size: 512 MB
[2017.04.03-23.23.52:739][  0]LogDerivedDataCache: Loaded boot cache 1.95s 50MB C:/Users/griff_000/AppData/Local/UnrealEngine/4.14/DerivedDataCache/Boot.ddc.
[2017.04.03-23.23.52:740][  0]LogDerivedDataCache:Display: Loaded Boot cache: C:/Users/griff_000/AppData/Local/UnrealEngine/4.14/DerivedDataCache/Boot.ddc
[2017.04.03-23.23.52:740][  0]LogDerivedDataCache: FDerivedDataBackendGraph:  Pak pak cache file ../../../../../../Users/griff_000/Documents/School/CIS 488/TheCursedBlade/Cursed_Blade/DerivedDataCache/DDC.ddp not found, will not use a pak cache.
[2017.04.03-23.23.52:740][  0]LogDerivedDataCache: Unable to find inner node Pak for hierarchical cache Hierarchy.
[2017.04.03-23.23.52:740][  0]LogDerivedDataCache: FDerivedDataBackendGraph:  CompressedPak pak cache file ../../../../../../Users/griff_000/Documents/School/CIS 488/TheCursedBlade/Cursed_Blade/DerivedDataCache/Compressed.ddp not found, will not use a pak cache.
[2017.04.03-23.23.52:740][  0]LogDerivedDataCache: Unable to find inner node CompressedPak for hierarchical cache Hierarchy.
[2017.04.03-23.23.52:764][  0]LogDerivedDataCache:Display: Pak cache opened for reading ../../../Engine/DerivedDataCache/Compressed.ddp.
[2017.04.03-23.23.52:777][  0]LogDerivedDataCache: Using Local data cache path C:/Users/griff_000/AppData/Local/UnrealEngine/Common/DerivedDataCache: Writable
[2017.04.03-23.23.53:257][  0]LogInit: Selected Device Profile: [Windows]
[2017.04.03-23.23.53:262][  0]LogContentStreaming: Texture pool size is 0.00 MB
[2017.04.03-23.23.53:729][  0]LogMeshUtilities: Using QuadricMeshReduction for automatic static mesh reduction
[2017.04.03-23.23.53:836][  0]LogSimplygon: Simplygon DLL not present - disabling.
[2017.04.03-23.23.53:945][  0]LogMeshUtilities: Using SimplygonSwarm for distributed automatic mesh merging
[2017.04.03-23.23.53:945][  0]LogMeshUtilities: No automatic skeletal mesh reduction module available
[2017.04.03-23.23.53:945][  0]LogMeshUtilities: No automatic mesh merging module available
[2017.04.03-23.23.56:852][  0]LogNetVersion: GetLocalNetworkVersion: CL: 3195953, ProjectName: cursed_blade, ProjectVersion: , EngineNetworkVersion: 2, GameNetworkVersion: 0, NetworkChecksum: 3550933385
[2017.04.03-23.23.56:981][  0]LogAssetRegistry: FAssetRegistry took 0.0224 seconds to start up
[2017.04.03-23.23.57:141][  0]LogPackageLocalizationCache: Processed 3 localized package path(s) for 2 prioritized culture(s) in 0.093200 seconds
[2017.04.03-23.23.57:149][  0]LogUObjectArray: 31946 objects as part of root set at end of initial load.
[2017.04.03-23.23.57:149][  0]LogUObjectAllocator: 6935848 out of 0 bytes used by permanent object pool.
[2017.04.03-23.23.57:149][  0]LogUObjectArray: CloseDisregardForGC: 0/0 objects in disregard for GC pool
[2017.04.03-23.23.57:300][  0]LogInit: WinSock: version 1.1 (2.2), MaxSocks=32767, MaxUdp=65467
[2017.04.03-23.23.59:958][  0]LogSlate: Using Freetype 2.6.0
[2017.04.03-23.24.00:039][  0]LogSlate: SlateFontCache - WITH_FREETYPE: 1, WITH_HARFBUZZ: 1
[2017.04.03-23.24.00:039][  0]LogSlate: SlateFontCache - WITH_FREETYPE: 1, WITH_HARFBUZZ: 1
[2017.04.03-23.24.28:184][  0]LogTcpMessaging: Initializing TcpMessaging bridge
[2017.04.03-23.24.28:262][  0]LogUdpMessaging: Initializing bridge on interface 0.0.0.0:0 to multicast group 230.0.0.1:6666.
[2017.04.03-23.24.29:446][  0]LogMaterial: Uniform references updated for custom material expression Custom.
[2017.04.03-23.24.30:545][  0]SourceControl: Info Source control is disabled
[2017.04.03-23.24.30:635][  0]SourceControl: Info Source control is disabled
[2017.04.03-23.24.30:744][  0]SourceControl: Info Source control is disabled
[2017.04.03-23.24.30:853][  0]SourceControl: Info Source control is disabled
[2017.04.03-23.24.34:134][  0]LogEngine: Initializing Engine...
[2017.04.03-23.24.34:134][  0]LogHMD: Failed to initialize OpenVR with code 110
[2017.04.03-23.24.34:911][  0]LogAIModule: Creating AISystem for world Untitled
[2017.04.03-23.24.34:922][  0]LogInit: XAudio2 using 'Speakers (Realtek High Definition Audio)' : 2 channels at 48 kHz using 32 bits per sample (channel mask 0x3)
[2017.04.03-23.24.34:950][  0]LogInit: FAudioDevice initialized.
[2017.04.03-23.24.34:981][  0]LogDerivedDataCache: Saved boot cache 0.03s 50MB C:/Users/griff_000/AppData/Local/UnrealEngine/4.14/DerivedDataCache/Boot.ddc.
[2017.04.03-23.24.34:990][  0]LogInit: Texture streaming: Enabled
[2017.04.03-23.24.35:461][  0]LogInit: Transaction tracking system initialized
[2017.04.03-23.24.36:311][  0]BlueprintLog: New page: Editor Load
[2017.04.03-23.24.38:474][  0]LocalizationService: Info Localization service is disabled
[2017.04.03-23.24.40:418][  0]LogConsoleResponse:Display: 
[2017.04.03-23.24.41:658][  0]LogCook:Display: Max memory allowance for cook 16384mb min free memory 0mb
[2017.04.03-23.24.41:658][  0]LogCook:Display: Mobile HDR setting 1
[2017.04.03-23.24.42:207][  0]LogFileCache: Scanning file cache for directory 'C:/Users/griff_000/Documents/School/CIS 488/TheCursedBlade/Cursed_Blade/Content/' took 0.08s
[2017.04.03-23.24.44:391][  0]SourceControl: Info Source control is disabled
[2017.04.03-23.24.44:391][  0]Cmd: MAP LOAD FILE="../../../../../../Users/griff_000/Documents/School/CIS 488/TheCursedBlade/Cursed_Blade/Content/Levels/MainMenuLevel.umap" TEMPLATE=0 SHOWPROGRESS=1 FEATURELEVEL=3
[2017.04.03-23.24.44:440][  0]LightingResults: New page: Lighting Build
[2017.04.03-23.24.44:537][  0]MapCheck: New page: Map Check
[2017.04.03-23.24.44:537][  0]LightingResults: New page: Lighting Build
[2017.04.03-23.24.51:928][  0]LogAIModule: Creating AISystem for world MainMenuLevel
[2017.04.03-23.24.52:825][  0]LogEditorServer: Finished looking for orphan Actors (0.000 secs)
[2017.04.03-23.24.52:984][  0]Cmd: MAP CHECKDEP NOCLEARLOG
[2017.04.03-23.24.53:090][  0]MapCheck: Info Map check complete: 0 Error(s), 0 Warning(s), took 106.106ms to complete.
[2017.04.03-23.24.53:090][  0]LogFileHelpers: Loading map 'MainMenuLevel' took 8.698
[2017.04.03-23.24.53:324][  0]LogWindowsTextInputMethodSystem:Display: IME system now deactivated.
[2017.04.03-23.24.54:892][  0]LogCollectionManager: Loaded 0 collections in 0.002469 seconds
[2017.04.03-23.24.55:342][  0]LogFileCache: Scanning file cache for directory 'C:/Users/griff_000/Documents/School/CIS 488/TheCursedBlade/Cursed_Blade/Saved/Collections/' took 0.01s
[2017.04.03-23.24.55:342][  0]LogFileCache: Scanning file cache for directory 'C:/Users/griff_000/Documents/School/CIS 488/TheCursedBlade/Cursed_Blade/Content/Developers/griff000/Collections/' took 0.01s
[2017.04.03-23.24.55:342][  0]LogFileCache: Scanning file cache for directory 'C:/Users/griff_000/Documents/School/CIS 488/TheCursedBlade/Cursed_Blade/Content/Collections/' took 0.01s
[2017.04.03-23.24.55:342][  0]LogCollectionManager: Rebuilt the GUID cache for 0 collections in 0.000003 seconds
[2017.04.03-23.24.55:419][  0]LogContentBrowser: Native class hierarchy populated in 0.0462 seconds. Added 2190 classes and 428 folders.
[2017.04.03-23.24.55:632][  0]LogStats: UGameplayTagsManager::ConstructGameplayTagTree: Construct from data asset -  0.000 s
[2017.04.03-23.24.55:633][  0]LogStats: UGameplayTagsManager::ConstructGameplayTagTree: GameplayTagTreeChangedEvent.Broadcast -  0.000 s
[2017.04.03-23.24.55:634][  0]LogContentBrowser: Native class hierarchy updated for 'GameplayTags' in 0.0008 seconds. Added 13 classes and 0 folders.
[2017.04.03-23.24.55:849][  0]LogContentBrowser: Native class hierarchy updated for 'WidgetCarousel' in 0.0006 seconds. Added 0 classes and 0 folders.
[2017.04.03-23.24.58:066][  0]LogContentBrowser: Native class hierarchy updated for 'AddContentDialog' in 0.0007 seconds. Added 0 classes and 0 folders.
[2017.04.03-23.24.58:235][  0]LogContentBrowser: Native class hierarchy updated for 'SceneOutliner' in 0.0008 seconds. Added 1 classes and 2 folders.
[2017.04.03-23.24.59:076][  0]LogCrashTracker: Crashtracker disabled due to settings.
[2017.04.03-23.24.59:252][  0]LogUObjectGlobals:Warning: Failed to find object 'Class None.'
[2017.04.03-23.24.59:418][  0]LogContentBrowser: Native class hierarchy updated for 'HierarchicalLODOutliner' in 0.0007 seconds. Added 1 classes and 2 folders.
[2017.04.03-23.24.59:418][  0]LogLoad: (Engine Initialization) Total time: 78.92 seconds
[2017.04.03-23.24.59:418][  0]LogLoad: (Engine Initialization) Total Blueprint compile time: 1.57 seconds
[2017.04.03-23.24.59:418][  0]LogExternalProfiler: Found external profiler: VSPerf
[2017.04.03-23.24.59:418][  0]LogExternalProfiler: Using external profiler: VSPerf
[2017.04.03-23.24.59:427][  0]LogOcInput: OculusInput pre-init called
[2017.04.03-23.24.59:629][  0]LogContentStreaming: Texture pool size now 400 MB
[2017.04.03-23.25.01:746][  0]LogRenderer: Reallocating scene render targets to support 1116x564 NumSamples 1 (Frame:2).
[2017.04.03-23.25.03:762][  4]LogAssetRegistry: Asset discovery search completed in 66.8031 seconds
[2017.04.03-23.25.03:762][  4]LogCollectionManager: Rebuilt the object cache for 0 collections in 0.000001 seconds (found 0 objects)
[2017.04.03-23.25.03:762][  4]LogCollectionManager: Fixed up redirectors for 0 collections in 0.000020 seconds (updated 0 objects)
[2017.04.03-23.25.21:227][338]LogAIModule: Creating AISystem for world HillsideLevel
[2017.04.03-23.25.21:497][338]Cmd: MAP LOAD FILE="../../../../../../Users/griff_000/Documents/School/CIS 488/TheCursedBlade/Cursed_Blade/Content/Levels/HillsideLevel.umap" TEMPLATE=0 SHOWPROGRESS=1 FEATURELEVEL=3
[2017.04.03-23.25.21:497][338]LightingResults: New page: Lighting Build
[2017.04.03-23.25.21:498][338]LoadErrors: New page: Loading map: HillsideLevel.umap
[2017.04.03-23.25.21:581][338]MapCheck: New page: Map Check
[2017.04.03-23.25.21:582][338]LightingResults: New page: Lighting Build
[2017.04.03-23.25.22:979][338]LogEditorServer: Finished looking for orphan Actors (0.000 secs)
[2017.04.03-23.25.23:045][338]Cmd: MAP CHECKDEP NOCLEARLOG
[2017.04.03-23.25.23:161][338]MapCheck: Info Map check complete: 0 Error(s), 0 Warning(s), took 115.753ms to complete.
[2017.04.03-23.25.23:165][338]LogFileHelpers: Loading map 'HillsideLevel' took 1.669
[2017.04.03-23.25.28:498][443]LogTemp: Repeting last play command: Selected Viewport
[2017.04.03-23.25.28:552][443]LogPlayLevel: PlayLevel: No blueprints needed recompiling
[2017.04.03-23.25.28:658][443]PIE: New page: PIE session: HillsideLevel (Apr 3, 2017, 3:25:28 PM)
[2017.04.03-23.25.28:703][443]LogPlayLevel: Creating play world package: /Game/Levels/UEDPIE_0_HillsideLevel
[2017.04.03-23.25.28:806][443]LogPlayLevel: PIE: StaticDuplicateObject took: (0.103544s)
[2017.04.03-23.25.28:807][443]LogAIModule: Creating AISystem for world HillsideLevel
[2017.04.03-23.25.28:821][443]LogPlayLevel: PIE: World Init took: (0.014224s)
[2017.04.03-23.25.28:828][443]LogPlayLevel: PIE: Created PIE world by copying editor world from /Game/Levels/HillsideLevel.HillsideLevel to /Game/Levels/UEDPIE_0_HillsideLevel.HillsideLevel (0.140715s)
[2017.04.03-23.25.28:872][443]LogInit: XAudio2 using 'Speakers (Realtek High Definition Audio)' : 2 channels at 48 kHz using 32 bits per sample (channel mask 0x3)
[2017.04.03-23.25.28:884][443]LogInit: FAudioDevice initialized.
[2017.04.03-23.25.29:097][443]LogLoad: Game class is 'myGame_C'
[2017.04.03-23.25.29:217][443]LogWorld: Bringing World /Game/Levels/UEDPIE_0_HillsideLevel.HillsideLevel up for play (max tick rate 0) at 2017.04.03-19.25.29
[2017.04.03-23.25.29:277][443]LogWorld: Bringing up level for play took: 0.049516
[2017.04.03-23.25.29:681][443]LogContentBrowser: Native class hierarchy updated for 'MovieSceneCapture' in 0.0008 seconds. Added 11 classes and 0 folders.
[2017.04.03-23.25.30:037][443]PIE: Info Play in editor start time for /Game/Levels/UEDPIE_0_HillsideLevel 0.754
[2017.04.04-13.48.54:992][519]LogRenderer: Reallocating scene render targets to support 1116x588 NumSamples 1 (Frame:3488).
[2017.04.04-15.11.28:315][377]LogEditorViewport: Clicking on Actor (LMB): Landscape (Landscape3)
[2017.04.04-15.12.05:023][973]LogActorFactory: Actor Factory created SM_FlameDungeon_largeRocks
[2017.04.04-15.12.06:446][999]LogActorFactory: Actor Factory created SM_FlameDungeon_largeRocks
[2017.04.04-15.12.14:283][156]Cmd: TRANSACTION UNDO
[2017.04.04-15.12.14:348][156]LogEditorTransaction: Undo Scale Actors
[2017.04.04-15.12.38:103][691]LogTemp: Repeting last play command: Selected Viewport
[2017.04.04-15.12.38:140][691]LogPlayLevel: PlayLevel: No blueprints needed recompiling
[2017.04.04-15.12.38:140][691]PIE: New page: PIE session: HillsideLevel (Apr 4, 2017, 7:12:38 AM)
[2017.04.04-15.12.38:140][691]LogPlayLevel: Creating play world package: /Game/Levels/UEDPIE_0_HillsideLevel
[2017.04.04-15.12.38:216][691]LogPlayLevel: PIE: StaticDuplicateObject took: (0.075357s)
[2017.04.04-15.12.38:217][691]LogAIModule: Creating AISystem for world HillsideLevel
[2017.04.04-15.12.38:217][691]LogPlayLevel: PIE: World Init took: (0.001604s)
[2017.04.04-15.12.38:217][691]LogPlayLevel: PIE: Created PIE world by copying editor world from /Game/Levels/HillsideLevel.HillsideLevel to /Game/Levels/UEDPIE_0_HillsideLevel.HillsideLevel (0.077334s)
[2017.04.04-15.12.38:265][691]LogInit: XAudio2 using 'Speakers (Realtek High Definition Audio)' : 2 channels at 48 kHz using 32 bits per sample (channel mask 0x3)
[2017.04.04-15.12.38:280][691]LogInit: FAudioDevice initialized.
[2017.04.04-15.12.38:395][691]LogLoad: Game class is 'myGame_C'
[2017.04.04-15.12.38:400][691]LogWorld: Bringing World /Game/Levels/UEDPIE_0_HillsideLevel.HillsideLevel up for play (max tick rate 60) at 2017.04.04-11.12.38
[2017.04.04-15.12.38:400][691]LogWorld: Bringing up level for play took: 0.003724
[2017.04.04-15.12.38:406][691]PIE: Info Play in editor start time for /Game/Levels/UEDPIE_0_HillsideLevel 1.151
[2017.04.04-15.13.06:067][640]Cmd: EDIT COPY
[2017.04.04-15.13.06:492][640]Cmd: EDIT PASTE
[2017.04.04-15.13.47:121][614]LogEditorViewport: Clicking on Actor (LMB): StaticMeshActor (SM_Env_Ice_Cliffs_CliffWall_06a11)
[2017.04.04-15.13.50:568][693]Cmd: EDIT COPY
[2017.04.04-15.13.50:777][698]Cmd: EDIT PASTE
[2017.04.04-15.14.44:389][941]LogTemp: Repeting last play command: Selected Viewport
[2017.04.04-15.14.44:416][941]LogPlayLevel: PlayLevel: No blueprints needed recompiling
[2017.04.04-15.14.44:416][941]PIE: New page: PIE session: HillsideLevel (Apr 4, 2017, 7:14:44 AM)
[2017.04.04-15.14.44:416][941]LogPlayLevel: Creating play world package: /Game/Levels/UEDPIE_0_HillsideLevel
[2017.04.04-15.14.44:453][941]LogPlayLevel: PIE: StaticDuplicateObject took: (0.036957s)
[2017.04.04-15.14.44:454][941]LogAIModule: Creating AISystem for world HillsideLevel
[2017.04.04-15.14.44:454][941]LogPlayLevel: PIE: World Init took: (0.000879s)
[2017.04.04-15.14.44:454][941]LogPlayLevel: PIE: Created PIE world by copying editor world from /Game/Levels/HillsideLevel.HillsideLevel to /Game/Levels/UEDPIE_0_HillsideLevel.HillsideLevel (0.038145s)
[2017.04.04-15.14.44:516][941]LogInit: XAudio2 using 'Speakers (Realtek High Definition Audio)' : 2 channels at 48 kHz using 32 bits per sample (channel mask 0x3)
[2017.04.04-15.14.44:527][941]LogInit: FAudioDevice initialized.
[2017.04.04-15.14.44:560][941]LogLoad: Game class is 'myGame_C'
[2017.04.04-15.14.44:564][941]LogWorld: Bringing World /Game/Levels/UEDPIE_0_HillsideLevel.HillsideLevel up for play (max tick rate 60) at 2017.04.04-11.14.44
[2017.04.04-15.14.44:565][941]LogWorld: Bringing up level for play took: 0.003618
[2017.04.04-15.14.44:569][941]PIE: Info Play in editor start time for /Game/Levels/UEDPIE_0_HillsideLevel -0.686
[2017.04.04-15.15.10:871][ 56]LogEditorViewport: Clicking on Actor (LMB): StaticMeshActor (SM_Env_Ice_Cliffs_CliffWall_06a13)
[2017.04.04-15.15.22:995][342]LogEditorViewport: Clicking on Actor (LMB): StaticMeshActor (SM_FlameDungeon_largeRocks14)
[2017.04.04-15.15.24:115][370]Cmd: EDIT COPY
[2017.04.04-15.15.24:274][374]Cmd: EDIT PASTE
[2017.04.04-15.15.40:668][742]LogTemp: Repeting last play command: Selected Viewport
[2017.04.04-15.15.40:695][742]LogPlayLevel: PlayLevel: No blueprints needed recompiling
[2017.04.04-15.15.40:695][742]PIE: New page: PIE session: HillsideLevel (Apr 4, 2017, 7:15:40 AM)
[2017.04.04-15.15.40:695][742]LogPlayLevel: Creating play world package: /Game/Levels/UEDPIE_0_HillsideLevel
[2017.04.04-15.15.40:731][742]LogPlayLevel: PIE: StaticDuplicateObject took: (0.035959s)
[2017.04.04-15.15.40:732][742]LogAIModule: Creating AISystem for world HillsideLevel
[2017.04.04-15.15.40:732][742]LogPlayLevel: PIE: World Init took: (0.000922s)
[2017.04.04-15.15.40:732][742]LogPlayLevel: PIE: Created PIE world by copying editor world from /Game/Levels/HillsideLevel.HillsideLevel to /Game/Levels/UEDPIE_0_HillsideLevel.HillsideLevel (0.037189s)
[2017.04.04-15.15.40:750][742]LogInit: XAudio2 using 'Speakers (Realtek High Definition Audio)' : 2 channels at 48 kHz using 32 bits per sample (channel mask 0x3)
[2017.04.04-15.15.40:762][742]LogInit: FAudioDevice initialized.
[2017.04.04-15.15.40:792][742]LogLoad: Game class is 'myGame_C'
[2017.04.04-15.15.40:797][742]LogWorld: Bringing World /Game/Levels/UEDPIE_0_HillsideLevel.HillsideLevel up for play (max tick rate 60) at 2017.04.04-11.15.40
[2017.04.04-15.15.40:797][742]LogWorld: Bringing up level for play took: 0.003589
[2017.04.04-15.15.40:801][742]PIE: Info Play in editor start time for /Game/Levels/UEDPIE_0_HillsideLevel -0.454
[2017.04.04-15.15.49:849][218]LogEditorViewport: Clicking on Actor (LMB): StaticMeshActor (SM_Env_Ice_Cliffs_CliffWall_06a11)
[2017.04.04-15.15.51:141][247]Cmd: DELETE
[2017.04.04-15.15.51:141][247]Cmd: ACTOR DELETE
[2017.04.04-15.15.51:195][247]LogEditorActor: Deleted Actor: StaticMeshActor
[2017.04.04-15.15.51:207][247]LogEditorActor: Deleted 1 Actors (0.055 secs)
[2017.04.04-15.15.52:739][289]LogTemp: Repeting last play command: Selected Viewport
[2017.04.04-15.15.52:767][289]LogPlayLevel: PlayLevel: No blueprints needed recompiling
[2017.04.04-15.15.52:767][289]PIE: New page: PIE session: HillsideLevel (Apr 4, 2017, 7:15:52 AM)
[2017.04.04-15.15.52:767][289]LogPlayLevel: Creating play world package: /Game/Levels/UEDPIE_0_HillsideLevel
[2017.04.04-15.15.52:800][289]LogPlayLevel: PIE: StaticDuplicateObject took: (0.033465s)
[2017.04.04-15.15.52:801][289]LogAIModule: Creating AISystem for world HillsideLevel
[2017.04.04-15.15.52:801][289]LogPlayLevel: PIE: World Init took: (0.000752s)
[2017.04.04-15.15.52:801][289]LogPlayLevel: PIE: Created PIE world by copying editor world from /Game/Levels/HillsideLevel.HillsideLevel to /Game/Levels/UEDPIE_0_HillsideLevel.HillsideLevel (0.034515s)
[2017.04.04-15.15.52:817][289]LogInit: XAudio2 using 'Speakers (Realtek High Definition Audio)' : 2 channels at 48 kHz using 32 bits per sample (channel mask 0x3)
[2017.04.04-15.15.52:827][289]LogInit: FAudioDevice initialized.
[2017.04.04-15.15.52:859][289]LogLoad: Game class is 'myGame_C'
[2017.04.04-15.15.52:863][289]LogWorld: Bringing World /Game/Levels/UEDPIE_0_HillsideLevel.HillsideLevel up for play (max tick rate 60) at 2017.04.04-11.15.52
[2017.04.04-15.15.52:864][289]LogWorld: Bringing up level for play took: 0.003710
[2017.04.04-15.15.52:867][289]PIE: Info Play in editor start time for /Game/Levels/UEDPIE_0_HillsideLevel -0.388
[2017.04.04-15.16.09:969][ 56]LogEditorViewport: Clicking on Actor (LMB): StaticMeshActor (SM_FlameDungeon_largeRocks15)
[2017.04.04-15.17.03:495][377]LogActorFactory: Actor Factory created SM_Ice_Fort_Brazier_1_Glow
[2017.04.04-15.17.04:818][414]LogActorFactory: Actor Factory created SM_Ice_Fort_Brazier_1_Glow
[2017.04.04-15.17.16:816][764]LogActorFactory: Actor Factory created SM_Ice_Fort_Brazier_2
[2017.04.04-15.17.17:549][786]LogActorFactory: Actor Factory created SM_Ice_Fort_Brazier_2
[2017.04.04-15.17.23:365][960]LogEditorViewport: Clicking on Actor (LMB): Landscape (Landscape3)
[2017.04.04-15.17.33:223][156]LogEditorViewport: Clicking on Actor (LMB): StaticMeshActor (SM_Ice_Fort_Brazier_1_Glow)
[2017.04.04-15.17.34:427][190]Cmd: DELETE
[2017.04.04-15.17.34:427][190]Cmd: ACTOR DELETE
[2017.04.04-15.17.34:428][190]LogEditorActor: Deleted Actor: StaticMeshActor
[2017.04.04-15.17.34:474][190]LogEditorActor: Deleted 1 Actors (0.047 secs)
[2017.04.04-15.17.35:138][211]LogEditorViewport: Clicking on Actor (LMB): StaticMeshActor (SM_Ice_Fort_Brazier_2)
[2017.04.04-15.17.44:827][494]Cmd: EDIT COPY
[2017.04.04-15.17.45:013][499]Cmd: EDIT PASTE
[2017.04.04-15.17.51:678][697]LogTemp: Repeting last play command: Selected Viewport
[2017.04.04-15.17.51:705][697]LogPlayLevel: PlayLevel: No blueprints needed recompiling
[2017.04.04-15.17.51:705][697]PIE: New page: PIE session: HillsideLevel (Apr 4, 2017, 7:17:51 AM)
[2017.04.04-15.17.51:705][697]LogPlayLevel: Creating play world package: /Game/Levels/UEDPIE_0_HillsideLevel
[2017.04.04-15.17.51:740][697]LogPlayLevel: PIE: StaticDuplicateObject took: (0.035037s)
[2017.04.04-15.17.51:742][697]LogAIModule: Creating AISystem for world HillsideLevel
[2017.04.04-15.17.51:742][697]LogPlayLevel: PIE: World Init took: (0.001555s)
[2017.04.04-15.17.51:742][697]LogPlayLevel: PIE: Created PIE world by copying editor world from /Game/Levels/HillsideLevel.HillsideLevel to /Game/Levels/UEDPIE_0_HillsideLevel.HillsideLevel (0.037076s)
[2017.04.04-15.17.51:757][697]LogInit: XAudio2 using 'Speakers (Realtek High Definition Audio)' : 2 channels at 48 kHz using 32 bits per sample (channel mask 0x3)
[2017.04.04-15.17.51:767][697]LogInit: FAudioDevice initialized.
[2017.04.04-15.17.51:801][697]LogLoad: Game class is 'myGame_C'
[2017.04.04-15.17.51:806][697]LogWorld: Bringing World /Game/Levels/UEDPIE_0_HillsideLevel.HillsideLevel up for play (max tick rate 60) at 2017.04.04-11.17.51
[2017.04.04-15.17.51:806][697]LogWorld: Bringing up level for play took: 0.003726
[2017.04.04-15.17.51:818][697]PIE: Info Play in editor start time for /Game/Levels/UEDPIE_0_HillsideLevel 0.564
[2017.04.04-15.18.14:084][685]LogSavePackage: Save=1038.50ms
[2017.04.04-15.18.14:084][685]LogSavePackage: Moving '../../../../../../Users/griff_000/Documents/School/CIS 488/TheCursedBlade/Cursed_Blade/Saved/HillsideLevelD01092BB4A1E96A035D417BEBEBE40E9.tmp' to '../../../../../../Users/griff_000/Documents/School/CIS 488/TheCursedBlade/Cursed_Blade/Content/Levels/HillsideLevel.umap'
[2017.04.04-15.18.14:298][685]LogSavePackage:Display: Finished SavePackage ../../../../../../Users/griff_000/Documents/School/CIS 488/TheCursedBlade/Cursed_Blade/Content/Levels/HillsideLevel.umap
[2017.04.04-15.18.45:557][921]LogPackageName:Warning: String asset reference "Env_Ice_RuinedWalls001" is in short form, which is unsupported and -- even if valid -- resolving it will be really slow. Please consider resaving package in order to speed-up loading.
[2017.04.04-15.18.50:796][921]LogPackageName: SearchForPackageOnDisk took   5.149s, but failed to resolve Env_Ice_RuinedWalls001.
[2017.04.04-15.18.50:796][921]LogPackageName:Warning: String asset reference "Env_Ice_RuinedWalls001" could not be resolved.
[2017.04.04-15.18.52:697][921]LogPackageName:Warning: String asset reference "Env_Ice_Rocky.Mesh.Env_Ice_NordHeed01" is in short form, which is unsupported and -- even if valid -- resolving it will be really slow. Please consider resaving package in order to speed-up loading.
[2017.04.04-15.18.52:851][921]LogPackageName: SearchForPackageOnDisk took   0.154s, but failed to resolve Env_Ice_Rocky.
[2017.04.04-15.18.52:851][921]LogPackageName:Warning: String asset reference "Env_Ice_Rocky.Mesh.Env_Ice_NordHeed01" could not be resolved.
[2017.04.04-15.18.52:953][921]LogPackageName:Warning: String asset reference "Env_Ice_Rocky.Mesh.Env_Ice_MelancholicTroll01" is in short form, which is unsupported and -- even if valid -- resolving it will be really slow. Please consider resaving package in order to speed-up loading.
[2017.04.04-15.18.53:103][921]LogPackageName: SearchForPackageOnDisk took   0.150s, but failed to resolve Env_Ice_Rocky.
[2017.04.04-15.18.53:103][921]LogPackageName:Warning: String asset reference "Env_Ice_Rocky.Mesh.Env_Ice_MelancholicTroll01" could not be resolved.
[2017.04.04-15.18.53:351][921]LogPackageName:Warning: String asset reference "Exo_Deco01.SM.Mesh.WoodenBarrel_Intact" is in short form, which is unsupported and -- even if valid -- resolving it will be really slow. Please consider resaving package in order to speed-up loading.
[2017.04.04-15.18.53:506][921]LogPackageName: SearchForPackageOnDisk took   0.155s, but failed to resolve Exo_Deco01.
[2017.04.04-15.18.53:506][921]LogPackageName:Warning: String asset reference "Exo_Deco01.SM.Mesh.WoodenBarrel_Intact" could not be resolved.
[2017.04.04-15.19.16:604][921]LogAIModule: Creating AISystem for world TombLevel
[2017.04.04-15.19.16:925][921]Cmd: MAP LOAD FILE="../../../../../../Users/griff_000/Documents/School/CIS 488/TheCursedBlade/Cursed_Blade/Content/Levels/TombLevel.umap" TEMPLATE=0 SHOWPROGRESS=1 FEATURELEVEL=3
[2017.04.04-15.19.16:925][921]LightingResults: New page: Lighting Build
[2017.04.04-15.19.16:926][921]LoadErrors: New page: Loading map: TombLevel.umap
[2017.04.04-15.19.16:932][921]MapCheck: New page: Map Check
[2017.04.04-15.19.16:932][921]LightingResults: New page: Lighting Build
[2017.04.04-15.19.17:518][921]LogEditorServer: Finished looking for orphan Actors (0.000 secs)
[2017.04.04-15.19.17:643][921]Cmd: MAP CHECKDEP NOCLEARLOG
[2017.04.04-15.19.23:848][921]MapCheck: Info Map check complete: 0 Error(s), 0 Warning(s), took 6,204.714ms to complete.
[2017.04.04-15.19.23:849][921]LogFileHelpers: Loading map 'TombLevel' took 6.927
[2017.04.04-15.19.42:631][ 80]LogEditorViewport: Clicking on Actor (LMB): Emitter (P_Fire_Torch_2)
[2017.04.04-15.20.32:027][ 71]LogTemp: Repeting last play command: Selected Viewport
[2017.04.04-15.20.32:122][ 71]LogBlueprintUserMessages: Early PlayInEditor Detection: Level '/Game/Levels/TombLevel.TombLevel:PersistentLevel' has LevelScriptBlueprint '/Game/Levels/TombLevel.TombLevel:PersistentLevel.TombLevel' with GeneratedClass '/Game/Levels/TombLevel.TombLevel_C' with ClassGeneratedBy '/Game/Levels/TombLevel.TombLevel:PersistentLevel.TombLevel'
[2017.04.04-15.20.32:122][ 71]LogPlayLevel: PlayLevel: No blueprints needed recompiling
[2017.04.04-15.20.32:122][ 71]PIE: New page: PIE session: TombLevel (Apr 4, 2017, 7:20:32 AM)
[2017.04.04-15.20.32:123][ 71]LogPlayLevel: Creating play world package: /Game/Levels/UEDPIE_0_TombLevel
[2017.04.04-15.20.32:329][ 71]LogPlayLevel: PIE: StaticDuplicateObject took: (0.206490s)
[2017.04.04-15.20.32:330][ 71]LogAIModule: Creating AISystem for world TombLevel
[2017.04.04-15.20.32:330][ 71]LogPlayLevel: PIE: World Init took: (0.000985s)
[2017.04.04-15.20.32:331][ 71]LogPlayLevel: PIE: Created PIE world by copying editor world from /Game/Levels/TombLevel.TombLevel to /Game/Levels/UEDPIE_0_TombLevel.TombLevel (0.208323s)
[2017.04.04-15.20.32:354][ 71]LogInit: XAudio2 using 'Speakers (Realtek High Definition Audio)' : 2 channels at 48 kHz using 32 bits per sample (channel mask 0x3)
[2017.04.04-15.20.32:366][ 71]LogInit: FAudioDevice initialized.
[2017.04.04-15.20.32:413][ 71]LogLoad: Game class is 'myGame_C'
[2017.04.04-15.20.32:454][ 71]LogWorld: Bringing World /Game/Levels/UEDPIE_0_TombLevel.TombLevel up for play (max tick rate 60) at 2017.04.04-11.20.32
[2017.04.04-15.20.32:580][ 71]LogWorld: Bringing up level for play took: 0.165742
[2017.04.04-15.20.32:594][ 71]PIE: Info Play in editor start time for /Game/Levels/UEDPIE_0_TombLevel 1.339
[2017.04.04-15.20.32:594][ 71]LogBlueprintUserMessages: Late PlayInEditor Detection: Level '/Game/Levels/TombLevel.TombLevel:PersistentLevel' has LevelScriptBlueprint '/Game/Levels/TombLevel.TombLevel:PersistentLevel.TombLevel' with GeneratedClass '/Game/Levels/TombLevel.TombLevel_C' with ClassGeneratedBy '/Game/Levels/TombLevel.TombLevel:PersistentLevel.TombLevel'
[2017.04.04-15.21.52:506][733]LogCharacterMovement: Enemy_AI7_226 is stuck and failed to move! Velocity: X=167.14 Y=-109.47 Z=0.00 Location: X=-14197.78 Y=-22175.96 Z=2598.34 Normal: X=0.14 Y=0.61 Z=-0.78 PenetrationDepth:9.598 Actor:characterBP_C_0 Component:StaticMesh BoneName:None (0 other events since notify)
[2017.04.04-15.22.10:369][590]LogBlueprintUserMessages: Early EndPlayMap Detection: Level '/Game/Levels/TombLevel.TombLevel:PersistentLevel' has LevelScriptBlueprint '/Game/Levels/TombLevel.TombLevel:PersistentLevel.TombLevel' with GeneratedClass '/Game/Levels/TombLevel.TombLevel_C' with ClassGeneratedBy '/Game/Levels/TombLevel.TombLevel:PersistentLevel.TombLevel'
[2017.04.04-15.22.10:548][590]LogBlueprintUserMessages: Late EndPlayMap Detection: Level '/Game/Levels/TombLevel.TombLevel:PersistentLevel' has LevelScriptBlueprint '/Game/Levels/TombLevel.TombLevel:PersistentLevel.TombLevel' with GeneratedClass '/Game/Levels/TombLevel.TombLevel_C' with ClassGeneratedBy '/Game/Levels/TombLevel.TombLevel:PersistentLevel.TombLevel'
[2017.04.04-15.22.15:635][674]LogAIModule: Creating AISystem for world HillsideLevel
[2017.04.04-15.22.15:665][674]Cmd: MAP LOAD FILE="../../../../../../Users/griff_000/Documents/School/CIS 488/TheCursedBlade/Cursed_Blade/Content/Levels/HillsideLevel.umap" TEMPLATE=0 SHOWPROGRESS=1 FEATURELEVEL=3
[2017.04.04-15.22.15:665][674]LightingResults: New page: Lighting Build
[2017.04.04-15.22.15:666][674]LoadErrors: New page: Loading map: HillsideLevel.umap
[2017.04.04-15.22.15:684][674]MapCheck: New page: Map Check
[2017.04.04-15.22.15:684][674]LightingResults: New page: Lighting Build
[2017.04.04-15.22.16:584][674]LogEditorServer: Finished looking for orphan Actors (0.000 secs)
[2017.04.04-15.22.16:629][674]Cmd: MAP CHECKDEP NOCLEARLOG
[2017.04.04-15.22.16:873][674]MapCheck: Info Map check complete: 0 Error(s), 0 Warning(s), took 243.529ms to complete.
[2017.04.04-15.22.16:886][674]LogFileHelpers: Loading map 'HillsideLevel' took 1.221
[2017.04.04-15.22.38:558][214]LogTexture:Display: Building textures: Texture2D_2 (G8)
[2017.04.04-15.23.39:749][564]LogEditorViewport: Clicking on Actor (context menu): StaticMeshActor (SM_FlameDungeon_largeRocks15)
[2017.04.04-15.24.45:776][923]LogTemp: Repeting last play command: Selected Viewport
[2017.04.04-15.24.45:806][923]LogPlayLevel: PlayLevel: No blueprints needed recompiling
[2017.04.04-15.24.45:806][923]PIE: New page: PIE session: HillsideLevel (Apr 4, 2017, 7:24:45 AM)
[2017.04.04-15.24.45:807][923]LogPlayLevel: Creating play world package: /Game/Levels/UEDPIE_0_HillsideLevel
[2017.04.04-15.24.45:881][923]LogPlayLevel: PIE: StaticDuplicateObject took: (0.074219s)
[2017.04.04-15.24.45:881][923]LogAIModule: Creating AISystem for world HillsideLevel
[2017.04.04-15.24.45:882][923]LogPlayLevel: PIE: World Init took: (0.000941s)
[2017.04.04-15.24.45:882][923]LogPlayLevel: PIE: Created PIE world by copying editor world from /Game/Levels/HillsideLevel.HillsideLevel to /Game/Levels/UEDPIE_0_HillsideLevel.HillsideLevel (0.075486s)
[2017.04.04-15.24.45:902][923]LogInit: XAudio2 using 'Speakers (Realtek High Definition Audio)' : 2 channels at 48 kHz using 32 bits per sample (channel mask 0x3)
[2017.04.04-15.24.45:913][923]LogInit: FAudioDevice initialized.
[2017.04.04-15.24.45:948][923]LogLoad: Game class is 'myGame_C'
[2017.04.04-15.24.45:952][923]LogWorld: Bringing World /Game/Levels/UEDPIE_0_HillsideLevel.HillsideLevel up for play (max tick rate 60) at 2017.04.04-11.24.45
[2017.04.04-15.24.45:953][923]LogWorld: Bringing up level for play took: 0.003897
[2017.04.04-15.24.45:957][923]PIE: Info Play in editor start time for /Game/Levels/UEDPIE_0_HillsideLevel 0.702
[2017.04.04-15.25.43:987][  7]LogTexture:Display: Building textures: Texture2D_21 (BGRA8)
[2017.04.04-15.25.44:003][  7]LogTexture:Display: Building textures: Texture2D_22 (BGRA8)
[2017.04.04-15.25.44:022][  7]LogTexture:Display: Building textures: Texture2D_23 (BGRA8)
[2017.04.04-15.25.44:036][  7]LogTexture:Display: Building textures: Texture2D_24 (BGRA8)
[2017.04.04-15.25.52:369][171]LogEditorViewport: Clicking on Actor (LMB): Emitter (P_Fire_Torch_01)
[2017.04.04-15.25.58:555][293]LogEditorViewport: Clicking on Actor (LMB): Emitter (P_Fire_Torch_01)
[2017.04.04-15.26.40:722][176]LogTemp: Repeting last play command: Selected Viewport
[2017.04.04-15.26.40:749][176]LogPlayLevel: PlayLevel: No blueprints needed recompiling
[2017.04.04-15.26.40:749][176]PIE: New page: PIE session: HillsideLevel (Apr 4, 2017, 7:26:40 AM)
[2017.04.04-15.26.40:750][176]LogPlayLevel: Creating play world package: /Game/Levels/UEDPIE_0_HillsideLevel
[2017.04.04-15.26.40:828][176]LogPlayLevel: PIE: StaticDuplicateObject took: (0.078686s)
[2017.04.04-15.26.40:844][176]LogAIModule: Creating AISystem for world HillsideLevel
[2017.04.04-15.26.40:844][176]LogPlayLevel: PIE: World Init took: (0.015759s)
[2017.04.04-15.26.40:845][176]LogPlayLevel: PIE: Created PIE world by copying editor world from /Game/Levels/HillsideLevel.HillsideLevel to /Game/Levels/UEDPIE_0_HillsideLevel.HillsideLevel (0.094746s)
[2017.04.04-15.26.40:859][176]LogInit: XAudio2 using 'Speakers (Realtek High Definition Audio)' : 2 channels at 48 kHz using 32 bits per sample (channel mask 0x3)
[2017.04.04-15.26.40:870][176]LogInit: FAudioDevice initialized.
[2017.04.04-15.26.40:901][176]LogLoad: Game class is 'myGame_C'
[2017.04.04-15.26.40:906][176]LogWorld: Bringing World /Game/Levels/UEDPIE_0_HillsideLevel.HillsideLevel up for play (max tick rate 60) at 2017.04.04-11.26.40
[2017.04.04-15.26.40:906][176]LogWorld: Bringing up level for play took: 0.003977
[2017.04.04-15.26.40:910][176]PIE: Info Play in editor start time for /Game/Levels/UEDPIE_0_HillsideLevel -0.345
[2017.04.04-15.27.20:719][286]LogEditorViewport: Clicking on Actor (LMB): Emitter (P_Fire_Torch_01)
[2017.04.04-15.27.21:499][300]LogEditorViewport: Clicking on Actor (LMB): Emitter (P_Fire_Torch_01)
[2017.04.04-15.27.22:057][311]LogEditorViewport: Clicking on Actor (LMB): Emitter (P_Fire_Torch_01)
[2017.04.04-15.27.22:234][311]LogEditorViewport: Clicking on Component (LMB): ParticleSystemComponent (ParticleSystemComponent0)
[2017.04.04-15.27.25:688][382]LogEditorViewport: Clicking on Component (context menu): ParticleSystemComponent (ParticleSystemComponent0)
[2017.04.04-15.27.29:181][450]Cmd: CAMERA ALIGN ACTIVEVIEWPORTONLY
[2017.04.04-15.27.36:204][593]LogEditorViewport: Clicking on Component (LMB): ParticleSystemComponent (ParticleSystemComponent0)
[2017.04.04-15.27.36:679][602]LogEditorViewport: Clicking on Component (context menu): ParticleSystemComponent (ParticleSystemComponent0)
[2017.04.04-15.27.43:288][745]LogEditorViewport: Clicking on Actor (LMB): Landscape (Landscape3)
[2017.04.04-15.27.44:760][776]Cmd: TRANSACTION UNDO
[2017.04.04-15.27.44:760][776]LogEditorTransaction: Undo Clicking on Actors
[2017.04.04-15.27.49:898][932]LogEditorActor: Deleted Actor: Emitter
[2017.04.04-15.27.49:916][932]LogEditorActor: Deleted 1 Actors (0.018 secs)
[2017.04.04-15.28.10:946][563]LogEditorViewport: Clicking on Actor (LMB): Landscape (Landscape3)
[2017.04.04-15.28.17:146][707]LogEditorViewport: Clicking on Actor (LMB): Emitter (P_Fire_Torch_01)
[2017.04.04-15.28.37:710][318]LogEditorViewport: Clicking on Actor (LMB): Landscape (Landscape3)
[2017.04.04-15.28.38:847][342]LogEditorViewport: Clicking on Actor (LMB): StaticMeshActor (SM_Ice_Fort_Brazier_3)
[2017.04.04-15.28.39:849][369]Cmd: DELETE
[2017.04.04-15.28.39:849][369]Cmd: ACTOR DELETE
[2017.04.04-15.28.39:850][369]LogEditorActor: Deleted Actor: StaticMeshActor
[2017.04.04-15.28.39:899][369]LogEditorActor: Deleted 1 Actors (0.050 secs)
[2017.04.04-15.28.41:037][405]LogEditorViewport: Clicking on Actor (LMB): Emitter (P_Fire_Torch_01)
[2017.04.04-15.28.52:738][739]LogEditorViewport: Clicking on Actor (LMB): StaticMeshActor (SM_Ice_Fort_Brazier_2)
[2017.04.04-15.33.14:413][443]LogSavePackage: Save=185.85ms
[2017.04.04-15.33.14:413][443]LogSavePackage: Moving '../../../../../../Users/griff_000/Documents/School/CIS 488/TheCursedBlade/Cursed_Blade/Saved/HillsideLevel_Auto1B22AA7064EEA37CEB37251907DAF8CEC.tmp' to '../../../../../../Users/griff_000/Documents/School/CIS 488/TheCursedBlade/Cursed_Blade/Saved/Autosaves/Game/Levels/HillsideLevel_Auto1.umap'
[2017.04.04-15.33.14:416][443]LogSavePackage:Display: Finished SavePackage ../../../../../../Users/griff_000/Documents/School/CIS 488/TheCursedBlade/Cursed_Blade/Saved/Autosaves/Game/Levels/HillsideLevel_Auto1.umap
[2017.04.04-15.33.14:451][443]LogFileHelpers: Editor autosave (incl. sublevels) for '/Game/Levels/HillsideLevel' took 0.278
[2017.04.04-15.33.14:451][443]LogFileHelpers: Editor autosave (incl. sublevels) for all levels took 0.278
[2017.04.04-16.43.37:424][886]LogTemp: Repeting last play command: Selected Viewport
[2017.04.04-16.43.37:630][886]LogPlayLevel: PlayLevel: No blueprints needed recompiling
[2017.04.04-16.43.37:631][886]PIE: New page: PIE session: HillsideLevel (Apr 4, 2017, 8:43:37 AM)
[2017.04.04-16.43.37:632][886]LogPlayLevel: Creating play world package: /Game/Levels/UEDPIE_0_HillsideLevel
[2017.04.04-16.43.37:702][886]LogPlayLevel: PIE: StaticDuplicateObject took: (0.069387s)
[2017.04.04-16.43.37:706][886]LogAIModule: Creating AISystem for world HillsideLevel
[2017.04.04-16.43.37:707][886]LogPlayLevel: PIE: World Init took: (0.005516s)
[2017.04.04-16.43.37:708][886]LogPlayLevel: PIE: Created PIE world by copying editor world from /Game/Levels/HillsideLevel.HillsideLevel to /Game/Levels/UEDPIE_0_HillsideLevel.HillsideLevel (0.076697s)
[2017.04.04-16.43.37:765][886]LogInit: XAudio2 using 'Speakers (Realtek High Definition Audio)' : 2 channels at 48 kHz using 32 bits per sample (channel mask 0x3)
[2017.04.04-16.43.37:780][886]LogInit: FAudioDevice initialized.
[2017.04.04-16.43.37:810][886]LogLoad: Game class is 'myGame_C'
[2017.04.04-16.43.37:818][886]LogWorld: Bringing World /Game/Levels/UEDPIE_0_HillsideLevel.HillsideLevel up for play (max tick rate 60) at 2017.04.04-12.43.37
[2017.04.04-16.43.37:818][886]LogWorld: Bringing up level for play took: 0.006405
[2017.04.04-16.43.37:827][886]PIE: Info Play in editor start time for /Game/Levels/UEDPIE_0_HillsideLevel 0.572
[2017.04.04-16.44.42:849][196]LogTemp: Repeting last play command: Selected Viewport
[2017.04.04-16.44.42:877][196]LogPlayLevel: PlayLevel: No blueprints needed recompiling
[2017.04.04-16.44.42:878][196]PIE: New page: PIE session: HillsideLevel (Apr 4, 2017, 8:44:42 AM)
[2017.04.04-16.44.42:878][196]LogPlayLevel: Creating play world package: /Game/Levels/UEDPIE_0_HillsideLevel
[2017.04.04-16.44.42:913][196]LogPlayLevel: PIE: StaticDuplicateObject took: (0.034984s)
[2017.04.04-16.44.42:914][196]LogAIModule: Creating AISystem for world HillsideLevel
[2017.04.04-16.44.42:914][196]LogPlayLevel: PIE: World Init took: (0.000891s)
[2017.04.04-16.44.42:914][196]LogPlayLevel: PIE: Created PIE world by copying editor world from /Game/Levels/HillsideLevel.HillsideLevel to /Game/Levels/UEDPIE_0_HillsideLevel.HillsideLevel (0.036187s)
[2017.04.04-16.44.42:934][196]LogInit: XAudio2 using 'Speakers (Realtek High Definition Audio)' : 2 channels at 48 kHz using 32 bits per sample (channel mask 0x3)
[2017.04.04-16.44.42:945][196]LogInit: FAudioDevice initialized.
[2017.04.04-16.44.42:979][196]LogLoad: Game class is 'myGame_C'
[2017.04.04-16.44.42:984][196]LogWorld: Bringing World /Game/Levels/UEDPIE_0_HillsideLevel.HillsideLevel up for play (max tick rate 60) at 2017.04.04-12.44.42
[2017.04.04-16.44.42:984][196]LogWorld: Bringing up level for play took: 0.003730
[2017.04.04-16.44.42:988][196]PIE: Info Play in editor start time for /Game/Levels/UEDPIE_0_HillsideLevel -0.266
[2017.04.04-16.45.08:531][443]LogEditorViewport: Clicking on Actor (LMB): StaticMeshActor (SM_FlameDungeon_largeRocks15)
[2017.04.04-16.45.09:808][468]Cmd: EDIT COPY
[2017.04.04-16.45.10:129][476]Cmd: EDIT PASTE
[2017.04.04-16.45.51:178][458]Cmd: EDIT COPY
[2017.04.04-16.45.51:338][462]Cmd: EDIT PASTE
[2017.04.04-16.46.13:038][973]LogTemp: Repeting last play command: Selected Viewport
[2017.04.04-16.46.13:066][973]LogPlayLevel: PlayLevel: No blueprints needed recompiling
[2017.04.04-16.46.13:066][973]PIE: New page: PIE session: HillsideLevel (Apr 4, 2017, 8:46:13 AM)
[2017.04.04-16.46.13:066][973]LogPlayLevel: Creating play world package: /Game/Levels/UEDPIE_0_HillsideLevel
[2017.04.04-16.46.13:099][973]LogPlayLevel: PIE: StaticDuplicateObject took: (0.033060s)
[2017.04.04-16.46.13:100][973]LogAIModule: Creating AISystem for world HillsideLevel
[2017.04.04-16.46.13:100][973]LogPlayLevel: PIE: World Init took: (0.001020s)
[2017.04.04-16.46.13:101][973]LogPlayLevel: PIE: Created PIE world by copying editor world from /Game/Levels/HillsideLevel.HillsideLevel to /Game/Levels/UEDPIE_0_HillsideLevel.HillsideLevel (0.034574s)
[2017.04.04-16.46.13:123][973]LogInit: XAudio2 using 'Speakers (Realtek High Definition Audio)' : 2 channels at 48 kHz using 32 bits per sample (channel mask 0x3)
[2017.04.04-16.46.13:133][973]LogInit: FAudioDevice initialized.
[2017.04.04-16.46.13:168][973]LogLoad: Game class is 'myGame_C'
[2017.04.04-16.46.13:173][973]LogWorld: Bringing World /Game/Levels/UEDPIE_0_HillsideLevel.HillsideLevel up for play (max tick rate 60) at 2017.04.04-12.46.13
[2017.04.04-16.46.13:174][973]LogWorld: Bringing up level for play took: 0.003900
[2017.04.04-16.46.13:178][973]PIE: Info Play in editor start time for /Game/Levels/UEDPIE_0_HillsideLevel -0.077
[2017.04.04-16.47.20:684][352]LogSavePackage: Save=235.13ms
[2017.04.04-16.47.20:684][352]LogSavePackage: Moving '../../../../../../Users/griff_000/Documents/School/CIS 488/TheCursedBlade/Cursed_Blade/Saved/HillsideLevel_Auto286E2B2CF41AF84422E4202B275132017.tmp' to '../../../../../../Users/griff_000/Documents/School/CIS 488/TheCursedBlade/Cursed_Blade/Saved/Autosaves/Game/Levels/HillsideLevel_Auto2.umap'
[2017.04.04-16.47.20:687][352]LogSavePackage:Display: Finished SavePackage ../../../../../../Users/griff_000/Documents/School/CIS 488/TheCursedBlade/Cursed_Blade/Saved/Autosaves/Game/Levels/HillsideLevel_Auto2.umap
[2017.04.04-16.47.20:692][352]LogFileHelpers: Editor autosave (incl. sublevels) for '/Game/Levels/HillsideLevel' took 0.283
[2017.04.04-16.47.20:692][352]LogFileHelpers: Editor autosave (incl. sublevels) for all levels took 0.283
[2017.04.04-18.30.27:407][913]LogEditorViewport: Clicking on Actor (LMB): Landscape (Landscape3)
[2017.04.04-18.30.45:877][239]LogEditorViewport: Clicking on Actor (LMB): StaticMeshActor (SM_FlameDungeon_largeRocks16)
[2017.04.04-18.30.48:267][286]Cmd: EDIT COPY
[2017.04.04-18.30.48:427][288]Cmd: EDIT PASTE
[2017.04.04-18.31.13:436][869]LogTemp: Repeting last play command: Selected Viewport
[2017.04.04-18.31.13:567][869]LogPlayLevel: PlayLevel: No blueprints needed recompiling
[2017.04.04-18.31.13:567][869]PIE: New page: PIE session: HillsideLevel (Apr 4, 2017, 10:31:13 AM)
[2017.04.04-18.31.13:568][869]LogPlayLevel: Creating play world package: /Game/Levels/UEDPIE_0_HillsideLevel
[2017.04.04-18.31.13:630][869]LogPlayLevel: PIE: StaticDuplicateObject took: (0.062104s)
[2017.04.04-18.31.13:633][869]LogAIModule: Creating AISystem for world HillsideLevel
[2017.04.04-18.31.13:633][869]LogPlayLevel: PIE: World Init took: (0.003145s)
[2017.04.04-18.31.13:633][869]LogPlayLevel: PIE: Created PIE world by copying editor world from /Game/Levels/HillsideLevel.HillsideLevel to /Game/Levels/UEDPIE_0_HillsideLevel.HillsideLevel (0.065712s)
[2017.04.04-18.31.13:661][869]LogInit: XAudio2 using 'Speakers (Realtek High Definition Audio)' : 2 channels at 48 kHz using 32 bits per sample (channel mask 0x3)
[2017.04.04-18.31.13:673][869]LogInit: FAudioDevice initialized.
[2017.04.04-18.31.13:706][869]LogLoad: Game class is 'myGame_C'
[2017.04.04-18.31.13:713][869]LogWorld: Bringing World /Game/Levels/UEDPIE_0_HillsideLevel.HillsideLevel up for play (max tick rate 60) at 2017.04.04-14.31.13
[2017.04.04-18.31.13:714][869]LogWorld: Bringing up level for play took: 0.005662
[2017.04.04-18.31.13:721][869]PIE: Info Play in editor start time for /Game/Levels/UEDPIE_0_HillsideLevel 0.466
[2017.04.04-18.32.01:494][854]LogSavePackage: Save=212.89ms
[2017.04.04-18.32.01:494][854]LogSavePackage: Moving '../../../../../../Users/griff_000/Documents/School/CIS 488/TheCursedBlade/Cursed_Blade/Saved/HillsideLevel_Auto31F172F714A164528206828A34B7D1974.tmp' to '../../../../../../Users/griff_000/Documents/School/CIS 488/TheCursedBlade/Cursed_Blade/Saved/Autosaves/Game/Levels/HillsideLevel_Auto3.umap'
[2017.04.04-18.32.01:510][854]LogSavePackage:Display: Finished SavePackage ../../../../../../Users/griff_000/Documents/School/CIS 488/TheCursedBlade/Cursed_Blade/Saved/Autosaves/Game/Levels/HillsideLevel_Auto3.umap
[2017.04.04-18.32.01:526][854]LogFileHelpers: Editor autosave (incl. sublevels) for '/Game/Levels/HillsideLevel' took 0.289
[2017.04.04-18.32.01:526][854]LogFileHelpers: Editor autosave (incl. sublevels) for all levels took 0.289
[2017.04.05-12.51.41:514][116]LogSavePackage: Save=471.90ms
[2017.04.05-12.51.41:514][116]LogSavePackage: Moving '../../../../../../Users/griff_000/Documents/School/CIS 488/TheCursedBlade/Cursed_Blade/Saved/HillsideLevel103EE811464E56879EDD1DB5527EC9DC.tmp' to '../../../../../../Users/griff_000/Documents/School/CIS 488/TheCursedBlade/Cursed_Blade/Content/Levels/HillsideLevel.umap'
[2017.04.05-12.51.41:585][116]LogSavePackage:Display: Finished SavePackage ../../../../../../Users/griff_000/Documents/School/CIS 488/TheCursedBlade/Cursed_Blade/Content/Levels/HillsideLevel.umap
[2017.04.05-12.51.43:899][140]Cmd: QUIT_EDITOR
[2017.04.05-12.51.45:258][140]LogWindowsTextInputMethodSystem:Display: IME system now deactivated.
[2017.04.05-12.51.45:480][140]LogExit: Preparing to exit.
[2017.04.05-12.51.47:484][140]LogDirectoryWatcher: A directory notification for 'C:/Users/griff_000/Documents/School/CIS 488/TheCursedBlade/Cursed_Blade/Content/' was aborted.
[2017.04.05-12.51.48:150][140]LogExit: Editor shut down
[2017.04.05-12.51.48:151][140]LogExit: Transaction tracking system shut down
