Log file open, 03/22/17 13:59:37
LogInit:Display: Running engine for game: Cursed_Blade
LogPlatformFile: Not using cached read wrapper
LogInit:Display: RandInit(-1393696596) SRandInit(-1393696596).
LogTaskGraph: Started task graph with 5 named threads and 6 total threads with 1 sets of task threads.
LogStats: Stats thread started at 0.064048
LogPluginManager: Loaded Plugin Paper2D, From C:/Program Files/Epic Games/UE_4.14/Engine/Plugins/2D/Paper2D/Paper2D.uplugin
LogPluginManager: Loaded Plugin LightPropagationVolume, From C:/Program Files/Epic Games/UE_4.14/Engine/Plugins/Blendables/LightPropagationVolume/LightPropagationVolume.uplugin
LogPluginManager: Loaded Plugin BlankPlugin, From C:/Program Files/Epic Games/UE_4.14/Engine/Plugins/Developer/BlankPlugin/BlankPlugin.uplugin
LogPluginManager: Loaded Plugin CodeLiteSourceCodeAccess, From C:/Program Files/Epic Games/UE_4.14/Engine/Plugins/Developer/CodeLiteSourceCodeAccess/CodeLiteSourceCodeAccess.uplugin
LogPluginManager: Loaded Plugin GitSourceControl, From C:/Program Files/Epic Games/UE_4.14/Engine/Plugins/Developer/GitSourceControl/GitSourceControl.uplugin
LogPluginManager: Loaded Plugin KDevelopSourceCodeAccess, From C:/Program Files/Epic Games/UE_4.14/Engine/Plugins/Developer/KDevelopSourceCodeAccess/KDevelopSourceCodeAccess.uplugin
LogPluginManager: Loaded Plugin NullSourceCodeAccess, From C:/Program Files/Epic Games/UE_4.14/Engine/Plugins/Developer/NullSourceCodeAccess/NullSourceCodeAccess.uplugin
LogPluginManager: Loaded Plugin OneSkyLocalizationService, From C:/Program Files/Epic Games/UE_4.14/Engine/Plugins/Developer/OneSkyLocalizationService/OneSkyLocalizationService.uplugin
LogPluginManager: Loaded Plugin PerforceSourceControl, From C:/Program Files/Epic Games/UE_4.14/Engine/Plugins/Developer/PerforceSourceControl/PerforceSourceControl.uplugin
LogPluginManager: Loaded Plugin SubversionSourceControl, From C:/Program Files/Epic Games/UE_4.14/Engine/Plugins/Developer/SubversionSourceControl/SubversionSourceControl.uplugin
LogPluginManager: Loaded Plugin UObjectPlugin, From C:/Program Files/Epic Games/UE_4.14/Engine/Plugins/Developer/UObjectPlugin/UObjectPlugin.uplugin
LogPluginManager: Loaded Plugin VisualStudioSourceCodeAccess, From C:/Program Files/Epic Games/UE_4.14/Engine/Plugins/Developer/VisualStudioSourceCodeAccess/VisualStudioSourceCodeAccess.uplugin
LogPluginManager: Loaded Plugin XCodeSourceCodeAccess, From C:/Program Files/Epic Games/UE_4.14/Engine/Plugins/Developer/XCodeSourceCodeAccess/XCodeSourceCodeAccess.uplugin
LogPluginManager: Loaded Plugin AudioCapture, From C:/Program Files/Epic Games/UE_4.14/Engine/Plugins/Editor/AudioCapture/AudioCapture.uplugin
LogPluginManager: Loaded Plugin EpicSurvey, From C:/Program Files/Epic Games/UE_4.14/Engine/Plugins/Editor/EpicSurvey/EpicSurvey.uplugin
LogPluginManager: Loaded Plugin MacGraphicsSwitching, From C:/Program Files/Epic Games/UE_4.14/Engine/Plugins/Editor/MacGraphicsSwitching/MacGraphicsSwitching.uplugin
LogPluginManager: Loaded Plugin MobileLauncherProfileWizard, From C:/Program Files/Epic Games/UE_4.14/Engine/Plugins/Editor/MobileLauncherProfileWizard/MobileLauncherProfileWizard.uplugin
LogPluginManager: Loaded Plugin PluginBrowser, From C:/Program Files/Epic Games/UE_4.14/Engine/Plugins/Editor/PluginBrowser/PluginBrowser.uplugin
LogPluginManager: Loaded Plugin SpeedTreeImporter, From C:/Program Files/Epic Games/UE_4.14/Engine/Plugins/Editor/SpeedTreeImporter/SpeedTreeImporter.uplugin
LogPluginManager: Loaded Plugin SuperSearchEditor, From C:/Program Files/Epic Games/UE_4.14/Engine/Plugins/Editor/SuperSearchEditor/SuperSearchEditor.uplugin
LogPluginManager: Loaded Plugin AlembicImporter, From C:/Program Files/Epic Games/UE_4.14/Engine/Plugins/Experimental/AlembicImporter/AlembicImporter.uplugin
LogPluginManager: Loaded Plugin BlueprintStats, From C:/Program Files/Epic Games/UE_4.14/Engine/Plugins/Experimental/BlueprintStats/BlueprintStats.uplugin
LogPluginManager: Loaded Plugin CharacterAI, From C:/Program Files/Epic Games/UE_4.14/Engine/Plugins/Experimental/CharacterAI/CharacterAI.uplugin
LogPluginManager: Loaded Plugin CodeEditor, From C:/Program Files/Epic Games/UE_4.14/Engine/Plugins/Experimental/CodeEditor/CodeEditor.uplugin
LogPluginManager: Loaded Plugin CodeView, From C:/Program Files/Epic Games/UE_4.14/Engine/Plugins/Experimental/CodeView/CodeView.uplugin
LogPluginManager: Loaded Plugin HTML5Networking, From C:/Program Files/Epic Games/UE_4.14/Engine/Plugins/Experimental/HTML5Networking/HTML5Networking.uplugin
LogPluginManager: Loaded Plugin OSVR, From C:/Program Files/Epic Games/UE_4.14/Engine/Plugins/Experimental/OSVR/OSVR.uplugin
LogPluginManager: Loaded Plugin Phya, From C:/Program Files/Epic Games/UE_4.14/Engine/Plugins/Experimental/Phya/Phya.uplugin
LogPluginManager: Loaded Plugin SignificanceManager, From C:/Program Files/Epic Games/UE_4.14/Engine/Plugins/Experimental/SignificanceManager/SignificanceManager.uplugin
LogPluginManager: Loaded Plugin SimpleHMD, From C:/Program Files/Epic Games/UE_4.14/Engine/Plugins/Experimental/SimpleHMD/SimpleHMD.uplugin
LogPluginManager: Loaded Plugin StereoPanorama, From C:/Program Files/Epic Games/UE_4.14/Engine/Plugins/Experimental/StereoPanorama/StereoPanorama.uplugin
LogPluginManager: Loaded Plugin StructBox, From C:/Program Files/Epic Games/UE_4.14/Engine/Plugins/Experimental/StructBox/StructBox.uplugin
LogPluginManager: Loaded Plugin AndroidMedia, From C:/Program Files/Epic Games/UE_4.14/Engine/Plugins/Media/AndroidMedia/AndroidMedia.uplugin
LogPluginManager: Loaded Plugin AvfMedia, From C:/Program Files/Epic Games/UE_4.14/Engine/Plugins/Media/AvfMedia/AvfMedia.uplugin
LogPluginManager: Loaded Plugin MediaPlayerEditor, From C:/Program Files/Epic Games/UE_4.14/Engine/Plugins/Media/MediaPlayerEditor/MediaPlayerEditor.uplugin
LogPluginManager: Loaded Plugin WmfMedia, From C:/Program Files/Epic Games/UE_4.14/Engine/Plugins/Media/WmfMedia/WmfMedia.uplugin
LogPluginManager: Loaded Plugin MessagingDebugger, From C:/Program Files/Epic Games/UE_4.14/Engine/Plugins/Messaging/MessagingDebugger/MessagingDebugger.uplugin
LogPluginManager: Loaded Plugin TcpMessaging, From C:/Program Files/Epic Games/UE_4.14/Engine/Plugins/Messaging/TcpMessaging/TcpMessaging.uplugin
LogPluginManager: Loaded Plugin UdpMessaging, From C:/Program Files/Epic Games/UE_4.14/Engine/Plugins/Messaging/UdpMessaging/UdpMessaging.uplugin
LogPluginManager: Loaded Plugin LevelSequenceEditor, From C:/Program Files/Epic Games/UE_4.14/Engine/Plugins/MovieScene/LevelSequenceEditor/LevelSequenceEditor.uplugin
LogPluginManager: Loaded Plugin MatineeToLevelSequence, From C:/Program Files/Epic Games/UE_4.14/Engine/Plugins/MovieScene/MatineeToLevelSequence/MatineeToLevelSequence.uplugin
LogPluginManager: Loaded Plugin NetcodeUnitTest, From C:/Program Files/Epic Games/UE_4.14/Engine/Plugins/NetcodeUnitTest/NetcodeUnitTest/NetcodeUnitTest.uplugin
LogPluginManager: Loaded Plugin NUTUnrealEngine4, From C:/Program Files/Epic Games/UE_4.14/Engine/Plugins/NetcodeUnitTest/NUTUnrealEngine4/NUTUnrealEngine4.uplugin
LogPluginManager: Loaded Plugin OnlineSubsystemGameCircle, From C:/Program Files/Epic Games/UE_4.14/Engine/Plugins/Online/Android/OnlineSubsystemGameCircle/OnlineSubsystemGameCircle.uplugin
LogPluginManager: Loaded Plugin OnlineSubsystemGooglePlay, From C:/Program Files/Epic Games/UE_4.14/Engine/Plugins/Online/Android/OnlineSubsystemGooglePlay/OnlineSubsystemGooglePlay.uplugin
LogPluginManager: Loaded Plugin OnlineSubsystemIOS, From C:/Program Files/Epic Games/UE_4.14/Engine/Plugins/Online/IOS/OnlineSubsystemIOS/OnlineSubsystemIOS.uplugin
LogPluginManager: Loaded Plugin OnlineFramework, From C:/Program Files/Epic Games/UE_4.14/Engine/Plugins/Online/OnlineFramework/OnlineFramework.uplugin
LogPluginManager: Loaded Plugin OnlineSubsystem, From C:/Program Files/Epic Games/UE_4.14/Engine/Plugins/Online/OnlineSubsystem/OnlineSubsystem.uplugin
LogPluginManager: Loaded Plugin OnlineSubsystemAmazon, From C:/Program Files/Epic Games/UE_4.14/Engine/Plugins/Online/OnlineSubsystemAmazon/OnlineSubsystemAmazon.uplugin
LogPluginManager: Loaded Plugin OnlineSubsystemFacebook, From C:/Program Files/Epic Games/UE_4.14/Engine/Plugins/Online/OnlineSubsystemFacebook/OnlineSubsystemFacebook.uplugin
LogPluginManager: Loaded Plugin OnlineSubsystemNull, From C:/Program Files/Epic Games/UE_4.14/Engine/Plugins/Online/OnlineSubsystemNull/OnlineSubsystemNull.uplugin
LogPluginManager: Loaded Plugin OnlineSubsystemOculus, From C:/Program Files/Epic Games/UE_4.14/Engine/Plugins/Online/OnlineSubsystemOculus/OnlineSubsystemOculus.uplugin
LogPluginManager: Loaded Plugin OnlineSubsystemSteam, From C:/Program Files/Epic Games/UE_4.14/Engine/Plugins/Online/OnlineSubsystemSteam/OnlineSubsystemSteam.uplugin
LogPluginManager: Loaded Plugin OnlineSubsystemUtils, From C:/Program Files/Epic Games/UE_4.14/Engine/Plugins/Online/OnlineSubsystemUtils/OnlineSubsystemUtils.uplugin
LogPluginManager: Loaded Plugin IOSTapJoy, From C:/Program Files/Epic Games/UE_4.14/Engine/Plugins/Runtime/Advertising/IOSTapJoy/IOSTapJoy.uplugin
LogPluginManager: Loaded Plugin AnalyticsBlueprintLibrary, From C:/Program Files/Epic Games/UE_4.14/Engine/Plugins/Runtime/Analytics/AnalyticsBlueprintLibrary/AnalyticsBlueprintLibrary.uplugin
LogPluginManager: Loaded Plugin AnalyticsMulticast, From C:/Program Files/Epic Games/UE_4.14/Engine/Plugins/Runtime/Analytics/AnalyticsMulticast/AnalyticsMulticast.uplugin
LogPluginManager: Loaded Plugin Apsalar, From C:/Program Files/Epic Games/UE_4.14/Engine/Plugins/Runtime/Analytics/Apsalar/Apsalar.uplugin
LogPluginManager: Loaded Plugin FileLogging, From C:/Program Files/Epic Games/UE_4.14/Engine/Plugins/Runtime/Analytics/FileLogging/FileLogging.uplugin
LogPluginManager: Loaded Plugin Flurry, From C:/Program Files/Epic Games/UE_4.14/Engine/Plugins/Runtime/Analytics/Flurry/Flurry.uplugin
LogPluginManager: Loaded Plugin AndroidDeviceProfileSelector, From C:/Program Files/Epic Games/UE_4.14/Engine/Plugins/Runtime/AndroidDeviceProfileSelector/AndroidDeviceProfileSelector.uplugin
LogPluginManager: Loaded Plugin AndroidMoviePlayer, From C:/Program Files/Epic Games/UE_4.14/Engine/Plugins/Runtime/AndroidMoviePlayer/AndroidMoviePlayer.uplugin
LogPluginManager: Loaded Plugin AppleMoviePlayer, From C:/Program Files/Epic Games/UE_4.14/Engine/Plugins/Runtime/AppleMoviePlayer/AppleMoviePlayer.uplugin
LogPluginManager: Loaded Plugin ArchVisCharacter, From C:/Program Files/Epic Games/UE_4.14/Engine/Plugins/Runtime/ArchVisCharacter/ArchVisCharacter.uplugin
LogPluginManager: Loaded Plugin CableComponent, From C:/Program Files/Epic Games/UE_4.14/Engine/Plugins/Runtime/CableComponent/CableComponent.uplugin
LogPluginManager: Loaded Plugin CustomMeshComponent, From C:/Program Files/Epic Games/UE_4.14/Engine/Plugins/Runtime/CustomMeshComponent/CustomMeshComponent.uplugin
LogPluginManager: Loaded Plugin ExampleDeviceProfileSelector, From C:/Program Files/Epic Games/UE_4.14/Engine/Plugins/Runtime/ExampleDeviceProfileSelector/ExampleDeviceProfileSelector.uplugin
LogPluginManager: Loaded Plugin GearVR, From C:/Program Files/Epic Games/UE_4.14/Engine/Plugins/Runtime/GearVR/GearVR.uplugin
LogPluginManager: Loaded Plugin GoogleVRController, From C:/Program Files/Epic Games/UE_4.14/Engine/Plugins/Runtime/GoogleVR/GoogleVRController/GoogleVRController.uplugin
LogPluginManager: Loaded Plugin GoogleVRHMD, From C:/Program Files/Epic Games/UE_4.14/Engine/Plugins/Runtime/GoogleVR/GoogleVRHMD/GoogleVRHMD.uplugin
LogPluginManager: Loaded Plugin IOSDeviceProfileSelector, From C:/Program Files/Epic Games/UE_4.14/Engine/Plugins/Runtime/IOSDeviceProfileSelector/IOSDeviceProfileSelector.uplugin
LogPluginManager: Loaded Plugin LeapMotion, From C:/Program Files/Epic Games/UE_4.14/Engine/Plugins/Runtime/LeapMotion/LeapMotion.uplugin
LogPluginManager: Loaded Plugin LinuxDeviceProfileSelector, From C:/Program Files/Epic Games/UE_4.14/Engine/Plugins/Runtime/LinuxDeviceProfileSelector/LinuxDeviceProfileSelector.uplugin
LogPluginManager: Loaded Plugin MIDIDevice, From C:/Program Files/Epic Games/UE_4.14/Engine/Plugins/Runtime/MIDIDevice/MIDIDevice.uplugin
LogPluginManager: Loaded Plugin MobilePatchingUtils, From C:/Program Files/Epic Games/UE_4.14/Engine/Plugins/Runtime/MobilePatchingUtils/MobilePatchingUtils.uplugin
LogPluginManager: Loaded Plugin Ansel, From C:/Program Files/Epic Games/UE_4.14/Engine/Plugins/Runtime/Nvidia/Ansel/Ansel.uplugin
LogPluginManager: Loaded Plugin OculusAudio, From C:/Program Files/Epic Games/UE_4.14/Engine/Plugins/Runtime/OculusAudio/OculusAudio.uplugin
LogPluginManager: Loaded Plugin OculusInput, From C:/Program Files/Epic Games/UE_4.14/Engine/Plugins/Runtime/OculusInput/OculusInput.uplugin
LogPluginManager: Loaded Plugin OculusLibrary, From C:/Program Files/Epic Games/UE_4.14/Engine/Plugins/Runtime/OculusLibrary/OculusLibrary.uplugin
LogPluginManager: Loaded Plugin OculusRift, From C:/Program Files/Epic Games/UE_4.14/Engine/Plugins/Runtime/OculusRift/OculusRift.uplugin
LogPluginManager: Loaded Plugin Oodle, From C:/Program Files/Epic Games/UE_4.14/Engine/Plugins/Runtime/PacketHandlers/CompressionComponents/Oodle/Oodle.uplugin
LogPluginManager: Loaded Plugin ProceduralMeshComponent, From C:/Program Files/Epic Games/UE_4.14/Engine/Plugins/Runtime/ProceduralMeshComponent/ProceduralMeshComponent.uplugin
LogPluginManager: Loaded Plugin SoundMod, From C:/Program Files/Epic Games/UE_4.14/Engine/Plugins/Runtime/SoundMod/SoundMod.uplugin
LogPluginManager: Loaded Plugin SoundVisualizations, From C:/Program Files/Epic Games/UE_4.14/Engine/Plugins/Runtime/SoundVisualizations/SoundVisualizations.uplugin
LogPluginManager: Loaded Plugin SteamController, From C:/Program Files/Epic Games/UE_4.14/Engine/Plugins/Runtime/Steam/SteamController/SteamController.uplugin
LogPluginManager: Loaded Plugin SteamVR, From C:/Program Files/Epic Games/UE_4.14/Engine/Plugins/Runtime/Steam/SteamVR/SteamVR.uplugin
LogPluginManager: Loaded Plugin WebBrowserWidget, From C:/Program Files/Epic Games/UE_4.14/Engine/Plugins/Runtime/WebBrowserWidget/WebBrowserWidget.uplugin
LogPluginManager: Loaded Plugin WindowsDeviceProfileSelector, From C:/Program Files/Epic Games/UE_4.14/Engine/Plugins/Runtime/WindowsDeviceProfileSelector/WindowsDeviceProfileSelector.uplugin
LogPluginManager: Loaded Plugin WindowsMoviePlayer, From C:/Program Files/Epic Games/UE_4.14/Engine/Plugins/Runtime/WindowsMoviePlayer/WindowsMoviePlayer.uplugin
LogPluginManager: Loaded Plugin ScriptPlugin, From C:/Program Files/Epic Games/UE_4.14/Engine/Plugins/ScriptPlugin/ScriptPlugin.uplugin
LogPluginManager: Loaded Plugin SlateRemote, From C:/Program Files/Epic Games/UE_4.14/Engine/Plugins/Slate/SlateRemote/SlateRemote.uplugin
LogPluginManager: Loaded Plugin EditorTests, From C:/Program Files/Epic Games/UE_4.14/Engine/Plugins/Tests/EditorTests/EditorTests.uplugin
LogPluginManager: Loaded Plugin FbxAutomationTestBuilder, From C:/Program Files/Epic Games/UE_4.14/Engine/Plugins/Tests/FbxAutomationTestBuilder/FbxAutomationTestBuilder.uplugin
LogPluginManager: Loaded Plugin FunctionalTestingEditor, From C:/Program Files/Epic Games/UE_4.14/Engine/Plugins/Tests/FunctionalTestingEditor/FunctionalTestingEditor.uplugin
LogPluginManager: Loaded Plugin RuntimeTests, From C:/Program Files/Epic Games/UE_4.14/Engine/Plugins/Tests/RuntimeTests/RuntimeTests.uplugin
LogPluginManager: Loaded Plugin ScreenshotTools, From C:/Program Files/Epic Games/UE_4.14/Engine/Plugins/Tests/ScreenshotTools/ScreenshotTools.uplugin
LogInit: Using libcurl 7.47.1
LogInit:  - built for x86_64-pc-win32
LogInit:  - supports SSL with OpenSSL/1.0.2g
LogInit:  - supports HTTP deflate (compression) using libz 1.2.8
LogInit:  - other features:
LogInit:      CURL_VERSION_SSL
LogInit:      CURL_VERSION_LIBZ
LogInit:      CURL_VERSION_IPV6
LogInit:      CURL_VERSION_ASYNCHDNS
LogInit:      CURL_VERSION_LARGEFILE
LogInit:      CURL_VERSION_IDN
LogInit:  CurlRequestOptions (configurable via config and command line):
LogInit:  - bVerifyPeer = false  - Libcurl will NOT verify peer certificate
LogInit:  - bUseHttpProxy = false  - Libcurl will NOT use HTTP proxy
LogInit:  - bDontReuseConnections = false  - Libcurl will reuse connections
LogInit:  - CertBundlePath = nullptr  - Libcurl will use whatever was configured at build time.
LogInit: Build: ++UE4+Release-4.14-CL-3249277
LogInit: Engine Version: 4.14.3-3249277+++UE4+Release-4.14
LogInit: Compatible Engine Version: 4.14.0-3195953+++UE4+Release-4.14
LogInit: Net CL: 3195953
LogDevObjectVersion: Number of dev versions registered: 13
LogDevObjectVersion:   Dev-Blueprints (B0D832E4-1F89-4F0D-ACCF-7EB736FD4AA2): 7
LogDevObjectVersion:   Dev-Build (E1C64328-A22C-4D53-A36C-8E866417BD8C): 0
LogDevObjectVersion:   Dev-Core (375EC13C-06E4-48FB-B500-84F0262A717E): 1
LogDevObjectVersion:   Dev-Editor (E4B068ED-F494-42E9-A231-DA0B2E46BB41): 8
LogDevObjectVersion:   Dev-Framework (CFFC743F-43B0-4480-9391-14DF171D2073): 17
LogDevObjectVersion:   Dev-Mobile (B02B49B5-BB20-44E9-A304-32B752E40360): 0
LogDevObjectVersion:   Dev-Networking (A4E4105C-59A1-49B5-A7C5-40C4547EDFEE): 0
LogDevObjectVersion:   Dev-Online (39C831C9-5AE6-47DC-9A44-9C173E1C8E7C): 0
LogDevObjectVersion:   Dev-Physics (78F01B33-EBEA-4F98-B9B4-84EACCB95AA2): 0
LogDevObjectVersion:   Dev-Platform (6631380F-2D4D-43E0-8009-CF276956A95A): 0
LogDevObjectVersion:   Dev-Rendering (12F88B9F-8875-4AFC-A67C-D90C383ABD29): 12
LogDevObjectVersion:   Dev-Sequencer (7B5AE74C-D270-4C10-A958-57980B212A5A): 1
LogDevObjectVersion:   Dev-VR (D7296918-1DD6-4BDD-9DE2-64A83CC13884): 0
LogInit: Compiled (64-bit): Jan  6 2017 10:49:43
LogInit: Compiled with Visual C++: 19.00.23026.00
LogInit: Build Configuration: Development
LogInit: Branch Name: ++UE4+Release-4.14
LogInit: Command line: 
LogInit: Base directory: C:/Program Files/Epic Games/UE_4.14/Engine/Binaries/Win64/
LogInit: Installed Engine Build: 1
LogInit: Presizing for max 8388607 objects, including 0 objects not considered by GC, pre-allocating 0 bytes for permanent pool.
LogInit: Object subsystem initialized
[2017.03.22-17.59.37:819][  0]LogInit: Selected Device Profile: [Windows]
[2017.03.22-17.59.37:819][  0]LogInit: Applying CVar settings loaded from the selected device profile: [Windows]
[2017.03.22-17.59.37:829][  0]LogInit: Computer: STEVEN-LAPTOP
[2017.03.22-17.59.37:829][  0]LogInit: User: Steven
[2017.03.22-17.59.37:829][  0]LogInit: CPU Page size=65536, Cores=2
[2017.03.22-17.59.37:829][  0]LogInit: High frequency timer resolution =2.648437 MHz
[2017.03.22-17.59.37:829][  0]LogMemory: Memory total: Physical=7.9GB (8GB approx)
[2017.03.22-17.59.37:829][  0]LogMemory: Platform Memory Stats for Windows
[2017.03.22-17.59.37:829][  0]LogMemory: Process Physical Memory: 263.86 MB used, 263.86 MB peak
[2017.03.22-17.59.37:829][  0]LogMemory: Process Virtual Memory: 262.43 MB used, 262.43 MB peak
[2017.03.22-17.59.37:829][  0]LogMemory: Physical Memory: 3694.88 MB used,  4365.25 MB free, 8060.13 MB total
[2017.03.22-17.59.37:829][  0]LogMemory: Virtual Memory: 660.58 MB used,  4365.25 MB free, 134217728.00 MB total
[2017.03.22-17.59.37:861][  0]LogTextLocalizationManager: No specific translations for ('en-US') exist, so ('en') translations will be used.
[2017.03.22-17.59.38:662][  0]LogD3D11RHI: D3D11 adapters:
[2017.03.22-17.59.38:693][  0]LogD3D11RHI:    0. 'NVIDIA GeForce 940MX' (Feature Level 11_0)
[2017.03.22-17.59.38:693][  0]LogD3D11RHI:       2019/0/4030 MB DedicatedVideo/DedicatedSystem/SharedSystem, Outputs:1, VendorId:0x10de
[2017.03.22-17.59.38:700][  0]LogD3D11RHI:    1. 'Intel(R) HD Graphics 620' (Feature Level 11_0)
[2017.03.22-17.59.38:700][  0]LogD3D11RHI:       128/0/4030 MB DedicatedVideo/DedicatedSystem/SharedSystem, Outputs:0, VendorId:0x8086
[2017.03.22-17.59.38:702][  0]LogD3D11RHI:    2. 'Microsoft Basic Render Driver' (Feature Level 11_0)
[2017.03.22-17.59.38:702][  0]LogD3D11RHI:       0/0/4030 MB DedicatedVideo/DedicatedSystem/SharedSystem, Outputs:0, VendorId:0x1414
[2017.03.22-17.59.38:702][  0]LogD3D11RHI: Chosen D3D11 Adapter: 0
[2017.03.22-17.59.38:709][  0]LogD3D11RHI: Creating new Direct3DDevice
[2017.03.22-17.59.38:709][  0]LogD3D11RHI:     GPU DeviceId: 0x179c (for the marketing name, search the web for "GPU Device Id")
[2017.03.22-17.59.38:709][  0]LogWindows: EnumDisplayDevices:
[2017.03.22-17.59.38:709][  0]LogWindows:    0. 'Intel(R) HD Graphics 620' (P:1 D:1)
[2017.03.22-17.59.38:709][  0]LogWindows:    1. 'Intel(R) HD Graphics 620' (P:0 D:0)
[2017.03.22-17.59.38:709][  0]LogWindows:    2. 'Intel(R) HD Graphics 620' (P:0 D:0)
[2017.03.22-17.59.38:709][  0]LogWindows: DebugString: PrimaryIsNotTheChoosenAdapter PrimaryIsNotTheChoosenAdapter PrimaryIsNotTheChoosenAdapter FoundDriverCount:0 
[2017.03.22-17.59.38:709][  0]LogD3D11RHI:     Adapter Name: NVIDIA GeForce 940MX
[2017.03.22-17.59.38:709][  0]LogD3D11RHI:   Driver Version: Unknown (internal:Unknown, unified:Unknown)
[2017.03.22-17.59.38:709][  0]LogD3D11RHI:      Driver Date: Unknown
[2017.03.22-17.59.38:709][  0]LogRHI: Texture pool is 1361 MB (70% of 1945 MB)
[2017.03.22-17.59.38:726][  0]LogD3D11RHI: Async texture creation enabled
[2017.03.22-17.59.38:745][  0]LogD3D11RHI: GPU Timing Frequency: 1000.000000 (Debug: 2 2)
[2017.03.22-17.59.38:746][  0]LogShaderCompilers: Guid format shader working directory is -41 characters bigger than the processId version (D:/Steven/OneDrive - umich.edu/CIS/CIS 488/Github Repository/TheCursedBlade/Cursed_Blade/Intermediate/Shaders/WorkingDirectory/7828/).
[2017.03.22-17.59.38:746][  0]LogShaderCompilers: Cleaned the shader compiler working directory 'C:/Users/Steven/AppData/Local/Temp/UnrealShaderWorkingDir/18C0D6BC49191FC38FC6FC8D9CE7DF97/'.
[2017.03.22-17.59.38:746][  0]LogShaderCompilers:Display: Using Local Shader Compiler.
[2017.03.22-17.59.40:093][  0]LogTemp:Display: Loaded TP AllDesktopTargetPlatform
[2017.03.22-17.59.40:171][  0]LogTemp:Display: Loaded TP MacClientTargetPlatform
[2017.03.22-17.59.40:250][  0]LogTemp:Display: Loaded TP MacNoEditorTargetPlatform
[2017.03.22-17.59.40:324][  0]LogTemp:Display: Loaded TP MacServerTargetPlatform
[2017.03.22-17.59.40:408][  0]LogTemp:Display: Loaded TP MacTargetPlatform
[2017.03.22-17.59.40:481][  0]LogTemp:Display: Loaded TP WindowsClientTargetPlatform
[2017.03.22-17.59.40:557][  0]LogTemp:Display: Loaded TP WindowsNoEditorTargetPlatform
[2017.03.22-17.59.40:638][  0]LogTemp:Display: Loaded TP WindowsServerTargetPlatform
[2017.03.22-17.59.40:702][  0]LogTemp:Display: Loaded TP WindowsTargetPlatform
[2017.03.22-17.59.40:776][  0]LogTemp:Display: Loaded TP AndroidTargetPlatform
[2017.03.22-17.59.40:854][  0]LogTemp:Display: Loaded TP Android_ASTCTargetPlatform
[2017.03.22-17.59.40:931][  0]LogTemp:Display: Loaded TP Android_ATCTargetPlatform
[2017.03.22-17.59.41:016][  0]LogTemp:Display: Loaded TP Android_DXTTargetPlatform
[2017.03.22-17.59.41:096][  0]LogTemp:Display: Loaded TP Android_ETC1TargetPlatform
[2017.03.22-17.59.41:167][  0]LogTemp:Display: Loaded TP Android_ETC2TargetPlatform
[2017.03.22-17.59.41:323][  0]LogTemp:Display: Loaded TP Android_MultiTargetPlatform
[2017.03.22-17.59.41:323][  0]LogTemp:Display: Loaded TP Android_PVRTCTargetPlatform
[2017.03.22-17.59.41:378][  0]LogTemp:Display: Loaded TP HTML5TargetPlatform
[2017.03.22-17.59.41:496][  0]LogTemp:Display: Loaded TP IOSTargetPlatform
[2017.03.22-17.59.41:547][  0]LogTemp:Display: Loaded TP TVOSTargetPlatform
[2017.03.22-17.59.41:624][  0]LogTemp:Display: Loaded TP LinuxClientTargetPlatform
[2017.03.22-17.59.41:699][  0]LogTemp:Display: Loaded TP LinuxNoEditorTargetPlatform
[2017.03.22-17.59.41:767][  0]LogTemp:Display: Loaded TP LinuxServerTargetPlatform
[2017.03.22-17.59.41:844][  0]LogTemp:Display: Loaded TP LinuxTargetPlatform
[2017.03.22-17.59.41:844][  0]LogTargetPlatformManager:Display: Building Assets For Windows
[2017.03.22-17.59.42:413][  0]LogDerivedDataCache:Display: Max Cache Size: 512 MB
[2017.03.22-17.59.42:477][  0]LogDerivedDataCache: Loaded boot cache 0.06s 50MB C:/Users/Steven/AppData/Local/UnrealEngine/4.14/DerivedDataCache/Boot.ddc.
[2017.03.22-17.59.42:477][  0]LogDerivedDataCache:Display: Loaded Boot cache: C:/Users/Steven/AppData/Local/UnrealEngine/4.14/DerivedDataCache/Boot.ddc
[2017.03.22-17.59.42:477][  0]LogDerivedDataCache: FDerivedDataBackendGraph:  Pak pak cache file D:/Steven/OneDrive - umich.edu/CIS/CIS 488/Github Repository/TheCursedBlade/Cursed_Blade/DerivedDataCache/DDC.ddp not found, will not use a pak cache.
[2017.03.22-17.59.42:477][  0]LogDerivedDataCache: Unable to find inner node Pak for hierarchical cache Hierarchy.
[2017.03.22-17.59.42:477][  0]LogDerivedDataCache: FDerivedDataBackendGraph:  CompressedPak pak cache file D:/Steven/OneDrive - umich.edu/CIS/CIS 488/Github Repository/TheCursedBlade/Cursed_Blade/DerivedDataCache/Compressed.ddp not found, will not use a pak cache.
[2017.03.22-17.59.42:477][  0]LogDerivedDataCache: Unable to find inner node CompressedPak for hierarchical cache Hierarchy.
[2017.03.22-17.59.42:501][  0]LogDerivedDataCache:Display: Pak cache opened for reading ../../../Engine/DerivedDataCache/Compressed.ddp.
[2017.03.22-17.59.42:513][  0]LogDerivedDataCache: Using Local data cache path C:/Users/Steven/AppData/Local/UnrealEngine/Common/DerivedDataCache: Writable
[2017.03.22-17.59.42:784][  0]LogInit: Selected Device Profile: [Windows]
[2017.03.22-17.59.42:788][  0]LogContentStreaming: Texture pool size is 0.00 MB
[2017.03.22-17.59.43:064][  0]LogMeshUtilities: Using QuadricMeshReduction for automatic static mesh reduction
[2017.03.22-17.59.43:127][  0]LogSimplygon: Simplygon DLL not present - disabling.
[2017.03.22-17.59.43:195][  0]LogMeshUtilities: Using SimplygonSwarm for distributed automatic mesh merging
[2017.03.22-17.59.43:195][  0]LogMeshUtilities: No automatic skeletal mesh reduction module available
[2017.03.22-17.59.43:195][  0]LogMeshUtilities: No automatic mesh merging module available
[2017.03.22-17.59.43:854][  0]LogNetVersion: GetLocalNetworkVersion: CL: 3195953, ProjectName: cursed_blade, ProjectVersion: , EngineNetworkVersion: 2, GameNetworkVersion: 0, NetworkChecksum: 3550933385
[2017.03.22-17.59.43:919][  0]LogAssetRegistry: FAssetRegistry took 0.0216 seconds to start up
[2017.03.22-17.59.43:987][  0]LogPackageLocalizationCache: Processed 3 localized package path(s) for 2 prioritized culture(s) in 0.029318 seconds
[2017.03.22-17.59.43:997][  0]LogUObjectArray: 31946 objects as part of root set at end of initial load.
[2017.03.22-17.59.43:997][  0]LogUObjectAllocator: 6935848 out of 0 bytes used by permanent object pool.
[2017.03.22-17.59.43:997][  0]LogUObjectArray: CloseDisregardForGC: 0/0 objects in disregard for GC pool
[2017.03.22-17.59.44:102][  0]LogInit: WinSock: version 1.1 (2.2), MaxSocks=32767, MaxUdp=65467
[2017.03.22-17.59.45:358][  0]LogSlate: Using Freetype 2.6.0
[2017.03.22-17.59.45:359][  0]LogSlate: SlateFontCache - WITH_FREETYPE: 1, WITH_HARFBUZZ: 1
[2017.03.22-17.59.45:359][  0]LogSlate: SlateFontCache - WITH_FREETYPE: 1, WITH_HARFBUZZ: 1
[2017.03.22-17.59.46:401][  0]LogPackageName:Warning: String asset reference "Env_Ice_Rocky.Mesh.Env_Ice_MelancholicTroll01" is in short form, which is unsupported and -- even if valid -- resolving it will be really slow. Please consider resaving package in order to speed-up loading.
[2017.03.22-17.59.46:401][  0]LogPackageName: SearchForPackageOnDisk took   0.151s, but failed to resolve Env_Ice_Rocky.
[2017.03.22-17.59.46:401][  0]LogPackageName:Warning: String asset reference "Env_Ice_Rocky.Mesh.Env_Ice_MelancholicTroll01" could not be resolved.
[2017.03.22-17.59.46:401][  0]LogPackageName:Warning: String asset reference "Env_Ice_Rocky.Mesh.Env_Ice_NordHeed01" is in short form, which is unsupported and -- even if valid -- resolving it will be really slow. Please consider resaving package in order to speed-up loading.
[2017.03.22-17.59.46:401][  0]LogPackageName: SearchForPackageOnDisk took   0.137s, but failed to resolve Env_Ice_Rocky.
[2017.03.22-17.59.46:401][  0]LogPackageName:Warning: String asset reference "Env_Ice_Rocky.Mesh.Env_Ice_NordHeed01" could not be resolved.
[2017.03.22-17.59.46:401][  0]LogPackageName:Warning: String asset reference "Exo_Deco01.SM.Mesh.WoodenBarrel_Intact" is in short form, which is unsupported and -- even if valid -- resolving it will be really slow. Please consider resaving package in order to speed-up loading.
[2017.03.22-17.59.46:401][  0]LogPackageName: SearchForPackageOnDisk took   0.125s, but failed to resolve Exo_Deco01.
[2017.03.22-17.59.46:401][  0]LogPackageName:Warning: String asset reference "Exo_Deco01.SM.Mesh.WoodenBarrel_Intact" could not be resolved.
[2017.03.22-17.59.46:401][  0]LogPackageName:Warning: String asset reference "Env_Ice_RuinedWalls001" is in short form, which is unsupported and -- even if valid -- resolving it will be really slow. Please consider resaving package in order to speed-up loading.
[2017.03.22-17.59.46:401][  0]LogPackageName: SearchForPackageOnDisk took   0.144s, but failed to resolve Env_Ice_RuinedWalls001.
[2017.03.22-17.59.46:401][  0]LogPackageName:Warning: String asset reference "Env_Ice_RuinedWalls001" could not be resolved.
[2017.03.22-17.59.46:624][  0]LogTcpMessaging: Initializing TcpMessaging bridge
[2017.03.22-17.59.46:669][  0]LogUdpMessaging: Initializing bridge on interface 0.0.0.0:0 to multicast group 230.0.0.1:6666.
[2017.03.22-17.59.47:083][  0]LogMaterial: Uniform references updated for custom material expression Custom.
[2017.03.22-17.59.47:614][  0]SourceControl: Info Source control is disabled
[2017.03.22-17.59.47:615][  0]SourceControl: Info Source control is disabled
[2017.03.22-17.59.47:682][  0]SourceControl: Info Source control is disabled
[2017.03.22-17.59.47:748][  0]SourceControl: Info Source control is disabled
[2017.03.22-17.59.49:416][  0]LogEngine: Initializing Engine...
[2017.03.22-17.59.49:417][  0]LogHMD: Failed to initialize OpenVR with code 110
[2017.03.22-17.59.49:686][  0]LogAIModule: Creating AISystem for world Untitled
[2017.03.22-17.59.49:694][  0]LogInit: XAudio2 using 'Speakers (Realtek High Definition Audio)' : 2 channels at 48 kHz using 32 bits per sample (channel mask 0x3)
[2017.03.22-17.59.49:819][  0]LogInit: FAudioDevice initialized.
[2017.03.22-17.59.49:858][  0]LogDerivedDataCache: Saved boot cache 0.04s 50MB C:/Users/Steven/AppData/Local/UnrealEngine/4.14/DerivedDataCache/Boot.ddc.
[2017.03.22-17.59.49:864][  0]LogInit: Texture streaming: Enabled
[2017.03.22-17.59.50:112][  0]LogInit: Transaction tracking system initialized
[2017.03.22-17.59.50:578][  0]BlueprintLog: New page: Editor Load
[2017.03.22-17.59.51:731][  0]LocalizationService: Info Localization service is disabled
[2017.03.22-17.59.52:533][  0]LogConsoleResponse:Display: 
[2017.03.22-17.59.52:700][  0]LogCook:Display: Max memory allowance for cook 16384mb min free memory 0mb
[2017.03.22-17.59.52:700][  0]LogCook:Display: Mobile HDR setting 1
[2017.03.22-17.59.53:077][  0]LogFileCache: Scanning file cache for directory 'D:/Steven/OneDrive - umich.edu/CIS/CIS 488/Github Repository/TheCursedBlade/Cursed_Blade/Content/' took 0.02s
[2017.03.22-17.59.53:884][  0]SourceControl: Info Source control is disabled
[2017.03.22-17.59.53:884][  0]Cmd: MAP LOAD FILE="D:/Steven/OneDrive - umich.edu/CIS/CIS 488/Github Repository/TheCursedBlade/Cursed_Blade/Content/Levels/MainMenuLevel.umap" TEMPLATE=0 SHOWPROGRESS=1 FEATURELEVEL=3
[2017.03.22-17.59.53:884][  0]LightingResults: New page: Lighting Build
[2017.03.22-17.59.53:937][  0]MapCheck: New page: Map Check
[2017.03.22-17.59.53:937][  0]LightingResults: New page: Lighting Build
[2017.03.22-17.59.54:579][  0]LogAIModule: Creating AISystem for world MainMenuLevel
[2017.03.22-17.59.54:618][  0]LogEditorServer: Finished looking for orphan Actors (0.000 secs)
[2017.03.22-17.59.54:625][  0]Cmd: MAP CHECKDEP NOCLEARLOG
[2017.03.22-17.59.54:699][  0]MapCheck: Info Map check complete: 0 Error(s), 0 Warning(s), took 74.366ms to complete.
[2017.03.22-17.59.54:699][  0]LogFileHelpers: Loading map 'MainMenuLevel' took 0.816
[2017.03.22-17.59.54:800][  0]LogWindowsTextInputMethodSystem:Display: IME system now deactivated.
[2017.03.22-17.59.55:020][  0]LogCollectionManager: Loaded 0 collections in 0.002298 seconds
[2017.03.22-17.59.55:162][  0]LogFileCache: Scanning file cache for directory 'D:/Steven/OneDrive - umich.edu/CIS/CIS 488/Github Repository/TheCursedBlade/Cursed_Blade/Saved/Collections/' took 0.01s
[2017.03.22-17.59.55:162][  0]LogFileCache: Scanning file cache for directory 'D:/Steven/OneDrive - umich.edu/CIS/CIS 488/Github Repository/TheCursedBlade/Cursed_Blade/Content/Developers/Steven/Collections/' took 0.01s
[2017.03.22-17.59.55:162][  0]LogFileCache: Scanning file cache for directory 'D:/Steven/OneDrive - umich.edu/CIS/CIS 488/Github Repository/TheCursedBlade/Cursed_Blade/Content/Collections/' took 0.01s
[2017.03.22-17.59.55:162][  0]LogCollectionManager: Rebuilt the GUID cache for 0 collections in 0.000003 seconds
[2017.03.22-17.59.55:182][  0]LogContentBrowser: Native class hierarchy populated in 0.0153 seconds. Added 2190 classes and 428 folders.
[2017.03.22-17.59.55:248][  0]LogStats: UGameplayTagsManager::ConstructGameplayTagTree: Construct from data asset -  0.000 s
[2017.03.22-17.59.55:248][  0]LogStats: UGameplayTagsManager::ConstructGameplayTagTree: GameplayTagTreeChangedEvent.Broadcast -  0.000 s
[2017.03.22-17.59.55:248][  0]LogContentBrowser: Native class hierarchy updated for 'GameplayTags' in 0.0005 seconds. Added 13 classes and 0 folders.
[2017.03.22-17.59.55:342][  0]LogContentBrowser: Native class hierarchy updated for 'WidgetCarousel' in 0.0004 seconds. Added 0 classes and 0 folders.
[2017.03.22-17.59.55:474][  0]LogContentBrowser: Native class hierarchy updated for 'AddContentDialog' in 0.0005 seconds. Added 0 classes and 0 folders.
[2017.03.22-17.59.55:552][  0]LogContentBrowser: Native class hierarchy updated for 'SceneOutliner' in 0.0006 seconds. Added 1 classes and 2 folders.
[2017.03.22-17.59.55:681][  0]LogCrashTracker: Crashtracker disabled due to settings.
[2017.03.22-17.59.55:696][  0]LogUObjectGlobals:Warning: Failed to find object 'Class None.'
[2017.03.22-17.59.55:795][  0]LogContentBrowser: Native class hierarchy updated for 'HierarchicalLODOutliner' in 0.0005 seconds. Added 1 classes and 2 folders.
[2017.03.22-17.59.55:795][  0]LogLoad: (Engine Initialization) Total time: 21.51 seconds
[2017.03.22-17.59.55:795][  0]LogLoad: (Engine Initialization) Total Blueprint compile time: 0.26 seconds
[2017.03.22-17.59.55:795][  0]LogExternalProfiler: Found external profiler: VSPerf
[2017.03.22-17.59.55:795][  0]LogExternalProfiler: Using external profiler: VSPerf
[2017.03.22-17.59.55:805][  0]LogOcInput: OculusInput pre-init called
[2017.03.22-17.59.55:830][  0]LogContentStreaming: Texture pool size now 1000 MB
[2017.03.22-17.59.56:018][  0]LogRenderer: Reallocating scene render targets to support 964x436 NumSamples 1 (Frame:2).
[2017.03.22-17.59.56:372][  2]LogAssetRegistry: Asset discovery search completed in 12.4742 seconds
[2017.03.22-17.59.56:372][  2]LogCollectionManager: Rebuilt the object cache for 0 collections in 0.000001 seconds (found 0 objects)
[2017.03.22-17.59.56:372][  2]LogCollectionManager: Fixed up redirectors for 0 collections in 0.000020 seconds (updated 0 objects)
[2017.03.22-18.00.37:516][ 78]LogPackageName:Warning: String asset reference "Env_Ice_Rocky.Mesh.Env_Ice_NordHeed01" is in short form, which is unsupported and -- even if valid -- resolving it will be really slow. Please consider resaving package in order to speed-up loading.
[2017.03.22-18.00.37:654][ 78]LogPackageName: SearchForPackageOnDisk took   0.138s, but failed to resolve Env_Ice_Rocky.
[2017.03.22-18.00.37:654][ 78]LogPackageName:Warning: String asset reference "Env_Ice_Rocky.Mesh.Env_Ice_NordHeed01" could not be resolved.
[2017.03.22-18.00.37:655][ 78]LogPackageName:Warning: String asset reference "Env_Ice_Rocky.Mesh.Env_Ice_MelancholicTroll01" is in short form, which is unsupported and -- even if valid -- resolving it will be really slow. Please consider resaving package in order to speed-up loading.
[2017.03.22-18.00.37:765][ 78]LogPackageName: SearchForPackageOnDisk took   0.110s, but failed to resolve Env_Ice_Rocky.
[2017.03.22-18.00.37:765][ 78]LogPackageName:Warning: String asset reference "Env_Ice_Rocky.Mesh.Env_Ice_MelancholicTroll01" could not be resolved.
[2017.03.22-18.00.37:806][ 78]LogPackageName:Warning: String asset reference "Exo_Deco01.SM.Mesh.WoodenBarrel_Intact" is in short form, which is unsupported and -- even if valid -- resolving it will be really slow. Please consider resaving package in order to speed-up loading.
[2017.03.22-18.00.37:961][ 78]LogPackageName: SearchForPackageOnDisk took   0.155s, but failed to resolve Exo_Deco01.
[2017.03.22-18.00.37:961][ 78]LogPackageName:Warning: String asset reference "Exo_Deco01.SM.Mesh.WoodenBarrel_Intact" could not be resolved.
[2017.03.22-18.00.38:108][ 78]LogPackageName:Warning: String asset reference "Env_Ice_RuinedWalls001" is in short form, which is unsupported and -- even if valid -- resolving it will be really slow. Please consider resaving package in order to speed-up loading.
[2017.03.22-18.00.38:244][ 78]LogPackageName: SearchForPackageOnDisk took   0.136s, but failed to resolve Env_Ice_RuinedWalls001.
[2017.03.22-18.00.38:244][ 78]LogPackageName:Warning: String asset reference "Env_Ice_RuinedWalls001" could not be resolved.
[2017.03.22-18.00.39:411][ 78]LogAIModule: Creating AISystem for world TombLevel
[2017.03.22-18.00.39:547][ 78]Cmd: MAP LOAD FILE="D:/Steven/OneDrive - umich.edu/CIS/CIS 488/Github Repository/TheCursedBlade/Cursed_Blade/Content/TombLevel.umap" TEMPLATE=0 SHOWPROGRESS=1 FEATURELEVEL=3
[2017.03.22-18.00.39:547][ 78]LightingResults: New page: Lighting Build
[2017.03.22-18.00.39:548][ 78]LoadErrors: New page: Loading map: TombLevel.umap
[2017.03.22-18.00.39:550][ 78]MapCheck: New page: Map Check
[2017.03.22-18.00.39:550][ 78]LightingResults: New page: Lighting Build
[2017.03.22-18.00.39:663][ 78]LogEditorServer: Finished looking for orphan Actors (0.000 secs)
[2017.03.22-18.00.39:706][ 78]Cmd: MAP CHECKDEP NOCLEARLOG
[2017.03.22-18.00.39:881][ 78]MapCheck: Info Map check complete: 0 Error(s), 0 Warning(s), took 174.775ms to complete.
[2017.03.22-18.00.39:881][ 78]LogFileHelpers: Loading map 'TombLevel' took 0.336
[2017.03.22-18.00.49:622][557]LogTemp: Repeting last play command: Selected Viewport
[2017.03.22-18.00.49:642][557]LogPlayLevel: PlayLevel: No blueprints needed recompiling
[2017.03.22-18.00.49:646][557]PIE: New page: PIE session: TombLevel (Mar 22, 2017, 10:00:49 AM)
[2017.03.22-18.00.49:647][557]LogPlayLevel: Creating play world package: /Game/UEDPIE_0_TombLevel
[2017.03.22-18.00.49:771][557]LogPlayLevel: PIE: StaticDuplicateObject took: (0.124682s)
[2017.03.22-18.00.49:772][557]LogAIModule: Creating AISystem for world TombLevel
[2017.03.22-18.00.49:773][557]LogPlayLevel: PIE: World Init took: (0.001383s)
[2017.03.22-18.00.49:774][557]LogPlayLevel: PIE: Created PIE world by copying editor world from /Game/TombLevel.TombLevel to /Game/UEDPIE_0_TombLevel.TombLevel (0.127826s)
[2017.03.22-18.00.49:803][557]LogInit: XAudio2 using 'Speakers (Realtek High Definition Audio)' : 2 channels at 48 kHz using 32 bits per sample (channel mask 0x3)
[2017.03.22-18.00.49:814][557]LogInit: FAudioDevice initialized.
[2017.03.22-18.00.49:878][557]LogLoad: Game class is 'myGame_C'
[2017.03.22-18.00.49:919][557]LogWorld: Bringing World /Game/UEDPIE_0_TombLevel.TombLevel up for play (max tick rate 0) at 2017.03.22-14.00.49
[2017.03.22-18.00.49:939][557]LogWorld: Bringing up level for play took: 0.052879
[2017.03.22-18.00.50:034][557]LogContentBrowser: Native class hierarchy updated for 'MovieSceneCapture' in 0.0006 seconds. Added 11 classes and 0 folders.
[2017.03.22-18.00.50:055][557]PIE: Info Play in editor start time for /Game/UEDPIE_0_TombLevel 0.514
[2017.03.22-18.01.44:069][107]LogContentBrowser: Native class hierarchy updated for 'BlueprintGraph' in 0.0010 seconds. Added 111 classes and 0 folders.
[2017.03.22-18.03.17:453][974]BlueprintLog: New page: Compile Enemy_AI
[2017.03.22-18.03.17:474][974]LogBlueprint:Error: [Compiler Enemy_AI] Error The type of  Object  is undetermined.  Connect something to  K2Node_DynamicCast_3  to imply a specific type.
[2017.03.22-18.03.17:474][974]LogBlueprint:Error: [Compiler Enemy_AI] Error The current value of the ' Object ' pin is invalid: Unsupported type Object Wildcard on pin Object
[2017.03.22-18.03.17:683][974]BlueprintEditorCompileResults:Error: Error The type of  Object  is undetermined.  Connect something to  K2Node_DynamicCast_3  to imply a specific type.
[2017.03.22-18.03.17:683][974]BlueprintEditorCompileResults:Error: Error The current value of the ' Object ' pin is invalid: Unsupported type Object Wildcard on pin Object
[2017.03.22-18.03.17:684][974]LogBlueprint:Warning: [Compiler Enemy_AI] Warning [0223.40] Compile of Enemy_AI failed. 2 Fatal Issue(s) 0 Warning(s) [in 230 ms] (/Game/character/Enemy_AI.Enemy_AI)
[2017.03.22-18.03.52:705][985]BlueprintLog: New page: Compile Enemy_AI
[2017.03.22-18.04.26:125][692]BlueprintLog: New page: Compile Enemy_AI
[2017.03.22-18.04.27:902][780]Cmd: OBJ SAVEPACKAGE PACKAGE="/Game/character/Enemy_AI" FILE="D:/Steven/OneDrive - umich.edu/CIS/CIS 488/Github Repository/TheCursedBlade/Cursed_Blade/Content/character/Enemy_AI.uasset" SILENT=true
[2017.03.22-18.04.27:971][780]LogSavePackage: Save=61.54ms
[2017.03.22-18.04.27:972][780]LogSavePackage: Moving 'D:/Steven/OneDrive - umich.edu/CIS/CIS 488/Github Repository/TheCursedBlade/Cursed_Blade/Saved/Enemy_AI8724CA804E87D908E07F81A4437AFE3C.tmp' to 'D:/Steven/OneDrive - umich.edu/CIS/CIS 488/Github Repository/TheCursedBlade/Cursed_Blade/Content/character/Enemy_AI.uasset'
[2017.03.22-18.04.27:974][780]LogSavePackage:Display: Finished SavePackage D:/Steven/OneDrive - umich.edu/CIS/CIS 488/Github Repository/TheCursedBlade/Cursed_Blade/Content/character/Enemy_AI.uasset
[2017.03.22-18.04.32:997][151]LogTemp: Repeting last play command: Selected Viewport
[2017.03.22-18.04.33:041][151]LogPlayLevel: PlayLevel: No blueprints needed recompiling
[2017.03.22-18.04.33:041][151]PIE: New page: PIE session: TombLevel (Mar 22, 2017, 10:04:33 AM)
[2017.03.22-18.04.33:041][151]LogPlayLevel: Creating play world package: /Game/UEDPIE_0_TombLevel
[2017.03.22-18.04.33:211][151]LogPlayLevel: PIE: StaticDuplicateObject took: (0.169224s)
[2017.03.22-18.04.33:211][151]LogAIModule: Creating AISystem for world TombLevel
[2017.03.22-18.04.33:211][151]LogPlayLevel: PIE: World Init took: (0.000790s)
[2017.03.22-18.04.33:212][151]LogPlayLevel: PIE: Created PIE world by copying editor world from /Game/TombLevel.TombLevel to /Game/UEDPIE_0_TombLevel.TombLevel (0.170791s)
[2017.03.22-18.04.33:267][151]LogInit: XAudio2 using 'Speakers (Realtek High Definition Audio)' : 2 channels at 48 kHz using 32 bits per sample (channel mask 0x3)
[2017.03.22-18.04.33:278][151]LogInit: FAudioDevice initialized.
[2017.03.22-18.04.33:324][151]LogLoad: Game class is 'myGame_C'
[2017.03.22-18.04.33:360][151]LogWorld: Bringing World /Game/UEDPIE_0_TombLevel.TombLevel up for play (max tick rate 0) at 2017.03.22-14.04.33
[2017.03.22-18.04.33:367][151]LogWorld: Bringing up level for play took: 0.042877
[2017.03.22-18.04.33:377][151]PIE: Info Play in editor start time for /Game/UEDPIE_0_TombLevel -0.163
[2017.03.22-18.04.33:412][151]LogRenderer: Reallocating scene render targets to support 1292x756 NumSamples 1 (Frame:5453).
[2017.03.22-18.04.49:674][521]LogBlueprintDebug:Warning: Hit breakpoint on node 'CallFunc_ApplyDamage', from offset 357
[2017.03.22-18.04.49:674][521]LogBlueprintDebug: 
Script call stack:
	Function /Game/character/Enemy_AI.Enemy_AI_C:OnSuccess_11A656664B11163FB5B94BAD6F91F413
	Function /Game/character/Enemy_AI.Enemy_AI_C:ExecuteUbergraph_Enemy_AI

[2017.03.22-18.04.49:787][521]LogScriptCore:Warning: Cannot call UnrealScript (FloatBinding /Engine/Transient.UnrealEdEngine_0:GameInstance_1.GameMode_C_1.WidgetTree.HealthBar.FloatBinding_1 - Function /Script/UMG.FloatBinding:GetValue) while stopped at a breakpoint.
[2017.03.22-18.04.57:708][524]LogBlueprintDebug:Warning: Hit breakpoint on node 'CallFunc_ApplyDamage', from offset 357
[2017.03.22-18.04.57:708][524]LogBlueprintDebug: 
Script call stack:
	Function /Game/character/Enemy_AI.Enemy_AI_C:OnSuccess_11A656664B11163FB5B94BAD6F91F413
	Function /Game/character/Enemy_AI.Enemy_AI_C:ExecuteUbergraph_Enemy_AI

[2017.03.22-18.04.57:799][524]LogScriptCore:Warning: Cannot call UnrealScript (FloatBinding /Engine/Transient.UnrealEdEngine_0:GameInstance_1.GameMode_C_1.WidgetTree.HealthBar.FloatBinding_1 - Function /Script/UMG.FloatBinding:GetValue) while stopped at a breakpoint.
[2017.03.22-18.05.00:387][530]LogBlueprintDebug:Warning: Hit breakpoint on node 'CallFunc_ApplyDamage', from offset 357
[2017.03.22-18.05.00:387][530]LogBlueprintDebug: 
Script call stack:
	Function /Game/character/Enemy_AI.Enemy_AI_C:OnSuccess_11A656664B11163FB5B94BAD6F91F413
	Function /Game/character/Enemy_AI.Enemy_AI_C:ExecuteUbergraph_Enemy_AI

[2017.03.22-18.05.00:483][530]LogScriptCore:Warning: Cannot call UnrealScript (FloatBinding /Engine/Transient.UnrealEdEngine_0:GameInstance_1.GameMode_C_1.WidgetTree.HealthBar.FloatBinding_1 - Function /Script/UMG.FloatBinding:GetValue) while stopped at a breakpoint.
[2017.03.22-18.05.04:471][535]LogBlueprintDebug:Warning: Hit breakpoint on node 'CallFunc_ApplyDamage', from offset 357
[2017.03.22-18.05.04:471][535]LogBlueprintDebug: 
Script call stack:
	Function /Game/character/Enemy_AI.Enemy_AI_C:OnSuccess_11A656664B11163FB5B94BAD6F91F413
	Function /Game/character/Enemy_AI.Enemy_AI_C:ExecuteUbergraph_Enemy_AI

[2017.03.22-18.05.04:566][535]LogScriptCore:Warning: Cannot call UnrealScript (FloatBinding /Engine/Transient.UnrealEdEngine_0:GameInstance_1.GameMode_C_1.WidgetTree.HealthBar.FloatBinding_1 - Function /Script/UMG.FloatBinding:GetValue) while stopped at a breakpoint.
[2017.03.22-18.05.15:392][540]LogBlueprintDebug:Warning: Hit breakpoint on node 'CallFunc_ApplyDamage', from offset 357
[2017.03.22-18.05.15:392][540]LogBlueprintDebug: 
Script call stack:
	Function /Game/character/Enemy_AI.Enemy_AI_C:OnSuccess_11A656664B11163FB5B94BAD6F91F413
	Function /Game/character/Enemy_AI.Enemy_AI_C:ExecuteUbergraph_Enemy_AI

[2017.03.22-18.05.15:485][540]LogScriptCore:Warning: Cannot call UnrealScript (FloatBinding /Engine/Transient.UnrealEdEngine_0:GameInstance_1.GameMode_C_1.WidgetTree.HealthBar.FloatBinding_1 - Function /Script/UMG.FloatBinding:GetValue) while stopped at a breakpoint.
[2017.03.22-18.05.15:485][540]LogScriptCore:Warning: Cannot call UnrealScript (FloatBinding /Engine/Transient.UnrealEdEngine_0:GameInstance_1.GameMode_C_1.WidgetTree.HealthBar.FloatBinding_1 - Function /Script/UMG.FloatBinding:GetValue) while stopped at a breakpoint.
[2017.03.22-18.05.17:824][545]LogBlueprintDebug:Warning: Hit breakpoint on node 'CallFunc_ApplyDamage', from offset 357
[2017.03.22-18.05.17:824][545]LogBlueprintDebug: 
Script call stack:
	Function /Game/character/Enemy_AI.Enemy_AI_C:OnSuccess_11A656664B11163FB5B94BAD6F91F413
	Function /Game/character/Enemy_AI.Enemy_AI_C:ExecuteUbergraph_Enemy_AI

[2017.03.22-18.05.17:916][545]LogScriptCore:Warning: Cannot call UnrealScript (FloatBinding /Engine/Transient.UnrealEdEngine_0:GameInstance_1.GameMode_C_1.WidgetTree.HealthBar.FloatBinding_1 - Function /Script/UMG.FloatBinding:GetValue) while stopped at a breakpoint.
[2017.03.22-18.06.09:791][702]BlueprintLog: New page: Compile characterBP
[2017.03.22-18.06.25:082][886]BlueprintLog: New page: Compile Enemy_AI
[2017.03.22-18.06.32:398][488]LogTemp: Repeting last play command: Selected Viewport
[2017.03.22-18.06.32:419][488]LogPlayLevel: PlayLevel: No blueprints needed recompiling
[2017.03.22-18.06.32:419][488]PIE: New page: PIE session: TombLevel (Mar 22, 2017, 10:06:32 AM)
[2017.03.22-18.06.32:419][488]LogPlayLevel: Creating play world package: /Game/UEDPIE_0_TombLevel
[2017.03.22-18.06.32:523][488]LogPlayLevel: PIE: StaticDuplicateObject took: (0.103976s)
[2017.03.22-18.06.32:524][488]LogAIModule: Creating AISystem for world TombLevel
[2017.03.22-18.06.32:524][488]LogPlayLevel: PIE: World Init took: (0.000721s)
[2017.03.22-18.06.32:524][488]LogPlayLevel: PIE: Created PIE world by copying editor world from /Game/TombLevel.TombLevel to /Game/UEDPIE_0_TombLevel.TombLevel (0.105403s)
[2017.03.22-18.06.32:563][488]LogInit: XAudio2 using 'Speakers (Realtek High Definition Audio)' : 2 channels at 48 kHz using 32 bits per sample (channel mask 0x3)
[2017.03.22-18.06.32:572][488]LogInit: FAudioDevice initialized.
[2017.03.22-18.06.32:611][488]LogLoad: Game class is 'myGame_C'
[2017.03.22-18.06.32:640][488]LogWorld: Bringing World /Game/UEDPIE_0_TombLevel.TombLevel up for play (max tick rate 0) at 2017.03.22-14.06.32
[2017.03.22-18.06.32:646][488]LogWorld: Bringing up level for play took: 0.034486
[2017.03.22-18.06.32:656][488]PIE: Info Play in editor start time for /Game/UEDPIE_0_TombLevel 1.116
[2017.03.22-18.09.37:403][540]BlueprintLog: New page: Compile characterBP
[2017.03.22-18.09.57:316][ 48]LogTemp: Repeting last play command: Selected Viewport
[2017.03.22-18.09.57:345][ 48]LogPlayLevel: PlayLevel: No blueprints needed recompiling
[2017.03.22-18.09.57:346][ 48]PIE: New page: PIE session: TombLevel (Mar 22, 2017, 10:09:57 AM)
[2017.03.22-18.09.57:346][ 48]LogPlayLevel: Creating play world package: /Game/UEDPIE_0_TombLevel
[2017.03.22-18.09.57:470][ 48]LogPlayLevel: PIE: StaticDuplicateObject took: (0.124555s)
[2017.03.22-18.09.57:471][ 48]LogAIModule: Creating AISystem for world TombLevel
[2017.03.22-18.09.57:471][ 48]LogPlayLevel: PIE: World Init took: (0.000939s)
[2017.03.22-18.09.57:472][ 48]LogPlayLevel: PIE: Created PIE world by copying editor world from /Game/TombLevel.TombLevel to /Game/UEDPIE_0_TombLevel.TombLevel (0.126353s)
[2017.03.22-18.09.57:508][ 48]LogInit: XAudio2 using 'Speakers (Realtek High Definition Audio)' : 2 channels at 48 kHz using 32 bits per sample (channel mask 0x3)
[2017.03.22-18.09.57:520][ 48]LogInit: FAudioDevice initialized.
[2017.03.22-18.09.57:572][ 48]LogLoad: Game class is 'myGame_C'
[2017.03.22-18.09.57:611][ 48]LogWorld: Bringing World /Game/UEDPIE_0_TombLevel.TombLevel up for play (max tick rate 0) at 2017.03.22-14.09.57
[2017.03.22-18.09.57:618][ 48]LogWorld: Bringing up level for play took: 0.045318
[2017.03.22-18.09.57:631][ 48]PIE: Info Play in editor start time for /Game/UEDPIE_0_TombLevel 0.09
[2017.03.22-18.10.10:641][329]LogNet: Browse: /Game/TombLevel
[2017.03.22-18.10.10:641][329]LogLoad: LoadMap: /Game/TombLevel
[2017.03.22-18.10.10:754][329]Cmd: MEM
[2017.03.22-18.10.10:791][329]LogMemory: Platform Memory Stats for Windows
[2017.03.22-18.10.10:791][329]LogMemory: Process Physical Memory: 1515.93 MB used, 1516.48 MB peak
[2017.03.22-18.10.10:791][329]LogMemory: Process Virtual Memory: 2489.41 MB used, 2498.66 MB peak
[2017.03.22-18.10.10:791][329]LogMemory: Physical Memory: 4760.62 MB used,  3299.51 MB free, 8060.13 MB total
[2017.03.22-18.10.10:791][329]LogMemory: Virtual Memory: 3306.82 MB used,  3299.51 MB free, 134217728.00 MB total
[2017.03.22-18.10.10:791][329]LogMemory: 
[2017.03.22-18.10.10:791][329]Allocator Stats for TBB: (not implemented)
[2017.03.22-18.10.10:793][329]LogPlayLevel: Creating play world package: /Game/UEDPIE_0_TombLevel
[2017.03.22-18.10.10:890][329]LogPlayLevel: PIE: StaticDuplicateObject took: (0.096430s)
[2017.03.22-18.10.10:890][329]LogAIModule: Creating AISystem for world TombLevel
[2017.03.22-18.10.10:890][329]LogPlayLevel: PIE: World Init took: (0.000708s)
[2017.03.22-18.10.10:891][329]LogPlayLevel: PIE: Created PIE world by copying editor world from /Game/TombLevel.TombLevel to /Game/UEDPIE_0_TombLevel.TombLevel (0.097803s)
[2017.03.22-18.10.10:891][329]LogLoad: Game class is 'myGame_C'
[2017.03.22-18.10.10:914][329]LogWorld: Bringing World /Game/UEDPIE_0_TombLevel.TombLevel up for play (max tick rate 0) at 2017.03.22-14.10.10
[2017.03.22-18.10.10:919][329]LogWorld: Bringing up level for play took: 0.027470
[2017.03.22-18.10.10:924][329]LogLoad: Took 0.282887 seconds to LoadMap(/Game/UEDPIE_0_TombLevel)
[2017.03.22-18.10.21:390][ 58]BlueprintLog: New page: Compile characterBP
[2017.03.22-18.10.22:921][130]LogTemp: Repeting last play command: Selected Viewport
[2017.03.22-18.10.22:950][130]LogPlayLevel: PlayLevel: No blueprints needed recompiling
[2017.03.22-18.10.22:950][130]PIE: New page: PIE session: TombLevel (Mar 22, 2017, 10:10:22 AM)
[2017.03.22-18.10.22:950][130]LogPlayLevel: Creating play world package: /Game/UEDPIE_0_TombLevel
[2017.03.22-18.10.23:052][130]LogPlayLevel: PIE: StaticDuplicateObject took: (0.101461s)
[2017.03.22-18.10.23:052][130]LogAIModule: Creating AISystem for world TombLevel
[2017.03.22-18.10.23:053][130]LogPlayLevel: PIE: World Init took: (0.000763s)
[2017.03.22-18.10.23:053][130]LogPlayLevel: PIE: Created PIE world by copying editor world from /Game/TombLevel.TombLevel to /Game/UEDPIE_0_TombLevel.TombLevel (0.102732s)
[2017.03.22-18.10.23:090][130]LogInit: XAudio2 using 'Speakers (Realtek High Definition Audio)' : 2 channels at 48 kHz using 32 bits per sample (channel mask 0x3)
[2017.03.22-18.10.23:100][130]LogInit: FAudioDevice initialized.
[2017.03.22-18.10.23:148][130]LogLoad: Game class is 'myGame_C'
[2017.03.22-18.10.23:173][130]LogWorld: Bringing World /Game/UEDPIE_0_TombLevel.TombLevel up for play (max tick rate 0) at 2017.03.22-14.10.23
[2017.03.22-18.10.23:177][130]LogWorld: Bringing up level for play took: 0.029597
[2017.03.22-18.10.23:191][130]PIE: Info Play in editor start time for /Game/UEDPIE_0_TombLevel -0.35
[2017.03.22-18.10.38:039][504]LogNet: Browse: /Game/TombLevel
[2017.03.22-18.10.38:039][504]LogLoad: LoadMap: /Game/TombLevel
[2017.03.22-18.10.38:148][504]Cmd: MEM
[2017.03.22-18.10.38:180][504]LogMemory: Platform Memory Stats for Windows
[2017.03.22-18.10.38:180][504]LogMemory: Process Physical Memory: 1518.61 MB used, 1525.23 MB peak
[2017.03.22-18.10.38:180][504]LogMemory: Process Virtual Memory: 2495.52 MB used, 2557.93 MB peak
[2017.03.22-18.10.38:180][504]LogMemory: Physical Memory: 4758.92 MB used,  3301.21 MB free, 8060.13 MB total
[2017.03.22-18.10.38:180][504]LogMemory: Virtual Memory: 3310.44 MB used,  3301.21 MB free, 134217728.00 MB total
[2017.03.22-18.10.38:180][504]LogMemory: 
[2017.03.22-18.10.38:180][504]Allocator Stats for TBB: (not implemented)
[2017.03.22-18.10.38:180][504]LogPlayLevel: Creating play world package: /Game/UEDPIE_0_TombLevel
[2017.03.22-18.10.38:272][504]LogPlayLevel: PIE: StaticDuplicateObject took: (0.092731s)
[2017.03.22-18.10.38:273][504]LogAIModule: Creating AISystem for world TombLevel
[2017.03.22-18.10.38:273][504]LogPlayLevel: PIE: World Init took: (0.000763s)
[2017.03.22-18.10.38:273][504]LogPlayLevel: PIE: Created PIE world by copying editor world from /Game/TombLevel.TombLevel to /Game/UEDPIE_0_TombLevel.TombLevel (0.094000s)
[2017.03.22-18.10.38:274][504]LogLoad: Game class is 'myGame_C'
[2017.03.22-18.10.38:303][504]LogWorld: Bringing World /Game/UEDPIE_0_TombLevel.TombLevel up for play (max tick rate 0) at 2017.03.22-14.10.38
[2017.03.22-18.10.38:308][504]LogWorld: Bringing up level for play took: 0.033301
[2017.03.22-18.10.38:311][504]LogLoad: Took 0.271386 seconds to LoadMap(/Game/UEDPIE_0_TombLevel)
[2017.03.22-18.10.50:257][264]LogSavePackage: Save=513.43ms
[2017.03.22-18.10.50:257][264]LogSavePackage: Moving 'D:/Steven/OneDrive - umich.edu/CIS/CIS 488/Github Repository/TheCursedBlade/Cursed_Blade/Saved/TombLevel70CE2F5A4A6EF0C633E1E087AB684A76.tmp' to 'D:/Steven/OneDrive - umich.edu/CIS/CIS 488/Github Repository/TheCursedBlade/Cursed_Blade/Content/TombLevel.umap'
[2017.03.22-18.10.50:259][264]LogSavePackage:Display: Finished SavePackage D:/Steven/OneDrive - umich.edu/CIS/CIS 488/Github Repository/TheCursedBlade/Cursed_Blade/Content/TombLevel.umap
[2017.03.22-18.10.50:298][264]LogFileHelpers: Saving map 'TombLevel' took 0.750
[2017.03.22-18.10.50:355][264]Cmd: OBJ SAVEPACKAGE PACKAGE="/Game/character/Enemy_AI" FILE="D:/Steven/OneDrive - umich.edu/CIS/CIS 488/Github Repository/TheCursedBlade/Cursed_Blade/Content/character/Enemy_AI.uasset" SILENT=true
[2017.03.22-18.10.50:402][264]LogSavePackage: Save=43.04ms
[2017.03.22-18.10.50:403][264]LogSavePackage: Moving 'D:/Steven/OneDrive - umich.edu/CIS/CIS 488/Github Repository/TheCursedBlade/Cursed_Blade/Saved/Enemy_AI1A06E28046D60D701281CCB4EF7D95A2.tmp' to 'D:/Steven/OneDrive - umich.edu/CIS/CIS 488/Github Repository/TheCursedBlade/Cursed_Blade/Content/character/Enemy_AI.uasset'
[2017.03.22-18.10.50:404][264]LogSavePackage:Display: Finished SavePackage D:/Steven/OneDrive - umich.edu/CIS/CIS 488/Github Repository/TheCursedBlade/Cursed_Blade/Content/character/Enemy_AI.uasset
[2017.03.22-18.10.50:461][264]Cmd: OBJ SAVEPACKAGE PACKAGE="/Game/character/characterBP" FILE="D:/Steven/OneDrive - umich.edu/CIS/CIS 488/Github Repository/TheCursedBlade/Cursed_Blade/Content/character/characterBP.uasset" SILENT=true
[2017.03.22-18.10.50:535][264]LogSavePackage: Save=67.32ms
[2017.03.22-18.10.50:535][264]LogSavePackage: Moving 'D:/Steven/OneDrive - umich.edu/CIS/CIS 488/Github Repository/TheCursedBlade/Cursed_Blade/Saved/characterBP345159BE41D05CEFC222E7938B6CD33A.tmp' to 'D:/Steven/OneDrive - umich.edu/CIS/CIS 488/Github Repository/TheCursedBlade/Cursed_Blade/Content/character/characterBP.uasset'
[2017.03.22-18.10.50:536][264]LogSavePackage:Display: Finished SavePackage D:/Steven/OneDrive - umich.edu/CIS/CIS 488/Github Repository/TheCursedBlade/Cursed_Blade/Content/character/characterBP.uasset
[2017.03.22-18.11.41:640][ 18]LogEditorTransaction: Undo Move Nodes
[2017.03.22-18.11.41:833][ 19]LogEditorTransaction: Undo Move Nodes
[2017.03.22-18.13.31:494][614]BlueprintLog: New page: Compile characterBP
[2017.03.22-18.13.37:165][787]LogSavePackage: Save=584.18ms
[2017.03.22-18.13.37:165][787]LogSavePackage: Moving 'D:/Steven/OneDrive - umich.edu/CIS/CIS 488/Github Repository/TheCursedBlade/Cursed_Blade/Saved/TombLevelE63323DE4FACD3AB00DE49A489F59DA5.tmp' to 'D:/Steven/OneDrive - umich.edu/CIS/CIS 488/Github Repository/TheCursedBlade/Cursed_Blade/Content/TombLevel.umap'
[2017.03.22-18.13.37:169][787]LogSavePackage:Display: Finished SavePackage D:/Steven/OneDrive - umich.edu/CIS/CIS 488/Github Repository/TheCursedBlade/Cursed_Blade/Content/TombLevel.umap
