Log file open, 04/22/17 03:50:19
LogInit:Display: Running engine for game: Cursed_Blade
LogPlatformFile: Not using cached read wrapper
LogInit:Display: RandInit(1862809040) SRandInit(1862809040).
LogTaskGraph: Started task graph with 5 named threads and 6 total threads with 1 sets of task threads.
LogStats: Stats thread started at 0.086555
LogPluginManager: Loaded Plugin Paper2D, From C:/Program Files (x86)/Epic Games/4.14/Engine/Plugins/2D/Paper2D/Paper2D.uplugin
LogPluginManager: Loaded Plugin LightPropagationVolume, From C:/Program Files (x86)/Epic Games/4.14/Engine/Plugins/Blendables/LightPropagationVolume/LightPropagationVolume.uplugin
LogPluginManager: Loaded Plugin BlankPlugin, From C:/Program Files (x86)/Epic Games/4.14/Engine/Plugins/Developer/BlankPlugin/BlankPlugin.uplugin
LogPluginManager: Loaded Plugin CodeLiteSourceCodeAccess, From C:/Program Files (x86)/Epic Games/4.14/Engine/Plugins/Developer/CodeLiteSourceCodeAccess/CodeLiteSourceCodeAccess.uplugin
LogPluginManager: Loaded Plugin GitSourceControl, From C:/Program Files (x86)/Epic Games/4.14/Engine/Plugins/Developer/GitSourceControl/GitSourceControl.uplugin
LogPluginManager: Loaded Plugin KDevelopSourceCodeAccess, From C:/Program Files (x86)/Epic Games/4.14/Engine/Plugins/Developer/KDevelopSourceCodeAccess/KDevelopSourceCodeAccess.uplugin
LogPluginManager: Loaded Plugin NullSourceCodeAccess, From C:/Program Files (x86)/Epic Games/4.14/Engine/Plugins/Developer/NullSourceCodeAccess/NullSourceCodeAccess.uplugin
LogPluginManager: Loaded Plugin OneSkyLocalizationService, From C:/Program Files (x86)/Epic Games/4.14/Engine/Plugins/Developer/OneSkyLocalizationService/OneSkyLocalizationService.uplugin
LogPluginManager: Loaded Plugin PerforceSourceControl, From C:/Program Files (x86)/Epic Games/4.14/Engine/Plugins/Developer/PerforceSourceControl/PerforceSourceControl.uplugin
LogPluginManager: Loaded Plugin SubversionSourceControl, From C:/Program Files (x86)/Epic Games/4.14/Engine/Plugins/Developer/SubversionSourceControl/SubversionSourceControl.uplugin
LogPluginManager: Loaded Plugin UObjectPlugin, From C:/Program Files (x86)/Epic Games/4.14/Engine/Plugins/Developer/UObjectPlugin/UObjectPlugin.uplugin
LogPluginManager: Loaded Plugin VisualStudioSourceCodeAccess, From C:/Program Files (x86)/Epic Games/4.14/Engine/Plugins/Developer/VisualStudioSourceCodeAccess/VisualStudioSourceCodeAccess.uplugin
LogPluginManager: Loaded Plugin XCodeSourceCodeAccess, From C:/Program Files (x86)/Epic Games/4.14/Engine/Plugins/Developer/XCodeSourceCodeAccess/XCodeSourceCodeAccess.uplugin
LogPluginManager: Loaded Plugin AudioCapture, From C:/Program Files (x86)/Epic Games/4.14/Engine/Plugins/Editor/AudioCapture/AudioCapture.uplugin
LogPluginManager: Loaded Plugin EpicSurvey, From C:/Program Files (x86)/Epic Games/4.14/Engine/Plugins/Editor/EpicSurvey/EpicSurvey.uplugin
LogPluginManager: Loaded Plugin MacGraphicsSwitching, From C:/Program Files (x86)/Epic Games/4.14/Engine/Plugins/Editor/MacGraphicsSwitching/MacGraphicsSwitching.uplugin
LogPluginManager: Loaded Plugin MobileLauncherProfileWizard, From C:/Program Files (x86)/Epic Games/4.14/Engine/Plugins/Editor/MobileLauncherProfileWizard/MobileLauncherProfileWizard.uplugin
LogPluginManager: Loaded Plugin PluginBrowser, From C:/Program Files (x86)/Epic Games/4.14/Engine/Plugins/Editor/PluginBrowser/PluginBrowser.uplugin
LogPluginManager: Loaded Plugin SpeedTreeImporter, From C:/Program Files (x86)/Epic Games/4.14/Engine/Plugins/Editor/SpeedTreeImporter/SpeedTreeImporter.uplugin
LogPluginManager: Loaded Plugin SuperSearchEditor, From C:/Program Files (x86)/Epic Games/4.14/Engine/Plugins/Editor/SuperSearchEditor/SuperSearchEditor.uplugin
LogPluginManager: Loaded Plugin AlembicImporter, From C:/Program Files (x86)/Epic Games/4.14/Engine/Plugins/Experimental/AlembicImporter/AlembicImporter.uplugin
LogPluginManager: Loaded Plugin BlueprintStats, From C:/Program Files (x86)/Epic Games/4.14/Engine/Plugins/Experimental/BlueprintStats/BlueprintStats.uplugin
LogPluginManager: Loaded Plugin CharacterAI, From C:/Program Files (x86)/Epic Games/4.14/Engine/Plugins/Experimental/CharacterAI/CharacterAI.uplugin
LogPluginManager: Loaded Plugin CodeEditor, From C:/Program Files (x86)/Epic Games/4.14/Engine/Plugins/Experimental/CodeEditor/CodeEditor.uplugin
LogPluginManager: Loaded Plugin CodeView, From C:/Program Files (x86)/Epic Games/4.14/Engine/Plugins/Experimental/CodeView/CodeView.uplugin
LogPluginManager: Loaded Plugin HTML5Networking, From C:/Program Files (x86)/Epic Games/4.14/Engine/Plugins/Experimental/HTML5Networking/HTML5Networking.uplugin
LogPluginManager: Loaded Plugin OSVR, From C:/Program Files (x86)/Epic Games/4.14/Engine/Plugins/Experimental/OSVR/OSVR.uplugin
LogPluginManager: Loaded Plugin Phya, From C:/Program Files (x86)/Epic Games/4.14/Engine/Plugins/Experimental/Phya/Phya.uplugin
LogPluginManager: Loaded Plugin SignificanceManager, From C:/Program Files (x86)/Epic Games/4.14/Engine/Plugins/Experimental/SignificanceManager/SignificanceManager.uplugin
LogPluginManager: Loaded Plugin SimpleHMD, From C:/Program Files (x86)/Epic Games/4.14/Engine/Plugins/Experimental/SimpleHMD/SimpleHMD.uplugin
LogPluginManager: Loaded Plugin StereoPanorama, From C:/Program Files (x86)/Epic Games/4.14/Engine/Plugins/Experimental/StereoPanorama/StereoPanorama.uplugin
LogPluginManager: Loaded Plugin StructBox, From C:/Program Files (x86)/Epic Games/4.14/Engine/Plugins/Experimental/StructBox/StructBox.uplugin
LogPluginManager: Loaded Plugin AndroidMedia, From C:/Program Files (x86)/Epic Games/4.14/Engine/Plugins/Media/AndroidMedia/AndroidMedia.uplugin
LogPluginManager: Loaded Plugin AvfMedia, From C:/Program Files (x86)/Epic Games/4.14/Engine/Plugins/Media/AvfMedia/AvfMedia.uplugin
LogPluginManager: Loaded Plugin MediaPlayerEditor, From C:/Program Files (x86)/Epic Games/4.14/Engine/Plugins/Media/MediaPlayerEditor/MediaPlayerEditor.uplugin
LogPluginManager: Loaded Plugin WmfMedia, From C:/Program Files (x86)/Epic Games/4.14/Engine/Plugins/Media/WmfMedia/WmfMedia.uplugin
LogPluginManager: Loaded Plugin MessagingDebugger, From C:/Program Files (x86)/Epic Games/4.14/Engine/Plugins/Messaging/MessagingDebugger/MessagingDebugger.uplugin
LogPluginManager: Loaded Plugin TcpMessaging, From C:/Program Files (x86)/Epic Games/4.14/Engine/Plugins/Messaging/TcpMessaging/TcpMessaging.uplugin
LogPluginManager: Loaded Plugin UdpMessaging, From C:/Program Files (x86)/Epic Games/4.14/Engine/Plugins/Messaging/UdpMessaging/UdpMessaging.uplugin
LogPluginManager: Loaded Plugin LevelSequenceEditor, From C:/Program Files (x86)/Epic Games/4.14/Engine/Plugins/MovieScene/LevelSequenceEditor/LevelSequenceEditor.uplugin
LogPluginManager: Loaded Plugin MatineeToLevelSequence, From C:/Program Files (x86)/Epic Games/4.14/Engine/Plugins/MovieScene/MatineeToLevelSequence/MatineeToLevelSequence.uplugin
LogPluginManager: Loaded Plugin NetcodeUnitTest, From C:/Program Files (x86)/Epic Games/4.14/Engine/Plugins/NetcodeUnitTest/NetcodeUnitTest/NetcodeUnitTest.uplugin
LogPluginManager: Loaded Plugin NUTUnrealEngine4, From C:/Program Files (x86)/Epic Games/4.14/Engine/Plugins/NetcodeUnitTest/NUTUnrealEngine4/NUTUnrealEngine4.uplugin
LogPluginManager: Loaded Plugin OnlineSubsystemGameCircle, From C:/Program Files (x86)/Epic Games/4.14/Engine/Plugins/Online/Android/OnlineSubsystemGameCircle/OnlineSubsystemGameCircle.uplugin
LogPluginManager: Loaded Plugin OnlineSubsystemGooglePlay, From C:/Program Files (x86)/Epic Games/4.14/Engine/Plugins/Online/Android/OnlineSubsystemGooglePlay/OnlineSubsystemGooglePlay.uplugin
LogPluginManager: Loaded Plugin OnlineSubsystemIOS, From C:/Program Files (x86)/Epic Games/4.14/Engine/Plugins/Online/IOS/OnlineSubsystemIOS/OnlineSubsystemIOS.uplugin
LogPluginManager: Loaded Plugin OnlineFramework, From C:/Program Files (x86)/Epic Games/4.14/Engine/Plugins/Online/OnlineFramework/OnlineFramework.uplugin
LogPluginManager: Loaded Plugin OnlineSubsystem, From C:/Program Files (x86)/Epic Games/4.14/Engine/Plugins/Online/OnlineSubsystem/OnlineSubsystem.uplugin
LogPluginManager: Loaded Plugin OnlineSubsystemAmazon, From C:/Program Files (x86)/Epic Games/4.14/Engine/Plugins/Online/OnlineSubsystemAmazon/OnlineSubsystemAmazon.uplugin
LogPluginManager: Loaded Plugin OnlineSubsystemFacebook, From C:/Program Files (x86)/Epic Games/4.14/Engine/Plugins/Online/OnlineSubsystemFacebook/OnlineSubsystemFacebook.uplugin
LogPluginManager: Loaded Plugin OnlineSubsystemNull, From C:/Program Files (x86)/Epic Games/4.14/Engine/Plugins/Online/OnlineSubsystemNull/OnlineSubsystemNull.uplugin
LogPluginManager: Loaded Plugin OnlineSubsystemOculus, From C:/Program Files (x86)/Epic Games/4.14/Engine/Plugins/Online/OnlineSubsystemOculus/OnlineSubsystemOculus.uplugin
LogPluginManager: Loaded Plugin OnlineSubsystemSteam, From C:/Program Files (x86)/Epic Games/4.14/Engine/Plugins/Online/OnlineSubsystemSteam/OnlineSubsystemSteam.uplugin
LogPluginManager: Loaded Plugin OnlineSubsystemUtils, From C:/Program Files (x86)/Epic Games/4.14/Engine/Plugins/Online/OnlineSubsystemUtils/OnlineSubsystemUtils.uplugin
LogPluginManager: Loaded Plugin IOSTapJoy, From C:/Program Files (x86)/Epic Games/4.14/Engine/Plugins/Runtime/Advertising/IOSTapJoy/IOSTapJoy.uplugin
LogPluginManager: Loaded Plugin AnalyticsBlueprintLibrary, From C:/Program Files (x86)/Epic Games/4.14/Engine/Plugins/Runtime/Analytics/AnalyticsBlueprintLibrary/AnalyticsBlueprintLibrary.uplugin
LogPluginManager: Loaded Plugin AnalyticsMulticast, From C:/Program Files (x86)/Epic Games/4.14/Engine/Plugins/Runtime/Analytics/AnalyticsMulticast/AnalyticsMulticast.uplugin
LogPluginManager: Loaded Plugin Apsalar, From C:/Program Files (x86)/Epic Games/4.14/Engine/Plugins/Runtime/Analytics/Apsalar/Apsalar.uplugin
LogPluginManager: Loaded Plugin FileLogging, From C:/Program Files (x86)/Epic Games/4.14/Engine/Plugins/Runtime/Analytics/FileLogging/FileLogging.uplugin
LogPluginManager: Loaded Plugin Flurry, From C:/Program Files (x86)/Epic Games/4.14/Engine/Plugins/Runtime/Analytics/Flurry/Flurry.uplugin
LogPluginManager: Loaded Plugin AndroidDeviceProfileSelector, From C:/Program Files (x86)/Epic Games/4.14/Engine/Plugins/Runtime/AndroidDeviceProfileSelector/AndroidDeviceProfileSelector.uplugin
LogPluginManager: Loaded Plugin AndroidMoviePlayer, From C:/Program Files (x86)/Epic Games/4.14/Engine/Plugins/Runtime/AndroidMoviePlayer/AndroidMoviePlayer.uplugin
LogPluginManager: Loaded Plugin AppleMoviePlayer, From C:/Program Files (x86)/Epic Games/4.14/Engine/Plugins/Runtime/AppleMoviePlayer/AppleMoviePlayer.uplugin
LogPluginManager: Loaded Plugin ArchVisCharacter, From C:/Program Files (x86)/Epic Games/4.14/Engine/Plugins/Runtime/ArchVisCharacter/ArchVisCharacter.uplugin
LogPluginManager: Loaded Plugin CableComponent, From C:/Program Files (x86)/Epic Games/4.14/Engine/Plugins/Runtime/CableComponent/CableComponent.uplugin
LogPluginManager: Loaded Plugin CustomMeshComponent, From C:/Program Files (x86)/Epic Games/4.14/Engine/Plugins/Runtime/CustomMeshComponent/CustomMeshComponent.uplugin
LogPluginManager: Loaded Plugin ExampleDeviceProfileSelector, From C:/Program Files (x86)/Epic Games/4.14/Engine/Plugins/Runtime/ExampleDeviceProfileSelector/ExampleDeviceProfileSelector.uplugin
LogPluginManager: Loaded Plugin GearVR, From C:/Program Files (x86)/Epic Games/4.14/Engine/Plugins/Runtime/GearVR/GearVR.uplugin
LogPluginManager: Loaded Plugin GoogleVRController, From C:/Program Files (x86)/Epic Games/4.14/Engine/Plugins/Runtime/GoogleVR/GoogleVRController/GoogleVRController.uplugin
LogPluginManager: Loaded Plugin GoogleVRHMD, From C:/Program Files (x86)/Epic Games/4.14/Engine/Plugins/Runtime/GoogleVR/GoogleVRHMD/GoogleVRHMD.uplugin
LogPluginManager: Loaded Plugin IOSDeviceProfileSelector, From C:/Program Files (x86)/Epic Games/4.14/Engine/Plugins/Runtime/IOSDeviceProfileSelector/IOSDeviceProfileSelector.uplugin
LogPluginManager: Loaded Plugin LeapMotion, From C:/Program Files (x86)/Epic Games/4.14/Engine/Plugins/Runtime/LeapMotion/LeapMotion.uplugin
LogPluginManager: Loaded Plugin LinuxDeviceProfileSelector, From C:/Program Files (x86)/Epic Games/4.14/Engine/Plugins/Runtime/LinuxDeviceProfileSelector/LinuxDeviceProfileSelector.uplugin
LogPluginManager: Loaded Plugin MIDIDevice, From C:/Program Files (x86)/Epic Games/4.14/Engine/Plugins/Runtime/MIDIDevice/MIDIDevice.uplugin
LogPluginManager: Loaded Plugin MobilePatchingUtils, From C:/Program Files (x86)/Epic Games/4.14/Engine/Plugins/Runtime/MobilePatchingUtils/MobilePatchingUtils.uplugin
LogPluginManager: Loaded Plugin Ansel, From C:/Program Files (x86)/Epic Games/4.14/Engine/Plugins/Runtime/Nvidia/Ansel/Ansel.uplugin
LogPluginManager: Loaded Plugin OculusAudio, From C:/Program Files (x86)/Epic Games/4.14/Engine/Plugins/Runtime/OculusAudio/OculusAudio.uplugin
LogPluginManager: Loaded Plugin OculusInput, From C:/Program Files (x86)/Epic Games/4.14/Engine/Plugins/Runtime/OculusInput/OculusInput.uplugin
LogPluginManager: Loaded Plugin OculusLibrary, From C:/Program Files (x86)/Epic Games/4.14/Engine/Plugins/Runtime/OculusLibrary/OculusLibrary.uplugin
LogPluginManager: Loaded Plugin OculusRift, From C:/Program Files (x86)/Epic Games/4.14/Engine/Plugins/Runtime/OculusRift/OculusRift.uplugin
LogPluginManager: Loaded Plugin Oodle, From C:/Program Files (x86)/Epic Games/4.14/Engine/Plugins/Runtime/PacketHandlers/CompressionComponents/Oodle/Oodle.uplugin
LogPluginManager: Loaded Plugin ProceduralMeshComponent, From C:/Program Files (x86)/Epic Games/4.14/Engine/Plugins/Runtime/ProceduralMeshComponent/ProceduralMeshComponent.uplugin
LogPluginManager: Loaded Plugin SoundMod, From C:/Program Files (x86)/Epic Games/4.14/Engine/Plugins/Runtime/SoundMod/SoundMod.uplugin
LogPluginManager: Loaded Plugin SoundVisualizations, From C:/Program Files (x86)/Epic Games/4.14/Engine/Plugins/Runtime/SoundVisualizations/SoundVisualizations.uplugin
LogPluginManager: Loaded Plugin SteamController, From C:/Program Files (x86)/Epic Games/4.14/Engine/Plugins/Runtime/Steam/SteamController/SteamController.uplugin
LogPluginManager: Loaded Plugin SteamVR, From C:/Program Files (x86)/Epic Games/4.14/Engine/Plugins/Runtime/Steam/SteamVR/SteamVR.uplugin
LogPluginManager: Loaded Plugin WebBrowserWidget, From C:/Program Files (x86)/Epic Games/4.14/Engine/Plugins/Runtime/WebBrowserWidget/WebBrowserWidget.uplugin
LogPluginManager: Loaded Plugin WindowsDeviceProfileSelector, From C:/Program Files (x86)/Epic Games/4.14/Engine/Plugins/Runtime/WindowsDeviceProfileSelector/WindowsDeviceProfileSelector.uplugin
LogPluginManager: Loaded Plugin WindowsMoviePlayer, From C:/Program Files (x86)/Epic Games/4.14/Engine/Plugins/Runtime/WindowsMoviePlayer/WindowsMoviePlayer.uplugin
LogPluginManager: Loaded Plugin ScriptPlugin, From C:/Program Files (x86)/Epic Games/4.14/Engine/Plugins/ScriptPlugin/ScriptPlugin.uplugin
LogPluginManager: Loaded Plugin SlateRemote, From C:/Program Files (x86)/Epic Games/4.14/Engine/Plugins/Slate/SlateRemote/SlateRemote.uplugin
LogPluginManager: Loaded Plugin EditorTests, From C:/Program Files (x86)/Epic Games/4.14/Engine/Plugins/Tests/EditorTests/EditorTests.uplugin
LogPluginManager: Loaded Plugin FbxAutomationTestBuilder, From C:/Program Files (x86)/Epic Games/4.14/Engine/Plugins/Tests/FbxAutomationTestBuilder/FbxAutomationTestBuilder.uplugin
LogPluginManager: Loaded Plugin FunctionalTestingEditor, From C:/Program Files (x86)/Epic Games/4.14/Engine/Plugins/Tests/FunctionalTestingEditor/FunctionalTestingEditor.uplugin
LogPluginManager: Loaded Plugin RuntimeTests, From C:/Program Files (x86)/Epic Games/4.14/Engine/Plugins/Tests/RuntimeTests/RuntimeTests.uplugin
LogPluginManager: Loaded Plugin ScreenshotTools, From C:/Program Files (x86)/Epic Games/4.14/Engine/Plugins/Tests/ScreenshotTools/ScreenshotTools.uplugin
LogInit: Using libcurl 7.47.1
LogInit:  - built for x86_64-pc-win32
LogInit:  - supports SSL with OpenSSL/1.0.2g
LogInit:  - supports HTTP deflate (compression) using libz 1.2.8
LogInit:  - other features:
LogInit:      CURL_VERSION_SSL
LogInit:      CURL_VERSION_LIBZ
LogInit:      CURL_VERSION_IPV6
LogInit:      CURL_VERSION_ASYNCHDNS
LogInit:      CURL_VERSION_LARGEFILE
LogInit:      CURL_VERSION_IDN
LogInit:  CurlRequestOptions (configurable via config and command line):
LogInit:  - bVerifyPeer = false  - Libcurl will NOT verify peer certificate
LogInit:  - bUseHttpProxy = false  - Libcurl will NOT use HTTP proxy
LogInit:  - bDontReuseConnections = false  - Libcurl will reuse connections
LogInit:  - CertBundlePath = nullptr  - Libcurl will use whatever was configured at build time.
LogInit: Build: ++UE4+Release-4.14-CL-3249277
LogInit: Engine Version: 4.14.3-3249277+++UE4+Release-4.14
LogInit: Compatible Engine Version: 4.14.0-3195953+++UE4+Release-4.14
LogInit: Net CL: 3195953
LogDevObjectVersion: Number of dev versions registered: 13
LogDevObjectVersion:   Dev-Blueprints (B0D832E4-1F89-4F0D-ACCF-7EB736FD4AA2): 7
LogDevObjectVersion:   Dev-Build (E1C64328-A22C-4D53-A36C-8E866417BD8C): 0
LogDevObjectVersion:   Dev-Core (375EC13C-06E4-48FB-B500-84F0262A717E): 1
LogDevObjectVersion:   Dev-Editor (E4B068ED-F494-42E9-A231-DA0B2E46BB41): 8
LogDevObjectVersion:   Dev-Framework (CFFC743F-43B0-4480-9391-14DF171D2073): 17
LogDevObjectVersion:   Dev-Mobile (B02B49B5-BB20-44E9-A304-32B752E40360): 0
LogDevObjectVersion:   Dev-Networking (A4E4105C-59A1-49B5-A7C5-40C4547EDFEE): 0
LogDevObjectVersion:   Dev-Online (39C831C9-5AE6-47DC-9A44-9C173E1C8E7C): 0
LogDevObjectVersion:   Dev-Physics (78F01B33-EBEA-4F98-B9B4-84EACCB95AA2): 0
LogDevObjectVersion:   Dev-Platform (6631380F-2D4D-43E0-8009-CF276956A95A): 0
LogDevObjectVersion:   Dev-Rendering (12F88B9F-8875-4AFC-A67C-D90C383ABD29): 12
LogDevObjectVersion:   Dev-Sequencer (7B5AE74C-D270-4C10-A958-57980B212A5A): 1
LogDevObjectVersion:   Dev-VR (D7296918-1DD6-4BDD-9DE2-64A83CC13884): 0
LogInit: Compiled (64-bit): Jan  6 2017 10:49:43
LogInit: Compiled with Visual C++: 19.00.23026.00
LogInit: Build Configuration: Development
LogInit: Branch Name: ++UE4+Release-4.14
LogInit: Command line:  
LogInit: Base directory: C:/Program Files (x86)/Epic Games/4.14/Engine/Binaries/Win64/
LogInit: Installed Engine Build: 1
LogInit: Presizing for max 8388607 objects, including 0 objects not considered by GC, pre-allocating 0 bytes for permanent pool.
LogInit: Object subsystem initialized
[2017.04.22-07.50.20:027][  0]LogInit: Selected Device Profile: [Windows]
[2017.04.22-07.50.20:027][  0]LogInit: Applying CVar settings loaded from the selected device profile: [Windows]
[2017.04.22-07.50.20:059][  0]LogInit: Computer: LAPTOP-CP3ESMCT
[2017.04.22-07.50.20:059][  0]LogInit: User: aerob
[2017.04.22-07.50.20:059][  0]LogInit: CPU Page size=65536, Cores=2
[2017.04.22-07.50.20:059][  0]LogInit: High frequency timer resolution =2.343750 MHz
[2017.04.22-07.50.20:059][  0]LogMemory: Memory total: Physical=7.9GB (8GB approx)
[2017.04.22-07.50.20:059][  0]LogMemory: Platform Memory Stats for Windows
[2017.04.22-07.50.20:059][  0]LogMemory: Process Physical Memory: 263.88 MB used, 263.88 MB peak
[2017.04.22-07.50.20:059][  0]LogMemory: Process Virtual Memory: 262.47 MB used, 262.47 MB peak
[2017.04.22-07.50.20:059][  0]LogMemory: Physical Memory: 3933.82 MB used,  4148.09 MB free, 8081.91 MB total
[2017.04.22-07.50.20:059][  0]LogMemory: Virtual Memory: 674.74 MB used,  4148.09 MB free, 134217728.00 MB total
[2017.04.22-07.50.20:088][  0]LogTextLocalizationManager: No specific translations for ('en-US') exist, so ('en') translations will be used.
[2017.04.22-07.50.20:893][  0]LogD3D11RHI: D3D11 adapters:
[2017.04.22-07.50.20:903][  0]LogD3D11RHI:    0. 'Intel(R) HD Graphics 520' (Feature Level 11_0)
[2017.04.22-07.50.20:903][  0]LogD3D11RHI:       128/0/4040 MB DedicatedVideo/DedicatedSystem/SharedSystem, Outputs:1, VendorId:0x8086
[2017.04.22-07.50.20:905][  0]LogD3D11RHI:    1. 'Microsoft Basic Render Driver' (Feature Level 11_0)
[2017.04.22-07.50.20:905][  0]LogD3D11RHI:       0/0/4040 MB DedicatedVideo/DedicatedSystem/SharedSystem, Outputs:0, VendorId:0x1414
[2017.04.22-07.50.20:905][  0]LogD3D11RHI: Chosen D3D11 Adapter: 0
[2017.04.22-07.50.20:911][  0]LogD3D11RHI: Creating new Direct3DDevice
[2017.04.22-07.50.20:911][  0]LogD3D11RHI:     GPU DeviceId: 0x1916 (for the marketing name, search the web for "GPU Device Id")
[2017.04.22-07.50.20:911][  0]LogWindows: EnumDisplayDevices:
[2017.04.22-07.50.20:911][  0]LogWindows:    0. 'Intel(R) HD Graphics 520' (P:1 D:1)
[2017.04.22-07.50.20:912][  0]LogWindows:    1. 'Intel(R) HD Graphics 520' (P:0 D:0)
[2017.04.22-07.50.20:912][  0]LogWindows:    2. 'Intel(R) HD Graphics 520' (P:0 D:0)
[2017.04.22-07.50.20:912][  0]LogWindows: DebugString: FoundDriverCount:3 
[2017.04.22-07.50.20:912][  0]LogD3D11RHI:     Adapter Name: Intel(R) HD Graphics 520
[2017.04.22-07.50.20:912][  0]LogD3D11RHI:   Driver Version: 21.20.16.4542 (internal:21.20.16.4542, unified:21.20.16.4542)
[2017.04.22-07.50.20:912][  0]LogD3D11RHI:      Driver Date: 10-24-2016
[2017.04.22-07.50.20:912][  0]LogRHI: Texture pool is 1361 MB (70% of 1945 MB)
[2017.04.22-07.50.20:919][  0]LogD3D11RHI: Async texture creation enabled
[2017.04.22-07.50.20:924][  0]LogD3D11RHI: GPU Timing Frequency: 12.000000 (Debug: 2 0)
[2017.04.22-07.50.20:925][  0]LogShaderCompilers: Guid format shader working directory is -22 characters bigger than the processId version (../../../../../../Users/aerob/Desktop/c3/TheCursedBlade/Cursed_Blade/Intermediate/Shaders/WorkingDirectory/9104/).
[2017.04.22-07.50.20:925][  0]LogShaderCompilers: Cleaned the shader compiler working directory 'C:/Users/aerob/AppData/Local/Temp/UnrealShaderWorkingDir/35FE5D2146A9E321D6DED18ECE455AEC/'.
[2017.04.22-07.50.20:925][  0]LogShaderCompilers:Display: Using Local Shader Compiler.
[2017.04.22-07.50.22:334][  0]LogTemp:Display: Loaded TP AllDesktopTargetPlatform
[2017.04.22-07.50.22:520][  0]LogTemp:Display: Loaded TP MacClientTargetPlatform
[2017.04.22-07.50.22:606][  0]LogTemp:Display: Loaded TP MacNoEditorTargetPlatform
[2017.04.22-07.50.22:687][  0]LogTemp:Display: Loaded TP MacServerTargetPlatform
[2017.04.22-07.50.22:764][  0]LogTemp:Display: Loaded TP MacTargetPlatform
[2017.04.22-07.50.22:846][  0]LogTemp:Display: Loaded TP WindowsClientTargetPlatform
[2017.04.22-07.50.22:923][  0]LogTemp:Display: Loaded TP WindowsNoEditorTargetPlatform
[2017.04.22-07.50.23:009][  0]LogTemp:Display: Loaded TP WindowsServerTargetPlatform
[2017.04.22-07.50.23:148][  0]LogTemp:Display: Loaded TP WindowsTargetPlatform
[2017.04.22-07.50.23:266][  0]LogTemp:Display: Loaded TP AndroidTargetPlatform
[2017.04.22-07.50.23:397][  0]LogTemp:Display: Loaded TP Android_ASTCTargetPlatform
[2017.04.22-07.50.23:491][  0]LogTemp:Display: Loaded TP Android_ATCTargetPlatform
[2017.04.22-07.50.23:610][  0]LogTemp:Display: Loaded TP Android_DXTTargetPlatform
[2017.04.22-07.50.23:727][  0]LogTemp:Display: Loaded TP Android_ETC1TargetPlatform
[2017.04.22-07.50.23:844][  0]LogTemp:Display: Loaded TP Android_ETC2TargetPlatform
[2017.04.22-07.50.24:009][  0]LogTemp:Display: Loaded TP Android_MultiTargetPlatform
[2017.04.22-07.50.24:009][  0]LogTemp:Display: Loaded TP Android_PVRTCTargetPlatform
[2017.04.22-07.50.24:062][  0]LogTemp:Display: Loaded TP HTML5TargetPlatform
[2017.04.22-07.50.24:197][  0]LogTemp:Display: Loaded TP IOSTargetPlatform
[2017.04.22-07.50.24:237][  0]LogTemp:Display: Loaded TP TVOSTargetPlatform
[2017.04.22-07.50.24:305][  0]LogTemp:Display: Loaded TP LinuxClientTargetPlatform
[2017.04.22-07.50.24:373][  0]LogTemp:Display: Loaded TP LinuxNoEditorTargetPlatform
[2017.04.22-07.50.24:442][  0]LogTemp:Display: Loaded TP LinuxServerTargetPlatform
[2017.04.22-07.50.24:531][  0]LogTemp:Display: Loaded TP LinuxTargetPlatform
[2017.04.22-07.50.24:531][  0]LogTargetPlatformManager:Display: Building Assets For Windows
[2017.04.22-07.50.25:185][  0]LogDerivedDataCache:Display: Max Cache Size: 512 MB
[2017.04.22-07.50.25:803][  0]LogDerivedDataCache: Loaded boot cache 0.62s 50MB C:/Users/aerob/AppData/Local/UnrealEngine/4.14/DerivedDataCache/Boot.ddc.
[2017.04.22-07.50.25:803][  0]LogDerivedDataCache:Display: Loaded Boot cache: C:/Users/aerob/AppData/Local/UnrealEngine/4.14/DerivedDataCache/Boot.ddc
[2017.04.22-07.50.25:803][  0]LogDerivedDataCache: FDerivedDataBackendGraph:  Pak pak cache file ../../../../../../Users/aerob/Desktop/c3/TheCursedBlade/Cursed_Blade/DerivedDataCache/DDC.ddp not found, will not use a pak cache.
[2017.04.22-07.50.25:803][  0]LogDerivedDataCache: Unable to find inner node Pak for hierarchical cache Hierarchy.
[2017.04.22-07.50.25:803][  0]LogDerivedDataCache: FDerivedDataBackendGraph:  CompressedPak pak cache file ../../../../../../Users/aerob/Desktop/c3/TheCursedBlade/Cursed_Blade/DerivedDataCache/Compressed.ddp not found, will not use a pak cache.
[2017.04.22-07.50.25:803][  0]LogDerivedDataCache: Unable to find inner node CompressedPak for hierarchical cache Hierarchy.
[2017.04.22-07.50.25:844][  0]LogDerivedDataCache:Display: Pak cache opened for reading ../../../Engine/DerivedDataCache/Compressed.ddp.
[2017.04.22-07.50.25:858][  0]LogDerivedDataCache: Using Local data cache path C:/Users/aerob/AppData/Local/UnrealEngine/Common/DerivedDataCache: Writable
[2017.04.22-07.50.26:262][  0]LogInit: Selected Device Profile: [Windows]
[2017.04.22-07.50.26:265][  0]LogContentStreaming: Texture pool size is 0.00 MB
[2017.04.22-07.50.26:521][  0]LogMeshUtilities: Using QuadricMeshReduction for automatic static mesh reduction
[2017.04.22-07.50.26:577][  0]LogSimplygon: Simplygon DLL not present - disabling.
[2017.04.22-07.50.26:646][  0]LogMeshUtilities: Using SimplygonSwarm for distributed automatic mesh merging
[2017.04.22-07.50.26:646][  0]LogMeshUtilities: No automatic skeletal mesh reduction module available
[2017.04.22-07.50.26:646][  0]LogMeshUtilities: No automatic mesh merging module available
[2017.04.22-07.50.27:336][  0]LogNetVersion: GetLocalNetworkVersion: CL: 3195953, ProjectName: cursed_blade, ProjectVersion: , EngineNetworkVersion: 2, GameNetworkVersion: 0, NetworkChecksum: 3550933385
[2017.04.22-07.50.27:398][  0]LogAssetRegistry: FAssetRegistry took 0.0225 seconds to start up
[2017.04.22-07.50.27:490][  0]LogPackageLocalizationCache: Processed 3 localized package path(s) for 2 prioritized culture(s) in 0.051549 seconds
[2017.04.22-07.50.27:496][  0]LogUObjectArray: 31946 objects as part of root set at end of initial load.
[2017.04.22-07.50.27:496][  0]LogUObjectAllocator: 6935848 out of 0 bytes used by permanent object pool.
[2017.04.22-07.50.27:496][  0]LogUObjectArray: CloseDisregardForGC: 0/0 objects in disregard for GC pool
[2017.04.22-07.50.27:624][  0]LogInit: WinSock: version 1.1 (2.2), MaxSocks=32767, MaxUdp=65467
[2017.04.22-07.50.29:518][  0]LogSlate: Using Freetype 2.6.0
[2017.04.22-07.50.29:572][  0]LogSlate: SlateFontCache - WITH_FREETYPE: 1, WITH_HARFBUZZ: 1
[2017.04.22-07.50.29:572][  0]LogSlate: SlateFontCache - WITH_FREETYPE: 1, WITH_HARFBUZZ: 1
[2017.04.22-07.51.05:264][  0]LogPackageName:Warning: String asset reference "JW_FlameDungeon.FX.SM_FX_Embers" is in short form, which is unsupported and -- even if valid -- resolving it will be really slow. Please consider resaving package in order to speed-up loading.
[2017.04.22-07.51.05:264][  0]LogPackageName: SearchForPackageOnDisk took   0.236s, but failed to resolve JW_FlameDungeon.
[2017.04.22-07.51.05:264][  0]LogPackageName:Warning: String asset reference "JW_FlameDungeon.FX.SM_FX_Embers" could not be resolved.
[2017.04.22-07.51.05:264][  0]LogPackageName:Warning: String asset reference "JW_FlameDungeon.FX.SM_FogPlane02" is in short form, which is unsupported and -- even if valid -- resolving it will be really slow. Please consider resaving package in order to speed-up loading.
[2017.04.22-07.51.05:264][  0]LogPackageName: SearchForPackageOnDisk took   0.221s, but failed to resolve JW_FlameDungeon.
[2017.04.22-07.51.05:264][  0]LogPackageName:Warning: String asset reference "JW_FlameDungeon.FX.SM_FogPlane02" could not be resolved.
[2017.04.22-07.51.05:264][  0]LogPackageName:Warning: String asset reference "StaticMesh'FX_Meshes_IB.SM_Debris_Box_RadialFull'" is in short form, which is unsupported and -- even if valid -- resolving it will be really slow. Please consider resaving package in order to speed-up loading.
[2017.04.22-07.51.05:264][  0]LogPackageName: SearchForPackageOnDisk took   0.223s, but failed to resolve StaticMesh'FX_Meshes_IB.
[2017.04.22-07.51.05:264][  0]LogPackageName:Warning: String asset reference "StaticMesh'FX_Meshes_IB.SM_Debris_Box_RadialFull'" could not be resolved.
[2017.04.22-07.51.05:264][  0]LogPackageName:Warning: String asset reference "JW_Ice_Mountain.Mesh.SM_SnowBoulder" is in short form, which is unsupported and -- even if valid -- resolving it will be really slow. Please consider resaving package in order to speed-up loading.
[2017.04.22-07.51.05:264][  0]LogPackageName: SearchForPackageOnDisk took   0.216s, but failed to resolve JW_Ice_Mountain.
[2017.04.22-07.51.05:264][  0]LogPackageName:Warning: String asset reference "JW_Ice_Mountain.Mesh.SM_SnowBoulder" could not be resolved.
[2017.04.22-07.51.05:264][  0]LogPackageName:Warning: String asset reference "FX_Meshes.UI.SM_SelectionMesh_01" is in short form, which is unsupported and -- even if valid -- resolving it will be really slow. Please consider resaving package in order to speed-up loading.
[2017.04.22-07.51.05:264][  0]LogPackageName: SearchForPackageOnDisk took   0.217s, but failed to resolve FX_Meshes.
[2017.04.22-07.51.05:264][  0]LogPackageName:Warning: String asset reference "FX_Meshes.UI.SM_SelectionMesh_01" could not be resolved.
[2017.04.22-07.51.05:264][  0]LogPackageName:Warning: String asset reference "FX_Meshes.UI.SM_SelectionMesh_01" is in short form, which is unsupported and -- even if valid -- resolving it will be really slow. Please consider resaving package in order to speed-up loading.
[2017.04.22-07.51.05:264][  0]LogPackageName: SearchForPackageOnDisk took   0.221s, but failed to resolve FX_Meshes.
[2017.04.22-07.51.05:264][  0]LogPackageName:Warning: String asset reference "FX_Meshes.UI.SM_SelectionMesh_01" could not be resolved.
[2017.04.22-07.51.05:264][  0]LogPackageName:Warning: String asset reference "'FX_Ambient.Meshes.SM_Bats'" is in short form, which is unsupported and -- even if valid -- resolving it will be really slow. Please consider resaving package in order to speed-up loading.
[2017.04.22-07.51.05:264][  0]LogPackageName: SearchForPackageOnDisk took   0.222s, but failed to resolve 'FX_Ambient.
[2017.04.22-07.51.05:264][  0]LogPackageName:Warning: String asset reference "'FX_Ambient.Meshes.SM_Bats'" could not be resolved.
[2017.04.22-07.51.05:264][  0]LogPackageName:Warning: String asset reference "CastleEffects.TouchToMoveArrow" is in short form, which is unsupported and -- even if valid -- resolving it will be really slow. Please consider resaving package in order to speed-up loading.
[2017.04.22-07.51.05:264][  0]LogPackageName: SearchForPackageOnDisk took   0.225s, but failed to resolve CastleEffects.
[2017.04.22-07.51.05:264][  0]LogPackageName:Warning: String asset reference "CastleEffects.TouchToMoveArrow" could not be resolved.
[2017.04.22-07.51.05:264][  0]LogPackageName:Warning: String asset reference "StaticMesh'FX_Meshes.Fire.SM_Dungeon_Pipes_Lava01_Cool'" is in short form, which is unsupported and -- even if valid -- resolving it will be really slow. Please consider resaving package in order to speed-up loading.
[2017.04.22-07.51.05:264][  0]LogPackageName: SearchForPackageOnDisk took   0.222s, but failed to resolve StaticMesh'FX_Meshes.
[2017.04.22-07.51.05:264][  0]LogPackageName:Warning: String asset reference "StaticMesh'FX_Meshes.Fire.SM_Dungeon_Pipes_Lava01_Cool'" could not be resolved.
[2017.04.22-07.51.05:264][  0]LogPackageName:Warning: String asset reference "m_FogSheet_02" is in short form, which is unsupported and -- even if valid -- resolving it will be really slow. Please consider resaving package in order to speed-up loading.
[2017.04.22-07.51.05:264][  0]LogPackageName: SearchForPackageOnDisk took   0.223s to resolve m_FogSheet_02.
[2017.04.22-07.51.05:264][  0]LogPackageName:Warning: String asset reference "FX_Test_LAN.Meshes.SM_IceWall01" is in short form, which is unsupported and -- even if valid -- resolving it will be really slow. Please consider resaving package in order to speed-up loading.
[2017.04.22-07.51.05:264][  0]LogPackageName: SearchForPackageOnDisk took   0.219s, but failed to resolve FX_Test_LAN.
[2017.04.22-07.51.05:264][  0]LogPackageName:Warning: String asset reference "FX_Test_LAN.Meshes.SM_IceWall01" could not be resolved.
[2017.04.22-07.51.05:264][  0]LogPackageName:Warning: String asset reference "m_FogSheet_02" is in short form, which is unsupported and -- even if valid -- resolving it will be really slow. Please consider resaving package in order to speed-up loading.
[2017.04.22-07.51.05:264][  0]LogPackageName: SearchForPackageOnDisk took   0.227s to resolve m_FogSheet_02.
[2017.04.22-07.51.05:264][  0]LogPackageName:Warning: String asset reference "m_FogSheet_02" is in short form, which is unsupported and -- even if valid -- resolving it will be really slow. Please consider resaving package in order to speed-up loading.
[2017.04.22-07.51.05:264][  0]LogPackageName: SearchForPackageOnDisk took   0.234s to resolve m_FogSheet_02.
[2017.04.22-07.51.05:264][  0]LogPackageName:Warning: String asset reference "m_FogSheet_02" is in short form, which is unsupported and -- even if valid -- resolving it will be really slow. Please consider resaving package in order to speed-up loading.
[2017.04.22-07.51.05:264][  0]LogPackageName: SearchForPackageOnDisk took   0.229s to resolve m_FogSheet_02.
[2017.04.22-07.51.05:479][  0]LogTcpMessaging: Initializing TcpMessaging bridge
[2017.04.22-07.51.05:530][  0]LogUdpMessaging: Initializing bridge on interface 0.0.0.0:0 to multicast group 230.0.0.1:6666.
[2017.04.22-07.51.06:642][  0]LogMaterial: Uniform references updated for custom material expression Custom.
[2017.04.22-07.51.07:197][  0]SourceControl: Info Source control is disabled
[2017.04.22-07.51.07:442][  0]SourceControl: Info Source control is disabled
[2017.04.22-07.51.07:517][  0]SourceControl: Info Source control is disabled
[2017.04.22-07.51.07:597][  0]SourceControl: Info Source control is disabled
[2017.04.22-07.51.09:867][  0]LogEngine: Initializing Engine...
[2017.04.22-07.51.09:868][  0]LogHMD: Failed to initialize OpenVR with code 110
[2017.04.22-07.51.10:198][  0]LogAIModule: Creating AISystem for world Untitled
[2017.04.22-07.51.10:213][  0]LogInit: XAudio2 using 'Speaker/HP (Realtek High Definition Audio)' : 2 channels at 48 kHz using 32 bits per sample (channel mask 0x3)
[2017.04.22-07.51.11:251][  0]LogInit: FAudioDevice initialized.
[2017.04.22-07.51.11:294][  0]LogDerivedDataCache: Saved boot cache 0.04s 50MB C:/Users/aerob/AppData/Local/UnrealEngine/4.14/DerivedDataCache/Boot.ddc.
[2017.04.22-07.51.11:305][  0]LogInit: Texture streaming: Enabled
[2017.04.22-07.51.11:555][  0]LogInit: Transaction tracking system initialized
[2017.04.22-07.51.12:063][  0]BlueprintLog: New page: Editor Load
[2017.04.22-07.51.13:402][  0]LocalizationService: Info Localization service is disabled
[2017.04.22-07.51.14:527][  0]LogConsoleResponse:Display: 
[2017.04.22-07.51.15:422][  0]LogCook:Display: Max memory allowance for cook 16384mb min free memory 0mb
[2017.04.22-07.51.15:422][  0]LogCook:Display: Mobile HDR setting 1
[2017.04.22-07.51.16:637][  0]LogFileCache: Scanning file cache for directory 'C:/Users/aerob/Desktop/c3/TheCursedBlade/Cursed_Blade/Content/' took 0.08s
[2017.04.22-07.51.17:677][  0]SourceControl: Info Source control is disabled
[2017.04.22-07.51.17:677][  0]Cmd: MAP LOAD FILE="../../../../../../Users/aerob/Desktop/c3/TheCursedBlade/Cursed_Blade/Content/Levels/MainMenuLevel.umap" TEMPLATE=0 SHOWPROGRESS=1 FEATURELEVEL=3
[2017.04.22-07.51.17:678][  0]LightingResults: New page: Lighting Build
[2017.04.22-07.51.17:736][  0]MapCheck: New page: Map Check
[2017.04.22-07.51.17:736][  0]LightingResults: New page: Lighting Build
[2017.04.22-07.51.18:330][  0]LogPackageName:Warning: String asset reference "JW_Ice_Mountain.Mesh.SM_SnowBoulder" is in short form, which is unsupported and -- even if valid -- resolving it will be really slow. Please consider resaving package in order to speed-up loading.
[2017.04.22-07.51.18:547][  0]LogPackageName: SearchForPackageOnDisk took   0.263s, but failed to resolve JW_Ice_Mountain.
[2017.04.22-07.51.18:547][  0]LogPackageName:Warning: String asset reference "JW_Ice_Mountain.Mesh.SM_SnowBoulder" could not be resolved.
[2017.04.22-07.51.18:547][  0]LogPackageName:Warning: String asset reference "S_Survival_CA_Chicken_02.SM.S_Survival_CA_Chicken_02" is in short form, which is unsupported and -- even if valid -- resolving it will be really slow. Please consider resaving package in order to speed-up loading.
[2017.04.22-07.51.18:699][  0]LogPackageName: SearchForPackageOnDisk took   0.249s to resolve S_Survival_CA_Chicken_02.
[2017.04.22-07.51.19:731][  0]LogPackageName:Warning: String asset reference "JW_Ice_Mountain.Mesh.SM_SnowBoulder" is in short form, which is unsupported and -- even if valid -- resolving it will be really slow. Please consider resaving package in order to speed-up loading.
[2017.04.22-07.51.19:731][  0]LogAIModule: Creating AISystem for world MainMenuLevel
[2017.04.22-07.51.19:939][  0]LogPackageName: SearchForPackageOnDisk took   0.275s, but failed to resolve JW_Ice_Mountain.
[2017.04.22-07.51.19:939][  0]LogPackageName:Warning: String asset reference "JW_Ice_Mountain.Mesh.SM_SnowBoulder" could not be resolved.
[2017.04.22-07.51.19:939][  0]LogPackageName:Warning: String asset reference "Env_ALL_Artifacts.Mesh.Env_ALL_Terminus001" is in short form, which is unsupported and -- even if valid -- resolving it will be really slow. Please consider resaving package in order to speed-up loading.
[2017.04.22-07.51.19:946][  0]LogEditorServer: Finished looking for orphan Actors (0.000 secs)
[2017.04.22-07.51.19:947][  0]Cmd: MAP CHECKDEP NOCLEARLOG
[2017.04.22-07.51.20:042][  0]MapCheck: Info Map check complete: 0 Error(s), 0 Warning(s), took 94.836ms to complete.
[2017.04.22-07.51.20:042][  0]LogFileHelpers: Loading map 'MainMenuLevel' took 2.365
[2017.04.22-07.51.20:080][  0]LogPackageName: SearchForPackageOnDisk took   0.249s, but failed to resolve Env_ALL_Artifacts.
[2017.04.22-07.51.20:080][  0]LogPackageName:Warning: String asset reference "Env_ALL_Artifacts.Mesh.Env_ALL_Terminus001" could not be resolved.
[2017.04.22-07.51.20:333][  0]LogCollectionManager: Loaded 0 collections in 0.004648 seconds
[2017.04.22-07.51.20:447][  0]LogFileCache: Scanning file cache for directory 'C:/Users/aerob/Desktop/c3/TheCursedBlade/Cursed_Blade/Saved/Collections/' took 0.01s
[2017.04.22-07.51.20:447][  0]LogFileCache: Scanning file cache for directory 'C:/Users/aerob/Desktop/c3/TheCursedBlade/Cursed_Blade/Content/Developers/aerob/Collections/' took 0.01s
[2017.04.22-07.51.20:447][  0]LogFileCache: Scanning file cache for directory 'C:/Users/aerob/Desktop/c3/TheCursedBlade/Cursed_Blade/Content/Collections/' took 0.01s
[2017.04.22-07.51.20:447][  0]LogCollectionManager: Rebuilt the GUID cache for 0 collections in 0.000002 seconds
[2017.04.22-07.51.20:457][  0]LogContentBrowser: Native class hierarchy populated in 0.0099 seconds. Added 2190 classes and 428 folders.
[2017.04.22-07.51.20:520][  0]LogPackageName:Warning: String asset reference "Env_Ice_Rocky.Mesh.Env_Ice_MelancholicTroll01" is in short form, which is unsupported and -- even if valid -- resolving it will be really slow. Please consider resaving package in order to speed-up loading.
[2017.04.22-07.51.20:520][  0]LogStats: UGameplayTagsManager::ConstructGameplayTagTree: Construct from data asset -  0.000 s
[2017.04.22-07.51.20:521][  0]LogStats: UGameplayTagsManager::ConstructGameplayTagTree: GameplayTagTreeChangedEvent.Broadcast -  0.000 s
[2017.04.22-07.51.20:521][  0]LogContentBrowser: Native class hierarchy updated for 'GameplayTags' in 0.0006 seconds. Added 13 classes and 0 folders.
[2017.04.22-07.51.20:622][  0]LogContentBrowser: Native class hierarchy updated for 'WidgetCarousel' in 0.0006 seconds. Added 0 classes and 0 folders.
[2017.04.22-07.51.21:820][  0]LogPackageName: SearchForPackageOnDisk took   0.224s, but failed to resolve Env_Ice_Rocky.
[2017.04.22-07.51.21:820][  0]LogPackageName:Warning: String asset reference "Env_Ice_Rocky.Mesh.Env_Ice_MelancholicTroll01" could not be resolved.
[2017.04.22-07.51.21:820][  0]LogPackageName:Warning: String asset reference "Env_Ice_Rocky.Mesh.Env_Ice_NordHeed01" is in short form, which is unsupported and -- even if valid -- resolving it will be really slow. Please consider resaving package in order to speed-up loading.
[2017.04.22-07.51.21:820][  0]LogPackageName: SearchForPackageOnDisk took   0.237s, but failed to resolve Env_Ice_Rocky.
[2017.04.22-07.51.21:820][  0]LogPackageName:Warning: String asset reference "Env_Ice_Rocky.Mesh.Env_Ice_NordHeed01" could not be resolved.
[2017.04.22-07.51.21:820][  0]LogContentBrowser: Native class hierarchy updated for 'AddContentDialog' in 0.0015 seconds. Added 0 classes and 0 folders.
[2017.04.22-07.51.21:898][  0]LogContentBrowser: Native class hierarchy updated for 'SceneOutliner' in 0.0006 seconds. Added 1 classes and 2 folders.
[2017.04.22-07.51.22:005][  0]LogCrashTracker: Crashtracker disabled due to settings.
[2017.04.22-07.51.22:012][  0]LogUObjectGlobals:Warning: Failed to find object 'Class None.'
[2017.04.22-07.51.22:104][  0]LogContentBrowser: Native class hierarchy updated for 'HierarchicalLODOutliner' in 0.0007 seconds. Added 1 classes and 2 folders.
[2017.04.22-07.51.22:104][  0]LogLoad: (Engine Initialization) Total time: 64.52 seconds
[2017.04.22-07.51.22:104][  0]LogLoad: (Engine Initialization) Total Blueprint compile time: 0.44 seconds
[2017.04.22-07.51.22:104][  0]LogExternalProfiler: Found external profiler: VSPerf
[2017.04.22-07.51.22:104][  0]LogExternalProfiler: Using external profiler: VSPerf
[2017.04.22-07.51.22:443][  0]LogPackageName:Warning: String asset reference "Exo_Deco01.SM.Mesh.WoodenBarrel_Intact" is in short form, which is unsupported and -- even if valid -- resolving it will be really slow. Please consider resaving package in order to speed-up loading.
[2017.04.22-07.51.22:443][  0]LogPackageName: SearchForPackageOnDisk took   0.234s, but failed to resolve Exo_Deco01.
[2017.04.22-07.51.22:443][  0]LogPackageName:Warning: String asset reference "Exo_Deco01.SM.Mesh.WoodenBarrel_Intact" could not be resolved.
[2017.04.22-07.51.22:443][  0]LogPackageName:Warning: String asset reference "Env_Ice_RuinedWalls001" is in short form, which is unsupported and -- even if valid -- resolving it will be really slow. Please consider resaving package in order to speed-up loading.
[2017.04.22-07.51.22:443][  0]LogOcInput: OculusInput pre-init called
[2017.04.22-07.51.22:463][  0]LogContentStreaming: Texture pool size now 1000 MB
[2017.04.22-07.51.22:700][  0]LogPackageName: SearchForPackageOnDisk took   0.257s, but failed to resolve Env_Ice_RuinedWalls001.
[2017.04.22-07.51.22:700][  0]LogPackageName:Warning: String asset reference "Env_Ice_RuinedWalls001" could not be resolved.
[2017.04.22-07.51.22:735][  0]LogRenderer: Reallocating scene render targets to support 856x264 NumSamples 1 (Frame:2).
[2017.04.22-07.51.29:363][ 18]LogAssetRegistry: Asset discovery search completed in 61.9871 seconds
[2017.04.22-07.51.29:363][ 18]LogCollectionManager: Rebuilt the object cache for 0 collections in 0.000002 seconds (found 0 objects)
[2017.04.22-07.51.29:363][ 18]LogCollectionManager: Fixed up redirectors for 0 collections in 0.000030 seconds (updated 0 objects)
[2017.04.22-07.53.56:799][175]LogMetaData: Removing '/Game/DemonLord/demomBoss.demomBoss_C:ExecuteUbergraph_demomBoss' ref from Metadata '/Game/character/demomBoss.PackageMetaData'
[2017.04.22-07.53.56:799][175]LogMetaData: Removing '/Game/DemonLord/demomBoss.demomBoss_C:UserConstructionScript' ref from Metadata '/Game/character/demomBoss.PackageMetaData'
[2017.04.22-07.53.56:799][175]LogMetaData: Removing '/Game/DemonLord/demomBoss.demomBoss_C:ReceiveAnyDamage' ref from Metadata '/Game/character/demomBoss.PackageMetaData'
[2017.04.22-07.53.56:799][175]LogMetaData: Removing '/Game/DemonLord/demomBoss.demomBoss_C:LeftHandCollision' ref from Metadata '/Game/character/demomBoss.PackageMetaData'
[2017.04.22-07.53.56:799][175]LogMetaData: Removing '/Game/DemonLord/demomBoss.demomBoss_C:RightHandCollision' ref from Metadata '/Game/character/demomBoss.PackageMetaData'
[2017.04.22-07.53.56:799][175]LogMetaData: Removing '/Game/DemonLord/demomBoss.demomBoss_C:PawnSensing' ref from Metadata '/Game/character/demomBoss.PackageMetaData'
[2017.04.22-07.53.56:799][175]LogMetaData: Removing '/Game/DemonLord/demomBoss.demomBoss_C:SpringArm' ref from Metadata '/Game/character/demomBoss.PackageMetaData'
[2017.04.22-07.53.56:799][175]LogMetaData: Removing '/Game/DemonLord/demomBoss.demomBoss_C:isAttacking' ref from Metadata '/Game/character/demomBoss.PackageMetaData'
[2017.04.22-07.53.56:799][175]LogMetaData: Removing '/Game/DemonLord/demomBoss.demomBoss_C:health' ref from Metadata '/Game/character/demomBoss.PackageMetaData'
[2017.04.22-07.53.56:799][175]LogMetaData: Removing '/Game/DemonLord/demomBoss.demomBoss_C:isInvincible' ref from Metadata '/Game/character/demomBoss.PackageMetaData'
[2017.04.22-07.53.56:799][175]LogMetaData: Removing '/Game/DemonLord/demomBoss.demomBoss_C' ref from Metadata '/Game/character/demomBoss.PackageMetaData'
[2017.04.22-07.53.56:799][175]LogMetaData: Removing '/Game/DemonLord/demomBoss.SKEL_demomBoss_C:isInvincible' ref from Metadata '/Game/character/demomBoss.PackageMetaData'
[2017.04.22-07.53.56:799][175]LogMetaData: Removing '/Game/DemonLord/demomBoss.SKEL_demomBoss_C:health' ref from Metadata '/Game/character/demomBoss.PackageMetaData'
[2017.04.22-07.53.56:799][175]LogMetaData: Removing '/Game/DemonLord/demomBoss.SKEL_demomBoss_C:isAttacking' ref from Metadata '/Game/character/demomBoss.PackageMetaData'
[2017.04.22-07.53.56:799][175]LogMetaData: Removing '/Game/DemonLord/demomBoss.SKEL_demomBoss_C:SpringArm' ref from Metadata '/Game/character/demomBoss.PackageMetaData'
[2017.04.22-07.53.56:799][175]LogMetaData: Removing '/Game/DemonLord/demomBoss.SKEL_demomBoss_C:PawnSensing' ref from Metadata '/Game/character/demomBoss.PackageMetaData'
[2017.04.22-07.53.56:799][175]LogMetaData: Removing '/Game/DemonLord/demomBoss.SKEL_demomBoss_C:RightHandCollision' ref from Metadata '/Game/character/demomBoss.PackageMetaData'
[2017.04.22-07.53.56:799][175]LogMetaData: Removing '/Game/DemonLord/demomBoss.SKEL_demomBoss_C:LeftHandCollision' ref from Metadata '/Game/character/demomBoss.PackageMetaData'
[2017.04.22-07.53.56:799][175]LogMetaData: Removing '/Game/DemonLord/demomBoss.SKEL_demomBoss_C:ReceiveAnyDamage' ref from Metadata '/Game/character/demomBoss.PackageMetaData'
[2017.04.22-07.53.56:799][175]LogMetaData: Removing '/Game/DemonLord/demomBoss.SKEL_demomBoss_C:UserConstructionScript' ref from Metadata '/Game/character/demomBoss.PackageMetaData'
[2017.04.22-07.53.56:799][175]LogMetaData: Removing '/Game/DemonLord/demomBoss.SKEL_demomBoss_C:ExecuteUbergraph_demomBoss' ref from Metadata '/Game/character/demomBoss.PackageMetaData'
[2017.04.22-07.53.56:799][175]LogMetaData: Removing '/Game/DemonLord/demomBoss.SKEL_demomBoss_C' ref from Metadata '/Game/character/demomBoss.PackageMetaData'
[2017.04.22-07.53.56:853][175]Cmd: OBJ SAVEPACKAGE PACKAGE="/Game/DemonLord/demomBoss" FILE="../../../../../../Users/aerob/Desktop/c3/TheCursedBlade/Cursed_Blade/Content/DemonLord/demomBoss.uasset" SILENT=true
[2017.04.22-07.53.56:915][175]LogSavePackage: Save=58.49ms
[2017.04.22-07.53.56:915][175]LogSavePackage: Moving '../../../../../../Users/aerob/Desktop/c3/TheCursedBlade/Cursed_Blade/Saved/demomBossCAF679FF4D519205BF69C18A7E50D149.tmp' to '../../../../../../Users/aerob/Desktop/c3/TheCursedBlade/Cursed_Blade/Content/DemonLord/demomBoss.uasset'
[2017.04.22-07.53.56:935][175]LogSavePackage:Display: Finished SavePackage ../../../../../../Users/aerob/Desktop/c3/TheCursedBlade/Cursed_Blade/Content/DemonLord/demomBoss.uasset
[2017.04.22-07.54.03:880][248]LogContentBrowser: Native class hierarchy updated for 'BlueprintGraph' in 0.0010 seconds. Added 111 classes and 0 folders.
[2017.04.22-07.54.04:706][248]LogContentBrowser:Verbose: The majority of assets in the view are of type: AnimSequence
[2017.04.22-07.54.31:662][390]LogRenderer: Reallocating scene render targets to support 856x464 NumSamples 1 (Frame:2393).
[2017.04.22-07.54.52:235][205]LogSkeletalMesh: InitArticulated: Bodies already created (/Engine/Transient.DebugSkelMeshComponent_2) - call TermArticulated first.
[2017.04.22-07.54.52:809][205]LogContentBrowser:Verbose: The majority of assets in the view are of type: AnimSequence
[2017.04.22-07.55.05:570][735]LogSkeletalMesh: InitArticulated: Bodies already created (/Engine/Transient.DebugSkelMeshComponent_4) - call TermArticulated first.
[2017.04.22-07.55.05:840][735]LogContentBrowser:Verbose: The majority of assets in the view are of type: AnimSequence
[2017.04.22-08.01.04:018][125]BlueprintLog: New page: Compile demonLordAnimBlueprint
[2017.04.22-08.01.05:565][182]LogSavePackage: Save=42.40ms
[2017.04.22-08.01.05:565][182]LogSavePackage: Moving '../../../../../../Users/aerob/Desktop/c3/TheCursedBlade/Cursed_Blade/Saved/demonLordAnimBlueprintF2317FB74DFBB7BE535EBDB822747142.tmp' to '../../../../../../Users/aerob/Desktop/c3/TheCursedBlade/Cursed_Blade/Content/DemonLord/Animations/demonLordAnimBlueprint.uasset'
[2017.04.22-08.01.05:574][182]LogSavePackage:Display: Finished SavePackage ../../../../../../Users/aerob/Desktop/c3/TheCursedBlade/Cursed_Blade/Content/DemonLord/Animations/demonLordAnimBlueprint.uasset
[2017.04.22-08.02.58:697][825]LogFileHelpers: Editor autosave (incl. sublevels) for '/Game/Levels/MainMenuLevel' took 0.042
[2017.04.22-08.02.58:700][825]OBJ SavePackage: Generating thumbnails for [1] asset(s) in package [/Game/DemonLord/Animations/demonLordAnimBlueprint] ([1] browsable assets)...
[2017.04.22-08.02.58:750][825]OBJ SavePackage:     Rendered thumbnail for [AnimBlueprint /Game/DemonLord/Animations/demonLordAnimBlueprint.demonLordAnimBlueprint]
[2017.04.22-08.02.58:750][825]OBJ SavePackage: Finished generating thumbnails for package [/Game/DemonLord/Animations/demonLordAnimBlueprint]
[2017.04.22-08.02.58:796][825]LogSavePackage: Save=34.52ms
[2017.04.22-08.02.58:796][825]LogSavePackage: Moving '../../../../../../Users/aerob/Desktop/c3/TheCursedBlade/Cursed_Blade/Saved/demonLordAnimBlueprint_Auto1FF80CC8340029F268A7CD1BC68DE361D.tmp' to '../../../../../../Users/aerob/Desktop/c3/TheCursedBlade/Cursed_Blade/Saved/Autosaves/Game/DemonLord/Animations/demonLordAnimBlueprint_Auto1.uasset'
[2017.04.22-08.02.58:812][825]LogSavePackage:Display: Finished SavePackage ../../../../../../Users/aerob/Desktop/c3/TheCursedBlade/Cursed_Blade/Saved/Autosaves/Game/DemonLord/Animations/demonLordAnimBlueprint_Auto1.uasset
[2017.04.22-08.02.58:812][825]LogFileHelpers: Auto-saving content packages took 0.114
[2017.04.22-08.05.04:564][371]BlueprintLog: New page: Compile demonLordAnimBlueprint
[2017.04.22-08.05.05:803][416]LogSavePackage: Save=40.12ms
[2017.04.22-08.05.05:803][416]LogSavePackage: Moving '../../../../../../Users/aerob/Desktop/c3/TheCursedBlade/Cursed_Blade/Saved/demonLordAnimBlueprint7CB98E05411D496B92148CA61A5FCA84.tmp' to '../../../../../../Users/aerob/Desktop/c3/TheCursedBlade/Cursed_Blade/Content/DemonLord/Animations/demonLordAnimBlueprint.uasset'
