Log file open, 04/13/17 20:10:50
LogInit:Display: Running engine for game: Cursed_Blade
LogPlatformFile: Not using cached read wrapper
LogInit:Display: RandInit(-56898919) SRandInit(-56898919).
LogTaskGraph: Started task graph with 5 named threads and 6 total threads with 1 sets of task threads.
LogStats: Stats thread started at 1.037950
LogPluginManager: Loaded Plugin Paper2D, From C:/Program Files (x86)/Epic Games/4.14/Engine/Plugins/2D/Paper2D/Paper2D.uplugin
LogPluginManager: Loaded Plugin LightPropagationVolume, From C:/Program Files (x86)/Epic Games/4.14/Engine/Plugins/Blendables/LightPropagationVolume/LightPropagationVolume.uplugin
LogPluginManager: Loaded Plugin BlankPlugin, From C:/Program Files (x86)/Epic Games/4.14/Engine/Plugins/Developer/BlankPlugin/BlankPlugin.uplugin
LogPluginManager: Loaded Plugin CodeLiteSourceCodeAccess, From C:/Program Files (x86)/Epic Games/4.14/Engine/Plugins/Developer/CodeLiteSourceCodeAccess/CodeLiteSourceCodeAccess.uplugin
LogPluginManager: Loaded Plugin GitSourceControl, From C:/Program Files (x86)/Epic Games/4.14/Engine/Plugins/Developer/GitSourceControl/GitSourceControl.uplugin
LogPluginManager: Loaded Plugin KDevelopSourceCodeAccess, From C:/Program Files (x86)/Epic Games/4.14/Engine/Plugins/Developer/KDevelopSourceCodeAccess/KDevelopSourceCodeAccess.uplugin
LogPluginManager: Loaded Plugin NullSourceCodeAccess, From C:/Program Files (x86)/Epic Games/4.14/Engine/Plugins/Developer/NullSourceCodeAccess/NullSourceCodeAccess.uplugin
LogPluginManager: Loaded Plugin OneSkyLocalizationService, From C:/Program Files (x86)/Epic Games/4.14/Engine/Plugins/Developer/OneSkyLocalizationService/OneSkyLocalizationService.uplugin
LogPluginManager: Loaded Plugin PerforceSourceControl, From C:/Program Files (x86)/Epic Games/4.14/Engine/Plugins/Developer/PerforceSourceControl/PerforceSourceControl.uplugin
LogPluginManager: Loaded Plugin SubversionSourceControl, From C:/Program Files (x86)/Epic Games/4.14/Engine/Plugins/Developer/SubversionSourceControl/SubversionSourceControl.uplugin
LogPluginManager: Loaded Plugin UObjectPlugin, From C:/Program Files (x86)/Epic Games/4.14/Engine/Plugins/Developer/UObjectPlugin/UObjectPlugin.uplugin
LogPluginManager: Loaded Plugin VisualStudioSourceCodeAccess, From C:/Program Files (x86)/Epic Games/4.14/Engine/Plugins/Developer/VisualStudioSourceCodeAccess/VisualStudioSourceCodeAccess.uplugin
LogPluginManager: Loaded Plugin XCodeSourceCodeAccess, From C:/Program Files (x86)/Epic Games/4.14/Engine/Plugins/Developer/XCodeSourceCodeAccess/XCodeSourceCodeAccess.uplugin
LogPluginManager: Loaded Plugin AudioCapture, From C:/Program Files (x86)/Epic Games/4.14/Engine/Plugins/Editor/AudioCapture/AudioCapture.uplugin
LogPluginManager: Loaded Plugin EpicSurvey, From C:/Program Files (x86)/Epic Games/4.14/Engine/Plugins/Editor/EpicSurvey/EpicSurvey.uplugin
LogPluginManager: Loaded Plugin MacGraphicsSwitching, From C:/Program Files (x86)/Epic Games/4.14/Engine/Plugins/Editor/MacGraphicsSwitching/MacGraphicsSwitching.uplugin
LogPluginManager: Loaded Plugin MobileLauncherProfileWizard, From C:/Program Files (x86)/Epic Games/4.14/Engine/Plugins/Editor/MobileLauncherProfileWizard/MobileLauncherProfileWizard.uplugin
LogPluginManager: Loaded Plugin PluginBrowser, From C:/Program Files (x86)/Epic Games/4.14/Engine/Plugins/Editor/PluginBrowser/PluginBrowser.uplugin
LogPluginManager: Loaded Plugin SpeedTreeImporter, From C:/Program Files (x86)/Epic Games/4.14/Engine/Plugins/Editor/SpeedTreeImporter/SpeedTreeImporter.uplugin
LogPluginManager: Loaded Plugin SuperSearchEditor, From C:/Program Files (x86)/Epic Games/4.14/Engine/Plugins/Editor/SuperSearchEditor/SuperSearchEditor.uplugin
LogPluginManager: Loaded Plugin AlembicImporter, From C:/Program Files (x86)/Epic Games/4.14/Engine/Plugins/Experimental/AlembicImporter/AlembicImporter.uplugin
LogPluginManager: Loaded Plugin BlueprintStats, From C:/Program Files (x86)/Epic Games/4.14/Engine/Plugins/Experimental/BlueprintStats/BlueprintStats.uplugin
LogPluginManager: Loaded Plugin CharacterAI, From C:/Program Files (x86)/Epic Games/4.14/Engine/Plugins/Experimental/CharacterAI/CharacterAI.uplugin
LogPluginManager: Loaded Plugin CodeEditor, From C:/Program Files (x86)/Epic Games/4.14/Engine/Plugins/Experimental/CodeEditor/CodeEditor.uplugin
LogPluginManager: Loaded Plugin CodeView, From C:/Program Files (x86)/Epic Games/4.14/Engine/Plugins/Experimental/CodeView/CodeView.uplugin
LogPluginManager: Loaded Plugin HTML5Networking, From C:/Program Files (x86)/Epic Games/4.14/Engine/Plugins/Experimental/HTML5Networking/HTML5Networking.uplugin
LogPluginManager: Loaded Plugin OSVR, From C:/Program Files (x86)/Epic Games/4.14/Engine/Plugins/Experimental/OSVR/OSVR.uplugin
LogPluginManager: Loaded Plugin Phya, From C:/Program Files (x86)/Epic Games/4.14/Engine/Plugins/Experimental/Phya/Phya.uplugin
LogPluginManager: Loaded Plugin SignificanceManager, From C:/Program Files (x86)/Epic Games/4.14/Engine/Plugins/Experimental/SignificanceManager/SignificanceManager.uplugin
LogPluginManager: Loaded Plugin SimpleHMD, From C:/Program Files (x86)/Epic Games/4.14/Engine/Plugins/Experimental/SimpleHMD/SimpleHMD.uplugin
LogPluginManager: Loaded Plugin StereoPanorama, From C:/Program Files (x86)/Epic Games/4.14/Engine/Plugins/Experimental/StereoPanorama/StereoPanorama.uplugin
LogPluginManager: Loaded Plugin StructBox, From C:/Program Files (x86)/Epic Games/4.14/Engine/Plugins/Experimental/StructBox/StructBox.uplugin
LogPluginManager: Loaded Plugin AndroidMedia, From C:/Program Files (x86)/Epic Games/4.14/Engine/Plugins/Media/AndroidMedia/AndroidMedia.uplugin
LogPluginManager: Loaded Plugin AvfMedia, From C:/Program Files (x86)/Epic Games/4.14/Engine/Plugins/Media/AvfMedia/AvfMedia.uplugin
LogPluginManager: Loaded Plugin MediaPlayerEditor, From C:/Program Files (x86)/Epic Games/4.14/Engine/Plugins/Media/MediaPlayerEditor/MediaPlayerEditor.uplugin
LogPluginManager: Loaded Plugin WmfMedia, From C:/Program Files (x86)/Epic Games/4.14/Engine/Plugins/Media/WmfMedia/WmfMedia.uplugin
LogPluginManager: Loaded Plugin MessagingDebugger, From C:/Program Files (x86)/Epic Games/4.14/Engine/Plugins/Messaging/MessagingDebugger/MessagingDebugger.uplugin
LogPluginManager: Loaded Plugin TcpMessaging, From C:/Program Files (x86)/Epic Games/4.14/Engine/Plugins/Messaging/TcpMessaging/TcpMessaging.uplugin
LogPluginManager: Loaded Plugin UdpMessaging, From C:/Program Files (x86)/Epic Games/4.14/Engine/Plugins/Messaging/UdpMessaging/UdpMessaging.uplugin
LogPluginManager: Loaded Plugin LevelSequenceEditor, From C:/Program Files (x86)/Epic Games/4.14/Engine/Plugins/MovieScene/LevelSequenceEditor/LevelSequenceEditor.uplugin
LogPluginManager: Loaded Plugin MatineeToLevelSequence, From C:/Program Files (x86)/Epic Games/4.14/Engine/Plugins/MovieScene/MatineeToLevelSequence/MatineeToLevelSequence.uplugin
LogPluginManager: Loaded Plugin NetcodeUnitTest, From C:/Program Files (x86)/Epic Games/4.14/Engine/Plugins/NetcodeUnitTest/NetcodeUnitTest/NetcodeUnitTest.uplugin
LogPluginManager: Loaded Plugin NUTUnrealEngine4, From C:/Program Files (x86)/Epic Games/4.14/Engine/Plugins/NetcodeUnitTest/NUTUnrealEngine4/NUTUnrealEngine4.uplugin
LogPluginManager: Loaded Plugin OnlineSubsystemGameCircle, From C:/Program Files (x86)/Epic Games/4.14/Engine/Plugins/Online/Android/OnlineSubsystemGameCircle/OnlineSubsystemGameCircle.uplugin
LogPluginManager: Loaded Plugin OnlineSubsystemGooglePlay, From C:/Program Files (x86)/Epic Games/4.14/Engine/Plugins/Online/Android/OnlineSubsystemGooglePlay/OnlineSubsystemGooglePlay.uplugin
LogPluginManager: Loaded Plugin OnlineSubsystemIOS, From C:/Program Files (x86)/Epic Games/4.14/Engine/Plugins/Online/IOS/OnlineSubsystemIOS/OnlineSubsystemIOS.uplugin
LogPluginManager: Loaded Plugin OnlineFramework, From C:/Program Files (x86)/Epic Games/4.14/Engine/Plugins/Online/OnlineFramework/OnlineFramework.uplugin
LogPluginManager: Loaded Plugin OnlineSubsystem, From C:/Program Files (x86)/Epic Games/4.14/Engine/Plugins/Online/OnlineSubsystem/OnlineSubsystem.uplugin
LogPluginManager: Loaded Plugin OnlineSubsystemAmazon, From C:/Program Files (x86)/Epic Games/4.14/Engine/Plugins/Online/OnlineSubsystemAmazon/OnlineSubsystemAmazon.uplugin
LogPluginManager: Loaded Plugin OnlineSubsystemFacebook, From C:/Program Files (x86)/Epic Games/4.14/Engine/Plugins/Online/OnlineSubsystemFacebook/OnlineSubsystemFacebook.uplugin
LogPluginManager: Loaded Plugin OnlineSubsystemNull, From C:/Program Files (x86)/Epic Games/4.14/Engine/Plugins/Online/OnlineSubsystemNull/OnlineSubsystemNull.uplugin
LogPluginManager: Loaded Plugin OnlineSubsystemOculus, From C:/Program Files (x86)/Epic Games/4.14/Engine/Plugins/Online/OnlineSubsystemOculus/OnlineSubsystemOculus.uplugin
LogPluginManager: Loaded Plugin OnlineSubsystemSteam, From C:/Program Files (x86)/Epic Games/4.14/Engine/Plugins/Online/OnlineSubsystemSteam/OnlineSubsystemSteam.uplugin
LogPluginManager: Loaded Plugin OnlineSubsystemUtils, From C:/Program Files (x86)/Epic Games/4.14/Engine/Plugins/Online/OnlineSubsystemUtils/OnlineSubsystemUtils.uplugin
LogPluginManager: Loaded Plugin IOSTapJoy, From C:/Program Files (x86)/Epic Games/4.14/Engine/Plugins/Runtime/Advertising/IOSTapJoy/IOSTapJoy.uplugin
LogPluginManager: Loaded Plugin AnalyticsBlueprintLibrary, From C:/Program Files (x86)/Epic Games/4.14/Engine/Plugins/Runtime/Analytics/AnalyticsBlueprintLibrary/AnalyticsBlueprintLibrary.uplugin
LogPluginManager: Loaded Plugin AnalyticsMulticast, From C:/Program Files (x86)/Epic Games/4.14/Engine/Plugins/Runtime/Analytics/AnalyticsMulticast/AnalyticsMulticast.uplugin
LogPluginManager: Loaded Plugin Apsalar, From C:/Program Files (x86)/Epic Games/4.14/Engine/Plugins/Runtime/Analytics/Apsalar/Apsalar.uplugin
LogPluginManager: Loaded Plugin FileLogging, From C:/Program Files (x86)/Epic Games/4.14/Engine/Plugins/Runtime/Analytics/FileLogging/FileLogging.uplugin
LogPluginManager: Loaded Plugin Flurry, From C:/Program Files (x86)/Epic Games/4.14/Engine/Plugins/Runtime/Analytics/Flurry/Flurry.uplugin
LogPluginManager: Loaded Plugin AndroidDeviceProfileSelector, From C:/Program Files (x86)/Epic Games/4.14/Engine/Plugins/Runtime/AndroidDeviceProfileSelector/AndroidDeviceProfileSelector.uplugin
LogPluginManager: Loaded Plugin AndroidMoviePlayer, From C:/Program Files (x86)/Epic Games/4.14/Engine/Plugins/Runtime/AndroidMoviePlayer/AndroidMoviePlayer.uplugin
LogPluginManager: Loaded Plugin AppleMoviePlayer, From C:/Program Files (x86)/Epic Games/4.14/Engine/Plugins/Runtime/AppleMoviePlayer/AppleMoviePlayer.uplugin
LogPluginManager: Loaded Plugin ArchVisCharacter, From C:/Program Files (x86)/Epic Games/4.14/Engine/Plugins/Runtime/ArchVisCharacter/ArchVisCharacter.uplugin
LogPluginManager: Loaded Plugin CableComponent, From C:/Program Files (x86)/Epic Games/4.14/Engine/Plugins/Runtime/CableComponent/CableComponent.uplugin
LogPluginManager: Loaded Plugin CustomMeshComponent, From C:/Program Files (x86)/Epic Games/4.14/Engine/Plugins/Runtime/CustomMeshComponent/CustomMeshComponent.uplugin
LogPluginManager: Loaded Plugin ExampleDeviceProfileSelector, From C:/Program Files (x86)/Epic Games/4.14/Engine/Plugins/Runtime/ExampleDeviceProfileSelector/ExampleDeviceProfileSelector.uplugin
LogPluginManager: Loaded Plugin GearVR, From C:/Program Files (x86)/Epic Games/4.14/Engine/Plugins/Runtime/GearVR/GearVR.uplugin
LogPluginManager: Loaded Plugin GoogleVRController, From C:/Program Files (x86)/Epic Games/4.14/Engine/Plugins/Runtime/GoogleVR/GoogleVRController/GoogleVRController.uplugin
LogPluginManager: Loaded Plugin GoogleVRHMD, From C:/Program Files (x86)/Epic Games/4.14/Engine/Plugins/Runtime/GoogleVR/GoogleVRHMD/GoogleVRHMD.uplugin
LogPluginManager: Loaded Plugin IOSDeviceProfileSelector, From C:/Program Files (x86)/Epic Games/4.14/Engine/Plugins/Runtime/IOSDeviceProfileSelector/IOSDeviceProfileSelector.uplugin
LogPluginManager: Loaded Plugin LeapMotion, From C:/Program Files (x86)/Epic Games/4.14/Engine/Plugins/Runtime/LeapMotion/LeapMotion.uplugin
LogPluginManager: Loaded Plugin LinuxDeviceProfileSelector, From C:/Program Files (x86)/Epic Games/4.14/Engine/Plugins/Runtime/LinuxDeviceProfileSelector/LinuxDeviceProfileSelector.uplugin
LogPluginManager: Loaded Plugin MIDIDevice, From C:/Program Files (x86)/Epic Games/4.14/Engine/Plugins/Runtime/MIDIDevice/MIDIDevice.uplugin
LogPluginManager: Loaded Plugin MobilePatchingUtils, From C:/Program Files (x86)/Epic Games/4.14/Engine/Plugins/Runtime/MobilePatchingUtils/MobilePatchingUtils.uplugin
LogPluginManager: Loaded Plugin Ansel, From C:/Program Files (x86)/Epic Games/4.14/Engine/Plugins/Runtime/Nvidia/Ansel/Ansel.uplugin
LogPluginManager: Loaded Plugin OculusAudio, From C:/Program Files (x86)/Epic Games/4.14/Engine/Plugins/Runtime/OculusAudio/OculusAudio.uplugin
LogPluginManager: Loaded Plugin OculusInput, From C:/Program Files (x86)/Epic Games/4.14/Engine/Plugins/Runtime/OculusInput/OculusInput.uplugin
LogPluginManager: Loaded Plugin OculusLibrary, From C:/Program Files (x86)/Epic Games/4.14/Engine/Plugins/Runtime/OculusLibrary/OculusLibrary.uplugin
LogPluginManager: Loaded Plugin OculusRift, From C:/Program Files (x86)/Epic Games/4.14/Engine/Plugins/Runtime/OculusRift/OculusRift.uplugin
LogPluginManager: Loaded Plugin Oodle, From C:/Program Files (x86)/Epic Games/4.14/Engine/Plugins/Runtime/PacketHandlers/CompressionComponents/Oodle/Oodle.uplugin
LogPluginManager: Loaded Plugin ProceduralMeshComponent, From C:/Program Files (x86)/Epic Games/4.14/Engine/Plugins/Runtime/ProceduralMeshComponent/ProceduralMeshComponent.uplugin
LogPluginManager: Loaded Plugin SoundMod, From C:/Program Files (x86)/Epic Games/4.14/Engine/Plugins/Runtime/SoundMod/SoundMod.uplugin
LogPluginManager: Loaded Plugin SoundVisualizations, From C:/Program Files (x86)/Epic Games/4.14/Engine/Plugins/Runtime/SoundVisualizations/SoundVisualizations.uplugin
LogPluginManager: Loaded Plugin SteamController, From C:/Program Files (x86)/Epic Games/4.14/Engine/Plugins/Runtime/Steam/SteamController/SteamController.uplugin
LogPluginManager: Loaded Plugin SteamVR, From C:/Program Files (x86)/Epic Games/4.14/Engine/Plugins/Runtime/Steam/SteamVR/SteamVR.uplugin
LogPluginManager: Loaded Plugin WebBrowserWidget, From C:/Program Files (x86)/Epic Games/4.14/Engine/Plugins/Runtime/WebBrowserWidget/WebBrowserWidget.uplugin
LogPluginManager: Loaded Plugin WindowsDeviceProfileSelector, From C:/Program Files (x86)/Epic Games/4.14/Engine/Plugins/Runtime/WindowsDeviceProfileSelector/WindowsDeviceProfileSelector.uplugin
LogPluginManager: Loaded Plugin WindowsMoviePlayer, From C:/Program Files (x86)/Epic Games/4.14/Engine/Plugins/Runtime/WindowsMoviePlayer/WindowsMoviePlayer.uplugin
LogPluginManager: Loaded Plugin ScriptPlugin, From C:/Program Files (x86)/Epic Games/4.14/Engine/Plugins/ScriptPlugin/ScriptPlugin.uplugin
LogPluginManager: Loaded Plugin SlateRemote, From C:/Program Files (x86)/Epic Games/4.14/Engine/Plugins/Slate/SlateRemote/SlateRemote.uplugin
LogPluginManager: Loaded Plugin EditorTests, From C:/Program Files (x86)/Epic Games/4.14/Engine/Plugins/Tests/EditorTests/EditorTests.uplugin
LogPluginManager: Loaded Plugin FbxAutomationTestBuilder, From C:/Program Files (x86)/Epic Games/4.14/Engine/Plugins/Tests/FbxAutomationTestBuilder/FbxAutomationTestBuilder.uplugin
LogPluginManager: Loaded Plugin FunctionalTestingEditor, From C:/Program Files (x86)/Epic Games/4.14/Engine/Plugins/Tests/FunctionalTestingEditor/FunctionalTestingEditor.uplugin
LogPluginManager: Loaded Plugin RuntimeTests, From C:/Program Files (x86)/Epic Games/4.14/Engine/Plugins/Tests/RuntimeTests/RuntimeTests.uplugin
LogPluginManager: Loaded Plugin ScreenshotTools, From C:/Program Files (x86)/Epic Games/4.14/Engine/Plugins/Tests/ScreenshotTools/ScreenshotTools.uplugin
LogInit: Using libcurl 7.47.1
LogInit:  - built for x86_64-pc-win32
LogInit:  - supports SSL with OpenSSL/1.0.2g
LogInit:  - supports HTTP deflate (compression) using libz 1.2.8
LogInit:  - other features:
LogInit:      CURL_VERSION_SSL
LogInit:      CURL_VERSION_LIBZ
LogInit:      CURL_VERSION_IPV6
LogInit:      CURL_VERSION_ASYNCHDNS
LogInit:      CURL_VERSION_LARGEFILE
LogInit:      CURL_VERSION_IDN
LogInit:  CurlRequestOptions (configurable via config and command line):
LogInit:  - bVerifyPeer = false  - Libcurl will NOT verify peer certificate
LogInit:  - bUseHttpProxy = false  - Libcurl will NOT use HTTP proxy
LogInit:  - bDontReuseConnections = false  - Libcurl will reuse connections
LogInit:  - CertBundlePath = nullptr  - Libcurl will use whatever was configured at build time.
LogInit: Build: ++UE4+Release-4.14-CL-3249277
LogInit: Engine Version: 4.14.3-3249277+++UE4+Release-4.14
LogInit: Compatible Engine Version: 4.14.0-3195953+++UE4+Release-4.14
LogInit: Net CL: 3195953
LogDevObjectVersion: Number of dev versions registered: 13
LogDevObjectVersion:   Dev-Blueprints (B0D832E4-1F89-4F0D-ACCF-7EB736FD4AA2): 7
LogDevObjectVersion:   Dev-Build (E1C64328-A22C-4D53-A36C-8E866417BD8C): 0
LogDevObjectVersion:   Dev-Core (375EC13C-06E4-48FB-B500-84F0262A717E): 1
LogDevObjectVersion:   Dev-Editor (E4B068ED-F494-42E9-A231-DA0B2E46BB41): 8
LogDevObjectVersion:   Dev-Framework (CFFC743F-43B0-4480-9391-14DF171D2073): 17
LogDevObjectVersion:   Dev-Mobile (B02B49B5-BB20-44E9-A304-32B752E40360): 0
LogDevObjectVersion:   Dev-Networking (A4E4105C-59A1-49B5-A7C5-40C4547EDFEE): 0
LogDevObjectVersion:   Dev-Online (39C831C9-5AE6-47DC-9A44-9C173E1C8E7C): 0
LogDevObjectVersion:   Dev-Physics (78F01B33-EBEA-4F98-B9B4-84EACCB95AA2): 0
LogDevObjectVersion:   Dev-Platform (6631380F-2D4D-43E0-8009-CF276956A95A): 0
LogDevObjectVersion:   Dev-Rendering (12F88B9F-8875-4AFC-A67C-D90C383ABD29): 12
LogDevObjectVersion:   Dev-Sequencer (7B5AE74C-D270-4C10-A958-57980B212A5A): 1
LogDevObjectVersion:   Dev-VR (D7296918-1DD6-4BDD-9DE2-64A83CC13884): 0
LogInit: Compiled (64-bit): Jan  6 2017 10:49:43
LogInit: Compiled with Visual C++: 19.00.23026.00
LogInit: Build Configuration: Development
LogInit: Branch Name: ++UE4+Release-4.14
LogInit: Command line:  
LogInit: Base directory: C:/Program Files (x86)/Epic Games/4.14/Engine/Binaries/Win64/
LogInit: Installed Engine Build: 1
LogInit: Presizing for max 8388607 objects, including 0 objects not considered by GC, pre-allocating 0 bytes for permanent pool.
LogInit: Object subsystem initialized
[2017.04.14-00.10.54:698][  0]LogInit: Selected Device Profile: [Windows]
[2017.04.14-00.10.54:698][  0]LogInit: Applying CVar settings loaded from the selected device profile: [Windows]
[2017.04.14-00.10.54:932][  0]LogInit: Computer: LAPTOP-CP3ESMCT
[2017.04.14-00.10.54:932][  0]LogInit: User: aerob
[2017.04.14-00.10.54:932][  0]LogInit: CPU Page size=65536, Cores=2
[2017.04.14-00.10.54:932][  0]LogInit: High frequency timer resolution =2.343754 MHz
[2017.04.14-00.10.54:933][  0]LogMemory: Memory total: Physical=7.9GB (8GB approx)
[2017.04.14-00.10.54:993][  0]LogMemory: Platform Memory Stats for Windows
[2017.04.14-00.10.54:993][  0]LogMemory: Process Physical Memory: 264.70 MB used, 264.70 MB peak
[2017.04.14-00.10.54:993][  0]LogMemory: Process Virtual Memory: 262.58 MB used, 262.58 MB peak
[2017.04.14-00.10.54:993][  0]LogMemory: Physical Memory: 5644.49 MB used,  2437.42 MB free, 8081.91 MB total
[2017.04.14-00.10.54:993][  0]LogMemory: Virtual Memory: 674.75 MB used,  2437.42 MB free, 134217728.00 MB total
[2017.04.14-00.11.02:829][  0]LogTextLocalizationManager: No specific translations for ('en-US') exist, so ('en') translations will be used.
[2017.04.14-00.11.21:269][  0]LogD3D11RHI: D3D11 adapters:
[2017.04.14-00.11.21:336][  0]LogD3D11RHI:    0. 'Intel(R) HD Graphics 520' (Feature Level 11_0)
[2017.04.14-00.11.21:336][  0]LogD3D11RHI:       128/0/4040 MB DedicatedVideo/DedicatedSystem/SharedSystem, Outputs:1, VendorId:0x8086
[2017.04.14-00.11.21:338][  0]LogD3D11RHI:    1. 'Microsoft Basic Render Driver' (Feature Level 11_0)
[2017.04.14-00.11.21:338][  0]LogD3D11RHI:       0/0/4040 MB DedicatedVideo/DedicatedSystem/SharedSystem, Outputs:0, VendorId:0x1414
[2017.04.14-00.11.21:338][  0]LogD3D11RHI: Chosen D3D11 Adapter: 0
[2017.04.14-00.11.21:414][  0]LogD3D11RHI: Creating new Direct3DDevice
[2017.04.14-00.11.21:414][  0]LogD3D11RHI:     GPU DeviceId: 0x1916 (for the marketing name, search the web for "GPU Device Id")
[2017.04.14-00.11.21:414][  0]LogWindows: EnumDisplayDevices:
[2017.04.14-00.11.21:415][  0]LogWindows:    0. 'Intel(R) HD Graphics 520' (P:1 D:1)
[2017.04.14-00.11.21:415][  0]LogWindows:    1. 'Intel(R) HD Graphics 520' (P:0 D:0)
[2017.04.14-00.11.21:415][  0]LogWindows:    2. 'Intel(R) HD Graphics 520' (P:0 D:0)
[2017.04.14-00.11.21:415][  0]LogWindows: DebugString: FoundDriverCount:3 
[2017.04.14-00.11.21:416][  0]LogD3D11RHI:     Adapter Name: Intel(R) HD Graphics 520
[2017.04.14-00.11.21:416][  0]LogD3D11RHI:   Driver Version: 21.20.16.4542 (internal:21.20.16.4542, unified:21.20.16.4542)
[2017.04.14-00.11.21:416][  0]LogD3D11RHI:      Driver Date: 10-24-2016
[2017.04.14-00.11.21:416][  0]LogRHI: Texture pool is 1361 MB (70% of 1945 MB)
[2017.04.14-00.11.21:471][  0]LogD3D11RHI: Async texture creation enabled
[2017.04.14-00.11.22:644][  0]LogD3D11RHI: GPU Timing Frequency: 12.000000 (Debug: 2 0)
[2017.04.14-00.11.23:178][  0]LogShaderCompilers: Guid format shader working directory is -27 characters bigger than the processId version (../../../../../../Users/aerob/Desktop/curse2/TheCursedBlade/Cursed_Blade/Intermediate/Shaders/WorkingDirectory/15800/).
[2017.04.14-00.11.23:178][  0]LogShaderCompilers: Cleaned the shader compiler working directory 'C:/Users/aerob/AppData/Local/Temp/UnrealShaderWorkingDir/7E1267524CFF66A06E0BEE8732476D32/'.
[2017.04.14-00.11.23:178][  0]LogShaderCompilers:Display: Using Local Shader Compiler.
[2017.04.14-00.11.39:740][  0]LogTemp:Display: Loaded TP AllDesktopTargetPlatform
[2017.04.14-00.11.39:866][  0]LogTemp:Display: Loaded TP MacClientTargetPlatform
[2017.04.14-00.11.40:053][  0]LogTemp:Display: Loaded TP MacNoEditorTargetPlatform
[2017.04.14-00.11.40:169][  0]LogTemp:Display: Loaded TP MacServerTargetPlatform
[2017.04.14-00.11.40:359][  0]LogTemp:Display: Loaded TP MacTargetPlatform
[2017.04.14-00.11.40:481][  0]LogTemp:Display: Loaded TP WindowsClientTargetPlatform
[2017.04.14-00.11.40:598][  0]LogTemp:Display: Loaded TP WindowsNoEditorTargetPlatform
[2017.04.14-00.11.40:702][  0]LogTemp:Display: Loaded TP WindowsServerTargetPlatform
[2017.04.14-00.11.40:792][  0]LogTemp:Display: Loaded TP WindowsTargetPlatform
[2017.04.14-00.11.40:915][  0]LogTemp:Display: Loaded TP AndroidTargetPlatform
[2017.04.14-00.11.41:058][  0]LogTemp:Display: Loaded TP Android_ASTCTargetPlatform
[2017.04.14-00.11.41:276][  0]LogTemp:Display: Loaded TP Android_ATCTargetPlatform
[2017.04.14-00.11.41:454][  0]LogTemp:Display: Loaded TP Android_DXTTargetPlatform
[2017.04.14-00.11.41:739][  0]LogTemp:Display: Loaded TP Android_ETC1TargetPlatform
[2017.04.14-00.11.41:858][  0]LogTemp:Display: Loaded TP Android_ETC2TargetPlatform
[2017.04.14-00.11.42:058][  0]LogTemp:Display: Loaded TP Android_MultiTargetPlatform
[2017.04.14-00.11.42:058][  0]LogTemp:Display: Loaded TP Android_PVRTCTargetPlatform
[2017.04.14-00.11.42:206][  0]LogTemp:Display: Loaded TP HTML5TargetPlatform
[2017.04.14-00.11.42:522][  0]LogTemp:Display: Loaded TP IOSTargetPlatform
[2017.04.14-00.11.42:578][  0]LogTemp:Display: Loaded TP TVOSTargetPlatform
[2017.04.14-00.11.42:680][  0]LogTemp:Display: Loaded TP LinuxClientTargetPlatform
[2017.04.14-00.11.42:791][  0]LogTemp:Display: Loaded TP LinuxNoEditorTargetPlatform
[2017.04.14-00.11.42:903][  0]LogTemp:Display: Loaded TP LinuxServerTargetPlatform
[2017.04.14-00.11.43:030][  0]LogTemp:Display: Loaded TP LinuxTargetPlatform
[2017.04.14-00.11.43:030][  0]LogTargetPlatformManager:Display: Building Assets For Windows
[2017.04.14-00.11.48:369][  0]LogDerivedDataCache:Display: Max Cache Size: 512 MB
[2017.04.14-00.11.49:743][  0]LogDerivedDataCache: Loaded boot cache 1.37s 50MB C:/Users/aerob/AppData/Local/UnrealEngine/4.14/DerivedDataCache/Boot.ddc.
[2017.04.14-00.11.49:743][  0]LogDerivedDataCache:Display: Loaded Boot cache: C:/Users/aerob/AppData/Local/UnrealEngine/4.14/DerivedDataCache/Boot.ddc
[2017.04.14-00.11.49:744][  0]LogDerivedDataCache: FDerivedDataBackendGraph:  Pak pak cache file ../../../../../../Users/aerob/Desktop/curse2/TheCursedBlade/Cursed_Blade/DerivedDataCache/DDC.ddp not found, will not use a pak cache.
[2017.04.14-00.11.49:744][  0]LogDerivedDataCache: Unable to find inner node Pak for hierarchical cache Hierarchy.
[2017.04.14-00.11.49:744][  0]LogDerivedDataCache: FDerivedDataBackendGraph:  CompressedPak pak cache file ../../../../../../Users/aerob/Desktop/curse2/TheCursedBlade/Cursed_Blade/DerivedDataCache/Compressed.ddp not found, will not use a pak cache.
[2017.04.14-00.11.49:744][  0]LogDerivedDataCache: Unable to find inner node CompressedPak for hierarchical cache Hierarchy.
[2017.04.14-00.11.50:289][  0]LogDerivedDataCache:Display: Pak cache opened for reading ../../../Engine/DerivedDataCache/Compressed.ddp.
[2017.04.14-00.11.50:345][  0]LogDerivedDataCache: Using Local data cache path C:/Users/aerob/AppData/Local/UnrealEngine/Common/DerivedDataCache: Writable
[2017.04.14-00.12.14:316][  0]LogInit: Selected Device Profile: [Windows]
[2017.04.14-00.12.14:491][  0]LogContentStreaming: Texture pool size is 0.00 MB
[2017.04.14-00.12.15:504][  0]LogMeshUtilities: Using QuadricMeshReduction for automatic static mesh reduction
[2017.04.14-00.12.15:679][  0]LogSimplygon: Simplygon DLL not present - disabling.
[2017.04.14-00.12.15:845][  0]LogMeshUtilities: Using SimplygonSwarm for distributed automatic mesh merging
[2017.04.14-00.12.15:845][  0]LogMeshUtilities: No automatic skeletal mesh reduction module available
[2017.04.14-00.12.15:845][  0]LogMeshUtilities: No automatic mesh merging module available
[2017.04.14-00.12.32:119][  0]LogNetVersion: GetLocalNetworkVersion: CL: 3195953, ProjectName: cursed_blade, ProjectVersion: , EngineNetworkVersion: 2, GameNetworkVersion: 0, NetworkChecksum: 3550933385
[2017.04.14-00.12.32:616][  0]LogAssetRegistry: FAssetRegistry took 0.0226 seconds to start up
[2017.04.14-00.12.32:898][  0]LogPackageLocalizationCache: Processed 3 localized package path(s) for 2 prioritized culture(s) in 0.112272 seconds
[2017.04.14-00.12.32:931][  0]LogUObjectArray: 31946 objects as part of root set at end of initial load.
[2017.04.14-00.12.32:931][  0]LogUObjectAllocator: 6935840 out of 0 bytes used by permanent object pool.
[2017.04.14-00.12.32:931][  0]LogUObjectArray: CloseDisregardForGC: 0/0 objects in disregard for GC pool
[2017.04.14-00.12.33:093][  0]LogInit: WinSock: version 1.1 (2.2), MaxSocks=32767, MaxUdp=65467
[2017.04.14-00.12.40:886][  0]LogSlate: Using Freetype 2.6.0
[2017.04.14-00.12.41:097][  0]LogSlate: SlateFontCache - WITH_FREETYPE: 1, WITH_HARFBUZZ: 1
[2017.04.14-00.12.41:097][  0]LogSlate: SlateFontCache - WITH_FREETYPE: 1, WITH_HARFBUZZ: 1
[2017.04.14-00.13.39:341][  0]LogTcpMessaging: Initializing TcpMessaging bridge
[2017.04.14-00.13.40:155][  0]LogUdpMessaging: Initializing bridge on interface 0.0.0.0:0 to multicast group 230.0.0.1:6666.
[2017.04.14-00.13.43:901][  0]LogMaterial: Uniform references updated for custom material expression Custom.
[2017.04.14-00.13.49:055][  0]SourceControl: Info Source control is disabled
[2017.04.14-00.13.50:608][  0]SourceControl: Info Source control is disabled
[2017.04.14-00.13.50:961][  0]SourceControl: Info Source control is disabled
[2017.04.14-00.13.51:455][  0]SourceControl: Info Source control is disabled
[2017.04.14-00.14.01:259][  0]LogEngine: Initializing Engine...
[2017.04.14-00.14.01:312][  0]LogHMD: Failed to initialize OpenVR with code 110
[2017.04.14-00.14.02:947][  0]LogAIModule: Creating AISystem for world Untitled
[2017.04.14-00.14.03:013][  0]LogInit: XAudio2 using 'Speaker/HP (Realtek High Definition Audio)' : 2 channels at 48 kHz using 32 bits per sample (channel mask 0x3)
[2017.04.14-00.14.04:171][  0]LogInit: FAudioDevice initialized.
[2017.04.14-00.14.04:229][  0]LogDerivedDataCache: Saved boot cache 0.03s 50MB C:/Users/aerob/AppData/Local/UnrealEngine/4.14/DerivedDataCache/Boot.ddc.
[2017.04.14-00.14.04:285][  0]LogInit: Texture streaming: Enabled
[2017.04.14-00.14.10:405][  0]LogInit: Transaction tracking system initialized
[2017.04.14-00.14.12:234][  0]BlueprintLog: New page: Editor Load
[2017.04.14-00.14.19:693][  0]LocalizationService: Info Localization service is disabled
[2017.04.14-00.14.23:136][  0]LogConsoleResponse:Display: 
[2017.04.14-00.14.30:676][  0]LogCook:Display: Max memory allowance for cook 16384mb min free memory 0mb
[2017.04.14-00.14.30:782][  0]LogFileCache: Scanning file cache for directory 'C:/Users/aerob/Desktop/curse2/TheCursedBlade/Cursed_Blade/Content/' took 0.07s
[2017.04.14-00.14.30:782][  0]LogCook:Display: Mobile HDR setting 1
[2017.04.14-00.14.38:710][  0]SourceControl: Info Source control is disabled
[2017.04.14-00.14.38:730][  0]Cmd: MAP LOAD FILE="../../../../../../Users/aerob/Desktop/curse2/TheCursedBlade/Cursed_Blade/Content/Levels/MainMenuLevel.umap" TEMPLATE=0 SHOWPROGRESS=1 FEATURELEVEL=3
[2017.04.14-00.14.38:775][  0]LightingResults: New page: Lighting Build
[2017.04.14-00.14.39:186][  0]MapCheck: New page: Map Check
[2017.04.14-00.14.39:186][  0]LightingResults: New page: Lighting Build
[2017.04.14-00.14.52:728][  0]LogAIModule: Creating AISystem for world MainMenuLevel
[2017.04.14-00.14.53:269][  0]LogEditorServer: Finished looking for orphan Actors (0.000 secs)
[2017.04.14-00.14.53:282][  0]Cmd: MAP CHECKDEP NOCLEARLOG
[2017.04.14-00.14.53:446][  0]MapCheck: Info Map check complete: 0 Error(s), 0 Warning(s), took 164.399ms to complete.
[2017.04.14-00.14.53:446][  0]LogFileHelpers: Loading map 'MainMenuLevel' took 14.725
[2017.04.14-00.14.56:307][  0]LogCollectionManager: Loaded 0 collections in 0.003662 seconds
[2017.04.14-00.14.56:533][  0]LogFileCache: Scanning file cache for directory 'C:/Users/aerob/Desktop/curse2/TheCursedBlade/Cursed_Blade/Saved/Collections/' took 0.01s
[2017.04.14-00.14.56:533][  0]LogFileCache: Scanning file cache for directory 'C:/Users/aerob/Desktop/curse2/TheCursedBlade/Cursed_Blade/Content/Developers/aerob/Collections/' took 0.01s
[2017.04.14-00.14.56:533][  0]LogFileCache: Scanning file cache for directory 'C:/Users/aerob/Desktop/curse2/TheCursedBlade/Cursed_Blade/Content/Collections/' took 0.01s
[2017.04.14-00.14.56:533][  0]LogCollectionManager: Rebuilt the GUID cache for 0 collections in 0.000002 seconds
[2017.04.14-00.14.56:578][  0]LogContentBrowser: Native class hierarchy populated in 0.0325 seconds. Added 2190 classes and 428 folders.
[2017.04.14-00.14.56:902][  0]LogStats: UGameplayTagsManager::ConstructGameplayTagTree: Construct from data asset -  0.000 s
[2017.04.14-00.14.56:902][  0]LogStats: UGameplayTagsManager::ConstructGameplayTagTree: GameplayTagTreeChangedEvent.Broadcast -  0.000 s
[2017.04.14-00.14.56:931][  0]LogContentBrowser: Native class hierarchy updated for 'GameplayTags' in 0.0283 seconds. Added 13 classes and 0 folders.
[2017.04.14-00.14.57:048][  0]LogContentBrowser: Native class hierarchy updated for 'WidgetCarousel' in 0.0008 seconds. Added 0 classes and 0 folders.
[2017.04.14-00.15.01:364][  0]LogContentBrowser: Native class hierarchy updated for 'AddContentDialog' in 0.0006 seconds. Added 0 classes and 0 folders.
[2017.04.14-00.15.01:747][  0]LogContentBrowser: Native class hierarchy updated for 'SceneOutliner' in 0.0009 seconds. Added 1 classes and 2 folders.
[2017.04.14-00.15.02:547][  0]LogCrashTracker: Crashtracker disabled due to settings.
[2017.04.14-00.15.02:735][  0]LogUObjectGlobals:Warning: Failed to find object 'Class None.'
[2017.04.14-00.15.03:096][  0]LogContentBrowser: Native class hierarchy updated for 'HierarchicalLODOutliner' in 0.0008 seconds. Added 1 classes and 2 folders.
[2017.04.14-00.15.03:096][  0]LogLoad: (Engine Initialization) Total time: 284.39 seconds
[2017.04.14-00.15.03:096][  0]LogLoad: (Engine Initialization) Total Blueprint compile time: 1.30 seconds
[2017.04.14-00.15.03:131][  0]LogExternalProfiler: Found external profiler: VSPerf
[2017.04.14-00.15.03:131][  0]LogExternalProfiler: Using external profiler: VSPerf
[2017.04.14-00.15.03:542][  0]LogOcInput: OculusInput pre-init called
[2017.04.14-00.15.03:832][  0]LogContentStreaming: Texture pool size now 1000 MB
[2017.04.14-00.15.05:057][  0]LogRenderer: Reallocating scene render targets to support 756x256 NumSamples 1 (Frame:2).
[2017.04.14-00.15.10:487][  6]LogAssetRegistry: Asset discovery search completed in 157.8929 seconds
[2017.04.14-00.15.10:525][  6]LogCollectionManager: Rebuilt the object cache for 0 collections in 0.000001 seconds (found 0 objects)
[2017.04.14-00.15.10:525][  6]LogCollectionManager: Fixed up redirectors for 0 collections in 0.002611 seconds (updated 0 objects)
[2017.04.14-00.16.08:093][304]LogTemp: Repeting last play command: Selected Viewport
[2017.04.14-00.16.08:242][304]LogBlueprintUserMessages: Early PlayInEditor Detection: Level '/Game/Levels/MainMenuLevel.MainMenuLevel:PersistentLevel' has LevelScriptBlueprint '/Game/Levels/MainMenuLevel.MainMenuLevel:PersistentLevel.MainMenuLevel' with GeneratedClass '/Game/Levels/MainMenuLevel.MainMenuLevel_C' with ClassGeneratedBy '/Game/Levels/MainMenuLevel.MainMenuLevel:PersistentLevel.MainMenuLevel'
[2017.04.14-00.16.08:278][304]LogPlayLevel: PlayLevel: No blueprints needed recompiling
[2017.04.14-00.16.08:486][304]PIE: New page: PIE session: MainMenuLevel (Apr 13, 2017, 4:16:08 PM)
[2017.04.14-00.16.08:496][304]LogPlayLevel: Creating play world package: /Game/Levels/UEDPIE_0_MainMenuLevel
[2017.04.14-00.16.08:670][304]LogPlayLevel: PIE: StaticDuplicateObject took: (0.173514s)
[2017.04.14-00.16.08:671][304]LogAIModule: Creating AISystem for world MainMenuLevel
[2017.04.14-00.16.08:685][304]LogPlayLevel: PIE: World Init took: (0.015389s)
[2017.04.14-00.16.08:713][304]LogPlayLevel: PIE: Created PIE world by copying editor world from /Game/Levels/MainMenuLevel.MainMenuLevel to /Game/Levels/UEDPIE_0_MainMenuLevel.MainMenuLevel (0.216332s)
[2017.04.14-00.16.09:995][304]LogInit: XAudio2 using 'Speaker/HP (Realtek High Definition Audio)' : 2 channels at 48 kHz using 32 bits per sample (channel mask 0x3)
[2017.04.14-00.16.10:020][304]LogInit: FAudioDevice initialized.
[2017.04.14-00.16.12:277][304]LogLoad: Game class is 'myGame_C'
[2017.04.14-00.16.12:623][304]LogWorld: Bringing World /Game/Levels/UEDPIE_0_MainMenuLevel.MainMenuLevel up for play (max tick rate 0) at 2017.04.13-20.16.12
[2017.04.14-00.16.13:196][304]LogWorld: Bringing up level for play took: 0.609392
[2017.04.14-00.16.13:841][304]LogContentBrowser: Native class hierarchy updated for 'MovieSceneCapture' in 0.0010 seconds. Added 11 classes and 0 folders.
[2017.04.14-00.16.14:328][304]PIE: Info Play in editor start time for /Game/Levels/UEDPIE_0_MainMenuLevel 5.999
[2017.04.14-00.16.14:329][304]LogBlueprintUserMessages: Late PlayInEditor Detection: Level '/Game/Levels/MainMenuLevel.MainMenuLevel:PersistentLevel' has LevelScriptBlueprint '/Game/Levels/MainMenuLevel.MainMenuLevel:PersistentLevel.MainMenuLevel' with GeneratedClass '/Game/Levels/MainMenuLevel.MainMenuLevel_C' with ClassGeneratedBy '/Game/Levels/MainMenuLevel.MainMenuLevel:PersistentLevel.MainMenuLevel'
[2017.04.14-00.16.18:248][409]LogNet: Browse: /Game/Levels/TombLevel
[2017.04.14-00.16.18:249][409]LogLoad: LoadMap: /Game/Levels/TombLevel
[2017.04.14-00.16.18:644][409]Cmd: MEM
[2017.04.14-00.16.18:951][409]LogMemory: Platform Memory Stats for Windows
[2017.04.14-00.16.18:951][409]LogMemory: Process Physical Memory: 1456.66 MB used, 1456.95 MB peak
[2017.04.14-00.16.18:951][409]LogMemory: Process Virtual Memory: 1437.19 MB used, 1438.09 MB peak
[2017.04.14-00.16.18:951][409]LogMemory: Physical Memory: 6728.17 MB used,  1353.73 MB free, 8081.91 MB total
[2017.04.14-00.16.18:951][409]LogMemory: Virtual Memory: 2264.83 MB used,  1353.73 MB free, 134217728.00 MB total
[2017.04.14-00.16.18:951][409]LogMemory: 
[2017.04.14-00.16.18:951][409]Allocator Stats for TBB: (not implemented)
[2017.04.14-00.16.37:233][409]LogPackageName:Warning: String asset reference "Env_Ice_Rocky.Mesh.Env_Ice_MelancholicTroll01" is in short form, which is unsupported and -- even if valid -- resolving it will be really slow. Please consider resaving package in order to speed-up loading.
[2017.04.14-00.16.37:469][409]LogPackageName: SearchForPackageOnDisk took   0.218s, but failed to resolve Env_Ice_Rocky.
[2017.04.14-00.16.37:469][409]LogPackageName:Warning: String asset reference "Env_Ice_Rocky.Mesh.Env_Ice_MelancholicTroll01" could not be resolved.
[2017.04.14-00.16.38:318][409]LogPackageName:Warning: String asset reference "Env_Ice_Rocky.Mesh.Env_Ice_NordHeed01" is in short form, which is unsupported and -- even if valid -- resolving it will be really slow. Please consider resaving package in order to speed-up loading.
[2017.04.14-00.16.38:529][409]LogPackageName: SearchForPackageOnDisk took   0.211s, but failed to resolve Env_Ice_Rocky.
[2017.04.14-00.16.38:529][409]LogPackageName:Warning: String asset reference "Env_Ice_Rocky.Mesh.Env_Ice_NordHeed01" could not be resolved.
[2017.04.14-00.16.40:921][409]LogPackageName:Warning: String asset reference "Exo_Deco01.SM.Mesh.WoodenBarrel_Intact" is in short form, which is unsupported and -- even if valid -- resolving it will be really slow. Please consider resaving package in order to speed-up loading.
[2017.04.14-00.16.41:153][409]LogPackageName: SearchForPackageOnDisk took   0.232s, but failed to resolve Exo_Deco01.
[2017.04.14-00.16.41:153][409]LogPackageName:Warning: String asset reference "Exo_Deco01.SM.Mesh.WoodenBarrel_Intact" could not be resolved.
[2017.04.14-00.16.44:023][409]LogPackageName:Warning: String asset reference "Env_Ice_RuinedWalls001" is in short form, which is unsupported and -- even if valid -- resolving it will be really slow. Please consider resaving package in order to speed-up loading.
[2017.04.14-00.16.44:235][409]LogPackageName: SearchForPackageOnDisk took   0.213s, but failed to resolve Env_Ice_RuinedWalls001.
[2017.04.14-00.16.44:235][409]LogPackageName:Warning: String asset reference "Env_Ice_RuinedWalls001" could not be resolved.
[2017.04.14-00.18.14:033][409]LogAIModule: Creating AISystem for world TombLevel
[2017.04.14-00.18.14:034][409]LogLoad: Game class is 'myGame_C'
[2017.04.14-00.18.14:518][409]LogWorld: Bringing World /Game/Levels/UEDPIE_0_TombLevel.TombLevel up for play (max tick rate 0) at 2017.04.13-20.18.14
[2017.04.14-00.18.14:630][409]LogWorld: Bringing up level for play took: 0.582580
[2017.04.14-00.18.14:776][409]LogLoad: Took 116.527009 seconds to LoadMap(/Game/Levels/TombLevel)
[2017.04.14-00.18.31:511][627]LogRenderer: Reallocating scene render targets to support 756x260 NumSamples 1 (Frame:1562).
[2017.04.14-00.18.44:945][898]LogBlueprintUserMessages: Early EndPlayMap Detection: Level '/Game/Levels/MainMenuLevel.MainMenuLevel:PersistentLevel' has LevelScriptBlueprint '/Game/Levels/MainMenuLevel.MainMenuLevel:PersistentLevel.MainMenuLevel' with GeneratedClass '/Game/Levels/MainMenuLevel.MainMenuLevel_C' with ClassGeneratedBy '/Game/Levels/MainMenuLevel.MainMenuLevel:PersistentLevel.MainMenuLevel'
[2017.04.14-00.18.45:782][898]LogBlueprintUserMessages: Late EndPlayMap Detection: Level '/Game/Levels/MainMenuLevel.MainMenuLevel:PersistentLevel' has LevelScriptBlueprint '/Game/Levels/MainMenuLevel.MainMenuLevel:PersistentLevel.MainMenuLevel' with GeneratedClass '/Game/Levels/MainMenuLevel.MainMenuLevel_C' with ClassGeneratedBy '/Game/Levels/MainMenuLevel.MainMenuLevel:PersistentLevel.MainMenuLevel'
[2017.04.14-00.19.05:756][315]LogAIModule: Creating AISystem for world TombLevel
[2017.04.14-00.19.06:229][315]Cmd: MAP LOAD FILE="../../../../../../Users/aerob/Desktop/curse2/TheCursedBlade/Cursed_Blade/Content/Levels/TombLevel.umap" TEMPLATE=0 SHOWPROGRESS=1 FEATURELEVEL=3
[2017.04.14-00.19.06:233][315]LightingResults: New page: Lighting Build
[2017.04.14-00.19.06:236][315]LoadErrors: New page: Loading map: TombLevel.umap
[2017.04.14-00.19.06:262][315]MapCheck: New page: Map Check
[2017.04.14-00.19.06:262][315]LightingResults: New page: Lighting Build
[2017.04.14-00.19.06:916][315]LogEditorServer: Finished looking for orphan Actors (0.000 secs)
[2017.04.14-00.19.07:084][315]Cmd: MAP CHECKDEP NOCLEARLOG
[2017.04.14-00.19.07:323][315]MapCheck: Info Map check complete: 0 Error(s), 0 Warning(s), took 239.162ms to complete.
[2017.04.14-00.19.07:324][315]LogFileHelpers: Loading map 'TombLevel' took 1.283
[2017.04.14-00.19.14:553][451]LogRenderer: Reallocating scene render targets to support 756x264 NumSamples 1 (Frame:2436).
[2017.04.14-00.19.15:893][484]LogTemp: Repeting last play command: Selected Viewport
[2017.04.14-00.19.15:929][484]LogBlueprintUserMessages: Early PlayInEditor Detection: Level '/Game/Levels/TombLevel.TombLevel:PersistentLevel' has LevelScriptBlueprint '/Game/Levels/TombLevel.TombLevel:PersistentLevel.TombLevel' with GeneratedClass '/Game/Levels/TombLevel.TombLevel_C' with ClassGeneratedBy '/Game/Levels/TombLevel.TombLevel:PersistentLevel.TombLevel'
[2017.04.14-00.19.15:930][484]LogPlayLevel: PlayLevel: No blueprints needed recompiling
[2017.04.14-00.19.15:930][484]PIE: New page: PIE session: TombLevel (Apr 13, 2017, 4:19:15 PM)
[2017.04.14-00.19.15:930][484]LogPlayLevel: Creating play world package: /Game/Levels/UEDPIE_0_TombLevel
[2017.04.14-00.19.16:085][484]LogPlayLevel: PIE: StaticDuplicateObject took: (0.155551s)
[2017.04.14-00.19.16:086][484]LogAIModule: Creating AISystem for world TombLevel
[2017.04.14-00.19.16:086][484]LogPlayLevel: PIE: World Init took: (0.001104s)
[2017.04.14-00.19.16:087][484]LogPlayLevel: PIE: Created PIE world by copying editor world from /Game/Levels/TombLevel.TombLevel to /Game/Levels/UEDPIE_0_TombLevel.TombLevel (0.157406s)
[2017.04.14-00.19.16:117][484]LogInit: XAudio2 using 'Speaker/HP (Realtek High Definition Audio)' : 2 channels at 48 kHz using 32 bits per sample (channel mask 0x3)
[2017.04.14-00.19.16:129][484]LogInit: FAudioDevice initialized.
[2017.04.14-00.19.17:431][484]LogLoad: Game class is 'myGame_C'
[2017.04.14-00.19.17:461][484]LogWorld: Bringing World /Game/Levels/UEDPIE_0_TombLevel.TombLevel up for play (max tick rate 0) at 2017.04.13-20.19.17
[2017.04.14-00.19.17:466][484]LogWorld: Bringing up level for play took: 0.034428
[2017.04.14-00.19.17:472][484]PIE: Info Play in editor start time for /Game/Levels/UEDPIE_0_TombLevel 1.143
[2017.04.14-00.19.17:473][484]LogBlueprintUserMessages: Late PlayInEditor Detection: Level '/Game/Levels/TombLevel.TombLevel:PersistentLevel' has LevelScriptBlueprint '/Game/Levels/TombLevel.TombLevel:PersistentLevel.TombLevel' with GeneratedClass '/Game/Levels/TombLevel.TombLevel_C' with ClassGeneratedBy '/Game/Levels/TombLevel.TombLevel:PersistentLevel.TombLevel'
[2017.04.14-00.19.42:610][990]LogCharacterMovement: Enemy_AI2 is stuck and failed to move! Velocity: X=-161.20 Y=121.94 Z=0.00 Location: X=714.20 Y=-1186.40 Z=332.20 Normal: X=0.68 Y=-0.27 Z=-0.68 PenetrationDepth:5.352 Actor:characterBP_C_0 Component:StaticMesh BoneName:None (0 other events since notify)
[2017.04.14-00.20.43:157][158]LogCharacterMovement: Enemy_AI4_1453 is stuck and failed to move! Velocity: X=-56.75 Y=597.31 Z=0.00 Location: X=-681.44 Y=-9407.26 Z=1536.64 Normal: X=-0.18 Y=-0.78 Z=-0.60 PenetrationDepth:15.897 Actor:characterBP_C_0 Component:StaticMesh BoneName:None (0 other events since notify)
[2017.04.14-00.21.51:832][459]LogBlueprintUserMessages: Early EndPlayMap Detection: Level '/Game/Levels/TombLevel.TombLevel:PersistentLevel' has LevelScriptBlueprint '/Game/Levels/TombLevel.TombLevel:PersistentLevel.TombLevel' with GeneratedClass '/Game/Levels/TombLevel.TombLevel_C' with ClassGeneratedBy '/Game/Levels/TombLevel.TombLevel:PersistentLevel.TombLevel'
