Log file open, 03/07/17 17:30:59
LogInit:Display: Running engine for game: Cursed_Blade
LogPlatformFile: Not using cached read wrapper
LogInit:Display: RandInit(-119609864) SRandInit(-119609864).
LogTaskGraph: Started task graph with 5 named threads and 7 total threads with 1 sets of task threads.
LogStats: Stats thread started at 0.092771
LogPluginManager: Loaded Plugin Paper2D, From C:/Program Files (x86)/Epic Games/4.14/Engine/Plugins/2D/Paper2D/Paper2D.uplugin
LogPluginManager: Loaded Plugin LightPropagationVolume, From C:/Program Files (x86)/Epic Games/4.14/Engine/Plugins/Blendables/LightPropagationVolume/LightPropagationVolume.uplugin
LogPluginManager: Loaded Plugin BlankPlugin, From C:/Program Files (x86)/Epic Games/4.14/Engine/Plugins/Developer/BlankPlugin/BlankPlugin.uplugin
LogPluginManager: Loaded Plugin CodeLiteSourceCodeAccess, From C:/Program Files (x86)/Epic Games/4.14/Engine/Plugins/Developer/CodeLiteSourceCodeAccess/CodeLiteSourceCodeAccess.uplugin
LogPluginManager: Loaded Plugin GitSourceControl, From C:/Program Files (x86)/Epic Games/4.14/Engine/Plugins/Developer/GitSourceControl/GitSourceControl.uplugin
LogPluginManager: Loaded Plugin KDevelopSourceCodeAccess, From C:/Program Files (x86)/Epic Games/4.14/Engine/Plugins/Developer/KDevelopSourceCodeAccess/KDevelopSourceCodeAccess.uplugin
LogPluginManager: Loaded Plugin NullSourceCodeAccess, From C:/Program Files (x86)/Epic Games/4.14/Engine/Plugins/Developer/NullSourceCodeAccess/NullSourceCodeAccess.uplugin
LogPluginManager: Loaded Plugin OneSkyLocalizationService, From C:/Program Files (x86)/Epic Games/4.14/Engine/Plugins/Developer/OneSkyLocalizationService/OneSkyLocalizationService.uplugin
LogPluginManager: Loaded Plugin PerforceSourceControl, From C:/Program Files (x86)/Epic Games/4.14/Engine/Plugins/Developer/PerforceSourceControl/PerforceSourceControl.uplugin
LogPluginManager: Loaded Plugin SubversionSourceControl, From C:/Program Files (x86)/Epic Games/4.14/Engine/Plugins/Developer/SubversionSourceControl/SubversionSourceControl.uplugin
LogPluginManager: Loaded Plugin UObjectPlugin, From C:/Program Files (x86)/Epic Games/4.14/Engine/Plugins/Developer/UObjectPlugin/UObjectPlugin.uplugin
LogPluginManager: Loaded Plugin VisualStudioSourceCodeAccess, From C:/Program Files (x86)/Epic Games/4.14/Engine/Plugins/Developer/VisualStudioSourceCodeAccess/VisualStudioSourceCodeAccess.uplugin
LogPluginManager: Loaded Plugin XCodeSourceCodeAccess, From C:/Program Files (x86)/Epic Games/4.14/Engine/Plugins/Developer/XCodeSourceCodeAccess/XCodeSourceCodeAccess.uplugin
LogPluginManager: Loaded Plugin AudioCapture, From C:/Program Files (x86)/Epic Games/4.14/Engine/Plugins/Editor/AudioCapture/AudioCapture.uplugin
LogPluginManager: Loaded Plugin EpicSurvey, From C:/Program Files (x86)/Epic Games/4.14/Engine/Plugins/Editor/EpicSurvey/EpicSurvey.uplugin
LogPluginManager: Loaded Plugin MacGraphicsSwitching, From C:/Program Files (x86)/Epic Games/4.14/Engine/Plugins/Editor/MacGraphicsSwitching/MacGraphicsSwitching.uplugin
LogPluginManager: Loaded Plugin MobileLauncherProfileWizard, From C:/Program Files (x86)/Epic Games/4.14/Engine/Plugins/Editor/MobileLauncherProfileWizard/MobileLauncherProfileWizard.uplugin
LogPluginManager: Loaded Plugin PluginBrowser, From C:/Program Files (x86)/Epic Games/4.14/Engine/Plugins/Editor/PluginBrowser/PluginBrowser.uplugin
LogPluginManager: Loaded Plugin SpeedTreeImporter, From C:/Program Files (x86)/Epic Games/4.14/Engine/Plugins/Editor/SpeedTreeImporter/SpeedTreeImporter.uplugin
LogPluginManager: Loaded Plugin SuperSearchEditor, From C:/Program Files (x86)/Epic Games/4.14/Engine/Plugins/Editor/SuperSearchEditor/SuperSearchEditor.uplugin
LogPluginManager: Loaded Plugin AlembicImporter, From C:/Program Files (x86)/Epic Games/4.14/Engine/Plugins/Experimental/AlembicImporter/AlembicImporter.uplugin
LogPluginManager: Loaded Plugin BlueprintStats, From C:/Program Files (x86)/Epic Games/4.14/Engine/Plugins/Experimental/BlueprintStats/BlueprintStats.uplugin
LogPluginManager: Loaded Plugin CharacterAI, From C:/Program Files (x86)/Epic Games/4.14/Engine/Plugins/Experimental/CharacterAI/CharacterAI.uplugin
LogPluginManager: Loaded Plugin CodeEditor, From C:/Program Files (x86)/Epic Games/4.14/Engine/Plugins/Experimental/CodeEditor/CodeEditor.uplugin
LogPluginManager: Loaded Plugin CodeView, From C:/Program Files (x86)/Epic Games/4.14/Engine/Plugins/Experimental/CodeView/CodeView.uplugin
LogPluginManager: Loaded Plugin HTML5Networking, From C:/Program Files (x86)/Epic Games/4.14/Engine/Plugins/Experimental/HTML5Networking/HTML5Networking.uplugin
LogPluginManager: Loaded Plugin OSVR, From C:/Program Files (x86)/Epic Games/4.14/Engine/Plugins/Experimental/OSVR/OSVR.uplugin
LogPluginManager: Loaded Plugin Phya, From C:/Program Files (x86)/Epic Games/4.14/Engine/Plugins/Experimental/Phya/Phya.uplugin
LogPluginManager: Loaded Plugin SignificanceManager, From C:/Program Files (x86)/Epic Games/4.14/Engine/Plugins/Experimental/SignificanceManager/SignificanceManager.uplugin
LogPluginManager: Loaded Plugin SimpleHMD, From C:/Program Files (x86)/Epic Games/4.14/Engine/Plugins/Experimental/SimpleHMD/SimpleHMD.uplugin
LogPluginManager: Loaded Plugin StereoPanorama, From C:/Program Files (x86)/Epic Games/4.14/Engine/Plugins/Experimental/StereoPanorama/StereoPanorama.uplugin
LogPluginManager: Loaded Plugin StructBox, From C:/Program Files (x86)/Epic Games/4.14/Engine/Plugins/Experimental/StructBox/StructBox.uplugin
LogPluginManager: Loaded Plugin AndroidMedia, From C:/Program Files (x86)/Epic Games/4.14/Engine/Plugins/Media/AndroidMedia/AndroidMedia.uplugin
LogPluginManager: Loaded Plugin AvfMedia, From C:/Program Files (x86)/Epic Games/4.14/Engine/Plugins/Media/AvfMedia/AvfMedia.uplugin
LogPluginManager: Loaded Plugin MediaPlayerEditor, From C:/Program Files (x86)/Epic Games/4.14/Engine/Plugins/Media/MediaPlayerEditor/MediaPlayerEditor.uplugin
LogPluginManager: Loaded Plugin WmfMedia, From C:/Program Files (x86)/Epic Games/4.14/Engine/Plugins/Media/WmfMedia/WmfMedia.uplugin
LogPluginManager: Loaded Plugin MessagingDebugger, From C:/Program Files (x86)/Epic Games/4.14/Engine/Plugins/Messaging/MessagingDebugger/MessagingDebugger.uplugin
LogPluginManager: Loaded Plugin TcpMessaging, From C:/Program Files (x86)/Epic Games/4.14/Engine/Plugins/Messaging/TcpMessaging/TcpMessaging.uplugin
LogPluginManager: Loaded Plugin UdpMessaging, From C:/Program Files (x86)/Epic Games/4.14/Engine/Plugins/Messaging/UdpMessaging/UdpMessaging.uplugin
LogPluginManager: Loaded Plugin LevelSequenceEditor, From C:/Program Files (x86)/Epic Games/4.14/Engine/Plugins/MovieScene/LevelSequenceEditor/LevelSequenceEditor.uplugin
LogPluginManager: Loaded Plugin MatineeToLevelSequence, From C:/Program Files (x86)/Epic Games/4.14/Engine/Plugins/MovieScene/MatineeToLevelSequence/MatineeToLevelSequence.uplugin
LogPluginManager: Loaded Plugin NetcodeUnitTest, From C:/Program Files (x86)/Epic Games/4.14/Engine/Plugins/NetcodeUnitTest/NetcodeUnitTest/NetcodeUnitTest.uplugin
LogPluginManager: Loaded Plugin NUTUnrealEngine4, From C:/Program Files (x86)/Epic Games/4.14/Engine/Plugins/NetcodeUnitTest/NUTUnrealEngine4/NUTUnrealEngine4.uplugin
LogPluginManager: Loaded Plugin OnlineSubsystemGameCircle, From C:/Program Files (x86)/Epic Games/4.14/Engine/Plugins/Online/Android/OnlineSubsystemGameCircle/OnlineSubsystemGameCircle.uplugin
LogPluginManager: Loaded Plugin OnlineSubsystemGooglePlay, From C:/Program Files (x86)/Epic Games/4.14/Engine/Plugins/Online/Android/OnlineSubsystemGooglePlay/OnlineSubsystemGooglePlay.uplugin
LogPluginManager: Loaded Plugin OnlineSubsystemIOS, From C:/Program Files (x86)/Epic Games/4.14/Engine/Plugins/Online/IOS/OnlineSubsystemIOS/OnlineSubsystemIOS.uplugin
LogPluginManager: Loaded Plugin OnlineFramework, From C:/Program Files (x86)/Epic Games/4.14/Engine/Plugins/Online/OnlineFramework/OnlineFramework.uplugin
LogPluginManager: Loaded Plugin OnlineSubsystem, From C:/Program Files (x86)/Epic Games/4.14/Engine/Plugins/Online/OnlineSubsystem/OnlineSubsystem.uplugin
LogPluginManager: Loaded Plugin OnlineSubsystemAmazon, From C:/Program Files (x86)/Epic Games/4.14/Engine/Plugins/Online/OnlineSubsystemAmazon/OnlineSubsystemAmazon.uplugin
LogPluginManager: Loaded Plugin OnlineSubsystemFacebook, From C:/Program Files (x86)/Epic Games/4.14/Engine/Plugins/Online/OnlineSubsystemFacebook/OnlineSubsystemFacebook.uplugin
LogPluginManager: Loaded Plugin OnlineSubsystemNull, From C:/Program Files (x86)/Epic Games/4.14/Engine/Plugins/Online/OnlineSubsystemNull/OnlineSubsystemNull.uplugin
LogPluginManager: Loaded Plugin OnlineSubsystemOculus, From C:/Program Files (x86)/Epic Games/4.14/Engine/Plugins/Online/OnlineSubsystemOculus/OnlineSubsystemOculus.uplugin
LogPluginManager: Loaded Plugin OnlineSubsystemSteam, From C:/Program Files (x86)/Epic Games/4.14/Engine/Plugins/Online/OnlineSubsystemSteam/OnlineSubsystemSteam.uplugin
LogPluginManager: Loaded Plugin OnlineSubsystemUtils, From C:/Program Files (x86)/Epic Games/4.14/Engine/Plugins/Online/OnlineSubsystemUtils/OnlineSubsystemUtils.uplugin
LogPluginManager: Loaded Plugin IOSTapJoy, From C:/Program Files (x86)/Epic Games/4.14/Engine/Plugins/Runtime/Advertising/IOSTapJoy/IOSTapJoy.uplugin
LogPluginManager: Loaded Plugin AnalyticsBlueprintLibrary, From C:/Program Files (x86)/Epic Games/4.14/Engine/Plugins/Runtime/Analytics/AnalyticsBlueprintLibrary/AnalyticsBlueprintLibrary.uplugin
LogPluginManager: Loaded Plugin AnalyticsMulticast, From C:/Program Files (x86)/Epic Games/4.14/Engine/Plugins/Runtime/Analytics/AnalyticsMulticast/AnalyticsMulticast.uplugin
LogPluginManager: Loaded Plugin Apsalar, From C:/Program Files (x86)/Epic Games/4.14/Engine/Plugins/Runtime/Analytics/Apsalar/Apsalar.uplugin
LogPluginManager: Loaded Plugin FileLogging, From C:/Program Files (x86)/Epic Games/4.14/Engine/Plugins/Runtime/Analytics/FileLogging/FileLogging.uplugin
LogPluginManager: Loaded Plugin Flurry, From C:/Program Files (x86)/Epic Games/4.14/Engine/Plugins/Runtime/Analytics/Flurry/Flurry.uplugin
LogPluginManager: Loaded Plugin AndroidDeviceProfileSelector, From C:/Program Files (x86)/Epic Games/4.14/Engine/Plugins/Runtime/AndroidDeviceProfileSelector/AndroidDeviceProfileSelector.uplugin
LogPluginManager: Loaded Plugin AndroidMoviePlayer, From C:/Program Files (x86)/Epic Games/4.14/Engine/Plugins/Runtime/AndroidMoviePlayer/AndroidMoviePlayer.uplugin
LogPluginManager: Loaded Plugin AppleMoviePlayer, From C:/Program Files (x86)/Epic Games/4.14/Engine/Plugins/Runtime/AppleMoviePlayer/AppleMoviePlayer.uplugin
LogPluginManager: Loaded Plugin ArchVisCharacter, From C:/Program Files (x86)/Epic Games/4.14/Engine/Plugins/Runtime/ArchVisCharacter/ArchVisCharacter.uplugin
LogPluginManager: Loaded Plugin CableComponent, From C:/Program Files (x86)/Epic Games/4.14/Engine/Plugins/Runtime/CableComponent/CableComponent.uplugin
LogPluginManager: Loaded Plugin CustomMeshComponent, From C:/Program Files (x86)/Epic Games/4.14/Engine/Plugins/Runtime/CustomMeshComponent/CustomMeshComponent.uplugin
LogPluginManager: Loaded Plugin ExampleDeviceProfileSelector, From C:/Program Files (x86)/Epic Games/4.14/Engine/Plugins/Runtime/ExampleDeviceProfileSelector/ExampleDeviceProfileSelector.uplugin
LogPluginManager: Loaded Plugin GearVR, From C:/Program Files (x86)/Epic Games/4.14/Engine/Plugins/Runtime/GearVR/GearVR.uplugin
LogPluginManager: Loaded Plugin GoogleVRController, From C:/Program Files (x86)/Epic Games/4.14/Engine/Plugins/Runtime/GoogleVR/GoogleVRController/GoogleVRController.uplugin
LogPluginManager: Loaded Plugin GoogleVRHMD, From C:/Program Files (x86)/Epic Games/4.14/Engine/Plugins/Runtime/GoogleVR/GoogleVRHMD/GoogleVRHMD.uplugin
LogPluginManager: Loaded Plugin IOSDeviceProfileSelector, From C:/Program Files (x86)/Epic Games/4.14/Engine/Plugins/Runtime/IOSDeviceProfileSelector/IOSDeviceProfileSelector.uplugin
LogPluginManager: Loaded Plugin LeapMotion, From C:/Program Files (x86)/Epic Games/4.14/Engine/Plugins/Runtime/LeapMotion/LeapMotion.uplugin
LogPluginManager: Loaded Plugin LinuxDeviceProfileSelector, From C:/Program Files (x86)/Epic Games/4.14/Engine/Plugins/Runtime/LinuxDeviceProfileSelector/LinuxDeviceProfileSelector.uplugin
LogPluginManager: Loaded Plugin MIDIDevice, From C:/Program Files (x86)/Epic Games/4.14/Engine/Plugins/Runtime/MIDIDevice/MIDIDevice.uplugin
LogPluginManager: Loaded Plugin MobilePatchingUtils, From C:/Program Files (x86)/Epic Games/4.14/Engine/Plugins/Runtime/MobilePatchingUtils/MobilePatchingUtils.uplugin
LogPluginManager: Loaded Plugin Ansel, From C:/Program Files (x86)/Epic Games/4.14/Engine/Plugins/Runtime/Nvidia/Ansel/Ansel.uplugin
LogPluginManager: Loaded Plugin OculusAudio, From C:/Program Files (x86)/Epic Games/4.14/Engine/Plugins/Runtime/OculusAudio/OculusAudio.uplugin
LogPluginManager: Loaded Plugin OculusInput, From C:/Program Files (x86)/Epic Games/4.14/Engine/Plugins/Runtime/OculusInput/OculusInput.uplugin
LogPluginManager: Loaded Plugin OculusLibrary, From C:/Program Files (x86)/Epic Games/4.14/Engine/Plugins/Runtime/OculusLibrary/OculusLibrary.uplugin
LogPluginManager: Loaded Plugin OculusRift, From C:/Program Files (x86)/Epic Games/4.14/Engine/Plugins/Runtime/OculusRift/OculusRift.uplugin
LogPluginManager: Loaded Plugin Oodle, From C:/Program Files (x86)/Epic Games/4.14/Engine/Plugins/Runtime/PacketHandlers/CompressionComponents/Oodle/Oodle.uplugin
LogPluginManager: Loaded Plugin ProceduralMeshComponent, From C:/Program Files (x86)/Epic Games/4.14/Engine/Plugins/Runtime/ProceduralMeshComponent/ProceduralMeshComponent.uplugin
LogPluginManager: Loaded Plugin SoundMod, From C:/Program Files (x86)/Epic Games/4.14/Engine/Plugins/Runtime/SoundMod/SoundMod.uplugin
LogPluginManager: Loaded Plugin SoundVisualizations, From C:/Program Files (x86)/Epic Games/4.14/Engine/Plugins/Runtime/SoundVisualizations/SoundVisualizations.uplugin
LogPluginManager: Loaded Plugin SteamController, From C:/Program Files (x86)/Epic Games/4.14/Engine/Plugins/Runtime/Steam/SteamController/SteamController.uplugin
LogPluginManager: Loaded Plugin SteamVR, From C:/Program Files (x86)/Epic Games/4.14/Engine/Plugins/Runtime/Steam/SteamVR/SteamVR.uplugin
LogPluginManager: Loaded Plugin WebBrowserWidget, From C:/Program Files (x86)/Epic Games/4.14/Engine/Plugins/Runtime/WebBrowserWidget/WebBrowserWidget.uplugin
LogPluginManager: Loaded Plugin WindowsDeviceProfileSelector, From C:/Program Files (x86)/Epic Games/4.14/Engine/Plugins/Runtime/WindowsDeviceProfileSelector/WindowsDeviceProfileSelector.uplugin
LogPluginManager: Loaded Plugin WindowsMoviePlayer, From C:/Program Files (x86)/Epic Games/4.14/Engine/Plugins/Runtime/WindowsMoviePlayer/WindowsMoviePlayer.uplugin
LogPluginManager: Loaded Plugin ScriptPlugin, From C:/Program Files (x86)/Epic Games/4.14/Engine/Plugins/ScriptPlugin/ScriptPlugin.uplugin
LogPluginManager: Loaded Plugin SlateRemote, From C:/Program Files (x86)/Epic Games/4.14/Engine/Plugins/Slate/SlateRemote/SlateRemote.uplugin
LogPluginManager: Loaded Plugin EditorTests, From C:/Program Files (x86)/Epic Games/4.14/Engine/Plugins/Tests/EditorTests/EditorTests.uplugin
LogPluginManager: Loaded Plugin FbxAutomationTestBuilder, From C:/Program Files (x86)/Epic Games/4.14/Engine/Plugins/Tests/FbxAutomationTestBuilder/FbxAutomationTestBuilder.uplugin
LogPluginManager: Loaded Plugin FunctionalTestingEditor, From C:/Program Files (x86)/Epic Games/4.14/Engine/Plugins/Tests/FunctionalTestingEditor/FunctionalTestingEditor.uplugin
LogPluginManager: Loaded Plugin RuntimeTests, From C:/Program Files (x86)/Epic Games/4.14/Engine/Plugins/Tests/RuntimeTests/RuntimeTests.uplugin
LogPluginManager: Loaded Plugin ScreenshotTools, From C:/Program Files (x86)/Epic Games/4.14/Engine/Plugins/Tests/ScreenshotTools/ScreenshotTools.uplugin
LogInit: Using libcurl 7.47.1
LogInit:  - built for x86_64-pc-win32
LogInit:  - supports SSL with OpenSSL/1.0.2g
LogInit:  - supports HTTP deflate (compression) using libz 1.2.8
LogInit:  - other features:
LogInit:      CURL_VERSION_SSL
LogInit:      CURL_VERSION_LIBZ
LogInit:      CURL_VERSION_IPV6
LogInit:      CURL_VERSION_ASYNCHDNS
LogInit:      CURL_VERSION_LARGEFILE
LogInit:      CURL_VERSION_IDN
LogInit:  CurlRequestOptions (configurable via config and command line):
LogInit:  - bVerifyPeer = false  - Libcurl will NOT verify peer certificate
LogInit:  - bUseHttpProxy = false  - Libcurl will NOT use HTTP proxy
LogInit:  - bDontReuseConnections = false  - Libcurl will reuse connections
LogInit:  - CertBundlePath = nullptr  - Libcurl will use whatever was configured at build time.
LogInit: Build: ++UE4+Release-4.14-CL-3249277
LogInit: Engine Version: 4.14.3-3249277+++UE4+Release-4.14
LogInit: Compatible Engine Version: 4.14.0-3195953+++UE4+Release-4.14
LogInit: Net CL: 3195953
LogDevObjectVersion: Number of dev versions registered: 13
LogDevObjectVersion:   Dev-Blueprints (B0D832E4-1F89-4F0D-ACCF-7EB736FD4AA2): 7
LogDevObjectVersion:   Dev-Build (E1C64328-A22C-4D53-A36C-8E866417BD8C): 0
LogDevObjectVersion:   Dev-Core (375EC13C-06E4-48FB-B500-84F0262A717E): 1
LogDevObjectVersion:   Dev-Editor (E4B068ED-F494-42E9-A231-DA0B2E46BB41): 8
LogDevObjectVersion:   Dev-Framework (CFFC743F-43B0-4480-9391-14DF171D2073): 17
LogDevObjectVersion:   Dev-Mobile (B02B49B5-BB20-44E9-A304-32B752E40360): 0
LogDevObjectVersion:   Dev-Networking (A4E4105C-59A1-49B5-A7C5-40C4547EDFEE): 0
LogDevObjectVersion:   Dev-Online (39C831C9-5AE6-47DC-9A44-9C173E1C8E7C): 0
LogDevObjectVersion:   Dev-Physics (78F01B33-EBEA-4F98-B9B4-84EACCB95AA2): 0
LogDevObjectVersion:   Dev-Platform (6631380F-2D4D-43E0-8009-CF276956A95A): 0
LogDevObjectVersion:   Dev-Rendering (12F88B9F-8875-4AFC-A67C-D90C383ABD29): 12
LogDevObjectVersion:   Dev-Sequencer (7B5AE74C-D270-4C10-A958-57980B212A5A): 1
LogDevObjectVersion:   Dev-VR (D7296918-1DD6-4BDD-9DE2-64A83CC13884): 0
LogInit: Compiled (64-bit): Jan  6 2017 10:49:43
LogInit: Compiled with Visual C++: 19.00.23026.00
LogInit: Build Configuration: Development
LogInit: Branch Name: ++UE4+Release-4.14
LogInit: Command line:  
LogInit: Base directory: C:/Program Files (x86)/Epic Games/4.14/Engine/Binaries/Win64/
LogInit: Installed Engine Build: 1
LogInit: Presizing for max 8388607 objects, including 0 objects not considered by GC, pre-allocating 0 bytes for permanent pool.
LogInit: Object subsystem initialized
[2017.03.07-22.31.00:134][  0]LogInit: Selected Device Profile: [Windows]
[2017.03.07-22.31.00:134][  0]LogInit: Applying CVar settings loaded from the selected device profile: [Windows]
[2017.03.07-22.31.00:154][  0]LogInit: Computer: STEVEN-DESKTOP
[2017.03.07-22.31.00:154][  0]LogInit: User: Steven
[2017.03.07-22.31.00:154][  0]LogInit: CPU Page size=65536, Cores=3
[2017.03.07-22.31.00:154][  0]LogInit: High frequency timer resolution =3.433386 MHz
[2017.03.07-22.31.00:154][  0]LogMemory: Memory total: Physical=8.0GB (8GB approx)
[2017.03.07-22.31.00:154][  0]LogMemory: Platform Memory Stats for Windows
[2017.03.07-22.31.00:154][  0]LogMemory: Process Physical Memory: 264.01 MB used, 264.01 MB peak
[2017.03.07-22.31.00:154][  0]LogMemory: Process Virtual Memory: 262.72 MB used, 262.72 MB peak
[2017.03.07-22.31.00:154][  0]LogMemory: Physical Memory: 4243.44 MB used,  3930.67 MB free, 8174.11 MB total
[2017.03.07-22.31.00:154][  0]LogMemory: Virtual Memory: 661.50 MB used,  3930.67 MB free, 134217728.00 MB total
[2017.03.07-22.31.00:200][  0]LogTextLocalizationManager: No specific translations for ('en-US') exist, so ('en') translations will be used.
[2017.03.07-22.31.01:172][  0]LogD3D11RHI: D3D11 adapters:
[2017.03.07-22.31.01:736][  0]LogD3D11RHI:    0. 'NVIDIA GeForce GTX 750 Ti' (Feature Level 11_0)
[2017.03.07-22.31.01:736][  0]LogD3D11RHI:       2017/0/4087 MB DedicatedVideo/DedicatedSystem/SharedSystem, Outputs:3, VendorId:0x10de
[2017.03.07-22.31.01:738][  0]LogD3D11RHI:    1. 'Microsoft Basic Render Driver' (Feature Level 11_0)
[2017.03.07-22.31.01:738][  0]LogD3D11RHI:       0/0/4087 MB DedicatedVideo/DedicatedSystem/SharedSystem, Outputs:0, VendorId:0x1414
[2017.03.07-22.31.01:738][  0]LogD3D11RHI: Chosen D3D11 Adapter: 0
[2017.03.07-22.31.01:745][  0]LogD3D11RHI: Creating new Direct3DDevice
[2017.03.07-22.31.01:745][  0]LogD3D11RHI:     GPU DeviceId: 0x1380 (for the marketing name, search the web for "GPU Device Id")
[2017.03.07-22.31.01:745][  0]LogWindows: EnumDisplayDevices:
[2017.03.07-22.31.01:745][  0]LogWindows:    0. 'NVIDIA GeForce GTX 750 Ti' (P:1 D:1)
[2017.03.07-22.31.01:746][  0]LogWindows:    1. 'NVIDIA GeForce GTX 750 Ti' (P:0 D:1)
[2017.03.07-22.31.01:746][  0]LogWindows:    2. 'NVIDIA GeForce GTX 750 Ti' (P:0 D:1)
[2017.03.07-22.31.01:747][  0]LogWindows:    3. 'NVIDIA GeForce GTX 750 Ti' (P:0 D:0)
[2017.03.07-22.31.01:747][  0]LogWindows: DebugString: FoundDriverCount:4 
[2017.03.07-22.31.01:747][  0]LogD3D11RHI:     Adapter Name: NVIDIA GeForce GTX 750 Ti
[2017.03.07-22.31.01:747][  0]LogD3D11RHI:   Driver Version: 378.66 (internal:21.21.13.7866, unified:378.66)
[2017.03.07-22.31.01:747][  0]LogD3D11RHI:      Driver Date: 2-9-2017
[2017.03.07-22.31.01:747][  0]LogRHI: Texture pool is 1361 MB (70% of 1945 MB)
[2017.03.07-22.31.02:246][  0]LogD3D11RHI: Async texture creation enabled
[2017.03.07-22.31.03:396][  0]LogD3D11RHI: GPU Timing Frequency: 1000.000000 (Debug: 2 1)
[2017.03.07-22.31.03:397][  0]LogShaderCompilers: Guid format shader working directory is -41 characters bigger than the processId version (D:/Steven/OneDrive - umich.edu/CIS/CIS 488/Github Repository/TheCursedBlade/Cursed_Blade/Intermediate/Shaders/WorkingDirectory/5688/).
[2017.03.07-22.31.03:397][  0]LogShaderCompilers: Cleaned the shader compiler working directory 'C:/Users/Steven/AppData/Local/Temp/UnrealShaderWorkingDir/8292F0F14034F9BCF238B1B0162B8FC6/'.
[2017.03.07-22.31.03:397][  0]LogShaderCompilers:Display: Using Local Shader Compiler.
[2017.03.07-22.31.05:266][  0]LogTemp:Display: Loaded TP AllDesktopTargetPlatform
[2017.03.07-22.31.05:372][  0]LogTemp:Display: Loaded TP MacClientTargetPlatform
[2017.03.07-22.31.05:482][  0]LogTemp:Display: Loaded TP MacNoEditorTargetPlatform
[2017.03.07-22.31.05:588][  0]LogTemp:Display: Loaded TP MacServerTargetPlatform
[2017.03.07-22.31.05:699][  0]LogTemp:Display: Loaded TP MacTargetPlatform
[2017.03.07-22.31.05:801][  0]LogTemp:Display: Loaded TP WindowsClientTargetPlatform
[2017.03.07-22.31.05:902][  0]LogTemp:Display: Loaded TP WindowsNoEditorTargetPlatform
[2017.03.07-22.31.06:006][  0]LogTemp:Display: Loaded TP WindowsServerTargetPlatform
[2017.03.07-22.31.06:093][  0]LogTemp:Display: Loaded TP WindowsTargetPlatform
[2017.03.07-22.31.06:195][  0]LogTemp:Display: Loaded TP AndroidTargetPlatform
[2017.03.07-22.31.06:295][  0]LogTemp:Display: Loaded TP Android_ASTCTargetPlatform
[2017.03.07-22.31.06:394][  0]LogTemp:Display: Loaded TP Android_ATCTargetPlatform
[2017.03.07-22.31.06:493][  0]LogTemp:Display: Loaded TP Android_DXTTargetPlatform
[2017.03.07-22.31.06:593][  0]LogTemp:Display: Loaded TP Android_ETC1TargetPlatform
[2017.03.07-22.31.06:694][  0]LogTemp:Display: Loaded TP Android_ETC2TargetPlatform
[2017.03.07-22.31.06:892][  0]LogTemp:Display: Loaded TP Android_MultiTargetPlatform
[2017.03.07-22.31.06:892][  0]LogTemp:Display: Loaded TP Android_PVRTCTargetPlatform
[2017.03.07-22.31.06:968][  0]LogTemp:Display: Loaded TP HTML5TargetPlatform
[2017.03.07-22.31.07:119][  0]LogTemp:Display: Loaded TP IOSTargetPlatform
[2017.03.07-22.31.07:179][  0]LogTemp:Display: Loaded TP TVOSTargetPlatform
[2017.03.07-22.31.07:276][  0]LogTemp:Display: Loaded TP LinuxClientTargetPlatform
[2017.03.07-22.31.07:375][  0]LogTemp:Display: Loaded TP LinuxNoEditorTargetPlatform
[2017.03.07-22.31.07:474][  0]LogTemp:Display: Loaded TP LinuxServerTargetPlatform
[2017.03.07-22.31.07:576][  0]LogTemp:Display: Loaded TP LinuxTargetPlatform
[2017.03.07-22.31.07:576][  0]LogTargetPlatformManager:Display: Building Assets For Windows
[2017.03.07-22.31.08:344][  0]LogDerivedDataCache:Display: Max Cache Size: 512 MB
[2017.03.07-22.31.08:446][  0]LogDerivedDataCache: Loaded boot cache 0.10s 50MB C:/Users/Steven/AppData/Local/UnrealEngine/4.14/DerivedDataCache/Boot.ddc.
[2017.03.07-22.31.08:446][  0]LogDerivedDataCache:Display: Loaded Boot cache: C:/Users/Steven/AppData/Local/UnrealEngine/4.14/DerivedDataCache/Boot.ddc
[2017.03.07-22.31.08:446][  0]LogDerivedDataCache: FDerivedDataBackendGraph:  Pak pak cache file D:/Steven/OneDrive - umich.edu/CIS/CIS 488/Github Repository/TheCursedBlade/Cursed_Blade/DerivedDataCache/DDC.ddp not found, will not use a pak cache.
[2017.03.07-22.31.08:446][  0]LogDerivedDataCache: Unable to find inner node Pak for hierarchical cache Hierarchy.
[2017.03.07-22.31.08:446][  0]LogDerivedDataCache: FDerivedDataBackendGraph:  CompressedPak pak cache file D:/Steven/OneDrive - umich.edu/CIS/CIS 488/Github Repository/TheCursedBlade/Cursed_Blade/DerivedDataCache/Compressed.ddp not found, will not use a pak cache.
[2017.03.07-22.31.08:446][  0]LogDerivedDataCache: Unable to find inner node CompressedPak for hierarchical cache Hierarchy.
[2017.03.07-22.31.08:471][  0]LogDerivedDataCache:Display: Pak cache opened for reading ../../../Engine/DerivedDataCache/Compressed.ddp.
[2017.03.07-22.31.08:484][  0]LogDerivedDataCache: Using Local data cache path C:/Users/Steven/AppData/Local/UnrealEngine/Common/DerivedDataCache: Writable
[2017.03.07-22.31.08:800][  0]LogInit: Selected Device Profile: [Windows]
[2017.03.07-22.31.08:805][  0]LogContentStreaming: Texture pool size is 0.00 MB
[2017.03.07-22.31.09:137][  0]LogMeshUtilities: Using QuadricMeshReduction for automatic static mesh reduction
[2017.03.07-22.31.09:222][  0]LogSimplygon: Simplygon DLL not present - disabling.
[2017.03.07-22.31.09:314][  0]LogMeshUtilities: Using SimplygonSwarm for distributed automatic mesh merging
[2017.03.07-22.31.09:314][  0]LogMeshUtilities: No automatic skeletal mesh reduction module available
[2017.03.07-22.31.09:314][  0]LogMeshUtilities: No automatic mesh merging module available
[2017.03.07-22.31.10:120][  0]LogNetVersion: GetLocalNetworkVersion: CL: 3195953, ProjectName: cursed_blade, ProjectVersion: , EngineNetworkVersion: 2, GameNetworkVersion: 0, NetworkChecksum: 3550933385
[2017.03.07-22.31.10:202][  0]LogAssetRegistry: FAssetRegistry took 0.0225 seconds to start up
[2017.03.07-22.31.10:313][  0]LogPackageLocalizationCache: Processed 3 localized package path(s) for 2 prioritized culture(s) in 0.062516 seconds
[2017.03.07-22.31.10:323][  0]LogUObjectArray: 31946 objects as part of root set at end of initial load.
[2017.03.07-22.31.10:323][  0]LogUObjectAllocator: 6935848 out of 0 bytes used by permanent object pool.
[2017.03.07-22.31.10:323][  0]LogUObjectArray: CloseDisregardForGC: 0/0 objects in disregard for GC pool
[2017.03.07-22.31.10:458][  0]LogInit: WinSock: version 1.1 (2.2), MaxSocks=32767, MaxUdp=65467
[2017.03.07-22.31.12:043][  0]LogSlate: Using Freetype 2.6.0
[2017.03.07-22.31.12:044][  0]LogSlate: SlateFontCache - WITH_FREETYPE: 1, WITH_HARFBUZZ: 1
[2017.03.07-22.31.12:044][  0]LogSlate: SlateFontCache - WITH_FREETYPE: 1, WITH_HARFBUZZ: 1
[2017.03.07-22.31.13:469][  0]LogTcpMessaging: Initializing TcpMessaging bridge
[2017.03.07-22.31.13:535][  0]LogUdpMessaging: Initializing bridge on interface 0.0.0.0:0 to multicast group 230.0.0.1:6666.
[2017.03.07-22.31.14:085][  0]LogMaterial: Uniform references updated for custom material expression Custom.
[2017.03.07-22.31.14:815][  0]SourceControl: Info Source control is disabled
[2017.03.07-22.31.14:816][  0]SourceControl: Info Source control is disabled
[2017.03.07-22.31.14:907][  0]SourceControl: Info Source control is disabled
[2017.03.07-22.31.14:998][  0]SourceControl: Info Source control is disabled
[2017.03.07-22.31.17:515][  0]LogEngine: Initializing Engine...
[2017.03.07-22.31.17:516][  0]LogHMD: Failed to initialize OpenVR with code 110
[2017.03.07-22.31.17:918][  0]LogAIModule: Creating AISystem for world Untitled
[2017.03.07-22.31.17:943][  0]LogInit: XAudio2 using 'Headphones (Ausdom M06 Stereo)' : 2 channels at 44.1 kHz using 16 bits per sample (channel mask 0x3)
[2017.03.07-22.31.18:731][  0]LogInit: FAudioDevice initialized.
[2017.03.07-22.31.18:781][  0]LogDerivedDataCache: Saved boot cache 0.05s 50MB C:/Users/Steven/AppData/Local/UnrealEngine/4.14/DerivedDataCache/Boot.ddc.
[2017.03.07-22.31.18:794][  0]LogInit: Texture streaming: Enabled
[2017.03.07-22.31.19:408][  0]LogInit: Transaction tracking system initialized
[2017.03.07-22.31.20:261][  0]BlueprintLog: New page: Editor Load
[2017.03.07-22.31.22:457][  0]LocalizationService: Info Localization service is disabled
[2017.03.07-22.31.24:041][  0]LogConsoleResponse:Display: 
[2017.03.07-22.31.24:337][  0]LogCook:Display: Max memory allowance for cook 16384mb min free memory 0mb
[2017.03.07-22.31.24:337][  0]LogCook:Display: Mobile HDR setting 1
[2017.03.07-22.31.24:819][  0]LogFileCache: Scanning file cache for directory 'D:/Steven/OneDrive - umich.edu/CIS/CIS 488/Github Repository/TheCursedBlade/Cursed_Blade/Content/' took 0.05s
[2017.03.07-22.31.27:002][  0]SourceControl: Info Source control is disabled
[2017.03.07-22.31.27:002][  0]Cmd: MAP LOAD FILE="D:/Steven/OneDrive - umich.edu/CIS/CIS 488/Github Repository/TheCursedBlade/Cursed_Blade/Content/StarterContent/Maps/Minimal_Default.umap" TEMPLATE=0 SHOWPROGRESS=1 FEATURELEVEL=3
[2017.03.07-22.31.27:003][  0]LightingResults: New page: Lighting Build
[2017.03.07-22.31.27:150][  0]MapCheck: New page: Map Check
[2017.03.07-22.31.27:150][  0]LightingResults: New page: Lighting Build
[2017.03.07-22.31.27:232][  0]LogLinker:Warning: Can't find file '/Game/character/MainMenuGameMode'
[2017.03.07-22.31.27:232][  0]LogLinker:Warning: Can't find file for asset '/Game/character/MainMenuGameMode' while loading D:/Steven/OneDrive - umich.edu/CIS/CIS 488/Github Repository/TheCursedBlade/Cursed_Blade/Content/StarterContent/Maps/Minimal_Default.umap.
[2017.03.07-22.31.27:233][  0]LoadErrors:Error: Error /Game/StarterContent/Maps/Minimal_Default : Can't find file for asset. /Game/character/MainMenuGameMode
[2017.03.07-22.31.27:372][  0]LogLinker:Warning: Can't find file '/Game/character/MainMenuGameMode'
[2017.03.07-22.31.27:372][  0]LogLinker:Warning: Can't find file for asset '/Game/character/MainMenuGameMode' while loading D:/Steven/OneDrive - umich.edu/CIS/CIS 488/Github Repository/TheCursedBlade/Cursed_Blade/Content/StarterContent/Maps/Minimal_Default.umap.
[2017.03.07-22.31.27:372][  0]LoadErrors:Error: Error /Game/StarterContent/Maps/Minimal_Default : Can't find file for asset. /Game/character/MainMenuGameMode
[2017.03.07-22.31.27:490][  0]LogLinker:Warning: Can't find file '/Game/character/MainMenuGameMode'
[2017.03.07-22.31.27:490][  0]LogLinker:Warning: Can't find file for asset '/Game/character/MainMenuGameMode' while loading NULL.
[2017.03.07-22.31.27:490][  0]LogLinker:Warning: Can't find file '/Game/character/MainMenuGameMode'
[2017.03.07-22.31.27:490][  0]LogLinker:Warning: Can't find file for asset '/Game/character/MainMenuGameMode' while loading NULL.
[2017.03.07-22.31.27:522][  0]LogLinker:Warning: Can't find file '/Game/character/MainMenuGameMode'
[2017.03.07-22.31.27:522][  0]LoadErrors: Info Failed to load /Game/character/MainMenuGameMode.MainMenuGameMode_C Referenced by WorldSettings_1
[2017.03.07-22.31.27:522][  0]LogLinker:Warning: Can't find file for asset '/Game/character/MainMenuGameMode' while loading NULL.
[2017.03.07-22.31.27:523][  0]LoadErrors: Info Failed to load /Game/character/MainMenuGameMode.MainMenuGameMode_C Referenced by WorldSettings_1
[2017.03.07-22.31.27:802][  0]LogAIModule: Creating AISystem for world Minimal_Default
[2017.03.07-22.31.27:842][  0]LogEditorServer: Finished looking for orphan Actors (0.000 secs)
[2017.03.07-22.31.27:850][  0]Cmd: MAP CHECKDEP NOCLEARLOG
[2017.03.07-22.31.28:015][  0]MapCheck: Info Map check complete: 0 Error(s), 0 Warning(s), took 164.235ms to complete.
[2017.03.07-22.31.28:015][  0]LogFileHelpers: Loading map 'Minimal_Default' took 1.012
[2017.03.07-22.31.28:380][  0]LogCollectionManager: Loaded 0 collections in 0.003817 seconds
[2017.03.07-22.31.28:585][  0]LogFileCache: Scanning file cache for directory 'D:/Steven/OneDrive - umich.edu/CIS/CIS 488/Github Repository/TheCursedBlade/Cursed_Blade/Saved/Collections/' took 0.01s
[2017.03.07-22.31.28:585][  0]LogFileCache: Scanning file cache for directory 'D:/Steven/OneDrive - umich.edu/CIS/CIS 488/Github Repository/TheCursedBlade/Cursed_Blade/Content/Developers/Steven/Collections/' took 0.01s
[2017.03.07-22.31.28:585][  0]LogFileCache: Scanning file cache for directory 'D:/Steven/OneDrive - umich.edu/CIS/CIS 488/Github Repository/TheCursedBlade/Cursed_Blade/Content/Collections/' took 0.01s
[2017.03.07-22.31.28:585][  0]LogCollectionManager: Rebuilt the GUID cache for 0 collections in 0.000003 seconds
[2017.03.07-22.31.28:605][  0]LogContentBrowser: Native class hierarchy populated in 0.0190 seconds. Added 2190 classes and 428 folders.
[2017.03.07-22.31.28:724][  0]LogStats: UGameplayTagsManager::ConstructGameplayTagTree: Construct from data asset -  0.000 s
[2017.03.07-22.31.28:724][  0]LogStats: UGameplayTagsManager::ConstructGameplayTagTree: GameplayTagTreeChangedEvent.Broadcast -  0.000 s
[2017.03.07-22.31.28:726][  0]LogContentBrowser: Native class hierarchy updated for 'GameplayTags' in 0.0018 seconds. Added 13 classes and 0 folders.
[2017.03.07-22.31.28:936][  0]LogContentBrowser: Native class hierarchy updated for 'WidgetCarousel' in 0.0016 seconds. Added 0 classes and 0 folders.
[2017.03.07-22.31.29:119][  0]LogContentBrowser: Native class hierarchy updated for 'AddContentDialog' in 0.0016 seconds. Added 0 classes and 0 folders.
[2017.03.07-22.31.29:259][  0]LogContentBrowser: Native class hierarchy updated for 'SceneOutliner' in 0.0012 seconds. Added 1 classes and 2 folders.
[2017.03.07-22.31.29:364][  0]LogCrashTracker: Crashtracker disabled due to settings.
[2017.03.07-22.31.29:380][  0]LogUObjectGlobals:Warning: Failed to find object 'Class None.'
[2017.03.07-22.31.29:525][  0]LogContentBrowser: Native class hierarchy updated for 'HierarchicalLODOutliner' in 0.0013 seconds. Added 1 classes and 2 folders.
[2017.03.07-22.31.29:525][  0]LogLoad: (Engine Initialization) Total time: 31.82 seconds
[2017.03.07-22.31.29:525][  0]LogLoad: (Engine Initialization) Total Blueprint compile time: 0.08 seconds
[2017.03.07-22.31.29:526][  0]LogExternalProfiler: Found external profiler: VSPerf
[2017.03.07-22.31.29:526][  0]LogExternalProfiler: Using external profiler: VSPerf
[2017.03.07-22.31.29:868][  0]LogOcInput: OculusInput pre-init called
[2017.03.07-22.31.29:898][  0]LogContentStreaming: Texture pool size now 1000 MB
[2017.03.07-22.31.30:212][  0]LogRenderer: Reallocating scene render targets to support 1208x576 NumSamples 1 (Frame:2).
[2017.03.07-22.31.31:372][  4]LogAssetRegistry: Asset discovery search completed in 21.1925 seconds
[2017.03.07-22.31.31:372][  4]LogCollectionManager: Rebuilt the object cache for 0 collections in 0.000001 seconds (found 0 objects)
[2017.03.07-22.31.31:372][  4]LogCollectionManager: Fixed up redirectors for 0 collections in 0.000023 seconds (updated 0 objects)
[2017.03.07-22.31.57:497][968]LogContentBrowser: Native class hierarchy updated for 'BlueprintGraph' in 0.0024 seconds. Added 111 classes and 0 folders.
[2017.03.07-22.32.08:296][686]LogBlueprintUserMessages: Early PlayInEditor Detection: Level '/Game/StarterContent/Maps/Minimal_Default.Minimal_Default:PersistentLevel' has LevelScriptBlueprint '/Game/StarterContent/Maps/Minimal_Default.Minimal_Default:PersistentLevel.Minimal_Default' with GeneratedClass '/Game/StarterContent/Maps/Minimal_Default.Minimal_Default_C' with ClassGeneratedBy '/Game/StarterContent/Maps/Minimal_Default.Minimal_Default:PersistentLevel.Minimal_Default'
[2017.03.07-22.32.08:296][686]LogPlayLevel: PlayLevel: No blueprints needed recompiling
[2017.03.07-22.32.08:302][686]PIE: New page: PIE session: Minimal_Default (Mar 7, 2017, 12:32:08 PM)
[2017.03.07-22.32.08:302][686]LogPlayLevel: Creating play world package: /Game/StarterContent/Maps/UEDPIE_0_Minimal_Default
[2017.03.07-22.32.08:314][686]LogPlayLevel: PIE: StaticDuplicateObject took: (0.012049s)
[2017.03.07-22.32.08:315][686]LogAIModule: Creating AISystem for world Minimal_Default
[2017.03.07-22.32.08:315][686]LogPlayLevel: PIE: World Init took: (0.001163s)
[2017.03.07-22.32.08:315][686]LogPlayLevel: PIE: Created PIE world by copying editor world from /Game/StarterContent/Maps/Minimal_Default.Minimal_Default to /Game/StarterContent/Maps/UEDPIE_0_Minimal_Default.Minimal_Default (0.013523s)
[2017.03.07-22.32.08:375][686]LogInit: XAudio2 using 'Headphones (Ausdom M06 Stereo)' : 2 channels at 44.1 kHz using 16 bits per sample (channel mask 0x3)
[2017.03.07-22.32.08:386][686]LogInit: FAudioDevice initialized.
[2017.03.07-22.32.08:447][686]LogLoad: Game class is 'myGame_C'
[2017.03.07-22.32.08:453][686]LogWorld: Bringing World /Game/StarterContent/Maps/UEDPIE_0_Minimal_Default.Minimal_Default up for play (max tick rate 0) at 2017.03.07-17.32.08
[2017.03.07-22.32.08:456][686]LogWorld: Bringing up level for play took: 0.003174
[2017.03.07-22.32.08:564][686]LogContentBrowser: Native class hierarchy updated for 'MovieSceneCapture' in 0.0011 seconds. Added 11 classes and 0 folders.
[2017.03.07-22.32.08:584][686]PIE: Info Play in editor start time for /Game/StarterContent/Maps/UEDPIE_0_Minimal_Default -0.448
[2017.03.07-22.32.08:584][686]LogBlueprintUserMessages: Late PlayInEditor Detection: Level '/Game/StarterContent/Maps/Minimal_Default.Minimal_Default:PersistentLevel' has LevelScriptBlueprint '/Game/StarterContent/Maps/Minimal_Default.Minimal_Default:PersistentLevel.Minimal_Default' with GeneratedClass '/Game/StarterContent/Maps/Minimal_Default.Minimal_Default_C' with ClassGeneratedBy '/Game/StarterContent/Maps/Minimal_Default.Minimal_Default:PersistentLevel.Minimal_Default'
[2017.03.07-22.32.13:697][287]LogBlueprintUserMessages: Early EndPlayMap Detection: Level '/Game/StarterContent/Maps/Minimal_Default.Minimal_Default:PersistentLevel' has LevelScriptBlueprint '/Game/StarterContent/Maps/Minimal_Default.Minimal_Default:PersistentLevel.Minimal_Default' with GeneratedClass '/Game/StarterContent/Maps/Minimal_Default.Minimal_Default_C' with ClassGeneratedBy '/Game/StarterContent/Maps/Minimal_Default.Minimal_Default:PersistentLevel.Minimal_Default'
[2017.03.07-22.32.13:744][287]LogBlueprintUserMessages: Late EndPlayMap Detection: Level '/Game/StarterContent/Maps/Minimal_Default.Minimal_Default:PersistentLevel' has LevelScriptBlueprint '/Game/StarterContent/Maps/Minimal_Default.Minimal_Default:PersistentLevel.Minimal_Default' with GeneratedClass '/Game/StarterContent/Maps/Minimal_Default.Minimal_Default_C' with ClassGeneratedBy '/Game/StarterContent/Maps/Minimal_Default.Minimal_Default:PersistentLevel.Minimal_Default'
[2017.03.07-22.33.41:552][700]Cmd: OBJ SAVEPACKAGE PACKAGE="/Game/character/characterBP" FILE="D:/Steven/OneDrive - umich.edu/CIS/CIS 488/Github Repository/TheCursedBlade/Cursed_Blade/Content/character/characterBP.uasset" SILENT=true
[2017.03.07-22.33.41:630][700]LogSavePackage: Save=66.08ms
[2017.03.07-22.33.41:630][700]LogSavePackage: Moving 'D:/Steven/OneDrive - umich.edu/CIS/CIS 488/Github Repository/TheCursedBlade/Cursed_Blade/Saved/characterBP2773B9B34E537C8718EB339C7CFD4C34.tmp' to 'D:/Steven/OneDrive - umich.edu/CIS/CIS 488/Github Repository/TheCursedBlade/Cursed_Blade/Content/character/characterBP.uasset'
[2017.03.07-22.33.41:638][700]LogSavePackage:Display: Finished SavePackage D:/Steven/OneDrive - umich.edu/CIS/CIS 488/Github Repository/TheCursedBlade/Cursed_Blade/Content/character/characterBP.uasset
[2017.03.07-22.33.42:385][789]BlueprintLog: New page: Compile characterBP
[2017.03.07-22.34.14:209][671]LogBlueprint:Warning: [characterBP] 'isPunching' variable not found. Base class was probably changed.
[2017.03.07-22.34.14:210][671]LogBlueprint:Warning: [characterBP] 'isPunching' variable not found. Base class was probably changed.
[2017.03.07-22.34.14:210][671]LogBlueprint:Warning: [characterBP] 'isPunching' variable not found. Base class was probably changed.
[2017.03.07-22.34.14:210][671]LogBlueprint:Warning: [characterBP] 'isPunching' variable not found. Base class was probably changed.
[2017.03.07-22.34.14:210][671]LogBlueprint:Warning: [characterBP] 'LeftHandCollision' variable not found. Base class was probably changed.
[2017.03.07-22.34.14:210][671]LogBlueprint:Warning: [characterBP] 'RightHandCollision' variable not found. Base class was probably changed.
[2017.03.07-22.34.34:265][958]Cmd: OBJ SAVEPACKAGE PACKAGE="/Game/character/characterBP" FILE="D:/Steven/OneDrive - umich.edu/CIS/CIS 488/Github Repository/TheCursedBlade/Cursed_Blade/Content/character/characterBP.uasset" SILENT=true
[2017.03.07-22.34.34:357][958]LogSavePackage: Save=83.59ms
[2017.03.07-22.34.34:357][958]LogSavePackage: Moving 'D:/Steven/OneDrive - umich.edu/CIS/CIS 488/Github Repository/TheCursedBlade/Cursed_Blade/Saved/characterBP4F4A5D604322616DFF1473844E500CB8.tmp' to 'D:/Steven/OneDrive - umich.edu/CIS/CIS 488/Github Repository/TheCursedBlade/Cursed_Blade/Content/character/characterBP.uasset'
[2017.03.07-22.34.34:366][958]LogSavePackage:Display: Finished SavePackage D:/Steven/OneDrive - umich.edu/CIS/CIS 488/Github Repository/TheCursedBlade/Cursed_Blade/Content/character/characterBP.uasset
[2017.03.07-22.34.35:302][ 68]BlueprintLog: New page: Compile characterBP
[2017.03.07-22.34.35:337][ 68]LogBlueprint:Warning: [Compiler characterBP] Warning Could not find a variable named "RightHandCollision" in 'characterBP_C'.
Make sure 'characterBP_C' has been compiled for  K2Node_VariableGet_15
[2017.03.07-22.34.35:337][ 68]LogBlueprint:Warning: [Compiler characterBP] Warning Could not find a variable named "LeftHandCollision" in 'characterBP_C'.
Make sure 'characterBP_C' has been compiled for  K2Node_VariableGet_16
[2017.03.07-22.34.35:337][ 68]LogBlueprint:Warning: [Compiler characterBP] Warning Could not find a variable named "isPunching" in 'characterBP_C'.
Make sure 'characterBP_C' has been compiled for  K2Node_VariableSet_24
[2017.03.07-22.34.35:337][ 68]LogBlueprint:Warning: [Compiler characterBP] Warning Could not find a variable named "isPunching" in 'characterBP_C'.
Make sure 'characterBP_C' has been compiled for  K2Node_VariableSet_0
[2017.03.07-22.34.35:338][ 68]LogBlueprint:Warning: [Compiler characterBP] Warning InputAction Event references unknown Action 'punch' for  K2Node_InputAction_3
[2017.03.07-22.34.35:340][ 68]LogBlueprint:Error: [Compiler characterBP] Error The property associated with  isPunching  could not be found
[2017.03.07-22.34.35:341][ 68]LogBlueprint:Error: [Compiler characterBP] Error The property associated with  isPunching  could not be found
[2017.03.07-22.34.35:341][ 68]LogBlueprint:Error: [Compiler characterBP] Error The property associated with  LeftHandCollision  could not be found
[2017.03.07-22.34.35:341][ 68]LogBlueprint:Error: [Compiler characterBP] Error The property associated with  RightHandCollision  could not be found
[2017.03.07-22.34.35:604][ 68]BlueprintEditorCompileResults:Warning: Warning Could not find a variable named "RightHandCollision" in 'characterBP_C'.
Make sure 'characterBP_C' has been compiled for  K2Node_VariableGet_15
[2017.03.07-22.34.35:604][ 68]BlueprintEditorCompileResults:Warning: Warning Could not find a variable named "LeftHandCollision" in 'characterBP_C'.
Make sure 'characterBP_C' has been compiled for  K2Node_VariableGet_16
[2017.03.07-22.34.35:604][ 68]BlueprintEditorCompileResults:Warning: Warning Could not find a variable named "isPunching" in 'characterBP_C'.
Make sure 'characterBP_C' has been compiled for  K2Node_VariableSet_24
[2017.03.07-22.34.35:604][ 68]BlueprintEditorCompileResults:Warning: Warning Could not find a variable named "isPunching" in 'characterBP_C'.
Make sure 'characterBP_C' has been compiled for  K2Node_VariableSet_0
[2017.03.07-22.34.35:604][ 68]BlueprintEditorCompileResults:Warning: Warning InputAction Event references unknown Action 'punch' for  K2Node_InputAction_3
[2017.03.07-22.34.35:604][ 68]BlueprintEditorCompileResults:Error: Error The property associated with  isPunching  could not be found
[2017.03.07-22.34.35:604][ 68]BlueprintEditorCompileResults:Error: Error The property associated with  isPunching  could not be found
[2017.03.07-22.34.35:604][ 68]BlueprintEditorCompileResults:Error: Error The property associated with  LeftHandCollision  could not be found
[2017.03.07-22.34.35:604][ 68]BlueprintEditorCompileResults:Error: Error The property associated with  RightHandCollision  could not be found
[2017.03.07-22.34.35:604][ 68]LogBlueprint:Warning: [Compiler characterBP] Warning [0217.90] Compile of characterBP failed. 4 Fatal Issue(s) 5 Warning(s) [in 301 ms] (/Game/character/characterBP.characterBP)
[2017.03.07-22.34.54:029][152]LogRenderer: Reallocating scene render targets to support 1288x712 NumSamples 1 (Frame:2370).
[2017.03.07-22.36.16:257][ 24]Cmd: OBJ SAVEPACKAGE PACKAGE="/Game/character/characterBP" FILE="D:/Steven/OneDrive - umich.edu/CIS/CIS 488/Github Repository/TheCursedBlade/Cursed_Blade/Content/character/characterBP.uasset" SILENT=true
[2017.03.07-22.36.16:344][ 24]LogSavePackage: Save=77.36ms
[2017.03.07-22.36.16:344][ 24]LogSavePackage: Moving 'D:/Steven/OneDrive - umich.edu/CIS/CIS 488/Github Repository/TheCursedBlade/Cursed_Blade/Saved/characterBP51A3F5C74D905E72477359BFA810549A.tmp' to 'D:/Steven/OneDrive - umich.edu/CIS/CIS 488/Github Repository/TheCursedBlade/Cursed_Blade/Content/character/characterBP.uasset'
[2017.03.07-22.36.16:352][ 24]LogSavePackage:Display: Finished SavePackage D:/Steven/OneDrive - umich.edu/CIS/CIS 488/Github Repository/TheCursedBlade/Cursed_Blade/Content/character/characterBP.uasset
[2017.03.07-22.36.16:839][ 75]BlueprintLog: New page: Compile characterBP
[2017.03.07-22.36.16:872][ 75]LogBlueprint:Warning: [Compiler characterBP] Warning Could not find a variable named "isPunching" in 'characterBP_C'.
Make sure 'characterBP_C' has been compiled for  K2Node_VariableSet_24
[2017.03.07-22.36.16:872][ 75]LogBlueprint:Warning: [Compiler characterBP] Warning Could not find a variable named "isPunching" in 'characterBP_C'.
Make sure 'characterBP_C' has been compiled for  K2Node_VariableSet_0
[2017.03.07-22.36.16:872][ 75]LogBlueprint:Warning: [Compiler characterBP] Warning InputAction Event references unknown Action 'punch' for  K2Node_InputAction_3
[2017.03.07-22.36.16:874][ 75]LogBlueprint:Error: [Compiler characterBP] Error The property associated with  isPunching  could not be found
[2017.03.07-22.36.16:874][ 75]LogBlueprint:Error: [Compiler characterBP] Error The property associated with  isPunching  could not be found
[2017.03.07-22.36.17:338][ 75]BlueprintEditorCompileResults:Warning: Warning Could not find a variable named "isPunching" in 'characterBP_C'.
Make sure 'characterBP_C' has been compiled for  K2Node_VariableSet_24
[2017.03.07-22.36.17:338][ 75]BlueprintEditorCompileResults:Warning: Warning Could not find a variable named "isPunching" in 'characterBP_C'.
Make sure 'characterBP_C' has been compiled for  K2Node_VariableSet_0
[2017.03.07-22.36.17:338][ 75]BlueprintEditorCompileResults:Warning: Warning InputAction Event references unknown Action 'punch' for  K2Node_InputAction_3
[2017.03.07-22.36.17:338][ 75]BlueprintEditorCompileResults:Error: Error The property associated with  isPunching  could not be found
[2017.03.07-22.36.17:338][ 75]BlueprintEditorCompileResults:Error: Error The property associated with  isPunching  could not be found
[2017.03.07-22.36.17:338][ 75]LogBlueprint:Warning: [Compiler characterBP] Warning [0319.63] Compile of characterBP failed. 2 Fatal Issue(s) 3 Warning(s) [in 499 ms] (/Game/character/characterBP.characterBP)
[2017.03.07-22.36.28:032][219]Cmd: OBJ SAVEPACKAGE PACKAGE="/Game/character/characterBP" FILE="D:/Steven/OneDrive - umich.edu/CIS/CIS 488/Github Repository/TheCursedBlade/Cursed_Blade/Content/character/characterBP.uasset" SILENT=true
[2017.03.07-22.36.28:117][219]LogSavePackage: Save=75.17ms
[2017.03.07-22.36.28:117][219]LogSavePackage: Moving 'D:/Steven/OneDrive - umich.edu/CIS/CIS 488/Github Repository/TheCursedBlade/Cursed_Blade/Saved/characterBP24F2A5FD4791A400443D918E77F1BE5B.tmp' to 'D:/Steven/OneDrive - umich.edu/CIS/CIS 488/Github Repository/TheCursedBlade/Cursed_Blade/Content/character/characterBP.uasset'
[2017.03.07-22.36.28:125][219]LogSavePackage:Display: Finished SavePackage D:/Steven/OneDrive - umich.edu/CIS/CIS 488/Github Repository/TheCursedBlade/Cursed_Blade/Content/character/characterBP.uasset
[2017.03.07-22.36.28:758][290]BlueprintLog: New page: Compile characterBP
[2017.03.07-22.36.28:791][290]LogBlueprint:Warning: [Compiler characterBP] Warning InputAction Event references unknown Action 'punch' for  K2Node_InputAction_3
[2017.03.07-22.36.29:180][290]BlueprintEditorCompileResults:Warning: Warning InputAction Event references unknown Action 'punch' for  K2Node_InputAction_3
[2017.03.07-22.36.29:181][290]LogBlueprint:Warning: [Compiler characterBP] Warning [0331.47] Compile of characterBP successful, but with 1 Warning(s) [in 422 ms] (/Game/character/characterBP.characterBP)
[2017.03.07-22.36.40:350][341]LogSlate: Only BGRA pngs, bmps or icos are supported in by External Image Picker
[2017.03.07-22.36.40:488][344]LogTemp:Display: Executing iPhonePackager certificates Engine -bundlename com.YourCompany.CursedBlade

[2017.03.07-22.36.40:488][344]LogTemp:Display: CWD: C:\Program Files (x86)\Epic Games\4.14\Engine\Binaries\DotNet\IOS

[2017.03.07-22.36.40:488][344]LogTemp:Display: Initial Dir: C:\Program Files (x86)\Epic Games\4.14

[2017.03.07-22.36.40:488][344]LogTemp:Display: Env CWD: C:\Program Files (x86)\Epic Games\4.14\Engine\Binaries\DotNet\IOS

[2017.03.07-22.36.40:491][344]LogTemp:Display: BranchPath = STEVEN-DESKTOP/C/Program Files (x86)/Epic Games/4.14/Engine/Binaries --- GameBranchPath = STEVEN-DESKTOP/C/Program Files (x86)/Epic Games/4.14/Engine/Binaries

[2017.03.07-22.36.40:525][349]LogTemp:Display: IPP ERROR: Application exception: System.IO.DirectoryNotFoundException: Could not find a part of the path 'C:\Users\Steven\AppData\Local\Apple Computer\MobileDevice\Provisioning Profiles'.

[2017.03.07-22.36.40:525][349]LogTemp:Display:    at System.IO.__Error.WinIOError(Int32 errorCode, String maybeFullPath)

[2017.03.07-22.36.40:525][349]LogTemp:Display:    at System.IO.FileSystemEnumerableIterator`1.CommonInit()

[2017.03.07-22.36.40:525][349]LogTemp:Display:    at System.IO.Directory.EnumerateFiles(String path, String searchPattern)

[2017.03.07-22.36.40:525][349]LogTemp:Display:    at iPhonePackager.CodeSignatureBuilder.FindProvisions(String CFBundleIdentifier)

[2017.03.07-22.36.40:526][349]LogTemp:Display:    at iPhonePackager.Program.Main(String[] args)

[2017.03.07-22.37.17:369][738]Cmd: OBJ SAVEPACKAGE PACKAGE="/Game/character/characterBP" FILE="D:/Steven/OneDrive - umich.edu/CIS/CIS 488/Github Repository/TheCursedBlade/Cursed_Blade/Content/character/characterBP.uasset" SILENT=true
[2017.03.07-22.37.17:450][738]LogSavePackage: Save=72.27ms
[2017.03.07-22.37.17:450][738]LogSavePackage: Moving 'D:/Steven/OneDrive - umich.edu/CIS/CIS 488/Github Repository/TheCursedBlade/Cursed_Blade/Saved/characterBP740281364ED06CBAE7222C9970E07C3B.tmp' to 'D:/Steven/OneDrive - umich.edu/CIS/CIS 488/Github Repository/TheCursedBlade/Cursed_Blade/Content/character/characterBP.uasset'
[2017.03.07-22.37.17:454][738]LogSavePackage:Display: Finished SavePackage D:/Steven/OneDrive - umich.edu/CIS/CIS 488/Github Repository/TheCursedBlade/Cursed_Blade/Content/character/characterBP.uasset
[2017.03.07-22.37.18:115][817]BlueprintLog: New page: Compile characterBP
[2017.03.07-22.37.45:112][996]Cmd: OBJ SAVEPACKAGE PACKAGE="/Game/character/characterBP" FILE="D:/Steven/OneDrive - umich.edu/CIS/CIS 488/Github Repository/TheCursedBlade/Cursed_Blade/Content/character/characterBP.uasset" SILENT=true
[2017.03.07-22.37.45:219][996]LogSavePackage: Save=98.18ms
[2017.03.07-22.37.45:219][996]LogSavePackage: Moving 'D:/Steven/OneDrive - umich.edu/CIS/CIS 488/Github Repository/TheCursedBlade/Cursed_Blade/Saved/characterBPE7E1864C430B9E2EB2E2E6858B126454.tmp' to 'D:/Steven/OneDrive - umich.edu/CIS/CIS 488/Github Repository/TheCursedBlade/Cursed_Blade/Content/character/characterBP.uasset'
[2017.03.07-22.37.45:227][996]LogSavePackage:Display: Finished SavePackage D:/Steven/OneDrive - umich.edu/CIS/CIS 488/Github Repository/TheCursedBlade/Cursed_Blade/Content/character/characterBP.uasset
[2017.03.07-22.37.46:037][ 93]BlueprintLog: New page: Compile characterBP
[2017.03.07-22.37.53:142][808]LogAIModule: Creating AISystem for world AI_Test
[2017.03.07-22.37.53:192][808]Cmd: MAP LOAD FILE="D:/Steven/OneDrive - umich.edu/CIS/CIS 488/Github Repository/TheCursedBlade/Cursed_Blade/Content/Levels/AI_Test.umap" TEMPLATE=0 SHOWPROGRESS=1 FEATURELEVEL=3
[2017.03.07-22.37.53:193][808]LightingResults: New page: Lighting Build
[2017.03.07-22.37.53:194][808]LoadErrors: New page: Loading map: AI_Test.umap
[2017.03.07-22.37.53:195][808]MapCheck: New page: Map Check
[2017.03.07-22.37.53:195][808]LightingResults: New page: Lighting Build
[2017.03.07-22.37.53:236][808]LogEditorServer: Finished looking for orphan Actors (0.000 secs)
[2017.03.07-22.37.53:281][808]Cmd: MAP CHECKDEP NOCLEARLOG
[2017.03.07-22.37.53:436][808]MapCheck: Info Map check complete: 0 Error(s), 0 Warning(s), took 154.805ms to complete.
[2017.03.07-22.37.53:439][808]LogFileHelpers: Loading map 'AI_Test' took 0.248
[2017.03.07-22.37.54:596][930]LogTemp: Repeting last play command: Selected Viewport
[2017.03.07-22.37.54:617][930]LogBlueprintUserMessages: Early PlayInEditor Detection: Level '/Game/Levels/AI_Test.AI_Test:PersistentLevel' has LevelScriptBlueprint '/Game/Levels/AI_Test.AI_Test:PersistentLevel.AI_Test' with GeneratedClass '/Game/Levels/AI_Test.AI_Test_C' with ClassGeneratedBy '/Game/Levels/AI_Test.AI_Test:PersistentLevel.AI_Test'
[2017.03.07-22.37.54:617][930]LogPlayLevel: PlayLevel: No blueprints needed recompiling
[2017.03.07-22.37.54:618][930]PIE: New page: PIE session: AI_Test (Mar 7, 2017, 12:37:54 PM)
[2017.03.07-22.37.54:618][930]LogPlayLevel: Creating play world package: /Game/Levels/UEDPIE_0_AI_Test
[2017.03.07-22.37.54:623][930]LogPlayLevel: PIE: StaticDuplicateObject took: (0.005820s)
[2017.03.07-22.37.54:624][930]LogAIModule: Creating AISystem for world AI_Test
[2017.03.07-22.37.54:624][930]LogPlayLevel: PIE: World Init took: (0.000752s)
[2017.03.07-22.37.54:624][930]LogPlayLevel: PIE: Created PIE world by copying editor world from /Game/Levels/AI_Test.AI_Test to /Game/Levels/UEDPIE_0_AI_Test.AI_Test (0.006837s)
[2017.03.07-22.37.54:672][930]LogInit: XAudio2 using 'Headphones (Ausdom M06 Stereo)' : 2 channels at 44.1 kHz using 16 bits per sample (channel mask 0x3)
[2017.03.07-22.37.54:685][930]LogInit: FAudioDevice initialized.
[2017.03.07-22.37.54:718][930]LogLoad: Game class is 'myGame_C'
[2017.03.07-22.37.54:722][930]LogWorld: Bringing World /Game/Levels/UEDPIE_0_AI_Test.AI_Test up for play (max tick rate 0) at 2017.03.07-17.37.54
[2017.03.07-22.37.54:725][930]LogWorld: Bringing up level for play took: 0.005312
[2017.03.07-22.37.54:729][930]PIE: Info Play in editor start time for /Game/Levels/UEDPIE_0_AI_Test -0.303
[2017.03.07-22.37.54:729][930]LogBlueprintUserMessages: Late PlayInEditor Detection: Level '/Game/Levels/AI_Test.AI_Test:PersistentLevel' has LevelScriptBlueprint '/Game/Levels/AI_Test.AI_Test:PersistentLevel.AI_Test' with GeneratedClass '/Game/Levels/AI_Test.AI_Test_C' with ClassGeneratedBy '/Game/Levels/AI_Test.AI_Test:PersistentLevel.AI_Test'
[2017.03.07-22.38.13:022][121]LogBlueprintUserMessages: Early EndPlayMap Detection: Level '/Game/Levels/AI_Test.AI_Test:PersistentLevel' has LevelScriptBlueprint '/Game/Levels/AI_Test.AI_Test:PersistentLevel.AI_Test' with GeneratedClass '/Game/Levels/AI_Test.AI_Test_C' with ClassGeneratedBy '/Game/Levels/AI_Test.AI_Test:PersistentLevel.AI_Test'
[2017.03.07-22.38.13:686][121]LogBlueprintUserMessages: Late EndPlayMap Detection: Level '/Game/Levels/AI_Test.AI_Test:PersistentLevel' has LevelScriptBlueprint '/Game/Levels/AI_Test.AI_Test:PersistentLevel.AI_Test' with GeneratedClass '/Game/Levels/AI_Test.AI_Test_C' with ClassGeneratedBy '/Game/Levels/AI_Test.AI_Test:PersistentLevel.AI_Test'
[2017.03.07-22.39.09:952][307]LogLinker:Warning: Can't find file '/Game/character/animations/Montages/PunchingMontage'
[2017.03.07-22.39.09:953][307]LogLinker:Warning: Can't find file '/Game/character/animations/Montages/PunchingMontage'
[2017.03.07-22.39.09:953][307]LogUObjectGlobals:Warning: Failed to find object 'Object /Game/character/animations/Montages/PunchingMontage.PunchingMontage'
[2017.03.07-22.41.52:526][750]Cmd: QUIT_EDITOR
[2017.03.07-22.41.53:034][750]LogWindowsTextInputMethodSystem:Display: IME system now deactivated.
[2017.03.07-22.41.53:073][750]LogExit: Preparing to exit.
[2017.03.07-22.41.53:907][750]LogExit: Editor shut down
[2017.03.07-22.41.53:908][750]LogExit: Transaction tracking system shut down
[2017.03.07-22.41.54:089][750]LogObj: Freed 0b from 0 cluster array pools.
[2017.03.07-22.41.54:090][750]LogExit: Object subsystem successfully closed.
[2017.03.07-22.41.54:118][750]LogD3D11RHI: Shutdown
[2017.03.07-22.41.54:118][750]LogD3D11RHI: CleanupD3DDevice
[2017.03.07-22.41.54:304][750]LogD3D11RHI: ~FD3D11DynamicRHI
[2017.03.07-22.41.54:383][750]LogHttp:Display: Http module shutting down, but needs to wait on 1 outstanding Http requests:
[2017.03.07-22.41.54:383][750]LogHttp:Display: 	verb=[POST] url=[https://datarouter.ol.epicgames.com/datarouter/api/v1/public/data?SessionID=%7B370FF068-4061-D0E2-1FC6-DE88DDA9DE44%7D&AppID=UEEditor.Rocket.Release&AppVersion=4.14.3-3249277%2B%2B%2BUE4%2BRelease-4.14&UserID=57fd777c47184b4ce198e59d28693f17%7C37affbd969a64a0b8ebede4037eb50b3%7Ce153f579-52c7-4170-8d5d-6df47f81a337&AppEnvironment=datacollector-binary&UploadType=eteventstream] status=Processing
[2017.03.07-22.41.54:408][750]LogModuleManager: Shutting down and abandoning module ExternalImagePicker (245)
[2017.03.07-22.41.54:408][750]LogModuleManager: Shutting down and abandoning module MovieSceneCapture (244)
[2017.03.07-22.41.54:408][750]LogModuleManager: Shutting down and abandoning module BlueprintGraph (243)
[2017.03.07-22.41.54:408][750]LogModuleManager: Shutting down and abandoning module BlueprintProfiler (242)
[2017.03.07-22.41.54:410][750]LogModuleManager: Shutting down and abandoning module HierarchicalLODOutliner (241)
[2017.03.07-22.41.54:410][750]LogModuleManager: Shutting down and abandoning module CrashTracker (240)
[2017.03.07-22.41.54:410][750]LogModuleManager: Shutting down and abandoning module SceneOutliner (239)
[2017.03.07-22.41.54:411][750]LogModuleManager: Shutting down and abandoning module WidgetCarousel (238)
[2017.03.07-22.41.54:411][750]LogModuleManager: Shutting down and abandoning module AddContentDialog (237)
[2017.03.07-22.41.54:412][750]LogDirectoryWatcher: A directory notification for 'C:/Program Files (x86)/Epic Games/4.14/FeaturePacks/' was aborted.
[2017.03.07-22.41.54:413][750]LogModuleManager: Shutting down and abandoning module GameplayTags (236)
[2017.03.07-22.41.54:413][750]LogModuleManager: Shutting down and abandoning module EditorWidgets (235)
[2017.03.07-22.41.54:413][750]LogModuleManager: Shutting down and abandoning module CollectionManager (234)
[2017.03.07-22.41.54:414][750]LogDirectoryWatcher: A directory notification for 'D:/Steven/OneDrive - umich.edu/CIS/CIS 488/Github Repository/TheCursedBlade/Cursed_Blade/Content/Collections/' was aborted.
[2017.03.07-22.41.54:414][750]LogDirectoryWatcher: A directory notification for 'D:/Steven/OneDrive - umich.edu/CIS/CIS 488/Github Repository/TheCursedBlade/Cursed_Blade/Content/Developers/Steven/Collections/' was aborted.
[2017.03.07-22.41.54:414][750]LogDirectoryWatcher: A directory notification for 'D:/Steven/OneDrive - umich.edu/CIS/CIS 488/Github Repository/TheCursedBlade/Cursed_Blade/Saved/Collections/' was aborted.
[2017.03.07-22.41.54:414][750]LogModuleManager: Shutting down and abandoning module StatsViewer (233)
[2017.03.07-22.41.54:415][750]LogModuleManager: Shutting down and abandoning module FoliageEdit (232)
[2017.03.07-22.41.54:415][750]LogModuleManager: Shutting down and abandoning module LandscapeEditor (231)
[2017.03.07-22.41.54:416][750]LogModuleManager: Shutting down and abandoning module SceneDepthPickerMode (230)
[2017.03.07-22.41.54:416][750]LogModuleManager: Shutting down and abandoning module ActorPickerMode (229)
[2017.03.07-22.41.54:416][750]LogModuleManager: Shutting down and abandoning module GeometryMode (228)
[2017.03.07-22.41.54:416][750]LogModuleManager: Shutting down and abandoning module TextureAlignMode (227)
[2017.03.07-22.41.54:416][750]LogModuleManager: Shutting down and abandoning module BspMode (226)
[2017.03.07-22.41.54:416][750]LogModuleManager: Shutting down and abandoning module HardwareSurvey (225)
[2017.03.07-22.41.54:416][750]LogModuleManager: Shutting down and abandoning module SequenceRecorderSections (224)
[2017.03.07-22.41.54:416][750]LogModuleManager: Shutting down and abandoning module AutomationWorker (223)
[2017.03.07-22.41.54:416][750]LogModuleManager: Shutting down and abandoning module MatineeToLevelSequence (222)
[2017.03.07-22.41.54:416][750]LogModuleManager: Shutting down and abandoning module PlacementMode (221)
[2017.03.07-22.41.54:416][750]LogModuleManager: Shutting down and abandoning module LevelSequenceEditor (220)
[2017.03.07-22.41.54:417][750]LogModuleManager: Shutting down and abandoning module WmfMediaFactory (219)
[2017.03.07-22.41.54:417][750]LogModuleManager: Shutting down and abandoning module WmfMediaEditor (218)
[2017.03.07-22.41.54:417][750]LogModuleManager: Shutting down and abandoning module AvfMediaFactory (217)
[2017.03.07-22.41.54:417][750]LogModuleManager: Shutting down and abandoning module AvfMediaEditor (216)
[2017.03.07-22.41.54:417][750]LogModuleManager: Shutting down and abandoning module Media (215)
[2017.03.07-22.41.54:417][750]LogModuleManager: Shutting down and abandoning module AndroidMediaFactory (214)
[2017.03.07-22.41.54:417][750]LogModuleManager: Shutting down and abandoning module AndroidMediaEditor (213)
[2017.03.07-22.41.54:417][750]LogModuleManager: Shutting down and abandoning module CharacterAI (212)
[2017.03.07-22.41.54:417][750]LogModuleManager: Shutting down and abandoning module SequenceRecorder (211)
[2017.03.07-22.41.54:418][750]LogModuleManager: Shutting down and abandoning module AudioCapture (210)
[2017.03.07-22.41.54:418][750]LogModuleManager: Shutting down and abandoning module SmartSnapping (209)
[2017.03.07-22.41.54:418][750]LogModuleManager: Shutting down and abandoning module SessionServices (208)
[2017.03.07-22.41.54:418][750]LogModuleManager: Shutting down and abandoning module ViewportSnapping (207)
[2017.03.07-22.41.54:418][750]LogModuleManager: Shutting down and abandoning module ViewportInteraction (206)
[2017.03.07-22.41.54:418][750]LogModuleManager: Shutting down and abandoning module LogVisualizer (205)
[2017.03.07-22.41.54:418][750]LogModuleManager: Shutting down and abandoning module GameProjectGeneration (204)
[2017.03.07-22.41.54:420][750]LogModuleManager: Shutting down and abandoning module IntroTutorials (203)
[2017.03.07-22.41.54:420][750]LogModuleManager: Shutting down and abandoning module EditorLiveStreaming (202)
[2017.03.07-22.41.54:420][750]LogModuleManager: Shutting down and abandoning module IOSPlatformEditor (201)
[2017.03.07-22.41.54:420][750]LogModuleManager: Shutting down and abandoning module HTML5PlatformEditor (200)
[2017.03.07-22.41.54:420][750]LogModuleManager: Shutting down and abandoning module AndroidDeviceDetection (199)
[2017.03.07-22.41.54:506][750]LogModuleManager: Shutting down and abandoning module AndroidPlatformEditor (198)
[2017.03.07-22.41.54:506][750]LogModuleManager: Shutting down and abandoning module IOSRuntimeSettings (197)
[2017.03.07-22.41.54:506][750]LogModuleManager: Shutting down and abandoning module AndroidRuntimeSettings (196)
[2017.03.07-22.41.54:506][750]LogModuleManager: Shutting down and abandoning module InputBindingEditor (195)
[2017.03.07-22.41.54:506][750]LogModuleManager: Shutting down and abandoning module NiagaraEditor (194)
[2017.03.07-22.41.54:506][750]LogModuleManager: Shutting down and abandoning module MergeActors (193)
[2017.03.07-22.41.54:506][750]LogModuleManager: Shutting down and abandoning module SizeMap (192)
[2017.03.07-22.41.54:506][750]LogModuleManager: Shutting down and abandoning module TreeMap (191)
[2017.03.07-22.41.54:506][750]LogModuleManager: Shutting down and abandoning module ReferenceViewer (190)
[2017.03.07-22.41.54:506][750]LogModuleManager: Shutting down and abandoning module LocalizationService (189)
[2017.03.07-22.41.54:506][750]LogModuleManager: Shutting down and abandoning module LocalizationDashboard (188)
[2017.03.07-22.41.54:506][750]LogModuleManager: Shutting down and abandoning module HardwareTargeting (187)
[2017.03.07-22.41.54:506][750]LogModuleManager: Shutting down and abandoning module DeviceProfileEditor (186)
[2017.03.07-22.41.54:506][750]LogModuleManager: Shutting down and abandoning module UndoHistory (185)
[2017.03.07-22.41.54:506][750]LogModuleManager: Shutting down and abandoning module UserFeedback (184)
[2017.03.07-22.41.54:506][750]LogModuleManager: Shutting down and abandoning module XmlParser (183)
[2017.03.07-22.41.54:506][750]LogModuleManager: Shutting down and abandoning module Blutility (182)
[2017.03.07-22.41.54:506][750]LogModuleManager: Shutting down and abandoning module ProjectTargetPlatformEditor (181)
[2017.03.07-22.41.54:507][750]LogModuleManager: Shutting down and abandoning module ProjectSettingsViewer (180)
[2017.03.07-22.41.54:507][750]LogModuleManager: Shutting down and abandoning module EditorSettingsViewer (179)
[2017.03.07-22.41.54:507][750]LogModuleManager: Shutting down and abandoning module SettingsEditor (178)
[2017.03.07-22.41.54:507][750]LogModuleManager: Shutting down and abandoning module ProjectLauncher (177)
[2017.03.07-22.41.54:507][750]LogModuleManager: Shutting down and abandoning module SessionFrontend (176)
[2017.03.07-22.41.54:507][750]LogModuleManager: Shutting down and abandoning module ProfilerClient (175)
[2017.03.07-22.41.54:507][750]LogModuleManager: Shutting down and abandoning module TargetDeviceServices (174)
[2017.03.07-22.41.54:507][750]LogModuleManager: Shutting down and abandoning module DeviceManager (173)
[2017.03.07-22.41.54:549][750]LogModuleManager: Shutting down and abandoning module AutomationController (172)
[2017.03.07-22.41.54:549][750]LogModuleManager: Shutting down and abandoning module AutomationWindow (171)
[2017.03.07-22.41.54:549][750]LogModuleManager: Shutting down and abandoning module Layers (170)
[2017.03.07-22.41.54:549][750]LogModuleManager: Shutting down and abandoning module ComponentVisualizers (169)
[2017.03.07-22.41.54:549][750]LogModuleManager: Shutting down and abandoning module DetailCustomizations (168)
[2017.03.07-22.41.54:549][750]LogModuleManager: Shutting down and abandoning module PackagesDialog (167)
[2017.03.07-22.41.54:549][750]LogModuleManager: Shutting down and abandoning module AnimGraph (166)
[2017.03.07-22.41.54:549][750]LogModuleManager: Shutting down and abandoning module Persona (165)
[2017.03.07-22.41.54:549][750]LogModuleManager: Shutting down and abandoning module Kismet (164)
[2017.03.07-22.41.54:558][750]LogModuleManager: Shutting down and abandoning module GraphEditor (163)
[2017.03.07-22.41.54:558][750]LogModuleManager: Shutting down and abandoning module ClassViewer (162)
[2017.03.07-22.41.54:559][750]LogModuleManager: Shutting down and abandoning module Toolbox (161)
[2017.03.07-22.41.54:559][750]LogModuleManager: Shutting down and abandoning module ModuleUI (160)
[2017.03.07-22.41.54:559][750]LogModuleManager: Shutting down and abandoning module MovieSceneTools (159)
[2017.03.07-22.41.54:560][750]LogModuleManager: Shutting down and abandoning module OutputLog (158)
[2017.03.07-22.41.54:560][750]LogModuleManager: Shutting down and abandoning module GammaUI (157)
[2017.03.07-22.41.54:560][750]LogModuleManager: Shutting down and abandoning module Documentation (156)
[2017.03.07-22.41.54:560][750]LogModuleManager: Shutting down and abandoning module Niagara (155)
[2017.03.07-22.41.54:560][750]LogModuleManager: Shutting down and abandoning module StreamingPauseRendering (154)
[2017.03.07-22.41.54:560][750]LogModuleManager: Shutting down and abandoning module AnalyticsET (153)
[2017.03.07-22.41.54:560][750]LogModuleManager: Shutting down and abandoning module PortalServices (152)
[2017.03.07-22.41.54:560][750]LogModuleManager: Shutting down and abandoning module PortalRpc (151)
[2017.03.07-22.41.54:560][750]LogModuleManager: Shutting down and abandoning module MessagingRpc (150)
[2017.03.07-22.41.54:560][750]LogModuleManager: Shutting down and abandoning module GameplayDebugger (149)
[2017.03.07-22.41.54:560][750]LogModuleManager: Shutting down and abandoning module AITestSuite (148)
[2017.03.07-22.41.54:560][750]LogModuleManager: Shutting down and abandoning module AIModule (147)
[2017.03.07-22.41.54:560][750]LogModuleManager: Shutting down and abandoning module ProfilerService (146)
[2017.03.07-22.41.54:777][750]LogModuleManager: Shutting down and abandoning module TaskGraph (145)
[2017.03.07-22.41.54:777][750]LogModuleManager: Shutting down and abandoning module SlateRemote (144)
[2017.03.07-22.41.54:777][750]LogModuleManager: Shutting down and abandoning module SteamVRController (143)
[2017.03.07-22.41.54:777][750]LogModuleManager: Shutting down and abandoning module SteamVR (142)
[2017.03.07-22.41.54:777][750]LogModuleManager: Shutting down and abandoning module ProceduralMeshComponentEditor (141)
[2017.03.07-22.41.54:777][750]LogModuleManager: Shutting down and abandoning module ProceduralMeshComponent (140)
[2017.03.07-22.41.54:777][750]LogModuleManager: Shutting down and abandoning module OculusLibrary (139)
[2017.03.07-22.41.54:777][750]LogModuleManager: Shutting down and abandoning module OculusInput (138)
[2017.03.07-22.41.54:777][750]LogModuleManager: Shutting down and abandoning module MobilePatchingUtils (137)
[2017.03.07-22.41.54:777][750]LogModuleManager: Shutting down and abandoning module CustomMeshComponent (136)
[2017.03.07-22.41.54:777][750]LogModuleManager: Shutting down and abandoning module CableComponent (135)
[2017.03.07-22.41.54:777][750]LogModuleManager: Shutting down and abandoning module ArchVisCharacter (134)
[2017.03.07-22.41.54:777][750]LogModuleManager: Shutting down and abandoning module MediaPlayerEditor (132)
[2017.03.07-22.41.54:777][750]LogModuleManager: Shutting down and abandoning module HTML5Networking (131)
[2017.03.07-22.41.54:777][750]LogModuleManager: Shutting down and abandoning module GeometryCacheEd (130)
[2017.03.07-22.41.54:777][750]LogModuleManager: Shutting down and abandoning module GeometryCache (129)
[2017.03.07-22.41.54:777][750]LogModuleManager: Shutting down and abandoning module AlembicLibrary (128)
[2017.03.07-22.41.54:777][750]LogModuleManager: Shutting down and abandoning module AlembicImporter (127)
[2017.03.07-22.41.54:778][750]LogModuleManager: Shutting down and abandoning module SuperSearch (126)
[2017.03.07-22.41.54:778][750]LogModuleManager: Shutting down and abandoning module SuperSearchEditor (125)
[2017.03.07-22.41.54:778][750]LogModuleManager: Shutting down and abandoning module SpeedTreeImporter (124)
[2017.03.07-22.41.54:778][750]LogModuleManager: Shutting down and abandoning module PluginBrowser (123)
[2017.03.07-22.41.54:778][750]LogModuleManager: Shutting down and abandoning module MobileLauncherProfileWizard (122)
[2017.03.07-22.41.54:778][750]LogModuleManager: Shutting down and abandoning module EpicSurvey (121)
[2017.03.07-22.41.54:778][750]LogModuleManager: Shutting down and abandoning module DesktopPlatform (120)
[2017.03.07-22.41.54:778][750]LogModuleManager: Shutting down and abandoning module VisualStudioSourceCodeAccess (119)
[2017.03.07-22.41.54:778][750]LogModuleManager: Shutting down and abandoning module UObjectPlugin (118)
[2017.03.07-22.41.54:778][750]LogModuleManager: Shutting down and abandoning module SubversionSourceControl (117)
[2017.03.07-22.41.54:778][750]LogModuleManager: Shutting down and abandoning module PerforceSourceControl (116)
[2017.03.07-22.41.54:778][750]LogModuleManager: Shutting down and abandoning module SourceControl (115)
[2017.03.07-22.41.54:778][750]LogModuleManager: Shutting down and abandoning module GitSourceControl (114)
[2017.03.07-22.41.54:778][750]LogModuleManager: Shutting down and abandoning module LightPropagationVolumeEditor (113)
[2017.03.07-22.41.54:778][750]LogModuleManager: Shutting down and abandoning module PaperTiledImporter (112)
[2017.03.07-22.41.54:778][750]LogModuleManager: Shutting down and abandoning module PaperSpriteSheetImporter (111)
[2017.03.07-22.41.54:779][750]LogModuleManager: Shutting down and abandoning module MeshPaint (110)
[2017.03.07-22.41.54:779][750]LogModuleManager: Shutting down and abandoning module PixelInspectorModule (109)
[2017.03.07-22.41.54:779][750]LogModuleManager: Shutting down and abandoning module HotReload (108)
[2017.03.07-22.41.54:779][750]LogModuleManager: Shutting down and abandoning module MainFrame (107)
[2017.03.07-22.41.54:779][750]LogModuleManager: Shutting down and abandoning module LevelEditor (106)
[2017.03.07-22.41.54:780][750]LogModuleManager: Shutting down and abandoning module ContentBrowser (105)
[2017.03.07-22.41.54:781][750]LogModuleManager: Shutting down and abandoning module Paper2DEditor (104)
[2017.03.07-22.41.54:781][750]LogModuleManager: Shutting down and abandoning module UdpMessaging (103)
[2017.03.07-22.41.54:882][750]LogModuleManager: Shutting down and abandoning module TcpMessaging (102)
[2017.03.07-22.41.54:982][750]LogModuleManager: Shutting down and abandoning module LightPropagationVolumeRuntime (101)
[2017.03.07-22.41.54:982][750]LogModuleManager: Shutting down and abandoning module Paper2D (100)
[2017.03.07-22.41.54:982][750]LogModuleManager: Shutting down and abandoning module WindowsMoviePlayer (99)
[2017.03.07-22.41.54:982][750]LogModuleManager: Shutting down and abandoning module WmfMedia (98)
[2017.03.07-22.41.54:982][750]LogModuleManager: Shutting down and abandoning module MediaAssets (97)
[2017.03.07-22.41.54:982][750]LogModuleManager: Shutting down and abandoning module GameLiveStreaming (96)
[2017.03.07-22.41.54:983][750]LogModuleManager: Shutting down and abandoning module GameplayTagsEditor (95)
[2017.03.07-22.41.54:983][750]LogModuleManager: Shutting down and abandoning module VREditor (94)
[2017.03.07-22.41.54:983][750]LogModuleManager: Shutting down and abandoning module GameplayTasksEditor (93)
[2017.03.07-22.41.54:983][750]LogModuleManager: Shutting down and abandoning module BehaviorTreeEditor (92)
[2017.03.07-22.41.54:984][750]LogModuleManager: Shutting down and abandoning module FunctionalTesting (91)
[2017.03.07-22.41.54:985][750]LogModuleManager: Shutting down and abandoning module CollisionAnalyzer (90)
[2017.03.07-22.41.54:986][750]LogModuleManager: Shutting down and abandoning module Sequencer (89)
[2017.03.07-22.41.54:988][750]LogModuleManager: Shutting down and abandoning module WorkspaceMenuStructure (88)
[2017.03.07-22.41.54:988][750]LogModuleManager: Shutting down and abandoning module MessageLog (87)
[2017.03.07-22.41.54:988][750]LogModuleManager: Shutting down and abandoning module AssetTools (86)
[2017.03.07-22.41.54:989][750]LogModuleManager: Shutting down and abandoning module UMGEditor (85)
[2017.03.07-22.41.54:990][750]LogModuleManager: Shutting down and abandoning module UMG (84)
[2017.03.07-22.41.54:990][750]LogModuleManager: Shutting down and abandoning module SlateReflector (83)
[2017.03.07-22.41.54:993][750]LogModuleManager: Shutting down and abandoning module Slate (82)
[2017.03.07-22.41.54:993][750]LogModuleManager: Shutting down and abandoning module EditorStyle (81)
[2017.03.07-22.41.54:998][750]LogModuleManager: Shutting down and abandoning module SourceCodeAccess (80)
[2017.03.07-22.41.54:998][750]LogModuleManager: Shutting down and abandoning module HeadMountedDisplay (79)
[2017.03.07-22.41.54:998][750]LogModuleManager: Shutting down and abandoning module XAudio2 (78)
[2017.03.07-22.41.54:998][750]LogModuleManager: Shutting down and abandoning module Networking (76)
[2017.03.07-22.41.54:998][750]LogModuleManager: Shutting down and abandoning module Core (75)
[2017.03.07-22.41.54:998][750]LogModuleManager: Shutting down and abandoning module DirectoryWatcher (74)
[2017.03.07-22.41.54:998][750]LogDirectoryWatcher: A directory notification for '../../../Engine/Content/' was aborted.
[2017.03.07-22.41.54:998][750]LogDirectoryWatcher: A directory notification for 'D:/Steven/OneDrive - umich.edu/CIS/CIS 488/Github Repository/TheCursedBlade/Cursed_Blade/Content/' was aborted.
[2017.03.07-22.41.54:999][750]LogDirectoryWatcher: A directory notification for '../../../Engine/Plugins/2D/Paper2D/Content/' was aborted.
[2017.03.07-22.41.54:999][750]LogModuleManager: Shutting down and abandoning module AssetRegistry (73)
[2017.03.07-22.41.55:209][750]LogModuleManager: Shutting down and abandoning module KismetCompiler (72)
[2017.03.07-22.41.55:209][750]LogModuleManager: Shutting down and abandoning module PhysXFormats (71)
[2017.03.07-22.41.55:209][750]LogModuleManager: Shutting down and abandoning module SimplygonSwarm (70)
[2017.03.07-22.41.55:210][750]LogModuleManager: Shutting down and abandoning module SimplygonMeshReduction (69)
[2017.03.07-22.41.55:210][750]LogModuleManager: Shutting down and abandoning module QuadricMeshReduction (68)
[2017.03.07-22.41.55:210][750]LogModuleManager: Shutting down and abandoning module PropertyEditor (67)
[2017.03.07-22.41.55:210][750]LogModuleManager: Shutting down and abandoning module MeshUtilities (66)
[2017.03.07-22.41.55:212][750]LogModuleManager: Shutting down and abandoning module DerivedDataCache (65)
[2017.03.07-22.41.55:276][750]LogDerivedDataCache: Shutdown
[2017.03.07-22.41.55:276][750]LogModuleManager: Shutting down and abandoning module VulkanShaderFormat (64)
[2017.03.07-22.41.55:277][750]LogModuleManager: Shutting down and abandoning module ShaderFormatOpenGL (63)
[2017.03.07-22.41.55:277][750]LogModuleManager: Shutting down and abandoning module ShaderFormatD3D (62)
[2017.03.07-22.41.55:277][750]LogModuleManager: Shutting down and abandoning module MetalShaderFormat (61)
[2017.03.07-22.41.55:278][750]LogModuleManager: Shutting down and abandoning module TextureFormatUncompressed (60)
[2017.03.07-22.41.55:278][750]LogModuleManager: Shutting down and abandoning module TextureFormatPVR (59)
[2017.03.07-22.41.55:278][750]LogModuleManager: Shutting down and abandoning module TextureFormatDXT (58)
[2017.03.07-22.41.55:278][750]LogModuleManager: Shutting down and abandoning module TextureFormatIntelISPCTexComp (57)
[2017.03.07-22.41.55:279][750]LogModuleManager: Shutting down and abandoning module ImageWrapper (56)
[2017.03.07-22.41.55:279][750]LogModuleManager: Shutting down and abandoning module TextureFormatASTC (55)
[2017.03.07-22.41.55:279][750]LogModuleManager: Shutting down and abandoning module TextureFormatAndroid (54)
[2017.03.07-22.41.55:279][750]LogModuleManager: Shutting down and abandoning module AudioFormatOpus (53)
[2017.03.07-22.41.55:279][750]LogModuleManager: Shutting down and abandoning module AudioFormatOgg (52)
[2017.03.07-22.41.55:279][750]LogModuleManager: Shutting down and abandoning module AudioFormatADPCM (51)
[2017.03.07-22.41.55:279][750]LogModuleManager: Shutting down and abandoning module LinuxTargetPlatform (50)
[2017.03.07-22.41.55:279][750]LogModuleManager: Shutting down and abandoning module LinuxServerTargetPlatform (49)
[2017.03.07-22.41.55:279][750]LogModuleManager: Shutting down and abandoning module LinuxNoEditorTargetPlatform (48)
[2017.03.07-22.41.55:279][750]LogModuleManager: Shutting down and abandoning module LinuxClientTargetPlatform (47)
[2017.03.07-22.41.55:279][750]LogModuleManager: Shutting down and abandoning module TVOSTargetPlatform (46)
[2017.03.07-22.41.55:279][750]LogModuleManager: Shutting down and abandoning module Messaging (45)
[2017.03.07-22.41.55:279][750]LogModuleManager: Shutting down and abandoning module IOSTargetPlatform (44)
[2017.03.07-22.41.55:279][750]LogModuleManager: Shutting down and abandoning module HTML5TargetPlatform (43)
[2017.03.07-22.41.55:279][750]LogModuleManager: Shutting down and abandoning module Android_PVRTCTargetPlatform (42)
[2017.03.07-22.41.55:279][750]LogModuleManager: Shutting down and abandoning module Android_MultiTargetPlatform (41)
[2017.03.07-22.41.55:279][750]LogModuleManager: Shutting down and abandoning module Android_ETC2TargetPlatform (40)
[2017.03.07-22.41.55:279][750]LogModuleManager: Shutting down and abandoning module Android_ETC1TargetPlatform (39)
[2017.03.07-22.41.55:279][750]LogModuleManager: Shutting down and abandoning module Android_DXTTargetPlatform (38)
[2017.03.07-22.41.55:279][750]LogModuleManager: Shutting down and abandoning module Android_ATCTargetPlatform (37)
[2017.03.07-22.41.55:279][750]LogModuleManager: Shutting down and abandoning module Android_ASTCTargetPlatform (36)
[2017.03.07-22.41.55:279][750]LogModuleManager: Shutting down and abandoning module AndroidTargetPlatform (35)
[2017.03.07-22.41.55:279][750]LogModuleManager: Shutting down and abandoning module WindowsTargetPlatform (34)
[2017.03.07-22.41.55:279][750]LogModuleManager: Shutting down and abandoning module WindowsServerTargetPlatform (33)
[2017.03.07-22.41.55:279][750]LogModuleManager: Shutting down and abandoning module WindowsNoEditorTargetPlatform (32)
[2017.03.07-22.41.55:279][750]LogModuleManager: Shutting down and abandoning module WindowsClientTargetPlatform (31)
[2017.03.07-22.41.55:279][750]LogModuleManager: Shutting down and abandoning module MacTargetPlatform (30)
[2017.03.07-22.41.55:279][750]LogModuleManager: Shutting down and abandoning module MacServerTargetPlatform (29)
[2017.03.07-22.41.55:279][750]LogModuleManager: Shutting down and abandoning module MacNoEditorTargetPlatform (28)
[2017.03.07-22.41.55:279][750]LogModuleManager: Shutting down and abandoning module MacClientTargetPlatform (27)
[2017.03.07-22.41.55:279][750]LogModuleManager: Shutting down and abandoning module AllDesktopTargetPlatform (26)
[2017.03.07-22.41.55:279][750]LogModuleManager: Shutting down and abandoning module TargetPlatform (25)
[2017.03.07-22.41.55:279][750]LogModuleManager: Shutting down and abandoning module InputCore (24)
[2017.03.07-22.41.55:279][750]LogModuleManager: Shutting down and abandoning module Settings (23)
[2017.03.07-22.41.55:280][750]LogModuleManager: Shutting down and abandoning module OculusRift (22)
[2017.03.07-22.41.55:280][750]LogModuleManager: Shutting down and abandoning module ExampleDeviceProfileSelector (21)
[2017.03.07-22.41.55:280][750]LogModuleManager: Shutting down and abandoning module OnlineBlueprintSupport (20)
[2017.03.07-22.41.55:280][750]LogModuleManager: Shutting down and abandoning module OnlineSubsystem (18)
[2017.03.07-22.41.55:280][750]LogOnline:Display: Unloading online subsystem: NULL
[2017.03.07-22.41.55:280][750]LogModuleManager: Shutting down and abandoning module SSL (17)
[2017.03.07-22.41.55:282][750]LogModuleManager: Shutting down and abandoning module HTTP (16)
[2017.03.07-22.41.55:282][750]LogModuleManager: Shutting down and abandoning module XMPP (15)
[2017.03.07-22.41.55:283][750]LogModuleManager: Shutting down and abandoning module TextureCompressor (14)
[2017.03.07-22.41.55:285][750]LogModuleManager: Shutting down and abandoning module ShaderCore (13)
[2017.03.07-22.41.55:285][750]LogModuleManager: Shutting down and abandoning module Landscape (12)
[2017.03.07-22.41.55:285][750]LogModuleManager: Shutting down and abandoning module SlateRHIRenderer (11)
[2017.03.07-22.41.55:289][750]LogModuleManager: Shutting down and abandoning module OpenGLDrv (10)
[2017.03.07-22.41.55:289][750]LogModuleManager: Shutting down and abandoning module D3D11RHI (9)
[2017.03.07-22.41.55:289][750]LogModuleManager: Shutting down and abandoning module AnimGraphRuntime (8)
[2017.03.07-22.41.55:290][750]LogModuleManager: Shutting down and abandoning module Renderer (7)
[2017.03.07-22.41.55:290][750]LogModuleManager: Shutting down and abandoning module Engine (6)
[2017.03.07-22.41.55:290][750]LogModuleManager: Shutting down and abandoning module CoreUObject (5)
[2017.03.07-22.41.55:290][750]LogModuleManager: Shutting down and abandoning module NetworkFile (4)
[2017.03.07-22.41.55:291][750]LogModuleManager: Shutting down and abandoning module StreamingFile (3)
[2017.03.07-22.41.55:291][750]LogModuleManager: Shutting down and abandoning module SandboxFile (2)
[2017.03.07-22.41.55:291][750]LogModuleManager: Shutting down and abandoning module PakFile (1)
[2017.03.07-22.41.55:293][750]LogExit: Exiting.
[2017.03.07-22.41.55:332][750]Log file closed, 03/07/17 17:41:55
