Log file open, 03/01/17 01:17:59
LogInit:Display: Running engine for game: Cursed_Blade
LogPlatformFile: Not using cached read wrapper
LogInit:Display: RandInit(-2141700422) SRandInit(-2141700422).
LogTaskGraph: Started task graph with 5 named threads and 7 total threads with 1 sets of task threads.
LogStats: Stats thread started at 0.097737
LogPluginManager: Loaded Plugin Paper2D, From C:/Program Files (x86)/Epic Games/4.14/Engine/Plugins/2D/Paper2D/Paper2D.uplugin
LogPluginManager: Loaded Plugin LightPropagationVolume, From C:/Program Files (x86)/Epic Games/4.14/Engine/Plugins/Blendables/LightPropagationVolume/LightPropagationVolume.uplugin
LogPluginManager: Loaded Plugin BlankPlugin, From C:/Program Files (x86)/Epic Games/4.14/Engine/Plugins/Developer/BlankPlugin/BlankPlugin.uplugin
LogPluginManager: Loaded Plugin CodeLiteSourceCodeAccess, From C:/Program Files (x86)/Epic Games/4.14/Engine/Plugins/Developer/CodeLiteSourceCodeAccess/CodeLiteSourceCodeAccess.uplugin
LogPluginManager: Loaded Plugin GitSourceControl, From C:/Program Files (x86)/Epic Games/4.14/Engine/Plugins/Developer/GitSourceControl/GitSourceControl.uplugin
LogPluginManager: Loaded Plugin KDevelopSourceCodeAccess, From C:/Program Files (x86)/Epic Games/4.14/Engine/Plugins/Developer/KDevelopSourceCodeAccess/KDevelopSourceCodeAccess.uplugin
LogPluginManager: Loaded Plugin NullSourceCodeAccess, From C:/Program Files (x86)/Epic Games/4.14/Engine/Plugins/Developer/NullSourceCodeAccess/NullSourceCodeAccess.uplugin
LogPluginManager: Loaded Plugin OneSkyLocalizationService, From C:/Program Files (x86)/Epic Games/4.14/Engine/Plugins/Developer/OneSkyLocalizationService/OneSkyLocalizationService.uplugin
LogPluginManager: Loaded Plugin PerforceSourceControl, From C:/Program Files (x86)/Epic Games/4.14/Engine/Plugins/Developer/PerforceSourceControl/PerforceSourceControl.uplugin
LogPluginManager: Loaded Plugin SubversionSourceControl, From C:/Program Files (x86)/Epic Games/4.14/Engine/Plugins/Developer/SubversionSourceControl/SubversionSourceControl.uplugin
LogPluginManager: Loaded Plugin UObjectPlugin, From C:/Program Files (x86)/Epic Games/4.14/Engine/Plugins/Developer/UObjectPlugin/UObjectPlugin.uplugin
LogPluginManager: Loaded Plugin VisualStudioSourceCodeAccess, From C:/Program Files (x86)/Epic Games/4.14/Engine/Plugins/Developer/VisualStudioSourceCodeAccess/VisualStudioSourceCodeAccess.uplugin
LogPluginManager: Loaded Plugin XCodeSourceCodeAccess, From C:/Program Files (x86)/Epic Games/4.14/Engine/Plugins/Developer/XCodeSourceCodeAccess/XCodeSourceCodeAccess.uplugin
LogPluginManager: Loaded Plugin AudioCapture, From C:/Program Files (x86)/Epic Games/4.14/Engine/Plugins/Editor/AudioCapture/AudioCapture.uplugin
LogPluginManager: Loaded Plugin EpicSurvey, From C:/Program Files (x86)/Epic Games/4.14/Engine/Plugins/Editor/EpicSurvey/EpicSurvey.uplugin
LogPluginManager: Loaded Plugin MacGraphicsSwitching, From C:/Program Files (x86)/Epic Games/4.14/Engine/Plugins/Editor/MacGraphicsSwitching/MacGraphicsSwitching.uplugin
LogPluginManager: Loaded Plugin MobileLauncherProfileWizard, From C:/Program Files (x86)/Epic Games/4.14/Engine/Plugins/Editor/MobileLauncherProfileWizard/MobileLauncherProfileWizard.uplugin
LogPluginManager: Loaded Plugin PluginBrowser, From C:/Program Files (x86)/Epic Games/4.14/Engine/Plugins/Editor/PluginBrowser/PluginBrowser.uplugin
LogPluginManager: Loaded Plugin SpeedTreeImporter, From C:/Program Files (x86)/Epic Games/4.14/Engine/Plugins/Editor/SpeedTreeImporter/SpeedTreeImporter.uplugin
LogPluginManager: Loaded Plugin SuperSearchEditor, From C:/Program Files (x86)/Epic Games/4.14/Engine/Plugins/Editor/SuperSearchEditor/SuperSearchEditor.uplugin
LogPluginManager: Loaded Plugin AlembicImporter, From C:/Program Files (x86)/Epic Games/4.14/Engine/Plugins/Experimental/AlembicImporter/AlembicImporter.uplugin
LogPluginManager: Loaded Plugin BlueprintStats, From C:/Program Files (x86)/Epic Games/4.14/Engine/Plugins/Experimental/BlueprintStats/BlueprintStats.uplugin
LogPluginManager: Loaded Plugin CharacterAI, From C:/Program Files (x86)/Epic Games/4.14/Engine/Plugins/Experimental/CharacterAI/CharacterAI.uplugin
LogPluginManager: Loaded Plugin CodeEditor, From C:/Program Files (x86)/Epic Games/4.14/Engine/Plugins/Experimental/CodeEditor/CodeEditor.uplugin
LogPluginManager: Loaded Plugin CodeView, From C:/Program Files (x86)/Epic Games/4.14/Engine/Plugins/Experimental/CodeView/CodeView.uplugin
LogPluginManager: Loaded Plugin HTML5Networking, From C:/Program Files (x86)/Epic Games/4.14/Engine/Plugins/Experimental/HTML5Networking/HTML5Networking.uplugin
LogPluginManager: Loaded Plugin OSVR, From C:/Program Files (x86)/Epic Games/4.14/Engine/Plugins/Experimental/OSVR/OSVR.uplugin
LogPluginManager: Loaded Plugin Phya, From C:/Program Files (x86)/Epic Games/4.14/Engine/Plugins/Experimental/Phya/Phya.uplugin
LogPluginManager: Loaded Plugin SignificanceManager, From C:/Program Files (x86)/Epic Games/4.14/Engine/Plugins/Experimental/SignificanceManager/SignificanceManager.uplugin
LogPluginManager: Loaded Plugin SimpleHMD, From C:/Program Files (x86)/Epic Games/4.14/Engine/Plugins/Experimental/SimpleHMD/SimpleHMD.uplugin
LogPluginManager: Loaded Plugin StereoPanorama, From C:/Program Files (x86)/Epic Games/4.14/Engine/Plugins/Experimental/StereoPanorama/StereoPanorama.uplugin
LogPluginManager: Loaded Plugin StructBox, From C:/Program Files (x86)/Epic Games/4.14/Engine/Plugins/Experimental/StructBox/StructBox.uplugin
LogPluginManager: Loaded Plugin AndroidMedia, From C:/Program Files (x86)/Epic Games/4.14/Engine/Plugins/Media/AndroidMedia/AndroidMedia.uplugin
LogPluginManager: Loaded Plugin AvfMedia, From C:/Program Files (x86)/Epic Games/4.14/Engine/Plugins/Media/AvfMedia/AvfMedia.uplugin
LogPluginManager: Loaded Plugin MediaPlayerEditor, From C:/Program Files (x86)/Epic Games/4.14/Engine/Plugins/Media/MediaPlayerEditor/MediaPlayerEditor.uplugin
LogPluginManager: Loaded Plugin WmfMedia, From C:/Program Files (x86)/Epic Games/4.14/Engine/Plugins/Media/WmfMedia/WmfMedia.uplugin
LogPluginManager: Loaded Plugin MessagingDebugger, From C:/Program Files (x86)/Epic Games/4.14/Engine/Plugins/Messaging/MessagingDebugger/MessagingDebugger.uplugin
LogPluginManager: Loaded Plugin TcpMessaging, From C:/Program Files (x86)/Epic Games/4.14/Engine/Plugins/Messaging/TcpMessaging/TcpMessaging.uplugin
LogPluginManager: Loaded Plugin UdpMessaging, From C:/Program Files (x86)/Epic Games/4.14/Engine/Plugins/Messaging/UdpMessaging/UdpMessaging.uplugin
LogPluginManager: Loaded Plugin LevelSequenceEditor, From C:/Program Files (x86)/Epic Games/4.14/Engine/Plugins/MovieScene/LevelSequenceEditor/LevelSequenceEditor.uplugin
LogPluginManager: Loaded Plugin MatineeToLevelSequence, From C:/Program Files (x86)/Epic Games/4.14/Engine/Plugins/MovieScene/MatineeToLevelSequence/MatineeToLevelSequence.uplugin
LogPluginManager: Loaded Plugin NetcodeUnitTest, From C:/Program Files (x86)/Epic Games/4.14/Engine/Plugins/NetcodeUnitTest/NetcodeUnitTest/NetcodeUnitTest.uplugin
LogPluginManager: Loaded Plugin NUTUnrealEngine4, From C:/Program Files (x86)/Epic Games/4.14/Engine/Plugins/NetcodeUnitTest/NUTUnrealEngine4/NUTUnrealEngine4.uplugin
LogPluginManager: Loaded Plugin OnlineSubsystemGameCircle, From C:/Program Files (x86)/Epic Games/4.14/Engine/Plugins/Online/Android/OnlineSubsystemGameCircle/OnlineSubsystemGameCircle.uplugin
LogPluginManager: Loaded Plugin OnlineSubsystemGooglePlay, From C:/Program Files (x86)/Epic Games/4.14/Engine/Plugins/Online/Android/OnlineSubsystemGooglePlay/OnlineSubsystemGooglePlay.uplugin
LogPluginManager: Loaded Plugin OnlineSubsystemIOS, From C:/Program Files (x86)/Epic Games/4.14/Engine/Plugins/Online/IOS/OnlineSubsystemIOS/OnlineSubsystemIOS.uplugin
LogPluginManager: Loaded Plugin OnlineFramework, From C:/Program Files (x86)/Epic Games/4.14/Engine/Plugins/Online/OnlineFramework/OnlineFramework.uplugin
LogPluginManager: Loaded Plugin OnlineSubsystem, From C:/Program Files (x86)/Epic Games/4.14/Engine/Plugins/Online/OnlineSubsystem/OnlineSubsystem.uplugin
LogPluginManager: Loaded Plugin OnlineSubsystemAmazon, From C:/Program Files (x86)/Epic Games/4.14/Engine/Plugins/Online/OnlineSubsystemAmazon/OnlineSubsystemAmazon.uplugin
LogPluginManager: Loaded Plugin OnlineSubsystemFacebook, From C:/Program Files (x86)/Epic Games/4.14/Engine/Plugins/Online/OnlineSubsystemFacebook/OnlineSubsystemFacebook.uplugin
LogPluginManager: Loaded Plugin OnlineSubsystemNull, From C:/Program Files (x86)/Epic Games/4.14/Engine/Plugins/Online/OnlineSubsystemNull/OnlineSubsystemNull.uplugin
LogPluginManager: Loaded Plugin OnlineSubsystemOculus, From C:/Program Files (x86)/Epic Games/4.14/Engine/Plugins/Online/OnlineSubsystemOculus/OnlineSubsystemOculus.uplugin
LogPluginManager: Loaded Plugin OnlineSubsystemSteam, From C:/Program Files (x86)/Epic Games/4.14/Engine/Plugins/Online/OnlineSubsystemSteam/OnlineSubsystemSteam.uplugin
LogPluginManager: Loaded Plugin OnlineSubsystemUtils, From C:/Program Files (x86)/Epic Games/4.14/Engine/Plugins/Online/OnlineSubsystemUtils/OnlineSubsystemUtils.uplugin
LogPluginManager: Loaded Plugin IOSTapJoy, From C:/Program Files (x86)/Epic Games/4.14/Engine/Plugins/Runtime/Advertising/IOSTapJoy/IOSTapJoy.uplugin
LogPluginManager: Loaded Plugin AnalyticsBlueprintLibrary, From C:/Program Files (x86)/Epic Games/4.14/Engine/Plugins/Runtime/Analytics/AnalyticsBlueprintLibrary/AnalyticsBlueprintLibrary.uplugin
LogPluginManager: Loaded Plugin AnalyticsMulticast, From C:/Program Files (x86)/Epic Games/4.14/Engine/Plugins/Runtime/Analytics/AnalyticsMulticast/AnalyticsMulticast.uplugin
LogPluginManager: Loaded Plugin Apsalar, From C:/Program Files (x86)/Epic Games/4.14/Engine/Plugins/Runtime/Analytics/Apsalar/Apsalar.uplugin
LogPluginManager: Loaded Plugin FileLogging, From C:/Program Files (x86)/Epic Games/4.14/Engine/Plugins/Runtime/Analytics/FileLogging/FileLogging.uplugin
LogPluginManager: Loaded Plugin Flurry, From C:/Program Files (x86)/Epic Games/4.14/Engine/Plugins/Runtime/Analytics/Flurry/Flurry.uplugin
LogPluginManager: Loaded Plugin AndroidDeviceProfileSelector, From C:/Program Files (x86)/Epic Games/4.14/Engine/Plugins/Runtime/AndroidDeviceProfileSelector/AndroidDeviceProfileSelector.uplugin
LogPluginManager: Loaded Plugin AndroidMoviePlayer, From C:/Program Files (x86)/Epic Games/4.14/Engine/Plugins/Runtime/AndroidMoviePlayer/AndroidMoviePlayer.uplugin
LogPluginManager: Loaded Plugin AppleMoviePlayer, From C:/Program Files (x86)/Epic Games/4.14/Engine/Plugins/Runtime/AppleMoviePlayer/AppleMoviePlayer.uplugin
LogPluginManager: Loaded Plugin ArchVisCharacter, From C:/Program Files (x86)/Epic Games/4.14/Engine/Plugins/Runtime/ArchVisCharacter/ArchVisCharacter.uplugin
LogPluginManager: Loaded Plugin CableComponent, From C:/Program Files (x86)/Epic Games/4.14/Engine/Plugins/Runtime/CableComponent/CableComponent.uplugin
LogPluginManager: Loaded Plugin CustomMeshComponent, From C:/Program Files (x86)/Epic Games/4.14/Engine/Plugins/Runtime/CustomMeshComponent/CustomMeshComponent.uplugin
LogPluginManager: Loaded Plugin ExampleDeviceProfileSelector, From C:/Program Files (x86)/Epic Games/4.14/Engine/Plugins/Runtime/ExampleDeviceProfileSelector/ExampleDeviceProfileSelector.uplugin
LogPluginManager: Loaded Plugin GearVR, From C:/Program Files (x86)/Epic Games/4.14/Engine/Plugins/Runtime/GearVR/GearVR.uplugin
LogPluginManager: Loaded Plugin GoogleVRController, From C:/Program Files (x86)/Epic Games/4.14/Engine/Plugins/Runtime/GoogleVR/GoogleVRController/GoogleVRController.uplugin
LogPluginManager: Loaded Plugin GoogleVRHMD, From C:/Program Files (x86)/Epic Games/4.14/Engine/Plugins/Runtime/GoogleVR/GoogleVRHMD/GoogleVRHMD.uplugin
LogPluginManager: Loaded Plugin IOSDeviceProfileSelector, From C:/Program Files (x86)/Epic Games/4.14/Engine/Plugins/Runtime/IOSDeviceProfileSelector/IOSDeviceProfileSelector.uplugin
LogPluginManager: Loaded Plugin LeapMotion, From C:/Program Files (x86)/Epic Games/4.14/Engine/Plugins/Runtime/LeapMotion/LeapMotion.uplugin
LogPluginManager: Loaded Plugin LinuxDeviceProfileSelector, From C:/Program Files (x86)/Epic Games/4.14/Engine/Plugins/Runtime/LinuxDeviceProfileSelector/LinuxDeviceProfileSelector.uplugin
LogPluginManager: Loaded Plugin MIDIDevice, From C:/Program Files (x86)/Epic Games/4.14/Engine/Plugins/Runtime/MIDIDevice/MIDIDevice.uplugin
LogPluginManager: Loaded Plugin MobilePatchingUtils, From C:/Program Files (x86)/Epic Games/4.14/Engine/Plugins/Runtime/MobilePatchingUtils/MobilePatchingUtils.uplugin
LogPluginManager: Loaded Plugin Ansel, From C:/Program Files (x86)/Epic Games/4.14/Engine/Plugins/Runtime/Nvidia/Ansel/Ansel.uplugin
LogPluginManager: Loaded Plugin OculusAudio, From C:/Program Files (x86)/Epic Games/4.14/Engine/Plugins/Runtime/OculusAudio/OculusAudio.uplugin
LogPluginManager: Loaded Plugin OculusInput, From C:/Program Files (x86)/Epic Games/4.14/Engine/Plugins/Runtime/OculusInput/OculusInput.uplugin
LogPluginManager: Loaded Plugin OculusLibrary, From C:/Program Files (x86)/Epic Games/4.14/Engine/Plugins/Runtime/OculusLibrary/OculusLibrary.uplugin
LogPluginManager: Loaded Plugin OculusRift, From C:/Program Files (x86)/Epic Games/4.14/Engine/Plugins/Runtime/OculusRift/OculusRift.uplugin
LogPluginManager: Loaded Plugin Oodle, From C:/Program Files (x86)/Epic Games/4.14/Engine/Plugins/Runtime/PacketHandlers/CompressionComponents/Oodle/Oodle.uplugin
LogPluginManager: Loaded Plugin ProceduralMeshComponent, From C:/Program Files (x86)/Epic Games/4.14/Engine/Plugins/Runtime/ProceduralMeshComponent/ProceduralMeshComponent.uplugin
LogPluginManager: Loaded Plugin SoundMod, From C:/Program Files (x86)/Epic Games/4.14/Engine/Plugins/Runtime/SoundMod/SoundMod.uplugin
LogPluginManager: Loaded Plugin SoundVisualizations, From C:/Program Files (x86)/Epic Games/4.14/Engine/Plugins/Runtime/SoundVisualizations/SoundVisualizations.uplugin
LogPluginManager: Loaded Plugin SteamController, From C:/Program Files (x86)/Epic Games/4.14/Engine/Plugins/Runtime/Steam/SteamController/SteamController.uplugin
LogPluginManager: Loaded Plugin SteamVR, From C:/Program Files (x86)/Epic Games/4.14/Engine/Plugins/Runtime/Steam/SteamVR/SteamVR.uplugin
LogPluginManager: Loaded Plugin WebBrowserWidget, From C:/Program Files (x86)/Epic Games/4.14/Engine/Plugins/Runtime/WebBrowserWidget/WebBrowserWidget.uplugin
LogPluginManager: Loaded Plugin WindowsDeviceProfileSelector, From C:/Program Files (x86)/Epic Games/4.14/Engine/Plugins/Runtime/WindowsDeviceProfileSelector/WindowsDeviceProfileSelector.uplugin
LogPluginManager: Loaded Plugin WindowsMoviePlayer, From C:/Program Files (x86)/Epic Games/4.14/Engine/Plugins/Runtime/WindowsMoviePlayer/WindowsMoviePlayer.uplugin
LogPluginManager: Loaded Plugin ScriptPlugin, From C:/Program Files (x86)/Epic Games/4.14/Engine/Plugins/ScriptPlugin/ScriptPlugin.uplugin
LogPluginManager: Loaded Plugin SlateRemote, From C:/Program Files (x86)/Epic Games/4.14/Engine/Plugins/Slate/SlateRemote/SlateRemote.uplugin
LogPluginManager: Loaded Plugin EditorTests, From C:/Program Files (x86)/Epic Games/4.14/Engine/Plugins/Tests/EditorTests/EditorTests.uplugin
LogPluginManager: Loaded Plugin FbxAutomationTestBuilder, From C:/Program Files (x86)/Epic Games/4.14/Engine/Plugins/Tests/FbxAutomationTestBuilder/FbxAutomationTestBuilder.uplugin
LogPluginManager: Loaded Plugin FunctionalTestingEditor, From C:/Program Files (x86)/Epic Games/4.14/Engine/Plugins/Tests/FunctionalTestingEditor/FunctionalTestingEditor.uplugin
LogPluginManager: Loaded Plugin RuntimeTests, From C:/Program Files (x86)/Epic Games/4.14/Engine/Plugins/Tests/RuntimeTests/RuntimeTests.uplugin
LogPluginManager: Loaded Plugin ScreenshotTools, From C:/Program Files (x86)/Epic Games/4.14/Engine/Plugins/Tests/ScreenshotTools/ScreenshotTools.uplugin
LogInit: Using libcurl 7.47.1
LogInit:  - built for x86_64-pc-win32
LogInit:  - supports SSL with OpenSSL/1.0.2g
LogInit:  - supports HTTP deflate (compression) using libz 1.2.8
LogInit:  - other features:
LogInit:      CURL_VERSION_SSL
LogInit:      CURL_VERSION_LIBZ
LogInit:      CURL_VERSION_IPV6
LogInit:      CURL_VERSION_ASYNCHDNS
LogInit:      CURL_VERSION_LARGEFILE
LogInit:      CURL_VERSION_IDN
LogInit:  CurlRequestOptions (configurable via config and command line):
LogInit:  - bVerifyPeer = false  - Libcurl will NOT verify peer certificate
LogInit:  - bUseHttpProxy = false  - Libcurl will NOT use HTTP proxy
LogInit:  - bDontReuseConnections = false  - Libcurl will reuse connections
LogInit:  - CertBundlePath = nullptr  - Libcurl will use whatever was configured at build time.
LogInit: Build: ++UE4+Release-4.14-CL-3249277
LogInit: Engine Version: 4.14.3-3249277+++UE4+Release-4.14
LogInit: Compatible Engine Version: 4.14.0-3195953+++UE4+Release-4.14
LogInit: Net CL: 3195953
LogDevObjectVersion: Number of dev versions registered: 13
LogDevObjectVersion:   Dev-Blueprints (B0D832E4-1F89-4F0D-ACCF-7EB736FD4AA2): 7
LogDevObjectVersion:   Dev-Build (E1C64328-A22C-4D53-A36C-8E866417BD8C): 0
LogDevObjectVersion:   Dev-Core (375EC13C-06E4-48FB-B500-84F0262A717E): 1
LogDevObjectVersion:   Dev-Editor (E4B068ED-F494-42E9-A231-DA0B2E46BB41): 8
LogDevObjectVersion:   Dev-Framework (CFFC743F-43B0-4480-9391-14DF171D2073): 17
LogDevObjectVersion:   Dev-Mobile (B02B49B5-BB20-44E9-A304-32B752E40360): 0
LogDevObjectVersion:   Dev-Networking (A4E4105C-59A1-49B5-A7C5-40C4547EDFEE): 0
LogDevObjectVersion:   Dev-Online (39C831C9-5AE6-47DC-9A44-9C173E1C8E7C): 0
LogDevObjectVersion:   Dev-Physics (78F01B33-EBEA-4F98-B9B4-84EACCB95AA2): 0
LogDevObjectVersion:   Dev-Platform (6631380F-2D4D-43E0-8009-CF276956A95A): 0
LogDevObjectVersion:   Dev-Rendering (12F88B9F-8875-4AFC-A67C-D90C383ABD29): 12
LogDevObjectVersion:   Dev-Sequencer (7B5AE74C-D270-4C10-A958-57980B212A5A): 1
LogDevObjectVersion:   Dev-VR (D7296918-1DD6-4BDD-9DE2-64A83CC13884): 0
LogInit: Compiled (64-bit): Jan  6 2017 10:49:43
LogInit: Compiled with Visual C++: 19.00.23026.00
LogInit: Build Configuration: Development
LogInit: Branch Name: ++UE4+Release-4.14
LogInit: Command line: 
LogInit: Base directory: C:/Program Files (x86)/Epic Games/4.14/Engine/Binaries/Win64/
LogInit: Installed Engine Build: 1
LogInit: Presizing for max 8388607 objects, including 0 objects not considered by GC, pre-allocating 0 bytes for permanent pool.
LogInit: Object subsystem initialized
[2017.03.01-06.17.59:796][  0]LogInit: Selected Device Profile: [Windows]
[2017.03.01-06.17.59:796][  0]LogInit: Applying CVar settings loaded from the selected device profile: [Windows]
[2017.03.01-06.17.59:828][  0]LogInit: Computer: STEVEN-DESKTOP
[2017.03.01-06.17.59:828][  0]LogInit: User: Steven
[2017.03.01-06.17.59:828][  0]LogInit: CPU Page size=65536, Cores=3
[2017.03.01-06.17.59:828][  0]LogInit: High frequency timer resolution =3.433380 MHz
[2017.03.01-06.17.59:828][  0]LogMemory: Memory total: Physical=8.0GB (8GB approx)
[2017.03.01-06.17.59:828][  0]LogMemory: Platform Memory Stats for Windows
[2017.03.01-06.17.59:828][  0]LogMemory: Process Physical Memory: 264.73 MB used, 264.73 MB peak
[2017.03.01-06.17.59:828][  0]LogMemory: Process Virtual Memory: 262.63 MB used, 262.63 MB peak
[2017.03.01-06.17.59:828][  0]LogMemory: Physical Memory: 4569.66 MB used,  3604.45 MB free, 8174.11 MB total
[2017.03.01-06.17.59:828][  0]LogMemory: Virtual Memory: 675.67 MB used,  3604.45 MB free, 134217728.00 MB total
[2017.03.01-06.17.59:870][  0]LogTextLocalizationManager: No specific translations for ('en-US') exist, so ('en') translations will be used.
[2017.03.01-06.18.00:975][  0]LogD3D11RHI: D3D11 adapters:
[2017.03.01-06.18.01:543][  0]LogD3D11RHI:    0. 'NVIDIA GeForce GTX 750 Ti' (Feature Level 11_0)
[2017.03.01-06.18.01:543][  0]LogD3D11RHI:       2017/0/4087 MB DedicatedVideo/DedicatedSystem/SharedSystem, Outputs:3, VendorId:0x10de
[2017.03.01-06.18.01:545][  0]LogD3D11RHI:    1. 'Microsoft Basic Render Driver' (Feature Level 11_0)
[2017.03.01-06.18.01:545][  0]LogD3D11RHI:       0/0/4087 MB DedicatedVideo/DedicatedSystem/SharedSystem, Outputs:0, VendorId:0x1414
[2017.03.01-06.18.01:545][  0]LogD3D11RHI: Chosen D3D11 Adapter: 0
[2017.03.01-06.18.01:552][  0]LogD3D11RHI: Creating new Direct3DDevice
[2017.03.01-06.18.01:552][  0]LogD3D11RHI:     GPU DeviceId: 0x1380 (for the marketing name, search the web for "GPU Device Id")
[2017.03.01-06.18.01:552][  0]LogWindows: EnumDisplayDevices:
[2017.03.01-06.18.01:552][  0]LogWindows:    0. 'NVIDIA GeForce GTX 750 Ti' (P:1 D:1)
[2017.03.01-06.18.01:552][  0]LogWindows:    1. 'NVIDIA GeForce GTX 750 Ti' (P:0 D:1)
[2017.03.01-06.18.01:553][  0]LogWindows:    2. 'NVIDIA GeForce GTX 750 Ti' (P:0 D:1)
[2017.03.01-06.18.01:553][  0]LogWindows:    3. 'NVIDIA GeForce GTX 750 Ti' (P:0 D:0)
[2017.03.01-06.18.01:553][  0]LogWindows: DebugString: FoundDriverCount:4 
[2017.03.01-06.18.01:553][  0]LogD3D11RHI:     Adapter Name: NVIDIA GeForce GTX 750 Ti
[2017.03.01-06.18.01:553][  0]LogD3D11RHI:   Driver Version: 378.66 (internal:21.21.13.7866, unified:378.66)
[2017.03.01-06.18.01:553][  0]LogD3D11RHI:      Driver Date: 2-9-2017
[2017.03.01-06.18.01:553][  0]LogRHI: Texture pool is 1361 MB (70% of 1945 MB)
[2017.03.01-06.18.02:093][  0]LogD3D11RHI: Async texture creation enabled
[2017.03.01-06.18.02:136][  0]LogD3D11RHI: GPU Timing Frequency: 1000.000000 (Debug: 2 1)
[2017.03.01-06.18.02:138][  0]LogShaderCompilers: Guid format shader working directory is -41 characters bigger than the processId version (D:/Steven/OneDrive - umich.edu/CIS/CIS 488/Github Repository/TheCursedBlade/Cursed_Blade/Intermediate/Shaders/WorkingDirectory/9088/).
[2017.03.01-06.18.02:138][  0]LogShaderCompilers: Cleaned the shader compiler working directory 'C:/Users/Steven/AppData/Local/Temp/UnrealShaderWorkingDir/B8A16C2A421BEA58F66446A63C1CA4D1/'.
[2017.03.01-06.18.02:138][  0]LogShaderCompilers:Display: Using Local Shader Compiler.
[2017.03.01-06.18.04:176][  0]LogTemp:Display: Loaded TP AllDesktopTargetPlatform
[2017.03.01-06.18.04:288][  0]LogTemp:Display: Loaded TP MacClientTargetPlatform
[2017.03.01-06.18.04:411][  0]LogTemp:Display: Loaded TP MacNoEditorTargetPlatform
[2017.03.01-06.18.04:543][  0]LogTemp:Display: Loaded TP MacServerTargetPlatform
[2017.03.01-06.18.04:679][  0]LogTemp:Display: Loaded TP MacTargetPlatform
[2017.03.01-06.18.04:836][  0]LogTemp:Display: Loaded TP WindowsClientTargetPlatform
[2017.03.01-06.18.04:981][  0]LogTemp:Display: Loaded TP WindowsNoEditorTargetPlatform
[2017.03.01-06.18.05:120][  0]LogTemp:Display: Loaded TP WindowsServerTargetPlatform
[2017.03.01-06.18.05:237][  0]LogTemp:Display: Loaded TP WindowsTargetPlatform
[2017.03.01-06.18.05:373][  0]LogTemp:Display: Loaded TP AndroidTargetPlatform
[2017.03.01-06.18.05:510][  0]LogTemp:Display: Loaded TP Android_ASTCTargetPlatform
[2017.03.01-06.18.05:635][  0]LogTemp:Display: Loaded TP Android_ATCTargetPlatform
[2017.03.01-06.18.05:753][  0]LogTemp:Display: Loaded TP Android_DXTTargetPlatform
[2017.03.01-06.18.05:879][  0]LogTemp:Display: Loaded TP Android_ETC1TargetPlatform
[2017.03.01-06.18.05:994][  0]LogTemp:Display: Loaded TP Android_ETC2TargetPlatform
[2017.03.01-06.18.06:246][  0]LogTemp:Display: Loaded TP Android_MultiTargetPlatform
[2017.03.01-06.18.06:246][  0]LogTemp:Display: Loaded TP Android_PVRTCTargetPlatform
[2017.03.01-06.18.06:347][  0]LogTemp:Display: Loaded TP HTML5TargetPlatform
[2017.03.01-06.18.06:529][  0]LogTemp:Display: Loaded TP IOSTargetPlatform
[2017.03.01-06.18.06:595][  0]LogTemp:Display: Loaded TP TVOSTargetPlatform
[2017.03.01-06.18.06:701][  0]LogTemp:Display: Loaded TP LinuxClientTargetPlatform
[2017.03.01-06.18.06:823][  0]LogTemp:Display: Loaded TP LinuxNoEditorTargetPlatform
[2017.03.01-06.18.06:943][  0]LogTemp:Display: Loaded TP LinuxServerTargetPlatform
[2017.03.01-06.18.07:058][  0]LogTemp:Display: Loaded TP LinuxTargetPlatform
[2017.03.01-06.18.07:058][  0]LogTargetPlatformManager:Display: Building Assets For Windows
[2017.03.01-06.18.07:919][  0]LogDerivedDataCache:Display: Max Cache Size: 512 MB
[2017.03.01-06.18.08:014][  0]LogDerivedDataCache: Loaded boot cache 0.10s 50MB C:/Users/Steven/AppData/Local/UnrealEngine/4.14/DerivedDataCache/Boot.ddc.
[2017.03.01-06.18.08:014][  0]LogDerivedDataCache:Display: Loaded Boot cache: C:/Users/Steven/AppData/Local/UnrealEngine/4.14/DerivedDataCache/Boot.ddc
[2017.03.01-06.18.08:014][  0]LogDerivedDataCache: FDerivedDataBackendGraph:  Pak pak cache file D:/Steven/OneDrive - umich.edu/CIS/CIS 488/Github Repository/TheCursedBlade/Cursed_Blade/DerivedDataCache/DDC.ddp not found, will not use a pak cache.
[2017.03.01-06.18.08:014][  0]LogDerivedDataCache: Unable to find inner node Pak for hierarchical cache Hierarchy.
[2017.03.01-06.18.08:014][  0]LogDerivedDataCache: FDerivedDataBackendGraph:  CompressedPak pak cache file D:/Steven/OneDrive - umich.edu/CIS/CIS 488/Github Repository/TheCursedBlade/Cursed_Blade/DerivedDataCache/Compressed.ddp not found, will not use a pak cache.
[2017.03.01-06.18.08:014][  0]LogDerivedDataCache: Unable to find inner node CompressedPak for hierarchical cache Hierarchy.
[2017.03.01-06.18.08:037][  0]LogDerivedDataCache:Display: Pak cache opened for reading ../../../Engine/DerivedDataCache/Compressed.ddp.
[2017.03.01-06.18.08:050][  0]LogDerivedDataCache: Using Local data cache path C:/Users/Steven/AppData/Local/UnrealEngine/Common/DerivedDataCache: Writable
[2017.03.01-06.18.08:477][  0]LogInit: Selected Device Profile: [Windows]
[2017.03.01-06.18.08:485][  0]LogContentStreaming: Texture pool size is 0.00 MB
[2017.03.01-06.18.08:911][  0]LogMeshUtilities: Using QuadricMeshReduction for automatic static mesh reduction
[2017.03.01-06.18.09:017][  0]LogSimplygon: Simplygon DLL not present - disabling.
[2017.03.01-06.18.09:134][  0]LogMeshUtilities: Using SimplygonSwarm for distributed automatic mesh merging
[2017.03.01-06.18.09:134][  0]LogMeshUtilities: No automatic skeletal mesh reduction module available
[2017.03.01-06.18.09:134][  0]LogMeshUtilities: No automatic mesh merging module available
[2017.03.01-06.18.10:075][  0]LogNetVersion: GetLocalNetworkVersion: CL: 3195953, ProjectName: cursed_blade, ProjectVersion: , EngineNetworkVersion: 2, GameNetworkVersion: 0, NetworkChecksum: 3550933385
[2017.03.01-06.18.10:171][  0]LogAssetRegistry: FAssetRegistry took 0.0217 seconds to start up
[2017.03.01-06.18.10:286][  0]LogPackageLocalizationCache: Processed 3 localized package path(s) for 2 prioritized culture(s) in 0.062354 seconds
[2017.03.01-06.18.10:295][  0]LogUObjectArray: 31946 objects as part of root set at end of initial load.
[2017.03.01-06.18.10:295][  0]LogUObjectAllocator: 6935848 out of 0 bytes used by permanent object pool.
[2017.03.01-06.18.10:295][  0]LogUObjectArray: CloseDisregardForGC: 0/0 objects in disregard for GC pool
[2017.03.01-06.18.10:480][  0]LogInit: WinSock: version 1.1 (2.2), MaxSocks=32767, MaxUdp=65467
[2017.03.01-06.18.12:118][  0]LogSlate: Using Freetype 2.6.0
[2017.03.01-06.18.12:119][  0]LogSlate: SlateFontCache - WITH_FREETYPE: 1, WITH_HARFBUZZ: 1
[2017.03.01-06.18.12:119][  0]LogSlate: SlateFontCache - WITH_FREETYPE: 1, WITH_HARFBUZZ: 1
[2017.03.01-06.18.13:602][  0]LogTcpMessaging: Initializing TcpMessaging bridge
[2017.03.01-06.18.13:670][  0]LogUdpMessaging: Initializing bridge on interface 0.0.0.0:0 to multicast group 230.0.0.1:6666.
[2017.03.01-06.18.14:246][  0]LogMaterial: Uniform references updated for custom material expression Custom.
[2017.03.01-06.18.14:986][  0]SourceControl: Info Source control is disabled
[2017.03.01-06.18.14:988][  0]SourceControl: Info Source control is disabled
[2017.03.01-06.18.15:090][  0]SourceControl: Info Source control is disabled
[2017.03.01-06.18.15:186][  0]SourceControl: Info Source control is disabled
[2017.03.01-06.18.17:750][  0]LogEngine: Initializing Engine...
[2017.03.01-06.18.17:751][  0]LogHMD: Failed to initialize OpenVR with code 110
[2017.03.01-06.18.18:155][  0]LogAIModule: Creating AISystem for world Untitled
[2017.03.01-06.18.18:173][  0]LogInit: XAudio2 using 'ORION-4 (NVIDIA High Definition Audio)' : 2 channels at 48 kHz using 16 bits per sample (channel mask 0x3)
[2017.03.01-06.18.18:196][  0]LogInit: FAudioDevice initialized.
[2017.03.01-06.18.18:245][  0]LogDerivedDataCache: Saved boot cache 0.05s 50MB C:/Users/Steven/AppData/Local/UnrealEngine/4.14/DerivedDataCache/Boot.ddc.
[2017.03.01-06.18.18:260][  0]LogInit: Texture streaming: Enabled
[2017.03.01-06.18.18:949][  0]LogInit: Transaction tracking system initialized
[2017.03.01-06.18.19:760][  0]BlueprintLog: New page: Editor Load
[2017.03.01-06.18.21:832][  0]LocalizationService: Info Localization service is disabled
[2017.03.01-06.18.23:290][  0]LogConsoleResponse:Display: 
[2017.03.01-06.18.23:543][  0]LogCook:Display: Max memory allowance for cook 16384mb min free memory 0mb
[2017.03.01-06.18.23:543][  0]LogCook:Display: Mobile HDR setting 1
[2017.03.01-06.18.24:463][  0]LogFileCache: Scanning file cache for directory 'D:/Steven/OneDrive - umich.edu/CIS/CIS 488/Github Repository/TheCursedBlade/Cursed_Blade/Content/' took 0.03s
[2017.03.01-06.18.25:696][  0]SourceControl: Info Source control is disabled
[2017.03.01-06.18.25:696][  0]Cmd: MAP LOAD FILE="D:/Steven/OneDrive - umich.edu/CIS/CIS 488/Github Repository/TheCursedBlade/Cursed_Blade/Content/StarterContent/Maps/Minimal_Default.umap" TEMPLATE=0 SHOWPROGRESS=1 FEATURELEVEL=3
[2017.03.01-06.18.25:708][  0]LightingResults: New page: Lighting Build
[2017.03.01-06.18.25:792][  0]MapCheck: New page: Map Check
[2017.03.01-06.18.25:792][  0]LightingResults: New page: Lighting Build
[2017.03.01-06.18.27:026][  0]LogAIModule: Creating AISystem for world Minimal_Default
[2017.03.01-06.18.27:052][  0]LogEditorServer: Finished looking for orphan Actors (0.000 secs)
[2017.03.01-06.18.27:055][  0]Cmd: MAP CHECKDEP NOCLEARLOG
[2017.03.01-06.18.27:186][  0]MapCheck: Info Map check complete: 0 Error(s), 0 Warning(s), took 130.686ms to complete.
[2017.03.01-06.18.27:186][  0]LogFileHelpers: Loading map 'Minimal_Default' took 1.489
[2017.03.01-06.18.27:521][  0]LogCollectionManager: Loaded 0 collections in 0.003234 seconds
[2017.03.01-06.18.27:682][  0]LogFileCache: Scanning file cache for directory 'D:/Steven/OneDrive - umich.edu/CIS/CIS 488/Github Repository/TheCursedBlade/Cursed_Blade/Saved/Collections/' took 0.01s
[2017.03.01-06.18.27:682][  0]LogFileCache: Scanning file cache for directory 'D:/Steven/OneDrive - umich.edu/CIS/CIS 488/Github Repository/TheCursedBlade/Cursed_Blade/Content/Developers/Steven/Collections/' took 0.01s
[2017.03.01-06.18.27:682][  0]LogFileCache: Scanning file cache for directory 'D:/Steven/OneDrive - umich.edu/CIS/CIS 488/Github Repository/TheCursedBlade/Cursed_Blade/Content/Collections/' took 0.01s
[2017.03.01-06.18.27:682][  0]LogCollectionManager: Rebuilt the GUID cache for 0 collections in 0.000002 seconds
[2017.03.01-06.18.27:697][  0]LogContentBrowser: Native class hierarchy populated in 0.0147 seconds. Added 2190 classes and 428 folders.
[2017.03.01-06.18.27:778][  0]LogStats: UGameplayTagsManager::ConstructGameplayTagTree: Construct from data asset -  0.000 s
[2017.03.01-06.18.27:778][  0]LogStats: UGameplayTagsManager::ConstructGameplayTagTree: GameplayTagTreeChangedEvent.Broadcast -  0.000 s
[2017.03.01-06.18.27:779][  0]LogContentBrowser: Native class hierarchy updated for 'GameplayTags' in 0.0010 seconds. Added 13 classes and 0 folders.
[2017.03.01-06.18.27:894][  0]LogContentBrowser: Native class hierarchy updated for 'WidgetCarousel' in 0.0009 seconds. Added 0 classes and 0 folders.
[2017.03.01-06.18.28:068][  0]LogContentBrowser: Native class hierarchy updated for 'AddContentDialog' in 0.0009 seconds. Added 0 classes and 0 folders.
[2017.03.01-06.18.28:156][  0]LogContentBrowser: Native class hierarchy updated for 'SceneOutliner' in 0.0011 seconds. Added 1 classes and 2 folders.
[2017.03.01-06.18.28:292][  0]LogCrashTracker: Crashtracker disabled due to settings.
[2017.03.01-06.18.28:306][  0]LogUObjectGlobals:Warning: Failed to find object 'Class None.'
[2017.03.01-06.18.28:410][  0]LogContentBrowser: Native class hierarchy updated for 'HierarchicalLODOutliner' in 0.0011 seconds. Added 1 classes and 2 folders.
[2017.03.01-06.18.28:410][  0]LogLoad: (Engine Initialization) Total time: 31.36 seconds
[2017.03.01-06.18.28:410][  0]LogLoad: (Engine Initialization) Total Blueprint compile time: 0.24 seconds
[2017.03.01-06.18.28:410][  0]LogExternalProfiler: Found external profiler: VSPerf
[2017.03.01-06.18.28:410][  0]LogExternalProfiler: Using external profiler: VSPerf
[2017.03.01-06.18.28:750][  0]LogOcInput: OculusInput pre-init called
[2017.03.01-06.18.28:780][  0]LogContentStreaming: Texture pool size now 1000 MB
[2017.03.01-06.18.29:034][  0]LogRenderer: Reallocating scene render targets to support 1208x576 NumSamples 1 (Frame:2).
[2017.03.01-06.18.29:539][  2]LogAssetRegistry: Asset discovery search completed in 19.3894 seconds
[2017.03.01-06.18.29:539][  2]LogCollectionManager: Rebuilt the object cache for 0 collections in 0.000001 seconds (found 0 objects)
[2017.03.01-06.18.29:539][  2]LogCollectionManager: Fixed up redirectors for 0 collections in 0.000017 seconds (updated 0 objects)
[2017.03.01-06.18.57:535][ 84]LogContentBrowser: Native class hierarchy updated for 'BlueprintGraph' in 0.0016 seconds. Added 111 classes and 0 folders.
[2017.03.01-06.23.51:634][978]LogTemp: Repeting last play command: Selected Viewport
[2017.03.01-06.23.51:660][978]LogBlueprintUserMessages: Early PlayInEditor Detection: Level '/Game/StarterContent/Maps/Minimal_Default.Minimal_Default:PersistentLevel' has LevelScriptBlueprint '/Game/StarterContent/Maps/Minimal_Default.Minimal_Default:PersistentLevel.Minimal_Default' with GeneratedClass '/Game/StarterContent/Maps/Minimal_Default.Minimal_Default_C' with ClassGeneratedBy '/Game/StarterContent/Maps/Minimal_Default.Minimal_Default:PersistentLevel.Minimal_Default'
[2017.03.01-06.23.51:660][978]LogPlayLevel: PlayLevel: No blueprints needed recompiling
[2017.03.01-06.23.51:667][978]PIE: New page: PIE session: Minimal_Default (Feb 28, 2017, 8:23:51 PM)
[2017.03.01-06.23.51:668][978]LogPlayLevel: Creating play world package: /Game/StarterContent/Maps/UEDPIE_0_Minimal_Default
[2017.03.01-06.23.51:679][978]LogPlayLevel: PIE: StaticDuplicateObject took: (0.011514s)
[2017.03.01-06.23.51:680][978]LogAIModule: Creating AISystem for world Minimal_Default
[2017.03.01-06.23.51:681][978]LogPlayLevel: PIE: World Init took: (0.001682s)
[2017.03.01-06.23.51:682][978]LogPlayLevel: PIE: Created PIE world by copying editor world from /Game/StarterContent/Maps/Minimal_Default.Minimal_Default to /Game/StarterContent/Maps/UEDPIE_0_Minimal_Default.Minimal_Default (0.013860s)
[2017.03.01-06.23.51:746][978]LogInit: XAudio2 using 'Headphones (Ausdom M06 Stereo)' : 2 channels at 44.1 kHz using 16 bits per sample (channel mask 0x3)
[2017.03.01-06.23.51:758][978]LogInit: FAudioDevice initialized.
[2017.03.01-06.23.51:812][978]LogLoad: Game class is 'myGame_C'
[2017.03.01-06.23.51:823][978]LogWorld: Bringing World /Game/StarterContent/Maps/UEDPIE_0_Minimal_Default.Minimal_Default up for play (max tick rate 0) at 2017.03.01-01.23.51
[2017.03.01-06.23.51:825][978]LogWorld: Bringing up level for play took: 0.002941
[2017.03.01-06.23.51:926][978]LogContentBrowser: Native class hierarchy updated for 'MovieSceneCapture' in 0.0010 seconds. Added 11 classes and 0 folders.
[2017.03.01-06.23.51:941][978]PIE: Info Play in editor start time for /Game/StarterContent/Maps/UEDPIE_0_Minimal_Default -0.596
[2017.03.01-06.23.51:942][978]LogBlueprintUserMessages: Late PlayInEditor Detection: Level '/Game/StarterContent/Maps/Minimal_Default.Minimal_Default:PersistentLevel' has LevelScriptBlueprint '/Game/StarterContent/Maps/Minimal_Default.Minimal_Default:PersistentLevel.Minimal_Default' with GeneratedClass '/Game/StarterContent/Maps/Minimal_Default.Minimal_Default_C' with ClassGeneratedBy '/Game/StarterContent/Maps/Minimal_Default.Minimal_Default:PersistentLevel.Minimal_Default'
[2017.03.01-06.23.55:150][348]LogBlueprintUserMessages: Early EndPlayMap Detection: Level '/Game/StarterContent/Maps/Minimal_Default.Minimal_Default:PersistentLevel' has LevelScriptBlueprint '/Game/StarterContent/Maps/Minimal_Default.Minimal_Default:PersistentLevel.Minimal_Default' with GeneratedClass '/Game/StarterContent/Maps/Minimal_Default.Minimal_Default_C' with ClassGeneratedBy '/Game/StarterContent/Maps/Minimal_Default.Minimal_Default:PersistentLevel.Minimal_Default'
[2017.03.01-06.23.55:197][348]LogBlueprintUserMessages: Late EndPlayMap Detection: Level '/Game/StarterContent/Maps/Minimal_Default.Minimal_Default:PersistentLevel' has LevelScriptBlueprint '/Game/StarterContent/Maps/Minimal_Default.Minimal_Default:PersistentLevel.Minimal_Default' with GeneratedClass '/Game/StarterContent/Maps/Minimal_Default.Minimal_Default_C' with ClassGeneratedBy '/Game/StarterContent/Maps/Minimal_Default.Minimal_Default:PersistentLevel.Minimal_Default'
[2017.03.01-06.24.02:836][ 23]LogAIModule: Creating AISystem for world AI_Test
[2017.03.01-06.24.05:378][ 23]Cmd: OBJ SAVEPACKAGE PACKAGE="/Game/character/Enemy_AI" FILE="D:/Steven/OneDrive - umich.edu/CIS/CIS 488/Github Repository/TheCursedBlade/Cursed_Blade/Content/character/Enemy_AI.uasset" SILENT=true
[2017.03.01-06.24.05:447][ 23]LogSavePackage: Save=59.00ms
[2017.03.01-06.24.05:447][ 23]LogSavePackage: Moving 'D:/Steven/OneDrive - umich.edu/CIS/CIS 488/Github Repository/TheCursedBlade/Cursed_Blade/Saved/Enemy_AI35DA79BC43E8A8FDC42D37AC56538EE3.tmp' to 'D:/Steven/OneDrive - umich.edu/CIS/CIS 488/Github Repository/TheCursedBlade/Cursed_Blade/Content/character/Enemy_AI.uasset'
[2017.03.01-06.24.05:456][ 23]LogSavePackage:Display: Finished SavePackage D:/Steven/OneDrive - umich.edu/CIS/CIS 488/Github Repository/TheCursedBlade/Cursed_Blade/Content/character/Enemy_AI.uasset
[2017.03.01-06.24.05:458][ 23]Cmd: MAP LOAD FILE="D:/Steven/OneDrive - umich.edu/CIS/CIS 488/Github Repository/TheCursedBlade/Cursed_Blade/Content/Levels/AI_Test.umap" TEMPLATE=0 SHOWPROGRESS=1 FEATURELEVEL=3
[2017.03.01-06.24.05:458][ 23]LightingResults: New page: Lighting Build
[2017.03.01-06.24.05:459][ 23]LoadErrors: New page: Loading map: AI_Test.umap
[2017.03.01-06.24.05:460][ 23]MapCheck: New page: Map Check
[2017.03.01-06.24.05:460][ 23]LightingResults: New page: Lighting Build
[2017.03.01-06.24.05:499][ 23]LogEditorServer: Finished looking for orphan Actors (0.000 secs)
[2017.03.01-06.24.05:540][ 23]Cmd: MAP CHECKDEP NOCLEARLOG
[2017.03.01-06.24.05:686][ 23]MapCheck: Info Map check complete: 0 Error(s), 0 Warning(s), took 146.142ms to complete.
[2017.03.01-06.24.05:688][ 23]LogFileHelpers: Loading map 'AI_Test' took 0.231
[2017.03.01-06.24.07:731][252]LogTemp: Repeting last play command: Selected Viewport
[2017.03.01-06.24.07:764][252]LogBlueprintUserMessages: Early PlayInEditor Detection: Level '/Game/Levels/AI_Test.AI_Test:PersistentLevel' has LevelScriptBlueprint '/Game/Levels/AI_Test.AI_Test:PersistentLevel.AI_Test' with GeneratedClass '/Game/Levels/AI_Test.AI_Test_C' with ClassGeneratedBy '/Game/Levels/AI_Test.AI_Test:PersistentLevel.AI_Test'
[2017.03.01-06.24.07:764][252]LogPlayLevel: PlayLevel: No blueprints needed recompiling
[2017.03.01-06.24.07:764][252]PIE: New page: PIE session: AI_Test (Feb 28, 2017, 8:24:07 PM)
[2017.03.01-06.24.07:764][252]LogPlayLevel: Creating play world package: /Game/Levels/UEDPIE_0_AI_Test
[2017.03.01-06.24.07:770][252]LogPlayLevel: PIE: StaticDuplicateObject took: (0.005968s)
[2017.03.01-06.24.07:771][252]LogAIModule: Creating AISystem for world AI_Test
[2017.03.01-06.24.07:771][252]LogPlayLevel: PIE: World Init took: (0.000756s)
[2017.03.01-06.24.07:771][252]LogPlayLevel: PIE: Created PIE world by copying editor world from /Game/Levels/AI_Test.AI_Test to /Game/Levels/UEDPIE_0_AI_Test.AI_Test (0.006951s)
[2017.03.01-06.24.07:817][252]LogInit: XAudio2 using 'Headphones (Ausdom M06 Stereo)' : 2 channels at 44.1 kHz using 16 bits per sample (channel mask 0x3)
[2017.03.01-06.24.07:835][252]LogInit: FAudioDevice initialized.
[2017.03.01-06.24.07:866][252]LogLoad: Game class is 'myGame_C'
[2017.03.01-06.24.07:868][252]LogWorld: Bringing World /Game/Levels/UEDPIE_0_AI_Test.AI_Test up for play (max tick rate 0) at 2017.03.01-01.24.07
[2017.03.01-06.24.07:874][252]LogWorld: Bringing up level for play took: 0.006967
[2017.03.01-06.24.07:877][252]PIE: Info Play in editor start time for /Game/Levels/UEDPIE_0_AI_Test -0.661
[2017.03.01-06.24.07:877][252]LogBlueprintUserMessages: Late PlayInEditor Detection: Level '/Game/Levels/AI_Test.AI_Test:PersistentLevel' has LevelScriptBlueprint '/Game/Levels/AI_Test.AI_Test:PersistentLevel.AI_Test' with GeneratedClass '/Game/Levels/AI_Test.AI_Test_C' with ClassGeneratedBy '/Game/Levels/AI_Test.AI_Test:PersistentLevel.AI_Test'
[2017.03.01-06.25.01:090][630]LogBlueprintUserMessages: Early EndPlayMap Detection: Level '/Game/Levels/AI_Test.AI_Test:PersistentLevel' has LevelScriptBlueprint '/Game/Levels/AI_Test.AI_Test:PersistentLevel.AI_Test' with GeneratedClass '/Game/Levels/AI_Test.AI_Test_C' with ClassGeneratedBy '/Game/Levels/AI_Test.AI_Test:PersistentLevel.AI_Test'
[2017.03.01-06.25.01:129][630]LogBlueprintUserMessages: Late EndPlayMap Detection: Level '/Game/Levels/AI_Test.AI_Test:PersistentLevel' has LevelScriptBlueprint '/Game/Levels/AI_Test.AI_Test:PersistentLevel.AI_Test' with GeneratedClass '/Game/Levels/AI_Test.AI_Test_C' with ClassGeneratedBy '/Game/Levels/AI_Test.AI_Test:PersistentLevel.AI_Test'
[2017.03.01-06.32.48:217][  9]LogSavePackage: Save=13.24ms
[2017.03.01-06.32.48:217][  9]LogSavePackage: Moving 'D:/Steven/OneDrive - umich.edu/CIS/CIS 488/Github Repository/TheCursedBlade/Cursed_Blade/Saved/PunchingMontageCBCCFEF141D6F1F831EFEE9C0AF7F82A.tmp' to 'D:/Steven/OneDrive - umich.edu/CIS/CIS 488/Github Repository/TheCursedBlade/Cursed_Blade/Content/character/animations/PunchingMontage.uasset'
[2017.03.01-06.32.48:225][  9]LogSavePackage:Display: Finished SavePackage D:/Steven/OneDrive - umich.edu/CIS/CIS 488/Github Repository/TheCursedBlade/Cursed_Blade/Content/character/animations/PunchingMontage.uasset
[2017.03.01-06.33.00:802][175]LogSkeletalMesh: InitArticulated: Bodies already created (/Engine/Transient.DebugSkelMeshComponent_0) - call TermArticulated first.
[2017.03.01-06.33.04:405][395]LogContentBrowser:Verbose: The majority of assets in the view are of type: AnimSequence
[2017.03.01-06.34.11:107][791]LogSavePackage: Save=14.22ms
[2017.03.01-06.34.11:108][791]LogSavePackage: Moving 'D:/Steven/OneDrive - umich.edu/CIS/CIS 488/Github Repository/TheCursedBlade/Cursed_Blade/Saved/PunchingMontageCD25995749CCB6626B754F9C1331BB89.tmp' to 'D:/Steven/OneDrive - umich.edu/CIS/CIS 488/Github Repository/TheCursedBlade/Cursed_Blade/Content/character/animations/Montages/PunchingMontage.uasset'
[2017.03.01-06.34.11:116][791]LogSavePackage:Display: Finished SavePackage D:/Steven/OneDrive - umich.edu/CIS/CIS 488/Github Repository/TheCursedBlade/Cursed_Blade/Content/character/animations/Montages/PunchingMontage.uasset
[2017.03.01-06.35.28:903][162]LogFileHelpers: Editor autosave (incl. sublevels) for '/Game/Levels/AI_Test' took 0.027
[2017.03.01-06.35.28:912][162]LogSavePackage: Save=2.38ms
[2017.03.01-06.35.28:912][162]LogSavePackage: Moving 'D:/Steven/OneDrive - umich.edu/CIS/CIS 488/Github Repository/TheCursedBlade/Cursed_Blade/Saved/NewAnimMontage_Auto1806190854E05D41B8F1CBABB0FFD6BD8.tmp' to 'D:/Steven/OneDrive - umich.edu/CIS/CIS 488/Github Repository/TheCursedBlade/Cursed_Blade/Saved/Autosaves/Game/character/animations/NewAnimMontage_Auto1.uasset'
[2017.03.01-06.35.28:917][162]LogSavePackage:Display: Finished SavePackage D:/Steven/OneDrive - umich.edu/CIS/CIS 488/Github Repository/TheCursedBlade/Cursed_Blade/Saved/Autosaves/Game/character/animations/NewAnimMontage_Auto1.uasset
[2017.03.01-06.35.28:919][162]OBJ SavePackage: Generating thumbnails for [1] asset(s) in package [/Game/character/Enemy_AI] ([1] browsable assets)...
[2017.03.01-06.35.28:942][162]OBJ SavePackage:     Rendered thumbnail for [Blueprint /Game/character/Enemy_AI.Enemy_AI]
[2017.03.01-06.35.28:942][162]OBJ SavePackage: Finished generating thumbnails for package [/Game/character/Enemy_AI]
[2017.03.01-06.35.29:000][162]LogSavePackage: Save=49.40ms
[2017.03.01-06.35.29:000][162]LogSavePackage: Moving 'D:/Steven/OneDrive - umich.edu/CIS/CIS 488/Github Repository/TheCursedBlade/Cursed_Blade/Saved/Enemy_AI_Auto1D3D44B914C720010501EC8BB7ABDF392.tmp' to 'D:/Steven/OneDrive - umich.edu/CIS/CIS 488/Github Repository/TheCursedBlade/Cursed_Blade/Saved/Autosaves/Game/character/Enemy_AI_Auto1.uasset'
[2017.03.01-06.35.29:005][162]LogSavePackage:Display: Finished SavePackage D:/Steven/OneDrive - umich.edu/CIS/CIS 488/Github Repository/TheCursedBlade/Cursed_Blade/Saved/Autosaves/Game/character/Enemy_AI_Auto1.uasset
[2017.03.01-06.35.29:005][162]LogFileHelpers: Auto-saving content packages took 0.101
[2017.03.01-06.36.16:612][233]LogSkeletalMesh: InitArticulated: Bodies already created (/Engine/Transient.DebugSkelMeshComponent_4) - call TermArticulated first.
[2017.03.01-06.36.16:718][234]LogRenderer: Reallocating scene render targets to support 1208x888 NumSamples 1 (Frame:76242).
[2017.03.01-06.41.47:315][ 79]BlueprintLog: New page: Compile Enemy_AI
[2017.03.01-06.43.55:971][216]LogAnimMontage:Warning: JumpToSectionName None bEndOfSection: 0 failed for Montage PunchingMontage
[2017.03.01-06.49.41:273][626]LogSavePackage: Save=151.36ms
[2017.03.01-06.49.41:273][626]LogSavePackage: Moving 'D:/Steven/OneDrive - umich.edu/CIS/CIS 488/Github Repository/TheCursedBlade/Cursed_Blade/Saved/AI_Test_Auto2F194E2704C1672065E98A388E6652E05.tmp' to 'D:/Steven/OneDrive - umich.edu/CIS/CIS 488/Github Repository/TheCursedBlade/Cursed_Blade/Saved/Autosaves/Game/Levels/AI_Test_Auto2.umap'
[2017.03.01-06.49.41:279][626]LogSavePackage:Display: Finished SavePackage D:/Steven/OneDrive - umich.edu/CIS/CIS 488/Github Repository/TheCursedBlade/Cursed_Blade/Saved/Autosaves/Game/Levels/AI_Test_Auto2.umap
[2017.03.01-06.49.41:283][626]LogFileHelpers: Editor autosave (incl. sublevels) for '/Game/Levels/AI_Test' took 0.205
[2017.03.01-06.49.41:283][626]LogFileHelpers: Editor autosave (incl. sublevels) for all levels took 0.205
[2017.03.01-06.49.41:287][626]OBJ SavePackage: Generating thumbnails for [1] asset(s) in package [/Game/character/Enemy_AI] ([1] browsable assets)...
[2017.03.01-06.49.41:308][626]OBJ SavePackage:     Rendered thumbnail for [Blueprint /Game/character/Enemy_AI.Enemy_AI]
[2017.03.01-06.49.41:308][626]OBJ SavePackage: Finished generating thumbnails for package [/Game/character/Enemy_AI]
[2017.03.01-06.49.41:353][626]LogSavePackage: Save=36.96ms
[2017.03.01-06.49.41:353][626]LogSavePackage: Moving 'D:/Steven/OneDrive - umich.edu/CIS/CIS 488/Github Repository/TheCursedBlade/Cursed_Blade/Saved/Enemy_AI_Auto28D8D640942C3FDE77585A1A5F09BB5CD.tmp' to 'D:/Steven/OneDrive - umich.edu/CIS/CIS 488/Github Repository/TheCursedBlade/Cursed_Blade/Saved/Autosaves/Game/character/Enemy_AI_Auto2.uasset'
[2017.03.01-06.49.41:358][626]LogSavePackage:Display: Finished SavePackage D:/Steven/OneDrive - umich.edu/CIS/CIS 488/Github Repository/TheCursedBlade/Cursed_Blade/Saved/Autosaves/Game/character/Enemy_AI_Auto2.uasset
[2017.03.01-06.49.41:360][626]OBJ SavePackage: Generating thumbnails for [1] asset(s) in package [/Game/character/animations/Montages/PunchingMontage] ([1] browsable assets)...
[2017.03.01-06.49.41:383][626]OBJ SavePackage:     Rendered thumbnail for [AnimMontage /Game/character/animations/Montages/PunchingMontage.PunchingMontage]
[2017.03.01-06.49.41:383][626]OBJ SavePackage: Finished generating thumbnails for package [/Game/character/animations/Montages/PunchingMontage]
[2017.03.01-06.49.41:406][626]LogSavePackage: Save=15.00ms
[2017.03.01-06.49.41:406][626]LogSavePackage: Moving 'D:/Steven/OneDrive - umich.edu/CIS/CIS 488/Github Repository/TheCursedBlade/Cursed_Blade/Saved/PunchingMontage_Auto277BAA74A4ABD5685AD8D90AA56ACF21D.tmp' to 'D:/Steven/OneDrive - umich.edu/CIS/CIS 488/Github Repository/TheCursedBlade/Cursed_Blade/Saved/Autosaves/Game/character/animations/Montages/PunchingMontage_Auto2.uasset'
[2017.03.01-06.49.41:411][626]LogSavePackage:Display: Finished SavePackage D:/Steven/OneDrive - umich.edu/CIS/CIS 488/Github Repository/TheCursedBlade/Cursed_Blade/Saved/Autosaves/Game/character/animations/Montages/PunchingMontage_Auto2.uasset
[2017.03.01-06.49.41:411][626]LogFileHelpers: Auto-saving content packages took 0.126
[2017.03.01-06.52.08:852][998]LogSavePackage: Save=32.17ms
[2017.03.01-06.52.08:852][998]LogSavePackage: Moving 'D:/Steven/OneDrive - umich.edu/CIS/CIS 488/Github Repository/TheCursedBlade/Cursed_Blade/Saved/PunchingMontageEEA7DEC24397A029989FD0B308C964F6.tmp' to 'D:/Steven/OneDrive - umich.edu/CIS/CIS 488/Github Repository/TheCursedBlade/Cursed_Blade/Content/character/animations/Montages/PunchingMontage.uasset'
[2017.03.01-06.52.08:860][998]LogSavePackage:Display: Finished SavePackage D:/Steven/OneDrive - umich.edu/CIS/CIS 488/Github Repository/TheCursedBlade/Cursed_Blade/Content/character/animations/Montages/PunchingMontage.uasset
[2017.03.01-06.55.16:826][387]BlueprintLog: New page: Compile Enemy_AI
[2017.03.01-06.55.20:155][685]LogTemp: Repeting last play command: Selected Viewport
[2017.03.01-06.55.20:174][685]LogBlueprintUserMessages: Early PlayInEditor Detection: Level '/Game/Levels/AI_Test.AI_Test:PersistentLevel' has LevelScriptBlueprint '/Game/Levels/AI_Test.AI_Test:PersistentLevel.AI_Test' with GeneratedClass '/Game/Levels/AI_Test.AI_Test_C' with ClassGeneratedBy '/Game/Levels/AI_Test.AI_Test:PersistentLevel.AI_Test'
[2017.03.01-06.55.20:174][685]LogPlayLevel: PlayLevel: No blueprints needed recompiling
[2017.03.01-06.55.20:174][685]PIE: New page: PIE session: AI_Test (Feb 28, 2017, 8:55:20 PM)
[2017.03.01-06.55.20:174][685]LogPlayLevel: Creating play world package: /Game/Levels/UEDPIE_0_AI_Test
[2017.03.01-06.55.20:181][685]LogPlayLevel: PIE: StaticDuplicateObject took: (0.006849s)
[2017.03.01-06.55.20:182][685]LogAIModule: Creating AISystem for world AI_Test
[2017.03.01-06.55.20:182][685]LogPlayLevel: PIE: World Init took: (0.000811s)
[2017.03.01-06.55.20:182][685]LogPlayLevel: PIE: Created PIE world by copying editor world from /Game/Levels/AI_Test.AI_Test to /Game/Levels/UEDPIE_0_AI_Test.AI_Test (0.007921s)
[2017.03.01-06.55.20:229][685]LogInit: XAudio2 using 'Headphones (Ausdom M06 Stereo)' : 2 channels at 44.1 kHz using 16 bits per sample (channel mask 0x3)
[2017.03.01-06.55.21:248][685]LogInit: FAudioDevice initialized.
[2017.03.01-06.55.21:282][685]LogLoad: Game class is 'myGame_C'
[2017.03.01-06.55.21:285][685]LogWorld: Bringing World /Game/Levels/UEDPIE_0_AI_Test.AI_Test up for play (max tick rate 0) at 2017.03.01-01.55.21
[2017.03.01-06.55.21:286][685]LogWorld: Bringing up level for play took: 0.001756
[2017.03.01-06.55.21:288][685]PIE: Info Play in editor start time for /Game/Levels/UEDPIE_0_AI_Test 0.751
[2017.03.01-06.55.21:289][685]LogBlueprintUserMessages: Late PlayInEditor Detection: Level '/Game/Levels/AI_Test.AI_Test:PersistentLevel' has LevelScriptBlueprint '/Game/Levels/AI_Test.AI_Test:PersistentLevel.AI_Test' with GeneratedClass '/Game/Levels/AI_Test.AI_Test_C' with ClassGeneratedBy '/Game/Levels/AI_Test.AI_Test:PersistentLevel.AI_Test'
[2017.03.01-06.55.31:654][923]LogBlueprintUserMessages: Early EndPlayMap Detection: Level '/Game/Levels/AI_Test.AI_Test:PersistentLevel' has LevelScriptBlueprint '/Game/Levels/AI_Test.AI_Test:PersistentLevel.AI_Test' with GeneratedClass '/Game/Levels/AI_Test.AI_Test_C' with ClassGeneratedBy '/Game/Levels/AI_Test.AI_Test:PersistentLevel.AI_Test'
[2017.03.01-06.55.31:704][923]LogBlueprintUserMessages: Late EndPlayMap Detection: Level '/Game/Levels/AI_Test.AI_Test:PersistentLevel' has LevelScriptBlueprint '/Game/Levels/AI_Test.AI_Test:PersistentLevel.AI_Test' with GeneratedClass '/Game/Levels/AI_Test.AI_Test_C' with ClassGeneratedBy '/Game/Levels/AI_Test.AI_Test:PersistentLevel.AI_Test'
[2017.03.01-06.55.52:744][619]BlueprintLog: New page: Compile Enemy_AI
[2017.03.01-06.55.55:300][851]LogTemp: Repeting last play command: Selected Viewport
[2017.03.01-06.55.55:316][851]LogBlueprintUserMessages: Early PlayInEditor Detection: Level '/Game/Levels/AI_Test.AI_Test:PersistentLevel' has LevelScriptBlueprint '/Game/Levels/AI_Test.AI_Test:PersistentLevel.AI_Test' with GeneratedClass '/Game/Levels/AI_Test.AI_Test_C' with ClassGeneratedBy '/Game/Levels/AI_Test.AI_Test:PersistentLevel.AI_Test'
[2017.03.01-06.55.55:316][851]LogPlayLevel: PlayLevel: No blueprints needed recompiling
[2017.03.01-06.55.55:316][851]PIE: New page: PIE session: AI_Test (Feb 28, 2017, 8:55:55 PM)
[2017.03.01-06.55.55:316][851]LogPlayLevel: Creating play world package: /Game/Levels/UEDPIE_0_AI_Test
[2017.03.01-06.55.55:324][851]LogPlayLevel: PIE: StaticDuplicateObject took: (0.007418s)
[2017.03.01-06.55.55:324][851]LogAIModule: Creating AISystem for world AI_Test
[2017.03.01-06.55.55:325][851]LogPlayLevel: PIE: World Init took: (0.000806s)
[2017.03.01-06.55.55:325][851]LogPlayLevel: PIE: Created PIE world by copying editor world from /Game/Levels/AI_Test.AI_Test to /Game/Levels/UEDPIE_0_AI_Test.AI_Test (0.008553s)
[2017.03.01-06.55.55:366][851]LogInit: XAudio2 using 'Headphones (Ausdom M06 Stereo)' : 2 channels at 44.1 kHz using 16 bits per sample (channel mask 0x3)
[2017.03.01-06.55.55:684][851]LogInit: FAudioDevice initialized.
[2017.03.01-06.55.55:715][851]LogLoad: Game class is 'myGame_C'
[2017.03.01-06.55.55:717][851]LogWorld: Bringing World /Game/Levels/UEDPIE_0_AI_Test.AI_Test up for play (max tick rate 0) at 2017.03.01-01.55.55
[2017.03.01-06.55.55:718][851]LogWorld: Bringing up level for play took: 0.001389
[2017.03.01-06.55.55:720][851]PIE: Info Play in editor start time for /Game/Levels/UEDPIE_0_AI_Test 1.183
[2017.03.01-06.55.55:721][851]LogBlueprintUserMessages: Late PlayInEditor Detection: Level '/Game/Levels/AI_Test.AI_Test:PersistentLevel' has LevelScriptBlueprint '/Game/Levels/AI_Test.AI_Test:PersistentLevel.AI_Test' with GeneratedClass '/Game/Levels/AI_Test.AI_Test_C' with ClassGeneratedBy '/Game/Levels/AI_Test.AI_Test:PersistentLevel.AI_Test'
[2017.03.01-06.56.10:339][600]LogBlueprintUserMessages: Early EndPlayMap Detection: Level '/Game/Levels/AI_Test.AI_Test:PersistentLevel' has LevelScriptBlueprint '/Game/Levels/AI_Test.AI_Test:PersistentLevel.AI_Test' with GeneratedClass '/Game/Levels/AI_Test.AI_Test_C' with ClassGeneratedBy '/Game/Levels/AI_Test.AI_Test:PersistentLevel.AI_Test'
[2017.03.01-06.56.10:379][600]LogBlueprintUserMessages: Late EndPlayMap Detection: Level '/Game/Levels/AI_Test.AI_Test:PersistentLevel' has LevelScriptBlueprint '/Game/Levels/AI_Test.AI_Test:PersistentLevel.AI_Test' with GeneratedClass '/Game/Levels/AI_Test.AI_Test_C' with ClassGeneratedBy '/Game/Levels/AI_Test.AI_Test:PersistentLevel.AI_Test'
[2017.03.01-06.56.23:012][463]LogSavePackage: Save=4.01ms
[2017.03.01-06.56.23:012][463]LogSavePackage: Moving 'D:/Steven/OneDrive - umich.edu/CIS/CIS 488/Github Repository/TheCursedBlade/Cursed_Blade/Saved/PunchingMontage1F94B248410D6D7DBEDF498E45DCCCEB.tmp' to 'D:/Steven/OneDrive - umich.edu/CIS/CIS 488/Github Repository/TheCursedBlade/Cursed_Blade/Content/character/animations/Montages/PunchingMontage.uasset'
[2017.03.01-06.56.23:017][463]LogSavePackage:Display: Finished SavePackage D:/Steven/OneDrive - umich.edu/CIS/CIS 488/Github Repository/TheCursedBlade/Cursed_Blade/Content/character/animations/Montages/PunchingMontage.uasset
[2017.03.01-06.56.28:176][888]LogEditorViewport: Clicking on Actor (LMB): Enemy_AI_C (Enemy_AI)
[2017.03.01-06.56.42:690][942]LogSkeletalMesh: InitArticulated: Bodies already created (/Engine/Transient.DebugSkelMeshComponent_6) - call TermArticulated first.
[2017.03.01-06.57.33:062][688]LogEditorViewport: Clicking on Actor (LMB): BP_Sky_Sphere_C (Sky Sphere)
[2017.03.01-06.58.40:232][225]LogRenderer: Reallocating scene render targets to support 1208x900 NumSamples 1 (Frame:257990).
[2017.03.01-06.59.06:614][677]LogAnimation:Warning: AnimBP character_anim_C is incompatible with skeleton SK_Mannequin_Skeleton, removing AnimBP from actor.
[2017.03.01-06.59.06:614][677]LogAnimation:Warning: AnimBP character_anim_C is incompatible with skeleton SK_Mannequin_Skeleton, removing AnimBP from actor.
[2017.03.01-06.59.06:614][677]LogAnimation:Warning: AnimBP character_anim_C is incompatible with skeleton SK_Mannequin_Skeleton, removing AnimBP from actor.
[2017.03.01-06.59.08:716][797]BlueprintLog: New page: Compile characterBP
[2017.03.01-06.59.11:378][978]LogTemp: Repeting last play command: Selected Viewport
[2017.03.01-06.59.11:403][978]LogBlueprintUserMessages: Early PlayInEditor Detection: Level '/Game/Levels/AI_Test.AI_Test:PersistentLevel' has LevelScriptBlueprint '/Game/Levels/AI_Test.AI_Test:PersistentLevel.AI_Test' with GeneratedClass '/Game/Levels/AI_Test.AI_Test_C' with ClassGeneratedBy '/Game/Levels/AI_Test.AI_Test:PersistentLevel.AI_Test'
[2017.03.01-06.59.11:403][978]LogPlayLevel: PlayLevel: No blueprints needed recompiling
[2017.03.01-06.59.11:404][978]PIE: New page: PIE session: AI_Test (Feb 28, 2017, 8:59:11 PM)
[2017.03.01-06.59.11:404][978]LogPlayLevel: Creating play world package: /Game/Levels/UEDPIE_0_AI_Test
[2017.03.01-06.59.11:411][978]LogPlayLevel: PIE: StaticDuplicateObject took: (0.006945s)
[2017.03.01-06.59.11:411][978]LogAIModule: Creating AISystem for world AI_Test
[2017.03.01-06.59.11:411][978]LogPlayLevel: PIE: World Init took: (0.000802s)
[2017.03.01-06.59.11:412][978]LogPlayLevel: PIE: Created PIE world by copying editor world from /Game/Levels/AI_Test.AI_Test to /Game/Levels/UEDPIE_0_AI_Test.AI_Test (0.008017s)
[2017.03.01-06.59.11:461][978]LogInit: XAudio2 using 'Headphones (Ausdom M06 Stereo)' : 2 channels at 44.1 kHz using 16 bits per sample (channel mask 0x3)
[2017.03.01-06.59.11:669][978]LogInit: FAudioDevice initialized.
[2017.03.01-06.59.11:702][978]LogLoad: Game class is 'myGame_C'
[2017.03.01-06.59.11:704][978]LogWorld: Bringing World /Game/Levels/UEDPIE_0_AI_Test.AI_Test up for play (max tick rate 0) at 2017.03.01-01.59.11
[2017.03.01-06.59.11:705][978]LogWorld: Bringing up level for play took: 0.001491
[2017.03.01-06.59.11:706][978]PIE: Info Play in editor start time for /Game/Levels/UEDPIE_0_AI_Test 1.169
[2017.03.01-06.59.11:706][978]LogBlueprintUserMessages: Late PlayInEditor Detection: Level '/Game/Levels/AI_Test.AI_Test:PersistentLevel' has LevelScriptBlueprint '/Game/Levels/AI_Test.AI_Test:PersistentLevel.AI_Test' with GeneratedClass '/Game/Levels/AI_Test.AI_Test_C' with ClassGeneratedBy '/Game/Levels/AI_Test.AI_Test:PersistentLevel.AI_Test'
[2017.03.01-06.59.16:879][593]LogBlueprintUserMessages: Early EndPlayMap Detection: Level '/Game/Levels/AI_Test.AI_Test:PersistentLevel' has LevelScriptBlueprint '/Game/Levels/AI_Test.AI_Test:PersistentLevel.AI_Test' with GeneratedClass '/Game/Levels/AI_Test.AI_Test_C' with ClassGeneratedBy '/Game/Levels/AI_Test.AI_Test:PersistentLevel.AI_Test'
[2017.03.01-06.59.16:928][593]LogBlueprintUserMessages: Late EndPlayMap Detection: Level '/Game/Levels/AI_Test.AI_Test:PersistentLevel' has LevelScriptBlueprint '/Game/Levels/AI_Test.AI_Test:PersistentLevel.AI_Test' with GeneratedClass '/Game/Levels/AI_Test.AI_Test_C' with ClassGeneratedBy '/Game/Levels/AI_Test.AI_Test:PersistentLevel.AI_Test'
[2017.03.01-06.59.23:529][111]LogContentBrowser:Verbose: The majority of assets in the view are of type: Skeleton
[2017.03.01-06.59.32:958][502]LogSavePackage: Save=160.23ms
[2017.03.01-06.59.32:958][502]LogSavePackage: Moving 'D:/Steven/OneDrive - umich.edu/CIS/CIS 488/Github Repository/TheCursedBlade/Cursed_Blade/Saved/AI_TestF221DDF64836D0BD1F52E7BAACF91F26.tmp' to 'D:/Steven/OneDrive - umich.edu/CIS/CIS 488/Github Repository/TheCursedBlade/Cursed_Blade/Content/Levels/AI_Test.umap'
[2017.03.01-06.59.32:967][502]LogSavePackage:Display: Finished SavePackage D:/Steven/OneDrive - umich.edu/CIS/CIS 488/Github Repository/TheCursedBlade/Cursed_Blade/Content/Levels/AI_Test.umap
[2017.03.01-06.59.33:004][502]LogFileHelpers: Saving map 'AI_Test' took 0.394
[2017.03.01-06.59.33:018][502]LogSavePackage: Save=2.40ms
[2017.03.01-06.59.33:018][502]LogSavePackage: Moving 'D:/Steven/OneDrive - umich.edu/CIS/CIS 488/Github Repository/TheCursedBlade/Cursed_Blade/Saved/NewAnimMontage797725E845094E1C431B9F8A8D27E9C9.tmp' to 'D:/Steven/OneDrive - umich.edu/CIS/CIS 488/Github Repository/TheCursedBlade/Cursed_Blade/Content/character/animations/NewAnimMontage.uasset'
[2017.03.01-06.59.33:027][502]LogSavePackage:Display: Finished SavePackage D:/Steven/OneDrive - umich.edu/CIS/CIS 488/Github Repository/TheCursedBlade/Cursed_Blade/Content/character/animations/NewAnimMontage.uasset
[2017.03.01-06.59.33:057][502]Cmd: OBJ SAVEPACKAGE PACKAGE="/Game/character/characterBP" FILE="D:/Steven/OneDrive - umich.edu/CIS/CIS 488/Github Repository/TheCursedBlade/Cursed_Blade/Content/character/characterBP.uasset" SILENT=true
[2017.03.01-06.59.33:119][502]LogSavePackage: Save=52.96ms
[2017.03.01-06.59.33:119][502]LogSavePackage: Moving 'D:/Steven/OneDrive - umich.edu/CIS/CIS 488/Github Repository/TheCursedBlade/Cursed_Blade/Saved/characterBPA61FC88A41BC88BD2FADF897697D61ED.tmp' to 'D:/Steven/OneDrive - umich.edu/CIS/CIS 488/Github Repository/TheCursedBlade/Cursed_Blade/Content/character/characterBP.uasset'
[2017.03.01-06.59.33:128][502]LogSavePackage:Display: Finished SavePackage D:/Steven/OneDrive - umich.edu/CIS/CIS 488/Github Repository/TheCursedBlade/Cursed_Blade/Content/character/characterBP.uasset
[2017.03.01-06.59.33:155][502]Cmd: OBJ SAVEPACKAGE PACKAGE="/Game/character/Enemy_AI" FILE="D:/Steven/OneDrive - umich.edu/CIS/CIS 488/Github Repository/TheCursedBlade/Cursed_Blade/Content/character/Enemy_AI.uasset" SILENT=true
[2017.03.01-06.59.33:209][502]LogSavePackage: Save=44.20ms
[2017.03.01-06.59.33:209][502]LogSavePackage: Moving 'D:/Steven/OneDrive - umich.edu/CIS/CIS 488/Github Repository/TheCursedBlade/Cursed_Blade/Saved/Enemy_AID6F7646E4E515F765944E681C055665A.tmp' to 'D:/Steven/OneDrive - umich.edu/CIS/CIS 488/Github Repository/TheCursedBlade/Cursed_Blade/Content/character/Enemy_AI.uasset'
[2017.03.01-06.59.33:216][502]LogSavePackage:Display: Finished SavePackage D:/Steven/OneDrive - umich.edu/CIS/CIS 488/Github Repository/TheCursedBlade/Cursed_Blade/Content/character/Enemy_AI.uasset
[2017.03.01-06.59.33:282][502]LogSavePackage: Save=23.42ms
[2017.03.01-06.59.33:282][502]LogSavePackage: Moving 'D:/Steven/OneDrive - umich.edu/CIS/CIS 488/Github Repository/TheCursedBlade/Cursed_Blade/Saved/SK_CharM_Barbarous8CE09F574EEB1C2F3358168DFD786338.tmp' to 'D:/Steven/OneDrive - umich.edu/CIS/CIS 488/Github Repository/TheCursedBlade/Cursed_Blade/Content/InfinityBladeWarriors/Character/CompleteCharacters/SK_CharM_Barbarous.uasset'
[2017.03.01-06.59.33:291][502]LogSavePackage:Display: Finished SavePackage D:/Steven/OneDrive - umich.edu/CIS/CIS 488/Github Repository/TheCursedBlade/Cursed_Blade/Content/InfinityBladeWarriors/Character/CompleteCharacters/SK_CharM_Barbarous.uasset
[2017.03.01-06.59.34:487][613]LogTemp: Repeting last play command: Selected Viewport
[2017.03.01-06.59.34:513][613]LogBlueprintUserMessages: Early PlayInEditor Detection: Level '/Game/Levels/AI_Test.AI_Test:PersistentLevel' has LevelScriptBlueprint '/Game/Levels/AI_Test.AI_Test:PersistentLevel.AI_Test' with GeneratedClass '/Game/Levels/AI_Test.AI_Test_C' with ClassGeneratedBy '/Game/Levels/AI_Test.AI_Test:PersistentLevel.AI_Test'
[2017.03.01-06.59.34:513][613]LogPlayLevel: PlayLevel: No blueprints needed recompiling
[2017.03.01-06.59.34:514][613]PIE: New page: PIE session: AI_Test (Feb 28, 2017, 8:59:34 PM)
[2017.03.01-06.59.34:514][613]LogPlayLevel: Creating play world package: /Game/Levels/UEDPIE_0_AI_Test
[2017.03.01-06.59.34:520][613]LogPlayLevel: PIE: StaticDuplicateObject took: (0.006092s)
[2017.03.01-06.59.34:520][613]LogAIModule: Creating AISystem for world AI_Test
[2017.03.01-06.59.34:521][613]LogPlayLevel: PIE: World Init took: (0.000774s)
[2017.03.01-06.59.34:521][613]LogPlayLevel: PIE: Created PIE world by copying editor world from /Game/Levels/AI_Test.AI_Test to /Game/Levels/UEDPIE_0_AI_Test.AI_Test (0.007103s)
[2017.03.01-06.59.34:567][613]LogInit: XAudio2 using 'Headphones (Ausdom M06 Stereo)' : 2 channels at 44.1 kHz using 16 bits per sample (channel mask 0x3)
[2017.03.01-06.59.34:583][613]LogInit: FAudioDevice initialized.
[2017.03.01-06.59.34:614][613]LogLoad: Game class is 'myGame_C'
[2017.03.01-06.59.34:617][613]LogWorld: Bringing World /Game/Levels/UEDPIE_0_AI_Test.AI_Test up for play (max tick rate 0) at 2017.03.01-01.59.34
[2017.03.01-06.59.34:617][613]LogWorld: Bringing up level for play took: 0.001414
[2017.03.01-06.59.34:620][613]PIE: Info Play in editor start time for /Game/Levels/UEDPIE_0_AI_Test 0.083
[2017.03.01-06.59.34:621][613]LogBlueprintUserMessages: Late PlayInEditor Detection: Level '/Game/Levels/AI_Test.AI_Test:PersistentLevel' has LevelScriptBlueprint '/Game/Levels/AI_Test.AI_Test:PersistentLevel.AI_Test' with GeneratedClass '/Game/Levels/AI_Test.AI_Test_C' with ClassGeneratedBy '/Game/Levels/AI_Test.AI_Test:PersistentLevel.AI_Test'
[2017.03.01-06.59.37:145][913]LogBlueprintUserMessages: Early EndPlayMap Detection: Level '/Game/Levels/AI_Test.AI_Test:PersistentLevel' has LevelScriptBlueprint '/Game/Levels/AI_Test.AI_Test:PersistentLevel.AI_Test' with GeneratedClass '/Game/Levels/AI_Test.AI_Test_C' with ClassGeneratedBy '/Game/Levels/AI_Test.AI_Test:PersistentLevel.AI_Test'
[2017.03.01-06.59.37:194][913]LogBlueprintUserMessages: Late EndPlayMap Detection: Level '/Game/Levels/AI_Test.AI_Test:PersistentLevel' has LevelScriptBlueprint '/Game/Levels/AI_Test.AI_Test:PersistentLevel.AI_Test' with GeneratedClass '/Game/Levels/AI_Test.AI_Test_C' with ClassGeneratedBy '/Game/Levels/AI_Test.AI_Test:PersistentLevel.AI_Test'
[2017.03.01-07.00.19:874][639]LogContentBrowser:Verbose: The majority of assets in the view are of type: Skeleton
[2017.03.01-07.00.36:710][334]LogSavePackage: Save=4.16ms
[2017.03.01-07.00.36:710][334]LogSavePackage: Moving 'D:/Steven/OneDrive - umich.edu/CIS/CIS 488/Github Repository/TheCursedBlade/Cursed_Blade/Saved/SK_Mannequin_SkeletonE87F6F184F87C51840FEA4BA42A18D69.tmp' to 'D:/Steven/OneDrive - umich.edu/CIS/CIS 488/Github Repository/TheCursedBlade/Cursed_Blade/Content/character/SK_Mannequin_Skeleton.uasset'
[2017.03.01-07.00.36:714][334]LogSavePackage:Display: Finished SavePackage D:/Steven/OneDrive - umich.edu/CIS/CIS 488/Github Repository/TheCursedBlade/Cursed_Blade/Content/character/SK_Mannequin_Skeleton.uasset
[2017.03.01-07.00.45:044][877]LogContentBrowser:Verbose: The majority of assets in the view are of type: Skeleton
[2017.03.01-07.00.55:524][323]LogSavePackage: Save=3.45ms
[2017.03.01-07.00.55:524][323]LogSavePackage: Moving 'D:/Steven/OneDrive - umich.edu/CIS/CIS 488/Github Repository/TheCursedBlade/Cursed_Blade/Saved/SK_Mannequin_Skeleton3F0F264B4AEC722A60A3159BB246F769.tmp' to 'D:/Steven/OneDrive - umich.edu/CIS/CIS 488/Github Repository/TheCursedBlade/Cursed_Blade/Content/character/SK_Mannequin_Skeleton.uasset'
[2017.03.01-07.00.55:529][323]LogSavePackage:Display: Finished SavePackage D:/Steven/OneDrive - umich.edu/CIS/CIS 488/Github Repository/TheCursedBlade/Cursed_Blade/Content/character/SK_Mannequin_Skeleton.uasset
[2017.03.01-07.00.59:125][516]LogSavePackage: Save=4.32ms
[2017.03.01-07.00.59:125][516]LogSavePackage: Moving 'D:/Steven/OneDrive - umich.edu/CIS/CIS 488/Github Repository/TheCursedBlade/Cursed_Blade/Saved/PunchingMontageCCC14EAD4EC4B60B5F518CBDC8554EF0.tmp' to 'D:/Steven/OneDrive - umich.edu/CIS/CIS 488/Github Repository/TheCursedBlade/Cursed_Blade/Content/character/animations/Montages/PunchingMontage.uasset'
[2017.03.01-07.00.59:130][516]LogSavePackage:Display: Finished SavePackage D:/Steven/OneDrive - umich.edu/CIS/CIS 488/Github Repository/TheCursedBlade/Cursed_Blade/Content/character/animations/Montages/PunchingMontage.uasset
[2017.03.01-07.01.14:865][514]LogActorComponent: UnregisterComponent: (/Engine/Transient.EditorFloorComp) Not registered. Aborting.
[2017.03.01-07.01.23:200][147]LogContentBrowser:Verbose: The majority of assets in the view are of type: Skeleton
[2017.03.01-07.02.03:892][973]LogWindowsTextInputMethodSystem:Display: IME system now deactivated.
[2017.03.01-07.02.04:124][974]Cmd: QUIT_EDITOR
[2017.03.01-07.02.04:944][974]LogExit: Preparing to exit.
[2017.03.01-07.02.05:762][974]LogExit: Editor shut down
[2017.03.01-07.02.05:764][974]LogExit: Transaction tracking system shut down
[2017.03.01-07.02.05:984][974]LogObj: Freed 0b from 0 cluster array pools.
[2017.03.01-07.02.05:985][974]LogExit: Object subsystem successfully closed.
[2017.03.01-07.02.06:008][974]LogD3D11RHI: Shutdown
[2017.03.01-07.02.06:008][974]LogD3D11RHI: CleanupD3DDevice
[2017.03.01-07.02.06:250][974]LogD3D11RHI: ~FD3D11DynamicRHI
[2017.03.01-07.02.06:305][974]LogHttp:Display: Http module shutting down, but needs to wait on 1 outstanding Http requests:
[2017.03.01-07.02.06:305][974]LogHttp:Display: 	verb=[POST] url=[https://datarouter.ol.epicgames.com/datarouter/api/v1/public/data?SessionID=%7B17E5471E-4E68-CBFC-8021-329AACD5BDD0%7D&AppID=UEEditor.Rocket.Release&AppVersion=4.14.3-3249277%2B%2B%2BUE4%2BRelease-4.14&UserID=57fd777c47184b4ce198e59d28693f17%7C37affbd969a64a0b8ebede4037eb50b3%7Ce153f579-52c7-4170-8d5d-6df47f81a337&AppEnvironment=datacollector-binary&UploadType=eteventstream] status=Processing
[2017.03.01-07.02.06:313][974]LogModuleManager: Shutting down and abandoning module SkeletalMeshEditor (248)
[2017.03.01-07.02.06:313][974]LogModuleManager: Shutting down and abandoning module AnimationBlueprintEditor (247)
[2017.03.01-07.02.06:313][974]LogModuleManager: Shutting down and abandoning module SkeletonEditor (246)
[2017.03.01-07.02.06:313][974]LogModuleManager: Shutting down and abandoning module AnimationEditor (245)
[2017.03.01-07.02.06:313][974]LogModuleManager: Shutting down and abandoning module MovieSceneCapture (244)
[2017.03.01-07.02.06:313][974]LogModuleManager: Shutting down and abandoning module BlueprintGraph (243)
[2017.03.01-07.02.06:313][974]LogModuleManager: Shutting down and abandoning module BlueprintProfiler (242)
[2017.03.01-07.02.06:315][974]LogModuleManager: Shutting down and abandoning module HierarchicalLODOutliner (241)
[2017.03.01-07.02.06:315][974]LogModuleManager: Shutting down and abandoning module CrashTracker (240)
[2017.03.01-07.02.06:315][974]LogModuleManager: Shutting down and abandoning module SceneOutliner (239)
[2017.03.01-07.02.06:315][974]LogModuleManager: Shutting down and abandoning module WidgetCarousel (238)
[2017.03.01-07.02.06:315][974]LogModuleManager: Shutting down and abandoning module AddContentDialog (237)
[2017.03.01-07.02.06:316][974]LogDirectoryWatcher: A directory notification for 'C:/Program Files (x86)/Epic Games/4.14/FeaturePacks/' was aborted.
[2017.03.01-07.02.06:325][974]LogModuleManager: Shutting down and abandoning module GameplayTags (236)
[2017.03.01-07.02.06:325][974]LogModuleManager: Shutting down and abandoning module EditorWidgets (235)
[2017.03.01-07.02.06:325][974]LogModuleManager: Shutting down and abandoning module CollectionManager (234)
[2017.03.01-07.02.06:325][974]LogDirectoryWatcher: A directory notification for 'D:/Steven/OneDrive - umich.edu/CIS/CIS 488/Github Repository/TheCursedBlade/Cursed_Blade/Content/Collections/' was aborted.
[2017.03.01-07.02.06:326][974]LogDirectoryWatcher: A directory notification for 'D:/Steven/OneDrive - umich.edu/CIS/CIS 488/Github Repository/TheCursedBlade/Cursed_Blade/Content/Developers/Steven/Collections/' was aborted.
[2017.03.01-07.02.06:326][974]LogDirectoryWatcher: A directory notification for 'D:/Steven/OneDrive - umich.edu/CIS/CIS 488/Github Repository/TheCursedBlade/Cursed_Blade/Saved/Collections/' was aborted.
[2017.03.01-07.02.06:326][974]LogModuleManager: Shutting down and abandoning module StatsViewer (233)
[2017.03.01-07.02.06:326][974]LogModuleManager: Shutting down and abandoning module FoliageEdit (232)
[2017.03.01-07.02.06:326][974]LogModuleManager: Shutting down and abandoning module LandscapeEditor (231)
[2017.03.01-07.02.06:326][974]LogModuleManager: Shutting down and abandoning module SceneDepthPickerMode (230)
[2017.03.01-07.02.06:326][974]LogModuleManager: Shutting down and abandoning module ActorPickerMode (229)
[2017.03.01-07.02.06:326][974]LogModuleManager: Shutting down and abandoning module GeometryMode (228)
[2017.03.01-07.02.06:326][974]LogModuleManager: Shutting down and abandoning module TextureAlignMode (227)
[2017.03.01-07.02.06:326][974]LogModuleManager: Shutting down and abandoning module BspMode (226)
[2017.03.01-07.02.06:326][974]LogModuleManager: Shutting down and abandoning module HardwareSurvey (225)
[2017.03.01-07.02.06:326][974]LogModuleManager: Shutting down and abandoning module SequenceRecorderSections (224)
[2017.03.01-07.02.06:326][974]LogModuleManager: Shutting down and abandoning module AutomationWorker (223)
[2017.03.01-07.02.06:326][974]LogModuleManager: Shutting down and abandoning module MatineeToLevelSequence (222)
[2017.03.01-07.02.06:326][974]LogModuleManager: Shutting down and abandoning module PlacementMode (221)
[2017.03.01-07.02.06:326][974]LogModuleManager: Shutting down and abandoning module LevelSequenceEditor (220)
[2017.03.01-07.02.06:326][974]LogModuleManager: Shutting down and abandoning module WmfMediaFactory (219)
[2017.03.01-07.02.06:326][974]LogModuleManager: Shutting down and abandoning module WmfMediaEditor (218)
[2017.03.01-07.02.06:326][974]LogModuleManager: Shutting down and abandoning module AvfMediaFactory (217)
[2017.03.01-07.02.06:326][974]LogModuleManager: Shutting down and abandoning module AvfMediaEditor (216)
[2017.03.01-07.02.06:326][974]LogModuleManager: Shutting down and abandoning module Media (215)
[2017.03.01-07.02.06:326][974]LogModuleManager: Shutting down and abandoning module AndroidMediaFactory (214)
[2017.03.01-07.02.06:326][974]LogModuleManager: Shutting down and abandoning module AndroidMediaEditor (213)
[2017.03.01-07.02.06:326][974]LogModuleManager: Shutting down and abandoning module CharacterAI (212)
[2017.03.01-07.02.06:327][974]LogModuleManager: Shutting down and abandoning module SequenceRecorder (211)
[2017.03.01-07.02.06:327][974]LogModuleManager: Shutting down and abandoning module AudioCapture (210)
[2017.03.01-07.02.06:327][974]LogModuleManager: Shutting down and abandoning module SmartSnapping (209)
[2017.03.01-07.02.06:327][974]LogModuleManager: Shutting down and abandoning module SessionServices (208)
[2017.03.01-07.02.06:327][974]LogModuleManager: Shutting down and abandoning module ViewportSnapping (207)
[2017.03.01-07.02.06:327][974]LogModuleManager: Shutting down and abandoning module ViewportInteraction (206)
[2017.03.01-07.02.06:327][974]LogModuleManager: Shutting down and abandoning module LogVisualizer (205)
[2017.03.01-07.02.06:327][974]LogModuleManager: Shutting down and abandoning module GameProjectGeneration (204)
[2017.03.01-07.02.06:327][974]LogModuleManager: Shutting down and abandoning module IntroTutorials (203)
[2017.03.01-07.02.06:327][974]LogModuleManager: Shutting down and abandoning module EditorLiveStreaming (202)
[2017.03.01-07.02.06:327][974]LogModuleManager: Shutting down and abandoning module IOSPlatformEditor (201)
[2017.03.01-07.02.06:327][974]LogModuleManager: Shutting down and abandoning module HTML5PlatformEditor (200)
[2017.03.01-07.02.06:327][974]LogModuleManager: Shutting down and abandoning module AndroidDeviceDetection (199)
[2017.03.01-07.02.06:470][974]LogModuleManager: Shutting down and abandoning module AndroidPlatformEditor (198)
[2017.03.01-07.02.06:470][974]LogModuleManager: Shutting down and abandoning module IOSRuntimeSettings (197)
[2017.03.01-07.02.06:470][974]LogModuleManager: Shutting down and abandoning module AndroidRuntimeSettings (196)
[2017.03.01-07.02.06:470][974]LogModuleManager: Shutting down and abandoning module InputBindingEditor (195)
[2017.03.01-07.02.06:470][974]LogModuleManager: Shutting down and abandoning module NiagaraEditor (194)
[2017.03.01-07.02.06:470][974]LogModuleManager: Shutting down and abandoning module MergeActors (193)
[2017.03.01-07.02.06:470][974]LogModuleManager: Shutting down and abandoning module SizeMap (192)
[2017.03.01-07.02.06:471][974]LogModuleManager: Shutting down and abandoning module TreeMap (191)
[2017.03.01-07.02.06:471][974]LogModuleManager: Shutting down and abandoning module ReferenceViewer (190)
[2017.03.01-07.02.06:471][974]LogModuleManager: Shutting down and abandoning module LocalizationService (189)
[2017.03.01-07.02.06:471][974]LogModuleManager: Shutting down and abandoning module LocalizationDashboard (188)
[2017.03.01-07.02.06:471][974]LogModuleManager: Shutting down and abandoning module HardwareTargeting (187)
[2017.03.01-07.02.06:471][974]LogModuleManager: Shutting down and abandoning module DeviceProfileEditor (186)
[2017.03.01-07.02.06:471][974]LogModuleManager: Shutting down and abandoning module UndoHistory (185)
[2017.03.01-07.02.06:471][974]LogModuleManager: Shutting down and abandoning module UserFeedback (184)
[2017.03.01-07.02.06:471][974]LogModuleManager: Shutting down and abandoning module XmlParser (183)
[2017.03.01-07.02.06:471][974]LogModuleManager: Shutting down and abandoning module Blutility (182)
[2017.03.01-07.02.06:471][974]LogModuleManager: Shutting down and abandoning module ProjectTargetPlatformEditor (181)
[2017.03.01-07.02.06:471][974]LogModuleManager: Shutting down and abandoning module ProjectSettingsViewer (180)
[2017.03.01-07.02.06:471][974]LogModuleManager: Shutting down and abandoning module EditorSettingsViewer (179)
[2017.03.01-07.02.06:471][974]LogModuleManager: Shutting down and abandoning module SettingsEditor (178)
[2017.03.01-07.02.06:471][974]LogModuleManager: Shutting down and abandoning module ProjectLauncher (177)
[2017.03.01-07.02.06:471][974]LogModuleManager: Shutting down and abandoning module SessionFrontend (176)
[2017.03.01-07.02.06:472][974]LogModuleManager: Shutting down and abandoning module ProfilerClient (175)
[2017.03.01-07.02.06:472][974]LogModuleManager: Shutting down and abandoning module TargetDeviceServices (174)
[2017.03.01-07.02.06:472][974]LogModuleManager: Shutting down and abandoning module DeviceManager (173)
[2017.03.01-07.02.06:516][974]LogModuleManager: Shutting down and abandoning module AutomationController (172)
[2017.03.01-07.02.06:516][974]LogModuleManager: Shutting down and abandoning module AutomationWindow (171)
[2017.03.01-07.02.06:516][974]LogModuleManager: Shutting down and abandoning module Layers (170)
[2017.03.01-07.02.06:516][974]LogModuleManager: Shutting down and abandoning module ComponentVisualizers (169)
[2017.03.01-07.02.06:516][974]LogModuleManager: Shutting down and abandoning module DetailCustomizations (168)
[2017.03.01-07.02.06:516][974]LogModuleManager: Shutting down and abandoning module PackagesDialog (167)
[2017.03.01-07.02.06:516][974]LogModuleManager: Shutting down and abandoning module AnimGraph (166)
[2017.03.01-07.02.06:516][974]LogModuleManager: Shutting down and abandoning module Persona (165)
[2017.03.01-07.02.06:516][974]LogModuleManager: Shutting down and abandoning module Kismet (164)
[2017.03.01-07.02.06:527][974]LogModuleManager: Shutting down and abandoning module GraphEditor (163)
[2017.03.01-07.02.06:527][974]LogModuleManager: Shutting down and abandoning module ClassViewer (162)
[2017.03.01-07.02.06:529][974]LogModuleManager: Shutting down and abandoning module Toolbox (161)
[2017.03.01-07.02.06:529][974]LogModuleManager: Shutting down and abandoning module ModuleUI (160)
[2017.03.01-07.02.06:529][974]LogModuleManager: Shutting down and abandoning module MovieSceneTools (159)
[2017.03.01-07.02.06:529][974]LogModuleManager: Shutting down and abandoning module OutputLog (158)
[2017.03.01-07.02.06:529][974]LogModuleManager: Shutting down and abandoning module GammaUI (157)
[2017.03.01-07.02.06:529][974]LogModuleManager: Shutting down and abandoning module Documentation (156)
[2017.03.01-07.02.06:529][974]LogModuleManager: Shutting down and abandoning module Niagara (155)
[2017.03.01-07.02.06:529][974]LogModuleManager: Shutting down and abandoning module StreamingPauseRendering (154)
[2017.03.01-07.02.06:529][974]LogModuleManager: Shutting down and abandoning module AnalyticsET (153)
[2017.03.01-07.02.06:529][974]LogModuleManager: Shutting down and abandoning module PortalServices (152)
[2017.03.01-07.02.06:529][974]LogModuleManager: Shutting down and abandoning module PortalRpc (151)
[2017.03.01-07.02.06:529][974]LogModuleManager: Shutting down and abandoning module MessagingRpc (150)
[2017.03.01-07.02.06:529][974]LogModuleManager: Shutting down and abandoning module GameplayDebugger (149)
[2017.03.01-07.02.06:529][974]LogModuleManager: Shutting down and abandoning module AITestSuite (148)
[2017.03.01-07.02.06:529][974]LogModuleManager: Shutting down and abandoning module AIModule (147)
[2017.03.01-07.02.06:529][974]LogModuleManager: Shutting down and abandoning module ProfilerService (146)
[2017.03.01-07.02.06:704][974]LogModuleManager: Shutting down and abandoning module TaskGraph (145)
[2017.03.01-07.02.06:705][974]LogModuleManager: Shutting down and abandoning module SlateRemote (144)
[2017.03.01-07.02.06:705][974]LogModuleManager: Shutting down and abandoning module SteamVRController (143)
[2017.03.01-07.02.06:705][974]LogModuleManager: Shutting down and abandoning module SteamVR (142)
[2017.03.01-07.02.06:705][974]LogModuleManager: Shutting down and abandoning module ProceduralMeshComponentEditor (141)
[2017.03.01-07.02.06:705][974]LogModuleManager: Shutting down and abandoning module ProceduralMeshComponent (140)
[2017.03.01-07.02.06:705][974]LogModuleManager: Shutting down and abandoning module OculusLibrary (139)
[2017.03.01-07.02.06:705][974]LogModuleManager: Shutting down and abandoning module OculusInput (138)
[2017.03.01-07.02.06:705][974]LogModuleManager: Shutting down and abandoning module MobilePatchingUtils (137)
[2017.03.01-07.02.06:705][974]LogModuleManager: Shutting down and abandoning module CustomMeshComponent (136)
[2017.03.01-07.02.06:705][974]LogModuleManager: Shutting down and abandoning module CableComponent (135)
[2017.03.01-07.02.06:705][974]LogModuleManager: Shutting down and abandoning module ArchVisCharacter (134)
[2017.03.01-07.02.06:705][974]LogModuleManager: Shutting down and abandoning module MediaPlayerEditor (132)
[2017.03.01-07.02.06:705][974]LogModuleManager: Shutting down and abandoning module HTML5Networking (131)
[2017.03.01-07.02.06:705][974]LogModuleManager: Shutting down and abandoning module GeometryCacheEd (130)
[2017.03.01-07.02.06:705][974]LogModuleManager: Shutting down and abandoning module GeometryCache (129)
[2017.03.01-07.02.06:705][974]LogModuleManager: Shutting down and abandoning module AlembicLibrary (128)
[2017.03.01-07.02.06:705][974]LogModuleManager: Shutting down and abandoning module AlembicImporter (127)
[2017.03.01-07.02.06:705][974]LogModuleManager: Shutting down and abandoning module SuperSearch (126)
[2017.03.01-07.02.06:705][974]LogModuleManager: Shutting down and abandoning module SuperSearchEditor (125)
[2017.03.01-07.02.06:705][974]LogModuleManager: Shutting down and abandoning module SpeedTreeImporter (124)
[2017.03.01-07.02.06:705][974]LogModuleManager: Shutting down and abandoning module PluginBrowser (123)
[2017.03.01-07.02.06:705][974]LogModuleManager: Shutting down and abandoning module MobileLauncherProfileWizard (122)
[2017.03.01-07.02.06:705][974]LogModuleManager: Shutting down and abandoning module EpicSurvey (121)
[2017.03.01-07.02.06:705][974]LogModuleManager: Shutting down and abandoning module DesktopPlatform (120)
[2017.03.01-07.02.06:705][974]LogModuleManager: Shutting down and abandoning module VisualStudioSourceCodeAccess (119)
[2017.03.01-07.02.06:705][974]LogModuleManager: Shutting down and abandoning module UObjectPlugin (118)
[2017.03.01-07.02.06:705][974]LogModuleManager: Shutting down and abandoning module SubversionSourceControl (117)
[2017.03.01-07.02.06:706][974]LogModuleManager: Shutting down and abandoning module PerforceSourceControl (116)
[2017.03.01-07.02.06:706][974]LogModuleManager: Shutting down and abandoning module SourceControl (115)
[2017.03.01-07.02.06:706][974]LogModuleManager: Shutting down and abandoning module GitSourceControl (114)
[2017.03.01-07.02.06:706][974]LogModuleManager: Shutting down and abandoning module LightPropagationVolumeEditor (113)
[2017.03.01-07.02.06:706][974]LogModuleManager: Shutting down and abandoning module PaperTiledImporter (112)
[2017.03.01-07.02.06:706][974]LogModuleManager: Shutting down and abandoning module PaperSpriteSheetImporter (111)
[2017.03.01-07.02.06:706][974]LogModuleManager: Shutting down and abandoning module MeshPaint (110)
[2017.03.01-07.02.06:706][974]LogModuleManager: Shutting down and abandoning module PixelInspectorModule (109)
[2017.03.01-07.02.06:706][974]LogModuleManager: Shutting down and abandoning module HotReload (108)
[2017.03.01-07.02.06:706][974]LogModuleManager: Shutting down and abandoning module MainFrame (107)
[2017.03.01-07.02.06:706][974]LogModuleManager: Shutting down and abandoning module LevelEditor (106)
[2017.03.01-07.02.06:709][974]LogModuleManager: Shutting down and abandoning module ContentBrowser (105)
[2017.03.01-07.02.06:711][974]LogModuleManager: Shutting down and abandoning module Paper2DEditor (104)
[2017.03.01-07.02.06:711][974]LogModuleManager: Shutting down and abandoning module UdpMessaging (103)
[2017.03.01-07.02.06:812][974]LogModuleManager: Shutting down and abandoning module TcpMessaging (102)
[2017.03.01-07.02.06:913][974]LogModuleManager: Shutting down and abandoning module LightPropagationVolumeRuntime (101)
[2017.03.01-07.02.06:913][974]LogModuleManager: Shutting down and abandoning module Paper2D (100)
[2017.03.01-07.02.06:913][974]LogModuleManager: Shutting down and abandoning module WindowsMoviePlayer (99)
[2017.03.01-07.02.06:913][974]LogModuleManager: Shutting down and abandoning module WmfMedia (98)
[2017.03.01-07.02.06:913][974]LogModuleManager: Shutting down and abandoning module MediaAssets (97)
[2017.03.01-07.02.06:913][974]LogModuleManager: Shutting down and abandoning module GameLiveStreaming (96)
[2017.03.01-07.02.06:913][974]LogModuleManager: Shutting down and abandoning module GameplayTagsEditor (95)
[2017.03.01-07.02.06:913][974]LogModuleManager: Shutting down and abandoning module VREditor (94)
[2017.03.01-07.02.06:913][974]LogModuleManager: Shutting down and abandoning module GameplayTasksEditor (93)
[2017.03.01-07.02.06:913][974]LogModuleManager: Shutting down and abandoning module BehaviorTreeEditor (92)
[2017.03.01-07.02.06:913][974]LogModuleManager: Shutting down and abandoning module FunctionalTesting (91)
[2017.03.01-07.02.06:913][974]LogModuleManager: Shutting down and abandoning module CollisionAnalyzer (90)
[2017.03.01-07.02.06:913][974]LogModuleManager: Shutting down and abandoning module Sequencer (89)
[2017.03.01-07.02.06:914][974]LogModuleManager: Shutting down and abandoning module WorkspaceMenuStructure (88)
[2017.03.01-07.02.06:914][974]LogModuleManager: Shutting down and abandoning module MessageLog (87)
[2017.03.01-07.02.06:914][974]LogModuleManager: Shutting down and abandoning module AssetTools (86)
[2017.03.01-07.02.06:914][974]LogModuleManager: Shutting down and abandoning module UMGEditor (85)
[2017.03.01-07.02.06:914][974]LogModuleManager: Shutting down and abandoning module UMG (84)
[2017.03.01-07.02.06:914][974]LogModuleManager: Shutting down and abandoning module SlateReflector (83)
[2017.03.01-07.02.06:914][974]LogModuleManager: Shutting down and abandoning module Slate (82)
[2017.03.01-07.02.06:914][974]LogModuleManager: Shutting down and abandoning module EditorStyle (81)
[2017.03.01-07.02.06:919][974]LogModuleManager: Shutting down and abandoning module SourceCodeAccess (80)
[2017.03.01-07.02.06:919][974]LogModuleManager: Shutting down and abandoning module HeadMountedDisplay (79)
[2017.03.01-07.02.06:919][974]LogModuleManager: Shutting down and abandoning module XAudio2 (78)
[2017.03.01-07.02.06:919][974]LogModuleManager: Shutting down and abandoning module Networking (76)
[2017.03.01-07.02.06:919][974]LogModuleManager: Shutting down and abandoning module Core (75)
[2017.03.01-07.02.06:919][974]LogModuleManager: Shutting down and abandoning module DirectoryWatcher (74)
[2017.03.01-07.02.06:919][974]LogDirectoryWatcher: A directory notification for '../../../Engine/Content/' was aborted.
[2017.03.01-07.02.06:920][974]LogDirectoryWatcher: A directory notification for 'D:/Steven/OneDrive - umich.edu/CIS/CIS 488/Github Repository/TheCursedBlade/Cursed_Blade/Content/' was aborted.
[2017.03.01-07.02.06:921][974]LogDirectoryWatcher: A directory notification for '../../../Engine/Plugins/2D/Paper2D/Content/' was aborted.
[2017.03.01-07.02.06:926][974]LogModuleManager: Shutting down and abandoning module AssetRegistry (73)
[2017.03.01-07.02.07:100][974]LogModuleManager: Shutting down and abandoning module KismetCompiler (72)
[2017.03.01-07.02.07:100][974]LogModuleManager: Shutting down and abandoning module PhysXFormats (71)
[2017.03.01-07.02.07:100][974]LogModuleManager: Shutting down and abandoning module SimplygonSwarm (70)
[2017.03.01-07.02.07:100][974]LogModuleManager: Shutting down and abandoning module SimplygonMeshReduction (69)
[2017.03.01-07.02.07:100][974]LogModuleManager: Shutting down and abandoning module QuadricMeshReduction (68)
[2017.03.01-07.02.07:100][974]LogModuleManager: Shutting down and abandoning module PropertyEditor (67)
[2017.03.01-07.02.07:100][974]LogModuleManager: Shutting down and abandoning module MeshUtilities (66)
[2017.03.01-07.02.07:100][974]LogModuleManager: Shutting down and abandoning module DerivedDataCache (65)
[2017.03.01-07.02.07:174][974]LogDerivedDataCache: Shutdown
[2017.03.01-07.02.07:174][974]LogModuleManager: Shutting down and abandoning module VulkanShaderFormat (64)
[2017.03.01-07.02.07:174][974]LogModuleManager: Shutting down and abandoning module ShaderFormatOpenGL (63)
[2017.03.01-07.02.07:174][974]LogModuleManager: Shutting down and abandoning module ShaderFormatD3D (62)
[2017.03.01-07.02.07:175][974]LogModuleManager: Shutting down and abandoning module MetalShaderFormat (61)
[2017.03.01-07.02.07:175][974]LogModuleManager: Shutting down and abandoning module TextureFormatUncompressed (60)
[2017.03.01-07.02.07:175][974]LogModuleManager: Shutting down and abandoning module TextureFormatPVR (59)
[2017.03.01-07.02.07:175][974]LogModuleManager: Shutting down and abandoning module TextureFormatDXT (58)
[2017.03.01-07.02.07:175][974]LogModuleManager: Shutting down and abandoning module TextureFormatIntelISPCTexComp (57)
[2017.03.01-07.02.07:175][974]LogModuleManager: Shutting down and abandoning module ImageWrapper (56)
[2017.03.01-07.02.07:175][974]LogModuleManager: Shutting down and abandoning module TextureFormatASTC (55)
[2017.03.01-07.02.07:175][974]LogModuleManager: Shutting down and abandoning module TextureFormatAndroid (54)
[2017.03.01-07.02.07:175][974]LogModuleManager: Shutting down and abandoning module AudioFormatOpus (53)
[2017.03.01-07.02.07:175][974]LogModuleManager: Shutting down and abandoning module AudioFormatOgg (52)
[2017.03.01-07.02.07:175][974]LogModuleManager: Shutting down and abandoning module AudioFormatADPCM (51)
[2017.03.01-07.02.07:175][974]LogModuleManager: Shutting down and abandoning module LinuxTargetPlatform (50)
[2017.03.01-07.02.07:175][974]LogModuleManager: Shutting down and abandoning module LinuxServerTargetPlatform (49)
[2017.03.01-07.02.07:175][974]LogModuleManager: Shutting down and abandoning module LinuxNoEditorTargetPlatform (48)
[2017.03.01-07.02.07:175][974]LogModuleManager: Shutting down and abandoning module LinuxClientTargetPlatform (47)
[2017.03.01-07.02.07:175][974]LogModuleManager: Shutting down and abandoning module TVOSTargetPlatform (46)
[2017.03.01-07.02.07:175][974]LogModuleManager: Shutting down and abandoning module Messaging (45)
[2017.03.01-07.02.07:175][974]LogModuleManager: Shutting down and abandoning module IOSTargetPlatform (44)
[2017.03.01-07.02.07:175][974]LogModuleManager: Shutting down and abandoning module HTML5TargetPlatform (43)
[2017.03.01-07.02.07:175][974]LogModuleManager: Shutting down and abandoning module Android_PVRTCTargetPlatform (42)
[2017.03.01-07.02.07:175][974]LogModuleManager: Shutting down and abandoning module Android_MultiTargetPlatform (41)
[2017.03.01-07.02.07:175][974]LogModuleManager: Shutting down and abandoning module Android_ETC2TargetPlatform (40)
[2017.03.01-07.02.07:175][974]LogModuleManager: Shutting down and abandoning module Android_ETC1TargetPlatform (39)
[2017.03.01-07.02.07:175][974]LogModuleManager: Shutting down and abandoning module Android_DXTTargetPlatform (38)
[2017.03.01-07.02.07:175][974]LogModuleManager: Shutting down and abandoning module Android_ATCTargetPlatform (37)
[2017.03.01-07.02.07:175][974]LogModuleManager: Shutting down and abandoning module Android_ASTCTargetPlatform (36)
[2017.03.01-07.02.07:175][974]LogModuleManager: Shutting down and abandoning module AndroidTargetPlatform (35)
[2017.03.01-07.02.07:175][974]LogModuleManager: Shutting down and abandoning module WindowsTargetPlatform (34)
[2017.03.01-07.02.07:175][974]LogModuleManager: Shutting down and abandoning module WindowsServerTargetPlatform (33)
[2017.03.01-07.02.07:175][974]LogModuleManager: Shutting down and abandoning module WindowsNoEditorTargetPlatform (32)
[2017.03.01-07.02.07:176][974]LogModuleManager: Shutting down and abandoning module WindowsClientTargetPlatform (31)
[2017.03.01-07.02.07:176][974]LogModuleManager: Shutting down and abandoning module MacTargetPlatform (30)
[2017.03.01-07.02.07:176][974]LogModuleManager: Shutting down and abandoning module MacServerTargetPlatform (29)
[2017.03.01-07.02.07:176][974]LogModuleManager: Shutting down and abandoning module MacNoEditorTargetPlatform (28)
[2017.03.01-07.02.07:176][974]LogModuleManager: Shutting down and abandoning module MacClientTargetPlatform (27)
[2017.03.01-07.02.07:176][974]LogModuleManager: Shutting down and abandoning module AllDesktopTargetPlatform (26)
[2017.03.01-07.02.07:176][974]LogModuleManager: Shutting down and abandoning module TargetPlatform (25)
[2017.03.01-07.02.07:176][974]LogModuleManager: Shutting down and abandoning module InputCore (24)
[2017.03.01-07.02.07:176][974]LogModuleManager: Shutting down and abandoning module Settings (23)
[2017.03.01-07.02.07:176][974]LogModuleManager: Shutting down and abandoning module OculusRift (22)
[2017.03.01-07.02.07:176][974]LogModuleManager: Shutting down and abandoning module ExampleDeviceProfileSelector (21)
[2017.03.01-07.02.07:176][974]LogModuleManager: Shutting down and abandoning module OnlineBlueprintSupport (20)
[2017.03.01-07.02.07:176][974]LogModuleManager: Shutting down and abandoning module OnlineSubsystem (18)
[2017.03.01-07.02.07:176][974]LogOnline:Display: Unloading online subsystem: NULL
[2017.03.01-07.02.07:176][974]LogModuleManager: Shutting down and abandoning module SSL (17)
[2017.03.01-07.02.07:178][974]LogModuleManager: Shutting down and abandoning module HTTP (16)
[2017.03.01-07.02.07:179][974]LogModuleManager: Shutting down and abandoning module XMPP (15)
[2017.03.01-07.02.07:179][974]LogModuleManager: Shutting down and abandoning module TextureCompressor (14)
[2017.03.01-07.02.07:179][974]LogModuleManager: Shutting down and abandoning module ShaderCore (13)
[2017.03.01-07.02.07:179][974]LogModuleManager: Shutting down and abandoning module Landscape (12)
[2017.03.01-07.02.07:179][974]LogModuleManager: Shutting down and abandoning module SlateRHIRenderer (11)
[2017.03.01-07.02.07:188][974]LogModuleManager: Shutting down and abandoning module OpenGLDrv (10)
[2017.03.01-07.02.07:188][974]LogModuleManager: Shutting down and abandoning module D3D11RHI (9)
[2017.03.01-07.02.07:188][974]LogModuleManager: Shutting down and abandoning module AnimGraphRuntime (8)
[2017.03.01-07.02.07:188][974]LogModuleManager: Shutting down and abandoning module Renderer (7)
[2017.03.01-07.02.07:188][974]LogModuleManager: Shutting down and abandoning module Engine (6)
[2017.03.01-07.02.07:188][974]LogModuleManager: Shutting down and abandoning module CoreUObject (5)
[2017.03.01-07.02.07:188][974]LogModuleManager: Shutting down and abandoning module NetworkFile (4)
[2017.03.01-07.02.07:188][974]LogModuleManager: Shutting down and abandoning module StreamingFile (3)
[2017.03.01-07.02.07:188][974]LogModuleManager: Shutting down and abandoning module SandboxFile (2)
[2017.03.01-07.02.07:188][974]LogModuleManager: Shutting down and abandoning module PakFile (1)
[2017.03.01-07.02.07:191][974]LogExit: Exiting.
[2017.03.01-07.02.07:215][974]Log file closed, 03/01/17 02:02:07
