Log file open, 03/01/17 18:26:59
LogInit:Display: Running engine for game: Cursed_Blade
LogPlatformFile: Not using cached read wrapper
LogInit:Display: RandInit(-616099762) SRandInit(-616099762).
LogTaskGraph: Started task graph with 5 named threads and 7 total threads with 1 sets of task threads.
LogStats: Stats thread started at 0.094845
LogPluginManager: Loaded Plugin Paper2D, From C:/Program Files (x86)/Epic Games/4.14/Engine/Plugins/2D/Paper2D/Paper2D.uplugin
LogPluginManager: Loaded Plugin LightPropagationVolume, From C:/Program Files (x86)/Epic Games/4.14/Engine/Plugins/Blendables/LightPropagationVolume/LightPropagationVolume.uplugin
LogPluginManager: Loaded Plugin BlankPlugin, From C:/Program Files (x86)/Epic Games/4.14/Engine/Plugins/Developer/BlankPlugin/BlankPlugin.uplugin
LogPluginManager: Loaded Plugin CodeLiteSourceCodeAccess, From C:/Program Files (x86)/Epic Games/4.14/Engine/Plugins/Developer/CodeLiteSourceCodeAccess/CodeLiteSourceCodeAccess.uplugin
LogPluginManager: Loaded Plugin GitSourceControl, From C:/Program Files (x86)/Epic Games/4.14/Engine/Plugins/Developer/GitSourceControl/GitSourceControl.uplugin
LogPluginManager: Loaded Plugin KDevelopSourceCodeAccess, From C:/Program Files (x86)/Epic Games/4.14/Engine/Plugins/Developer/KDevelopSourceCodeAccess/KDevelopSourceCodeAccess.uplugin
LogPluginManager: Loaded Plugin NullSourceCodeAccess, From C:/Program Files (x86)/Epic Games/4.14/Engine/Plugins/Developer/NullSourceCodeAccess/NullSourceCodeAccess.uplugin
LogPluginManager: Loaded Plugin OneSkyLocalizationService, From C:/Program Files (x86)/Epic Games/4.14/Engine/Plugins/Developer/OneSkyLocalizationService/OneSkyLocalizationService.uplugin
LogPluginManager: Loaded Plugin PerforceSourceControl, From C:/Program Files (x86)/Epic Games/4.14/Engine/Plugins/Developer/PerforceSourceControl/PerforceSourceControl.uplugin
LogPluginManager: Loaded Plugin SubversionSourceControl, From C:/Program Files (x86)/Epic Games/4.14/Engine/Plugins/Developer/SubversionSourceControl/SubversionSourceControl.uplugin
LogPluginManager: Loaded Plugin UObjectPlugin, From C:/Program Files (x86)/Epic Games/4.14/Engine/Plugins/Developer/UObjectPlugin/UObjectPlugin.uplugin
LogPluginManager: Loaded Plugin VisualStudioSourceCodeAccess, From C:/Program Files (x86)/Epic Games/4.14/Engine/Plugins/Developer/VisualStudioSourceCodeAccess/VisualStudioSourceCodeAccess.uplugin
LogPluginManager: Loaded Plugin XCodeSourceCodeAccess, From C:/Program Files (x86)/Epic Games/4.14/Engine/Plugins/Developer/XCodeSourceCodeAccess/XCodeSourceCodeAccess.uplugin
LogPluginManager: Loaded Plugin AudioCapture, From C:/Program Files (x86)/Epic Games/4.14/Engine/Plugins/Editor/AudioCapture/AudioCapture.uplugin
LogPluginManager: Loaded Plugin EpicSurvey, From C:/Program Files (x86)/Epic Games/4.14/Engine/Plugins/Editor/EpicSurvey/EpicSurvey.uplugin
LogPluginManager: Loaded Plugin MacGraphicsSwitching, From C:/Program Files (x86)/Epic Games/4.14/Engine/Plugins/Editor/MacGraphicsSwitching/MacGraphicsSwitching.uplugin
LogPluginManager: Loaded Plugin MobileLauncherProfileWizard, From C:/Program Files (x86)/Epic Games/4.14/Engine/Plugins/Editor/MobileLauncherProfileWizard/MobileLauncherProfileWizard.uplugin
LogPluginManager: Loaded Plugin PluginBrowser, From C:/Program Files (x86)/Epic Games/4.14/Engine/Plugins/Editor/PluginBrowser/PluginBrowser.uplugin
LogPluginManager: Loaded Plugin SpeedTreeImporter, From C:/Program Files (x86)/Epic Games/4.14/Engine/Plugins/Editor/SpeedTreeImporter/SpeedTreeImporter.uplugin
LogPluginManager: Loaded Plugin SuperSearchEditor, From C:/Program Files (x86)/Epic Games/4.14/Engine/Plugins/Editor/SuperSearchEditor/SuperSearchEditor.uplugin
LogPluginManager: Loaded Plugin AlembicImporter, From C:/Program Files (x86)/Epic Games/4.14/Engine/Plugins/Experimental/AlembicImporter/AlembicImporter.uplugin
LogPluginManager: Loaded Plugin BlueprintStats, From C:/Program Files (x86)/Epic Games/4.14/Engine/Plugins/Experimental/BlueprintStats/BlueprintStats.uplugin
LogPluginManager: Loaded Plugin CharacterAI, From C:/Program Files (x86)/Epic Games/4.14/Engine/Plugins/Experimental/CharacterAI/CharacterAI.uplugin
LogPluginManager: Loaded Plugin CodeEditor, From C:/Program Files (x86)/Epic Games/4.14/Engine/Plugins/Experimental/CodeEditor/CodeEditor.uplugin
LogPluginManager: Loaded Plugin CodeView, From C:/Program Files (x86)/Epic Games/4.14/Engine/Plugins/Experimental/CodeView/CodeView.uplugin
LogPluginManager: Loaded Plugin HTML5Networking, From C:/Program Files (x86)/Epic Games/4.14/Engine/Plugins/Experimental/HTML5Networking/HTML5Networking.uplugin
LogPluginManager: Loaded Plugin OSVR, From C:/Program Files (x86)/Epic Games/4.14/Engine/Plugins/Experimental/OSVR/OSVR.uplugin
LogPluginManager: Loaded Plugin Phya, From C:/Program Files (x86)/Epic Games/4.14/Engine/Plugins/Experimental/Phya/Phya.uplugin
LogPluginManager: Loaded Plugin SignificanceManager, From C:/Program Files (x86)/Epic Games/4.14/Engine/Plugins/Experimental/SignificanceManager/SignificanceManager.uplugin
LogPluginManager: Loaded Plugin SimpleHMD, From C:/Program Files (x86)/Epic Games/4.14/Engine/Plugins/Experimental/SimpleHMD/SimpleHMD.uplugin
LogPluginManager: Loaded Plugin StereoPanorama, From C:/Program Files (x86)/Epic Games/4.14/Engine/Plugins/Experimental/StereoPanorama/StereoPanorama.uplugin
LogPluginManager: Loaded Plugin StructBox, From C:/Program Files (x86)/Epic Games/4.14/Engine/Plugins/Experimental/StructBox/StructBox.uplugin
LogPluginManager: Loaded Plugin AndroidMedia, From C:/Program Files (x86)/Epic Games/4.14/Engine/Plugins/Media/AndroidMedia/AndroidMedia.uplugin
LogPluginManager: Loaded Plugin AvfMedia, From C:/Program Files (x86)/Epic Games/4.14/Engine/Plugins/Media/AvfMedia/AvfMedia.uplugin
LogPluginManager: Loaded Plugin MediaPlayerEditor, From C:/Program Files (x86)/Epic Games/4.14/Engine/Plugins/Media/MediaPlayerEditor/MediaPlayerEditor.uplugin
LogPluginManager: Loaded Plugin WmfMedia, From C:/Program Files (x86)/Epic Games/4.14/Engine/Plugins/Media/WmfMedia/WmfMedia.uplugin
LogPluginManager: Loaded Plugin MessagingDebugger, From C:/Program Files (x86)/Epic Games/4.14/Engine/Plugins/Messaging/MessagingDebugger/MessagingDebugger.uplugin
LogPluginManager: Loaded Plugin TcpMessaging, From C:/Program Files (x86)/Epic Games/4.14/Engine/Plugins/Messaging/TcpMessaging/TcpMessaging.uplugin
LogPluginManager: Loaded Plugin UdpMessaging, From C:/Program Files (x86)/Epic Games/4.14/Engine/Plugins/Messaging/UdpMessaging/UdpMessaging.uplugin
LogPluginManager: Loaded Plugin LevelSequenceEditor, From C:/Program Files (x86)/Epic Games/4.14/Engine/Plugins/MovieScene/LevelSequenceEditor/LevelSequenceEditor.uplugin
LogPluginManager: Loaded Plugin MatineeToLevelSequence, From C:/Program Files (x86)/Epic Games/4.14/Engine/Plugins/MovieScene/MatineeToLevelSequence/MatineeToLevelSequence.uplugin
LogPluginManager: Loaded Plugin NetcodeUnitTest, From C:/Program Files (x86)/Epic Games/4.14/Engine/Plugins/NetcodeUnitTest/NetcodeUnitTest/NetcodeUnitTest.uplugin
LogPluginManager: Loaded Plugin NUTUnrealEngine4, From C:/Program Files (x86)/Epic Games/4.14/Engine/Plugins/NetcodeUnitTest/NUTUnrealEngine4/NUTUnrealEngine4.uplugin
LogPluginManager: Loaded Plugin OnlineSubsystemGameCircle, From C:/Program Files (x86)/Epic Games/4.14/Engine/Plugins/Online/Android/OnlineSubsystemGameCircle/OnlineSubsystemGameCircle.uplugin
LogPluginManager: Loaded Plugin OnlineSubsystemGooglePlay, From C:/Program Files (x86)/Epic Games/4.14/Engine/Plugins/Online/Android/OnlineSubsystemGooglePlay/OnlineSubsystemGooglePlay.uplugin
LogPluginManager: Loaded Plugin OnlineSubsystemIOS, From C:/Program Files (x86)/Epic Games/4.14/Engine/Plugins/Online/IOS/OnlineSubsystemIOS/OnlineSubsystemIOS.uplugin
LogPluginManager: Loaded Plugin OnlineFramework, From C:/Program Files (x86)/Epic Games/4.14/Engine/Plugins/Online/OnlineFramework/OnlineFramework.uplugin
LogPluginManager: Loaded Plugin OnlineSubsystem, From C:/Program Files (x86)/Epic Games/4.14/Engine/Plugins/Online/OnlineSubsystem/OnlineSubsystem.uplugin
LogPluginManager: Loaded Plugin OnlineSubsystemAmazon, From C:/Program Files (x86)/Epic Games/4.14/Engine/Plugins/Online/OnlineSubsystemAmazon/OnlineSubsystemAmazon.uplugin
LogPluginManager: Loaded Plugin OnlineSubsystemFacebook, From C:/Program Files (x86)/Epic Games/4.14/Engine/Plugins/Online/OnlineSubsystemFacebook/OnlineSubsystemFacebook.uplugin
LogPluginManager: Loaded Plugin OnlineSubsystemNull, From C:/Program Files (x86)/Epic Games/4.14/Engine/Plugins/Online/OnlineSubsystemNull/OnlineSubsystemNull.uplugin
LogPluginManager: Loaded Plugin OnlineSubsystemOculus, From C:/Program Files (x86)/Epic Games/4.14/Engine/Plugins/Online/OnlineSubsystemOculus/OnlineSubsystemOculus.uplugin
LogPluginManager: Loaded Plugin OnlineSubsystemSteam, From C:/Program Files (x86)/Epic Games/4.14/Engine/Plugins/Online/OnlineSubsystemSteam/OnlineSubsystemSteam.uplugin
LogPluginManager: Loaded Plugin OnlineSubsystemUtils, From C:/Program Files (x86)/Epic Games/4.14/Engine/Plugins/Online/OnlineSubsystemUtils/OnlineSubsystemUtils.uplugin
LogPluginManager: Loaded Plugin IOSTapJoy, From C:/Program Files (x86)/Epic Games/4.14/Engine/Plugins/Runtime/Advertising/IOSTapJoy/IOSTapJoy.uplugin
LogPluginManager: Loaded Plugin AnalyticsBlueprintLibrary, From C:/Program Files (x86)/Epic Games/4.14/Engine/Plugins/Runtime/Analytics/AnalyticsBlueprintLibrary/AnalyticsBlueprintLibrary.uplugin
LogPluginManager: Loaded Plugin AnalyticsMulticast, From C:/Program Files (x86)/Epic Games/4.14/Engine/Plugins/Runtime/Analytics/AnalyticsMulticast/AnalyticsMulticast.uplugin
LogPluginManager: Loaded Plugin Apsalar, From C:/Program Files (x86)/Epic Games/4.14/Engine/Plugins/Runtime/Analytics/Apsalar/Apsalar.uplugin
LogPluginManager: Loaded Plugin FileLogging, From C:/Program Files (x86)/Epic Games/4.14/Engine/Plugins/Runtime/Analytics/FileLogging/FileLogging.uplugin
LogPluginManager: Loaded Plugin Flurry, From C:/Program Files (x86)/Epic Games/4.14/Engine/Plugins/Runtime/Analytics/Flurry/Flurry.uplugin
LogPluginManager: Loaded Plugin AndroidDeviceProfileSelector, From C:/Program Files (x86)/Epic Games/4.14/Engine/Plugins/Runtime/AndroidDeviceProfileSelector/AndroidDeviceProfileSelector.uplugin
LogPluginManager: Loaded Plugin AndroidMoviePlayer, From C:/Program Files (x86)/Epic Games/4.14/Engine/Plugins/Runtime/AndroidMoviePlayer/AndroidMoviePlayer.uplugin
LogPluginManager: Loaded Plugin AppleMoviePlayer, From C:/Program Files (x86)/Epic Games/4.14/Engine/Plugins/Runtime/AppleMoviePlayer/AppleMoviePlayer.uplugin
LogPluginManager: Loaded Plugin ArchVisCharacter, From C:/Program Files (x86)/Epic Games/4.14/Engine/Plugins/Runtime/ArchVisCharacter/ArchVisCharacter.uplugin
LogPluginManager: Loaded Plugin CableComponent, From C:/Program Files (x86)/Epic Games/4.14/Engine/Plugins/Runtime/CableComponent/CableComponent.uplugin
LogPluginManager: Loaded Plugin CustomMeshComponent, From C:/Program Files (x86)/Epic Games/4.14/Engine/Plugins/Runtime/CustomMeshComponent/CustomMeshComponent.uplugin
LogPluginManager: Loaded Plugin ExampleDeviceProfileSelector, From C:/Program Files (x86)/Epic Games/4.14/Engine/Plugins/Runtime/ExampleDeviceProfileSelector/ExampleDeviceProfileSelector.uplugin
LogPluginManager: Loaded Plugin GearVR, From C:/Program Files (x86)/Epic Games/4.14/Engine/Plugins/Runtime/GearVR/GearVR.uplugin
LogPluginManager: Loaded Plugin GoogleVRController, From C:/Program Files (x86)/Epic Games/4.14/Engine/Plugins/Runtime/GoogleVR/GoogleVRController/GoogleVRController.uplugin
LogPluginManager: Loaded Plugin GoogleVRHMD, From C:/Program Files (x86)/Epic Games/4.14/Engine/Plugins/Runtime/GoogleVR/GoogleVRHMD/GoogleVRHMD.uplugin
LogPluginManager: Loaded Plugin IOSDeviceProfileSelector, From C:/Program Files (x86)/Epic Games/4.14/Engine/Plugins/Runtime/IOSDeviceProfileSelector/IOSDeviceProfileSelector.uplugin
LogPluginManager: Loaded Plugin LeapMotion, From C:/Program Files (x86)/Epic Games/4.14/Engine/Plugins/Runtime/LeapMotion/LeapMotion.uplugin
LogPluginManager: Loaded Plugin LinuxDeviceProfileSelector, From C:/Program Files (x86)/Epic Games/4.14/Engine/Plugins/Runtime/LinuxDeviceProfileSelector/LinuxDeviceProfileSelector.uplugin
LogPluginManager: Loaded Plugin MIDIDevice, From C:/Program Files (x86)/Epic Games/4.14/Engine/Plugins/Runtime/MIDIDevice/MIDIDevice.uplugin
LogPluginManager: Loaded Plugin MobilePatchingUtils, From C:/Program Files (x86)/Epic Games/4.14/Engine/Plugins/Runtime/MobilePatchingUtils/MobilePatchingUtils.uplugin
LogPluginManager: Loaded Plugin Ansel, From C:/Program Files (x86)/Epic Games/4.14/Engine/Plugins/Runtime/Nvidia/Ansel/Ansel.uplugin
LogPluginManager: Loaded Plugin OculusAudio, From C:/Program Files (x86)/Epic Games/4.14/Engine/Plugins/Runtime/OculusAudio/OculusAudio.uplugin
LogPluginManager: Loaded Plugin OculusInput, From C:/Program Files (x86)/Epic Games/4.14/Engine/Plugins/Runtime/OculusInput/OculusInput.uplugin
LogPluginManager: Loaded Plugin OculusLibrary, From C:/Program Files (x86)/Epic Games/4.14/Engine/Plugins/Runtime/OculusLibrary/OculusLibrary.uplugin
LogPluginManager: Loaded Plugin OculusRift, From C:/Program Files (x86)/Epic Games/4.14/Engine/Plugins/Runtime/OculusRift/OculusRift.uplugin
LogPluginManager: Loaded Plugin Oodle, From C:/Program Files (x86)/Epic Games/4.14/Engine/Plugins/Runtime/PacketHandlers/CompressionComponents/Oodle/Oodle.uplugin
LogPluginManager: Loaded Plugin ProceduralMeshComponent, From C:/Program Files (x86)/Epic Games/4.14/Engine/Plugins/Runtime/ProceduralMeshComponent/ProceduralMeshComponent.uplugin
LogPluginManager: Loaded Plugin SoundMod, From C:/Program Files (x86)/Epic Games/4.14/Engine/Plugins/Runtime/SoundMod/SoundMod.uplugin
LogPluginManager: Loaded Plugin SoundVisualizations, From C:/Program Files (x86)/Epic Games/4.14/Engine/Plugins/Runtime/SoundVisualizations/SoundVisualizations.uplugin
LogPluginManager: Loaded Plugin SteamController, From C:/Program Files (x86)/Epic Games/4.14/Engine/Plugins/Runtime/Steam/SteamController/SteamController.uplugin
LogPluginManager: Loaded Plugin SteamVR, From C:/Program Files (x86)/Epic Games/4.14/Engine/Plugins/Runtime/Steam/SteamVR/SteamVR.uplugin
LogPluginManager: Loaded Plugin WebBrowserWidget, From C:/Program Files (x86)/Epic Games/4.14/Engine/Plugins/Runtime/WebBrowserWidget/WebBrowserWidget.uplugin
LogPluginManager: Loaded Plugin WindowsDeviceProfileSelector, From C:/Program Files (x86)/Epic Games/4.14/Engine/Plugins/Runtime/WindowsDeviceProfileSelector/WindowsDeviceProfileSelector.uplugin
LogPluginManager: Loaded Plugin WindowsMoviePlayer, From C:/Program Files (x86)/Epic Games/4.14/Engine/Plugins/Runtime/WindowsMoviePlayer/WindowsMoviePlayer.uplugin
LogPluginManager: Loaded Plugin ScriptPlugin, From C:/Program Files (x86)/Epic Games/4.14/Engine/Plugins/ScriptPlugin/ScriptPlugin.uplugin
LogPluginManager: Loaded Plugin SlateRemote, From C:/Program Files (x86)/Epic Games/4.14/Engine/Plugins/Slate/SlateRemote/SlateRemote.uplugin
LogPluginManager: Loaded Plugin EditorTests, From C:/Program Files (x86)/Epic Games/4.14/Engine/Plugins/Tests/EditorTests/EditorTests.uplugin
LogPluginManager: Loaded Plugin FbxAutomationTestBuilder, From C:/Program Files (x86)/Epic Games/4.14/Engine/Plugins/Tests/FbxAutomationTestBuilder/FbxAutomationTestBuilder.uplugin
LogPluginManager: Loaded Plugin FunctionalTestingEditor, From C:/Program Files (x86)/Epic Games/4.14/Engine/Plugins/Tests/FunctionalTestingEditor/FunctionalTestingEditor.uplugin
LogPluginManager: Loaded Plugin RuntimeTests, From C:/Program Files (x86)/Epic Games/4.14/Engine/Plugins/Tests/RuntimeTests/RuntimeTests.uplugin
LogPluginManager: Loaded Plugin ScreenshotTools, From C:/Program Files (x86)/Epic Games/4.14/Engine/Plugins/Tests/ScreenshotTools/ScreenshotTools.uplugin
LogInit: Using libcurl 7.47.1
LogInit:  - built for x86_64-pc-win32
LogInit:  - supports SSL with OpenSSL/1.0.2g
LogInit:  - supports HTTP deflate (compression) using libz 1.2.8
LogInit:  - other features:
LogInit:      CURL_VERSION_SSL
LogInit:      CURL_VERSION_LIBZ
LogInit:      CURL_VERSION_IPV6
LogInit:      CURL_VERSION_ASYNCHDNS
LogInit:      CURL_VERSION_LARGEFILE
LogInit:      CURL_VERSION_IDN
LogInit:  CurlRequestOptions (configurable via config and command line):
LogInit:  - bVerifyPeer = false  - Libcurl will NOT verify peer certificate
LogInit:  - bUseHttpProxy = false  - Libcurl will NOT use HTTP proxy
LogInit:  - bDontReuseConnections = false  - Libcurl will reuse connections
LogInit:  - CertBundlePath = nullptr  - Libcurl will use whatever was configured at build time.
LogInit: Build: ++UE4+Release-4.14-CL-3249277
LogInit: Engine Version: 4.14.3-3249277+++UE4+Release-4.14
LogInit: Compatible Engine Version: 4.14.0-3195953+++UE4+Release-4.14
LogInit: Net CL: 3195953
LogDevObjectVersion: Number of dev versions registered: 13
LogDevObjectVersion:   Dev-Blueprints (B0D832E4-1F89-4F0D-ACCF-7EB736FD4AA2): 7
LogDevObjectVersion:   Dev-Build (E1C64328-A22C-4D53-A36C-8E866417BD8C): 0
LogDevObjectVersion:   Dev-Core (375EC13C-06E4-48FB-B500-84F0262A717E): 1
LogDevObjectVersion:   Dev-Editor (E4B068ED-F494-42E9-A231-DA0B2E46BB41): 8
LogDevObjectVersion:   Dev-Framework (CFFC743F-43B0-4480-9391-14DF171D2073): 17
LogDevObjectVersion:   Dev-Mobile (B02B49B5-BB20-44E9-A304-32B752E40360): 0
LogDevObjectVersion:   Dev-Networking (A4E4105C-59A1-49B5-A7C5-40C4547EDFEE): 0
LogDevObjectVersion:   Dev-Online (39C831C9-5AE6-47DC-9A44-9C173E1C8E7C): 0
LogDevObjectVersion:   Dev-Physics (78F01B33-EBEA-4F98-B9B4-84EACCB95AA2): 0
LogDevObjectVersion:   Dev-Platform (6631380F-2D4D-43E0-8009-CF276956A95A): 0
LogDevObjectVersion:   Dev-Rendering (12F88B9F-8875-4AFC-A67C-D90C383ABD29): 12
LogDevObjectVersion:   Dev-Sequencer (7B5AE74C-D270-4C10-A958-57980B212A5A): 1
LogDevObjectVersion:   Dev-VR (D7296918-1DD6-4BDD-9DE2-64A83CC13884): 0
LogInit: Compiled (64-bit): Jan  6 2017 10:49:43
LogInit: Compiled with Visual C++: 19.00.23026.00
LogInit: Build Configuration: Development
LogInit: Branch Name: ++UE4+Release-4.14
LogInit: Command line: 
LogInit: Base directory: C:/Program Files (x86)/Epic Games/4.14/Engine/Binaries/Win64/
LogInit: Installed Engine Build: 1
LogInit: Presizing for max 8388607 objects, including 0 objects not considered by GC, pre-allocating 0 bytes for permanent pool.
LogInit: Object subsystem initialized
[2017.03.01-23.26.59:595][  0]LogInit: Selected Device Profile: [Windows]
[2017.03.01-23.26.59:595][  0]LogInit: Applying CVar settings loaded from the selected device profile: [Windows]
[2017.03.01-23.26.59:622][  0]LogInit: Computer: STEVEN-DESKTOP
[2017.03.01-23.26.59:622][  0]LogInit: User: Steven
[2017.03.01-23.26.59:622][  0]LogInit: CPU Page size=65536, Cores=3
[2017.03.01-23.26.59:622][  0]LogInit: High frequency timer resolution =3.433380 MHz
[2017.03.01-23.26.59:622][  0]LogMemory: Memory total: Physical=8.0GB (8GB approx)
[2017.03.01-23.26.59:622][  0]LogMemory: Platform Memory Stats for Windows
[2017.03.01-23.26.59:622][  0]LogMemory: Process Physical Memory: 263.99 MB used, 263.99 MB peak
[2017.03.01-23.26.59:622][  0]LogMemory: Process Virtual Memory: 262.60 MB used, 262.60 MB peak
[2017.03.01-23.26.59:622][  0]LogMemory: Physical Memory: 4633.19 MB used,  3540.92 MB free, 8174.11 MB total
[2017.03.01-23.26.59:622][  0]LogMemory: Virtual Memory: 675.67 MB used,  3540.92 MB free, 134217728.00 MB total
[2017.03.01-23.26.59:658][  0]LogTextLocalizationManager: No specific translations for ('en-US') exist, so ('en') translations will be used.
[2017.03.01-23.27.00:603][  0]LogD3D11RHI: D3D11 adapters:
[2017.03.01-23.27.01:117][  0]LogD3D11RHI:    0. 'NVIDIA GeForce GTX 750 Ti' (Feature Level 11_0)
[2017.03.01-23.27.01:117][  0]LogD3D11RHI:       2017/0/4087 MB DedicatedVideo/DedicatedSystem/SharedSystem, Outputs:3, VendorId:0x10de
[2017.03.01-23.27.01:119][  0]LogD3D11RHI:    1. 'Microsoft Basic Render Driver' (Feature Level 11_0)
[2017.03.01-23.27.01:119][  0]LogD3D11RHI:       0/0/4087 MB DedicatedVideo/DedicatedSystem/SharedSystem, Outputs:0, VendorId:0x1414
[2017.03.01-23.27.01:119][  0]LogD3D11RHI: Chosen D3D11 Adapter: 0
[2017.03.01-23.27.01:125][  0]LogD3D11RHI: Creating new Direct3DDevice
[2017.03.01-23.27.01:125][  0]LogD3D11RHI:     GPU DeviceId: 0x1380 (for the marketing name, search the web for "GPU Device Id")
[2017.03.01-23.27.01:125][  0]LogWindows: EnumDisplayDevices:
[2017.03.01-23.27.01:125][  0]LogWindows:    0. 'NVIDIA GeForce GTX 750 Ti' (P:1 D:1)
[2017.03.01-23.27.01:126][  0]LogWindows:    1. 'NVIDIA GeForce GTX 750 Ti' (P:0 D:1)
[2017.03.01-23.27.01:126][  0]LogWindows:    2. 'NVIDIA GeForce GTX 750 Ti' (P:0 D:1)
[2017.03.01-23.27.01:126][  0]LogWindows:    3. 'NVIDIA GeForce GTX 750 Ti' (P:0 D:0)
[2017.03.01-23.27.01:127][  0]LogWindows: DebugString: FoundDriverCount:4 
[2017.03.01-23.27.01:127][  0]LogD3D11RHI:     Adapter Name: NVIDIA GeForce GTX 750 Ti
[2017.03.01-23.27.01:127][  0]LogD3D11RHI:   Driver Version: 378.66 (internal:21.21.13.7866, unified:378.66)
[2017.03.01-23.27.01:127][  0]LogD3D11RHI:      Driver Date: 2-9-2017
[2017.03.01-23.27.01:127][  0]LogRHI: Texture pool is 1361 MB (70% of 1945 MB)
[2017.03.01-23.27.01:612][  0]LogD3D11RHI: Async texture creation enabled
[2017.03.01-23.27.02:481][  0]LogD3D11RHI: GPU Timing Frequency: 1000.000000 (Debug: 2 1)
[2017.03.01-23.27.02:483][  0]LogShaderCompilers: Guid format shader working directory is -41 characters bigger than the processId version (D:/Steven/OneDrive - umich.edu/CIS/CIS 488/Github Repository/TheCursedBlade/Cursed_Blade/Intermediate/Shaders/WorkingDirectory/2156/).
[2017.03.01-23.27.02:483][  0]LogShaderCompilers: Cleaned the shader compiler working directory 'C:/Users/Steven/AppData/Local/Temp/UnrealShaderWorkingDir/9983D4AF464A6223E7E9BF8D602B810B/'.
[2017.03.01-23.27.02:483][  0]LogShaderCompilers:Display: Using Local Shader Compiler.
[2017.03.01-23.27.04:177][  0]LogTemp:Display: Loaded TP AllDesktopTargetPlatform
[2017.03.01-23.27.04:287][  0]LogTemp:Display: Loaded TP MacClientTargetPlatform
[2017.03.01-23.27.04:405][  0]LogTemp:Display: Loaded TP MacNoEditorTargetPlatform
[2017.03.01-23.27.04:511][  0]LogTemp:Display: Loaded TP MacServerTargetPlatform
[2017.03.01-23.27.04:628][  0]LogTemp:Display: Loaded TP MacTargetPlatform
[2017.03.01-23.27.04:736][  0]LogTemp:Display: Loaded TP WindowsClientTargetPlatform
[2017.03.01-23.27.04:841][  0]LogTemp:Display: Loaded TP WindowsNoEditorTargetPlatform
[2017.03.01-23.27.04:949][  0]LogTemp:Display: Loaded TP WindowsServerTargetPlatform
[2017.03.01-23.27.05:041][  0]LogTemp:Display: Loaded TP WindowsTargetPlatform
[2017.03.01-23.27.05:148][  0]LogTemp:Display: Loaded TP AndroidTargetPlatform
[2017.03.01-23.27.05:250][  0]LogTemp:Display: Loaded TP Android_ASTCTargetPlatform
[2017.03.01-23.27.05:350][  0]LogTemp:Display: Loaded TP Android_ATCTargetPlatform
[2017.03.01-23.27.05:456][  0]LogTemp:Display: Loaded TP Android_DXTTargetPlatform
[2017.03.01-23.27.05:566][  0]LogTemp:Display: Loaded TP Android_ETC1TargetPlatform
[2017.03.01-23.27.05:681][  0]LogTemp:Display: Loaded TP Android_ETC2TargetPlatform
[2017.03.01-23.27.05:894][  0]LogTemp:Display: Loaded TP Android_MultiTargetPlatform
[2017.03.01-23.27.05:894][  0]LogTemp:Display: Loaded TP Android_PVRTCTargetPlatform
[2017.03.01-23.27.05:976][  0]LogTemp:Display: Loaded TP HTML5TargetPlatform
[2017.03.01-23.27.06:135][  0]LogTemp:Display: Loaded TP IOSTargetPlatform
[2017.03.01-23.27.06:195][  0]LogTemp:Display: Loaded TP TVOSTargetPlatform
[2017.03.01-23.27.06:297][  0]LogTemp:Display: Loaded TP LinuxClientTargetPlatform
[2017.03.01-23.27.06:408][  0]LogTemp:Display: Loaded TP LinuxNoEditorTargetPlatform
[2017.03.01-23.27.06:512][  0]LogTemp:Display: Loaded TP LinuxServerTargetPlatform
[2017.03.01-23.27.06:617][  0]LogTemp:Display: Loaded TP LinuxTargetPlatform
[2017.03.01-23.27.06:617][  0]LogTargetPlatformManager:Display: Building Assets For Windows
[2017.03.01-23.27.07:399][  0]LogDerivedDataCache:Display: Max Cache Size: 512 MB
[2017.03.01-23.27.07:495][  0]LogDerivedDataCache: Loaded boot cache 0.10s 50MB C:/Users/Steven/AppData/Local/UnrealEngine/4.14/DerivedDataCache/Boot.ddc.
[2017.03.01-23.27.07:495][  0]LogDerivedDataCache:Display: Loaded Boot cache: C:/Users/Steven/AppData/Local/UnrealEngine/4.14/DerivedDataCache/Boot.ddc
[2017.03.01-23.27.07:495][  0]LogDerivedDataCache: FDerivedDataBackendGraph:  Pak pak cache file D:/Steven/OneDrive - umich.edu/CIS/CIS 488/Github Repository/TheCursedBlade/Cursed_Blade/DerivedDataCache/DDC.ddp not found, will not use a pak cache.
[2017.03.01-23.27.07:495][  0]LogDerivedDataCache: Unable to find inner node Pak for hierarchical cache Hierarchy.
[2017.03.01-23.27.07:495][  0]LogDerivedDataCache: FDerivedDataBackendGraph:  CompressedPak pak cache file D:/Steven/OneDrive - umich.edu/CIS/CIS 488/Github Repository/TheCursedBlade/Cursed_Blade/DerivedDataCache/Compressed.ddp not found, will not use a pak cache.
[2017.03.01-23.27.07:495][  0]LogDerivedDataCache: Unable to find inner node CompressedPak for hierarchical cache Hierarchy.
[2017.03.01-23.27.07:520][  0]LogDerivedDataCache:Display: Pak cache opened for reading ../../../Engine/DerivedDataCache/Compressed.ddp.
[2017.03.01-23.27.07:533][  0]LogDerivedDataCache: Using Local data cache path C:/Users/Steven/AppData/Local/UnrealEngine/Common/DerivedDataCache: Writable
[2017.03.01-23.27.07:866][  0]LogInit: Selected Device Profile: [Windows]
[2017.03.01-23.27.07:871][  0]LogContentStreaming: Texture pool size is 0.00 MB
[2017.03.01-23.27.08:219][  0]LogMeshUtilities: Using QuadricMeshReduction for automatic static mesh reduction
[2017.03.01-23.27.08:311][  0]LogSimplygon: Simplygon DLL not present - disabling.
[2017.03.01-23.27.08:414][  0]LogMeshUtilities: Using SimplygonSwarm for distributed automatic mesh merging
[2017.03.01-23.27.08:414][  0]LogMeshUtilities: No automatic skeletal mesh reduction module available
[2017.03.01-23.27.08:414][  0]LogMeshUtilities: No automatic mesh merging module available
[2017.03.01-23.27.09:259][  0]LogNetVersion: GetLocalNetworkVersion: CL: 3195953, ProjectName: cursed_blade, ProjectVersion: , EngineNetworkVersion: 2, GameNetworkVersion: 0, NetworkChecksum: 3550933385
[2017.03.01-23.27.09:349][  0]LogAssetRegistry: FAssetRegistry took 0.0219 seconds to start up
[2017.03.01-23.27.09:457][  0]LogPackageLocalizationCache: Processed 3 localized package path(s) for 2 prioritized culture(s) in 0.063260 seconds
[2017.03.01-23.27.09:466][  0]LogUObjectArray: 31946 objects as part of root set at end of initial load.
[2017.03.01-23.27.09:466][  0]LogUObjectAllocator: 6935848 out of 0 bytes used by permanent object pool.
[2017.03.01-23.27.09:466][  0]LogUObjectArray: CloseDisregardForGC: 0/0 objects in disregard for GC pool
[2017.03.01-23.27.09:592][  0]LogInit: WinSock: version 1.1 (2.2), MaxSocks=32767, MaxUdp=65467
[2017.03.01-23.27.11:096][  0]LogSlate: Using Freetype 2.6.0
[2017.03.01-23.27.11:097][  0]LogSlate: SlateFontCache - WITH_FREETYPE: 1, WITH_HARFBUZZ: 1
[2017.03.01-23.27.11:097][  0]LogSlate: SlateFontCache - WITH_FREETYPE: 1, WITH_HARFBUZZ: 1
[2017.03.01-23.27.12:561][  0]LogTcpMessaging: Initializing TcpMessaging bridge
[2017.03.01-23.27.12:625][  0]LogUdpMessaging: Initializing bridge on interface 0.0.0.0:0 to multicast group 230.0.0.1:6666.
[2017.03.01-23.27.13:199][  0]LogMaterial: Uniform references updated for custom material expression Custom.
[2017.03.01-23.27.13:941][  0]SourceControl: Info Source control is disabled
[2017.03.01-23.27.13:943][  0]SourceControl: Info Source control is disabled
[2017.03.01-23.27.14:037][  0]SourceControl: Info Source control is disabled
[2017.03.01-23.27.14:134][  0]SourceControl: Info Source control is disabled
[2017.03.01-23.27.16:673][  0]LogEngine: Initializing Engine...
[2017.03.01-23.27.16:673][  0]LogHMD: Failed to initialize OpenVR with code 110
[2017.03.01-23.27.17:072][  0]LogAIModule: Creating AISystem for world Untitled
[2017.03.01-23.27.17:097][  0]LogInit: XAudio2 using 'Headphones (Ausdom M06 Stereo)' : 2 channels at 44.1 kHz using 16 bits per sample (channel mask 0x3)
[2017.03.01-23.27.17:808][  0]LogInit: FAudioDevice initialized.
[2017.03.01-23.27.17:857][  0]LogDerivedDataCache: Saved boot cache 0.05s 50MB C:/Users/Steven/AppData/Local/UnrealEngine/4.14/DerivedDataCache/Boot.ddc.
[2017.03.01-23.27.17:871][  0]LogInit: Texture streaming: Enabled
[2017.03.01-23.27.18:232][  0]LogInit: Transaction tracking system initialized
[2017.03.01-23.27.18:957][  0]BlueprintLog: New page: Editor Load
[2017.03.01-23.27.20:767][  0]LocalizationService: Info Localization service is disabled
[2017.03.01-23.27.22:094][  0]LogConsoleResponse:Display: 
[2017.03.01-23.27.22:323][  0]LogCook:Display: Max memory allowance for cook 16384mb min free memory 0mb
[2017.03.01-23.27.22:323][  0]LogCook:Display: Mobile HDR setting 1
[2017.03.01-23.27.23:064][  0]LogFileCache: Scanning file cache for directory 'D:/Steven/OneDrive - umich.edu/CIS/CIS 488/Github Repository/TheCursedBlade/Cursed_Blade/Content/' took 0.03s
[2017.03.01-23.27.24:102][  0]SourceControl: Info Source control is disabled
[2017.03.01-23.27.24:102][  0]Cmd: MAP LOAD FILE="D:/Steven/OneDrive - umich.edu/CIS/CIS 488/Github Repository/TheCursedBlade/Cursed_Blade/Content/StarterContent/Maps/Minimal_Default.umap" TEMPLATE=0 SHOWPROGRESS=1 FEATURELEVEL=3
[2017.03.01-23.27.24:121][  0]LightingResults: New page: Lighting Build
[2017.03.01-23.27.24:193][  0]MapCheck: New page: Map Check
[2017.03.01-23.27.24:193][  0]LightingResults: New page: Lighting Build
[2017.03.01-23.27.25:370][  0]LogAIModule: Creating AISystem for world Minimal_Default
[2017.03.01-23.27.25:394][  0]LogEditorServer: Finished looking for orphan Actors (0.000 secs)
[2017.03.01-23.27.25:396][  0]Cmd: MAP CHECKDEP NOCLEARLOG
[2017.03.01-23.27.25:511][  0]MapCheck: Info Map check complete: 0 Error(s), 0 Warning(s), took 114.28ms to complete.
[2017.03.01-23.27.25:511][  0]LogFileHelpers: Loading map 'Minimal_Default' took 1.409
[2017.03.01-23.27.25:618][  0]LogWindowsTextInputMethodSystem:Display: IME system now deactivated.
[2017.03.01-23.27.25:814][  0]LogCollectionManager: Loaded 0 collections in 0.002932 seconds
[2017.03.01-23.27.25:975][  0]LogFileCache: Scanning file cache for directory 'D:/Steven/OneDrive - umich.edu/CIS/CIS 488/Github Repository/TheCursedBlade/Cursed_Blade/Saved/Collections/' took 0.01s
[2017.03.01-23.27.25:975][  0]LogFileCache: Scanning file cache for directory 'D:/Steven/OneDrive - umich.edu/CIS/CIS 488/Github Repository/TheCursedBlade/Cursed_Blade/Content/Developers/Steven/Collections/' took 0.01s
[2017.03.01-23.27.25:975][  0]LogFileCache: Scanning file cache for directory 'D:/Steven/OneDrive - umich.edu/CIS/CIS 488/Github Repository/TheCursedBlade/Cursed_Blade/Content/Collections/' took 0.01s
[2017.03.01-23.27.25:975][  0]LogCollectionManager: Rebuilt the GUID cache for 0 collections in 0.000002 seconds
[2017.03.01-23.27.25:994][  0]LogContentBrowser: Native class hierarchy populated in 0.0164 seconds. Added 2190 classes and 428 folders.
[2017.03.01-23.27.26:075][  0]LogStats: UGameplayTagsManager::ConstructGameplayTagTree: Construct from data asset -  0.000 s
[2017.03.01-23.27.26:075][  0]LogStats: UGameplayTagsManager::ConstructGameplayTagTree: GameplayTagTreeChangedEvent.Broadcast -  0.000 s
[2017.03.01-23.27.26:077][  0]LogContentBrowser: Native class hierarchy updated for 'GameplayTags' in 0.0010 seconds. Added 13 classes and 0 folders.
[2017.03.01-23.27.26:188][  0]LogContentBrowser: Native class hierarchy updated for 'WidgetCarousel' in 0.0009 seconds. Added 0 classes and 0 folders.
[2017.03.01-23.27.26:342][  0]LogContentBrowser: Native class hierarchy updated for 'AddContentDialog' in 0.0009 seconds. Added 0 classes and 0 folders.
[2017.03.01-23.27.26:429][  0]LogContentBrowser: Native class hierarchy updated for 'SceneOutliner' in 0.0009 seconds. Added 1 classes and 2 folders.
[2017.03.01-23.27.26:556][  0]LogCrashTracker: Crashtracker disabled due to settings.
[2017.03.01-23.27.26:575][  0]LogUObjectGlobals:Warning: Failed to find object 'Class None.'
[2017.03.01-23.27.26:679][  0]LogContentBrowser: Native class hierarchy updated for 'HierarchicalLODOutliner' in 0.0010 seconds. Added 1 classes and 2 folders.
[2017.03.01-23.27.26:679][  0]LogLoad: (Engine Initialization) Total time: 35.50 seconds
[2017.03.01-23.27.26:679][  0]LogLoad: (Engine Initialization) Total Blueprint compile time: 0.21 seconds
[2017.03.01-23.27.26:679][  0]LogExternalProfiler: Found external profiler: VSPerf
[2017.03.01-23.27.26:679][  0]LogExternalProfiler: Using external profiler: VSPerf
[2017.03.01-23.27.26:689][  0]LogOcInput: OculusInput pre-init called
[2017.03.01-23.27.26:717][  0]LogContentStreaming: Texture pool size now 1000 MB
[2017.03.01-23.27.26:945][  0]LogRenderer: Reallocating scene render targets to support 1208x576 NumSamples 1 (Frame:2).
[2017.03.01-23.27.27:290][  2]LogAssetRegistry: Asset discovery search completed in 17.9630 seconds
[2017.03.01-23.27.27:290][  2]LogCollectionManager: Rebuilt the object cache for 0 collections in 0.000001 seconds (found 0 objects)
[2017.03.01-23.27.27:290][  2]LogCollectionManager: Fixed up redirectors for 0 collections in 0.000018 seconds (updated 0 objects)
[2017.03.01-23.29.12:975][ 77]LogSkeletalMesh: InitArticulated: Bodies already created (/Engine/Transient.DebugSkelMeshComponent_0) - call TermArticulated first.
[2017.03.01-23.29.13:127][ 77]LogRenderer: Reallocating scene render targets to support 1208x888 NumSamples 1 (Frame:12103).
[2017.03.01-23.29.14:668][141]LogSkeletalMesh: InitArticulated: Bodies already created (/Engine/Transient.DebugSkelMeshComponent_1) - call TermArticulated first.
[2017.03.01-23.29.14:854][141]LogContentBrowser:Verbose: The majority of assets in the view are of type: AnimSequence
[2017.03.01-23.32.07:164][ 49]LogSavePackage: Save=10.85ms
[2017.03.01-23.32.07:164][ 49]LogSavePackage: Moving 'D:/Steven/OneDrive - umich.edu/CIS/CIS 488/Github Repository/TheCursedBlade/Cursed_Blade/Saved/SK_Mannequin_SkeletonF59222AF40B7AC6E181364A10B454A21.tmp' to 'D:/Steven/OneDrive - umich.edu/CIS/CIS 488/Github Repository/TheCursedBlade/Cursed_Blade/Content/character/SK_Mannequin_Skeleton.uasset'
[2017.03.01-23.32.07:174][ 49]LogSavePackage:Display: Finished SavePackage D:/Steven/OneDrive - umich.edu/CIS/CIS 488/Github Repository/TheCursedBlade/Cursed_Blade/Content/character/SK_Mannequin_Skeleton.uasset
[2017.03.01-23.32.23:445][112]LogSavePackage: Save=17.73ms
[2017.03.01-23.32.23:446][112]LogSavePackage: Moving 'D:/Steven/OneDrive - umich.edu/CIS/CIS 488/Github Repository/TheCursedBlade/Cursed_Blade/Saved/PunchingMontage1F0BCE8446AA4274DC5EA3BE41FDD3F9.tmp' to 'D:/Steven/OneDrive - umich.edu/CIS/CIS 488/Github Repository/TheCursedBlade/Cursed_Blade/Content/character/animations/Montages/PunchingMontage.uasset'
[2017.03.01-23.32.23:456][112]LogSavePackage:Display: Finished SavePackage D:/Steven/OneDrive - umich.edu/CIS/CIS 488/Github Repository/TheCursedBlade/Cursed_Blade/Content/character/animations/Montages/PunchingMontage.uasset
[2017.03.01-23.33.02:807][787]LogAIModule: Creating AISystem for world AI_Test
[2017.03.01-23.33.02:844][787]Cmd: MAP LOAD FILE="D:/Steven/OneDrive - umich.edu/CIS/CIS 488/Github Repository/TheCursedBlade/Cursed_Blade/Content/Levels/AI_Test.umap" TEMPLATE=0 SHOWPROGRESS=1 FEATURELEVEL=3
[2017.03.01-23.33.02:845][787]LightingResults: New page: Lighting Build
[2017.03.01-23.33.02:845][787]LoadErrors: New page: Loading map: AI_Test.umap
[2017.03.01-23.33.02:849][787]MapCheck: New page: Map Check
[2017.03.01-23.33.02:849][787]LightingResults: New page: Lighting Build
[2017.03.01-23.33.02:883][787]LogEditorServer: Finished looking for orphan Actors (0.000 secs)
[2017.03.01-23.33.02:924][787]Cmd: MAP CHECKDEP NOCLEARLOG
[2017.03.01-23.33.03:093][787]MapCheck: Info Map check complete: 0 Error(s), 0 Warning(s), took 169.356ms to complete.
[2017.03.01-23.33.03:094][787]LogFileHelpers: Loading map 'AI_Test' took 0.251
[2017.03.01-23.33.04:821][970]LogTemp: Repeting last play command: Selected Viewport
[2017.03.01-23.33.04:846][970]LogBlueprintUserMessages: Early PlayInEditor Detection: Level '/Game/Levels/AI_Test.AI_Test:PersistentLevel' has LevelScriptBlueprint '/Game/Levels/AI_Test.AI_Test:PersistentLevel.AI_Test' with GeneratedClass '/Game/Levels/AI_Test.AI_Test_C' with ClassGeneratedBy '/Game/Levels/AI_Test.AI_Test:PersistentLevel.AI_Test'
[2017.03.01-23.33.04:847][970]LogPlayLevel: PlayLevel: No blueprints needed recompiling
[2017.03.01-23.33.04:852][970]PIE: New page: PIE session: AI_Test (Mar 1, 2017, 1:33:04 PM)
[2017.03.01-23.33.04:852][970]LogPlayLevel: Creating play world package: /Game/Levels/UEDPIE_0_AI_Test
[2017.03.01-23.33.04:860][970]LogPlayLevel: PIE: StaticDuplicateObject took: (0.008141s)
[2017.03.01-23.33.04:861][970]LogAIModule: Creating AISystem for world AI_Test
[2017.03.01-23.33.04:862][970]LogPlayLevel: PIE: World Init took: (0.001677s)
[2017.03.01-23.33.04:863][970]LogPlayLevel: PIE: Created PIE world by copying editor world from /Game/Levels/AI_Test.AI_Test to /Game/Levels/UEDPIE_0_AI_Test.AI_Test (0.010489s)
[2017.03.01-23.33.04:920][970]LogInit: XAudio2 using 'Headphones (Ausdom M06 Stereo)' : 2 channels at 44.1 kHz using 16 bits per sample (channel mask 0x3)
[2017.03.01-23.33.04:934][970]LogInit: FAudioDevice initialized.
[2017.03.01-23.33.04:990][970]LogLoad: Game class is 'myGame_C'
[2017.03.01-23.33.04:993][970]LogWorld: Bringing World /Game/Levels/UEDPIE_0_AI_Test.AI_Test up for play (max tick rate 0) at 2017.03.01-18.33.04
[2017.03.01-23.33.05:007][970]LogWorld: Bringing up level for play took: 0.015221
[2017.03.01-23.33.05:131][970]LogContentBrowser: Native class hierarchy updated for 'MovieSceneCapture' in 0.0012 seconds. Added 11 classes and 0 folders.
[2017.03.01-23.33.05:139][970]PIE: Info Play in editor start time for /Game/Levels/UEDPIE_0_AI_Test 1.086
[2017.03.01-23.33.05:140][970]LogBlueprintUserMessages: Late PlayInEditor Detection: Level '/Game/Levels/AI_Test.AI_Test:PersistentLevel' has LevelScriptBlueprint '/Game/Levels/AI_Test.AI_Test:PersistentLevel.AI_Test' with GeneratedClass '/Game/Levels/AI_Test.AI_Test_C' with ClassGeneratedBy '/Game/Levels/AI_Test.AI_Test:PersistentLevel.AI_Test'
[2017.03.01-23.33.31:957][153]LogBlueprintUserMessages: Early EndPlayMap Detection: Level '/Game/Levels/AI_Test.AI_Test:PersistentLevel' has LevelScriptBlueprint '/Game/Levels/AI_Test.AI_Test:PersistentLevel.AI_Test' with GeneratedClass '/Game/Levels/AI_Test.AI_Test_C' with ClassGeneratedBy '/Game/Levels/AI_Test.AI_Test:PersistentLevel.AI_Test'
[2017.03.01-23.33.31:998][153]LogBlueprintUserMessages: Late EndPlayMap Detection: Level '/Game/Levels/AI_Test.AI_Test:PersistentLevel' has LevelScriptBlueprint '/Game/Levels/AI_Test.AI_Test:PersistentLevel.AI_Test' with GeneratedClass '/Game/Levels/AI_Test.AI_Test_C' with ClassGeneratedBy '/Game/Levels/AI_Test.AI_Test:PersistentLevel.AI_Test'
[2017.03.01-23.33.45:438][406]LogContentBrowser: Native class hierarchy updated for 'BlueprintGraph' in 0.0016 seconds. Added 111 classes and 0 folders.
[2017.03.01-23.36.07:837][929]LogSlate: Only BGRA pngs, bmps or icos are supported in by External Image Picker
[2017.03.01-23.36.08:301][959]LogTemp:Display: Executing iPhonePackager certificates Engine -bundlename com.YourCompany.CursedBlade

[2017.03.01-23.36.08:301][959]LogTemp:Display: CWD: C:\Program Files (x86)\Epic Games\4.14\Engine\Binaries\DotNet\IOS

[2017.03.01-23.36.08:301][959]LogTemp:Display: Initial Dir: C:\Program Files (x86)\Epic Games\4.14

[2017.03.01-23.36.08:301][959]LogTemp:Display: Env CWD: C:\Program Files (x86)\Epic Games\4.14\Engine\Binaries\DotNet\IOS

[2017.03.01-23.36.08:316][960]LogTemp:Display: BranchPath = STEVEN-DESKTOP/C/Program Files (x86)/Epic Games/4.14/Engine/Binaries --- GameBranchPath = STEVEN-DESKTOP/C/Program Files (x86)/Epic Games/4.14/Engine/Binaries

[2017.03.01-23.36.08:381][964]LogTemp:Display: IPP ERROR: Application exception: System.IO.DirectoryNotFoundException: Could not find a part of the path 'C:\Users\Steven\AppData\Local\Apple Computer\MobileDevice\Provisioning Profiles'.

[2017.03.01-23.36.08:381][964]LogTemp:Display:    at System.IO.__Error.WinIOError(Int32 errorCode, String maybeFullPath)

[2017.03.01-23.36.08:381][964]LogTemp:Display:    at System.IO.FileSystemEnumerableIterator`1.CommonInit()

[2017.03.01-23.36.08:381][964]LogTemp:Display:    at System.IO.Directory.EnumerateFiles(String path, String searchPattern)

[2017.03.01-23.36.08:381][964]LogTemp:Display:    at iPhonePackager.CodeSignatureBuilder.FindProvisions(String CFBundleIdentifier)

[2017.03.01-23.36.08:381][964]LogTemp:Display:    at iPhonePackager.Program.Main(String[] args)

[2017.03.01-23.36.09:489][ 54]LogRenderer: Reallocating scene render targets to support 1288x900 NumSamples 1 (Frame:35968).
[2017.03.01-23.41.48:566][696]BlueprintLog: New page: Compile characterBP
[2017.03.01-23.41.50:436][842]Cmd: OBJ SAVEPACKAGE PACKAGE="/Game/character/characterBP" FILE="D:/Steven/OneDrive - umich.edu/CIS/CIS 488/Github Repository/TheCursedBlade/Cursed_Blade/Content/character/characterBP.uasset" SILENT=true
[2017.03.01-23.41.50:512][842]LogSavePackage: Save=64.33ms
[2017.03.01-23.41.50:512][842]LogSavePackage: Moving 'D:/Steven/OneDrive - umich.edu/CIS/CIS 488/Github Repository/TheCursedBlade/Cursed_Blade/Saved/characterBP094ECF4742A352CDC751D88AEE2ECFD1.tmp' to 'D:/Steven/OneDrive - umich.edu/CIS/CIS 488/Github Repository/TheCursedBlade/Cursed_Blade/Content/character/characterBP.uasset'
[2017.03.01-23.41.50:522][842]LogSavePackage:Display: Finished SavePackage D:/Steven/OneDrive - umich.edu/CIS/CIS 488/Github Repository/TheCursedBlade/Cursed_Blade/Content/character/characterBP.uasset
[2017.03.01-23.42.03:231][ 74]LogSkeletalMesh: InitArticulated: Bodies already created (/Engine/Transient.DebugSkelMeshComponent_3) - call TermArticulated first.
[2017.03.01-23.45.38:459][ 86]LogFileHelpers: Editor autosave (incl. sublevels) for '/Game/Levels/AI_Test' took 0.028
[2017.03.01-23.45.38:462][ 86]OBJ SavePackage: Generating thumbnails for [1] asset(s) in package [/Game/character/character_anim] ([1] browsable assets)...
[2017.03.01-23.45.38:483][ 86]OBJ SavePackage:     Rendered thumbnail for [AnimBlueprint /Game/character/character_anim.character_anim]
[2017.03.01-23.45.38:483][ 86]OBJ SavePackage: Finished generating thumbnails for package [/Game/character/character_anim]
[2017.03.01-23.45.38:553][ 86]LogSavePackage: Save=57.87ms
[2017.03.01-23.45.38:553][ 86]LogSavePackage: Moving 'D:/Steven/OneDrive - umich.edu/CIS/CIS 488/Github Repository/TheCursedBlade/Cursed_Blade/Saved/character_anim_Auto157F8A39B48D32F86DF9BBB8515B6EA57.tmp' to 'D:/Steven/OneDrive - umich.edu/CIS/CIS 488/Github Repository/TheCursedBlade/Cursed_Blade/Saved/Autosaves/Game/character/character_anim_Auto1.uasset'
[2017.03.01-23.45.38:559][ 86]LogSavePackage:Display: Finished SavePackage D:/Steven/OneDrive - umich.edu/CIS/CIS 488/Github Repository/TheCursedBlade/Cursed_Blade/Saved/Autosaves/Game/character/character_anim_Auto1.uasset
[2017.03.01-23.45.38:559][ 86]LogFileHelpers: Auto-saving content packages took 0.100
[2017.03.01-23.45.58:170][305]BlueprintLog: New page: Compile character_anim
[2017.03.01-23.46.01:497][649]LogTemp: Repeting last play command: Selected Viewport
[2017.03.01-23.46.01:517][649]LogBlueprintUserMessages: Early PlayInEditor Detection: Level '/Game/Levels/AI_Test.AI_Test:PersistentLevel' has LevelScriptBlueprint '/Game/Levels/AI_Test.AI_Test:PersistentLevel.AI_Test' with GeneratedClass '/Game/Levels/AI_Test.AI_Test_C' with ClassGeneratedBy '/Game/Levels/AI_Test.AI_Test:PersistentLevel.AI_Test'
[2017.03.01-23.46.01:517][649]LogPlayLevel: PlayLevel: No blueprints needed recompiling
[2017.03.01-23.46.01:517][649]PIE: New page: PIE session: AI_Test (Mar 1, 2017, 1:46:01 PM)
[2017.03.01-23.46.01:517][649]LogPlayLevel: Creating play world package: /Game/Levels/UEDPIE_0_AI_Test
[2017.03.01-23.46.01:526][649]LogPlayLevel: PIE: StaticDuplicateObject took: (0.008526s)
[2017.03.01-23.46.01:527][649]LogAIModule: Creating AISystem for world AI_Test
[2017.03.01-23.46.01:527][649]LogPlayLevel: PIE: World Init took: (0.001053s)
[2017.03.01-23.46.01:528][649]LogPlayLevel: PIE: Created PIE world by copying editor world from /Game/Levels/AI_Test.AI_Test to /Game/Levels/UEDPIE_0_AI_Test.AI_Test (0.010091s)
[2017.03.01-23.46.01:581][649]LogInit: XAudio2 using 'Headphones (Ausdom M06 Stereo)' : 2 channels at 44.1 kHz using 16 bits per sample (channel mask 0x3)
[2017.03.01-23.46.01:595][649]LogInit: FAudioDevice initialized.
[2017.03.01-23.46.01:629][649]LogLoad: Game class is 'myGame_C'
[2017.03.01-23.46.01:632][649]LogWorld: Bringing World /Game/Levels/UEDPIE_0_AI_Test.AI_Test up for play (max tick rate 0) at 2017.03.01-18.46.01
[2017.03.01-23.46.01:632][649]LogWorld: Bringing up level for play took: 0.001603
[2017.03.01-23.46.01:634][649]PIE: Info Play in editor start time for /Game/Levels/UEDPIE_0_AI_Test -0.42
[2017.03.01-23.46.01:634][649]LogBlueprintUserMessages: Late PlayInEditor Detection: Level '/Game/Levels/AI_Test.AI_Test:PersistentLevel' has LevelScriptBlueprint '/Game/Levels/AI_Test.AI_Test:PersistentLevel.AI_Test' with GeneratedClass '/Game/Levels/AI_Test.AI_Test_C' with ClassGeneratedBy '/Game/Levels/AI_Test.AI_Test:PersistentLevel.AI_Test'
[2017.03.01-23.46.16:333][344]LogBlueprintUserMessages: Early EndPlayMap Detection: Level '/Game/Levels/AI_Test.AI_Test:PersistentLevel' has LevelScriptBlueprint '/Game/Levels/AI_Test.AI_Test:PersistentLevel.AI_Test' with GeneratedClass '/Game/Levels/AI_Test.AI_Test_C' with ClassGeneratedBy '/Game/Levels/AI_Test.AI_Test:PersistentLevel.AI_Test'
[2017.03.01-23.46.16:370][344]LogBlueprintUserMessages: Late EndPlayMap Detection: Level '/Game/Levels/AI_Test.AI_Test:PersistentLevel' has LevelScriptBlueprint '/Game/Levels/AI_Test.AI_Test:PersistentLevel.AI_Test' with GeneratedClass '/Game/Levels/AI_Test.AI_Test_C' with ClassGeneratedBy '/Game/Levels/AI_Test.AI_Test:PersistentLevel.AI_Test'
[2017.03.01-23.52.47:538][632]LogSkeletalMesh: InitArticulated: Bodies already created (/Engine/Transient.DebugSkelMeshComponent_5) - call TermArticulated first.
[2017.03.01-23.53.22:058][957]BlueprintLog: New page: Compile character_anim
[2017.03.01-23.53.24:453][160]LogSavePackage: Save=62.29ms
[2017.03.01-23.53.24:453][160]LogSavePackage: Moving 'D:/Steven/OneDrive - umich.edu/CIS/CIS 488/Github Repository/TheCursedBlade/Cursed_Blade/Saved/character_animD1E3D6624F3D363C47D1C2A7A6D387C5.tmp' to 'D:/Steven/OneDrive - umich.edu/CIS/CIS 488/Github Repository/TheCursedBlade/Cursed_Blade/Content/character/character_anim.uasset'
[2017.03.01-23.53.24:462][160]LogSavePackage:Display: Finished SavePackage D:/Steven/OneDrive - umich.edu/CIS/CIS 488/Github Repository/TheCursedBlade/Cursed_Blade/Content/character/character_anim.uasset
[2017.03.01-23.55.30:910][579]BlueprintLog: New page: Compile character_anim
[2017.03.01-23.55.31:972][648]LogSavePackage: Save=66.41ms
[2017.03.01-23.55.31:972][648]LogSavePackage: Moving 'D:/Steven/OneDrive - umich.edu/CIS/CIS 488/Github Repository/TheCursedBlade/Cursed_Blade/Saved/character_anim54DFEE3D42DCADF930039C878959DCE9.tmp' to 'D:/Steven/OneDrive - umich.edu/CIS/CIS 488/Github Repository/TheCursedBlade/Cursed_Blade/Content/character/character_anim.uasset'
[2017.03.01-23.55.31:980][648]LogSavePackage:Display: Finished SavePackage D:/Steven/OneDrive - umich.edu/CIS/CIS 488/Github Repository/TheCursedBlade/Cursed_Blade/Content/character/character_anim.uasset
[2017.03.01-23.56.03:472][578]LogTemp: Repeting last play command: Selected Viewport
[2017.03.01-23.56.03:493][578]LogBlueprintUserMessages: Early PlayInEditor Detection: Level '/Game/Levels/AI_Test.AI_Test:PersistentLevel' has LevelScriptBlueprint '/Game/Levels/AI_Test.AI_Test:PersistentLevel.AI_Test' with GeneratedClass '/Game/Levels/AI_Test.AI_Test_C' with ClassGeneratedBy '/Game/Levels/AI_Test.AI_Test:PersistentLevel.AI_Test'
[2017.03.01-23.56.03:493][578]LogPlayLevel: PlayLevel: No blueprints needed recompiling
[2017.03.01-23.56.03:493][578]PIE: New page: PIE session: AI_Test (Mar 1, 2017, 1:56:03 PM)
[2017.03.01-23.56.03:493][578]LogPlayLevel: Creating play world package: /Game/Levels/UEDPIE_0_AI_Test
[2017.03.01-23.56.03:500][578]LogPlayLevel: PIE: StaticDuplicateObject took: (0.007307s)
[2017.03.01-23.56.03:501][578]LogAIModule: Creating AISystem for world AI_Test
[2017.03.01-23.56.03:502][578]LogPlayLevel: PIE: World Init took: (0.001152s)
[2017.03.01-23.56.03:502][578]LogPlayLevel: PIE: Created PIE world by copying editor world from /Game/Levels/AI_Test.AI_Test to /Game/Levels/UEDPIE_0_AI_Test.AI_Test (0.008832s)
[2017.03.01-23.56.03:552][578]LogInit: XAudio2 using 'Headphones (Ausdom M06 Stereo)' : 2 channels at 44.1 kHz using 16 bits per sample (channel mask 0x3)
[2017.03.01-23.56.03:563][578]LogInit: FAudioDevice initialized.
[2017.03.01-23.56.03:594][578]LogLoad: Game class is 'myGame_C'
[2017.03.01-23.56.03:596][578]LogWorld: Bringing World /Game/Levels/UEDPIE_0_AI_Test.AI_Test up for play (max tick rate 0) at 2017.03.01-18.56.03
[2017.03.01-23.56.03:597][578]LogWorld: Bringing up level for play took: 0.001723
[2017.03.01-23.56.03:598][578]PIE: Info Play in editor start time for /Game/Levels/UEDPIE_0_AI_Test -0.456
[2017.03.01-23.56.03:599][578]LogBlueprintUserMessages: Late PlayInEditor Detection: Level '/Game/Levels/AI_Test.AI_Test:PersistentLevel' has LevelScriptBlueprint '/Game/Levels/AI_Test.AI_Test:PersistentLevel.AI_Test' with GeneratedClass '/Game/Levels/AI_Test.AI_Test_C' with ClassGeneratedBy '/Game/Levels/AI_Test.AI_Test:PersistentLevel.AI_Test'
[2017.03.01-23.56.09:914][324]LogBlueprintUserMessages: Early EndPlayMap Detection: Level '/Game/Levels/AI_Test.AI_Test:PersistentLevel' has LevelScriptBlueprint '/Game/Levels/AI_Test.AI_Test:PersistentLevel.AI_Test' with GeneratedClass '/Game/Levels/AI_Test.AI_Test_C' with ClassGeneratedBy '/Game/Levels/AI_Test.AI_Test:PersistentLevel.AI_Test'
[2017.03.01-23.56.09:953][324]LogBlueprintUserMessages: Late EndPlayMap Detection: Level '/Game/Levels/AI_Test.AI_Test:PersistentLevel' has LevelScriptBlueprint '/Game/Levels/AI_Test.AI_Test:PersistentLevel.AI_Test' with GeneratedClass '/Game/Levels/AI_Test.AI_Test_C' with ClassGeneratedBy '/Game/Levels/AI_Test.AI_Test:PersistentLevel.AI_Test'
[2017.03.01-23.58.18:660][984]BlueprintLog: New page: Compile character_anim
[2017.03.01-23.58.20:278][129]LogSavePackage: Save=65.09ms
[2017.03.01-23.58.20:278][129]LogSavePackage: Moving 'D:/Steven/OneDrive - umich.edu/CIS/CIS 488/Github Repository/TheCursedBlade/Cursed_Blade/Saved/character_anim9676BE4A4EF24A8C372CA486F6B0A770.tmp' to 'D:/Steven/OneDrive - umich.edu/CIS/CIS 488/Github Repository/TheCursedBlade/Cursed_Blade/Content/character/character_anim.uasset'
[2017.03.01-23.58.20:285][129]LogSavePackage:Display: Finished SavePackage D:/Steven/OneDrive - umich.edu/CIS/CIS 488/Github Repository/TheCursedBlade/Cursed_Blade/Content/character/character_anim.uasset
[2017.03.01-23.58.41:803][590]LogTemp: Repeting last play command: Selected Viewport
[2017.03.01-23.58.41:823][590]LogBlueprintUserMessages: Early PlayInEditor Detection: Level '/Game/Levels/AI_Test.AI_Test:PersistentLevel' has LevelScriptBlueprint '/Game/Levels/AI_Test.AI_Test:PersistentLevel.AI_Test' with GeneratedClass '/Game/Levels/AI_Test.AI_Test_C' with ClassGeneratedBy '/Game/Levels/AI_Test.AI_Test:PersistentLevel.AI_Test'
[2017.03.01-23.58.41:823][590]LogPlayLevel: PlayLevel: No blueprints needed recompiling
[2017.03.01-23.58.41:823][590]PIE: New page: PIE session: AI_Test (Mar 1, 2017, 1:58:41 PM)
[2017.03.01-23.58.41:823][590]LogPlayLevel: Creating play world package: /Game/Levels/UEDPIE_0_AI_Test
[2017.03.01-23.58.41:830][590]LogPlayLevel: PIE: StaticDuplicateObject took: (0.006927s)
[2017.03.01-23.58.41:831][590]LogAIModule: Creating AISystem for world AI_Test
[2017.03.01-23.58.41:831][590]LogPlayLevel: PIE: World Init took: (0.000983s)
[2017.03.01-23.58.41:831][590]LogPlayLevel: PIE: Created PIE world by copying editor world from /Game/Levels/AI_Test.AI_Test to /Game/Levels/UEDPIE_0_AI_Test.AI_Test (0.008184s)
[2017.03.01-23.58.41:882][590]LogInit: XAudio2 using 'Headphones (Ausdom M06 Stereo)' : 2 channels at 44.1 kHz using 16 bits per sample (channel mask 0x3)
[2017.03.01-23.58.41:897][590]LogInit: FAudioDevice initialized.
[2017.03.01-23.58.41:931][590]LogLoad: Game class is 'myGame_C'
[2017.03.01-23.58.41:934][590]LogWorld: Bringing World /Game/Levels/UEDPIE_0_AI_Test.AI_Test up for play (max tick rate 0) at 2017.03.01-18.58.41
[2017.03.01-23.58.41:934][590]LogWorld: Bringing up level for play took: 0.001398
[2017.03.01-23.58.41:936][590]PIE: Info Play in editor start time for /Game/Levels/UEDPIE_0_AI_Test -0.119
[2017.03.01-23.58.41:936][590]LogBlueprintUserMessages: Late PlayInEditor Detection: Level '/Game/Levels/AI_Test.AI_Test:PersistentLevel' has LevelScriptBlueprint '/Game/Levels/AI_Test.AI_Test:PersistentLevel.AI_Test' with GeneratedClass '/Game/Levels/AI_Test.AI_Test_C' with ClassGeneratedBy '/Game/Levels/AI_Test.AI_Test:PersistentLevel.AI_Test'
[2017.03.01-23.59.12:055][ 85]LogBlueprintUserMessages: Early EndPlayMap Detection: Level '/Game/Levels/AI_Test.AI_Test:PersistentLevel' has LevelScriptBlueprint '/Game/Levels/AI_Test.AI_Test:PersistentLevel.AI_Test' with GeneratedClass '/Game/Levels/AI_Test.AI_Test_C' with ClassGeneratedBy '/Game/Levels/AI_Test.AI_Test:PersistentLevel.AI_Test'
[2017.03.01-23.59.12:090][ 85]LogBlueprintUserMessages: Late EndPlayMap Detection: Level '/Game/Levels/AI_Test.AI_Test:PersistentLevel' has LevelScriptBlueprint '/Game/Levels/AI_Test.AI_Test:PersistentLevel.AI_Test' with GeneratedClass '/Game/Levels/AI_Test.AI_Test_C' with ClassGeneratedBy '/Game/Levels/AI_Test.AI_Test:PersistentLevel.AI_Test'
[2017.03.02-00.02.53:242][547]LogUObjectBase:Warning: NULL object
[2017.03.02-00.02.53:274][547]LogStats: FPlatformStackWalk::StackWalkAndDump -  0.032 s
[2017.03.02-00.02.53:274][547]LogOutputDevice:Error: === Handled ensure: ===
[2017.03.02-00.02.53:274][547]LogOutputDevice:Error: 
[2017.03.02-00.02.53:274][547]LogOutputDevice:Error: Ensure condition failed: false [File:D:\Build\++UE4+Release-4.14+Compile\Sync\Engine\Source\Editor\Kismet\Private\SKismetInspector.cpp] [Line: 520]
[2017.03.02-00.02.53:274][547]LogOutputDevice:Error: Object in KismetInspector is invalid, see TTP 281915
[2017.03.02-00.02.53:274][547]LogOutputDevice:Error: Stack: 
[2017.03.02-00.02.53:274][547]LogOutputDevice:Error: UE4Editor-Core.dll
[2017.03.02-00.02.53:274][547]LogOutputDevice:Error: UE4Editor-Core.dll
[2017.03.02-00.02.53:274][547]LogOutputDevice:Error: UE4Editor-Core.dll
[2017.03.02-00.02.53:274][547]LogOutputDevice:Error: UE4Editor-Kismet.dll
[2017.03.02-00.02.53:274][547]LogOutputDevice:Error: UE4Editor-Kismet.dll
[2017.03.02-00.02.53:274][547]LogOutputDevice:Error: UE4Editor-SlateCore.dll
[2017.03.02-00.02.53:274][547]LogOutputDevice:Error: UE4Editor-SlateCore.dll
[2017.03.02-00.02.53:274][547]LogOutputDevice:Error: UE4Editor-Slate.dll
[2017.03.02-00.02.53:274][547]LogOutputDevice:Error: UE4Editor-SlateCore.dll
[2017.03.02-00.02.53:274][547]LogOutputDevice:Error: UE4Editor-SlateCore.dll
[2017.03.02-00.02.53:274][547]LogOutputDevice:Error: UE4Editor-SlateCore.dll
[2017.03.02-00.02.53:274][547]LogOutputDevice:Error: UE4Editor-SlateCore.dll
[2017.03.02-00.02.53:274][547]LogOutputDevice:Error: UE4Editor-SlateCore.dll
[2017.03.02-00.02.53:274][547]LogOutputDevice:Error: UE4Editor-SlateCore.dll
[2017.03.02-00.02.53:274][547]LogOutputDevice:Error: UE4Editor-SlateCore.dll
[2017.03.02-00.02.53:274][547]LogOutputDevice:Error: UE4Editor-SlateCore.dll
[2017.03.02-00.02.53:274][547]LogOutputDevice:Error: UE4Editor-SlateCore.dll
[2017.03.02-00.02.53:274][547]LogOutputDevice:Error: UE4Editor-Slate.dll
[2017.03.02-00.02.53:274][547]LogOutputDevice:Error: UE4Editor-SlateCore.dll
[2017.03.02-00.02.53:274][547]LogOutputDevice:Error: UE4Editor-SlateCore.dll
[2017.03.02-00.02.53:274][547]LogOutputDevice:Error: UE4Editor-SlateCore.dll
[2017.03.02-00.02.53:274][547]LogOutputDevice:Error: UE4Editor-SlateCore.dll
[2017.03.02-00.02.53:274][547]LogOutputDevice:Error: UE4Editor-Slate.dll
[2017.03.02-00.02.53:274][547]LogOutputDevice:Error: UE4Editor-SlateCore.dll
[2017.03.02-00.02.53:274][547]LogOutputDevice:Error: UE4Editor-SlateCore.dll
[2017.03.02-00.02.53:274][547]LogOutputDevice:Error: UE4Editor-SlateCore.dll
[2017.03.02-00.02.53:274][547]LogOutputDevice:Error: UE4Editor-SlateCore.dll
[2017.03.02-00.02.53:274][547]LogOutputDevice:Error: UE4Editor-Slate.dll
[2017.03.02-00.02.53:274][547]LogOutputDevice:Error: UE4Editor-SlateCore.dll
[2017.03.02-00.02.53:274][547]LogOutputDevice:Error: UE4Editor-SlateCore.dll
[2017.03.02-00.02.53:274][547]LogOutputDevice:Error: UE4Editor-SlateCore.dll
[2017.03.02-00.02.53:274][547]LogOutputDevice:Error: UE4Editor-SlateCore.dll
[2017.03.02-00.02.53:274][547]LogOutputDevice:Error: UE4Editor-SlateCore.dll
[2017.03.02-00.02.53:274][547]LogOutputDevice:Error: UE4Editor-SlateCore.dll
[2017.03.02-00.02.53:274][547]LogOutputDevice:Error: UE4Editor-SlateCore.dll
[2017.03.02-00.02.53:274][547]LogOutputDevice:Error: UE4Editor-SlateCore.dll
[2017.03.02-00.02.53:274][547]LogOutputDevice:Error: UE4Editor-SlateCore.dll
[2017.03.02-00.02.53:274][547]LogOutputDevice:Error: UE4Editor-SlateCore.dll
[2017.03.02-00.02.53:274][547]LogOutputDevice:Error: UE4Editor-SlateCore.dll
[2017.03.02-00.02.53:274][547]LogOutputDevice:Error: UE4Editor-Slate.dll
[2017.03.02-00.02.53:274][547]LogOutputDevice:Error: UE4Editor-SlateCore.dll
[2017.03.02-00.02.53:274][547]LogOutputDevice:Error: UE4Editor-SlateCore.dll
[2017.03.02-00.02.53:274][547]LogOutputDevice:Error: UE4Editor-SlateCore.dll
[2017.03.02-00.02.53:274][547]LogOutputDevice:Error: UE4Editor-SlateCore.dll
[2017.03.02-00.02.53:274][547]LogOutputDevice:Error: UE4Editor-SlateCore.dll
[2017.03.02-00.02.53:274][547]LogOutputDevice:Error: UE4Editor-SlateCore.dll
[2017.03.02-00.02.53:274][547]LogOutputDevice:Error: UE4Editor-SlateCore.dll
[2017.03.02-00.02.53:274][547]LogOutputDevice:Error: UE4Editor-SlateCore.dll
[2017.03.02-00.02.53:274][547]LogOutputDevice:Error: UE4Editor-SlateCore.dll
[2017.03.02-00.02.53:274][547]LogOutputDevice:Error: UE4Editor-Slate.dll
[2017.03.02-00.02.53:274][547]LogOutputDevice:Error: UE4Editor-SlateCore.dll
[2017.03.02-00.02.53:274][547]LogOutputDevice:Error: UE4Editor-SlateCore.dll
[2017.03.02-00.02.53:274][547]LogOutputDevice:Error: UE4Editor-SlateCore.dll
[2017.03.02-00.02.53:274][547]LogOutputDevice:Error: UE4Editor-SlateCore.dll
[2017.03.02-00.02.53:274][547]LogOutputDevice:Error: UE4Editor-SlateCore.dll
[2017.03.02-00.02.53:274][547]LogOutputDevice:Error: UE4Editor-SlateCore.dll
[2017.03.02-00.02.53:274][547]LogOutputDevice:Error: UE4Editor-SlateCore.dll
[2017.03.02-00.02.53:274][547]LogOutputDevice:Error: UE4Editor-SlateCore.dll
[2017.03.02-00.02.53:274][547]LogOutputDevice:Error: UE4Editor-SlateCore.dll
[2017.03.02-00.02.53:274][547]LogOutputDevice:Error: UE4Editor-SlateCore.dll
[2017.03.02-00.02.53:274][547]LogOutputDevice:Error: UE4Editor-SlateCore.dll
[2017.03.02-00.02.53:274][547]LogOutputDevice:Error: UE4Editor-SlateCore.dll
[2017.03.02-00.02.53:274][547]LogOutputDevice:Error: UE4Editor-SlateCore.dll
[2017.03.02-00.02.53:274][547]LogOutputDevice:Error: UE4Editor-SlateCore.dll
[2017.03.02-00.02.53:274][547]LogOutputDevice:Error: UE4Editor-SlateCore.dll
[2017.03.02-00.02.53:274][547]LogOutputDevice:Error: UE4Editor-SlateCore.dll
[2017.03.02-00.02.53:274][547]LogOutputDevice:Error: UE4Editor-Slate.dll
[2017.03.02-00.02.53:274][547]LogOutputDevice:Error: UE4Editor-Slate.dll
[2017.03.02-00.02.53:275][547]LogOutputDevice:Error: UE4Editor-Slate.dll
[2017.03.02-00.02.53:275][547]LogOutputDevice:Error: UE4Editor-Slate.dll
[2017.03.02-00.02.53:275][547]LogOutputDevice:Error: UE4Editor-Slate.dll
[2017.03.02-00.02.53:275][547]LogOutputDevice:Error: UE4Editor.exe
[2017.03.02-00.02.53:275][547]LogOutputDevice:Error: UE4Editor.exe
[2017.03.02-00.02.53:275][547]LogOutputDevice:Error: UE4Editor.exe
[2017.03.02-00.02.53:275][547]LogOutputDevice:Error: UE4Editor.exe
[2017.03.02-00.02.53:275][547]LogOutputDevice:Error: UE4Editor.exe
[2017.03.02-00.02.53:275][547]LogOutputDevice:Error: KERNEL32.DLL
[2017.03.02-00.02.53:275][547]LogOutputDevice:Error: ntdll.dll
[2017.03.02-00.02.53:275][547]LogOutputDevice:Error: 
[2017.03.02-00.02.53:275][547]LogStats:                SubmitErrorReport -  0.000 s
[2017.03.02-00.02.54:309][547]LogStats:                    SendNewReport -  1.034 s
[2017.03.02-00.02.54:309][547]LogStats:             FDebug::EnsureFailed -  1.067 s
[2017.03.02-00.02.57:291][792]LogUObjectBase:Warning: NULL object
[2017.03.02-00.03.01:505][ 69]LogUObjectBase:Warning: NULL object
[2017.03.02-00.03.17:588][449]LogUObjectBase:Warning: NULL object
[2017.03.02-00.03.52:663][832]BlueprintLog: New page: Compile character_anim
[2017.03.02-00.03.54:315][953]LogSavePackage: Save=68.46ms
[2017.03.02-00.03.54:315][953]LogSavePackage: Moving 'D:/Steven/OneDrive - umich.edu/CIS/CIS 488/Github Repository/TheCursedBlade/Cursed_Blade/Saved/character_animDBC7B1CD464CAF45B6DF6F913C57F102.tmp' to 'D:/Steven/OneDrive - umich.edu/CIS/CIS 488/Github Repository/TheCursedBlade/Cursed_Blade/Content/character/character_anim.uasset'
[2017.03.02-00.03.54:322][953]LogSavePackage:Display: Finished SavePackage D:/Steven/OneDrive - umich.edu/CIS/CIS 488/Github Repository/TheCursedBlade/Cursed_Blade/Content/character/character_anim.uasset
[2017.03.02-00.03.58:316][340]LogTemp: Repeting last play command: Selected Viewport
[2017.03.02-00.03.58:337][340]LogBlueprintUserMessages: Early PlayInEditor Detection: Level '/Game/Levels/AI_Test.AI_Test:PersistentLevel' has LevelScriptBlueprint '/Game/Levels/AI_Test.AI_Test:PersistentLevel.AI_Test' with GeneratedClass '/Game/Levels/AI_Test.AI_Test_C' with ClassGeneratedBy '/Game/Levels/AI_Test.AI_Test:PersistentLevel.AI_Test'
[2017.03.02-00.03.58:337][340]LogPlayLevel: PlayLevel: No blueprints needed recompiling
[2017.03.02-00.03.58:337][340]PIE: New page: PIE session: AI_Test (Mar 1, 2017, 2:03:58 PM)
[2017.03.02-00.03.58:337][340]LogPlayLevel: Creating play world package: /Game/Levels/UEDPIE_0_AI_Test
[2017.03.02-00.03.58:346][340]LogPlayLevel: PIE: StaticDuplicateObject took: (0.008674s)
[2017.03.02-00.03.58:347][340]LogAIModule: Creating AISystem for world AI_Test
[2017.03.02-00.03.58:348][340]LogPlayLevel: PIE: World Init took: (0.001471s)
[2017.03.02-00.03.58:348][340]LogPlayLevel: PIE: Created PIE world by copying editor world from /Game/Levels/AI_Test.AI_Test to /Game/Levels/UEDPIE_0_AI_Test.AI_Test (0.010601s)
[2017.03.02-00.03.58:406][340]LogInit: XAudio2 using 'Headphones (Ausdom M06 Stereo)' : 2 channels at 44.1 kHz using 16 bits per sample (channel mask 0x3)
[2017.03.02-00.03.58:422][340]LogInit: FAudioDevice initialized.
[2017.03.02-00.03.58:457][340]LogLoad: Game class is 'myGame_C'
[2017.03.02-00.03.58:460][340]LogWorld: Bringing World /Game/Levels/UEDPIE_0_AI_Test.AI_Test up for play (max tick rate 0) at 2017.03.01-19.03.58
[2017.03.02-00.03.58:461][340]LogWorld: Bringing up level for play took: 0.002339
[2017.03.02-00.03.58:464][340]PIE: Info Play in editor start time for /Game/Levels/UEDPIE_0_AI_Test 0.409
[2017.03.02-00.03.58:464][340]LogBlueprintUserMessages: Late PlayInEditor Detection: Level '/Game/Levels/AI_Test.AI_Test:PersistentLevel' has LevelScriptBlueprint '/Game/Levels/AI_Test.AI_Test:PersistentLevel.AI_Test' with GeneratedClass '/Game/Levels/AI_Test.AI_Test_C' with ClassGeneratedBy '/Game/Levels/AI_Test.AI_Test:PersistentLevel.AI_Test'
[2017.03.02-00.04.34:016][372]LogBlueprintUserMessages: Early EndPlayMap Detection: Level '/Game/Levels/AI_Test.AI_Test:PersistentLevel' has LevelScriptBlueprint '/Game/Levels/AI_Test.AI_Test:PersistentLevel.AI_Test' with GeneratedClass '/Game/Levels/AI_Test.AI_Test_C' with ClassGeneratedBy '/Game/Levels/AI_Test.AI_Test:PersistentLevel.AI_Test'
[2017.03.02-00.04.34:057][372]LogBlueprintUserMessages: Late EndPlayMap Detection: Level '/Game/Levels/AI_Test.AI_Test:PersistentLevel' has LevelScriptBlueprint '/Game/Levels/AI_Test.AI_Test:PersistentLevel.AI_Test' with GeneratedClass '/Game/Levels/AI_Test.AI_Test_C' with ClassGeneratedBy '/Game/Levels/AI_Test.AI_Test:PersistentLevel.AI_Test'
[2017.03.02-00.05.52:715][677]LogMaterial: Missing cached shader map for material M_Char_Forge, compiling. 
[2017.03.02-00.06.01:725][306]LogMaterial: Missing cached shader map for material M_Char_FrostGiant, compiling. 
[2017.03.02-00.06.12:908][169]LogEditorViewport: Clicking on Actor (LMB): Enemy_AI_C (Enemy_AI)
[2017.03.02-00.06.15:996][385]LogAnimation:Warning: AnimBP character_anim_C is incompatible with skeleton SK_Mannequin_Skeleton, removing AnimBP from actor.
[2017.03.02-00.06.19:936][629]LogContentBrowser:Verbose: The majority of assets in the view are of type: Skeleton
[2017.03.02-00.06.32:978][250]LogSavePackage: Save=41.60ms
[2017.03.02-00.06.32:978][250]LogSavePackage: Moving 'D:/Steven/OneDrive - umich.edu/CIS/CIS 488/Github Repository/TheCursedBlade/Cursed_Blade/Saved/SK_CharM_Forge34900F614459054A7E32FAB9BA91388F.tmp' to 'D:/Steven/OneDrive - umich.edu/CIS/CIS 488/Github Repository/TheCursedBlade/Cursed_Blade/Content/InfinityBladeWarriors/Character/CompleteCharacters/SK_CharM_Forge.uasset'
[2017.03.02-00.06.32:987][250]LogSavePackage:Display: Finished SavePackage D:/Steven/OneDrive - umich.edu/CIS/CIS 488/Github Repository/TheCursedBlade/Cursed_Blade/Content/InfinityBladeWarriors/Character/CompleteCharacters/SK_CharM_Forge.uasset
[2017.03.02-00.07.16:456][852]BlueprintLog: New page: Compile characterBP
[2017.03.02-00.07.18:022][960]Cmd: OBJ SAVEPACKAGE PACKAGE="/Game/character/characterBP" FILE="D:/Steven/OneDrive - umich.edu/CIS/CIS 488/Github Repository/TheCursedBlade/Cursed_Blade/Content/character/characterBP.uasset" SILENT=true
[2017.03.02-00.07.18:090][960]LogSavePackage: Save=57.12ms
[2017.03.02-00.07.18:090][960]LogSavePackage: Moving 'D:/Steven/OneDrive - umich.edu/CIS/CIS 488/Github Repository/TheCursedBlade/Cursed_Blade/Saved/characterBPB02B43D04C819F41907A868884475B00.tmp' to 'D:/Steven/OneDrive - umich.edu/CIS/CIS 488/Github Repository/TheCursedBlade/Cursed_Blade/Content/character/characterBP.uasset'
[2017.03.02-00.07.18:098][960]LogSavePackage:Display: Finished SavePackage D:/Steven/OneDrive - umich.edu/CIS/CIS 488/Github Repository/TheCursedBlade/Cursed_Blade/Content/character/characterBP.uasset
[2017.03.02-00.07.20:572][197]LogSavePackage: Save=64.72ms
[2017.03.02-00.07.20:572][197]LogSavePackage: Moving 'D:/Steven/OneDrive - umich.edu/CIS/CIS 488/Github Repository/TheCursedBlade/Cursed_Blade/Saved/character_anim2807633D49A3EEAE9E136FA3D434F825.tmp' to 'D:/Steven/OneDrive - umich.edu/CIS/CIS 488/Github Repository/TheCursedBlade/Cursed_Blade/Content/character/character_anim.uasset'
[2017.03.02-00.07.20:577][197]LogSavePackage:Display: Finished SavePackage D:/Steven/OneDrive - umich.edu/CIS/CIS 488/Github Repository/TheCursedBlade/Cursed_Blade/Content/character/character_anim.uasset
[2017.03.02-00.07.22:324][345]LogTemp: Repeting last play command: Selected Viewport
[2017.03.02-00.07.22:345][345]LogBlueprintUserMessages: Early PlayInEditor Detection: Level '/Game/Levels/AI_Test.AI_Test:PersistentLevel' has LevelScriptBlueprint '/Game/Levels/AI_Test.AI_Test:PersistentLevel.AI_Test' with GeneratedClass '/Game/Levels/AI_Test.AI_Test_C' with ClassGeneratedBy '/Game/Levels/AI_Test.AI_Test:PersistentLevel.AI_Test'
[2017.03.02-00.07.22:345][345]LogPlayLevel: PlayLevel: No blueprints needed recompiling
[2017.03.02-00.07.22:345][345]PIE: New page: PIE session: AI_Test (Mar 1, 2017, 2:07:22 PM)
[2017.03.02-00.07.22:345][345]LogPlayLevel: Creating play world package: /Game/Levels/UEDPIE_0_AI_Test
[2017.03.02-00.07.22:350][345]LogPlayLevel: PIE: StaticDuplicateObject took: (0.005481s)
[2017.03.02-00.07.22:351][345]LogAIModule: Creating AISystem for world AI_Test
[2017.03.02-00.07.22:351][345]LogPlayLevel: PIE: World Init took: (0.000808s)
[2017.03.02-00.07.22:351][345]LogPlayLevel: PIE: Created PIE world by copying editor world from /Game/Levels/AI_Test.AI_Test to /Game/Levels/UEDPIE_0_AI_Test.AI_Test (0.006536s)
[2017.03.02-00.07.22:396][345]LogInit: XAudio2 using 'Headphones (Ausdom M06 Stereo)' : 2 channels at 44.1 kHz using 16 bits per sample (channel mask 0x3)
[2017.03.02-00.07.22:406][345]LogInit: FAudioDevice initialized.
[2017.03.02-00.07.22:440][345]LogLoad: Game class is 'myGame_C'
[2017.03.02-00.07.22:442][345]LogWorld: Bringing World /Game/Levels/UEDPIE_0_AI_Test.AI_Test up for play (max tick rate 0) at 2017.03.01-19.07.22
[2017.03.02-00.07.22:442][345]LogWorld: Bringing up level for play took: 0.001315
[2017.03.02-00.07.22:446][345]PIE: Info Play in editor start time for /Game/Levels/UEDPIE_0_AI_Test 0.392
[2017.03.02-00.07.22:446][345]LogBlueprintUserMessages: Late PlayInEditor Detection: Level '/Game/Levels/AI_Test.AI_Test:PersistentLevel' has LevelScriptBlueprint '/Game/Levels/AI_Test.AI_Test:PersistentLevel.AI_Test' with GeneratedClass '/Game/Levels/AI_Test.AI_Test_C' with ClassGeneratedBy '/Game/Levels/AI_Test.AI_Test:PersistentLevel.AI_Test'
[2017.03.02-00.08.08:041][795]LogBlueprintUserMessages: Early EndPlayMap Detection: Level '/Game/Levels/AI_Test.AI_Test:PersistentLevel' has LevelScriptBlueprint '/Game/Levels/AI_Test.AI_Test:PersistentLevel.AI_Test' with GeneratedClass '/Game/Levels/AI_Test.AI_Test_C' with ClassGeneratedBy '/Game/Levels/AI_Test.AI_Test:PersistentLevel.AI_Test'
[2017.03.02-00.08.08:116][795]LogBlueprintUserMessages: Late EndPlayMap Detection: Level '/Game/Levels/AI_Test.AI_Test:PersistentLevel' has LevelScriptBlueprint '/Game/Levels/AI_Test.AI_Test:PersistentLevel.AI_Test' with GeneratedClass '/Game/Levels/AI_Test.AI_Test_C' with ClassGeneratedBy '/Game/Levels/AI_Test.AI_Test:PersistentLevel.AI_Test'
[2017.03.02-00.08.11:551][ 52]LogSavePackage: Save=156.66ms
[2017.03.02-00.08.11:551][ 52]LogSavePackage: Moving 'D:/Steven/OneDrive - umich.edu/CIS/CIS 488/Github Repository/TheCursedBlade/Cursed_Blade/Saved/AI_Test44BD20844F805F672473F7A314FB6CDB.tmp' to 'D:/Steven/OneDrive - umich.edu/CIS/CIS 488/Github Repository/TheCursedBlade/Cursed_Blade/Content/Levels/AI_Test.umap'
[2017.03.02-00.08.11:559][ 52]LogSavePackage:Display: Finished SavePackage D:/Steven/OneDrive - umich.edu/CIS/CIS 488/Github Repository/TheCursedBlade/Cursed_Blade/Content/Levels/AI_Test.umap
[2017.03.02-00.08.11:596][ 52]LogFileHelpers: Saving map 'AI_Test' took 0.389
[2017.03.02-00.09.31:198][485]Cmd: QUIT_EDITOR
[2017.03.02-00.09.32:140][485]LogWindowsTextInputMethodSystem:Display: IME system now deactivated.
[2017.03.02-00.09.32:178][485]LogExit: Preparing to exit.
[2017.03.02-00.09.32:766][485]LogExit: Editor shut down
[2017.03.02-00.09.32:769][485]LogExit: Transaction tracking system shut down
[2017.03.02-00.09.33:022][485]LogObj: Freed 0b from 0 cluster array pools.
[2017.03.02-00.09.33:023][485]LogExit: Object subsystem successfully closed.
[2017.03.02-00.09.33:046][485]LogD3D11RHI: Shutdown
[2017.03.02-00.09.33:046][485]LogD3D11RHI: CleanupD3DDevice
[2017.03.02-00.09.33:296][485]LogD3D11RHI: ~FD3D11DynamicRHI
[2017.03.02-00.09.33:338][485]LogHttp:Display: Http module shutting down, but needs to wait on 1 outstanding Http requests:
[2017.03.02-00.09.33:338][485]LogHttp:Display: 	verb=[POST] url=[https://datarouter.ol.epicgames.com/datarouter/api/v1/public/data?SessionID=%7B49C5B541-483B-E2A4-7B97-8DAAA065FFD5%7D&AppID=UEEditor.Rocket.Release&AppVersion=4.14.3-3249277%2B%2B%2BUE4%2BRelease-4.14&UserID=57fd777c47184b4ce198e59d28693f17%7C37affbd969a64a0b8ebede4037eb50b3%7Ce153f579-52c7-4170-8d5d-6df47f81a337&AppEnvironment=datacollector-binary&UploadType=eteventstream] status=Processing
[2017.03.02-00.09.33:353][485]LogModuleManager: Shutting down and abandoning module SkeletalMeshEditor (249)
[2017.03.02-00.09.33:353][485]LogModuleManager: Shutting down and abandoning module AnimationBlueprintEditor (248)
[2017.03.02-00.09.33:353][485]LogModuleManager: Shutting down and abandoning module ExternalImagePicker (247)
[2017.03.02-00.09.33:353][485]LogModuleManager: Shutting down and abandoning module BlueprintGraph (246)
[2017.03.02-00.09.33:353][485]LogModuleManager: Shutting down and abandoning module BlueprintProfiler (245)
[2017.03.02-00.09.33:355][485]LogModuleManager: Shutting down and abandoning module MovieSceneCapture (244)
[2017.03.02-00.09.33:355][485]LogModuleManager: Shutting down and abandoning module AnimationEditor (243)
[2017.03.02-00.09.33:355][485]LogModuleManager: Shutting down and abandoning module SkeletonEditor (242)
[2017.03.02-00.09.33:355][485]LogModuleManager: Shutting down and abandoning module HierarchicalLODOutliner (241)
[2017.03.02-00.09.33:355][485]LogModuleManager: Shutting down and abandoning module CrashTracker (240)
[2017.03.02-00.09.33:355][485]LogModuleManager: Shutting down and abandoning module SceneOutliner (239)
[2017.03.02-00.09.33:355][485]LogModuleManager: Shutting down and abandoning module WidgetCarousel (238)
[2017.03.02-00.09.33:355][485]LogModuleManager: Shutting down and abandoning module AddContentDialog (237)
[2017.03.02-00.09.33:356][485]LogDirectoryWatcher: A directory notification for 'C:/Program Files (x86)/Epic Games/4.14/FeaturePacks/' was aborted.
[2017.03.02-00.09.33:364][485]LogModuleManager: Shutting down and abandoning module GameplayTags (236)
[2017.03.02-00.09.33:364][485]LogModuleManager: Shutting down and abandoning module EditorWidgets (235)
[2017.03.02-00.09.33:364][485]LogModuleManager: Shutting down and abandoning module CollectionManager (234)
[2017.03.02-00.09.33:364][485]LogDirectoryWatcher: A directory notification for 'D:/Steven/OneDrive - umich.edu/CIS/CIS 488/Github Repository/TheCursedBlade/Cursed_Blade/Content/Collections/' was aborted.
[2017.03.02-00.09.33:364][485]LogDirectoryWatcher: A directory notification for 'D:/Steven/OneDrive - umich.edu/CIS/CIS 488/Github Repository/TheCursedBlade/Cursed_Blade/Content/Developers/Steven/Collections/' was aborted.
[2017.03.02-00.09.33:364][485]LogDirectoryWatcher: A directory notification for 'D:/Steven/OneDrive - umich.edu/CIS/CIS 488/Github Repository/TheCursedBlade/Cursed_Blade/Saved/Collections/' was aborted.
[2017.03.02-00.09.33:364][485]LogModuleManager: Shutting down and abandoning module StatsViewer (233)
[2017.03.02-00.09.33:364][485]LogModuleManager: Shutting down and abandoning module FoliageEdit (232)
[2017.03.02-00.09.33:364][485]LogModuleManager: Shutting down and abandoning module LandscapeEditor (231)
[2017.03.02-00.09.33:365][485]LogModuleManager: Shutting down and abandoning module SceneDepthPickerMode (230)
[2017.03.02-00.09.33:365][485]LogModuleManager: Shutting down and abandoning module ActorPickerMode (229)
[2017.03.02-00.09.33:365][485]LogModuleManager: Shutting down and abandoning module GeometryMode (228)
[2017.03.02-00.09.33:365][485]LogModuleManager: Shutting down and abandoning module TextureAlignMode (227)
[2017.03.02-00.09.33:365][485]LogModuleManager: Shutting down and abandoning module BspMode (226)
[2017.03.02-00.09.33:365][485]LogModuleManager: Shutting down and abandoning module HardwareSurvey (225)
[2017.03.02-00.09.33:365][485]LogModuleManager: Shutting down and abandoning module SequenceRecorderSections (224)
[2017.03.02-00.09.33:365][485]LogModuleManager: Shutting down and abandoning module AutomationWorker (223)
[2017.03.02-00.09.33:365][485]LogModuleManager: Shutting down and abandoning module MatineeToLevelSequence (222)
[2017.03.02-00.09.33:365][485]LogModuleManager: Shutting down and abandoning module PlacementMode (221)
[2017.03.02-00.09.33:365][485]LogModuleManager: Shutting down and abandoning module LevelSequenceEditor (220)
[2017.03.02-00.09.33:366][485]LogModuleManager: Shutting down and abandoning module WmfMediaFactory (219)
[2017.03.02-00.09.33:366][485]LogModuleManager: Shutting down and abandoning module WmfMediaEditor (218)
[2017.03.02-00.09.33:366][485]LogModuleManager: Shutting down and abandoning module AvfMediaFactory (217)
[2017.03.02-00.09.33:366][485]LogModuleManager: Shutting down and abandoning module AvfMediaEditor (216)
[2017.03.02-00.09.33:366][485]LogModuleManager: Shutting down and abandoning module Media (215)
[2017.03.02-00.09.33:366][485]LogModuleManager: Shutting down and abandoning module AndroidMediaFactory (214)
[2017.03.02-00.09.33:366][485]LogModuleManager: Shutting down and abandoning module AndroidMediaEditor (213)
[2017.03.02-00.09.33:366][485]LogModuleManager: Shutting down and abandoning module CharacterAI (212)
[2017.03.02-00.09.33:366][485]LogModuleManager: Shutting down and abandoning module SequenceRecorder (211)
[2017.03.02-00.09.33:366][485]LogModuleManager: Shutting down and abandoning module AudioCapture (210)
[2017.03.02-00.09.33:366][485]LogModuleManager: Shutting down and abandoning module SmartSnapping (209)
[2017.03.02-00.09.33:366][485]LogModuleManager: Shutting down and abandoning module SessionServices (208)
[2017.03.02-00.09.33:366][485]LogModuleManager: Shutting down and abandoning module ViewportSnapping (207)
[2017.03.02-00.09.33:366][485]LogModuleManager: Shutting down and abandoning module ViewportInteraction (206)
[2017.03.02-00.09.33:366][485]LogModuleManager: Shutting down and abandoning module LogVisualizer (205)
[2017.03.02-00.09.33:366][485]LogModuleManager: Shutting down and abandoning module GameProjectGeneration (204)
[2017.03.02-00.09.33:366][485]LogModuleManager: Shutting down and abandoning module IntroTutorials (203)
[2017.03.02-00.09.33:366][485]LogModuleManager: Shutting down and abandoning module EditorLiveStreaming (202)
[2017.03.02-00.09.33:366][485]LogModuleManager: Shutting down and abandoning module IOSPlatformEditor (201)
[2017.03.02-00.09.33:366][485]LogModuleManager: Shutting down and abandoning module HTML5PlatformEditor (200)
[2017.03.02-00.09.33:366][485]LogModuleManager: Shutting down and abandoning module AndroidDeviceDetection (199)
[2017.03.02-00.09.34:253][485]LogModuleManager: Shutting down and abandoning module AndroidPlatformEditor (198)
[2017.03.02-00.09.34:253][485]LogModuleManager: Shutting down and abandoning module IOSRuntimeSettings (197)
[2017.03.02-00.09.34:253][485]LogModuleManager: Shutting down and abandoning module AndroidRuntimeSettings (196)
[2017.03.02-00.09.34:253][485]LogModuleManager: Shutting down and abandoning module InputBindingEditor (195)
[2017.03.02-00.09.34:253][485]LogModuleManager: Shutting down and abandoning module NiagaraEditor (194)
[2017.03.02-00.09.34:253][485]LogModuleManager: Shutting down and abandoning module MergeActors (193)
[2017.03.02-00.09.34:253][485]LogModuleManager: Shutting down and abandoning module SizeMap (192)
[2017.03.02-00.09.34:253][485]LogModuleManager: Shutting down and abandoning module TreeMap (191)
[2017.03.02-00.09.34:253][485]LogModuleManager: Shutting down and abandoning module ReferenceViewer (190)
[2017.03.02-00.09.34:253][485]LogModuleManager: Shutting down and abandoning module LocalizationService (189)
[2017.03.02-00.09.34:254][485]LogModuleManager: Shutting down and abandoning module LocalizationDashboard (188)
[2017.03.02-00.09.34:254][485]LogModuleManager: Shutting down and abandoning module HardwareTargeting (187)
[2017.03.02-00.09.34:254][485]LogModuleManager: Shutting down and abandoning module DeviceProfileEditor (186)
[2017.03.02-00.09.34:254][485]LogModuleManager: Shutting down and abandoning module UndoHistory (185)
[2017.03.02-00.09.34:254][485]LogModuleManager: Shutting down and abandoning module UserFeedback (184)
[2017.03.02-00.09.34:254][485]LogModuleManager: Shutting down and abandoning module XmlParser (183)
[2017.03.02-00.09.34:254][485]LogModuleManager: Shutting down and abandoning module Blutility (182)
[2017.03.02-00.09.34:254][485]LogModuleManager: Shutting down and abandoning module ProjectTargetPlatformEditor (181)
[2017.03.02-00.09.34:254][485]LogModuleManager: Shutting down and abandoning module ProjectSettingsViewer (180)
[2017.03.02-00.09.34:254][485]LogModuleManager: Shutting down and abandoning module EditorSettingsViewer (179)
[2017.03.02-00.09.34:254][485]LogModuleManager: Shutting down and abandoning module SettingsEditor (178)
[2017.03.02-00.09.34:255][485]LogModuleManager: Shutting down and abandoning module ProjectLauncher (177)
[2017.03.02-00.09.34:255][485]LogModuleManager: Shutting down and abandoning module SessionFrontend (176)
[2017.03.02-00.09.34:255][485]LogModuleManager: Shutting down and abandoning module ProfilerClient (175)
[2017.03.02-00.09.34:255][485]LogModuleManager: Shutting down and abandoning module TargetDeviceServices (174)
[2017.03.02-00.09.34:255][485]LogModuleManager: Shutting down and abandoning module DeviceManager (173)
[2017.03.02-00.09.34:299][485]LogModuleManager: Shutting down and abandoning module AutomationController (172)
[2017.03.02-00.09.34:299][485]LogModuleManager: Shutting down and abandoning module AutomationWindow (171)
[2017.03.02-00.09.34:299][485]LogModuleManager: Shutting down and abandoning module Layers (170)
[2017.03.02-00.09.34:299][485]LogModuleManager: Shutting down and abandoning module ComponentVisualizers (169)
[2017.03.02-00.09.34:299][485]LogModuleManager: Shutting down and abandoning module DetailCustomizations (168)
[2017.03.02-00.09.34:299][485]LogModuleManager: Shutting down and abandoning module PackagesDialog (167)
[2017.03.02-00.09.34:300][485]LogModuleManager: Shutting down and abandoning module AnimGraph (166)
[2017.03.02-00.09.34:300][485]LogModuleManager: Shutting down and abandoning module Persona (165)
[2017.03.02-00.09.34:300][485]LogModuleManager: Shutting down and abandoning module Kismet (164)
[2017.03.02-00.09.34:311][485]LogModuleManager: Shutting down and abandoning module GraphEditor (163)
[2017.03.02-00.09.34:311][485]LogModuleManager: Shutting down and abandoning module ClassViewer (162)
[2017.03.02-00.09.34:311][485]LogModuleManager: Shutting down and abandoning module Toolbox (161)
[2017.03.02-00.09.34:311][485]LogModuleManager: Shutting down and abandoning module ModuleUI (160)
[2017.03.02-00.09.34:311][485]LogModuleManager: Shutting down and abandoning module MovieSceneTools (159)
[2017.03.02-00.09.34:311][485]LogModuleManager: Shutting down and abandoning module OutputLog (158)
[2017.03.02-00.09.34:311][485]LogModuleManager: Shutting down and abandoning module GammaUI (157)
[2017.03.02-00.09.34:311][485]LogModuleManager: Shutting down and abandoning module Documentation (156)
[2017.03.02-00.09.34:312][485]LogModuleManager: Shutting down and abandoning module Niagara (155)
[2017.03.02-00.09.34:312][485]LogModuleManager: Shutting down and abandoning module StreamingPauseRendering (154)
[2017.03.02-00.09.34:312][485]LogModuleManager: Shutting down and abandoning module AnalyticsET (153)
[2017.03.02-00.09.34:312][485]LogModuleManager: Shutting down and abandoning module PortalServices (152)
[2017.03.02-00.09.34:312][485]LogModuleManager: Shutting down and abandoning module PortalRpc (151)
[2017.03.02-00.09.34:312][485]LogModuleManager: Shutting down and abandoning module MessagingRpc (150)
[2017.03.02-00.09.34:312][485]LogModuleManager: Shutting down and abandoning module GameplayDebugger (149)
[2017.03.02-00.09.34:312][485]LogModuleManager: Shutting down and abandoning module AITestSuite (148)
[2017.03.02-00.09.34:312][485]LogModuleManager: Shutting down and abandoning module AIModule (147)
[2017.03.02-00.09.34:312][485]LogModuleManager: Shutting down and abandoning module ProfilerService (146)
[2017.03.02-00.09.34:445][485]LogModuleManager: Shutting down and abandoning module TaskGraph (145)
[2017.03.02-00.09.34:445][485]LogModuleManager: Shutting down and abandoning module SlateRemote (144)
[2017.03.02-00.09.34:445][485]LogModuleManager: Shutting down and abandoning module SteamVRController (143)
[2017.03.02-00.09.34:445][485]LogModuleManager: Shutting down and abandoning module SteamVR (142)
[2017.03.02-00.09.34:445][485]LogModuleManager: Shutting down and abandoning module ProceduralMeshComponentEditor (141)
[2017.03.02-00.09.34:445][485]LogModuleManager: Shutting down and abandoning module ProceduralMeshComponent (140)
[2017.03.02-00.09.34:445][485]LogModuleManager: Shutting down and abandoning module OculusLibrary (139)
[2017.03.02-00.09.34:445][485]LogModuleManager: Shutting down and abandoning module OculusInput (138)
[2017.03.02-00.09.34:446][485]LogModuleManager: Shutting down and abandoning module MobilePatchingUtils (137)
[2017.03.02-00.09.34:446][485]LogModuleManager: Shutting down and abandoning module CustomMeshComponent (136)
[2017.03.02-00.09.34:446][485]LogModuleManager: Shutting down and abandoning module CableComponent (135)
[2017.03.02-00.09.34:446][485]LogModuleManager: Shutting down and abandoning module ArchVisCharacter (134)
[2017.03.02-00.09.34:446][485]LogModuleManager: Shutting down and abandoning module MediaPlayerEditor (132)
[2017.03.02-00.09.34:446][485]LogModuleManager: Shutting down and abandoning module HTML5Networking (131)
[2017.03.02-00.09.34:446][485]LogModuleManager: Shutting down and abandoning module GeometryCacheEd (130)
[2017.03.02-00.09.34:446][485]LogModuleManager: Shutting down and abandoning module GeometryCache (129)
[2017.03.02-00.09.34:446][485]LogModuleManager: Shutting down and abandoning module AlembicLibrary (128)
[2017.03.02-00.09.34:446][485]LogModuleManager: Shutting down and abandoning module AlembicImporter (127)
[2017.03.02-00.09.34:446][485]LogModuleManager: Shutting down and abandoning module SuperSearch (126)
[2017.03.02-00.09.34:446][485]LogModuleManager: Shutting down and abandoning module SuperSearchEditor (125)
[2017.03.02-00.09.34:446][485]LogModuleManager: Shutting down and abandoning module SpeedTreeImporter (124)
[2017.03.02-00.09.34:446][485]LogModuleManager: Shutting down and abandoning module PluginBrowser (123)
[2017.03.02-00.09.34:446][485]LogModuleManager: Shutting down and abandoning module MobileLauncherProfileWizard (122)
[2017.03.02-00.09.34:446][485]LogModuleManager: Shutting down and abandoning module EpicSurvey (121)
[2017.03.02-00.09.34:446][485]LogModuleManager: Shutting down and abandoning module DesktopPlatform (120)
[2017.03.02-00.09.34:446][485]LogModuleManager: Shutting down and abandoning module VisualStudioSourceCodeAccess (119)
[2017.03.02-00.09.34:447][485]LogModuleManager: Shutting down and abandoning module UObjectPlugin (118)
[2017.03.02-00.09.34:447][485]LogModuleManager: Shutting down and abandoning module SubversionSourceControl (117)
[2017.03.02-00.09.34:447][485]LogModuleManager: Shutting down and abandoning module PerforceSourceControl (116)
[2017.03.02-00.09.34:447][485]LogModuleManager: Shutting down and abandoning module SourceControl (115)
[2017.03.02-00.09.34:447][485]LogModuleManager: Shutting down and abandoning module GitSourceControl (114)
[2017.03.02-00.09.34:447][485]LogModuleManager: Shutting down and abandoning module LightPropagationVolumeEditor (113)
[2017.03.02-00.09.34:447][485]LogModuleManager: Shutting down and abandoning module PaperTiledImporter (112)
[2017.03.02-00.09.34:447][485]LogModuleManager: Shutting down and abandoning module PaperSpriteSheetImporter (111)
[2017.03.02-00.09.34:447][485]LogModuleManager: Shutting down and abandoning module MeshPaint (110)
[2017.03.02-00.09.34:447][485]LogModuleManager: Shutting down and abandoning module PixelInspectorModule (109)
[2017.03.02-00.09.34:447][485]LogModuleManager: Shutting down and abandoning module HotReload (108)
[2017.03.02-00.09.34:447][485]LogModuleManager: Shutting down and abandoning module MainFrame (107)
[2017.03.02-00.09.34:447][485]LogModuleManager: Shutting down and abandoning module LevelEditor (106)
[2017.03.02-00.09.34:449][485]LogModuleManager: Shutting down and abandoning module ContentBrowser (105)
[2017.03.02-00.09.34:451][485]LogModuleManager: Shutting down and abandoning module Paper2DEditor (104)
[2017.03.02-00.09.34:451][485]LogModuleManager: Shutting down and abandoning module UdpMessaging (103)
[2017.03.02-00.09.34:553][485]LogModuleManager: Shutting down and abandoning module TcpMessaging (102)
[2017.03.02-00.09.34:654][485]LogModuleManager: Shutting down and abandoning module LightPropagationVolumeRuntime (101)
[2017.03.02-00.09.34:654][485]LogModuleManager: Shutting down and abandoning module Paper2D (100)
[2017.03.02-00.09.34:654][485]LogModuleManager: Shutting down and abandoning module WindowsMoviePlayer (99)
[2017.03.02-00.09.34:654][485]LogModuleManager: Shutting down and abandoning module WmfMedia (98)
[2017.03.02-00.09.34:654][485]LogModuleManager: Shutting down and abandoning module MediaAssets (97)
[2017.03.02-00.09.34:654][485]LogModuleManager: Shutting down and abandoning module GameLiveStreaming (96)
[2017.03.02-00.09.34:654][485]LogModuleManager: Shutting down and abandoning module GameplayTagsEditor (95)
[2017.03.02-00.09.34:654][485]LogModuleManager: Shutting down and abandoning module VREditor (94)
[2017.03.02-00.09.34:654][485]LogModuleManager: Shutting down and abandoning module GameplayTasksEditor (93)
[2017.03.02-00.09.34:654][485]LogModuleManager: Shutting down and abandoning module BehaviorTreeEditor (92)
[2017.03.02-00.09.34:654][485]LogModuleManager: Shutting down and abandoning module FunctionalTesting (91)
[2017.03.02-00.09.34:654][485]LogModuleManager: Shutting down and abandoning module CollisionAnalyzer (90)
[2017.03.02-00.09.34:654][485]LogModuleManager: Shutting down and abandoning module Sequencer (89)
[2017.03.02-00.09.34:655][485]LogModuleManager: Shutting down and abandoning module WorkspaceMenuStructure (88)
[2017.03.02-00.09.34:655][485]LogModuleManager: Shutting down and abandoning module MessageLog (87)
[2017.03.02-00.09.34:655][485]LogModuleManager: Shutting down and abandoning module AssetTools (86)
[2017.03.02-00.09.34:655][485]LogModuleManager: Shutting down and abandoning module UMGEditor (85)
[2017.03.02-00.09.34:655][485]LogModuleManager: Shutting down and abandoning module UMG (84)
[2017.03.02-00.09.34:655][485]LogModuleManager: Shutting down and abandoning module SlateReflector (83)
[2017.03.02-00.09.34:655][485]LogModuleManager: Shutting down and abandoning module Slate (82)
[2017.03.02-00.09.34:655][485]LogModuleManager: Shutting down and abandoning module EditorStyle (81)
[2017.03.02-00.09.34:661][485]LogModuleManager: Shutting down and abandoning module SourceCodeAccess (80)
[2017.03.02-00.09.34:661][485]LogModuleManager: Shutting down and abandoning module HeadMountedDisplay (79)
[2017.03.02-00.09.34:661][485]LogModuleManager: Shutting down and abandoning module XAudio2 (78)
[2017.03.02-00.09.34:661][485]LogModuleManager: Shutting down and abandoning module Networking (76)
[2017.03.02-00.09.34:661][485]LogModuleManager: Shutting down and abandoning module Core (75)
[2017.03.02-00.09.34:661][485]LogModuleManager: Shutting down and abandoning module DirectoryWatcher (74)
[2017.03.02-00.09.34:661][485]LogDirectoryWatcher: A directory notification for '../../../Engine/Content/' was aborted.
[2017.03.02-00.09.34:662][485]LogDirectoryWatcher: A directory notification for 'D:/Steven/OneDrive - umich.edu/CIS/CIS 488/Github Repository/TheCursedBlade/Cursed_Blade/Content/' was aborted.
[2017.03.02-00.09.34:663][485]LogDirectoryWatcher: A directory notification for '../../../Engine/Plugins/2D/Paper2D/Content/' was aborted.
[2017.03.02-00.09.34:667][485]LogModuleManager: Shutting down and abandoning module AssetRegistry (73)
[2017.03.02-00.09.34:765][485]LogModuleManager: Shutting down and abandoning module KismetCompiler (72)
[2017.03.02-00.09.34:765][485]LogModuleManager: Shutting down and abandoning module PhysXFormats (71)
[2017.03.02-00.09.34:765][485]LogModuleManager: Shutting down and abandoning module SimplygonSwarm (70)
[2017.03.02-00.09.34:765][485]LogModuleManager: Shutting down and abandoning module SimplygonMeshReduction (69)
[2017.03.02-00.09.34:765][485]LogModuleManager: Shutting down and abandoning module QuadricMeshReduction (68)
[2017.03.02-00.09.34:765][485]LogModuleManager: Shutting down and abandoning module PropertyEditor (67)
[2017.03.02-00.09.34:765][485]LogModuleManager: Shutting down and abandoning module MeshUtilities (66)
[2017.03.02-00.09.34:765][485]LogModuleManager: Shutting down and abandoning module DerivedDataCache (65)
[2017.03.02-00.09.34:822][485]LogDerivedDataCache: Shutdown
[2017.03.02-00.09.34:822][485]LogModuleManager: Shutting down and abandoning module VulkanShaderFormat (64)
[2017.03.02-00.09.34:822][485]LogModuleManager: Shutting down and abandoning module ShaderFormatOpenGL (63)
[2017.03.02-00.09.34:822][485]LogModuleManager: Shutting down and abandoning module ShaderFormatD3D (62)
[2017.03.02-00.09.34:822][485]LogModuleManager: Shutting down and abandoning module MetalShaderFormat (61)
[2017.03.02-00.09.34:822][485]LogModuleManager: Shutting down and abandoning module TextureFormatUncompressed (60)
[2017.03.02-00.09.34:822][485]LogModuleManager: Shutting down and abandoning module TextureFormatPVR (59)
[2017.03.02-00.09.34:823][485]LogModuleManager: Shutting down and abandoning module TextureFormatDXT (58)
[2017.03.02-00.09.34:823][485]LogModuleManager: Shutting down and abandoning module TextureFormatIntelISPCTexComp (57)
[2017.03.02-00.09.34:823][485]LogModuleManager: Shutting down and abandoning module ImageWrapper (56)
[2017.03.02-00.09.34:823][485]LogModuleManager: Shutting down and abandoning module TextureFormatASTC (55)
[2017.03.02-00.09.34:823][485]LogModuleManager: Shutting down and abandoning module TextureFormatAndroid (54)
[2017.03.02-00.09.34:823][485]LogModuleManager: Shutting down and abandoning module AudioFormatOpus (53)
[2017.03.02-00.09.34:823][485]LogModuleManager: Shutting down and abandoning module AudioFormatOgg (52)
[2017.03.02-00.09.34:823][485]LogModuleManager: Shutting down and abandoning module AudioFormatADPCM (51)
[2017.03.02-00.09.34:823][485]LogModuleManager: Shutting down and abandoning module LinuxTargetPlatform (50)
[2017.03.02-00.09.34:823][485]LogModuleManager: Shutting down and abandoning module LinuxServerTargetPlatform (49)
[2017.03.02-00.09.34:823][485]LogModuleManager: Shutting down and abandoning module LinuxNoEditorTargetPlatform (48)
[2017.03.02-00.09.34:823][485]LogModuleManager: Shutting down and abandoning module LinuxClientTargetPlatform (47)
[2017.03.02-00.09.34:823][485]LogModuleManager: Shutting down and abandoning module TVOSTargetPlatform (46)
[2017.03.02-00.09.34:823][485]LogModuleManager: Shutting down and abandoning module Messaging (45)
[2017.03.02-00.09.34:823][485]LogModuleManager: Shutting down and abandoning module IOSTargetPlatform (44)
[2017.03.02-00.09.34:823][485]LogModuleManager: Shutting down and abandoning module HTML5TargetPlatform (43)
[2017.03.02-00.09.34:823][485]LogModuleManager: Shutting down and abandoning module Android_PVRTCTargetPlatform (42)
[2017.03.02-00.09.34:823][485]LogModuleManager: Shutting down and abandoning module Android_MultiTargetPlatform (41)
[2017.03.02-00.09.34:823][485]LogModuleManager: Shutting down and abandoning module Android_ETC2TargetPlatform (40)
[2017.03.02-00.09.34:823][485]LogModuleManager: Shutting down and abandoning module Android_ETC1TargetPlatform (39)
[2017.03.02-00.09.34:823][485]LogModuleManager: Shutting down and abandoning module Android_DXTTargetPlatform (38)
[2017.03.02-00.09.34:823][485]LogModuleManager: Shutting down and abandoning module Android_ATCTargetPlatform (37)
[2017.03.02-00.09.34:823][485]LogModuleManager: Shutting down and abandoning module Android_ASTCTargetPlatform (36)
[2017.03.02-00.09.34:823][485]LogModuleManager: Shutting down and abandoning module AndroidTargetPlatform (35)
[2017.03.02-00.09.34:823][485]LogModuleManager: Shutting down and abandoning module WindowsTargetPlatform (34)
[2017.03.02-00.09.34:823][485]LogModuleManager: Shutting down and abandoning module WindowsServerTargetPlatform (33)
[2017.03.02-00.09.34:823][485]LogModuleManager: Shutting down and abandoning module WindowsNoEditorTargetPlatform (32)
[2017.03.02-00.09.34:823][485]LogModuleManager: Shutting down and abandoning module WindowsClientTargetPlatform (31)
[2017.03.02-00.09.34:823][485]LogModuleManager: Shutting down and abandoning module MacTargetPlatform (30)
[2017.03.02-00.09.34:823][485]LogModuleManager: Shutting down and abandoning module MacServerTargetPlatform (29)
[2017.03.02-00.09.34:823][485]LogModuleManager: Shutting down and abandoning module MacNoEditorTargetPlatform (28)
[2017.03.02-00.09.34:823][485]LogModuleManager: Shutting down and abandoning module MacClientTargetPlatform (27)
[2017.03.02-00.09.34:823][485]LogModuleManager: Shutting down and abandoning module AllDesktopTargetPlatform (26)
[2017.03.02-00.09.34:823][485]LogModuleManager: Shutting down and abandoning module TargetPlatform (25)
[2017.03.02-00.09.34:824][485]LogModuleManager: Shutting down and abandoning module InputCore (24)
[2017.03.02-00.09.34:824][485]LogModuleManager: Shutting down and abandoning module Settings (23)
[2017.03.02-00.09.34:824][485]LogModuleManager: Shutting down and abandoning module OculusRift (22)
[2017.03.02-00.09.34:824][485]LogModuleManager: Shutting down and abandoning module ExampleDeviceProfileSelector (21)
[2017.03.02-00.09.34:824][485]LogModuleManager: Shutting down and abandoning module OnlineBlueprintSupport (20)
[2017.03.02-00.09.34:824][485]LogModuleManager: Shutting down and abandoning module OnlineSubsystem (18)
[2017.03.02-00.09.34:824][485]LogOnline:Display: Unloading online subsystem: NULL
[2017.03.02-00.09.34:824][485]LogModuleManager: Shutting down and abandoning module SSL (17)
[2017.03.02-00.09.34:827][485]LogModuleManager: Shutting down and abandoning module HTTP (16)
[2017.03.02-00.09.34:827][485]LogModuleManager: Shutting down and abandoning module XMPP (15)
[2017.03.02-00.09.34:827][485]LogModuleManager: Shutting down and abandoning module TextureCompressor (14)
[2017.03.02-00.09.34:828][485]LogModuleManager: Shutting down and abandoning module ShaderCore (13)
[2017.03.02-00.09.34:828][485]LogModuleManager: Shutting down and abandoning module Landscape (12)
[2017.03.02-00.09.34:828][485]LogModuleManager: Shutting down and abandoning module SlateRHIRenderer (11)
[2017.03.02-00.09.34:841][485]LogModuleManager: Shutting down and abandoning module OpenGLDrv (10)
[2017.03.02-00.09.34:841][485]LogModuleManager: Shutting down and abandoning module D3D11RHI (9)
[2017.03.02-00.09.34:841][485]LogModuleManager: Shutting down and abandoning module AnimGraphRuntime (8)
[2017.03.02-00.09.34:841][485]LogModuleManager: Shutting down and abandoning module Renderer (7)
[2017.03.02-00.09.34:841][485]LogModuleManager: Shutting down and abandoning module Engine (6)
[2017.03.02-00.09.34:841][485]LogModuleManager: Shutting down and abandoning module CoreUObject (5)
[2017.03.02-00.09.34:841][485]LogModuleManager: Shutting down and abandoning module NetworkFile (4)
[2017.03.02-00.09.34:841][485]LogModuleManager: Shutting down and abandoning module StreamingFile (3)
[2017.03.02-00.09.34:841][485]LogModuleManager: Shutting down and abandoning module SandboxFile (2)
[2017.03.02-00.09.34:841][485]LogModuleManager: Shutting down and abandoning module PakFile (1)
[2017.03.02-00.09.34:843][485]LogExit: Exiting.
[2017.03.02-00.09.34:851][485]Log file closed, 03/01/17 19:09:34
